Version identifier: 22.1.1.0 | 2022-11-28 | 9160aff4d
CPXPARAM_TimeLimit                               20400
Tried aggregator 1 time.
MIP Presolve eliminated 17864 rows and 10522 columns.
MIP Presolve modified 11685 coefficients.
Reduced MIP has 10463 rows, 17100 columns, and 56176 nonzeros.
Reduced MIP has 8623 binaries, 8477 generals, 0 SOSs, and 0 indicators.
Presolve time = 0.10 sec. (57.05 ticks)
Probing fixed 103 vars, tightened 19 bounds.
Probing changed sense of 13 constraints.
Probing time = 0.28 sec. (61.71 ticks)
Cover probing fixed 0 vars, tightened 1 bounds.
Tried aggregator 1 time.
Detecting symmetries...
MIP Presolve eliminated 375 rows and 393 columns.
MIP Presolve modified 22 coefficients.
Reduced MIP has 10088 rows, 16707 columns, and 54520 nonzeros.
Reduced MIP has 8519 binaries, 8188 generals, 0 SOSs, and 0 indicators.
Presolve time = 0.09 sec. (49.30 ticks)
Probing fixed 137 vars, tightened 0 bounds.
Probing time = 0.17 sec. (55.82 ticks)
Cover probing fixed 81 vars, tightened 214 bounds.
Clique table members: 15026.
MIP emphasis: balance optimality and feasibility.
MIP search method: dynamic search.
Parallel mode: deterministic, using up to 32 threads.
Root relaxation solution time = 3.97 sec. (402.27 ticks)

        Nodes                                         Cuts/
   Node  Left     Objective  IInf  Best Integer    Best Bound    ItCnt     Gap

      0     0      970.4616   206                    970.4616       26         
      0     0     1034.4260   354                   Cuts: 294     1147         
      0     0     1049.4744   391                   Cuts: 173     1831         
      0     0     1054.5815   430                   Cuts: 111     2365         
      0     0     1057.5816   411                    Cuts: 88     2877         
      0     0     1060.1322   422                    Cuts: 76     3304         
Detecting symmetries...
      0     0     1060.6624   386                    Cuts: 50     3430         
      0     0     1061.2837   389                    Cuts: 38     3578         
      0     0     1061.4452   381                    Cuts: 27     3625         
      0     0     1061.8108   407                     Cuts: 6     3720         
      0     0     1067.8422   403                    Cuts: 10     4026         
      0     0     1068.6050   391                    Cuts: 26     4217         
      0     0     1068.6648   405                    Cuts: 12     4251         
      0     0     1069.0317   422                    Cuts: 22     4371         
      0     0     1069.1217   388                    Cuts: 15     4446         
      0     0     1069.1365   383                     Cuts: 2     4458         
Detecting symmetries...
      0     2     1069.1365   383                   1069.1365     4458         
Elapsed time = 18.94 sec. (7577.73 ticks, tree = 0.02 MB, solutions = 0)
      1     3     1107.1648   390                   1069.1626     5325         
      9    10     1073.1975   397                   1069.6386     5911         
     18    18     1122.7460   401                   1069.6386     6964         
     41    27     1136.3662   366                   1073.2918    16105         
     71    41     1161.0771   396                   1082.7407    45288         
    110    58     1140.6238   309                   1093.9219    87212         
    129    79    infeasible                         1093.9219   137851         
    143   112     1198.5271   383                   1107.4148   164232         
    228   111     1214.3548   287                   1107.4148   172893         
    579   196     1260.4378   385                   1107.4148   238205         
Elapsed time = 35.87 sec. (10893.57 ticks, tree = 0.49 MB, solutions = 0)
    897   340     1191.7758   288                   1107.8179   295722         
   1202   542    infeasible                         1108.8968   415059         
   1301   555    infeasible                         1108.8968   469002         
   1486   573     1318.9569   369                   1110.7453   516443         
   1724   655     1156.0806   400                   1110.7453   584127         
   1975   721     1150.8427   372                   1110.7453   622562         
   2183   830    infeasible                         1110.7453   679879         
   2248   899     1151.5489   386                   1110.7453   708925         
   2447   981     1725.0591   370                   1113.5469   832594         
   2852  1104     1793.9095   341                   1114.5810   923519         
Elapsed time = 78.32 sec. (20478.96 ticks, tree = 6.37 MB, solutions = 0)
   3327  1397     1788.0874   351                   1114.5810   979623         
   3958  1583     1853.1719   328                   1114.5810  1033986         
   4606  2293     1897.9333   306                   1114.5810  1153209         
   5145  2606     1836.8849   373                   1114.5810  1184417         
   5372  2988    infeasible                         1114.5810  1251055         
   5601  3403     1782.8763   321                   1123.8760  1350785         
   6242  3482     2063.0874   354                   1123.8760  1368861         
   6890  4115     1184.9744   411                   1123.8760  1473290         
   7535  4376     1878.8647   249                   1123.8760  1497263         
   8169  4682     2072.9801   310                   1123.8760  1532428         
Elapsed time = 122.22 sec. (30041.06 ticks, tree = 219.77 MB, solutions = 0)
   8412  4939     1288.0980   382                   1123.8760  1576518         

Performing restart 1

Repeating presolve.
Tried aggregator 1 time.
MIP Presolve eliminated 137 rows and 325 columns.
MIP Presolve modified 444 coefficients.
Reduced MIP has 9951 rows, 16382 columns, and 53596 nonzeros.
Reduced MIP has 8286 binaries, 8096 generals, 0 SOSs, and 0 indicators.
Presolve time = 0.08 sec. (41.65 ticks)
Tried aggregator 1 time.
MIP Presolve eliminated 36 rows and 46 columns.
MIP Presolve modified 268 coefficients.
Reduced MIP has 9915 rows, 16336 columns, and 53451 nonzeros.
Reduced MIP has 8272 binaries, 8064 generals, 0 SOSs, and 0 indicators.
Presolve time = 0.07 sec. (35.79 ticks)
Represolve time = 0.65 sec. (188.92 ticks)
   8418     0     1132.2030   576                   Cuts: 251  1695733         
   8418     0     1160.6126   597                   Cuts: 242  1697573         
   8418     0     1174.6235   607                   Cuts: 327  1698721         
   8418     0     1186.1188   630                   Cuts: 277  1700043         
   8418     0     1192.9829   654                   Cuts: 248  1700613         
   8418     0     1206.8646   664                   Cuts: 199  1702478         
   8418     0     1213.5948   655                   Cuts: 350  1703217         
   8418     0     1215.9040   697                   Cuts: 175  1703709         
   8418     0     1220.7152   678                   Cuts: 158  1704194         
   8418     0     1222.2002   702                   Cuts: 176  1704542         
   8418     0     1223.7122   681                   Cuts: 106  1704877         
   8418     0     1224.3386   710                   Cuts: 122  1705288         
   8418     0     1224.8896   729                    Cuts: 75  1705591         
   8418     0     1225.6293   717                    Cuts: 98  1705866         
   8418     0     1229.3200   715                    Cuts: 85  1706485         
   8418     0     1230.5821   714                   Cuts: 176  1706773         
   8418     0     1231.6122   734                   Cuts: 109  1707111         
   8418     0     1232.2882   746                    Cuts: 77  1707431         
   8418     0     1232.8410   733                    Cuts: 94  1707725         
   8418     0     1233.0629   720                    Cuts: 61  1708009         
   8418     0     1233.4359   739                    Cuts: 36  1708200         
   8418     0     1233.5199   728                    Cuts: 97  1708311         
   8418     0     1233.7604   737                    Cuts: 46  1708454         
   8418     0     1233.9185   743                    Cuts: 38  1708586         
   8418     0     1233.9494   739                    Cuts: 27  1708645         
   8418     0     1233.9803   725                    Cuts: 30  1708708         
   8418     2     1233.9803   725                   1233.9803  1708708         
   8419     3     1237.5094   673                   1237.5256  1709931         
   8421     4     1238.8089   656                   1238.8246  1710148         
   8423     4     1257.3164   673                   1238.8246  1711206         
   8425     6     1252.8356   550                   1238.8246  1712417         
   8426     6     1239.9788   685                   1239.9903  1711782         
   8427     7     1248.6402   643                   1239.9903  1712483         
   8434     8     1274.0114   615                   1245.2078  1714238         
   8436    12     1258.7678   583                   1245.2078  1717002         
Elapsed time = 221.70 sec. (92004.77 ticks, tree = 0.02 MB, solutions = 0)
   8439    14     1318.3908   455                   1245.2078  1719112         
   8444    16     1251.9721   695                   1245.2537  1722113         
   8451    15     1313.5742   501                   1245.2537  1719672         
   8455    29    infeasible                         1245.2537  1746546         
   8466    22     1285.9410   475                   1245.2537  1727948         
   8484    33     1292.2902   650                   1245.4633  1748160         
   8501    33     1372.2398   535                   1245.4633  1752988         
   8521    56     1300.0755   685                   1251.2539  1941925         
   8538    72    infeasible                         1251.2539  2059325         
   8575    67    infeasible                         1251.2539  2006013         
Elapsed time = 269.08 sec. (102162.43 ticks, tree = 0.43 MB, solutions = 0)
   8596    83     1449.0175   605                   1251.2539  2108669         
   8624    72     1445.8910   534                   1251.2539  2081066         
   8656    98     1304.0367   618                   1251.2539  2122425         
   8707   111     1332.6239   582                   1251.2539  2142682         
   8768   194     1329.1473   515                   1251.2539  2244466         
   8864   193     1299.6040   509                   1251.2539  2235184         
   8964   221     1412.4280   421                   1251.2539  2270813         
   9057   250     1345.6537   568                   1251.2539  2291069         
   9154   337     1429.7839   542                   1251.2539  2338640         
   9244   392     1262.3432   599                   1251.2539  2358710         
Elapsed time = 313.41 sec. (111839.41 ticks, tree = 8.11 MB, solutions = 0)
   9298   595     1388.4807   592                   1251.2539  2427446         
   9333   640     1340.4194   683                   1251.9766  2453906         
   9371   535     1332.4672   485                   1251.9766  2398916         
   9405   650    infeasible                         1251.9766  2508191         
   9441   634     1629.6556   516                   1251.9766  2443616         
   9476   652     1283.1126   522                   1251.9766  2509304         
   9513   672     1310.9424   568                   1251.9766  2550584         
   9567   685     1298.4705   584                   1251.9766  2561863         
   9613   685    infeasible                         1251.9766  2601072         
   9658   694     1424.7662   514                   1251.9766  2602796         
Elapsed time = 368.45 sec. (121517.42 ticks, tree = 11.22 MB, solutions = 0)
   9724   721     1321.6250   563                   1251.9766  2692294         
   9819   727     1554.5255   476                   1251.9766  2698842         
   9907   759     1412.2616   577                   1251.9766  2766532         
  10060   776     1417.6902   508                   1256.6878  2767459         
  10215   782     1272.8301   597                   1256.6878  2795950         
  10358   754     1412.7283   520                   1260.6997  2756286         
  10493   873     1283.4516   519                   1260.6997  2837896         
  10636  1070     1538.3802   542                   1260.6997  2897548         
  10771  1001     1300.0520   712                   1268.5098  2886608         
  10866  1003     1428.5915   651                   1268.5098  2887926         
Elapsed time = 416.87 sec. (131153.53 ticks, tree = 15.94 MB, solutions = 0)
  10930  1192     1329.4916   631                   1268.5098  2946353         
  10999  1143     1453.2341   658                   1268.5098  2922532         
  11038  1487     1303.5790   557                   1271.2836  3035812         
  11086  1490     1310.0827   627                   1271.2836  3036355         
  11124  1594     1303.4120   625                   1271.2836  3135455         
  11167  1565    infeasible                         1271.2836  3070402         
  11212  1579     1310.2155   518                   1272.0779  3077151         
  11256  1607     1325.6496   513                   1272.0779  3235323         
  11297  1606     1718.2936   516                   1272.0779  3217749         
  11335  1608     1841.3074   348                   1274.7193  3198590         
Elapsed time = 470.67 sec. (141051.57 ticks, tree = 50.13 MB, solutions = 0)
  11383  1673     1434.0987   565                   1274.7193  3327117         
  11453  1630    infeasible                         1274.7193  3251681         
  11509  1632    infeasible                         1275.5002  3264591         
  11598  1681     1288.2448   666                   1275.5002  3361822         
  11685  1724     1298.2921   645                   1275.5002  3428874         
  11803  1732     1300.8690   639                   1275.5002  3499873         
  11930  1765     1355.4881   649                   1275.5002  3514395         
  12080  1785     1542.1428   430                   1275.5002  3541972         
  12222  1718     1556.0452   490                   1275.5002  3409830         
  12822  1873     1340.7710   669                   1278.7350  3576848         
Elapsed time = 534.56 sec. (153520.68 ticks, tree = 55.79 MB, solutions = 0)
  13026  2150     1346.5107   612                   1285.2219  3717463         
  13211  2723    infeasible                         1285.7973  3943435         
  13392  2720     1518.9884   433                   1288.1089  4166822         
  13565  2799     1878.8602   426                   1288.2328  4282787         
  13746  2799    infeasible                         1291.6093  4355283         
  13899  2827     1308.5718   628                   1291.6214  4584178         
  14062  2815     1815.0236   440                   1293.6715  4527428         
  14223  2840     1592.1656   499                   1293.6715  4810910         
  14300  2845     1457.0661   479                   1293.6715  4828975         

Performing restart 2

Repeating presolve.
Tried aggregator 1 time.
MIP Presolve eliminated 54 rows and 73 columns.
MIP Presolve modified 216 coefficients.
Reduced MIP has 9861 rows, 16263 columns, and 59116 nonzeros.
Reduced MIP has 8253 binaries, 8010 generals, 0 SOSs, and 0 indicators.
Presolve time = 0.07 sec. (30.28 ticks)
Tried aggregator 1 time.
MIP Presolve eliminated 129 rows and 160 columns.
MIP Presolve modified 735 coefficients.
Reduced MIP has 9732 rows, 16103 columns, and 58727 nonzeros.
Reduced MIP has 8222 binaries, 7881 generals, 0 SOSs, and 0 indicators.
Presolve time = 0.11 sec. (54.90 ticks)
Represolve time = 1.41 sec. (445.50 ticks)
  14303     0     1237.0121   767                   Cuts: 108  5081450         
  14303     0     1238.6379   710                    Cuts: 83  5081906         
  14303     0     1239.9585   751                   Cuts: 123  5082272         
  14303     0     1240.7770   753                    Cuts: 91  5082586         
  14303     0     1241.5467   752                    Cuts: 90  5082877         
  14303     0     1241.9992   755                   Cuts: 127  5083117         
  14303     0     1242.5089   789                    Cuts: 63  5083349         

Repeating presolve.
Tried aggregator 1 time.
MIP Presolve eliminated 297 rows and 403 columns.
MIP Presolve modified 1415 coefficients.
Reduced MIP has 9435 rows, 15700 columns, and 63010 nonzeros.
Reduced MIP has 8116 binaries, 7584 generals, 0 SOSs, and 0 indicators.
Presolve time = 0.10 sec. (49.11 ticks)
Tried aggregator 1 time.
MIP Presolve eliminated 396 rows and 510 columns.
MIP Presolve modified 2770 coefficients.
Reduced MIP has 9039 rows, 15190 columns, and 61521 nonzeros.
Reduced MIP has 8002 binaries, 7188 generals, 0 SOSs, and 0 indicators.
Presolve time = 0.09 sec. (48.17 ticks)
Tried aggregator 1 time.
MIP Presolve eliminated 44 rows and 87 columns.
MIP Presolve modified 3 coefficients.
Reduced MIP has 8995 rows, 15103 columns, and 61132 nonzeros.
Reduced MIP has 7959 binaries, 7144 generals, 0 SOSs, and 0 indicators.
Presolve time = 0.08 sec. (39.19 ticks)
Represolve time = 1.94 sec. (760.99 ticks)
  14303     0     1244.3711   752                   Cuts: 200  5101666         
  14303     0     1246.2797   673                   Cuts: 135  5102236         
  14303     0     1247.2025   740                   Cuts: 154  5102698         
  14303     0     1248.2189   744                   Cuts: 105  5103097         
  14303     0     1248.7448   773                   Cuts: 122  5103417         
  14303     0     1249.0227   806                   Cuts: 100  5103689         
  14303     0     1249.4558   795                    Cuts: 48  5103992         
  14303     0     1249.8019   776                    Cuts: 96  5104221         
  14303     0     1250.0925   686                    Cuts: 91  5104478         
  14303     0     1250.1735   772                    Cuts: 60  5104636         
  14303     2     1250.1735   772                   1293.6715  5104636         
Elapsed time = 840.69 sec. (257718.43 ticks, tree = 0.02 MB, solutions = 0)
  14304     3     1256.3109   699                   1293.6715  5105909         
  14311     4     1265.9758   634                   1293.6715  5110991         
  14316     9     1309.9706   502                   1293.6715  5115279         
  14323    11     1300.2688   630                   1293.6715  5121911         
  14332    11     1286.3719   628                   1293.6715  5132875         
  14346    15     1318.4902   564                   1293.6715  5168250         
  14415    38    infeasible                         1293.6715  5296431         
  14524    42     1348.4346   565                   1293.6715  5326054         
  14651    99     1308.1637   583                   1293.6715  5407932         
  14820   165     1291.4625   676                   1293.6715  5499468         
Elapsed time = 1005.87 sec. (299788.00 ticks, tree = 2.81 MB, solutions = 0)
  14955   223     1310.8183   712                   1293.6715  5600404         
  15153   306     1320.1754   727                   1293.6715  5763384         
  15376   404    infeasible                         1293.6715  5900287         
  15632   589     1490.3159   549                   1293.6715  6039295         
  15786   695     1450.9753   604                   1293.6715  6220500         
  15916   659     1501.0697   492                   1293.6715  6137353         
  16077   708     1332.0122   657                   1293.6715  6410926         
  16244   714    infeasible                         1293.6715  6576883         
  16411   771    infeasible                         1293.6715  6674871         
  16576   797     1310.9343   778                   1293.6715  6844036         
Elapsed time = 1271.34 sec. (338183.50 ticks, tree = 26.55 MB, solutions = 0)
  16732   830     1318.2071   698                   1293.6715  6991982         
  16873   832     1319.3972   696                   1293.6715  6994430         
  17020   848     1339.7070   686                   1293.6715  7235441         
  17172   841     1334.0206   732                   1293.6715  7216890         
  17318   843     1756.7959   458                   1293.6715  7408611         
  17454   890    infeasible                         1293.6715  7704851         
  17586   873    infeasible                         1293.6715  7830622         
  17720   869    infeasible                         1295.6536  8047036         
  17877   851     1327.6910   736                   1295.6536  8285687         
  17993   866    infeasible                         1296.2469  8114995         
Elapsed time = 1537.57 sec. (376635.85 ticks, tree = 24.75 MB, solutions = 0)
  18112   872     1358.9183   648                   1296.2469  8239244         
  18256   821    infeasible                         1296.2469  8389278         
  18413   785    infeasible                         1296.2469  8660490         
  18541   743    infeasible                         1296.2469  8840599         
  18697   682    infeasible                         1296.2469  9096855         
  18835   684    infeasible                         1296.2469  8965411         
  18990   653    infeasible                         1313.9489  9166227         
  19154   514    infeasible                         1313.9489  9593400         
  19324   523    infeasible                         1313.9489  9531693         
  19470   408     1499.1512   604                   1347.6440  9876761         
Elapsed time = 1781.99 sec. (414997.72 ticks, tree = 11.29 MB, solutions = 0)
  19617   318    infeasible                         1347.6440 10133343         
  19784   206    infeasible                         1385.9527 10290198         
  19915    41    infeasible                         1481.1716 10624414         
  19966    50     1626.1979   547                   1481.1716 10627045         
  19990    18     2370.6425   318                   1566.0769 10768046         
  20023    10    infeasible                         1594.1609 10798113         
  20072    43     2462.8162   257                   2355.1160 10811377         
  20783    67     2363.3179   272                   2355.1160 10811984         
  21408    78     2434.6013   244                   2355.1160 10812771         
  22158  1330     2494.8475   245                   2356.5836 10875838         
Elapsed time = 1950.13 sec. (453666.17 ticks, tree = 15.21 MB, solutions = 0)
  23265   597     2491.4651   305                   2356.5836 10837061         
  24323  1681     2499.7494   235                   2356.5836 10893060         
* 24474+ 1130                         2847.8230     2356.5836            17.25%
* 26245+ 2030                         2730.7584     2356.5836            13.70%
  26452  3905     2579.0240   139     2730.7584     2356.5836 11021722   13.70%
* 27795+ 4540                         2648.6598     2356.5836            11.03%
  28156  2034     2514.9884   174     2648.6598     2356.5836 10910103   11.03%
* 28888+ 7311                         2644.8302     2356.5836            10.90%
  30004  8364     2456.6582   265     2644.8302     2356.5836 11242133   10.90%
* 30512+ 8648                         2627.0074     2356.5836            10.29%
* 31778+ 8654                         2617.9185     2356.5836             9.98%
  32291  9200     2491.9363   162     2617.9185     2356.5836 11285615    9.98%
* 33550+11057                         2595.1607     2356.5836             9.19%
  35323 10937     2553.8953   158     2595.1607     2356.5836 11410223    9.19%
  39096 12470     2440.7162   234     2595.1607     2357.8565 11472234    9.14%
* 39820+11089                         2594.3319     2357.8565             9.12%
* 39829+11089                         2593.2283     2357.8565             9.08%
* 40590+12239                         2577.3195     2357.8565             8.52%
  43071 15003     2505.5835   153     2577.3195     2357.8565 11594008    8.52%
* 44097+17024                         2576.6535     2360.7392             8.38%
* 45934+18090                         2575.9532     2360.7392             8.35%
  47148 20779     2489.0393   144     2575.9532     2374.9865 11908942    7.80%
Elapsed time = 2148.98 sec. (491838.09 ticks, tree = 358.82 MB, solutions = 27)
* 48331+21747                         2558.8617     2374.9865             7.19%
* 48352+21733                         2550.5358     2374.9865             6.88%
* 48984+18929                         2524.8175     2374.9865             5.93%
* 51077+16041                         2511.9574     2375.0187             5.45%
  51902 21464     2477.5654   303     2511.9574     2375.0187 11939572    5.45%
  56697 16501     2499.2333   156     2511.9574     2377.0917 12199476    5.37%
  61666 17846     2441.2486   263     2511.9574     2377.0917 12284611    5.37%
* 64752+19909                         2510.5666     2380.7538             5.17%
  66770 24246     2461.2635   179     2510.5666     2381.2846 12564000    5.15%
  71901 30086     2482.3244   208     2510.5666     2383.3215 12822099    5.07%
* 72155+31148                         2509.1145     2383.3215             5.01%
* 72173+31143                         2506.8111     2383.3215             4.93%
* 76508+32171                         2506.3495     2386.8159             4.77%
  76613 34205     2497.6087   230     2506.3495     2386.8159 13064503    4.77%
* 76668+35293                         2504.7582     2386.8159             4.71%
* 77371+32822                         2502.8137     2386.8159             4.63%
* 78042+35797                         2500.6385     2386.8159             4.55%
* 79862+35807                         2499.2977     2388.7287             4.42%
  81218 35865     2488.0284   268     2499.2977     2391.4792 13293145    4.31%
* 81881+37062                         2495.7619     2391.4792             4.18%
  86410 38256     2473.4315   218     2495.7619     2393.2342 13544551    4.11%
  91595 40335     2418.2255   253     2495.7619     2396.4272 13653387    3.98%
  96775 42855     2481.9875   129     2495.7619     2397.3361 13764655    3.94%
Elapsed time = 2356.98 sec. (529990.63 ticks, tree = 729.88 MB, solutions = 61)
* 98061+46631                         2495.3620     2397.3361             3.93%
* 98076+46631                         2495.1780     2397.3361             3.92%
 101895 50649     2474.3075   184     2495.1780     2397.3361 14140960    3.92%
 106958 53432     2490.1213   246     2495.1780     2400.6339 14274602    3.79%
*108318+56675                         2494.9199     2400.6339             3.78%
 111709 55550     2466.2966   159     2494.9199     2400.6339 14362731    3.78%
*114389+61245                         2491.1823     2401.5284             3.60%
 116363 64461     2440.8136   244     2491.1823     2402.3939 14778385    3.56%
 121114 64237     2443.7379   260     2491.1823     2402.8671 14936200    3.55%
 126524 67254     2457.0773   218     2491.1823     2404.2817 15097878    3.49%
 131632 75765     2452.0015   122     2491.1823     2405.7093 15486822    3.43%
*136834+80309                         2485.5550     2405.7093             3.21%
 137076 78636     2462.9514   143     2485.5550     2405.7093 15629390    3.21%
 142062 80205     2453.4806   163     2485.5550     2406.4495 15706830    3.18%
*142860+79111                         2484.4883     2406.4495             3.14%
 146823 83908     2428.2817   252     2484.4883     2407.1644 16251763    3.11%
Elapsed time = 2562.38 sec. (568147.01 ticks, tree = 1457.91 MB, solutions = 71)
 151995 82297     2445.0726   191     2484.4883     2407.2745 16194225    3.11%
 157356 86580     2463.2756   236     2484.4883     2408.3579 16373806    3.06%
 162727 92614     2466.0421   140     2484.4883     2408.5640 16652442    3.06%
 168068 102669     2436.2014   245     2484.4883     2408.5640 17090853    3.06%
 173255 102607     2434.9663   197     2484.4883     2409.8877 17087450    3.00%
*175349+103582                         2484.2867     2410.0685             2.99%
 178444 105990     2473.5786   245     2484.2867     2410.4509 17240842    2.97%
*180565+110775                         2484.1744     2410.6002             2.96%
 183783 114358     2430.8443   153     2484.1744     2410.6073 17610616    2.96%
 189081 117986     2467.8737   102     2484.1744     2410.6073 17773425    2.96%
 193728 123437     2448.9434   150     2484.1744     2411.1584 18002699    2.94%
*195103+122250                         2483.6405     2411.1936             2.92%
 198574 128704     2465.8795   274     2483.6405     2411.1936 18256080    2.92%
Elapsed time = 2751.78 sec. (606301.47 ticks, tree = 2285.28 MB, solutions = 75)
Nodefile size = 234.59 MB (124.46 MB after compression)
 203133 132028     2439.0812   291     2483.6405     2411.6745 18390588    2.90%
 207982 136981     2479.6989   226     2483.6405     2411.7726 18608263    2.89%
 212762 140966     2436.7010   229     2483.6405     2411.7726 18796448    2.89%
 217597 143766     2445.7112   242     2483.6405     2412.5803 18911480    2.86%
 223086 149794     2462.2311   253     2483.6405     2412.7677 19179820    2.85%
 228046 155813     2449.7758   274     2483.6405     2412.7801 19451146    2.85%
 232437 163079     2450.4187   186     2483.6405     2412.7801 19746088    2.85%
 236879 165636     2471.0927   171     2483.6405     2412.7801 19855284    2.85%
*240477+167989                         2483.5736     2413.3872             2.83%
 241690 169013     2427.8154   243     2483.5736     2413.3872 20001491    2.83%
 246617 175831     2460.5318   163     2483.5736     2413.4600 20293497    2.82%
Elapsed time = 2934.01 sec. (644454.70 ticks, tree = 3167.45 MB, solutions = 76)
Nodefile size = 1116.86 MB (589.36 MB after compression)
 251689 176217     2454.3464   185     2483.5736     2413.6965 20308099    2.81%
 256717 186073     2424.8877   257     2483.5736     2413.7236 20741027    2.81%
 261377 190402     2445.5194   149     2483.5736     2413.7236 20927694    2.81%
 266073 191226     2448.1978   207     2483.5736     2413.8868 20964874    2.81%
 271022 197069     2467.3337   227     2483.5736     2414.1360 21221579    2.80%
 275893 204536     2436.3663   199     2483.5736     2414.1423 21519839    2.80%
 280938 207394     2467.5707   163     2483.5736     2414.2843 21631479    2.79%
 285825 209645     2429.9824   210     2483.5736     2414.3727 21725951    2.79%
 290789 217632     2476.7179   141     2483.5736     2414.5018 22059127    2.78%
 295777 223498     2448.8953   169     2483.5736     2414.6337 22317779    2.78%
Elapsed time = 3119.64 sec. (682614.93 ticks, tree = 4065.72 MB, solutions = 76)
Nodefile size = 2015.08 MB (1058.57 MB after compression)
 300566 226594     2454.8946   175     2483.5736     2414.7505 22439627    2.77%
 305654 229003     2426.0383   251     2483.5736     2414.7804 22532421    2.77%
 311107 238541     2472.3535   112     2483.5736     2414.8639 22937238    2.77%
 316198 242819     2438.0204   172     2483.5736     2415.0028 23103937    2.76%
 320934 247289     2472.8157   178     2483.5736     2415.0749 23284780    2.76%
 325762 249523     2432.4555   137     2483.5736     2415.0749 23372913    2.76%
 329978 256229     2470.9834   104     2483.5736     2415.0749 23637146    2.76%
 335178 260112     2423.2048   256     2483.5736     2415.2763 23789388    2.75%
 340523 263301     2456.6148   184     2483.5736     2415.2965 23926169    2.75%
 345326 268956     2462.3202   134     2483.5736     2415.2965 24154803    2.75%
Elapsed time = 3297.98 sec. (720768.12 ticks, tree = 4921.45 MB, solutions = 76)
Nodefile size = 2868.03 MB (1501.59 MB after compression)
 350701 275575     2457.8099   182     2483.5736     2415.5705 24442119    2.74%
 355966 277157     2475.5362   115     2483.5736     2415.5710 24514685    2.74%
 360383 285312     2460.6374   150     2483.5736     2415.6397 24824640    2.74%
 365393 287781     2475.9982   137     2483.5736     2415.7015 24921447    2.73%
 370504 294244     2428.9302   125     2483.5736     2415.7657 25174783    2.73%
 375749 300735     2478.8229   101     2483.5736     2415.7694 25434704    2.73%
 381001 301165     2439.0456   273     2483.5736     2415.7802 25450643    2.73%
 385985 310857     2447.1776   241     2483.5736     2415.7802 25825577    2.73%
 390228 314467     2457.7482   161     2483.5736     2415.7802 25964134    2.73%
 395294 317463     2470.9840   132     2483.5736     2415.9079 26087951    2.72%
Elapsed time = 3478.04 sec. (758928.60 ticks, tree = 5837.49 MB, solutions = 76)
Nodefile size = 3785.25 MB (1975.75 MB after compression)
 400662 321985     2474.6265   152     2483.5736     2415.9673 26264050    2.72%
 405733 327873        cutoff           2483.5736     2416.0762 26510643    2.72%
 410831 335260     2446.0373   271     2483.5736     2416.0945 26817785    2.72%
 416004 335939     2470.0740   167     2483.5736     2416.1221 26840036    2.72%
 421042 345290     2452.9219   103     2483.5736     2416.1684 27234277    2.71%
 426188 347895     2482.4786   151     2483.5736     2416.1892 27354665    2.71%
 431494 355717     2460.2363   201     2483.5736     2416.2480 27669045    2.71%
 436819 360231     2453.3173   270     2483.5736     2416.2849 27839792    2.71%
 441796 361021     2440.2100   117     2483.5736     2416.3145 27869194    2.71%
 446968 369657     2432.2947   136     2483.5736     2416.3544 28222303    2.71%
Elapsed time = 3657.83 sec. (797081.95 ticks, tree = 6821.61 MB, solutions = 76)
Nodefile size = 4770.96 MB (2483.42 MB after compression)
 451870 373382     2468.5055   258     2483.5736     2416.4107 28379054    2.70%
 457169 376629     2472.9235   178     2483.5736     2416.4497 28501970    2.70%
 462086 385064     2463.2109   125     2483.5736     2416.4656 28837907    2.70%
 467085 388561     2459.9948   245     2483.5736     2416.5083 28977152    2.70%
 472451 391380     2446.7018   109     2483.5736     2416.5405 29101446    2.70%
 477300 398525     2460.6927   209     2483.5736     2416.5483 29374353    2.70%
 482770 400182     2444.7080   130     2483.5736     2416.6056 29448814    2.70%
 487363 409138     2459.3046   295     2483.5736     2416.6601 29814434    2.69%
 492607 413964     2459.5763   274     2483.5736     2416.7120 30014888    2.69%
 497343 419625     2429.6914   216     2483.5736     2416.7336 30241246    2.69%
Elapsed time = 3836.05 sec. (835237.99 ticks, tree = 7765.55 MB, solutions = 76)
Nodefile size = 5715.35 MB (2969.78 MB after compression)
 502814 419844     2467.5240   165     2483.5736     2416.7955 30247554    2.69%
 508040 429032     2469.1507   167     2483.5736     2416.8108 30635868    2.69%
 513426 432146     2442.0953   171     2483.5736     2416.8276 30762063    2.69%
 518496 438296     2457.0113   151     2483.5736     2416.8607 31001893    2.69%
 523634 439816     2433.3197   141     2483.5736     2416.8759 31064192    2.69%
 528598 446376     2474.7928   102     2483.5736     2416.9337 31319783    2.68%
 533721 454164     2452.1461   204     2483.5736     2416.9593 31660560    2.68%
 538936 455425     2462.5280   209     2483.5736     2416.9931 31717399    2.68%
 543917 461483     2479.7680   232     2483.5736     2417.0092 31961458    2.68%
 549086 464976     2430.2377   278     2483.5736     2417.0448 32125013    2.68%
Elapsed time = 4018.00 sec. (873389.42 ticks, tree = 8624.56 MB, solutions = 76)
Nodefile size = 6571.74 MB (3411.51 MB after compression)
 554540 469505     2482.2963   173     2483.5736     2417.0873 32311976    2.68%
 559667 476262     2457.5730   173     2483.5736     2417.1022 32575775    2.68%
 565117 481274     2434.2282   224     2483.5736     2417.1236 32784739    2.68%
 570197 489009     2435.0215   272     2483.5736     2417.1449 33078088    2.67%
 575423 491308     2466.5608   209     2483.5736     2417.2030 33171061    2.67%
 580731 495977     2426.9047   166     2483.5736     2417.2456 33364912    2.67%
 585741 503485     2481.1975   183     2483.5736     2417.2801 33669756    2.67%
 590644 505054     2475.3023   138     2483.5736     2417.3126 33737814    2.67%
 595842 511933     2471.2980   157     2483.5736     2417.3444 34014228    2.67%
 601009 515070     2463.3596   106     2483.5736     2417.3560 34150601    2.67%
Elapsed time = 4196.70 sec. (911544.34 ticks, tree = 9569.84 MB, solutions = 76)
Nodefile size = 7516.41 MB (3897.04 MB after compression)
 606425 523217     2476.9597   160     2483.5736     2417.3852 34471284    2.67%
 611469 527284     2447.9775   207     2483.5736     2417.4147 34638941    2.66%
 616486 534649     2452.9842   276     2483.5736     2417.4151 34946555    2.66%
 621721 535026     2466.9599   143     2483.5736     2417.4660 34960479    2.66%
 627196 544040     2464.4320   120     2483.5736     2417.4932 35323468    2.66%
 632141 547435     2477.1473   117     2483.5736     2417.5118 35451653    2.66%
 637486 553950     2480.5935   173     2483.5736     2417.5233 35706603    2.66%
 642767 556130     2459.3320   142     2483.5736     2417.5791 35792025    2.66%
 648048 562504     2483.5685   114     2483.5736     2417.5992 36051933    2.66%
 652936 564520     2471.6007    92     2483.5736     2417.6348 36120714    2.65%
Elapsed time = 4379.42 sec. (949703.19 ticks, tree = 10500.30 MB, solutions = 76)
Nodefile size = 8445.98 MB (4373.94 MB after compression)
 657960 573236     2475.8043   190     2483.5736     2417.6351 36466362    2.65%
 663384 577322     2452.6939   151     2483.5736     2417.6894 36637582    2.65%
 668659 580218     2438.9005   256     2483.5736     2417.7034 36764321    2.65%
 673427 585007     2463.0356   159     2483.5736     2417.7082 36950156    2.65%
 678959 589610     2477.5456   288     2483.5736     2417.7082 37133074    2.65%
 683935 599359     2436.8823   250     2483.5736     2417.7829 37519659    2.65%
 689023 602869     2433.2131   223     2483.5736     2417.7829 37652383    2.65%
 694237 608021     2467.7604   167     2483.5736     2417.8215 37868642    2.65%
 699488 612820     2477.6701   127     2483.5736     2417.8514 38056216    2.65%
 704422 614293     2447.2818   277     2483.5736     2417.8808 38120777    2.65%
Elapsed time = 4558.42 sec. (987856.27 ticks, tree = 11441.56 MB, solutions = 76)
Nodefile size = 9387.15 MB (4857.34 MB after compression)
 709595 619446     2447.2070   132     2483.5736     2417.9135 38343609    2.64%
 714985 625671     2470.9439   133     2483.5736     2417.9326 38609405    2.64%
 720123 633232     2462.1827   174     2483.5736     2417.9738 38922518    2.64%
 725377 637163     2460.1173   210     2483.5736     2417.9973 39087113    2.64%
 731079 644973     2469.3883    76     2483.5736     2418.0213 39400161    2.64%
 736488 650520     2441.9518   194     2483.5736     2418.0527 39624071    2.64%
 742069 655552     2466.3594   216     2483.5736     2418.0787 39825368    2.64%
 747548 659771     2450.0620   110     2483.5736     2418.1032 39981018    2.64%
 752699 664861     2475.7990   112     2483.5736     2418.1392 40183798    2.63%
 758038 670126     2444.0687   129     2483.5736     2418.1744 40397657    2.63%
Elapsed time = 4745.79 sec. (1026009.04 ticks, tree = 12493.95 MB, solutions = 76)
Nodefile size = 10443.26 MB (5398.41 MB after compression)
 763078 674668     2451.7076   159     2483.5736     2418.2089 40578742    2.63%
 768291 677564     2461.5811   308     2483.5736     2418.2134 40702776    2.63%
 773248 682631     2481.5371    57     2483.5736     2418.2418 40907136    2.63%
 778281 688800     2448.6947    87     2483.5736     2418.2674 41158739    2.63%
 783389 693704     2470.9397    90     2483.5736     2418.2733 41365167    2.63%
 788559 698372     2432.2251   260     2483.5736     2418.3119 41563677    2.63%
 793996 703510     2471.9712   234     2483.5736     2418.3364 41773339    2.63%
 798949 705665     2463.3213   133     2483.5736     2418.3566 41860397    2.63%
 803979 714316     2477.8209   138     2483.5736     2418.3739 42204633    2.63%
 809138 717932     2437.0156   298     2483.5736     2418.3964 42359543    2.62%
Elapsed time = 4923.74 sec. (1064159.63 ticks, tree = 13396.82 MB, solutions = 76)
Nodefile size = 11344.49 MB (5860.77 MB after compression)
 814069 723162     2462.7863   135     2483.5736     2418.4148 42573430    2.62%
 819164 727922     2463.8569    83     2483.5736     2418.4299 42786637    2.62%
 824461 734541     2449.5549   152     2483.5736     2418.4584 43051418    2.62%
 829942 735353     2466.0804   132     2483.5736     2418.4753 43083078    2.62%
 835075 744152     2435.7905   156     2483.5736     2418.4977 43440437    2.62%
 840149 746390     2454.4127    84     2483.5736     2418.5121 43526593    2.62%
 845488 751249     2429.1836   268     2483.5736     2418.5396 43737571    2.62%
 850515 757894     2452.0644   243     2483.5736     2418.5540 44005305    2.62%
 856037 760857     2450.5968   121     2483.5736     2418.5749 44140098    2.62%
 861241 768954     2470.3754   125     2483.5736     2418.5915 44477626    2.62%
Elapsed time = 5105.31 sec. (1102312.56 ticks, tree = 14363.71 MB, solutions = 76)
Nodefile size = 12312.24 MB (6358.58 MB after compression)
 866142 773404     2446.9784   127     2483.5736     2418.6058 44645847    2.62%
 871573 775264     2467.5388   118     2483.5736     2418.6302 44726748    2.61%
 876866 782001     2441.7598   296     2483.5736     2418.6461 44998207    2.61%
 882046 789648     2447.8223   227     2483.5736     2418.6690 45302889    2.61%
 887292 791639     2453.0561   130     2483.5736     2418.6882 45378631    2.61%
 892289 797366     2449.9833   184     2483.5736     2418.7094 45611059    2.61%
 897696 805440     2452.2218   170     2483.5736     2418.7283 45964788    2.61%
 902839 810172     2462.1093   176     2483.5736     2418.7564 46145244    2.61%
 907921 812549     2448.2208   213     2483.5736     2418.7564 46249001    2.61%
 912911 815678     2453.7091   169     2483.5736     2418.7701 46376067    2.61%
Elapsed time = 5284.00 sec. (1140467.94 ticks, tree = 15247.90 MB, solutions = 76)
Nodefile size = 13193.64 MB (6810.84 MB after compression)
 918026 821046     2446.1970   178     2483.5736     2418.7841 46612630    2.61%
 923236 828304     2460.3420    70     2483.5736     2418.8167 46900805    2.61%
 928230 831807     2444.3869   163     2483.5736     2418.8340 47044170    2.61%
 933314 836339     2465.6501   236     2483.5736     2418.8770 47227719    2.60%
 938849 842536     2467.3967   237     2483.5736     2418.8882 47480386    2.60%
 943711 846950     2452.4868   149     2483.5736     2418.9009 47655297    2.60%
 948487 853157     2421.8750   298     2483.5736     2418.9009 47887592    2.60%
 953316 857874     2466.2848   205     2483.5736     2418.9389 48091549    2.60%
 958439 859314     2455.3660   214     2483.5736     2418.9414 48154954    2.60%
 963835 865699     2482.6381    39     2483.5736     2418.9725 48434467    2.60%
Elapsed time = 5460.67 sec. (1178623.13 ticks, tree = 16192.82 MB, solutions = 76)
Nodefile size = 14139.61 MB (7295.46 MB after compression)
 969260 871856     2475.7332   161     2483.5736     2419.0016 48680668    2.60%
 974297 875261     2461.0902   131     2483.5736     2419.0207 48810731    2.60%
 978679 883950     2456.6145   218     2483.5736     2419.0354 49134939    2.60%
 983755 887665     2464.6325    45     2483.5736     2419.0499 49292829    2.60%
 988803 893781     2441.3997   284     2483.5736     2419.0617 49556043    2.60%
 994148 898914     2465.3206   157     2483.5736     2419.0738 49767701    2.60%
 999298 903289     2463.2548   180     2483.5736     2419.0897 49945618    2.60%
 1004372 907186     2475.5360   203     2483.5736     2419.1037 50093787    2.60%
 1009352 909553     2466.4030   180     2483.5736     2419.1214 50193132    2.60%
 1014859 916376     2473.2591    87     2483.5736     2419.1355 50477348    2.59%
Elapsed time = 5641.05 sec. (1216777.54 ticks, tree = 17149.26 MB, solutions = 76)
Nodefile size = 15096.37 MB (7785.58 MB after compression)
 1020133 923667     2454.1614   185     2483.5736     2419.1626 50782393    2.59%
 1025252 927185     2452.8342   182     2483.5736     2419.1705 50916570    2.59%
 1030192 929018     2447.7469   227     2483.5736     2419.1853 50990088    2.59%
 1035268 934632     2459.4532   160     2483.5736     2419.1881 51214807    2.59%
 1040155 937934     2440.7291   228     2483.5736     2419.2119 51344226    2.59%
 1045289 942657     2445.9705   145     2483.5736     2419.2341 51545828    2.59%
 1050446 951959     2445.2292   262     2483.5736     2419.2422 51923164    2.59%
 1055471 956689     2436.2917   117     2483.5736     2419.2588 52105602    2.59%
 1060606 957667     2466.6651    95     2483.5736     2419.2738 52145590    2.59%
 1065833 963126     2457.1356   183     2483.5736     2419.2890 52382279    2.59%
Elapsed time = 5819.87 sec. (1254929.94 ticks, tree = 18029.99 MB, solutions = 76)
Nodefile size = 15976.61 MB (8235.86 MB after compression)
 1070851 968136     2476.4681   202     2483.5736     2419.3004 52599497    2.59%
 1075635 974760     2460.4116   161     2483.5736     2419.3184 52863872    2.59%
 1080845 978128     2442.8444   261     2483.5736     2419.3324 53026741    2.59%
 1085463 986517     2440.3944   157     2483.5736     2419.3471 53361180    2.59%
 1090499 988369     2460.4209   142     2483.5736     2419.3647 53446879    2.59%
 1095385 992122     2444.0068   281     2483.5736     2419.3852 53613223    2.58%
 1100602 1001595     2471.4137   132     2483.5736     2419.3855 54018277    2.58%
 1105493 1002806     2446.3551   250     2483.5736     2419.4104 54064469    2.58%
 1110576 1009345     2473.8405   116     2483.5736     2419.4270 54347234    2.58%
 1115439 1015970        cutoff           2483.5736     2419.4388 54634796    2.58%
Elapsed time = 5995.38 sec. (1293083.59 ticks, tree = 19028.04 MB, solutions = 76)
Nodefile size = 16977.94 MB (8748.55 MB after compression)
 1120466 1017395     2455.7033   163     2483.5736     2419.4469 54694117    2.58%
 1125271 1021661     2475.2490   144     2483.5736     2419.4633 54890099    2.58%
 1130372 1029889     2468.6695   195     2483.5736     2419.4811 55236957    2.58%
 1135157 1033589     2461.3302   272     2483.5736     2419.4932 55409395    2.58%
 1140212 1037671     2444.8661   160     2483.5736     2419.5010 55583856    2.58%
 1145349 1043348     2456.6291   136     2483.5736     2419.5197 55834827    2.58%
 1150532 1048960     2437.3063   112     2483.5736     2419.5275 56071864    2.58%
 1155524 1049520     2460.7816   153     2483.5736     2419.5561 56096952    2.58%
 1160495 1058698     2455.3726   222     2483.5736     2419.5616 56464341    2.58%
 1165321 1064008     2427.1685   184     2483.5736     2419.5824 56695301    2.58%
Elapsed time = 6176.68 sec. (1331233.64 ticks, tree = 19933.92 MB, solutions = 76)
Nodefile size = 17883.44 MB (9211.99 MB after compression)
 1170437 1065900     2482.1707    93     2483.5736     2419.5945 56780950    2.58%
 1175676 1068095     2470.4196   150     2483.5736     2419.5980 56882025    2.58%
 1180960 1073536     2462.5250   140     2483.5736     2419.6215 57105235    2.58%
 1185738 1078649     2478.0330   139     2483.5736     2419.6272 57316337    2.57%
 1190376 1086351     2480.6092   178     2483.5736     2419.6399 57621267    2.57%
 1195535 1092495     2478.5668   132     2483.5736     2419.6499 57910769    2.57%
 1200767 1097745     2468.5349   140     2483.5736     2419.6631 58130245    2.57%
 1205563 1097891     2444.6038   197     2483.5736     2419.6799 58135309    2.57%
 1210613 1102977     2458.9014   118     2483.5736     2419.6959 58344909    2.57%
 1215470 1106815     2450.5754   243     2483.5736     2419.7115 58509532    2.57%
Elapsed time = 6352.28 sec. (1369387.77 ticks, tree = 20742.71 MB, solutions = 76)
Nodefile size = 18688.78 MB (9624.84 MB after compression)
 1220766 1113518     2463.4298   253     2483.5736     2419.7115 58802558    2.57%
 1225664 1119683     2432.3859   196     2483.5736     2419.7414 59052893    2.57%
 1230963 1121948     2470.9487    90     2483.5736     2419.7571 59142695    2.57%
 1236105 1127727     2426.3373   250     2483.5736     2419.7728 59400518    2.57%
 1241182 1136174     2464.8652   184     2483.5736     2419.7882 59748635    2.57%
 1246328 1139332     2478.3339   118     2483.5736     2419.8041 59874005    2.57%
 1251461 1145851     2445.6904   113     2483.5736     2419.8334 60158170    2.57%
 1256505 1147624     2439.5413   109     2483.5736     2419.8340 60229207    2.57%
 1261523 1152849     2437.7468   192     2483.5736     2419.8540 60449445    2.57%
 1266721 1155776     2447.2418   190     2483.5736     2419.8632 60564520    2.57%
Elapsed time = 6533.87 sec. (1407543.99 ticks, tree = 21671.50 MB, solutions = 76)
Nodefile size = 19616.80 MB (10101.20 MB after compression)
 1271757 1165892     2473.1350   231     2483.5736     2419.8759 60995063    2.56%
 1276668 1168768     2443.8631   181     2483.5736     2419.8890 61116267    2.56%
 1281500 1171725     2456.8945   164     2483.5736     2419.9103 61232825    2.56%
 1286514 1180291     2461.9107    91     2483.5736     2419.9103 61615437    2.56%
 1291532 1184832     2460.5759   123     2483.5736     2419.9235 61818071    2.56%
 1296821 1189347     2444.6960   146     2483.5736     2419.9342 62009733    2.56%
 1302041 1189848     2463.9178   134     2483.5736     2419.9460 62038088    2.56%
 1307211 1198865     2453.8556   139     2483.5736     2419.9604 62407861    2.56%
 1312088 1200112     2422.2862   296     2483.5736     2419.9604 62458762    2.56%
 1317377 1206723     2441.6176    97     2483.5736     2419.9854 62726858    2.56%
Elapsed time = 6714.34 sec. (1445699.60 ticks, tree = 22635.01 MB, solutions = 76)
Nodefile size = 20581.68 MB (10595.95 MB after compression)
 1322367 1211667     2430.6551   297     2483.5736     2419.9882 62941305    2.56%
 1326875 1217466     2425.9522   227     2483.5736     2420.0074 63167483    2.56%
 1331610 1220264     2476.6021   166     2483.5736     2420.0182 63293039    2.56%
 1337005 1225251     2443.4092   223     2483.5736     2420.0407 63507332    2.56%
 1341884 1227672     2449.9583   201     2483.5736     2420.0519 63622130    2.56%
 1346523 1232726     2458.1355   216     2483.5736     2420.0564 63825117    2.56%
 1351672 1242205     2442.9253   135     2483.5736     2420.0728 64216036    2.56%
 1356351 1244763     2468.6341   152     2483.5736     2420.0813 64318898    2.56%
 1361192 1250759     2442.9240   201     2483.5736     2420.0845 64579426    2.56%
 1366491 1256308     2465.5595    90     2483.5736     2420.1011 64808202    2.56%
Elapsed time = 6892.81 sec. (1483852.67 ticks, tree = 23573.52 MB, solutions = 76)
Nodefile size = 21521.73 MB (11078.25 MB after compression)
 1371435 1256693     2453.4512   202     2483.5736     2420.1104 64823963    2.56%
 1376500 1267205     2458.3812   181     2483.5736     2420.1200 65265881    2.55%
 1381651 1267780     2477.9997   131     2483.5736     2420.1312 65292213    2.55%
 1386389 1275473     2465.1871   186     2483.5736     2420.1444 65606721    2.55%
 1391514 1275378     2421.0802   260     2483.5736     2420.1598 65607921    2.55%
 1396586 1280756     2449.3023   162     2483.5736     2420.1775 65831555    2.55%
 1401837 1285995     2463.0043   132     2483.5736     2420.2036 66053632    2.55%
 1406515 1294340     2421.5736   236     2483.5736     2420.2057 66402360    2.55%
 1411302 1297710     2426.9511   196     2483.5736     2420.2106 66533492    2.55%
 1416286 1299874     2438.6267   118     2483.5736     2420.2154 66614241    2.55%
Elapsed time = 7068.09 sec. (1522004.34 ticks, tree = 24398.83 MB, solutions = 76)
Nodefile size = 22344.70 MB (11500.53 MB after compression)
 1421207 1304837     2470.3517   222     2483.5736     2420.2373 66832776    2.55%
 1425946 1311712     2468.5562   221     2483.5736     2420.2484 67105657    2.55%
 1430884 1314079     2451.6985   169     2483.5736     2420.2638 67208313    2.55%
 1435729 1320390     2469.4355   200     2483.5736     2420.2705 67475040    2.55%
 1441093 1326011     2438.3133   158     2483.5736     2420.2893 67729371    2.55%
 1446223 1333678     2431.3414   160     2483.5736     2420.2893 68046044    2.55%
 1450750 1338098     2469.1332   191     2483.5736     2420.2926 68216847    2.55%
 1455173 1339143     2452.9574   153     2483.5736     2420.2926 68258772    2.55%
 1460179 1342676     2449.7243    98     2483.5736     2420.3263 68386988    2.55%
 1465096 1349177     2461.9200   135     2483.5736     2420.3330 68661822    2.55%
Elapsed time = 7245.53 sec. (1560160.19 ticks, tree = 25333.83 MB, solutions = 76)
Nodefile size = 23279.71 MB (11980.68 MB after compression)
 1470530 1352958     2459.9320   101     2483.5736     2420.3356 68831241    2.55%
 1475166 1357789     2449.9364    83     2483.5736     2420.3541 69046392    2.55%
 1479873 1361379     2468.1695   164     2483.5736     2420.3568 69184025    2.55%
 1484630 1369729     2431.4786   165     2483.5736     2420.3721 69533967    2.54%
 1489747 1372560     2453.8512   277     2483.5736     2420.3780 69660294    2.54%
 1494724 1376867     2434.9124    94     2483.5736     2420.3884 69843249    2.54%
 1499452 1382570     2463.9265   206     2483.5736     2420.3884 70095477    2.54%
 1504491 1386720     2476.4381   246     2483.5736     2420.4076 70283582    2.54%
 1509667 1391220     2458.9319   247     2483.5736     2420.4218 70474310    2.54%
 1514740 1398652     2449.1857   146     2483.5736     2420.4268 70788840    2.54%
Elapsed time = 7420.27 sec. (1598321.47 ticks, tree = 26271.35 MB, solutions = 76)
Nodefile size = 24219.54 MB (12463.39 MB after compression)
 1519038 1402611     2435.9362   268     2483.5736     2420.4268 70919388    2.54%
 1523573 1407953     2440.4883   302     2483.5736     2420.4268 71152744    2.54%
 1528475 1409055     2455.0440   130     2483.5736     2420.4268 71197180    2.54%
 1533502 1415398     2476.9907   118     2483.5736     2420.4673 71449514    2.54%
 1538491 1417491     2471.0445   116     2483.5736     2420.4673 71540579    2.54%
 1543449 1422746     2473.1572   159     2483.5736     2420.4673 71764042    2.54%
 1547873 1430831     2466.4178   146     2483.5736     2420.4673 72089683    2.54%
 1552665 1431690     2447.0969   196     2483.5736     2420.4673 72125271    2.54%
 1557372 1439205     2452.2185   133     2483.5736     2420.4673 72446760    2.54%
 1562448 1444500     2447.8412   187     2483.5736     2420.5074 72673735    2.54%
Elapsed time = 7594.53 sec. (1636476.09 ticks, tree = 27140.90 MB, solutions = 76)
Nodefile size = 25089.06 MB (12909.46 MB after compression)
 1567648 1448376     2462.8510   168     2483.5736     2420.5259 72833218    2.54%
 1572538 1449801     2448.3481   249     2483.5736     2420.5474 72897086    2.54%
 1577611 1460013     2474.7015    87     2483.5736     2420.5512 73333635    2.54%
 1582294 1464020     2460.4024   105     2483.5736     2420.5559 73497356    2.54%
 1587108 1464369     2471.3579   114     2483.5736     2420.5826 73512637    2.54%
 1592160 1474771     2458.1268   145     2483.5736     2420.5878 73973250    2.54%
 1597298 1478754     2434.9135   255     2483.5736     2420.5971 74135779    2.54%
 1601692 1479533     2441.9347   192     2483.5736     2420.5971 74173683    2.54%
 1606424 1484115     2435.7263   230     2483.5736     2420.6201 74356600    2.53%
 1611508 1492034     2463.4033   214     2483.5736     2420.6283 74705621    2.53%
Elapsed time = 7768.74 sec. (1674629.13 ticks, tree = 28043.43 MB, solutions = 76)
Nodefile size = 25991.40 MB (13373.78 MB after compression)
 1615726 1496826     2469.4415   224     2483.5736     2420.6366 74920240    2.53%
 1620777 1498477     2461.3973   212     2483.5736     2420.6563 74999299    2.53%
 1625573 1504166     2444.6320   148     2483.5736     2420.6588 75270241    2.53%
 1630336 1509411     2441.7829   206     2483.5736     2420.6731 75498267    2.53%
 1635387 1515373     2439.8204   202     2483.5736     2420.6880 75746986    2.53%
 1640361 1515278     2451.2640   264     2483.5736     2420.7085 75746565    2.53%
 1645379 1519565     2478.1291   283     2483.5736     2420.7085 75927891    2.53%
 1650049 1525988     2474.9989   123     2483.5736     2420.7186 76203102    2.53%
 1655069 1529736     2450.4349   227     2483.5736     2420.7224 76377094    2.53%
 1659850 1535793     2475.9847   121     2483.5736     2420.7224 76637690    2.53%
Elapsed time = 7945.50 sec. (1712783.36 ticks, tree = 28875.05 MB, solutions = 76)
Nodefile size = 26821.10 MB (13800.39 MB after compression)
 1664772 1541900     2471.3120   181     2483.5736     2420.7490 76898187    2.53%
 1669777 1545540     2436.7147   164     2483.5736     2420.7563 77055701    2.53%
 1674722 1553802     2443.0508   170     2483.5736     2420.7762 77415814    2.53%
 1679738 1557808     2473.6407   128     2483.5736     2420.7887 77585431    2.53%
 1684309 1558270     2472.9389    92     2483.5736     2420.7899 77600938    2.53%
 1689095 1565609     2481.3784   215     2483.5736     2420.7899 77909743    2.53%
 1694037 1569522     2468.8654   185     2483.5736     2420.7976 78078297    2.53%
*1696083+1571056                         2483.1520     2420.7976             2.51%
 1698837 1573523     2472.2919    91     2483.1520     2420.7976 78238288    2.51%
*1699635+1576138                         2480.9829     2420.7976             2.43%
*1699717+1576860                         2479.6410     2420.7976             2.37%
 1703661 1570958     2457.4057   172     2479.6410     2420.7976 78527461    2.37%
*1704563+1573521                         2479.2939     2420.8316             2.36%
*1707499+1573684                         2479.2144     2420.8316             2.35%
 1708890 1573941     2440.8310   176     2479.2144     2420.8316 78725454    2.35%
Elapsed time = 8118.50 sec. (1750937.10 ticks, tree = 29584.50 MB, solutions = 89)
Nodefile size = 27531.58 MB (14161.77 MB after compression)
 1712724 1574023     2427.8313   266     2479.2144     2420.8316 78743192    2.35%
 1717715 1580833     2450.9169   181     2479.2144     2420.8608 79028303    2.35%
 1722730 1585163     2463.3767   145     2479.2144     2420.8652 79222621    2.35%
 1727493 1591450     2458.4486   154     2479.2144     2420.8688 79479586    2.35%
*1730077+1595769                         2477.9093     2420.8688             2.30%
 1732460 1594188     2475.2093   218     2477.9093     2420.8688 79609688    2.30%
 1737182 1595022     2450.6864   175     2477.9093     2420.8769 79946491    2.30%
 1742017 1594140     2471.8260   153     2477.9093     2420.8769 79898014    2.30%
*1742835+1598207                         2476.7243     2420.8769             2.25%
 1746708 1598550     2442.3752   166     2476.7243     2420.8769 80093281    2.25%
*1747210+1589385                         2476.4104     2420.8769             2.24%
 1751602 1590899     2469.5800   113     2476.4104     2420.9153 80296197    2.24%
*1753878+1592245                         2476.0716     2420.9153             2.23%
 1756478 1591837     2469.9183   162     2476.0716     2420.9153 80725676    2.23%
Elapsed time = 8294.09 sec. (1789089.87 ticks, tree = 29864.20 MB, solutions = 97)
Nodefile size = 27811.90 MB (14293.16 MB after compression)
*1761231+1590615                         2475.7474     2420.9467             2.21%
 1761688 1592532     2445.5390   153     2475.7474     2420.9467 80747706    2.21%
 1766349 1595383     2465.6333   149     2475.7474     2420.9494 80878834    2.21%
*1767078+1596951                         2474.4063     2420.9494             2.16%
 1771095 1575103     2453.7686   147     2474.4063     2420.9655 81334677    2.16%
 1776399 1574248     2469.1401   166     2474.4063     2420.9927 81288389    2.16%
*1778278+1578953                         2474.0821     2420.9927             2.15%
 1781428 1578522     2458.7287   103     2474.0821     2420.9927 81771991    2.15%
 1786644 1579431     2455.8801    96     2474.0821     2421.0188 81808615    2.14%
*1789876+1582999                         2473.9251     2421.0261             2.14%
 1791994 1585944     2457.4700    94     2473.9251     2421.0281 82097237    2.14%
 1796866 1587626     2434.8736   210     2473.9251     2421.0349 82320595    2.14%
 1802027 1589980     2443.7438   214     2473.9251     2421.0515 82418502    2.14%
 1807341 1594599     2450.8739   164     2473.9251     2421.0662 82632296    2.14%
Elapsed time = 8473.08 sec. (1827240.75 ticks, tree = 29834.15 MB, solutions = 106)
Nodefile size = 27778.49 MB (14257.24 MB after compression)
 1812621 1602410     2463.6923   195     2473.9251     2421.0794 82982488    2.14%
 1817800 1609104     2452.1095   236     2473.9251     2421.0877 83270482    2.14%
 1823061 1610159     2453.7227   143     2473.9251     2421.0877 83319432    2.14%
 1828182 1616139     2451.8568   119     2473.9251     2421.1077 83583862    2.13%
 1833390 1618415     2449.7187    94     2473.9251     2421.1170 83684340    2.13%
 1838458 1622414     2447.1543   143     2473.9251     2421.1326 83864060    2.13%
 1843569 1629414     2441.3520   119     2473.9251     2421.1399 84164307    2.13%
 1848647 1637083     2441.1142   273     2473.9251     2421.1408 84489380    2.13%
 1853947 1643176     2448.4685   149     2473.9251     2421.1590 84769949    2.13%
 1859024 1648395     2450.6113   129     2473.9251     2421.1590 85000744    2.13%
Elapsed time = 8651.48 sec. (1865397.47 ticks, tree = 30866.52 MB, solutions = 106)
Nodefile size = 28814.21 MB (14797.22 MB after compression)
 1864217 1653439     2455.9516   151     2473.9251     2421.1841 85218284    2.13%
 1869118 1657298     2472.7407   125     2473.9251     2421.1849 85388052    2.13%
 1874492 1658723     2454.8830   281     2473.9251     2421.2035 85454389    2.13%
 1879350 1668374     2471.5290   153     2473.9251     2421.2132 85883217    2.13%
 1884735 1667978     2434.2155   120     2473.9251     2421.2298 85859790    2.13%
 1889680 1675932     2447.9055   213     2473.9251     2421.2380 86208560    2.13%
 1894451 1676118     2463.6713   151     2473.9251     2421.2380 86214159    2.13%
*1897004+1680702                         2473.6361     2421.2538             2.12%
 1899218 1684419     2430.5731   240     2473.6361     2421.2603 86584989    2.12%
 1904352 1683907     2450.4324   207     2473.6361     2421.2745 86863705    2.12%
 1909463 1684928     2437.9652   208     2473.6361     2421.2845 86914963    2.12%
Elapsed time = 8828.69 sec. (1903551.75 ticks, tree = 31554.69 MB, solutions = 107)
Nodefile size = 29500.72 MB (15151.43 MB after compression)
 1914596 1691590     2449.0766   157     2473.6361     2421.2945 87200045    2.12%
 1919569 1696729     2463.9442   168     2473.6361     2421.3021 87419117    2.12%
 1924193 1702832     2438.1017   168     2473.6361     2421.3157 87684946    2.12%
 1928973 1704217     2457.8679   100     2473.6361     2421.3235 87742891    2.11%
 1934335 1708332     2464.8874   170     2473.6361     2421.3235 87922818    2.11%
 1939301 1713374     2460.0792   134     2473.6361     2421.3508 88159516    2.11%
 1944371 1719307     2470.8925   125     2473.6361     2421.3675 88429824    2.11%
 1949386 1722054     2452.9780   149     2473.6361     2421.3781 88557009    2.11%
 1954338 1726094     2453.9577   126     2473.6361     2421.3781 88730842    2.11%
 1959054 1735843     2467.6291   232     2473.6361     2421.4075 89170684    2.11%
Elapsed time = 9007.60 sec. (1941705.46 ticks, tree = 32537.19 MB, solutions = 107)
Nodefile size = 30485.12 MB (15665.94 MB after compression)
 1964087 1738259     2426.9249   185     2473.6361     2421.4209 89278924    2.11%
 1969133 1740363     2451.3525   246     2473.6361     2421.4216 89363007    2.11%
 1974090 1748135     2462.5226   253     2473.6361     2421.4332 89718683    2.11%
 1978801 1752073        cutoff           2473.6361     2421.4355 89885969    2.11%
 1983566 1754161     2448.1838   245     2473.6361     2421.4582 89974065    2.11%
 1988941 1762883     2433.6559   208     2473.6361     2421.4701 90369227    2.11%
 1993777 1767875     2444.5684   154     2473.6361     2421.4791 90593947    2.11%
 1998293 1773031     2447.4908   307     2473.6361     2421.4830 90802812    2.11%
 2003002 1772871     2441.5005   166     2473.6361     2421.4990 90803336    2.11%
 2008180 1781363     2467.3861    96     2473.6361     2421.4990 91175348    2.11%
Elapsed time = 9183.32 sec. (1979857.11 ticks, tree = 33411.10 MB, solutions = 107)
Nodefile size = 31357.73 MB (16120.61 MB after compression)
 2012949 1782299     2467.5408   124     2473.6361     2421.4990 91214462    2.11%
 2017565 1786480     2432.9240   193     2473.6361     2421.5280 91418905    2.11%
 2022354 1792055     2434.3153   148     2473.6361     2421.5297 91653017    2.11%
 2027165 1797444     2448.0702   138     2473.6361     2421.5297 91894225    2.11%
 2032112 1802081     2444.0343   173     2473.6361     2421.5399 92099048    2.11%
 2036885 1805978     2437.0212   142     2473.6361     2421.5399 92277383    2.11%
 2041217 1813325     2469.4930   123     2473.6361     2421.5399 92588859    2.11%
 2045969 1815392     2428.4837   276     2473.6361     2421.5399 92674487    2.11%
 2051091 1823677     2466.4503   226     2473.6361     2421.5968 93046245    2.10%
 2055503 1824307     2441.1985   227     2473.6361     2421.5968 93073218    2.10%
Elapsed time = 9353.58 sec. (2018010.45 ticks, tree = 34238.06 MB, solutions = 107)
Nodefile size = 32183.46 MB (16551.67 MB after compression)
 2060174 1831698     2450.1620   124     2473.6361     2421.5968 93406837    2.10%
 2065300 1831317     2464.0862   165     2473.6361     2421.6216 93379626    2.10%
 2069987 1840977     2438.2778   250     2473.6361     2421.6216 93812800    2.10%
 2074721 1843951     2438.1405    86     2473.6361     2421.6216 93951931    2.10%
 2079724 1844544     2459.5055   173     2473.6361     2421.6360 93983532    2.10%
 2084471 1854395     2441.5947    74     2473.6361     2421.6464 94403202    2.10%
 2089283 1855946     2462.4085   113     2473.6361     2421.6567 94477297    2.10%
 2094034 1861030     2457.6206   159     2473.6361     2421.6567 94700206    2.10%
 2098607 1869098     2447.5442   177     2473.6361     2421.6567 95067450    2.10%
 2103119 1873081     2447.3355   219     2473.6361     2421.6567 95249862    2.10%
Elapsed time = 9530.25 sec. (2056165.83 ticks, tree = 35177.95 MB, solutions = 107)
Nodefile size = 33125.51 MB (17044.46 MB after compression)
 2107932 1871684     2430.4146   246     2473.6361     2421.7036 95189101    2.10%
 2113073 1877196     2466.6453   150     2473.6361     2421.7100 95445923    2.10%
 2118031 1881457     2442.3839   228     2473.6361     2421.7173 95643818    2.10%
 2122649 1889801     2432.8114   208     2473.6361     2421.7173 96009983    2.10%
 2127456 1891120     2457.9972   182     2473.6361     2421.7365 96076036    2.10%
 2132141 1897772     2466.6961   117     2473.6361     2421.7431 96386756    2.10%
 2136666 1905614     2472.2540   170     2473.6361     2421.7583 96764462    2.10%
 2141824 1905594     2434.4213   195     2473.6361     2421.7621 96758995    2.10%
 2146576 1911145     2461.9826   185     2473.6361     2421.7621 97019834    2.10%
 2151367 1917704     2460.7641   137     2473.6361     2421.7810 97313472    2.10%
Elapsed time = 9706.73 sec. (2094320.67 ticks, tree = 36041.93 MB, solutions = 107)
Nodefile size = 33988.28 MB (17496.94 MB after compression)
 2156409 1917182     2449.9063    99     2473.6361     2421.7890 97287408    2.10%
 2161223 1923048     2441.9243    93     2473.6361     2421.7929 97560851    2.10%
 2165649 1930611     2447.3120   150     2473.6361     2421.8020 97901216    2.10%
 2170282 1933058     2468.7757   259     2473.6361     2421.8020 98005085    2.10%
 2175239 1938100     2434.3160   216     2473.6361     2421.8252 98249418    2.09%
 2180252 1946280     2464.2927    90     2473.6361     2421.8308 98640809    2.09%
 2185157 1946947     2463.4215   145     2473.6361     2421.8317 98669566    2.09%
 2189624 1951889     2468.2743   107     2473.6361     2421.8317 98889539    2.09%
 2194273 1957154     2433.0656   230     2473.6361     2421.8326 99139903    2.09%
 2199237 1961464     2471.2543   158     2473.6361     2421.8678 99331559    2.09%
Elapsed time = 9879.96 sec. (2132478.73 ticks, tree = 36889.03 MB, solutions = 107)
Nodefile size = 34834.04 MB (17940.56 MB after compression)
 2204142 1968249     2432.7220   132     2473.6361     2421.8689 99651309    2.09%
 2208603 1966955     2469.4901   123     2473.6361     2421.8689 99593701    2.09%
 2213582 1972701     2434.3162   217     2473.6361     2421.8919 99848854    2.09%
 2218451 1982753     2458.9707   222     2473.6361     2421.9025 1.00e+08    2.09%
 2223186 1984673     2452.5396   131     2473.6361     2421.9066 1.00e+08    2.09%
 2227649 1990018     2470.2044    40     2473.6361     2421.9066 1.01e+08    2.09%
 2232694 1995850     2471.0923   107     2473.6361     2421.9243 1.01e+08    2.09%
 2237430 2000207     2430.0372   280     2473.6361     2421.9321 1.01e+08    2.09%
 2241863 2002989     2450.1891    92     2473.6361     2421.9321 1.01e+08    2.09%
 2246866 2003900     2470.0781   185     2473.6361     2421.9558 1.01e+08    2.09%
Elapsed time = 10057.91 sec. (2170635.17 ticks, tree = 37710.59 MB, solutions = 107)
Nodefile size = 35654.10 MB (18369.88 MB after compression)
 2251860 2013871     2433.4014   228     2473.6361     2421.9683 1.02e+08    2.09%
 2256591 2017538     2442.9666   174     2473.6361     2421.9723 1.02e+08    2.09%
 2261036 2019224     2454.1173   135     2473.6361     2421.9818 1.02e+08    2.09%
 2265868 2024005     2468.5836   218     2473.6361     2421.9954 1.02e+08    2.09%
 2270557 2027601     2435.3546   240     2473.6361     2422.0057 1.02e+08    2.09%
 2275196 2033558     2451.2690   160     2473.6361     2422.0086 1.03e+08    2.09%
 2280106 2039035     2459.8065    97     2473.6361     2422.0207 1.03e+08    2.09%
 2285037 2045118     2445.0824   195     2473.6361     2422.0261 1.03e+08    2.09%
 2289454 2047488     2467.2221   164     2473.6361     2422.0298 1.03e+08    2.09%
 2294173 2050909     2443.4551   223     2473.6361     2422.0394 1.04e+08    2.09%
Elapsed time = 10232.15 sec. (2208791.23 ticks, tree = 38618.06 MB, solutions = 107)
Nodefile size = 36563.56 MB (18845.26 MB after compression)
 2299146 2058263     2451.8208    57     2473.6361     2422.0466 1.04e+08    2.09%
 2303838 2061068     2459.3968   166     2473.6361     2422.0521 1.04e+08    2.09%
 2308582 2063481        cutoff           2473.6361     2422.0521 1.04e+08    2.09%
 2313542 2072751     2463.8443    29     2473.6361     2422.0695 1.05e+08    2.08%
 2318410 2074852     2431.1983   227     2473.6361     2422.0695 1.05e+08    2.08%
 2322857 2076532     2461.9164   155     2473.6361     2422.0695 1.05e+08    2.08%
 2327506 2079816     2456.3106   213     2473.6361     2422.0695 1.05e+08    2.08%
 2332276 2088601     2454.2914   238     2473.6361     2422.1059 1.05e+08    2.08%
 2337009 2093422     2434.5296    70     2473.6361     2422.1127 1.06e+08    2.08%
 2341926 2092953     2448.3240    80     2473.6361     2422.1240 1.06e+08    2.08%
Elapsed time = 10405.35 sec. (2246946.66 ticks, tree = 39432.15 MB, solutions = 107)
Nodefile size = 37375.05 MB (19270.01 MB after compression)
 2346631 2101858     2458.9036   172     2473.6361     2422.1300 1.06e+08    2.08%
 2351383 2103203     2462.8531   143     2473.6361     2422.1376 1.06e+08    2.08%
 2356161 2109684     2451.6568   125     2473.6361     2422.1443 1.06e+08    2.08%
 2360925 2113344     2453.6883   114     2473.6361     2422.1561 1.07e+08    2.08%
 2365751 2115429     2463.6812    90     2473.6361     2422.1643 1.07e+08    2.08%
 2370366 2123415     2460.7434    98     2473.6361     2422.1643 1.07e+08    2.08%
 2374917 2128099     2460.4272   223     2473.6361     2422.1700 1.07e+08    2.08%
 2379857 2134506     2464.6045   180     2473.6361     2422.1943 1.08e+08    2.08%
 2384479 2133490     2432.1130   175     2473.6361     2422.1977 1.07e+08    2.08%
 2389264 2137440     2467.2387   205     2473.6361     2422.2082 1.08e+08    2.08%
Elapsed time = 10581.63 sec. (2285100.93 ticks, tree = 40292.44 MB, solutions = 107)
Nodefile size = 38234.69 MB (19719.70 MB after compression)
 2394041 2145249     2440.3916    95     2473.6361     2422.2169 1.08e+08    2.08%
 2398778 2152753     2471.6397   267     2473.6361     2422.2251 1.08e+08    2.08%
 2403834 2154751     2440.6574   244     2473.6361     2422.2340 1.09e+08    2.08%
 2408921 2161192     2451.8462   180     2473.6361     2422.2396 1.09e+08    2.08%
 2413547 2161315        cutoff           2473.6361     2422.2480 1.09e+08    2.08%
 2418259 2170574     2452.2462   111     2473.6361     2422.2543 1.09e+08    2.08%
 2423250 2170774     2455.2921   132     2473.6361     2422.2586 1.09e+08    2.08%
 2427710 2174227     2444.1225   156     2473.6361     2422.2601 1.09e+08    2.08%
 2432155 2179642     2462.5651   134     2473.6361     2422.2731 1.10e+08    2.08%
 2436899 2184912     2463.7295   259     2473.6361     2422.2783 1.10e+08    2.08%
Elapsed time = 10757.19 sec. (2323259.66 ticks, tree = 41209.19 MB, solutions = 107)
Nodefile size = 39153.85 MB (20200.53 MB after compression)
 2441393 2190845     2452.8758   119     2473.6361     2422.2799 1.10e+08    2.08%
 2446247 2191208     2454.3468   174     2473.6361     2422.2973 1.10e+08    2.08%
 2450944 2202271     2464.2969   203     2473.6361     2422.2985 1.11e+08    2.08%
 2455535 2201856     2454.9836    47     2473.6361     2422.2985 1.11e+08    2.08%
 2459746 2208672     2434.6259   160     2473.6361     2422.3062 1.11e+08    2.08%
 2464713 2212363     2450.2424    32     2473.6361     2422.3235 1.11e+08    2.07%
 2469672 2213756     2437.9068   275     2473.6361     2422.3289 1.11e+08    2.07%
 2474370 2218523     2472.2182   266     2473.6361     2422.3305 1.12e+08    2.07%
 2478991 2227834     2452.7715   236     2473.6361     2422.3305 1.12e+08    2.07%
 2483663 2232066     2458.2877   146     2473.6361     2422.3305 1.12e+08    2.07%
Elapsed time = 10933.33 sec. (2361411.28 ticks, tree = 42121.09 MB, solutions = 107)
Nodefile size = 40067.86 MB (20678.72 MB after compression)
 2488291 2233225     2444.1996   183     2473.6361     2422.3305 1.12e+08    2.07%
 2492870 2238469     2458.1032   199     2473.6361     2422.3494 1.13e+08    2.07%
 2497549 2244208        cutoff           2473.6361     2422.3632 1.13e+08    2.07%
 2502312 2250172     2466.0773   114     2473.6361     2422.3831 1.13e+08    2.07%
 2507339 2250335     2463.2559   142     2473.6361     2422.3889 1.13e+08    2.07%
 2512131 2259548     2450.8295    55     2473.6361     2422.3927 1.14e+08    2.07%
 2516934 2258461     2461.9803   220     2473.6361     2422.3927 1.14e+08    2.07%
 2521514 2262196     2464.2251   106     2473.6361     2422.3927 1.14e+08    2.07%
 2525794 2269315     2440.0386   287     2473.6361     2422.3927 1.14e+08    2.07%
 2530458 2271028     2443.3187   230     2473.6361     2422.3927 1.14e+08    2.07%
Elapsed time = 11107.31 sec. (2399565.34 ticks, tree = 42877.20 MB, solutions = 107)
Nodefile size = 40821.56 MB (21074.34 MB after compression)
 2535205 2276404     2465.1031   142     2473.6361     2422.4289 1.14e+08    2.07%
 2539839 2279705     2453.2552   194     2473.6361     2422.4358 1.15e+08    2.07%
 2544163 2290342     2450.6183   183     2473.6361     2422.4358 1.15e+08    2.07%
 2548852 2294914     2456.6626   280     2473.6361     2422.4552 1.15e+08    2.07%
 2553582 2295245     2437.8861   148     2473.6361     2422.4630 1.15e+08    2.07%
 2558192 2300874     2463.8057   104     2473.6361     2422.4716 1.16e+08    2.07%
 2562893 2303191     2469.2244    59     2473.6361     2422.4789 1.16e+08    2.07%
 2567921 2311763     2438.9008   145     2473.6361     2422.4871 1.16e+08    2.07%
 2572719 2312110     2458.8374   208     2473.6361     2422.4945 1.16e+08    2.07%
 2577466 2321185     2442.8326   234     2473.6361     2422.4962 1.17e+08    2.07%
Elapsed time = 11281.44 sec. (2437717.76 ticks, tree = 43850.17 MB, solutions = 107)
Nodefile size = 41797.02 MB (21586.09 MB after compression)
 2581802 2326211     2461.2179   184     2473.6361     2422.5098 1.17e+08    2.07%
 2586470 2325652     2452.3433   248     2473.6361     2422.5190 1.17e+08    2.07%
 2591119 2333005     2466.6211   142     2473.6361     2422.5229 1.17e+08    2.07%
 2596039 2335944     2449.7749   121     2473.6361     2422.5321 1.17e+08    2.07%
 2600994 2338332     2454.8065   143     2473.6361     2422.5389 1.17e+08    2.07%
 2605709 2347284     2469.0257   128     2473.6361     2422.5400 1.18e+08    2.07%
 2610526 2351116     2435.4108   200     2473.6361     2422.5400 1.18e+08    2.07%
 2615140 2356345     2460.3498   193     2473.6361     2422.5400 1.18e+08    2.07%
 2619663 2360368     2463.4536   189     2473.6361     2422.5400 1.18e+08    2.07%
 2624407 2362554     2442.0046   242     2473.6361     2422.5676 1.18e+08    2.06%
Elapsed time = 11460.48 sec. (2475872.87 ticks, tree = 44652.06 MB, solutions = 107)
Nodefile size = 42596.35 MB (22005.85 MB after compression)
 2629576 2367073     2450.0680   162     2473.6361     2422.5739 1.19e+08    2.06%
 2633947 2369793     2438.6376    75     2473.6361     2422.5805 1.19e+08    2.06%
 2638606 2379552     2440.1545   174     2473.6361     2422.5943 1.19e+08    2.06%
 2643316 2379389     2468.9400    75     2473.6361     2422.6019 1.19e+08    2.06%
 2648031 2381542     2454.6560   212     2473.6361     2422.6025 1.19e+08    2.06%
 2652438 2391282     2440.2244   241     2473.6361     2422.6025 1.20e+08    2.06%
 2657418 2392413     2447.6985   207     2473.6361     2422.6244 1.20e+08    2.06%
 2662318 2396546     2440.8922   252     2473.6361     2422.6269 1.20e+08    2.06%
 2666822 2401171     2461.6401   247     2473.6361     2422.6295 1.20e+08    2.06%
 2671177 2403939     2448.1381   228     2473.6361     2422.6295 1.20e+08    2.06%
Elapsed time = 11629.97 sec. (2514023.92 ticks, tree = 45453.50 MB, solutions = 107)
Nodefile size = 43396.50 MB (22425.24 MB after compression)
 2675625 2413535     2440.6783   188     2473.6361     2422.6344 1.21e+08    2.06%
 2680267 2414871     2454.7017    86     2473.6361     2422.6345 1.21e+08    2.06%
 2684848 2422837     2440.7245   266     2473.6361     2422.6345 1.21e+08    2.06%
 2689672 2426627     2445.0386   203     2473.6361     2422.6345 1.21e+08    2.06%
 2694105 2431726     2429.8852   173     2473.6361     2422.6345 1.22e+08    2.06%
 2698903 2432140     2459.5860   186     2473.6361     2422.6668 1.22e+08    2.06%
 2703674 2435161     2443.8865    88     2473.6361     2422.6668 1.22e+08    2.06%
 2708036 2439295     2442.7064   282     2473.6361     2422.6668 1.22e+08    2.06%
 2712485 2447898     2434.6508   230     2473.6361     2422.6668 1.23e+08    2.06%
 2717391 2449198     2466.0580   164     2473.6361     2422.7081 1.23e+08    2.06%
Elapsed time = 11805.95 sec. (2552179.69 ticks, tree = 46330.29 MB, solutions = 107)
Nodefile size = 44273.21 MB (22884.73 MB after compression)
 2722035 2458069     2455.1653   191     2473.6361     2422.7156 1.23e+08    2.06%
 2726933 2460654     2451.3687   106     2473.6361     2422.7218 1.23e+08    2.06%
 2731743 2463232     2463.0438    98     2473.6361     2422.7308 1.23e+08    2.06%
 2736557 2472404     2470.9402   148     2473.6361     2422.7311 1.24e+08    2.06%
 2740800 2472003     2451.0858   218     2473.6361     2422.7427 1.24e+08    2.06%
 2745757 2476989     2445.9160   276     2473.6361     2422.7513 1.24e+08    2.06%
 2750770 2479924     2457.5805   135     2473.6361     2422.7592 1.24e+08    2.06%
 2755307 2485272     2447.6430   208     2473.6361     2422.7609 1.24e+08    2.06%
 2759701 2492572     2466.7078   130     2473.6361     2422.7650 1.25e+08    2.06%
 2764795 2492729     2464.0679   259     2473.6361     2422.7829 1.25e+08    2.06%
Elapsed time = 11980.77 sec. (2590337.69 ticks, tree = 47174.76 MB, solutions = 107)
Nodefile size = 45117.20 MB (23327.19 MB after compression)
 2769427 2503312     2454.1700   177     2473.6361     2422.7878 1.25e+08    2.06%
 2773892 2505877     2462.1567   226     2473.6361     2422.7917 1.25e+08    2.06%
 2778553 2511576     2466.9090   116     2473.6361     2422.7946 1.26e+08    2.06%
 2783325 2515548     2440.8190   125     2473.6361     2422.8150 1.26e+08    2.05%
 2787584 2518556     2459.9257   255     2473.6361     2422.8163 1.26e+08    2.05%
 2792202 2519567     2426.2210   224     2473.6361     2422.8218 1.26e+08    2.05%
 2796847 2529127     2439.9680   210     2473.6361     2422.8273 1.26e+08    2.05%
 2801212 2527307     2470.4233   121     2473.6361     2422.8273 1.26e+08    2.05%
 2805686 2531947     2432.5939   217     2473.6361     2422.8273 1.27e+08    2.05%
 2810205 2535856     2436.7538   273     2473.6361     2422.8597 1.27e+08    2.05%
Elapsed time = 12153.62 sec. (2628491.18 ticks, tree = 48011.47 MB, solutions = 107)
Nodefile size = 45954.03 MB (23766.04 MB after compression)
 2814861 2540577     2461.3844   256     2473.6361     2422.8677 1.27e+08    2.05%
 2819929 2546300     2448.7407   132     2473.6361     2422.8743 1.27e+08    2.05%
 2824924 2550273     2459.9420   160     2473.6361     2422.8771 1.27e+08    2.05%
 2829361 2559340     2444.4114    91     2473.6361     2422.8771 1.28e+08    2.05%
 2833749 2561837     2449.4979   143     2473.6361     2422.8834 1.28e+08    2.05%
 2838342 2562982     2459.6197   167     2473.6361     2422.8834 1.28e+08    2.05%
 2842953 2568371     2466.3785   160     2473.6361     2422.9038 1.28e+08    2.05%
 2847568 2572722     2431.6129   124     2473.6361     2422.9101 1.29e+08    2.05%
 2852448 2581971     2454.7388   163     2473.6361     2422.9174 1.29e+08    2.05%
 2857312 2578838     2463.0582   179     2473.6361     2422.9292 1.29e+08    2.05%
Elapsed time = 12331.21 sec. (2666644.80 ticks, tree = 48845.90 MB, solutions = 107)
Nodefile size = 46788.20 MB (24203.71 MB after compression)
 2862184 2586921     2428.1381   238     2473.6361     2422.9309 1.29e+08    2.05%
 2866528 2588483     2458.2055   111     2473.6361     2422.9391 1.29e+08    2.05%
 2870939 2598561     2446.3674   301     2473.6361     2422.9391 1.30e+08    2.05%
 2875965 2599501     2444.1141    81     2473.6361     2422.9554 1.30e+08    2.05%
 2880872 2601610     2466.5835   191     2473.6361     2422.9652 1.30e+08    2.05%
 2885550 2611558     2433.2971   238     2473.6361     2422.9664 1.30e+08    2.05%
 2890114 2609861     2465.5682   134     2473.6361     2422.9664 1.30e+08    2.05%
 2894660 2621065     2445.0105   117     2473.6361     2422.9664 1.31e+08    2.05%
 2899336 2624677     2461.7225    98     2473.6361     2422.9861 1.31e+08    2.05%
 2903857 2626122     2445.5618   196     2473.6361     2422.9931 1.31e+08    2.05%
Elapsed time = 12501.95 sec. (2704798.48 ticks, tree = 49759.49 MB, solutions = 107)
Nodefile size = 47703.45 MB (24683.04 MB after compression)
 2908556 2631338     2457.1051   128     2473.6361     2422.9936 1.31e+08    2.05%
 2913294 2636231     2457.0015   119     2473.6361     2423.0051 1.32e+08    2.05%
 2917742 2641092     2455.6817   166     2473.6361     2423.0051 1.32e+08    2.05%
 2922074 2641518     2458.6396   129     2473.6361     2423.0106 1.32e+08    2.05%
 2926312 2649245     2455.9400    35     2473.6361     2423.0106 1.32e+08    2.05%
 2930349 2655240     2468.0367   115     2473.6361     2423.0106 1.32e+08    2.05%
 2934842 2657162     2460.1211   227     2473.6361     2423.0204 1.33e+08    2.05%
 2939563 2663616     2466.7867   110     2473.6361     2423.0226 1.33e+08    2.05%
 2944230 2667978     2467.2603   219     2473.6361     2423.0506 1.33e+08    2.04%
 2948629 2672833     2466.7469   180     2473.6361     2423.0506 1.33e+08    2.04%
Elapsed time = 12675.13 sec. (2742952.07 ticks, tree = 50664.84 MB, solutions = 107)
Nodefile size = 48611.48 MB (25158.93 MB after compression)
 2953297 2676190     2472.3713    88     2473.6361     2423.0588 1.33e+08    2.04%
 2957759 2680217     2465.1105   112     2473.6361     2423.0681 1.34e+08    2.04%
 2962104 2682898     2465.7793   201     2473.6361     2423.0724 1.34e+08    2.04%
 2967031 2687005     2443.5148   159     2473.6361     2423.0808 1.34e+08    2.04%
 2971608 2687575     2455.6360   100     2473.6361     2423.0845 1.34e+08    2.04%
 2976107 2697843     2460.1434   204     2473.6361     2423.0914 1.35e+08    2.04%
 2980661 2697216     2459.7645   118     2473.6361     2423.0914 1.35e+08    2.04%
 2985447 2702781     2459.5985   154     2473.6361     2423.0914 1.35e+08    2.04%
 2989988 2709441     2461.1651   209     2473.6361     2423.0914 1.35e+08    2.04%
 2994578 2713640     2469.5876    76     2473.6361     2423.0914 1.35e+08    2.04%
Elapsed time = 12847.52 sec. (2781106.68 ticks, tree = 51457.06 MB, solutions = 107)
Nodefile size = 49401.97 MB (25573.47 MB after compression)
 2998859 2719825     2453.6779    89     2473.6361     2423.0914 1.36e+08    2.04%
 3003210 2724204     2454.5150    92     2473.6361     2423.0914 1.36e+08    2.04%
 3007757 2726791     2450.1468   100     2473.6361     2423.0914 1.36e+08    2.04%
 3011990 2728536     2453.0384    89     2473.6361     2423.0914 1.36e+08    2.04%
 3016240 2733230     2458.0744    97     2473.6361     2423.0914 1.36e+08    2.04%
 3020880 2740984     2431.0767   177     2473.6361     2423.1395 1.37e+08    2.04%
 3025511 2737919     2454.0699   185     2473.6361     2423.1395 1.36e+08    2.04%
 3030264 2747848     2456.5746    78     2473.6361     2423.1667 1.37e+08    2.04%
 3035158 2750886     2436.6385   179     2473.6361     2423.1742 1.37e+08    2.04%
 3039839 2758641     2453.5755   235     2473.6361     2423.1771 1.38e+08    2.04%
Elapsed time = 13024.29 sec. (2819261.36 ticks, tree = 52332.05 MB, solutions = 107)
Nodefile size = 50278.55 MB (26033.83 MB after compression)
 3044192 2758259     2432.5200   145     2473.6361     2423.1869 1.38e+08    2.04%
 3048551 2761033     2441.5425   165     2473.6361     2423.1976 1.38e+08    2.04%
 3053066 2770831     2445.3647   188     2473.6361     2423.2053 1.38e+08    2.04%
