Version identifier: 22.1.1.0 | 2022-11-28 | 9160aff4d
CPXPARAM_TimeLimit                               20400
Tried aggregator 1 time.
MIP Presolve eliminated 4191 rows and 1581 columns.
MIP Presolve modified 40725 coefficients.
Reduced MIP has 24136 rows, 26041 columns, and 110638 nonzeros.
Reduced MIP has 13101 binaries, 12940 generals, 0 SOSs, and 0 indicators.
Presolve time = 0.17 sec. (95.79 ticks)
Probing fixed 86 vars, tightened 10 bounds.
Probing changed sense of 15 constraints.
Probing time = 6.03 sec. (64.23 ticks)
Tried aggregator 1 time.
Detecting symmetries...
MIP Presolve eliminated 529 rows and 533 columns.
MIP Presolve modified 2 coefficients.
Reduced MIP has 23607 rows, 25508 columns, and 108550 nonzeros.
Reduced MIP has 13013 binaries, 12495 generals, 0 SOSs, and 0 indicators.
Presolve time = 0.19 sec. (99.43 ticks)
Probing fixed 187 vars, tightened 0 bounds.
Probing time = 7.75 sec. (65.84 ticks)
Clique table members: 71600.
MIP emphasis: balance optimality and feasibility.
MIP search method: dynamic search.
Parallel mode: deterministic, using up to 32 threads.
Root relaxation solution time = 5.95 sec. (690.53 ticks)

        Nodes                                         Cuts/
   Node  Left     Objective  IInf  Best Integer    Best Bound    ItCnt     Gap

      0     0      941.2434   291                    941.2434       30         
      0     0      992.6977   394                   Cuts: 381     2822         
      0     0     1006.5834   499                   Cuts: 212     3977         
      0     0     1012.8323   504                   Cuts: 167     4989         
      0     0     1017.9933   540                   Cuts: 140     5862         
      0     0     1024.5158   525                   Cuts: 132     6361         
Detecting symmetries...
      0     0     1026.1740   565                   Cuts: 108     6916         
      0     0     1027.6249   491                   Cuts: 109     7332         
      0     0     1028.2748   484                    Cuts: 64     7568         
      0     0     1028.9540   546                    Cuts: 58     7795         
      0     0     1029.1545   546                    Cuts: 56     7886         
      0     0     1029.4230   510                    Cuts: 40     8036         
      0     0     1029.6183   539                    Cuts: 48     8167         
      0     0     1029.7150   537                    Cuts: 23     8235         
      0     0     1029.7841   538                    Cuts: 25     8279         
Detecting symmetries...
      0     2     1029.7841   538                   1029.7841     8279         
Elapsed time = 50.48 sec. (18968.59 ticks, tree = 0.02 MB, solutions = 0)
      1     3     1034.0970   512                   1029.7858     8976         
      2     3     1069.1483   499                   1029.7858    10057         
      4     4     1109.9157   485                   1029.7858    10518         
      7     7     1111.5679   492                   1041.8760    13484         
     10     5     1160.7739   482                   1041.8760    12419         
     16    10     1152.1484   503                   1041.8760    14773         
     18     6     1174.4206   476                   1041.8760    13997         
     24     8     1183.8993   523                   1044.4337    15276         
     30    12     1228.2868   523                   1045.8493    22868         
     55    21     1182.9437   512                   1061.8446    73607         
Elapsed time = 66.29 sec. (23544.39 ticks, tree = 0.21 MB, solutions = 0)
     68    23     1209.1784   488                   1061.8446    80626         
    105    28     1227.5790   478                   1061.9513   136539         
    123    66    infeasible                         1063.0991   213214         
    165    87     1250.2036   451                   1063.2380   230601         
    203    89     1250.1534   513                   1063.2380   256111         
    268   130     1557.6010   513                   1063.2380   321509         
    334   136     1352.4340   493                   1063.2380   335276         
    454   210     1508.9257   462                   1063.2380   424362         
    568   197     1361.0527   411                   1063.2380   397981         
    706   248    infeasible                         1063.2380   481715         
Elapsed time = 107.97 sec. (33356.00 ticks, tree = 9.99 MB, solutions = 0)
    815   240     1262.7717   472                   1064.8302   475265         
    968   308     1449.2146   450                   1064.8302   530685         
   1092   360     1528.5542   410                   1064.8302   576380         
   1182   353     1509.5539   465                   1064.8302   562018         
   1217   370     1304.3331   458                   1064.8302   585906         
   1255   403    infeasible                         1064.8302   614310         
   1289   448     1127.3345   495                   1064.9844   702813         
   1370   441     1224.9344   470                   1064.9844   658041         
   1459   432     1387.9681   418                   1066.5097   727459         
   1589   441     1281.2314   472                   1066.5097   804295         
Elapsed time = 154.83 sec. (43101.24 ticks, tree = 16.43 MB, solutions = 0)
   1754   502     1300.9499   489                   1068.8305   829125         
   1913   533     1250.0378   470                   1068.8305   866266         
   2062   504     1325.0487   439                   1068.8305   831008         
   2246   733     1157.0038   468                   1068.8305   942422         
   2406   709     1363.0928   422                   1068.8305   927084         
   2522   869     1252.1265   438                   1068.8305   996220         
   2639  1073     1476.1417   506                   1068.8305  1067980         
   2748   881     1215.1480   403                   1068.8305  1001806         
   2864  1025     1435.8768   530                   1068.8305  1051376         
   2932  1081     1559.7247   415                   1068.8305  1083308         
Elapsed time = 202.89 sec. (52747.45 ticks, tree = 51.04 MB, solutions = 0)
   2967  1113     1199.9333   490                   1072.1920  1101400         
   3010  1225     1187.1356   448                   1072.2120  1186494         
   3037  1251    infeasible                         1072.2120  1236858         
   3085  1155     1381.1754   494                   1072.2120  1148976         
   3167  1246     1432.6034   456                   1072.2120  1283854         
   3291  1250     1193.8502   479                   1072.2120  1270157         
   3377  1246     1357.9102   421                   1072.2120  1251946         
   3499  1252     1446.7216   410                   1072.2120  1277149         
   3610  1281     1359.8354   438                   1072.2120  1398454         
   3707  1351     1508.1225   392                   1072.2120  1445349         
Elapsed time = 252.93 sec. (62650.72 ticks, tree = 73.91 MB, solutions = 0)
   3855  1278    infeasible                         1072.2120  1391357         
   3989  1271     1259.3589   447                   1072.2120  1377980         
   4072  1429     1339.4227   497                   1072.2120  1489638         
   4186  1531     1335.0764   445                   1072.2120  1548991         
   4330  1610     1467.1223   487                   1072.2120  1599010         
   4444  1699     1247.9686   440                   1072.2120  1652816         
   4581  1721     1372.0904   491                   1072.2120  1656987         
   4691  1727     1418.9273   452                   1072.2120  1658097         
   4833  1900     1349.1555   438                   1072.2120  1750715         
   4937  1906     1527.9833   475                   1072.2120  1760422         
Elapsed time = 300.16 sec. (72322.62 ticks, tree = 110.48 MB, solutions = 0)
   5049  1941     1356.8828   474                   1072.2120  1775315         
   5207  2135     1299.6745   443                   1072.2120  1842508         
   5327  2028     1388.7047   461                   1072.2120  1804562         
   5426  2339    infeasible                         1116.6840  1958425         
   5463  2247     1262.2560   463                   1116.6840  1911689         
   5499  2509    infeasible                         1116.6840  2023465         
   5526  2286     1255.1730   403                   1116.6840  1929499         
   5556  2383     1443.0235   436                   1116.6840  1968915         
   5589  2556     1637.6955   392                   1116.6840  2082310         
   5621  2558     1643.3022   415                   1116.6840  2082483         
Elapsed time = 354.06 sec. (82072.02 ticks, tree = 210.97 MB, solutions = 0)
   5656  2557     1339.9325   489                   1116.6840  2191782         
   5719  2574     1355.1118   418                   1116.6840  2154969         
   5829  2555     1323.7092   483                   1116.6840  2198706         
   5986  2554     1800.1613   494                   1116.6840  2268367         
   6139  2582     1348.3494   446                   1116.6840  2318346         
   6295  2593     1838.1336   425                   1116.6840  2269853         
   6441  2676     1255.1640   490                   1116.6840  2399533         
   6577  2842     1541.2758   481                   1116.6840  2449115         
   6725  2649     1284.0952   431                   1116.6840  2385425         
   6840  2898     1488.2702   458                   1116.6840  2482509         
Elapsed time = 399.83 sec. (91704.77 ticks, tree = 273.92 MB, solutions = 0)
   7008  2817     2022.6332   343                   1116.6840  2435523         
   7118  2840     1304.3816   515                   1116.6840  2460467         
   7280  2968     1235.0254   512                   1116.6840  2547615         
   7425  3007    infeasible                         1116.6840  2571405         
   7574  3013     1382.6568   418                   1133.9973  2572540         
   7713  3087     1370.1066   485                   1133.9973  2618974         
   7828  3166    infeasible                         1133.9973  2685594         
   7984  3161     1340.8791   453                   1133.9973  2674381         
   8117  3338    infeasible                         1160.3552  2777954         
   8222  3317     1334.7165   458                   1160.3552  2762458         
Elapsed time = 444.96 sec. (101335.55 ticks, tree = 295.52 MB, solutions = 0)
   8303  3361     1358.8122   500                   1160.3552  2790184         
   8338  3383     1232.9223   458                   1160.3552  2819950         

Performing restart 1

Repeating presolve.
Tried aggregator 1 time.
MIP Presolve eliminated 260 rows and 233 columns.
MIP Presolve modified 582 coefficients.
Reduced MIP has 23347 rows, 25275 columns, and 107255 nonzeros.
Reduced MIP has 12816 binaries, 12459 generals, 0 SOSs, and 0 indicators.
Presolve time = 0.09 sec. (52.67 ticks)
Tried aggregator 1 time.
MIP Presolve eliminated 158 rows and 159 columns.
MIP Presolve modified 68 coefficients.
Reduced MIP has 23189 rows, 25116 columns, and 106619 nonzeros.
Reduced MIP has 12759 binaries, 12357 generals, 0 SOSs, and 0 indicators.
Presolve time = 0.19 sec. (99.79 ticks)
Represolve time = 10.23 sec. (321.18 ticks)
   8342     0     1060.8031   678                   Cuts: 493  3016171         
   8342     0     1126.7442   752                   Cuts: 689  3021042         
   8342     0     1148.5780   741                   Cuts: 883  3023166         
   8342     0     1166.1217   809                   Cuts: 998  3024829         
   8342     0     1171.9623   826                   Cuts: 541  3025972         
   8342     0     1174.2741   887                   Cuts: 898  3027236         
   8342     0     1175.3989   830                   Cuts: 805  3028108         
   8342     0     1176.5987   886                   Cuts: 491  3028981         
   8342     0     1177.5182   881                   Cuts: 720  3029733         
   8342     0     1178.2923   894                   Cuts: 471  3030544         
   8342     0     1179.3853   870                  Cuts: 1908  3031469         
   8342     0     1182.7294   843                   Cuts: 674  3032642         
   8342     0     1184.1160   883                   Cuts: 480  3033529         
   8342     0     1184.7957   898                   Cuts: 850  3034104         
   8342     0     1185.2367   907                   Cuts: 214  3034560         
   8342     0     1185.5397   900                   Cuts: 320  3034918         
   8342     0     1185.7253   906                   Cuts: 145  3035216         
   8342     0     1185.8190   913                   Cuts: 112  3035404         
   8342     0     1185.9750   910                    Cuts: 86  3035634         
   8342     0     1186.1450   918                   Cuts: 104  3035898         
   8342     0     1186.2336   917                   Cuts: 113  3036110         
   8342     0     1186.4331   937                   Cuts: 164  3036434         
   8342     0     1186.5168   946                   Cuts: 189  3036672         
   8342     0     1186.5860   946                    Cuts: 71  3036841         
   8342     2     1186.5860   946                   1186.5860  3036841         
   8343     3     1192.4828   885                   1192.5044  3039336         
   8344     4     1193.9663   869                   1193.9738  3040528         
   8345     2     1306.6928   773                   1193.9738  3046346         
   8346     1    infeasible                         1193.9738  3047976         
   8347     4     1256.0965   810                   1193.9738  3043138         
   8348     5     1196.0993   848                   1196.1069  3041670         
   8349     5     1231.9287   828                   1196.1069  3044250         
Elapsed time = 716.53 sec. (290091.84 ticks, tree = 0.02 MB, solutions = 0)
   8352     5     1267.9317   795                   1196.1069  3056938         
   8355     6    infeasible                         1196.1069  3068727         
   8360     8     1346.7961   686                   1201.7707  3098587         
   8368     7     1243.6646   759                   1201.7707  3086230         
   8371     9     1458.4492   683                   1201.7707  3100295         
   8373     7     1429.7152   686                   1201.7707  3096278         
   8382    11     1261.7123   878                   1203.5768  3112634         
   8387    17    infeasible                         1203.5768  3248669         
   8393    17     1364.7620   691                   1203.5768  3222164         
   8403    17    infeasible                         1203.5768  3270838         
Elapsed time = 868.09 sec. (350340.89 ticks, tree = 0.02 MB, solutions = 0)
   8416    20    infeasible                         1203.5768  3319748         
   8425    21     1362.9611   737                   1203.5768  3315781         
   8437    20     1249.1788   862                   1206.2190  3309647         
   8452    16    infeasible                         1206.2242  3269002         
   8475    27     1475.0995   671                   1206.2242  3464303         
   8524    36     1532.5390   628                   1207.9737  3510844         
   8576    53     1471.7794   760                   1207.9737  3560950         
   8632    73     1419.0011   821                   1208.2102  3651330         
   8706    62     1445.7662   600                   1209.5733  3586902         
   8784   112     1431.3105   685                   1209.5733  3731790         
Elapsed time = 1080.50 sec. (390856.88 ticks, tree = 0.66 MB, solutions = 0)
   8819   162     1338.8988   756                   1209.5733  3807141         
   8860   160     1559.9490   536                   1209.5733  3798873         
   8914   219     1536.6455   685                   1209.5733  3975285         
   8955   202    infeasible                         1209.5733  4005349         
   9016   211     1445.2932   662                   1209.5733  4013563         
   9086   209     1372.5237   678                   1209.5733  4082680         
   9262   233     1378.9794   645                   1219.2684  4263347         
   9395   320     1261.1131   872                   1219.2684  4361021         
   9531   219     1334.5128   793                   1219.2684  4255737         
   9662   325     1330.2342   745                   1219.2684  4366985         
Elapsed time = 1313.48 sec. (429585.64 ticks, tree = 7.32 MB, solutions = 0)
   9782   349     1627.4649   507                   1219.2684  4400361         
   9896   518     1847.5692   481                   1222.0474  4530880         
   9969   608     1485.6765   636                   1222.0542  4675385         
  10018   719     1600.0749   626                   1222.0542  4762327         
  10078   742     1679.3772   716                   1222.0542  4859078         
  10122   733    infeasible                         1222.0542  4883561         
  10186   713    infeasible                         1222.0542  4967404         
  10244   727     1452.2746   736                   1222.0542  5008375         
  10321   734     1962.5050   491                   1222.0542  4930723         
  10392   736     1876.1966   589                   1222.0542  5079133         
Elapsed time = 1545.94 sec. (468333.85 ticks, tree = 13.40 MB, solutions = 0)
  10500   729     1768.8240   635                   1222.0542  5288204         
  10611   763     1920.8034   610                   1222.0542  5310870         
  10732   776     1975.0411   498                   1222.0542  5313560         
  10852   763     1525.1390   674                   1222.0542  5257142         
  10987   931    infeasible                         1222.0542  5578452         
  11114  1024     1558.7994   545                   1222.0542  5662060         
  11256   828     1302.3033   793                   1222.0542  5527854         
  11410  1165     1443.6326   735                   1222.0542  5826936         
  11589  1247     1609.4100   572                   1257.6749  5894021         
  11802  1176    infeasible                         1257.6749  5846594         
Elapsed time = 1779.16 sec. (506639.65 ticks, tree = 23.16 MB, solutions = 0)
  11976  1141     1616.3822   652                   1257.6749  5811787         
  12192  1272     1342.9413   791                   1257.6749  5901476         
  12372  1413     1574.3090   646                   1257.6749  6045028         
  12468  1832    infeasible                         1257.6749  6312858         
  12562  1792    infeasible                         1257.6749  6299629         
  12623  1677    infeasible                         1257.6749  6252368         
  12686  2054     1553.4867   633                   1291.2573  6443118         
  12747  2059    infeasible                         1291.2573  6511689         
  12817  2079     1546.9456   689                   1295.0389  6504762         
  12880  2017    infeasible                         1301.3977  6610986         
Elapsed time = 2010.90 sec. (545475.20 ticks, tree = 133.06 MB, solutions = 0)
  12944  2012     1646.0605   683                   1301.3977  6650639         
  12994  2024     1487.1144   739                   1301.3977  6855084         
  13063  2077     1589.6574   585                   1301.3977  6983324         
  13153  2074     1346.8636   733                   1305.2984  7060746         
  13272  2114     1546.2285   706                   1305.5795  7124654         
  13375  2109     1526.3844   716                   1305.5795  7194663         
  13518  2083     1575.3377   628                   1305.5795  7114383         
  13704  2092     1381.6433   737                   1322.3017  7152826         
  13904  2260    infeasible                         1322.3017  7521362         
  14040  2262     1850.1187   523                   1322.3017  7524175         
Elapsed time = 2251.61 sec. (584346.51 ticks, tree = 137.00 MB, solutions = 0)
  14268  2205     1583.3953   673                   1322.3017  7484532         
  14452  2280     1544.3223   631                   1322.7265  7529708         
  14667  2494     1381.5651   749                   1322.7265  7751009         
  14803  2388     1415.4536   811                   1324.0876  7627492         
  14911  2551     1635.6605   626                   1324.0876  7851477         
  15030  2556     1773.3362   601                   1324.0876  7855008         
  15137  2490     1444.1438   720                   1324.0876  7810379         
  15222  2692     1480.3158   736                   1332.5026  7973387         
  15307  2780    infeasible                         1333.0236  8070934         
  15376  2905    infeasible                         1333.0236  8387058         
Elapsed time = 2481.53 sec. (623122.88 ticks, tree = 225.57 MB, solutions = 0)
  15459  2877    infeasible                         1333.0236  8448976         
  15529  2846    infeasible                         1333.0236  8502846         
  15611  2725    infeasible                         1333.0236  8641494         
  15680  2890     2009.7176   497                   1333.0236  8479210         
  15751  2791    infeasible                         1333.0236  8569209         
  15820  2677    infeasible                         1333.0236  8729812         
  15884  2574     1435.3896   750                   1333.0236  8891814         
  15958  2709     1620.4158   614                   1333.0236  8665410         
  16031  2440     1520.9306   705                   1333.0236  9116188         
  16100  2597     1614.9483   680                   1333.0236  8842887         
Elapsed time = 2720.08 sec. (662488.53 ticks, tree = 191.72 MB, solutions = 0)
  16187  2435     1671.3062   650                   1333.0236  9169492         
  16259  2491    infeasible                         1333.0236  9026431         
  16335  2374     1809.8231   559                   1333.0236  9395174         
  16406  2367    infeasible                         1333.0236  9408389         
  16484  2416     1834.2042   652                   1333.0236  9303258         
  16544  2363     1623.2466   682                   1333.0236  9411211         
  16620  2310     1530.3127   688                   1333.0236  9619298         
  16692  2347     2219.9083   391                   1333.0236  9486220         
  16735  2318     1544.7539   701                   1333.0236  9621211         
  16777  2302     1496.5931   682                   1333.0236  9642551         
Elapsed time = 2913.74 sec. (701292.74 ticks, tree = 145.67 MB, solutions = 0)
  16801  2272    infeasible                         1333.0236  9718874         
  16807  2287    infeasible                         1333.0236  9711996         

Performing restart 2

Repeating presolve.
Tried aggregator 1 time.
MIP Presolve eliminated 87 rows and 190 columns.
MIP Presolve modified 208 coefficients.
Reduced MIP has 23102 rows, 24926 columns, and 157221 nonzeros.
Reduced MIP has 12583 binaries, 12343 generals, 0 SOSs, and 0 indicators.
Presolve time = 0.16 sec. (89.02 ticks)
Tried aggregator 1 time.
MIP Presolve eliminated 39 rows and 58 columns.
Reduced MIP has 23063 rows, 24868 columns, and 156862 nonzeros.
Reduced MIP has 12564 binaries, 12304 generals, 0 SOSs, and 0 indicators.
Presolve time = 0.22 sec. (106.08 ticks)
Represolve time = 11.54 sec. (860.36 ticks)
  16809     0     1195.8445   921                   Cuts: 803 10134082         
  16809     0     1196.5798   900                   Cuts: 547 10134926         
  16809     0     1197.0584   933                   Cuts: 269 10135524         
  16809     0     1197.5112   947                   Cuts: 136 10136063         
  16809     0     1197.7953   945                   Cuts: 223 10136486         
  16809     0     1197.9397   960                   Cuts: 127 10136829         
  16809     0     1198.0273   962                   Cuts: 149 10137060         
  16809     0     1198.0773   955                    Cuts: 60 10137196         
  16809     2     1198.0773   955                   1392.2520 10137196         
  16811     4     1201.5884   904                   1392.2520 10140790         
  16816     6     1264.6622   804                   1392.2520 10150212         
  16824     8     1317.9124   781                   1392.2520 10156287         
  16843    15     1229.6979   830                   1392.2520 10179879         
  16862    25     1259.3481   888                   1392.2520 10241426         
  16911    69     1229.4669   853                   1392.2520 10344957         
  16974    93     1291.5571   800                   1392.2520 10413895         
Elapsed time = 3232.72 sec. (845304.15 ticks, tree = 0.39 MB, solutions = 0)
  17010    84     1260.8736   826                   1392.2520 10390479         
  17041   164     1490.8138   560                   1392.2520 10549058         
  17070   187     1495.6504   543                   1392.2520 10668912         
  17103   190     1387.8719   725                   1392.2520 10698334         
  17156   220     1311.6247   768                   1392.2520 10855136         
  17215   241     1406.5956   716                   1392.2520 10921020         
  17273   247     1343.2640   781                   1392.2520 10937016         
  17314   262    infeasible                         1392.2520 10989914         
  17356   347     1297.6400   850                   1392.2520 11170556         
  17410   335     1364.2476   775                   1392.2520 11139683         
Elapsed time = 3477.68 sec. (884704.84 ticks, tree = 5.15 MB, solutions = 0)
  17463   392     1253.7435   747                   1392.2520 11318028         
  17525   395     1249.2176   780                   1392.2520 11320518         
  17591   413     1596.7523   541                   1392.2520 11363287         
  17659   485     1646.6752   539                   1392.2520 11519406         
  17722   463     1443.9734   789                   1392.2520 11488292         
  17781   558     1471.6699   727                   1392.2520 11702752         
  17837   614     1314.1947   783                   1392.2520 11819057         
  17882   618     1517.6685   677                   1392.2520 11837464         
  17926   692    infeasible                         1392.2520 11953486         
  17969   719     1439.2906   694                   1392.2520 12008895         
Elapsed time = 3705.66 sec. (923302.38 ticks, tree = 34.03 MB, solutions = 0)
  18027   738     1762.0174   517                   1392.2520 12069310         
  18078   757     1456.9191   714                   1392.2520 12141115         
  18152   746     1294.9935   779                   1392.2520 12102234         
  18211   828     1781.8589   513                   1392.2520 12255723         
  18286   906     1714.0926   547                   1392.2520 12441354         
  18353   945     1368.7092   814                   1392.2520 12481718         
  18413  1011     1484.0128   694                   1392.2520 12580993         
  18467  1022     1452.6459   724                   1392.2520 12614425         
  18523   960     1284.6070   763                   1392.2520 12510457         
  18583  1041     1286.9730   760                   1392.2520 12631110         
Elapsed time = 3939.50 sec. (962283.05 ticks, tree = 49.04 MB, solutions = 0)
  18659  1118     1267.5521   865                   1392.2520 12814494         
  18725  1228     1342.4083   681                   1392.2520 12987860         
  18816  1269     1433.5791   685                   1392.2520 13080014         
  18893  1191     1401.4452   713                   1392.2520 12934909         
  18963  1262    infeasible                         1392.2520 13036946         
  19024  1412     1305.4792   685                   1392.2520 13216348         
  19077  1274     1362.8441   678                   1392.2520 13098900         
  19125  1421     1501.1112   677                   1392.2520 13248556         
  19176  1508     1297.4369   783                   1392.2520 13452388         
  19243  1486    infeasible                         1392.2520 13399161         
Elapsed time = 4168.97 sec. (1000987.75 ticks, tree = 95.32 MB, solutions = 0)
  19306  1523     1308.9831   829                   1392.2520 13483394         
  19385  1543     1480.0207   727                   1392.2520 13498811         
  19459  1628     1395.3571   816                   1392.2520 13654514         
  19549  1554     1515.0389   492                   1392.2520 13532211         
  19632  1695     1702.4599   575                   1392.2520 13814849         
  19704  1792     1580.3312   617                   1392.2520 13913244         
  19773  1664     1337.4221   700                   1392.2520 13775327         
  19856  1793     1686.2533   496                   1392.2520 13920135         
  19919  1794    infeasible                         1392.2520 13923329         
  19985  2063     1520.1722   556                   1392.2520 14277112         
Elapsed time = 4397.84 sec. (1039736.75 ticks, tree = 192.94 MB, solutions = 0)
  20045  2053     1502.0531   642                   1392.2520 14268075         
  20108  2059     1527.8994   616                   1392.2520 14269753         
  20163  2218     1362.9018   736                   1392.2520 14572174         
  20218  2146     1513.4910   635                   1392.2520 14364315         
  20298  2229     1331.3047   878                   1392.2520 14591403         
  20354  2189     1337.9011   823                   1392.2520 14464333         
  20421  2368     1534.1462   643                   1392.2520 14834028         
  20480  2285     1573.9971   593                   1392.2520 14678831         
  20546  2250    infeasible                         1392.2520 14640011         
  20591  2385    infeasible                         1392.2520 14861621         
Elapsed time = 4628.35 sec. (1078506.23 ticks, tree = 204.54 MB, solutions = 0)
  20645  2340     1490.3513   641                   1392.2520 14816457         
  20698  2416     1668.8938   521                   1392.2520 14962180         
  20742  2420     1335.4440   828                   1392.2520 14920776         
  20791  2533    infeasible                         1392.2520 15223209         
  20837  2568     1418.0621   638                   1392.2520 15293529         
  20879  2578     1392.9920   686                   1392.2520 15332139         
  20918  2567    infeasible                         1392.2520 15299438         
  20980  2579     1750.3225   575                   1392.2520 15338771         
  21027  2764    infeasible                         1392.2520 15760167         
  21073  2738    infeasible                         1392.2520 15694408         
Elapsed time = 4854.32 sec. (1117318.42 ticks, tree = 259.28 MB, solutions = 0)
  21132  2763     1410.1984   856                   1392.2520 15764973         
  21192  2901     1558.8626   590                   1392.2520 16102075         
  21280  2844     1637.4977   603                   1392.2520 16005002         
  21375  2906     1520.4402   647                   1392.2520 16140138         
  21455  2931     1475.2137   749                   1392.2520 16244837         
  21536  2902     1348.4113   751                   1392.2520 16097551         
  21616  3092     1747.5869   523                   1392.2520 16526500         
  21706  2957     1479.0547   697                   1392.2520 16291995         
  21806  3257     1517.1061   729                   1392.2520 16698541         
  21894  3032     1382.8200   780                   1392.2520 16434837         
Elapsed time = 5090.65 sec. (1156188.31 ticks, tree = 318.17 MB, solutions = 0)
  21995  3047     1473.2572   625                   1392.2520 16467459         
  22082  3343     1544.6317   622                   1392.2520 16833648         
  22167  3370     1570.4489   634                   1392.2520 16889316         
  22264  3592    infeasible                         1392.2520 17129808         
  22339  3403     1305.5068   760                   1392.2520 16944548         
  22416  3343     1648.2516   640                   1392.2520 16868018         
  22495  3528     1665.2229   528                   1392.2520 17099450         
  22555  3599     1311.1529   855                   1392.2520 17140397         
  22614  3602     1313.9542   846                   1392.2520 17141278         
  22678  3667     1367.0796   768                   1392.2520 17233886         
Elapsed time = 5317.98 sec. (1195014.45 ticks, tree = 433.52 MB, solutions = 0)
  22739  3629     1464.6441   628                   1392.2520 17211573         
  22783  3718     1609.6297   680                   1392.2520 17290634         
  22828  3933    infeasible                         1392.2520 17655185         
  22879  4047     1737.6551   645                   1392.2520 17910075         
  22929  4096     1314.4815   808                   1392.2520 18031193         
  22973  4098     1322.9414   767                   1392.2520 18032923         
  23026  4003    infeasible                         1392.2520 17826642         
  23076  4007     1458.4983   730                   1392.2520 17805305         
  23128  4118     1875.9551   574                   1392.2520 18099721         
  23181  4253     1703.1586   529                   1392.2520 18504834         
Elapsed time = 5547.16 sec. (1234267.37 ticks, tree = 502.91 MB, solutions = 0)
  23253  4217     1744.2211   576                   1392.2520 18366161         
  23314  4203     1516.3782   703                   1392.2520 18347032         
  23371  4257     2030.7477   465                   1392.2520 18513675         
  23438  4286     1833.6357   499                   1392.2520 18588623         
  23497  4359     1386.7646   776                   1392.2520 18825753         
  23553  4271     1409.5334   793                   1392.2520 18549399         
  23609  4397     1421.5382   774                   1392.2520 18939345         
  23680  4422     1490.6440   700                   1392.2520 19030302         
  23750  4349     1570.3039   582                   1392.2520 18760695         
  23840  4410    infeasible                         1392.2520 19003181         
Elapsed time = 5790.03 sec. (1272880.00 ticks, tree = 534.91 MB, solutions = 0)
  23912  4416    infeasible                         1392.2520 19018067         
  23988  4385     2105.5246   518                   1392.2520 18912253         
  24051  4560     1343.3948   857                   1392.2520 19331749         
  24106  4525     1739.5116   595                   1392.2520 19283149         
  24177  4435     2178.3156   534                   1392.2520 19092048         
  24241  4492     1323.7125   751                   1392.2520 19188465         
  24309  4770    infeasible                         1392.2520 19865977         
  24368  4568     1545.1812   582                   1392.2520 19368778         
  24452  4675    infeasible                         1392.2520 19663708         
  24528  4675     1296.4740   819                   1392.2520 19666393         
Elapsed time = 6011.72 sec. (1311669.47 ticks, tree = 584.59 MB, solutions = 0)
  24584  4854     1991.6844   537                   1392.2520 20113758         
  24649  4889     1479.7961   684                   1392.2520 20173911         
  24708  4788     1438.6650   734                   1392.2520 19904980         
  24765  4805     1683.4788   564                   1392.2520 19995680         
  24816  5008     1645.1293   620                   1392.2520 20465134         
  24869  5003    infeasible                         1392.2520 20445553         
  24922  5039    infeasible                         1392.2520 20528967         
  24963  5122     1710.0734   489                   1392.2520 20727453         
  25001  5051    infeasible                         1392.2520 20629685         
  25047  5154    infeasible                         1392.2520 20865029         
Elapsed time = 6246.89 sec. (1350319.77 ticks, tree = 625.42 MB, solutions = 0)
  25091  5207     1491.9471   721                   1392.2520 21130712         
  25148  5197     1350.7121   725                   1392.2520 21103103         
  25194  5158     1384.1976   834                   1392.2520 20846855         
  25250  5228    infeasible                         1392.2520 21336904         
  25301  5200     1724.1927   635                   1392.2520 21111909         
  25357  5201     1632.4867   616                   1392.2520 21094570         
  25419  5290     1742.9674   582                   1392.2520 21595115         
  25494  5207     1872.4782   523                   1392.2520 21212767         
  25549  5267     1476.8363   714                   1392.2520 21533461         
  25620  5324     1785.4706   478                   1392.2520 21675361         
Elapsed time = 6472.14 sec. (1388938.73 ticks, tree = 646.91 MB, solutions = 0)
  25688  5421     1581.0130   620                   1392.2520 21898881         
  25758  5438     1332.9898   673                   1392.2520 21978241         
  25843  5486     1889.7514   580                   1392.2520 22080685         
  25925  5447     1325.6636   783                   1392.2520 22013422         
  25997  5390     1529.0285   632                   1392.2520 21841665         
  26079  5529     1707.7270   513                   1392.2520 22130009         
  26139  5550     1714.6263   570                   1392.2520 22185207         
  26214  5456     1453.7717   676                   1392.2520 22024724         
  26294  5638     1690.8720   578                   1392.2520 22414535         
  26363  5495     1595.1244   675                   1392.2520 22059982         
Elapsed time = 6707.33 sec. (1427816.64 ticks, tree = 680.58 MB, solutions = 0)
  26426  5834    infeasible                         1392.2520 22827101         
  26487  5827    infeasible                         1392.2520 22815234         
  26542  5846     1310.7886   795                   1392.2520 22852289         
  26598  5659     1342.9199   737                   1392.2520 22473332         
  26667  5680     1322.1520   715                   1392.2520 22493392         
  26725  5697     1387.1349   630                   1392.2520 22559184         
  26796  5912     1774.2297   525                   1392.2520 22968558         
  26879  5953     1356.4397   844                   1392.2520 23161703         
  26956  5995     1785.6308   537                   1392.2520 23308259         
  27014  5891     1372.2982   820                   1392.2520 22906582         
Elapsed time = 6944.99 sec. (1466634.39 ticks, tree = 758.15 MB, solutions = 0)
  27073  6096     1837.8277   610                   1392.2520 23493741         
  27121  6117     1592.9554   669                   1392.2520 23588956         
  27186  5975     1644.5674   567                   1392.2520 23271377         
  27249  6119    infeasible                         1392.2520 23594157         
  27325  6164    infeasible                         1392.2520 23738911         
  27382  6335     1477.7490   753                   1392.2520 24111001         
  27443  6203     1489.7759   661                   1392.2520 23819058         
  27497  6370     1493.8632   630                   1392.2520 24185008         
  27560  6159     1441.1239   734                   1392.2520 23706320         
  27614  6400     1574.3882   613                   1392.2520 24272956         
Elapsed time = 7173.22 sec. (1505385.64 ticks, tree = 788.87 MB, solutions = 0)
  27662  6407     1596.6656   536                   1392.2520 24237825         
  27710  6337     1539.5307   672                   1392.2520 24125722         
  27742  6441    infeasible                         1392.2520 24391587         
  27784  6566     1542.0817   654                   1392.2520 24790857         
  27834  6575    infeasible                         1392.2520 24852444         
  27885  6602     1655.4703   441                   1392.2520 24884738         
  27935  6516     1560.1945   598                   1392.2520 24619186         
  27979  6565    infeasible                         1392.2520 24744682         
  28037  6533    infeasible                         1392.2520 24700070         
  28090  6648     1324.8668   724                   1392.2520 25221185         
Elapsed time = 7402.38 sec. (1544364.53 ticks, tree = 842.70 MB, solutions = 0)
  28156  6661     1699.1971   547                   1392.2520 25136394         
  28231  6682    infeasible                         1392.2520 25396285         
  28305  6669     1587.1882   495                   1392.2520 25246926         
  28381  6724     1405.9855   748                   1392.2520 25569042         
  28444  6676     1883.5897   465                   1392.2520 25253599         
  28514  6700     1629.4735   582                   1392.2520 25381170         
  28602  6661    infeasible                         1392.2520 25274658         
  28683  6702    infeasible                         1392.2520 25387229         
  28761  6880     2024.4616   328                   1392.2520 25857142         
  28869  6785     1647.3498   541                   1392.2520 25777621         
Elapsed time = 7632.91 sec. (1582783.14 ticks, tree = 867.94 MB, solutions = 0)
  28953  6906     2047.6122   335                   1392.2520 25859161         
  29017  6878     1623.6782   496                   1392.2520 25894578         
  29093  7001     1312.8472   812                   1392.2520 26130245         
  29170  6881     1412.4830   749                   1392.2520 25917216         
  29242  7010     1585.8031   599                   1392.2520 26161408         
  29310  7282     2049.5682   271                   1392.2520 26578083         
  29370  6974     1619.7499   509                   1392.2520 26101230         
  29456  7301    infeasible                         1392.2520 26663786         
  29528  7128     1311.3139   776                   1392.2520 26531263         
  29605  7331    infeasible                         1392.2520 26801375         
Elapsed time = 7866.66 sec. (1621427.65 ticks, tree = 922.11 MB, solutions = 0)
  29695  7325     1489.3366   660                   1392.2520 26722002         
  29759  7376     1513.8746   745                   1392.2520 26976102         
  29836  7329     1589.0324   643                   1392.2520 26727716         
  29906  7655     2068.7147   271                   1392.2520 27371878         
  29963  7458     1306.3735   855                   1392.2520 27166808         
  30020  7497    infeasible                         1392.2520 27219210         
  30071  7344     1433.3531   662                   1392.2520 26793889         
  30123  7523     1345.3066   741                   1392.2520 27271388         
  30172  7521     1395.5100   766                   1392.2520 27301152         
  30223  7769     1674.0922   615                   1392.2520 27917021         
Elapsed time = 8099.42 sec. (1660159.61 ticks, tree = 945.48 MB, solutions = 0)
  30272  7704     2080.0310   269                   1392.2520 27373023         
  30326  7770     1410.8494   833                   1392.2520 27971981         
  30390  7790     1936.9161   588                   1392.2520 28006730         
  30465  7691     1529.4862   577                   1392.2520 27518576         
  30545  7795    infeasible                         1392.2520 28045855         
  30607  7910     2099.8759   254                   1392.2520 28093573         
  30684  7928     2102.2696   258                   1392.2520 28094216         
  30771  7799     1661.8763   553                   1392.2520 28100933         
  30859  7925     2010.0509   391                   1392.2520 28424756         
  30955  7921     1375.8170   806                   1392.2520 28532665         
Elapsed time = 8320.24 sec. (1698702.96 ticks, tree = 976.03 MB, solutions = 0)
  31052  7950     2013.7843   380                   1392.2520 28426572         
  31153  8136     2132.2847   259                   1392.2520 28728666         
  31244  7975     1507.1069   590                   1392.2520 28729622         
  31315  7885     1716.2435   552                   1392.2520 28245158         
  31395  7999     2020.3705   380                   1392.2520 28430563         
  31453  8130     1353.6519   786                   1392.2520 28790618         
  31523  8381     2037.5789   317                   1392.2520 29173800         
  31602  8270     1694.9960   576                   1392.2520 29170478         
  31697  8400    infeasible                         1392.2520 29265230         
  31771  8472     1532.9460   790                   1392.2520 29433460         
Elapsed time = 8548.93 sec. (1737187.53 ticks, tree = 1030.05 MB, solutions = 0)
  31847  8433     2046.0016   339                   1392.2520 29177543         
  31900  8414     1424.8198   723                   1392.2520 29331670         
  31974  8525     1498.0766   573                   1392.2520 29678807         
  32058  8249     1665.0184   595                   1392.2520 29069546         
  32140  8495     1962.2570   523                   1392.2520 29514411         
  32225  8609     1455.4404   730                   1392.2520 29785603         
  32295  8490     1497.8296   693                   1392.2520 29545273         
  32373  8841     2073.9282   285                   1392.2520 29982607         
  32474  8659     1318.8063   783                   1392.2520 29844731         
  32536  8808     1535.3033   704                   1392.2520 30088680         
Elapsed time = 8785.63 sec. (1775639.19 ticks, tree = 1031.71 MB, solutions = 0)
  32610  8885    infeasible                         1392.2520 30314624         
  32690  8915     2087.1844   290                   1392.2520 29986302         
  32768  8681     1859.0059   642                   1392.2520 29939295         
  32828  8918     1719.1675   551                   1392.2520 30496124         
  32888  8888     1604.7669   587                   1392.2520 30353983         
  32946  9230     2101.2695   309                   1392.2520 30833387         
  33007  9273    infeasible                         1392.2520 31015802         
  33054  9261     1547.2496   666                   1392.2520 30974332         
  33104  9251     2092.5226   328                   1392.2520 30835426         
  33156  9258     2092.7390   325                   1392.2520 30835847         
Elapsed time = 9006.13 sec. (1814187.06 ticks, tree = 1114.66 MB, solutions = 0)
  33213  9299     1420.5294   747                   1392.2520 31082634         
  33275  9254     1687.9269   682                   1392.2520 30961757         
  33345  9373     1646.0527   597                   1392.2520 31386433         
  33428  9383    infeasible                         1392.2520 31496810         
  33504  9463    infeasible                         1392.2520 31680694         
  33580  9518     2107.8236   313                   1392.2520 31521227         
  33649  9469     1341.1016   829                   1392.2520 31592503         
  33725  9549     2110.9725   308                   1392.2520 31523103         
  33815  9570     2154.9795   268                   1392.2520 31524042         
  33898  9600     2114.4312   286                   1392.2520 31524654         
Elapsed time = 9235.67 sec. (1853071.26 ticks, tree = 1182.00 MB, solutions = 0)
  33996  9401     1708.9560   591                   1392.2520 31494710         
  34070  9470     1602.3599   598                   1392.2520 31662578         
  34152  9605     1618.1637   652                   1392.2520 32200049         
  34248  9861     2124.1265   230                   1392.2520 32230579         
  34344  9512     1790.7177   490                   1392.2520 31794103         
  34458  9513     1403.4163   751                   1392.2520 31839498         
  34566  9933     2137.3992   220                   1392.2520 32234169         
  34655  9918     1578.0521   565                   1392.2520 32509585         
  34752  9560     1405.3324   779                   1392.2520 32147286         
  34841  9928     1539.3582   649                   1392.2520 32578878         
Elapsed time = 9460.20 sec. (1891499.53 ticks, tree = 1243.22 MB, solutions = 0)
  34903  9893     1474.1796   707                   1392.2520 32490576         
  34986  9830    infeasible                         1392.2520 32288254         
  35057 10374     1559.3853   676                   1392.2520 33300287         
  35117 10084     1529.2993   611                   1392.2520 33069863         
  35206 10055     1475.5997   700                   1392.2520 32946730         
  35298 10108     1523.2513   687                   1392.2520 33136745         
  35383 10488     1565.0896   700                   1392.2520 33658843         
  35488 10467     2194.8479   197                   1392.2520 33209973         
  35604 10494     2185.6144   218                   1392.2520 33211276         
  35675 10514     2188.2550   223                   1392.2520 33212981         
Elapsed time = 9687.69 sec. (1930276.93 ticks, tree = 1261.19 MB, solutions = 0)
  35759 10487     1594.3959   686                   1392.2520 33641197         
  35818 10559     1972.5622   560                   1392.2520 33886362         
  35906 10806     2198.0389   191                   1392.2520 34173550         
  35965 10820     2200.4772   188                   1392.2520 34174119         
  36026 10837     2203.4072   232                   1392.2520 34174468         
  36089 10852     2213.6280   180                   1392.2520 34175040         
  36164 10551     1597.6546   534                   1392.2520 33995807         
  36225 10556    infeasible                         1392.2520 34119059         
  36280 11011    infeasible                         1392.2520 34767046         
  36344 10892    infeasible                         1392.2520 34390357         
Elapsed time = 9926.63 sec. (1968987.87 ticks, tree = 1291.29 MB, solutions = 0)
  36403 10927     2274.8219   137                   1392.2520 34178722         
  36455 11195    infeasible                         1392.2520 35034939         
  36515 11210     2280.0503   152                   1392.2520 35013223         
  36582 11038     1513.6935   611                   1392.2520 35011846         
  36643 11198    infeasible                         1392.2520 35088981         
  36701 11261     2297.6774   164                   1392.2520 35016543         
  36757 11024     1340.9411   638                   1392.2520 34895971         
  36835 11171    infeasible                         1392.2520 35443047         
  36897 11313     2328.0788   111                   1392.2520 35019409         
  36960 11181    infeasible                         1392.2520 35367126         
Elapsed time = 10158.56 sec. (2007520.42 ticks, tree = 1359.01 MB, solutions = 0)
  37030 11353     2369.8974   102                   1392.2520 35021399         
  37108 11405     2335.3442   123                   1392.2520 35785114         
  37181 11174     1534.8260   676                   1392.2520 35562921         
  37254 11171     1631.0629   683                   1392.2520 35617183         
  37337 11467     2351.1922   118                   1392.2520 35790478         
  37416 11176     1452.9568   753                   1392.2520 35570737         
  37483 11397     1405.7654   704                   1392.2520 36174999         
  37546 11398     1583.5128   631                   1392.2520 36178504         
  37638 11407     1612.9112   508                   1392.2520 36009443         
  37716 11425     1354.2798   773                   1392.2520 36457977         
Elapsed time = 10384.72 sec. (2046173.37 ticks, tree = 1351.59 MB, solutions = 0)
  37778 11430     1726.0055   570                   1392.2520 36489909         
  37860 11408     1443.6625   712                   1392.2520 36276974         
  37917 11485     1832.6398   654                   1392.2520 36588044         
  37970 11488     1944.9257   566                   1392.2520 36591343         
  38044 11408    infeasible                         1392.2520 36287970         
  38111 11402    infeasible                         1392.2520 36133001         
  38178 11414     1973.1057   478                   1392.2520 36294760         
  38254 11398     1485.2166   783                   1392.2520 36327519         
  38298 11431     1565.1640   694                   1392.2520 36514556         
  38342 11672    infeasible                         1392.2520 36995804         
Elapsed time = 10620.23 sec. (2085020.48 ticks, tree = 1352.17 MB, solutions = 0)
  38404 11758     1624.2168   561                   1392.2520 37195790         
  38460 11785     1613.1512   562                   1392.2520 37426674         
  38511 11745    infeasible                         1392.2520 37173184         
  38554 11858     1880.9194   604                   1392.2520 37911976         
  38606 11862     1885.9903   604                   1392.2520 37912395         
  38657 11837     1345.4633   847                   1392.2520 37685337         
  38701 11771     1821.1338   467                   1392.2520 37375329         
  38757 11906     1838.6937   634                   1392.2520 37981298         
  38796 11869    infeasible                         1392.2520 37951876         
  38841 11853     1876.5516   582                   1392.2520 37746064         
Elapsed time = 10847.43 sec. (2123745.84 ticks, tree = 1383.22 MB, solutions = 0)
  38892 11907    infeasible                         1392.2520 37985184         
  38928 11936     1404.6502   728                   1392.2520 38427118         
  38981 11955    infeasible                         1392.2520 38453926         
  39022 11903     1692.4529   618                   1392.2520 38049558         
  39062 11955     1574.2752   587                   1392.2520 38655141         
  39103 11914     1862.7438   568                   1392.2520 38238585         
  39153 11948     1594.6303   719                   1392.2520 38712700         
  39195 11948     1431.1122   688                   1392.2520 38900161         
  39248 11955     1440.6372   710                   1392.2520 38471544         
  39289 11934    infeasible                         1392.2520 38600451         
Elapsed time = 11085.62 sec. (2163282.80 ticks, tree = 1400.40 MB, solutions = 0)
  39348 11935     1520.3443   643                   1392.2520 38451755         
  39406 11933    infeasible                         1392.2520 38661044         
  39478 11984     1733.7134   570                   1392.2520 39036298         
  39520 11959     1478.5306   674                   1392.2520 39480205         
  39578 11969     1673.6053   615                   1392.2520 38932265         
  39637 11975     1511.7908   739                   1392.2520 39512710         
  39691 11988    infeasible                         1392.2520 39784528         
  39758 11994     1672.5608   654                   1392.2520 39815716         
  39846 12005     1713.6642   539                   1392.2520 39818160         
  39894 11970     1410.2746   736                   1392.2520 39583644         
Elapsed time = 11326.91 sec. (2201862.73 ticks, tree = 1417.17 MB, solutions = 0)
  39955 11954     1609.4959   572                   1392.2520 39423709         
  39994 12049     1546.8410   669                   1392.2520 40037760         
  40035 12014    infeasible                         1392.2520 39778047         
  40099 11986     1628.4065   725                   1392.2520 39532386         
  40174 12055     1372.9260   652                   1392.2520 39949097         
  40243 12178     1593.7200   561                   1392.2520 40475744         
  40305 12142     1437.2698   794                   1392.2520 40258303         
  40376 12130     1544.7563   516                   1392.2520 40223674         
  40428 12208     1490.8665   708                   1392.2520 40797649         
  40491 12191     1750.0974   550                   1392.2520 40632852         
Elapsed time = 11571.75 sec. (2240704.50 ticks, tree = 1415.74 MB, solutions = 0)
  40541 12266    infeasible                         1392.2520 41037762         
  40606 12077     1443.3156   768                   1392.2520 40098391         
  40679 12225     1366.9657   769                   1392.2520 40882063         
  40731 12203     1563.8549   544                   1392.2520 40500896         
  40774 12191     1727.7768   551                   1392.2520 40736475         
  40825 12224    infeasible                         1392.2520 40933673         
  40870 12337     1387.6188   617                   1392.2520 41241778         
  40918 12416     1359.8153   789                   1392.2520 41838003         
  40969 12341    infeasible                         1392.2520 41365922         
  41018 12371    infeasible                         1392.2520 41623403         
Elapsed time = 11821.27 sec. (2279655.05 ticks, tree = 1416.22 MB, solutions = 0)
  41061 12505     1739.4463   640                   1392.2520 42115265         
  41104 12342     1429.6703   692                   1392.2520 41253693         
  41149 12437     1607.6982   705                   1392.2520 41915750         
  41194 12427     1860.6121   641                   1392.2520 41814719         
  41235 12521     1802.0865   457                   1392.2520 42076678         
  41285 12492     1619.2134   569                   1392.2520 42056636         
  41339 12507     1550.5616   601                   1392.2520 42374199         
  41394 12506     1540.2742   625                   1392.2520 42578063         
  41450 12496     1562.9274   703                   1392.2520 42521379         
  41509 12519     1583.9874   560                   1392.2520 42376531         
Elapsed time = 12032.16 sec. (2318383.27 ticks, tree = 1450.59 MB, solutions = 0)
  41564 12516     1533.7513   665                   1392.2520 42709731         
  41600 12516     1362.3599   750                   1392.2520 42680074         
  41645 12507    infeasible                         1392.2520 42424864         
  41686 12539    infeasible                         1392.2520 42946479         
  41729 12548     1538.2698   689                   1392.2520 43086167         
  41775 12524     1748.7226   618                   1392.2520 42719786         
  41817 12577     1604.5613   581                   1392.2520 43275047         
  41891 12610     1914.9326   542                   1392.2520 43513403         
  41933 12601     1941.7729   578                   1392.2520 43709847         
  41981 12623    infeasible                         1392.2520 43783325         
Elapsed time = 12264.04 sec. (2357010.64 ticks, tree = 1473.39 MB, solutions = 0)
  42038 12570     1647.2831   714                   1392.2520 43166313         
  42085 12552     1472.4746   664                   1392.2520 43268863         
  42144 12571     1497.3212   653                   1392.2520 43172093         
  42191 12612     1845.8600   560                   1392.2520 43534972         
  42261 12620     1911.4771   559                   1392.2520 43537759         
  42350 12599     1401.6076   655                   1392.2520 43632040         
  42406 12650     1663.3227   634                   1392.2520 44040964         
  42461 12674     1445.2940   665                   1392.2520 44297109         
  42520 12657     1858.5654   551                   1392.2520 44168030         
  42595 12677     1796.1548   597                   1392.2520 44303875         
Elapsed time = 12494.17 sec. (2395922.49 ticks, tree = 1477.75 MB, solutions = 0)
  42671 12626    infeasible                         1392.2520 43894513         
  42714 12634     1488.7448   717                   1392.2520 43798693         
  42770 12667     1664.7108   602                   1392.2520 44283252         
  42818 12833     1582.0567   644                   1392.2520 45059609         
  42881 12693    infeasible                         1392.2520 44399574         
  42943 12866     1921.2795   554                   1392.2520 45356963         
  43011 12866     1384.0726   692                   1392.2520 45358820         
  43097 12838     1789.4213   576                   1392.2520 45115707         
  43187 12832     1376.8332   655                   1392.2520 45244018         
  43273 12913     1554.5812   585                   1392.2520 45622994         
Elapsed time = 12729.80 sec. (2434725.38 ticks, tree = 1477.88 MB, solutions = 0)
  43341 12842     1969.9285   570                   1392.2520 45162104         
  43422 12835     1546.5742   574                   1392.2520 45212315         
  43478 12743     1684.4941   553                   1392.2520 44756439         
  43568 12859     1657.1880   549                   1392.2520 45259814         
  43656 12925    infeasible                         1392.2520 45639931         
  43715 12939     1731.1383   549                   1392.2520 45724814         
  43775 12978    infeasible                         1392.2520 45973511         
  43823 12884     1552.5879   584                   1392.2520 45534671         
  43869 12952     1909.9782   512                   1392.2520 45733388         
  43913 12976    infeasible                         1392.2520 45981268         
Elapsed time = 12974.13 sec. (2473965.31 ticks, tree = 1476.48 MB, solutions = 0)
  43952 13130    infeasible                         1392.2520 46580317         
  43993 12949    infeasible                         1392.2520 45741723         
  44053 13025     1484.5797   732                   1392.2520 46309064         
  44109 13224     1551.8478   554                   1392.2520 46867657         
  44162 13279    infeasible                         1392.2520 47023612         
  44200 12995     1749.4422   589                   1392.2520 46077086         
  44259 13197    infeasible                         1392.2520 46842368         
  44301 13280     1574.8100   620                   1392.2520 47346148         
  44334 13283     1625.8965   556                   1392.2520 47347714         
  44384 13159     1655.4926   545                   1392.2520 46681492         
Elapsed time = 13193.68 sec. (2512906.94 ticks, tree = 1506.59 MB, solutions = 0)
  44432 13269     1880.5122   543                   1392.2520 47110798         
  44484 13295     1670.0116   573                   1392.2520 47349697         
  44531 13270     1572.1884   627                   1392.2520 47001437         
  44572 13223    infeasible                         1392.2520 46889839         
  44615 13224    infeasible                         1392.2520 47570406         
  44664 13173    infeasible                         1392.2520 48021089         
  44714 13187     1712.1074   553                   1392.2520 47770294         
  44764 13270     1750.6138   531                   1392.2520 47433817         
  44803 13227    infeasible                         1392.2520 47546158         
  44863 13222    infeasible                         1392.2520 47581467         
Elapsed time = 13434.22 sec. (2552028.87 ticks, tree = 1526.45 MB, solutions = 0)
  44916 13162    infeasible                         1392.2520 47951159         
  44950 13226     1500.4932   702                   1392.2520 47585530         
  44988 13151     1728.3663   560                   1392.2520 48262695         
  45039 13221     2268.7303   468                   1392.2520 47688240         
  45102 13155     1588.1670   612                   1392.2520 48301871         
  45161 13133    infeasible                         1392.2520 48213735         
  45199 13159    infeasible                         1392.2520 48429206         
  45239 13147     1684.6066   548                   1392.2520 48750065         
  45291 13151     1700.2063   543                   1392.2520 48750655         
  45338 13128    infeasible                         1392.2520 48690914         
Elapsed time = 13665.07 sec. (2590745.28 ticks, tree = 1527.66 MB, solutions = 0)
  45383 13153    infeasible                         1392.2520 48315943         
  45434 13144     1859.5763   592                   1392.2520 49050034         
  45482 13123    infeasible                         1392.2520 48396378         
  45545 13143     1539.4988   646                   1392.2520 48633042         
  45586 13108    infeasible                         1392.2520 49560040         
  45642 13130     1708.0830   636                   1392.2520 49385949         
  45701 13111    infeasible                         1392.2520 49260689         
  45761 13101     1608.6672   551                   1392.2520 49837964         
  45809 13102     1608.7998   591                   1392.2520 49838241         
  45854 13100     1626.7031   571                   1392.2520 49510728         
Elapsed time = 13900.68 sec. (2630063.61 ticks, tree = 1510.54 MB, solutions = 0)
  45919 13144     1684.4002   568                   1392.2520 49296952         
  45975 13132     1702.4699   699                   1392.2520 49151177         
  46046 13113     1563.1235   677                   1392.2520 49585347         
  46105 13158     1706.0210   548                   1392.2520 49445870         
  46163 13081     1491.8247   674                   1392.2520 49959552         
  46218 13037     1649.9783   646                   1392.2520 50416021         
  46298 13062     1579.0807   418                   1392.2520 50528168         
  46380 13069     1705.6761   497                   1392.2520 50270958         
  46448 13118     1412.5087   548                   1392.2520 50646743         
  46500 13063    infeasible                         1392.2520 50539262         
Elapsed time = 14139.79 sec. (2668835.82 ticks, tree = 1485.56 MB, solutions = 0)
  46587 13125     1435.3684   568                   1392.2520 50653239         
  46636 13076     1638.4842   704                   1392.2520 50576224         
  46698 13071     1562.1202   624                   1392.2520 50324383         
  46748 13022    infeasible                         1392.2520 50481689         
  46829 13193    infeasible                         1392.2520 51352875         
  46904 13164     1785.2610   587                   1392.2520 51110649         
  46976 13164    infeasible                         1392.2520 51113585         
  47066 13043     1695.9722   583                   1392.2520 50525426         
  47103 13124    infeasible                         1392.2520 50809557         
  47157 13151    infeasible                         1392.2520 51200286         
Elapsed time = 14357.59 sec. (2707640.05 ticks, tree = 1484.29 MB, solutions = 0)
  47212 13275    infeasible                         1392.2520 52053125         
  47280 13248    infeasible                         1392.2520 51802058         
  47334 13209    infeasible                         1392.2520 51411595         
  47377 13188     1503.3295   746                   1392.2520 51504450         
  47430 13210     1505.0824   702                   1392.2520 51333517         
  47477 13221    infeasible                         1392.2520 51589968         
  47537 13200     1859.3288   599                   1392.2520 51552118         
  47579 13240     1517.8564   708                   1392.2520 51857905         
  47632 13372     1565.1972   675                   1392.2520 52376668         
  47684 13337     1609.1454   560                   1392.2520 52333128         
Elapsed time = 14595.92 sec. (2746767.93 ticks, tree = 1513.40 MB, solutions = 0)
  47734 13400    infeasible                         1392.2520 52655126         
  47796 13349     1758.8066   488                   1392.3933 52982099         
  47840 13361     1618.1541   590                   1392.3933 52779901         
  47880 13350    infeasible                         1392.4039 52434013         
  47921 13372     1641.4400   709                   1394.5014 52394034         
  47973 13331     1883.1419   569                   1395.7077 53195945         
  48034 13387     1507.5560   628                   1395.7624 52608036         
  48077 13349    infeasible                         1395.7624 52447412         
  48129 13349     1513.1382   704                   1395.7624 52999170         
  48183 13300    infeasible                         1395.7624 53408862         
Elapsed time = 14825.44 sec. (2785389.91 ticks, tree = 1526.16 MB, solutions = 0)
  48232 13282     1520.9075   686                   1395.9256 53672293         
  48286 13302    infeasible                         1395.9256 53311537         
  48358 13284     1582.8206   654                   1395.9256 53676804         
  48397 13357    infeasible                         1395.9256 52864185         
  48459 13272    infeasible                         1395.9256 53571179         
  48509 13324     2023.2892   402                   1395.9256 53381024         
  48570 13330     2023.8461   397                   1395.9256 53381309         
  48629 13323     1667.5509   656                   1395.9256 53165169         
  48691 13294     1601.5755   619                   1395.9256 53687107         
  48752 13303     1668.6681   619                   1395.9256 54032065         
Elapsed time = 15067.24 sec. (2824211.61 ticks, tree = 1528.43 MB, solutions = 0)
  48811 13292    infeasible                         1395.9256 54112186         
  48861 13282    infeasible                         1395.9256 54008879         
  48933 13307     2001.3503   436                   1395.9256 53650086         
  49037 13303     2011.0911   391                   1405.5476 54765682         
  49129 13294     1689.5881   558                   1405.5476 54802434         
  49231 13354     2038.8202   312                   1405.5476 54767258         
  49324 13285     1765.7579   574                   1405.5476 54165540         
  49418 13233     1835.4679   651                   1405.5476 54337484         
  49526 13247     1647.4947   635                   1405.5476 54295752         
  49640 13288     1577.1142   698                   1405.5476 55001176         
Elapsed time = 15298.71 sec. (2862862.59 ticks, tree = 1508.29 MB, solutions = 0)
  49768 13282     1536.1415   550                   1405.5476 55397407         
  49916 13281    infeasible                         1405.5476 55333400         
  50023 13271     1531.8398   661                   1405.5476 54686078         
  50143 13279     1580.8082   674                   1405.5476 55197126         
  50260 13324     1768.9219   593                   1405.5476 54867096         
  50422 13500     1962.4674   574                   1405.5476 55767995         
  50563 13296     1625.1436   677                   1405.5476 54958707         
  50704 13298    infeasible                         1405.5476 55061413         
  50853 13254    infeasible                         1405.5476 55569175         
  50951 13877     1448.8729   636                   1405.5476 56120546         
Elapsed time = 15520.94 sec. (2901134.07 ticks, tree = 1556.16 MB, solutions = 0)
  51087 13616     2175.5794   191                   1405.5476 55617231         
  51234 13464     1526.9467   625                   1405.5476 55760863         
  51396 13496     1680.5449   542                   1405.5476 55882002         
  51571 13904    infeasible                         1405.5476 56224793         
  51722 13518     2033.5325   389                   1405.5476 55731121         
  51846 13512     1827.5664   536                   1407.3825 55890146         
  51978 13564    infeasible                         1407.3825 55733248         
  52109 13470     1475.5560   742                   1407.3825 55779647         
  52243 13617     2067.2328   343                   1407.3825 55734967         
  52376 14545     2081.1295   289                   1416.3143 57008053         
Elapsed time = 15756.16 sec. (2939501.70 ticks, tree = 1706.19 MB, solutions = 0)
  52507 13866    infeasible                         1416.3143 56052929         
  52626 14540     1597.4880   752                   1416.3143 57107522         
  52756 14618     2116.3713   245                   1426.3134 57010590         
  52880 14645     2124.7747   240                   1426.3134 57011656         
  52995 14536     1545.4165   554                   1426.3134 57161961         
  53104 14700     2132.9258   252                   1426.3134 57013677         
  53205 14951    infeasible                         1426.3134 57794766         
  53285 14125    infeasible                         1426.3134 56929941         
  53360 14078     1696.6869   664                   1426.3134 56850635         
  53448 14562    infeasible                         1426.3134 57177880         
Elapsed time = 15994.54 sec. (2978123.66 ticks, tree = 1710.87 MB, solutions = 0)
  53529 14134     1523.3778   586                   1426.3134 56938627         
  53620 15022    infeasible                         1426.3134 58234565         
  53686 14559     1536.0639   760                   1426.3134 57186610         
  53749 14958    infeasible                         1426.3134 58097357         
  53820 15062     1498.7627   632                   1436.4759 58337219         
  53869 14633     1662.6928   701                   1436.4759 57332009         
  53939 14991    infeasible                         1438.6479 58203401         
  53994 15391     1849.6231   633                   1439.1581 58803062         
  54054 14976    infeasible                         1439.1581 58155428         
  54113 15404     1819.7784   579                   1441.1318 58870750         
Elapsed time = 16217.44 sec. (3016980.39 ticks, tree = 1907.17 MB, solutions = 0)
  54187 15375     1588.6879   513                   1443.1000 59054612         
  54250 14975    infeasible                         1444.2026 58162867         
  54311 15370     1612.7609   668                   1444.6926 59032790         
  54366 15378     1629.6219   562                   1445.5001 59228433         
  54421 15377     1630.0396   595                   1445.6195 59230042         
  54480 14978     1905.0592   534                   1445.6195 58173423         
  54543 15077    infeasible                         1446.4545 58414661         
  54596 15379    infeasible                         1447.1431 59455420         
  54644 15398    infeasible                         1447.1431 58933131         
  54705 15372     1477.4430   657                   1448.2868 59048557         
Elapsed time = 16453.37 sec. (3056109.11 ticks, tree = 1902.23 MB, solutions = 0)
  54760 15373     1636.7977   640                   1449.5390 59503901         
  54821 15372    infeasible                         1450.7618 59576708         
  54892 15367    infeasible                         1450.7618 59966161         
  54956 15407     1841.3588   558                   1450.7618 58903291         
  55019 15384    infeasible                         1452.4926 59617878         
  55095 15362    infeasible                         1452.4926 59824873         
  55164 15372     1835.6520   584                   1454.0153 59402028         
  55227 15408     1515.3044   594                   1454.9511 59557755         
  55308 15365     1495.6752   654                   1456.1239 60214932         
  55389 15392    infeasible                         1456.8079 60570876         
Elapsed time = 16710.39 sec. (3095118.48 ticks, tree = 1875.33 MB, solutions = 0)
  55477 15358     1764.2003   603                   1456.8079 59962246         
  55577 15373     1793.6642   557                   1456.8079 59964503         
  55653 15373     1724.9328   556                   1457.4937 59847668         
  55755 15364     1518.4519   615                   1459.2104 59933810         
  55891 15370     1519.7485   600                   1459.2104 60042829         
  56013 15403     1560.8481   615                   1459.2104 60315374         
  56137 15374     2226.8826   534                   1459.2104 60518533         
  56233 15508     1728.6067   619                   1459.5943 61123089         
  56355 15578     1755.4787   589                   1459.5943 61276727         
  56432 15356    infeasible                         1459.5943 60378026         
Elapsed time = 16931.19 sec. (3133749.52 ticks, tree = 1878.09 MB, solutions = 0)
  56527 15445    infeasible                         1465.0797 60776057         
  56636 15486    infeasible                         1466.1822 61079197         
  56727 15651     1716.9978   583                   1466.3969 61789241         
  56829 15390    infeasible                         1467.1131 60616846         
  56928 15655     1709.7296   621                   1467.1811 61701839         
  57037 15666     1802.5750   617                   1467.1811 61749851         
  57168 15591     1511.0693   624                   1468.2515 61350715         
  57290 15739    infeasible                         1468.6081 62032953         
  57403 15858    infeasible                         1468.6081 62313433         
  57497 15859     1549.6126   727                   1469.2779 62366893         
Elapsed time = 17167.40 sec. (3172193.49 ticks, tree = 1927.86 MB, solutions = 0)
  57623 15756    infeasible                         1470.5831 61996674         
  57737 15699     1527.9102   572                   1470.5831 61907565         
  57856 15969     1653.1335   662                   1471.8575 62561869         
  57966 15611     1515.4660   595                   1472.4973 61372730         
  58065 15756     1600.7610   673                   1472.5814 62009156         
  58167 16009     2035.2678   413                   1473.4942 62619206         
  58259 15683     1693.6312   581                   1473.5459 61738178         
  58360 16130    infeasible                         1473.5459 63001208         
  58438 15830     1519.7801   747                   1474.3102 62214092         
  58510 16040     1721.8256   593                   1475.6047 62818875         
Elapsed time = 17410.77 sec. (3211162.26 ticks, tree = 1968.48 MB, solutions = 0)
  58593 15875    infeasible                         1475.6047 62311476         
  58679 16192    infeasible                         1475.7604 63105835         
  58758 15993    infeasible                         1475.8816 62689999         
  58835 16114    infeasible                         1475.8816 62917056         
  58928 16551     1593.1867   600                   1476.9988 63942428         
  58988 16261    infeasible                         1478.6753 63274914         
  59063 16299     1612.2882   567                   1478.6753 63379158         
  59129 16049     1697.1906   650                   1478.8465 62649817         
  59179 16554     1842.2407   559                   1479.6856 63951651         
  59251 16306     1585.2419   661                   1480.1580 63552560         
Elapsed time = 17652.84 sec. (3250182.20 ticks, tree = 2026.20 MB, solutions = 0)
  59321 16514     1599.0004   574                   1480.5565 63907471         
  59396 16558    infeasible                         1481.1753 63956710         
  59470 16559    infeasible                         1481.3725 63957241         
  59530 16670     1582.0122   667                   1482.6534 64621622         
  59614 16425     1637.7652   636                   1482.6534 63712718         
  59684 16286     1719.5092   600                   1483.6239 63511831         
  59751 16696     1653.0967   590                   1484.1994 64553724         
  59813 16687    infeasible                         1484.8671 64949387         
  59884 16695     1652.7238   583                   1485.2209 64987783         
  59957 16682     1599.2357   540                   1485.2884 64708588         
Elapsed time = 17876.72 sec. (3289003.88 ticks, tree = 2110.14 MB, solutions = 0)
Nodefile size = 56.69 MB (34.61 MB after compression)
  60018 16657     1772.7825   668                   1485.7332 64269718         
  60096 16697    infeasible                         1487.2954 65199319         
  60177 16657    infeasible                         1487.2954 64557703         
  60254 16697     1646.4646   656                   1487.8988 65004839         
  60339 16684     1668.8432   676                   1488.4500 64972763         
  60434 16713     1628.0498   645                   1488.9776 64738973         
  60505 16688    infeasible                         1489.3899 65390750         
  60570 16679     1570.0645   625                   1490.0775 64728544         
  60649 16715     1756.0196   585                   1491.0072 65077078         
  60734 16718     1586.2927   705                   1491.0072 64746975         
Elapsed time = 18108.40 sec. (3327936.32 ticks, tree = 2115.00 MB, solutions = 0)
Nodefile size = 60.76 MB (37.26 MB after compression)
  60822 16702     1605.4302   715                   1491.5614 65229342         
  60912 16726    infeasible                         1491.5614 65725273         
  61001 16713     1761.0478   601                   1492.1407 65131158         
  61098 16717     1742.7666   618                   1493.6909 65268625         
  61229 16765     1726.2234   612                   1493.9687 65881529         
  61326 16730     1564.0892   542                   1494.4125 65274773         
  61432 16718     1620.8821   575                   1494.8111 65480251         
  61539 16702     1742.4788   580                   1494.8111 65252788         
  61646 16763     1673.8234   603                   1495.3391 65829526         
  61732 16997     1543.9624   622                   1496.4207 66720543         
Elapsed time = 18356.66 sec. (3366532.94 ticks, tree = 2114.39 MB, solutions = 0)
Nodefile size = 80.23 MB (50.20 MB after compression)
  61796 16789     1844.8593   663                   1496.4207 65975269         
  61900 16935    infeasible                         1496.6042 66513802         
  61993 16795     1824.2081   591                   1496.6574 65906469         
  62074 16820     1823.6898   567                   1496.9020 66101394         
  62146 16766     1595.5545   635                   1497.5870 65849552         
  62228 16767     1803.0060   566                   1497.8407 65853085         
  62330 17024     1595.9844   720                   1498.2857 66956669         
  62439 16802    infeasible                         1498.8140 66029236         
  62558 16936     1620.0015   666                   1498.8140 66535462         
  62654 16995     1591.4436   717                   1498.9429 66859190         
Elapsed time = 18568.93 sec. (3405140.89 ticks, tree = 2113.72 MB, solutions = 0)
Nodefile size = 80.23 MB (50.20 MB after compression)
  62750 17022     1566.3355   666                   1499.4137 66911588         
  62849 16975     1555.5412   707                   1499.4137 66590561         
  62967 17195    infeasible                         1499.4137 67310051         
  63064 16995     1541.1095   562                   1499.4137 66871062         
  63198 17435    infeasible                         1499.4137 68096864         
  63303 17471     1569.5668   605                   1499.4137 68200260         
  63414 17487    infeasible                         1499.4137 68250114         
  63533 17261    infeasible                         1499.4137 67437326         
  63643 17516     1773.6014   643                   1499.4137 68351477         
  63743 17410     1536.1282   627                   1499.4137 67947648         
Elapsed time = 18797.14 sec. (3443507.90 ticks, tree = 2113.91 MB, solutions = 0)
Nodefile size = 80.23 MB (50.20 MB after compression)
  63877 17444     1748.6997   671                   1499.4137 68114350         
  63970 17581     1797.7060   487                   1499.4137 68717535         
  64081 17258     1629.3511   680                   1499.4137 67396875         
  64172 17293     1574.5425   708                   1499.4137 67620871         
  64263 17463     1776.1210   618                   1499.4137 68020082         
  64382 17570     1907.5257   586                   1499.4137 68678686         
  64502 17532     1898.9510   590                   1499.4137 68328603         
  64595 17554    infeasible                         1499.4137 68489553         
  64682 17682     1586.5349   577                   1506.6376 69084142         
  64802 17558     1655.0236   583                   1507.2889 68495363         
Elapsed time = 19028.56 sec. (3481966.68 ticks, tree = 2143.23 MB, solutions = 0)
Nodefile size = 86.35 MB (54.52 MB after compression)
  64908 17729     1555.6001   688                   1507.2889 69192026         
  64995 17539    infeasible                         1507.2889 68444765         
  65095 17551     1574.4661   530                   1508.2067 68659236         
  65183 17598     1582.5450   705                   1508.8005 68800982         
  65259 17858     1545.7246   589                   1509.1771 69730612         
  65342 17760     1577.6827   635                   1509.5725 69410181         
  65426 17730    infeasible                         1510.0526 69209602         
  65484 17734     1571.6664   603                   1510.0526 69252199         
  65548 17848    infeasible                         1510.0526 69797220         
  65623 17701     1670.0834   705                   1511.1330 69116352         
Elapsed time = 19264.21 sec. (3521257.10 ticks, tree = 2178.11 MB, solutions = 0)
Nodefile size = 118.19 MB (76.21 MB after compression)
  65703 17727     1537.5349   541                   1511.4943 69218085         
  65765 18078    infeasible                         1511.4943 70642457         
  65841 17870     1628.2600   623                   1511.5918 69920134         
  65901 18102     1577.3812   679                   1512.1173 70699138         
  65963 17872    infeasible                         1512.3094 69924267         
  66018 17808    infeasible                         1512.8466 69653319         
  66095 17787     1601.1083   593                   1513.3674 69603658         
  66152 17867    infeasible                         1513.3674 69759660         
  66231 18074    infeasible                         1513.9471 70657890         
  66298 18140    infeasible                         1514.2350 71311185         
Elapsed time = 19474.87 sec. (3559785.74 ticks, tree = 2296.69 MB, solutions = 0)
Nodefile size = 243.26 MB (160.63 MB after compression)
  66367 18121     1539.2700   565                   1514.2350 71208554         
  66443 18114    infeasible                         1515.0455 71384974         
  66515 18123     1756.6816   647                   1515.5386 71356863         
  66574 18081    infeasible                         1515.9587 70622898         
  66630 18145    infeasible                         1516.3078 71173659         
  66691 18046    infeasible                         1516.4575 70569718         
  66752 18087     1858.6240   649                   1517.1200 71599439         
  66827 18065     1600.1079   539                   1517.1200 71719550         
  66894 18071    infeasible                         1517.1200 71563161         
  66967 18066     1656.0880   670                   1517.7153 72008078         
Elapsed time = 19705.35 sec. (3598649.15 ticks, tree = 2282.62 MB, solutions = 0)
Nodefile size = 243.26 MB (160.63 MB after compression)
  67044 18060    infeasible                         1517.7153 71727760         
  67098 18070    infeasible                         1517.8449 71687965         
  67150 18151     1543.2506   530                   1517.8449 71115064         
  67246 18136    infeasible                         1518.5345 72342650         
  67365 18197     2001.6975   428                   1518.5345 72198607         
  67498 18076     1625.7256   508                   1518.5345 72066013         
  67675 18071     1573.9793   537                   1518.5345 72030912         
  67816 18079    infeasible                         1518.5345 72113163         
  67934 18071    infeasible                         1518.5345 72076095         
  68058 18142     1642.5080   604                   1518.5345 72361847         
Elapsed time = 19926.60 sec. (3637069.11 ticks, tree = 2274.33 MB, solutions = 0)
Nodefile size = 243.26 MB (160.63 MB after compression)
  68189 18073     1549.6984   558                   1518.5345 71996322         
  68325 18100     1627.8428   705                   1518.5345 72948159         
  68435 18407     2137.4223   315                   1518.5345 72203958         
  68596 18092     1792.6571   621                   1518.5345 73041894         
  68757 18123     1633.7486   490                   1518.5345 72667697         
  68887 18373     2165.9053   246                   1518.5345 72160444         
  69011 18511     2167.3421   378                   1518.5345 72206578         
  69149 18528     2172.4290   393                   1518.5345 72207162         
  69307 18553     2175.5205   371                   1518.5345 72207698         
  69422 18083     1614.3313   683                   1518.5345 73278988         
Elapsed time = 20146.59 sec. (3675474.04 ticks, tree = 2248.14 MB, solutions = 0)
Nodefile size = 243.26 MB (160.63 MB after compression)
  69545 18100     1546.5422   769                   1518.5345 73461895         
  69677 18077     1730.2603   557                   1518.5345 73110122         
  69845 18904     2247.2641   338                   1518.5345 73730402         
  69980 18091     1592.0311   589                   1524.0931 73291038         
  70132 18993    infeasible                         1524.0931 74167648         
  70282 18980     2262.5185   346                   1524.0931 73732292         
  70434 18074     1997.6873   582                   1524.0931 73185221         
  70547 18873     1682.0742   577                   1524.0931 73810281         
  70705 19030    infeasible                         1524.0931 74363529         
  70861 18104     1630.0451   560                   1524.0931 73369524         
Elapsed time = 20386.50 sec. (3713931.86 ticks, tree = 2247.94 MB, solutions = 0)
Nodefile size = 243.26 MB (160.63 MB after compression)
  71005 18128     1593.1061   500                   1524.0931 73435037         
  71120 18149    infeasible                         1524.0931 73613157         
  71186 19120     2321.3470   330                   1524.0931 73736090         
  71239 18929     1588.8898   582                   1524.0931 74007069         
  71295 18129     1750.8833   648                   1524.0931 73567327         
  71328 19180     2390.0887   245                   1524.0931 73738336         
  71354 19204     2395.3222   240                   1524.0931 73739038         

GUB cover cuts applied:  22
Clique cuts applied:  25
Cover cuts applied:  44
Implied bound cuts applied:  338
Flow cuts applied:  823
Mixed integer rounding cuts applied:  684
Zero-half cuts applied:  29
Multi commodity flow cuts applied:  1
Lift and project cuts applied:  25
Gomory fractional cuts applied:  22

Root node processing (before b&c):
  Real time             =   45.83 sec. (18623.76 ticks)
Parallel b&c, 32 threads:
  Real time             = 20365.39 sec. (3725334.53 ticks)
  Sync time (average)   = 4785.47 sec.
  Wait time (average)   =    0.90 sec.
                          ------------
Total (root+branch&cut) = 20411.22 sec. (3743958.29 ticks)
Number of arguments: 4

File path: ../Data/Demo/100/C104.txt
Capacity of FEV: 600
Capacity of SEV: 50
Execution time limit: 340
Case: r

Number of customers: 100
./Result/C104/C104-Q50-r
No feasible solution found.
