Version identifier: 22.1.1.0 | 2022-11-28 | 9160aff4d
CPXPARAM_TimeLimit                               20400
Tried aggregator 1 time.
MIP Presolve eliminated 4117 rows and 2506 columns.
MIP Presolve modified 42328 coefficients.
Reduced MIP has 24213 rows, 25116 columns, and 108601 nonzeros.
Reduced MIP has 12568 binaries, 12548 generals, 0 SOSs, and 0 indicators.
Presolve time = 0.18 sec. (93.87 ticks)
Probing fixed 191 vars, tightened 378 bounds.
Probing changed sense of 15 constraints.
Probing time = 8.87 sec. (66.30 ticks)
Tried aggregator 2 times.
Detecting symmetries...
MIP Presolve eliminated 608 rows and 572 columns.
MIP Presolve modified 6 coefficients.
Aggregator did 3 substitutions.
Reduced MIP has 23602 rows, 24541 columns, and 105604 nonzeros.
Reduced MIP has 12375 binaries, 12166 generals, 0 SOSs, and 0 indicators.
Presolve time = 0.17 sec. (82.40 ticks)
Probing fixed 971 vars, tightened 699 bounds.
Probing time = 10.35 sec. (64.79 ticks)
Clique table members: 69215.
MIP emphasis: balance optimality and feasibility.
MIP search method: dynamic search.
Parallel mode: deterministic, using up to 32 threads.
Root relaxation solution time = 9.35 sec. (679.99 ticks)

        Nodes                                         Cuts/
   Node  Left     Objective  IInf  Best Integer    Best Bound    ItCnt     Gap

      0     0     1164.9513   328                   1164.9513       30         
      0     0     1221.2403   557                   Cuts: 496     2170         
      0     0     1240.0041   642                   Cuts: 307     3541         
      0     0     1251.2472   686                   Cuts: 242     4566         
      0     0     1259.1743   676                   Cuts: 207     5425         
      0     0     1264.5439   666                   Cuts: 151     6328         
Detecting symmetries...
      0     0     1268.0926   712                   Cuts: 149     6947         
      0     0     1270.5410   670                   Cuts: 107     7470         
      0     0     1272.9783   665                   Cuts: 110     8028         
      0     0     1274.8392   703                    Cuts: 89     8584         
      0     0     1276.6866   657                    Cuts: 96     9013         
      0     0     1277.4520   652                    Cuts: 85     9305         
      0     0     1278.4042   614                    Cuts: 84     9488         
      0     0     1278.6597   663                    Cuts: 41     9664         
      0     0     1279.0558   676                    Cuts: 51     9869         
      0     0     1279.5464   634                    Cuts: 39    10010         
      0     0     1279.9586   653                    Cuts: 31    10191         
      0     0     1280.1322   667                    Cuts: 43    10356         
      0     0     1280.2970   663                    Cuts: 40    10530         
Detecting symmetries...
      0     2     1280.2970   663                   1280.4737    10530         
Elapsed time = 77.10 sec. (28935.03 ticks, tree = 0.02 MB, solutions = 0)
      1     3     1343.3848   602                   1280.4737    17341         
      2     4     1345.9101   575                   1280.4737    18037         
      3     3     1631.4171   509                   1280.4737    21219         
      4     5     1350.2930   592                   1280.4737    18674         
      9     8     1648.4315   499                   1343.4115    29636         
     13    10     1632.9888   483                   1343.4115    32584         
     19    15     1634.1250   515                   1343.4115    36916         
     25    21     1649.2737   507                   1343.4115    48063         
     41    27     1633.4875   519                   1343.4115    60839         
    241    73     1670.4858   449                   1345.9224   104981         
Elapsed time = 102.44 sec. (39355.22 ticks, tree = 0.25 MB, solutions = 0)
    400   147     1644.3988   539                   1462.3738   126892         
    476   223    infeasible                         1462.3738   159196         
    505   220    infeasible                         1462.3738   178027         
    531   140    infeasible                         1462.3738   200376         
    622    90     1669.0312   454                   1462.6147   234922         
    759    50     1674.4758   575                   1462.6147   267126         
    985    66     1675.7594   544                   1462.6147   254144         
   1117    56     1708.7107   541                   1462.6147   265260         
   1180   273     1704.7902   492                   1462.6147   313245         
   1212   399    infeasible                         1462.6147   349595         
Elapsed time = 169.79 sec. (49063.33 ticks, tree = 2.50 MB, solutions = 0)
   1236   416     1836.2319   483                   1462.6147   378574         
   1275   396     1574.0226   515                   1462.6147   396676         
   1358   413     1720.0973   529                   1462.6147   412509         
   1498   489     1963.5554   449                   1462.6147   439293         
   1645   507     1711.3946   543                   1462.6147   430959         
   1819   562     1955.1933   465                   1462.6147   466838         
   2037   740     1929.7606   494                   1462.6147   531379         
   2169   926     1635.7086   583                   1462.6147   592977         
   2295  1086    infeasible                         1462.6147   619711         
   2388   941     1584.5790   619                   1462.6147   601118         
Elapsed time = 225.08 sec. (58752.68 ticks, tree = 16.92 MB, solutions = 0)
   2417  1012    infeasible                         1462.6147   614808         
   2436  1214     1589.9903   644                   1462.6147   660795         
   2451  1221    infeasible                         1462.6147   671254         
   2484  1204     1738.4774   499                   1462.6147   713751         
   2526  1199     1642.6114   589                   1462.6147   721081         
   2583  1196    infeasible                         1462.6147   743663         
   2647  1180     1762.8436   493                   1492.3228   792930         
   2723  1181     1801.4289   473                   1507.5583   794222         
   2774  1186     1620.4947   556                   1507.5583   768893         
   2819  1191     1689.4064   483                   1507.5583   802761         
Elapsed time = 279.70 sec. (68610.66 ticks, tree = 41.74 MB, solutions = 0)
   2901  1260     1775.6919   484                   1507.5583   915273         
   2970  1268     1619.5320   573                   1507.5583   926309         
   3061  1277     1751.6529   496                   1507.5583   943948         
   3118  1280     1652.0991   534                   1507.5583   935119         
   3157  1203     1751.1039   471                   1507.5583   847401         
   3196  1311     1585.7065   626                   1507.5583  1013390         
   3232  1279     1811.1765   530                   1512.1348   973135         
   3258  1275     1820.0755   562                   1512.1348   943506         
   3284  1367     1720.2871   564                   1512.1348  1115491         
   3304  1379    infeasible                         1512.1348  1168356         
Elapsed time = 343.42 sec. (78615.11 ticks, tree = 42.30 MB, solutions = 0)
   3324  1359    infeasible                         1512.1348  1179856         
   3348  1351     1767.5546   467                   1521.9689  1104286         
   3378  1332    infeasible                         1521.9689  1246955         
   3404  1388    infeasible                         1521.9689  1169647         
   3426  1380    infeasible                         1521.9689  1152299         
   3459  1305     1915.8642   466                   1522.1495  1329799         
   3496  1288     1756.1241   491                   1522.1495  1373400         
   3530  1290     1916.5758   497                   1522.1495  1370198         
   3596  1313    infeasible                         1522.1495  1314310         
   3661  1267     1933.1469   514                   1522.1495  1437541         
Elapsed time = 398.88 sec. (88481.64 ticks, tree = 38.14 MB, solutions = 0)
   3737  1260     1643.8529   513                   1577.0109  1483139         
   3790  1258     1618.1961   565                   1604.7104  1534274         
   3858  1253     1698.3658   578                   1604.8861  1468805         
   3907  1258     1758.3442   480                   1607.2369  1464758         
   3966  1266     1686.1723   483                   1607.2369  1565329         
   4036  1261     1686.9394   579                   1607.2369  1552037         
   4104  1308     1903.5226   537                   1607.2369  1707117         
   4151  1299     1688.2286   512                   1607.2369  1678951         
   4229  1299     1679.9980   527                   1607.7933  1673776         
   4279  1289     1768.1329   545                   1607.7933  1635636         
Elapsed time = 457.80 sec. (98153.14 ticks, tree = 39.11 MB, solutions = 0)
   4315  1294     1901.9518   533                   1607.7933  1658619         
   4339  1353    infeasible                         1607.7933  1806590         
   4358  1312     1761.7482   533                   1607.7933  1713430         
   4373  1371    infeasible                         1607.7933  1846389         
   4393  1322     1907.1057   469                   1607.7933  1763575         
   4417  1394    infeasible                         1607.7933  1930530         
   4440  1385    infeasible                         1607.7933  1962492         
   4471  1399     1912.4788   507                   1618.3501  1907559         
   4495  1384     1922.9133   489                   1618.3501  2014852         
   4518  1379    infeasible                         1618.3501  2032484         
Elapsed time = 521.06 sec. (108392.81 ticks, tree = 37.93 MB, solutions = 0)
   4534  1359     1934.9056   463                   1618.3501  2082197         
   4551  1366    infeasible                         1618.3501  2071876         
   4586  1337     1913.1500   448                   1626.8993  2149094         
   4621  1340     1940.9585   447                   1640.6338  2150383         
   4661  1324     1935.4732   470                   1641.4266  2185767         
   4711  1310     1920.1443   485                   1641.4266  2220894         
   4761  1328     1700.6339   539                   1641.4266  2174645         
   4849  1330     1770.3773   578                   1652.6078  2168348         
   4926  1308     1940.1155   448                   1652.6078  2295961         
   5028  1314     1700.7793   614                   1675.6067  2232210         
Elapsed time = 570.29 sec. (118210.19 ticks, tree = 38.89 MB, solutions = 0)
   5128  1317     1705.8248   557                   1677.6976  2372775         
   5215  1313    infeasible                         1677.7644  2289725         
   5294  1330     1687.1870   557                   1677.7644  2404731         
   5376  1332     1724.1011   538                   1678.6320  2405750         
   5436  1375     1778.8118   532                   1678.6320  2461315         
   5510  1457    infeasible                         1678.6320  2587529         
   5581  1448     1708.0357   513                   1678.6320  2576737         
   5658  1417     1705.2824   587                   1679.5689  2531943         
   5708  1475    infeasible                         1679.5689  2618733         
   5854  1512    infeasible                         1679.5689  2679357         
Elapsed time = 645.36 sec. (130827.19 ticks, tree = 39.45 MB, solutions = 0)
   5929  1541    infeasible                         1679.6818  2747095         
   6002  1517    infeasible                         1681.5611  2933147         
   6090  1480    infeasible                         1682.5900  3065409         
   6277  1486     1924.9816   513                   1685.2711  3058406         
   6515  1360     1696.6772   580                   1686.8684  3274735         
   6804  1360     1733.4371   530                   1688.7976  3370925         
   7115  1357     1748.5407   474                   1690.4255  3397754         
   7412  1364     1761.0719   510                   1692.1698  3486114         
   7659  1351    infeasible                         1692.1698  3763957         
   7831  1294    infeasible                         1696.9390  3896853         
Elapsed time = 867.10 sec. (169358.86 ticks, tree = 32.68 MB, solutions = 0)
   8028  1163    infeasible                         1698.7923  3961656         
   8281   993     1718.0735   541                   1698.7923  4062362         
   8731   995    infeasible                         1701.7488  4059205         
   9506   547    infeasible                         1710.5254  4272160         
  10285   178     1927.3671   502                   1721.7777  4419215         
  10629   240     1946.3254   538                   1813.7101  4391994         

Clique cuts applied:  7
Cover cuts applied:  29
Implied bound cuts applied:  835
Flow cuts applied:  565
Mixed integer rounding cuts applied:  328
Flow path cuts applied:  3
Zero-half cuts applied:  14
Lift and project cuts applied:  15
Gomory fractional cuts applied:  20

Root node processing (before b&c):
  Real time             =   73.09 sec. (28404.93 ticks)
Parallel b&c, 32 threads:
  Real time             =  909.36 sec. (167170.68 ticks)
  Sync time (average)   =  543.77 sec.
  Wait time (average)   =    0.00 sec.
                          ------------
Total (root+branch&cut) =  982.45 sec. (195575.61 ticks)
Number of arguments: 4

File path: ../Data/Demo/100/RC104.txt
Capacity of FEV: 600
Capacity of SEV: 50
Execution time limit: 340
Case: r

Number of customers: 100
./Result/RC104/RC104-Q50-r
No feasible solution found.
