Version identifier: 22.1.1.0 | 2022-11-28 | 9160aff4d
CPXPARAM_TimeLimit                               20400
Tried aggregator 1 time.
MIP Presolve eliminated 3638 rows and 2285 columns.
MIP Presolve modified 9757 coefficients.
Reduced MIP has 6189 rows, 7087 columns, and 28706 nonzeros.
Reduced MIP has 3614 binaries, 3473 generals, 0 SOSs, and 0 indicators.
Presolve time = 0.05 sec. (27.78 ticks)
Probing fixed 183 vars, tightened 81 bounds.
Probing changed sense of 13 constraints.
Probing time = 0.11 sec. (30.17 ticks)
Tried aggregator 2 times.
Detecting symmetries...
MIP Presolve eliminated 249 rows and 264 columns.
MIP Presolve modified 11 coefficients.
Aggregator did 2 substitutions.
Reduced MIP has 5938 rows, 6821 columns, and 27186 nonzeros.
Reduced MIP has 3429 binaries, 3392 generals, 0 SOSs, and 0 indicators.
Presolve time = 0.04 sec. (22.34 ticks)
Probing time = 0.04 sec. (6.62 ticks)
Clique table members: 20031.
MIP emphasis: balance optimality and feasibility.
MIP search method: dynamic search.
Parallel mode: deterministic, using up to 32 threads.
Root relaxation solution time = 1.03 sec. (215.11 ticks)

        Nodes                                         Cuts/
   Node  Left     Objective  IInf  Best Integer    Best Bound    ItCnt     Gap

      0     0      462.2817   239                    462.2817       20         
      0     0      506.7281   331                   Cuts: 464     1057         
      0     0      523.0340   368                   Cuts: 271     1781         
      0     0      532.3441   380                   Cuts: 232     2339         
      0     0      534.8117   365                   Cuts: 109     2565         
      0     0      536.4494   373                    Cuts: 59     2739         
Detecting symmetries...
      0     0      539.7774   366                    Cuts: 82     2992         
      0     0      541.9729   385                    Cuts: 54     3146         
      0     0      543.0228   359                    Cuts: 54     3220         
      0     0      543.3695   336                    Cuts: 32     3337         
      0     0      543.5854   332                    Cuts: 40     3374         
      0     0      543.6955   343                    Cuts: 14     3409         
      0     0      543.7249   350                    Cuts: 11     3436         
      0     0      543.7256   341                     Cuts: 4     3440         
*     0+    0                         1121.6521      543.7256            51.52%
*     0+    0                         1113.8481      551.1123            50.52%
*     0+    0                         1093.2904      551.1123            49.59%
      0     0  -1.00000e+75     0     1093.2904      551.1123     3440   49.59%
Detecting symmetries...
      0     2      546.7236   356     1093.2904      551.1216     3564   49.59%
Elapsed time = 64.24 sec. (4510.49 ticks, tree = 0.02 MB, solutions = 3)
     21    13      567.4598   341     1093.2904      551.1216     4921   49.59%
     76    42      697.1729   256     1093.2904      572.7678    15040   47.61%
*   189+   29                         1070.0387      573.9538            46.36%
*   191+   29                         1053.6723      573.9538            45.53%
    191    94      641.9601   348     1053.6723      573.9538    22522   45.53%
*   198+   28                         1052.6783      573.9538            45.48%
*   207+   28                         1029.3497      597.0867            41.99%
    231   131    infeasible           1029.3497      597.0867    65769   41.99%
    271   140      859.1081   190     1029.3497      597.0867    56105   41.99%
    349   148      836.8377   231     1029.3497      597.0867   117804   41.99%
    636   213      859.6993   212     1029.3497      597.0867   138083   41.99%
   1101   506      952.3683   186     1029.3497      597.0867   173869   41.99%
   1295   948      938.5173   146     1029.3497      597.0867   207683   41.99%
*  1745+  981                         1023.7564      597.0867            41.68%
   3607  2547     1007.4623   165     1023.7564      599.4095   294455   41.45%
Elapsed time = 82.73 sec. (7655.28 ticks, tree = 95.93 MB, solutions = 14)
   4670  3465      968.4385   185     1023.7564      609.2685   399162   40.49%

Performing restart 1

Repeating presolve.
Tried aggregator 1 time.
MIP Presolve eliminated 40 rows and 42 columns.
MIP Presolve modified 18 coefficients.
Reduced MIP has 5898 rows, 6779 columns, and 26941 nonzeros.
Reduced MIP has 3400 binaries, 3379 generals, 0 SOSs, and 0 indicators.
Presolve time = 0.02 sec. (13.52 ticks)
Tried aggregator 1 time.
MIP Presolve eliminated 2 rows and 1 columns.
MIP Presolve modified 4 coefficients.
Reduced MIP has 5896 rows, 6778 columns, and 26932 nonzeros.
Reduced MIP has 3399 binaries, 3379 generals, 0 SOSs, and 0 indicators.
Presolve time = 0.03 sec. (17.63 ticks)
Represolve time = 0.28 sec. (100.83 ticks)
*  5829+    0                         1022.4189      609.2685            40.41%
   5829     0      592.1680   453     1022.4189     Cuts: 187   479774   40.41%
   5829     0      608.8131   470     1022.4189     Cuts: 206   480725   40.41%
*  5829+    0                         1019.5535      609.2685            40.24%
   5829     0      619.9436   500     1019.5535     Cuts: 305   481439   39.19%
*  5829+    0                         1009.5134      619.9436            38.59%
*  5829+    0                         1003.0397      619.9436            38.19%
   5829     0  -1.00000e+75     0     1003.0397      619.9436   481439   38.19%
   5829     0      632.8223   527     1003.0397     Cuts: 189   482289   36.91%
   5829     0      638.2770   541     1003.0397     Cuts: 281   482775   36.37%
   5829     0      643.2972   527     1003.0397     Cuts: 157   483312   35.87%
   5829     0      647.0033   545     1003.0397     Cuts: 160   483825   35.50%
*  5829+    0                          997.4720      647.0033            35.14%
   5829     0      651.2304   534      997.4720     Cuts: 153   484271   34.71%
*  5829+    0                          987.0360      651.2304            34.02%
   5829     0      653.9428   566      987.0360     Cuts: 163   484770   33.75%
   5829     0      659.9097   573      987.0360     Cuts: 127   485363   33.14%
*  5829+    0                          981.3828      659.9097            32.76%
   5829     0      661.9136   577      981.3828     Cuts: 177   485748   32.55%
*  5829+    0                          960.4038      661.9136            31.08%
*  5829+    0                          958.4629      661.9136            30.94%
   5829     0  -1.00000e+75     0      958.4629      661.9136   485748   30.94%
   5829     0      663.3317   588      958.4629     Cuts: 136   486014   30.79%
   5829     0      664.4186   586      958.4629     Cuts: 109   486203   30.68%
   5829     0      664.6029   595      958.4629      Cuts: 53   486314   30.66%
   5829     0      664.7778   587      958.4629      Cuts: 41   486421   30.64%
   5829     0      664.9608   596      958.4629      Cuts: 40   486493   30.62%
   5829     0      665.0222   592      958.4629      Cuts: 25   486592   30.62%
   5829     0      665.0565   594      958.4629      Cuts: 53   486670   30.61%
*  5829+    0                          945.5046      665.0565            29.66%
   5829     0      665.2137   588      945.5046      Cuts: 43   486784   29.64%
   5829     0      665.4045   595      945.5046      Cuts: 86   486928   29.62%
   5829     0      665.6354   603      945.5046      Cuts: 27   487124   29.60%
   5829     0      665.8936   596      945.5046      Cuts: 46   487310   29.57%
   5829     0      665.9846   594      945.5046      Cuts: 59   487419   29.56%
   5829     0      666.0553   607      945.5046      Cuts: 36   487511   29.56%
   5829     0      666.1059   604      945.5046      Cuts: 39   487582   29.55%
   5829     0      666.1540   602      945.5046      Cuts: 75   487673   29.55%
   5829     2      666.1540   602      945.5046      666.1540   487673   29.55%
   5830     3      847.5778   252      945.5046      666.1554   490963   29.54%
   5834     2        cutoff            945.5046      668.5269   492061   29.29%
   5841     5      831.2108   251      945.5046      669.8656   494380   29.15%
   5861     4        cutoff            945.5046      672.0517   500935   28.92%
   5869     7      897.7594   279      945.5046      672.0517   508045   28.92%
   5883     7        cutoff            945.5046      672.9724   510666   28.82%
   5896     9      673.5347   572      945.5046      673.5423   508831   28.76%
   5903     8      937.8566   313      945.5046      678.0810   510935   28.28%
Elapsed time = 573.13 sec. (42516.18 ticks, tree = 0.08 MB, solutions = 24)
   5911     8      938.4258   304      945.5046      682.8332   510961   27.78%
   5921     8      942.0969   271      945.5046      683.5722   525662   27.70%
   5934     7      890.1497   314      945.5046      685.4549   528502   27.50%
   5944     5      790.7051   379      945.5046      686.4816   542224   27.40%
   5950     5      842.4437   317      945.5046      686.6105   544887   27.38%
   5960     6      841.9567   355      945.5046      693.8741   546656   26.61%
   5973     5    infeasible            945.5046      694.6717   556876   26.53%
   5980     6      891.8808   274      945.5046      694.6717   559782   26.53%
   5990     5      698.2562   485      945.5046      695.8942   567149   26.40%
   5999     7      931.0430   239      945.5046      697.4722   572161   26.23%
Elapsed time = 597.71 sec. (53116.84 ticks, tree = 0.08 MB, solutions = 24)
   6028    14      940.4522   246      945.5046      701.5007   580180   25.81%
*  6107+   21                          944.7738      707.5102            25.11%
   6114    49      915.4990   247      944.7738      717.0939   601800   24.10%
   6541   168      925.3321   245      944.7738      727.2840   615642   23.02%
   7627   675        cutoff            944.7738      727.2840   653476   23.02%
   8665  1644      934.6382   181      944.7738      727.2840   701339   23.02%
   9328  2343    infeasible            944.7738      727.2840   754191   23.02%
  10411  2885      883.0916   250      944.7738      727.2840   800645   23.02%
  11657  4010      896.0820   188      944.7738      727.2840   856490   23.02%
  12961  5060      914.5680   222      944.7738      727.2840   912100   23.02%
  14001  6415      928.2177   125      944.7738      750.4136   984027   20.57%
Elapsed time = 643.71 sec. (62678.35 ticks, tree = 346.21 MB, solutions = 25)
  14873  7119      905.7118   240      944.7738      767.2957  1038155   18.79%
  16353  8042      871.1102   235      944.7738      771.7980  1092775   18.31%
  17869  9138      938.2341   219      944.7738      780.7846  1151811   17.36%
  18984 10557      900.1425   252      944.7738      781.7407  1229143   17.26%
  20106 11290      936.6127   187      944.7738      781.7407  1280947   17.26%
  21929 12745      876.5833   266      944.7738      781.7407  1357280   17.26%
  23706 14342      892.8068   231      944.7738      788.4516  1430951   16.55%
  25181 15550      876.3154   259      944.7738      788.4516  1490786   16.55%
  26172 16892      883.9671   208      944.7738      841.9570  1560570   10.88%
  28007 18077      900.3929   231      944.7738      847.7356  1623114   10.27%
Elapsed time = 689.96 sec. (72220.94 ticks, tree = 1062.06 MB, solutions = 25)
  29827 20215      925.0332   259      944.7738      848.8610  1720629   10.15%
* 31700+21652                          944.4183      851.0675             9.88%
  31776 21799      908.1346   220      944.4183      851.5589  1784379    9.83%
* 32213+21309                          944.4183      851.5589             9.83%
  33280 23189      931.9437   214      944.4183      852.3277  1844953    9.75%
* 33350+22869                          940.7907      852.3277             9.40%
  34800 23091      886.7151   255      940.7907      853.6300  1894171    9.26%
  35599 24766      892.9061   289      940.7907      853.6300  1976065    9.26%
  36817 25190      901.2316   321      940.7907      854.0831  2008752    9.22%
* 37870+26209                          936.9942      854.4594             8.81%
  38074 26569      893.9180   267      936.9942      854.4594  2079788    8.81%
  39265 25628        cutoff            936.9942      855.4870  2113151    8.70%
* 39655+26389                          933.4762      855.6229             8.34%
  40561 25530      930.9274   197      933.4762      855.8837  2204049    8.31%
  41623 26364      908.5280   238      933.4762      856.1207  2251461    8.29%
Elapsed time = 736.51 sec. (81770.53 ticks, tree = 1577.24 MB, solutions = 30)
  42352 27558      902.6971   270      933.4762      856.5607  2319860    8.24%
  43586 28329      890.8080   300      933.4762      856.6477  2380663    8.23%
  44677 28835      895.5380   285      933.4762      857.0567  2406544    8.19%
  45659 29853      901.0702   273      933.4762      857.2885  2469116    8.16%
  46736 30635      915.8739   227      933.4762      857.6653  2530383    8.12%
  47674 31775      894.0454   313      933.4762      858.1493  2609781    8.07%
  48239 32478      888.1330   324      933.4762      858.2468  2655429    8.06%
  49056 33492      904.0595   286      933.4762      858.5000  2754601    8.03%
  50286 34006      897.8826   278      933.4762      858.5328  2782073    8.03%
  51380 34675      887.7494   275      933.4762      858.5829  2823816    8.02%
Elapsed time = 786.22 sec. (91318.76 ticks, tree = 2110.50 MB, solutions = 30)
Nodefile size = 57.13 MB (44.76 MB after compression)
  52364 35774      911.1446   262      933.4762      859.2033  2895487    7.96%
  53344 37370      913.8424   265      933.4762      859.5084  3007901    7.92%
  54334 37421      909.6075   269      933.4762      859.7273  3012496    7.90%
  55327 39101      884.3879   356      933.4762      859.7819  3141294    7.89%
  56309 39955      913.3268   262      933.4762      860.1343  3195495    7.86%
* 56430+40213                          932.8442      860.2662             7.78%
* 56802+40260                          931.3181      860.3859             7.62%
  56819 40325      914.8765   301      931.3181      860.3859  3245328    7.62%
  57533 39855      928.6737   290      931.3181      860.3878  3299708    7.62%
  58685 40530      911.0719   292      931.3181      860.3878  3356637    7.62%
  59863 41421      888.7442   318      931.3181      861.0830  3414096    7.54%
  61019 42729      904.4553   250      931.3181      861.1786  3487570    7.53%
Elapsed time = 838.42 sec. (100866.56 ticks, tree = 2572.12 MB, solutions = 32)
Nodefile size = 519.99 MB (406.39 MB after compression)
  62069 42979      915.2510   215      931.3181      861.3465  3499460    7.51%
  63115 44625      912.6057   255      931.3181      861.5541  3603031    7.49%
  63901 44964        cutoff            931.3181      861.6114  3626860    7.48%
* 63954+43964                          930.6861      861.6114             7.42%
  64450 45649      922.9463   250      930.6861      861.6114  3668262    7.42%
  65367 46181      900.7045   285      930.6861      861.6114  3761893    7.42%
* 66309+46062                          930.2242      862.0937             7.32%
* 66348+46062                          930.1265      862.0937             7.31%
  66472 46299      928.7401   173      930.1265      862.0937  3767056    7.31%
  67445 47498      917.9961   273      930.1265      862.0937  3872655    7.31%
  68471 47968      905.1364   281      930.1265      862.4876  3914813    7.27%
  69602 48991      920.0832   310      930.1265      862.4876  3990157    7.27%
* 69940+48261                          928.9519      862.4876             7.15%
  70555 49323      894.3710   301      928.9519      862.8334  4079693    7.12%
Elapsed time = 889.17 sec. (110414.52 ticks, tree = 3014.49 MB, solutions = 37)
Nodefile size = 962.60 MB (755.81 MB after compression)
  71441 49187      898.7026   313      928.9519      862.9845  4069268    7.10%
  72500 50360      913.2301   274      928.9519      863.2000  4158682    7.08%
  73487 51148      913.8630   285      928.9519      863.3202  4213502    7.07%
  74690 51828      918.9902   316      928.9519      863.3202  4258369    7.07%
  75485 52417      914.6086   256      928.9519      863.4355  4291174    7.05%
  76148 53883      898.2384   303      928.9519      863.6691  4388439    7.03%
  76945 54968      926.6644   256      928.9519      863.7624  4465224    7.02%
  78025 55454      908.8666   289      928.9519      863.7624  4506267    7.02%
  79231 55642      903.4377   264      928.9519      863.8447  4520821    7.01%
  83534 60463      923.3120   248      928.9519      864.6489  4831684    6.92%
Elapsed time = 954.13 sec. (122823.71 ticks, tree = 3758.92 MB, solutions = 37)
Nodefile size = 1706.80 MB (1346.38 MB after compression)
  87875 63833      893.7285   317      928.9519      865.3705  5059299    6.84%
  91518 67116      919.8797   302      928.9519      865.8140  5298988    6.80%
  95277 70558      919.8727   309      928.9519      866.2844  5541566    6.75%
  99355 74341      898.4483   342      928.9519      866.9899  5796188    6.67%
 103287 77850      901.9039   231      928.9519      867.6235  6049067    6.60%
 107068 80990      899.0668   302      928.9519      867.9692  6264714    6.56%
 110067 84026      893.3106   305      928.9519      868.3165  6478912    6.53%
 113679 85704      928.3496   162      928.9519      868.7835  6618227    6.48%
 117730 89140      915.5932   281      928.9519      869.5147  6875380    6.40%
 121501 93899    infeasible            928.9519      869.7493  7217462    6.37%
Elapsed time = 1158.04 sec. (160983.64 ticks, tree = 5811.94 MB, solutions = 37)
Nodefile size = 3757.51 MB (2971.36 MB after compression)
 125362 96599      897.2052   228      928.9519      870.1093  7428120    6.33%
*129061+99578                          926.9855      870.4962             6.09%
 129066 98764      916.5347   344      926.9855      870.4962  7594261    6.09%
 131766 101234      904.2825   293      926.9855      870.9970  7955955    6.04%
 135530 102843      911.3231   315      926.9855      871.2287  8087100    6.01%
 139431 106640      914.2084   283      926.9855      871.5575  8356711    5.98%
 142939 110248      912.8744   285      926.9855      871.9402  8633117    5.94%
 146689 113726      907.8637   267      926.9855      872.5572  8918214    5.87%
 150010 116237      909.5632   322      926.9855      873.0308  9096114    5.82%
 153124 119903      899.1476   314      926.9855      873.3646  9399095    5.78%
 156081 121272      911.6482   308      926.9855      873.5084  9506327    5.77%
Elapsed time = 1357.61 sec. (199141.54 ticks, tree = 7634.87 MB, solutions = 38)
Nodefile size = 5576.19 MB (4429.30 MB after compression)
 159336 123497      921.9543   269      926.9855      873.8485  9693516    5.73%
 162208 126083      915.8809   258      926.9855      874.3601  9923289    5.68%
 165105 128810      920.7010   215      926.9855      874.6681 10179199    5.64%
 168063 132004      893.2468   343      926.9855      875.0112 10475521    5.61%
 170916 134299      923.2990   179      926.9855      875.2519 10676036    5.58%
 173649 137391      900.0914   292      926.9855      875.5861 10985062    5.54%
 176253 138647      904.9859   303      926.9855      875.7531 11113608    5.53%
 178253 139910      900.2295   320      926.9855      876.0587 11244647    5.49%
 181462 143119      924.4169   278      926.9855      876.1987 11583839    5.48%
 184494 145148      924.8533   215      926.9855      876.5298 11754345    5.44%
Elapsed time = 1572.15 sec. (237309.77 ticks, tree = 9168.47 MB, solutions = 38)
Nodefile size = 7107.91 MB (5650.46 MB after compression)
 187555 146916      917.9256   327      926.9855      876.7484 11923211    5.42%
 190233 150623      923.2815   184      926.9855      876.9129 12256818    5.40%
 192964 153685      890.9874   323      926.9855      877.0705 12579050    5.38%
 195913 153805        cutoff            926.9855      877.4311 12594163    5.35%
 198034 156944      912.1224   273      926.9855      877.4609 12864521    5.34%
 200307 159589      912.7044   318      926.9855      877.8057 13149454    5.31%
 203292 160728      914.1072   282      926.9855      878.0232 13252210    5.28%
 205930 163829      921.4854   223      926.9855      878.1903 13547999    5.26%
 208518 166686      912.3488   253      926.9855      878.3839 13830573    5.24%
 211249 168466      925.0982   320      926.9855      878.5086 14008086    5.23%
Elapsed time = 1790.44 sec. (275466.86 ticks, tree = 10806.34 MB, solutions = 38)
Nodefile size = 8750.53 MB (6981.03 MB after compression)
 214167 170237      899.6115   275      926.9855      878.7787 14180207    5.20%
 216845 173547      912.8693   278      926.9855      878.9934 14490889    5.18%
 219224 175144        cutoff            926.9855      879.1684 14647425    5.16%
 221241 177663      917.2079   213      926.9855      879.2981 14915215    5.14%
 223521 179678      906.1129   291      926.9855      879.4110 15135475    5.13%
 226013 180602      902.5757   298      926.9855      879.6619 15228149    5.11%
 228501 183121      907.2490   300      926.9855      879.7284 15485053    5.10%
 230769 184261        cutoff            926.9855      880.0689 15597796    5.06%
 232893 186471      926.8423   251      926.9855      880.0916 15840491    5.06%
 235304 190024      907.5012   334      926.9855      880.3422 16271122    5.03%
Elapsed time = 2021.56 sec. (313630.57 ticks, tree = 12057.24 MB, solutions = 38)
Nodefile size = 10001.95 MB (7979.65 MB after compression)
 237732 191377      919.7083   312      926.9855      880.5519 16433310    5.01%
 240053 192736      913.7543   337      926.9855      880.7355 16568527    4.99%
 242155 193999      926.2208   250      926.9855      880.9179 16709996    4.97%
 244322 196905      921.4378   280      926.9855      880.9232 17018393    4.97%
 246689 199209      915.4799   325      926.9855      881.1263 17281793    4.95%
 249073 200190      906.6570   309      926.9855      881.3741 17378700    4.92%
 251523 203193      926.9499   182      926.9855      881.5201 17710727    4.90%
 253805 204072      912.8540   349      926.9855      881.6921 17809510    4.89%
 256425 207270        cutoff            926.9855      881.7925 18149195    4.88%
 258753 209388      917.6066   273      926.9855      881.8916 18346969    4.86%
Elapsed time = 2254.53 sec. (351794.91 ticks, tree = 13521.72 MB, solutions = 38)
Nodefile size = 11462.35 MB (9178.06 MB after compression)
 261141 210406      919.7162   329      926.9855      882.0380 18473612    4.85%
 263292 211736      923.8969   248      926.9855      882.1093 18620187    4.84%
 265041 214371      922.3013   216      926.9855      882.3011 18894863    4.82%
 266941 216560      917.2249   305      926.9855      882.3190 19163204    4.82%
 268901 217743      917.5714   363      926.9855      882.5159 19314634    4.80%
 271229 218736      925.3689   310      926.9855      882.5431 19425563    4.79%
 273676 220007      926.6756   318      926.9855      882.7597 19579377    4.77%
 276097 224301      905.8390   306      926.9855      882.8744 20026628    4.76%
 278244 225826      919.4361   253      926.9855      882.9915 20205779    4.75%
 280414 226369      920.0519   274      926.9855      883.1149 20270352    4.73%
Elapsed time = 2491.95 sec. (389954.23 ticks, tree = 14680.23 MB, solutions = 38)
Nodefile size = 12620.44 MB (10118.80 MB after compression)
 282429 229537      920.6609   298      926.9855      883.2344 20654512    4.72%
 284203 231072      908.8474   274      926.9855      883.3680 20853118    4.71%
 286240 232197      916.0252   306      926.9855      883.3680 20974172    4.71%
 288714 233855      925.7834   307      926.9855      883.5632 21179509    4.68%
 290898 236599      925.1136   272      926.9855      883.7799 21452863    4.66%
 292997 237182      923.0272   172      926.9855      883.9016 21519151    4.65%
 295039 239047      920.9061   337      926.9855      884.0186 21754605    4.64%
 297105 240096      920.8241   245      926.9855      884.1096 21887648    4.63%
 299286 243278      910.3805   386      926.9855      884.2191 22282034    4.61%
 301329 244610      905.1889   361      926.9855      884.2879 22436264    4.61%
Elapsed time = 2731.42 sec. (428120.50 ticks, tree = 15894.67 MB, solutions = 38)
Nodefile size = 13837.18 MB (11109.65 MB after compression)
 303054 246316      925.4981   311      926.9855      884.3866 22635057    4.60%
 305184 247904        cutoff            926.9855      884.5073 22853389    4.58%
 307442 248514      918.9799   209      926.9855      884.6140 22926441    4.57%
 309778 252446      921.1364   321      926.9855      884.6574 23345145    4.57%
 311960 253168      897.5713   332      926.9855      884.6574 23409392    4.57%
 314183 255760      926.2055   253      926.9855      884.8845 23713043    4.54%
 316282 256302      899.5616   372      926.9855      884.9953 23787859    4.53%
 318206 259515      918.5615   300      926.9855      885.0602 24166085    4.52%
 319804 259458      906.3970   307      926.9855      885.1617 24143840    4.51%
 321753 261172      924.3374   303      926.9855      885.1617 24389742    4.51%
Elapsed time = 2965.64 sec. (466290.42 ticks, tree = 17175.55 MB, solutions = 38)
Nodefile size = 15115.92 MB (12160.53 MB after compression)
 323763 263321      909.8395   314      926.9855      885.2858 24673124    4.50%
 325971 265412      912.1756   348      926.9855      885.5079 24918415    4.47%
 327956 267017      912.7611   266      926.9855      885.5997 25081644    4.46%
 329607 269102      926.4939   379      926.9855      885.7123 25343938    4.45%
 331597 269172      908.7612   280      926.9855      885.7914 25350196    4.44%
 333470 270389      904.2520   349      926.9855      885.8424 25528096    4.44%
 335186 272809      919.5014   306      926.9855      885.9472 25841902    4.43%
 336906 274674      921.2447   348      926.9855      885.9689 26083930    4.42%
 338849 275698      922.2546   338      926.9855      885.9975 26222916    4.42%
 340825 277012      920.6851   317      926.9855      886.0796 26372787    4.41%
Elapsed time = 3207.11 sec. (504454.94 ticks, tree = 18274.39 MB, solutions = 38)
Nodefile size = 16214.61 MB (13057.43 MB after compression)
 342603 279056      907.9278   317      926.9855      886.3105 26623236    4.39%
 344505 281232      917.0331   264      926.9855      886.3931 26907372    4.38%
 346594 281303      918.2402   304      926.9855      886.4503 26914026    4.37%
 348589 283440      924.4757   267      926.9855      886.5317 27209811    4.36%
 350673 284963      906.4315   275      926.9855      886.6139 27376380    4.36%
 352770 287357      917.7749   287      926.9855      886.6820 27667145    4.35%
 354698 288763        cutoff            926.9855      886.7489 27844446    4.34%
 356487 289416      899.5201   357      926.9855      886.8375 27925836    4.33%
 358088 291426      919.2024   290      926.9855      886.9079 28161414    4.32%
 359884 292657      921.1724   318      926.9855      886.9079 28324084    4.32%
Elapsed time = 3449.64 sec. (542614.20 ticks, tree = 19290.32 MB, solutions = 38)
Nodefile size = 17228.78 MB (13884.38 MB after compression)
 361700 293985      913.5970   314      926.9855      887.0431 28488137    4.31%
 363684 295478      913.7119   335      926.9855      887.0866 28676029    4.30%
 365554 297361      920.7389   229      926.9855      887.1565 28922475    4.30%
 367578 299629      916.0081   334      926.9855      887.2318 29217433    4.29%
 369476 302157        cutoff            926.9855      887.3072 29540692    4.28%
 371641 303194      918.1640   315      926.9855      887.3681 29654587    4.27%
 373141 303636      912.9809   368      926.9855      887.4592 29703496    4.26%
 374556 305112      909.0868   296      926.9855      887.5230 29880462    4.26%
 376084 307255      917.9161   341      926.9855      887.5578 30203381    4.25%
 377972 308735      922.9039   294      926.9855      887.5578 30432253    4.25%
Elapsed time = 3688.79 sec. (580780.90 ticks, tree = 20399.45 MB, solutions = 38)
Nodefile size = 18340.81 MB (14798.05 MB after compression)
 379776 309772      924.2273   252      926.9855      887.6810 30576137    4.24%
 381572 311657      920.0870   221      926.9855      887.7263 30818051    4.24%
 383187 312430      917.4181   302      926.9855      887.8101 30925032    4.23%
 384725 314186      916.0432   378      926.9855      887.9171 31170661    4.21%
 386645 314328      922.5416   258      926.9855      887.9397 31183433    4.21%
 388406 316791      923.7818   346      926.9855      887.9397 31498462    4.21%
 390072 318894        cutoff            926.9855      888.0642 31783585    4.20%
 391858 319098      923.2988   261      926.9855      888.1342 31819559    4.19%
 393737 321043        cutoff            926.9855      888.2143 32080262    4.18%
 395472 321825      913.3430   313      926.9855      888.2656 32187381    4.18%
Elapsed time = 3938.75 sec. (618955.60 ticks, tree = 21431.94 MB, solutions = 38)
Nodefile size = 19372.32 MB (15650.08 MB after compression)
 397250 324235      918.6705   320      926.9855      888.3337 32500061    4.17%
 398736 324982      910.3074   330      926.9855      888.4188 32607523    4.16%
 400217 327296      924.1105   291      926.9855      888.4681 32936910    4.16%
 401736 327908      915.5577   360      926.9855      888.5244 33023671    4.15%
 403274 329390      920.9889   237      926.9855      888.5817 33249644    4.14%
 404964 330151        cutoff            926.9855      888.6321 33371504    4.14%
 406585 331719      925.2480   263      926.9855      888.6590 33611573    4.13%
 407482 331592      923.5936   310      926.9855      888.6590 33601106    4.13%

Performing restart 2

Repeating presolve.
Tried aggregator 1 time.
MIP Presolve eliminated 5 rows and 9 columns.
MIP Presolve modified 175 coefficients.
Reduced MIP has 5891 rows, 6769 columns, and 42160 nonzeros.
Reduced MIP has 3395 binaries, 3374 generals, 0 SOSs, and 0 indicators.
Presolve time = 0.05 sec. (24.21 ticks)
Tried aggregator 1 time.
MIP Presolve eliminated 3 rows and 6 columns.
Reduced MIP has 5888 rows, 6763 columns, and 42096 nonzeros.
Reduced MIP has 3392 binaries, 3371 generals, 0 SOSs, and 0 indicators.
Presolve time = 0.06 sec. (29.33 ticks)
Represolve time = 1.75 sec. (312.71 ticks)
 407490     0      670.4540   629      926.9855      Cuts: 62 33943071    4.13%
 407490     0      671.2719   613      926.9855      Cuts: 53 33943328    4.13%
 407490     0      673.1683   611      926.9855      Cuts: 84 33943974    4.13%
 407490     0      674.6822   650      926.9855     Cuts: 139 33944663    4.13%
 407490     0      675.6959   636      926.9855     Cuts: 132 33945105    4.13%
 407490     0      676.9430   634      926.9855      Cuts: 82 33945414    4.13%
 407490     0      678.0474   638      926.9855     Cuts: 114 33945802    4.13%
 407490     0      678.4060   653      926.9855      Cuts: 77 33946013    4.13%
 407490     2      678.4060   653      926.9855      888.7374 33946013    4.13%
 407492     3      846.3679   283      926.9855      888.7374 33951600    4.13%
Elapsed time = 4294.96 sec. (678331.65 ticks, tree = 0.02 MB, solutions = 38)
 407502     6      895.0523   371      926.9855      888.7374 33955128    4.13%
 407513     6      851.1144   331      926.9855      888.7374 33976118    4.13%
 407539     5      888.4409   350      926.9855      888.7374 34001660    4.13%
 407547     4      696.5490   550      926.9855      888.7374 34004981    4.13%
 407572    14      878.4922   313      926.9855      888.7374 34018620    4.13%
 407731    78      925.5913   260      926.9855      888.7374 34088288    4.13%
 408791   426      920.2602   270      926.9855      888.7374 34142023    4.13%
 410576  1850      915.1250   329      926.9855      888.7374 34301762    4.13%
 411836  2727        cutoff            926.9855      888.7374 34405469    4.13%
 412644  3543      904.2925   315      926.9855      888.7374 34613197    4.13%
Elapsed time = 4424.76 sec. (718637.38 ticks, tree = 116.58 MB, solutions = 38)
 414052  4666        cutoff            926.9855      888.7374 34822851    4.13%
 415211  5284      926.2306   255      926.9855      888.7374 34946273    4.13%
 416710  6346      923.5375   142      926.9855      888.7374 35160485    4.13%
 418361  7595      910.5757   338      926.9855      888.7374 35362073    4.13%
 420677  9294      913.0361   356      926.9855      888.7374 35535370    4.13%
 423542 11322      908.3283   318      926.9855      888.7374 35732462    4.13%
 426564 13607      913.5695   330      926.9855      888.7374 35905474    4.13%
 429689 16434      908.3453   273      926.9855      889.9400 36110970    4.00%
 432898 19796      918.3378   255      926.9855      890.3007 36371155    3.96%
 435940 22269      922.5964   268      926.9855      891.1559 36569973    3.87%
Elapsed time = 4625.40 sec. (756795.90 ticks, tree = 1094.27 MB, solutions = 38)
 439009 25148      923.1962   249      926.9855      891.6812 36798386    3.81%
 442131 27996      897.9907   353      926.9855      892.1950 37019812    3.75%
 444691 29587      901.3328   288      926.9855      892.8639 37168395    3.68%
 447583 32206        cutoff            926.9855      893.2050 37410609    3.64%
 450511 34901      918.1697   288      926.9855      893.6978 37638724    3.59%
 453233 36640      918.3652   274      926.9855      894.0899 37799470    3.55%
 456157 39642      905.2886   289      926.9855      894.6823 38072488    3.48%
 459291 41978      918.9958   231      926.9855      894.8432 38257545    3.47%
 462119 43616        cutoff            926.9855      895.2298 38399764    3.43%
 464943 46803      917.2484   157      926.9855      895.6132 38683663    3.38%
Elapsed time = 4833.64 sec. (794957.45 ticks, tree = 2262.81 MB, solutions = 38)
Nodefile size = 211.33 MB (159.58 MB after compression)
 467695 48483      915.3359   303      926.9855      895.8560 38842714    3.36%
 470097 50300      906.1395   339      926.9855      895.9949 39018805    3.34%
 472898 52358      905.7312   370      926.9855      896.4631 39256172    3.29%
 475760 54998      920.4555   313      926.9855      896.5338 39495585    3.29%
 478304 57538      921.1039   266      926.9855      896.9708 39748206    3.24%
 481066 59542      908.3224   326      926.9855      897.1075 39964974    3.22%
 484013 60288      900.8775   318      926.9855      897.3452 40032326    3.20%
 486868 64154      918.7922   234      926.9855      897.5658 40371431    3.17%
 489524 66257        cutoff            926.9855      897.8468 40573867    3.14%
 492094 67984      926.5776   195      926.9855      897.9958 40779807    3.13%
Elapsed time = 5042.22 sec. (833121.23 ticks, tree = 3331.95 MB, solutions = 38)
Nodefile size = 1279.66 MB (969.20 MB after compression)
 494738 70093      921.2365   207      926.9855      898.1787 41009525    3.11%
 497466 71174      910.7546   296      926.9855      898.3673 41129330    3.09%
 499745 72703      914.9399   292      926.9855      898.5761 41280255    3.06%
 502398 75150      913.1053   264      926.9855      898.7312 41565293    3.05%
 505078 77278      917.9562   306      926.9855      898.8503 41786986    3.04%
 507755 80317      906.2136   319      926.9855      899.0224 42097259    3.02%
 510354 81620        cutoff            926.9855      899.2127 42225354    3.00%
 512580 82896      924.5844   246      926.9855      899.3329 42360253    2.98%
 515247 85678      926.3781   267      926.9855      899.4761 42709737    2.97%
 518052 87780      914.0806   337      926.9855      899.6110 42936219    2.95%
Elapsed time = 5258.39 sec. (871280.93 ticks, tree = 4353.25 MB, solutions = 38)
Nodefile size = 2300.74 MB (1744.55 MB after compression)
 520780 89517      919.6411   251      926.9855      899.6184 43117177    2.95%
 523347 90384      923.9748   167      926.9855      899.8551 43205127    2.93%
 525758 93040      910.3189   284      926.9855      900.0317 43503648    2.91%
 528438 95565      919.0879   318      926.9855      900.1710 43813153    2.89%
 531054 95871        cutoff            926.9855      900.2832 43847800    2.88%
 533580 99019      909.1502   330      926.9855      900.4032 44195717    2.87%
 535928 99934      913.9114   299      926.9855      900.5512 44296431    2.85%
 538193 102991        cutoff            926.9855      900.6506 44688605    2.84%
 540818 103714      904.8141   314      926.9855      900.6960 44785275    2.84%
 543544 105730      919.8611   291      926.9855      900.8339 45016677    2.82%
Elapsed time = 5469.52 sec. (909437.86 ticks, tree = 5224.83 MB, solutions = 38)
Nodefile size = 3168.41 MB (2401.43 MB after compression)
 546318 108913      921.8242   186      926.9855      900.9297 45347250    2.81%
 548767 111082      909.9582   338      926.9855      901.0392 45569669    2.80%
 551003 111630      914.5439   255      926.9855      901.1175 45646037    2.79%
 553021 112186      926.4432   299      926.9855      901.2448 45715393    2.78%
 555016 114493      902.9428   325      926.9855      901.3591 46031131    2.76%
 556991 115619      923.8873   295      926.9855      901.4358 46170694    2.76%
 558818 116989      922.3302   242      926.9855      901.5045 46337317    2.75%
 560399 119514      922.2693   298      926.9855      901.6050 46675440    2.74%
 561870 120456      925.7590   253      926.9855      901.6842 46829099    2.73%
 563235 121490      919.6190   288      926.9855      901.7334 47015900    2.72%
Elapsed time = 5695.20 sec. (947611.21 ticks, tree = 6053.61 MB, solutions = 38)
Nodefile size = 3999.74 MB (3037.37 MB after compression)
 564889 122433      915.0140   302      926.9855      901.7436 47199318    2.72%
 566455 123727      926.7668   256      926.9855      901.8545 47413010    2.71%
 567932 124920      906.7679   276      926.9855      901.9035 47608951    2.71%
 569554 125379      919.9958   341      926.9855      901.9567 47676790    2.70%
 571021 126845        cutoff            926.9855      902.0312 47911465    2.69%
 572451 127438      911.0850   333      926.9855      902.0997 48006834    2.68%
 573823 127767      922.0227   276      926.9855      902.1608 48065989    2.68%
 575358 129924      923.8660   172      926.9855      902.1890 48469755    2.67%
 576855 130050      922.6007   335      926.9855      902.1890 48492710    2.67%
 578332 130945        cutoff            926.9855      902.3429 48647598    2.66%
Elapsed time = 5935.22 sec. (985778.02 ticks, tree = 6553.17 MB, solutions = 38)
Nodefile size = 4495.02 MB (3418.13 MB after compression)
 579698 133217      918.7873   316      926.9855      902.4135 49015055    2.65%
 581139 134178      923.0849   222      926.9855      902.4586 49190847    2.65%
 582502 135198      915.7968   164      926.9855      902.5191 49381430    2.64%
 583787 135252      925.8837   195      926.9855      902.5565 49387579    2.64%
 585027 135921      912.2517   280      926.9855      902.6122 49529439    2.63%
 586322 137693      924.4102   317      926.9855      902.6933 49853858    2.62%
 587586 138417      912.8342   232      926.9855      902.7511 49985579    2.61%
 588929 139125      915.3424   286      926.9855      902.7965 50114915    2.61%
 590181 139733      913.6980   255      926.9855      902.8553 50211721    2.60%
 591299 141434      926.1174   207      926.9855      902.9007 50520359    2.60%
Elapsed time = 6188.22 sec. (1023950.40 ticks, tree = 7224.84 MB, solutions = 38)
Nodefile size = 5171.12 MB (3952.21 MB after compression)
 592276 142193        cutoff            926.9855      902.9461 50718313    2.59%
 593438 142125      924.6287   241      926.9855      902.9913 50697225    2.59%
 594586 142911      914.7102   212      926.9855      903.0394 50894391    2.58%
 595749 144443      924.3677   338      926.9855      903.0687 51190626    2.58%
 596942 144331      912.9063   357      926.9855      903.1114 51157489    2.58%
 598224 145738      911.0851   331      926.9855      903.1450 51433835    2.57%
 599342 146682      924.9290   330      926.9855      903.1969 51614712    2.57%
 600474 147625        cutoff            926.9855      903.2570 51801326    2.56%
 601545 147310      924.8257   246      926.9855      903.2825 51724620    2.56%
 602762 149118      918.6669   311      926.9855      903.3320 52140117    2.55%
Elapsed time = 6442.04 sec. (1062120.37 ticks, tree = 7627.71 MB, solutions = 38)
Nodefile size = 5572.99 MB (4267.85 MB after compression)
 603891 150147      920.7909   332      926.9855      903.3669 52318501    2.55%
 605018 149827      922.2230   166      926.9855      903.3999 52247482    2.54%
 606206 150336      923.1015   289      926.9855      903.4274 52352290    2.54%
 607422 151817      916.5882   303      926.9855      903.4803 52627421    2.54%
 608536 152084      918.5865   239      926.9855      903.5067 52698250    2.53%
 609598 152983      912.8171   332      926.9855      903.5544 52867250    2.53%
 610766 154406      913.0243   284      926.9855      903.5670 53198026    2.53%
 612015 155175      919.4092   409      926.9855      903.6345 53356392    2.52%
 613193 156201      916.9857   340      926.9855      903.6735 53554408    2.51%
 614370 156944      917.0527   333      926.9855      903.7107 53683773    2.51%
Elapsed time = 6698.18 sec. (1100302.33 ticks, tree = 8153.90 MB, solutions = 38)
Nodefile size = 6099.75 MB (4687.53 MB after compression)
 615536 157395      923.4292   285      926.9855      903.7536 53781559    2.51%
 616535 157983      915.3700   243      926.9855      903.7865 53895808    2.50%
 617532 158646      925.6423   330      926.9855      903.8484 54009224    2.50%
 618593 159622      925.6786   291      926.9855      903.8753 54253221    2.49%
 619707 159974      924.1867   290      926.9855      903.9339 54345344    2.49%
 620933 160254      925.8424   253      926.9855      903.9773 54412609    2.48%
 622057 161035      916.5094   220      926.9855      904.0122 54622095    2.48%
 623304 162107      913.3939   262      926.9855      904.0335 54845639    2.48%
 624504 163677      923.7654   369      926.9855      904.0727 55177185    2.47%
 625718 163294      926.9247   199      926.9855      904.0993 55086261    2.47%
Elapsed time = 6949.77 sec. (1138502.57 ticks, tree = 8562.06 MB, solutions = 38)
Nodefile size = 6504.47 MB (5011.11 MB after compression)
 626850 164775      920.2847   332      926.9855      904.1509 55416662    2.46%
 627940 164665        cutoff            926.9855      904.1929 55402334    2.46%
 629160 165997        cutoff            926.9855      904.2416 55662630    2.45%
 630303 166666      925.0223   310      926.9855      904.2683 55829209    2.45%
 631528 167469      909.3854   320      926.9855      904.2789 56004180    2.45%
 632778 168778      911.6094   336      926.9855      904.3434 56266031    2.44%
 633975 168387      909.4638   266      926.9855      904.3934 56175307    2.44%
 635191 169748      919.1378   311      926.9855      904.4322 56454821    2.43%
 636278 170561        cutoff            926.9855      904.4721 56627952    2.43%
 637231 170577      924.6036   246      926.9855      904.5025 56632288    2.43%
Elapsed time = 7218.72 sec. (1176691.97 ticks, tree = 9003.78 MB, solutions = 38)
Nodefile size = 6949.36 MB (5365.09 MB after compression)
 638295 172115      917.4204   299      926.9855      904.5519 56970531    2.42%
 639470 172943      926.2191   317      926.9855      904.5795 57196759    2.42%
 640686 173403      922.5557   175      926.9855      904.5795 57299404    2.42%
 641896 173525      915.1606   338      926.9855      904.6619 57335553    2.41%
 642952 174725      924.4384   332      926.9855      904.6994 57588207    2.40%
 644106 176098      924.3584   330      926.9855      904.7336 57845194    2.40%
 645194 176250      920.6135   345      926.9855      904.7795 57877490    2.40%
 646277 177098      919.5162   305      926.9855      904.8050 58039156    2.39%
 647238 178379      922.4356   193      926.9855      904.8494 58355579    2.39%
 648297 178499      922.7228   250      926.9855      904.8788 58382232    2.38%
Elapsed time = 7484.32 sec. (1214857.74 ticks, tree = 9455.30 MB, solutions = 38)
Nodefile size = 7398.61 MB (5723.40 MB after compression)
 649454 179308        cutoff            926.9855      904.9040 58594972    2.38%
 650585 179652      924.9999   264      926.9855      904.9375 58670395    2.38%
 651766 180916        cutoff            926.9855      904.9759 58916713    2.37%
 652971 180922      916.8812   183      926.9855      905.0081 58920188    2.37%
 654339 182099      924.8445   230      926.9855      905.0334 59134371    2.37%
 655380 182940      924.1937   308      926.9855      905.0659 59291783    2.36%
 656390 183156      920.1921   151      926.9855      905.0954 59327414    2.36%
 657551 184329      925.0989   190      926.9855      905.1444 59538862    2.36%
 658667 185248      918.0631   290      926.9855      905.1692 59740948    2.35%
 659928 186843      921.6294   331      926.9855      905.2077 60088035    2.35%
Elapsed time = 7753.16 sec. (1253030.78 ticks, tree = 9924.03 MB, solutions = 38)
Nodefile size = 7869.63 MB (6092.96 MB after compression)
 661192 186374      914.3691   253      926.9855      905.2353 59990781    2.35%
 662326 187367      926.6372   272      926.9855      905.2626 60187911    2.34%
 663578 189204      917.4841   318      926.9855      905.2958 60521252    2.34%
 664713 188477      921.1838   208      926.9855      905.3370 60393562    2.34%
 665730 189813      924.6254   292      926.9855      905.3693 60637261    2.33%
 666666 190761      914.0555   335      926.9855      905.3951 60835060    2.33%
 667544 190998      919.1520   142      926.9855      905.4263 60883754    2.33%
 668509 191712        cutoff            926.9855      905.4263 61052803    2.33%
 669559 192548      926.1517   301      926.9855      905.4981 61260397    2.32%
 670582 193522      922.7770   324      926.9855      905.5283 61516151    2.31%
Elapsed time = 8002.39 sec. (1291210.92 ticks, tree = 10331.10 MB, solutions = 38)
Nodefile size = 8275.58 MB (6419.01 MB after compression)
 671693 193841      916.6199   310      926.9855      905.5319 61578742    2.31%
 672711 194571        cutoff            926.9855      905.5319 61747472    2.31%
 673775 195310      920.6539   340      926.9855      905.6192 61886477    2.30%
 674888 195860      924.5490   315      926.9855      905.6548 62003671    2.30%
 675998 196066      924.2018   298      926.9855      905.6953 62058827    2.30%
 676887 196908      925.5670   279      926.9855      905.7235 62245385    2.29%
 677900 198360        cutoff            926.9855      905.7456 62532832    2.29%
 678839 198266      920.2080   205      926.9855      905.7852 62517495    2.29%
 679777 198901      918.8401   314      926.9855      905.8120 62672436    2.28%
 680737 199560        cutoff            926.9855      905.8344 62844152    2.28%
Elapsed time = 8248.14 sec. (1329376.36 ticks, tree = 10757.95 MB, solutions = 38)
Nodefile size = 8701.37 MB (6763.12 MB after compression)
 681646 199987      914.8056   345      926.9855      905.8594 62934989    2.28%
 682642 200989      918.2466   275      926.9855      905.8821 63175840    2.28%
 683813 201730      925.9793   303      926.9855      905.9020 63364006    2.27%
 684972 201886      915.7225   270      926.9855      905.9323 63399500    2.27%
 686059 202971      911.7304   319      926.9855      905.9596 63625281    2.27%
 687035 203042      922.6203   235      926.9855      905.9826 63649856    2.27%
 687886 205053      913.7259   318      926.9855      906.0100 64018747    2.26%
 688798 204880      920.6568   322      926.9855      906.0427 63980016    2.26%
 689808 205931      917.9479   313      926.9855      906.0731 64240811    2.26%
 690684 206873        cutoff            926.9855      906.1010 64491175    2.25%
Elapsed time = 8513.40 sec. (1367566.06 ticks, tree = 11191.59 MB, solutions = 38)
Nodefile size = 9137.11 MB (7111.90 MB after compression)
 691721 207616      920.1824   344      926.9855      906.1377 64671472    2.25%
 692829 207467      923.8302   192      926.9855      906.1560 64644310    2.25%
 693824 207862      924.7035   336      926.9855      906.1791 64720128    2.24%
 694820 208494        cutoff            926.9855      906.2017 64850613    2.24%
 695952 210091      921.9560   222      926.9855      906.2237 65164453    2.24%
 696940 209617        cutoff            926.9855      906.2486 65078590    2.24%
 697843 211087      923.5784   350      926.9855      906.2730 65414784    2.23%
 698689 211281      922.3734   301      926.9855      906.2964 65451695    2.23%
 699558 211295      915.1396   284      926.9855      906.3148 65456552    2.23%
 700422 212742      922.9054   308      926.9855      906.3433 65801623    2.23%
Elapsed time = 8774.58 sec. (1405739.29 ticks, tree = 11633.43 MB, solutions = 38)
Nodefile size = 9575.70 MB (7467.29 MB after compression)
 701423 213294        cutoff            926.9855      906.3490 65955486    2.23%
 702393 214014      924.5892   130      926.9855      906.3490 66154033    2.23%
 703556 214339        cutoff            926.9855      906.4228 66207123    2.22%
 704653 215311      915.1553   307      926.9855      906.4481 66422761    2.22%
 705816 216353      923.4391   306      926.9855      906.4868 66605979    2.21%
 706897 216169      920.0221   246      926.9855      906.5104 66578119    2.21%
 707961 217160      922.5153   170      926.9855      906.5337 66765243    2.21%
 708949 217507      920.6092   217      926.9855      906.5615 66834931    2.20%
 709859 219305      915.4153   262      926.9855      906.5818 67198986    2.20%
 710626 219731      924.7207   244      926.9855      906.6090 67302128    2.20%
Elapsed time = 9038.98 sec. (1443915.16 ticks, tree = 12119.00 MB, solutions = 38)
Nodefile size = 10064.67 MB (7863.69 MB after compression)
 711375 219483      926.2404   321      926.9855      906.6306 67240003    2.20%
 712311 220906      912.4865   330      926.9855      906.6536 67619451    2.19%
 713338 221246      926.5049   167      926.9855      906.6796 67760238    2.19%
 714341 221152      920.6503   224      926.9855      906.7056 67698286    2.19%
 715386 221984      921.1749   275      926.9855      906.7286 67930372    2.19%
 716353 222799      915.7044   271      926.9855      906.7419 68115894    2.18%
 717274 223754      923.1489   247      926.9855      906.7640 68339325    2.18%
 718342 223910      915.6913   343      926.9855      906.7848 68390805    2.18%
 719457 224480      919.2853   198      926.9855      906.8047 68490220    2.18%
 720434 224379      918.8732   346      926.9855      906.8336 68474451    2.17%
Elapsed time = 9301.04 sec. (1482103.06 ticks, tree = 12424.75 MB, solutions = 38)
Nodefile size = 10366.75 MB (8107.11 MB after compression)
 721276 225930        cutoff            926.9855      906.8595 68766991    2.17%
 722083 225633      921.4168   237      926.9855      906.8878 68710966    2.17%
 722912 226667      907.8597   263      926.9855      906.9081 68940995    2.17%
 723753 227156      925.8074   233      926.9855      906.9338 69061248    2.16%
 724696 228055        cutoff            926.9855      906.9609 69372548    2.16%
 725584 228618      909.0275   292      926.9855      906.9812 69494860    2.16%
 726410 229094      920.3866   234      926.9855      907.0066 69581423    2.16%
 727249 229662      924.7900   312      926.9855      907.0286 69753942    2.15%
 728167 229814      922.0109   163      926.9855      907.0556 69789754    2.15%
 728992 230604      924.5943   358      926.9855      907.0816 69985381    2.15%
Elapsed time = 9565.31 sec. (1520325.50 ticks, tree = 12838.46 MB, solutions = 38)
Nodefile size = 10783.89 MB (8445.27 MB after compression)
 729796 230379        cutoff            926.9855      907.0943 69929321    2.15%
 730553 231527      920.8234   238      926.9855      907.1259 70189815    2.14%
 731410 232137      917.9145   338      926.9855      907.1610 70407797    2.14%
 732226 232811      922.3627   282      926.9855      907.1814 70625575    2.14%
 733010 232731      923.4837   352      926.9855      907.2018 70593342    2.13%
 733873 232751      918.5489   319      926.9855      907.2228 70597702    2.13%
 734729 234244        cutoff            926.9855      907.2487 71005311    2.13%
 735580 233851      926.9426   205      926.9855      907.2737 70910672    2.13%
 736534 235155      924.0559   325      926.9855      907.2899 71263690    2.12%
 737456 235184        cutoff            926.9855      907.3073 71268165    2.12%
Elapsed time = 9829.68 sec. (1558503.10 ticks, tree = 13104.83 MB, solutions = 38)
Nodefile size = 11048.16 MB (8657.23 MB after compression)
 738303 236115      924.7488   339      926.9855      907.3328 71479533    2.12%
 739138 236455        cutoff            926.9855      907.3618 71559938    2.12%
 739960 236465      924.9779   212      926.9855      907.3749 71564771    2.12%
 740702 237586      923.6440   268      926.9855      907.3992 71849205    2.11%
 741467 237907        cutoff            926.9855      907.4172 71955864    2.11%
 742254 238385      923.2808   272      926.9855      907.4423 72105754    2.11%
 743149 238732      924.8459   261      926.9855      907.4586 72182316    2.11%
 744009 239691      918.7815   366      926.9855      907.4822 72484023    2.10%
 744934 240108      926.0987   249      926.9855      907.5009 72581739    2.10%
 745866 239634      924.7284   327      926.9855      907.5151 72472317    2.10%
Elapsed time = 10100.69 sec. (1596694.48 ticks, tree = 13374.19 MB, solutions = 38)
Nodefile size = 11314.51 MB (8872.40 MB after compression)
 746807 240977        cutoff            926.9855      907.5356 72810657    2.10%
 747756 241009      925.4604   319      926.9855      907.5631 72814945    2.10%
 748587 241589      925.3181   260      926.9855      907.5787 72952699    2.09%
 749445 242698      926.0424   311      926.9855      907.5999 73213875    2.09%
 750202 242427      925.7831   267      926.9855      907.6213 73162547    2.09%
 750975 243290      925.9879   241      926.9855      907.6457 73368467    2.09%
 751776 243599      919.5953   231      926.9855      907.6713 73446527    2.08%
 752614 244463      923.9710   192      926.9855      907.6972 73707649    2.08%
 753453 245448      925.6442   318      926.9855      907.7210 73970582    2.08%
 754391 246136      926.0233   240      926.9855      907.7537 74144441    2.07%
Elapsed time = 10370.15 sec. (1634885.90 ticks, tree = 13807.74 MB, solutions = 38)
Nodefile size = 11752.77 MB (9227.88 MB after compression)
 755307 246153        cutoff            926.9855      907.7683 74148357    2.07%
 756178 246274      922.5165   277      926.9855      907.7807 74182339    2.07%
 757022 246915      922.9665   220      926.9855      907.8021 74347264    2.07%
 757819 247005        cutoff            926.9855      907.8186 74363464    2.07%
 758577 248471      920.6949   261      926.9855      907.8364 74741731    2.07%
 759305 248250        cutoff            926.9855      907.8570 74683055    2.06%
 760067 248340      922.9352   210      926.9855      907.8819 74699638    2.06%
 760850 248817      926.8928   349      926.9855      907.9000 74851915    2.06%
 761633 250222      922.6866   195      926.9855      907.9192 75310358    2.06%
 762534 250578        cutoff            926.9855      907.9406 75392501    2.05%
Elapsed time = 10614.66 sec. (1673068.31 ticks, tree = 14057.41 MB, solutions = 38)
Nodefile size = 12002.81 MB (9428.34 MB after compression)
 763473 251506        cutoff            926.9855      907.9633 75594631    2.05%
 764306 251691      922.5013   159      926.9855      907.9716 75637796    2.05%
 765180 252043      922.7419   241      926.9855      907.9930 75724161    2.05%
 766016 251819      924.0241   324      926.9855      908.0143 75673716    2.05%
 766846 253325      922.9462   259      926.9855      908.0305 76042177    2.04%
 767541 253003      917.4163   313      926.9855      908.0485 75958522    2.04%
 768179 254151      922.6088   187      926.9855      908.0690 76290081    2.04%
 768798 254250      916.6944   262      926.9855      908.0802 76331932    2.04%
 769564 254030        cutoff            926.9855      908.1089 76261280    2.04%
 770428 254956      924.0203   195      926.9855      908.1255 76565385    2.03%
Elapsed time = 10856.09 sec. (1711250.59 ticks, tree = 14369.86 MB, solutions = 38)
Nodefile size = 12311.98 MB (9682.78 MB after compression)
 771327 255607      920.8150   250      926.9855      908.1407 76809290    2.03%
 772183 256067      923.5965   282      926.9855      908.1624 76909428    2.03%
 773045 256525        cutoff            926.9855      908.1851 77026037    2.03%
 773896 256725        cutoff            926.9855      908.1967 77083318    2.03%
 774800 257297      918.4078   234      926.9855      908.2176 77223012    2.02%
 775658 257459      920.6151   278      926.9855      908.2336 77261303    2.02%
 776445 258421      924.9323   231      926.9855      908.2478 77498956    2.02%
 777201 258546      926.0794   163      926.9855      908.2698 77534893    2.02%
 777980 258984      926.9411   356      926.9855      908.2940 77641763    2.02%
 778768 259583      918.5754   224      926.9855      908.3103 77808418    2.01%
Elapsed time = 11100.17 sec. (1749452.44 ticks, tree = 14744.93 MB, solutions = 38)
Nodefile size = 12690.07 MB (9993.01 MB after compression)
 779520 260410        cutoff            926.9855      908.3247 78048069    2.01%
 780326 260167      922.2361   265      926.9855      908.3462 77991230    2.01%
 781104 261336      922.8880   295      926.9855      908.3637 78337705    2.01%
 781917 260950        cutoff            926.9855      908.3755 78228900    2.01%
 782683 261616      919.7547   334      926.9855      908.3951 78407762    2.01%
 783518 262786      920.2702   252      926.9855      908.4119 78698327    2.00%
 784408 262850      917.4516   287      926.9855      908.4183 78713447    2.00%
 785308 263274      911.4259   308      926.9855      908.4533 78816811    2.00%
 786091 264785        cutoff            926.9855      908.4662 79155881    2.00%
 786917 265026      922.6609   330      926.9855      908.4829 79222015    2.00%
Elapsed time = 11342.40 sec. (1787629.49 ticks, tree = 15150.00 MB, solutions = 38)
Nodefile size = 13094.38 MB (10323.87 MB after compression)
 787604 264418      918.2812   309      926.9855      908.5008 79093893    1.99%
 788332 264952      925.7171   211      926.9855      908.5144 79208912    1.99%
 789071 265465        cutoff            926.9855      908.5280 79348241    1.99%
 789809 266595      921.9944   326      926.9855      908.5479 79701078    1.99%
 790650 267049      923.9198   342      926.9855      908.5644 79875623    1.99%
 791567 267192      922.4437   209      926.9855      908.5775 79932800    1.99%
 792394 267215        cutoff            926.9855      908.5975 79936918    1.98%
 793076 268339      913.3382   333      926.9855      908.6131 80242586    1.98%
 793781 268036      922.6198   273      926.9855      908.6331 80165120    1.98%
 794476 269323        cutoff            926.9855      908.6530 80510009    1.98%
Elapsed time = 11585.48 sec. (1825828.09 ticks, tree = 15390.41 MB, solutions = 38)
Nodefile size = 13335.54 MB (10517.19 MB after compression)
 795158 269494      914.4885   325      926.9855      908.6713 80558748    1.98%
 795916 270074      925.0983   343      926.9855      908.6866 80779506    1.97%
 796623 270548      923.7065   340      926.9855      908.7080 80910650    1.97%
 797330 270534        cutoff            926.9855      908.7336 80904102    1.97%
 797974 270581      922.5602   190      926.9855      908.7528 80908419    1.97%
 798666 271230        cutoff            926.9855      908.7822 81131697    1.96%
 799333 271690      917.7563   334      926.9855      908.7980 81283104    1.96%
 800052 271697      918.5478   297      926.9855      908.8145 81286814    1.96%
 800838 272380      918.0119   282      926.9855      908.8414 81519047    1.96%
 801672 272689      921.2651   346      926.9855      908.8527 81612204    1.96%
Elapsed time = 11830.76 sec. (1864002.14 ticks, tree = 15550.28 MB, solutions = 38)
Nodefile size = 13492.37 MB (10641.06 MB after compression)
 802469 273772        cutoff            926.9855      908.8703 81893128    1.95%
 803201 274344      921.6257   221      926.9855      908.8854 82040637    1.95%
 803986 274752        cutoff            926.9855      908.9003 82151869    1.95%
 804735 275118      914.1910   341      926.9855      908.9217 82266143    1.95%
 805463 275565      913.4322   301      926.9855      908.9347 82392327    1.95%
 806166 274990      913.3055   337      926.9855      908.9477 82228707    1.95%
 806825 276000      923.0199   184      926.9855      908.9669 82515506    1.94%
 807546 276208      919.1833   239      926.9855      908.9816 82576891    1.94%
 808202 277138      918.4011   296      926.9855      908.9949 82885266    1.94%
 808892 277018        cutoff            926.9855      909.0158 82864733    1.94%
Elapsed time = 12076.58 sec. (1902214.47 ticks, tree = 15927.35 MB, solutions = 38)
Nodefile size = 13871.51 MB (10957.02 MB after compression)
 809587 277385      925.8801   231      926.9855      909.0281 82943857    1.94%
 810304 277472      922.3844   231      926.9855      909.0478 82996655    1.94%
 811038 278513      923.8602   302      926.9855      909.0646 83376409    1.93%
 811801 277830        cutoff            926.9855      909.0802 83156334    1.93%
 812506 278921      923.6770   246      926.9855      909.0993 83490357    1.93%
 813220 278534      918.1033   353      926.9855      909.1088 83387344    1.93%
 813903 279223      920.1751   352      926.9855      909.1210 83596280    1.93%
 814594 279973      924.2174   116      926.9855      909.1415 83824654    1.92%
 815316 280020      918.7157   311      926.9855      909.1512 83839855    1.92%
 815992 280223      912.5060   338      926.9855      909.1724 83906285    1.92%
Elapsed time = 12326.64 sec. (1940402.46 ticks, tree = 16162.31 MB, solutions = 38)
Nodefile size = 14107.72 MB (11149.60 MB after compression)
 816593 280484      925.0866   189      926.9855      909.1887 83981710    1.92%
 817266 281383        cutoff            926.9855      909.2031 84271781    1.92%
 817890 282011      923.1684   296      926.9855      909.2183 84509198    1.92%
 818628 281656      923.8331   304      926.9855      909.2383 84380959    1.91%
 819397 282239      923.5287   236      926.9855      909.2611 84570294    1.91%
 820168 282495      921.5515   295      926.9855      909.2724 84701902    1.91%
 820917 282567      923.5712   236      926.9855      909.2837 84731079    1.91%
 821661 283624        cutoff            926.9855      909.3013 85034329    1.91%
 822383 284037      916.5477   299      926.9855      909.3095 85138975    1.91%
 823135 284987        cutoff            926.9855      909.3280 85413919    1.90%
Elapsed time = 12571.91 sec. (1978611.00 ticks, tree = 16467.22 MB, solutions = 38)
Nodefile size = 14411.89 MB (11396.36 MB after compression)
 823870 284617      923.2616   299      926.9855      909.3422 85297501    1.90%
 824559 285409      925.4318   253      926.9855      909.3524 85516726    1.90%
 825178 285628      926.3742   265      926.9855      909.3660 85574485    1.90%
 825812 286533      926.1820   195      926.9855      909.3784 85824963    1.90%
 826371 286592      926.0105   288      926.9855      909.4002 85841873    1.90%
 827030 286677      917.4705   357      926.9855      909.4158 85882506    1.90%
 827736 287457      924.4839   324      926.9855      909.4268 86148451    1.89%
 828419 288075      920.3070   272      926.9855      909.4516 86364684    1.89%
 829245 287720      924.0164   322      926.9855      909.4652 86263011    1.89%
 829980 288030      918.3386   317      926.9855      909.4814 86343731    1.89%
Elapsed time = 12824.51 sec. (2016826.21 ticks, tree = 16605.30 MB, solutions = 38)
Nodefile size = 14548.06 MB (11508.48 MB after compression)
 830694 288290      918.1399   316      926.9855      909.4935 86436707    1.89%
 831473 289059      924.4650   323      926.9855      909.5057 86668129    1.89%
 832222 289348      924.8287   283      926.9855      909.5194 86752238    1.88%
 832913 289927        cutoff            926.9855      909.5294 86918270    1.88%
 833520 290658        cutoff            926.9855      909.5402 87122966    1.88%
 834153 291014      922.2629   322      926.9855      909.5527 87221182    1.88%
 834695 291643      926.8447   287      926.9855      909.5641 87438205    1.88%
 835255 291724      925.9051   329      926.9855      909.5765 87476382    1.88%
 835899 292017      922.3598   328      926.9855      909.5958 87604212    1.88%
 836521 292423      921.4091   351      926.9855      909.6146 87765337    1.87%
Elapsed time = 13071.98 sec. (2055037.16 ticks, tree = 16938.65 MB, solutions = 38)
Nodefile size = 14882.13 MB (11784.54 MB after compression)
 837174 292833      922.7511   325      926.9855      909.6264 87893833    1.87%
 837917 292740      920.3959   322      926.9855      909.6484 87862578    1.87%
 838649 293188      915.6762   272      926.9855      909.6650 88038953    1.87%
 839389 293176      923.8758   239      926.9855      909.6786 88030596    1.87%
 840151 293398      923.3253   324      926.9855      909.6913 88100790    1.87%
 840882 294519      922.8570   220      926.9855      909.7095 88394109    1.86%
 841654 294396      921.7890   326      926.9855      909.7243 88371264    1.86%
 842368 295026      925.2812   262      926.9855      909.7375 88538266    1.86%
 843083 295500      926.1984   315      926.9855      909.7548 88660706    1.86%
 843746 296328      920.6680   324      926.9855      909.7674 88912156    1.86%
Elapsed time = 13324.10 sec. (2093237.26 ticks, tree = 17277.24 MB, solutions = 38)
Nodefile size = 15221.37 MB (12063.13 MB after compression)
 844330 296144      923.6905   375      926.9855      909.7801 88844725    1.86%
 844910 296936      920.5831   304      926.9855      909.7941 89100852    1.85%
 845574 296786      920.4326   163      926.9855      909.8064 89037718    1.85%
 846253 297761        cutoff            926.9855      909.8262 89426628    1.85%
 846891 297748      923.5433   334      926.9855      909.8359 89416640    1.85%
 847563 297937      918.5169   263      926.9855      909.8544 89474397    1.85%
 848302 298504      924.6146   260      926.9855      909.8735 89639951    1.85%
 849015 299254      918.1873   330      926.9855      909.8861 89858154    1.84%
 849754 299303      926.7674   256      926.9855      909.9013 89894730    1.84%
 850503 299710        cutoff            926.9855      909.9136 90006342    1.84%
Elapsed time = 13570.60 sec. (2131462.94 ticks, tree = 17420.94 MB, solutions = 38)
Nodefile size = 15363.16 MB (12174.32 MB after compression)
 851219 300526      926.0839   298      926.9855      909.9337 90241162    1.84%
 851928 299692      922.7088   337      926.9855      909.9442 90004606    1.84%
 852565 300857        cutoff            926.9855      909.9585 90334757    1.84%
 853229 300507        cutoff            926.9855      909.9723 90240814    1.84%
 853895 301148      922.8231   214      926.9855      909.9849 90430493    1.83%
 854536 301882      923.2578   231      926.9855      910.0026 90657920    1.83%
 855128 302419      920.0922   279      926.9855      910.0220 90880045    1.83%
 855682 302333      926.3571   196      926.9855      910.0411 90831404    1.83%
 856367 302575      924.4793   329      926.9855      910.0532 90915960    1.83%
 856962 303241      924.2357   339      926.9855      910.0725 91161560    1.82%
Elapsed time = 13822.30 sec. (2169658.88 ticks, tree = 17646.32 MB, solutions = 38)
Nodefile size = 15588.99 MB (12364.05 MB after compression)
 857696 303127      925.6294   227      926.9855      910.0843 91114272    1.82%
 858359 303398      925.8199   260      926.9855      910.1013 91218861    1.82%
 859060 304666      922.8745   321      926.9855      910.1185 91627252    1.82%
 859719 304031      921.9173   373      926.9855      910.1323 91432813    1.82%
 860392 305363      922.7001   302      926.9855      910.1464 91843682    1.82%
 861127 305762      926.4310   209      926.9855      910.1612 91953549    1.81%
 861785 305524      921.6579   239      926.9855      910.1708 91885434    1.81%
 862376 306114      918.8895   364      926.9855      910.1810 92035752    1.81%
 862994 306835      926.4512   213      926.9855      910.1962 92251496    1.81%
 863605 306306      923.5894   247      926.9855      910.2052 92093968    1.81%
Elapsed time = 14072.02 sec. (2207872.78 ticks, tree = 17913.14 MB, solutions = 38)
Nodefile size = 15856.88 MB (12582.60 MB after compression)
 864177 307449      925.4912   229      926.9855      910.2165 92453582    1.81%
 864736 307065      922.0047   243      926.9855      910.2270 92326014    1.81%
 865299 308159      920.3490   314      926.9855      910.2396 92739418    1.81%
 865933 308141      922.0670   332      926.9855      910.2574 92728062    1.80%
 866492 307962      921.9851   256      926.9855      910.2640 92644583    1.80%
 867133 308286      923.9231   136      926.9855      910.2837 92792756    1.80%
 867795 309005      922.6161   315      926.9855      910.2911 93083537    1.80%
 868455 309225        cutoff            926.9855      910.3090 93158784    1.80%
 869188 309760        cutoff            926.9855      910.3178 93337252    1.80%
 869890 309678        cutoff            926.9855      910.3324 93315764    1.80%
Elapsed time = 14323.65 sec. (2246079.12 ticks, tree = 18082.34 MB, solutions = 38)
Nodefile size = 16024.58 MB (12717.47 MB after compression)
 870532 310299        cutoff            926.9855      910.3444 93528266    1.80%
 871113 310781      926.6145   229      926.9855      910.3593 93649159    1.79%
 871661 311472      922.7244   316      926.9855      910.3725 93847760    1.79%
 872216 311581        cutoff            926.9855      910.3819 93888535    1.79%
 872739 311231      916.9628   209      926.9855      910.3965 93793625    1.79%
 873323 311783      917.0004   314      926.9855      910.4012 93977199    1.79%
 873848 312566      919.6444   257      926.9855      910.4194 94335043    1.79%
 874370 312656      920.5749   290      926.9855      910.4303 94378759    1.79%
 874954 312819      926.4033   246      926.9855      910.4472 94462518    1.78%
 875596 312793      920.4766   342      926.9855      910.4542 94439664    1.78%
Elapsed time = 14573.84 sec. (2284277.75 ticks, tree = 18330.06 MB, solutions = 38)
Nodefile size = 16274.36 MB (12927.49 MB after compression)
 876239 313208      918.1108   313      926.9855      910.4712 94605820    1.78%
 876898 313813      924.8679   230      926.9855      910.4800 94842644    1.78%
 877541 313929      923.4714   347      926.9855      910.4981 94889556    1.78%
 878217 313711      917.6157   303      926.9855      910.5119 94813431    1.78%
 878934 314968      916.5954   308      926.9855      910.5260 95216473    1.78%
 879593 314762      922.0090   360      926.9855      910.5364 95149535    1.77%
 880290 314925      920.2058   327      926.9855      910.5440 95212101    1.77%
 880903 315331      925.0994   260      926.9855      910.5617 95321634    1.77%
 881437 316106      918.8115   349      926.9855      910.5726 95526534    1.77%
 881973 315666      921.0716   196      926.9855      910.5896 95424227    1.77%
Elapsed time = 14822.58 sec. (2322477.60 ticks, tree = 18586.28 MB, solutions = 38)
Nodefile size = 16530.67 MB (13138.89 MB after compression)
 882541 316504        cutoff            926.9855      910.6013 95677526    1.77%
 883106 316345      920.9199   364      926.9855      910.6134 95633819    1.77%
 883671 316701      924.5229   253      926.9855      910.6279 95747229    1.76%
 884280 316889      923.8724   375      926.9855      910.6454 95841987    1.76%
 884849 317471        cutoff            926.9855      910.6596 96080733    1.76%
 885501 318050      923.4369   182      926.9855      910.6735 96333451    1.76%
 886159 318352      923.0275   305      926.9855      910.6809 96447713    1.76%
 886771 318467        cutoff            926.9855      910.6908 96496366    1.76%
 887412 319095      926.2691   280      926.9855      910.7038 96713464    1.76%
 888031 318528      921.5418   270      926.9855      910.7189 96525692    1.75%
Elapsed time = 15072.22 sec. (2360679.27 ticks, tree = 18747.47 MB, solutions = 38)
Nodefile size = 16688.19 MB (13267.28 MB after compression)
 888752 320062        cutoff            926.9855      910.7294 97000422    1.75%
 889360 319429      918.2698   243      926.9855      910.7388 96816306    1.75%
 889956 319931        cutoff            926.9855      910.7476 96959185    1.75%
 890526 320939        cutoff            926.9855      910.7618 97267765    1.75%
 891120 320994      920.4037   161      926.9855      910.7709 97285099    1.75%
 891673 320491      919.4735   269      926.9855      910.7812 97137229    1.75%
 892227 321639      925.3893   241      926.9855      910.7963 97550204    1.75%
 892799 321736      921.0082   249      926.9855      910.8065 97584737    1.75%
 893338 321496      925.0798   312      926.9855      910.8196 97509574    1.74%
 893920 321703      925.3966   374      926.9855      910.8307 97576946    1.74%
Elapsed time = 15323.15 sec. (2398897.34 ticks, tree = 19056.63 MB, solutions = 38)
Nodefile size = 17001.03 MB (13531.39 MB after compression)
 894522 322276        cutoff            926.9855      910.8464 97849630    1.74%
 895148 322979      921.4368   243      926.9855      910.8590 98133711    1.74%
 895852 323393      925.2635   233      926.9855      910.8748 98276518    1.74%
 896491 323602      922.5667   344      926.9855      910.8829 98337492    1.74%
 897144 323223        cutoff            926.9855      910.8983 98211839    1.74%
 897825 324230        cutoff            926.9855      910.9088 98536161    1.73%
 898439 323659      920.3468   215      926.9855      910.9205 98359289    1.73%
 899056 323971      925.0585   218      926.9855      910.9340 98463609    1.73%
 899653 325489      919.7829   325      926.9855      910.9431 98878466    1.73%
 900224 325043        cutoff            926.9855      910.9532 98748245    1.73%
Elapsed time = 15576.41 sec. (2437111.45 ticks, tree = 19318.35 MB, solutions = 38)
Nodefile size = 17263.39 MB (13747.85 MB after compression)
 900736 325300      919.2136   337      926.9855      910.9642 98825353    1.73%
 901307 325821      919.2582   205      926.9855      910.9787 98986450    1.73%
 901882 326644        cutoff            926.9855      910.9838 99321778    1.73%
 902429 326772        cutoff            926.9855      910.9950 99384168    1.73%
 903063 327035      921.9430   203      926.9855      911.0093 99487380    1.72%
 903652 327588      916.8751   246      926.9855      911.0247 99740561    1.72%
 904261 327245      917.2709   217      926.9855      911.0304 99583021    1.72%
 904841 328147        cutoff            926.9855      911.0461 99935910    1.72%
 905459 327446      923.8963   243      926.9855      911.0603 99676632    1.72%
 906055 328129      924.9282   178      926.9855      911.0702 99928259    1.72%
Elapsed time = 15825.77 sec. (2475302.05 ticks, tree = 19470.33 MB, solutions = 38)
Nodefile size = 17409.82 MB (13866.20 MB after compression)
 906707 328170      920.1718   304      926.9855      911.0797 99945463    1.72%
 907298 328929        cutoff            926.9855      911.0883 1.00e+08    1.71%
 907933 329160        cutoff            926.9855      911.1012 1.00e+08    1.71%
 908513 329565        cutoff            926.9855      911.1160 1.00e+08    1.71%
 909020 329265      926.0544   306      926.9855      911.1220 1.00e+08    1.71%
 909508 329806      919.1523   224      926.9855      911.1344 1.01e+08    1.71%
 910031 330588        cutoff            926.9855      911.1446 1.01e+08    1.71%
 910580 330618        cutoff            926.9855      911.1573 1.01e+08    1.71%
 911087 330573      926.6638   318      926.9855      911.1614 1.01e+08    1.71%
 911543 331436      922.5318   322      926.9855      911.1758 1.01e+08    1.71%
Elapsed time = 16079.35 sec. (2513516.36 ticks, tree = 19755.50 MB, solutions = 38)
Nodefile size = 17703.18 MB (14114.58 MB after compression)
 912067 331201      915.7038   249      926.9855      911.1900 1.01e+08    1.70%
 912692 331322      922.9583   207      926.9855      911.1979 1.01e+08    1.70%
 913341 331778      920.2086   282      926.9855      911.2080 1.01e+08    1.70%
 913926 332226      918.0692   319      926.9855      911.2235 1.02e+08    1.70%
 914556 332464      919.6601   336      926.9855      911.2332 1.02e+08    1.70%
 915227 331947      923.6235   370      926.9855      911.2378 1.01e+08    1.70%
 915889 333379      922.5354   335      926.9855      911.2550 1.02e+08    1.70%
 916558 332610      916.9856   330      926.9855      911.2661 1.02e+08    1.70%
 917198 333687      926.5322   219      926.9855      911.2792 1.02e+08    1.69%
 917854 333211      924.6531   246      926.9855      911.2879 1.02e+08    1.69%
Elapsed time = 16326.28 sec. (2551719.67 ticks, tree = 19898.74 MB, solutions = 38)
Nodefile size = 17836.50 MB (14222.20 MB after compression)
 918459 334594        cutoff            926.9855      911.2969 1.02e+08    1.69%
 919037 334439      921.0678   332      926.9855      911.3083 1.02e+08    1.69%
 919620 335272      917.0093   341      926.9855      911.3224 1.02e+08    1.69%
 920111 335372      924.1595   309      926.9855      911.3312 1.03e+08    1.69%
 920637 335279      919.0372   236      926.9855      911.3454 1.02e+08    1.69%
 921147 335444      919.0313   240      926.9855      911.3596 1.03e+08    1.69%
 921670 336382      926.1743   283      926.9855      911.3684 1.03e+08    1.68%
 922198 335956      923.8225   382      926.9855      911.3826 1.03e+08    1.68%
 922794 335882      923.2442   226      926.9855      911.3922 1.03e+08    1.68%
 923449 336739      926.7506   300      926.9855      911.4046 1.03e+08    1.68%
Elapsed time = 16580.54 sec. (2589924.22 ticks, tree = 20187.31 MB, solutions = 38)
Nodefile size = 18136.88 MB (14478.28 MB after compression)
 924094 336442      925.0057   352      926.9855      911.4159 1.03e+08    1.68%
 924699 337196      920.7286   205      926.9855      911.4265 1.03e+08    1.68%
 925329 337587      919.0713   284      926.9855      911.4367 1.04e+08    1.68%
 925960 337299      922.8973   339      926.9855      911.4485 1.03e+08    1.68%
 926605 337607      926.8570   328      926.9855      911.4585 1.04e+08    1.68%
 927220 338024        cutoff            926.9855      911.4675 1.04e+08    1.67%
 927774 338960      926.2290   264      926.9855      911.4775 1.04e+08    1.67%
 928266 338280      925.5656   344      926.9855      911.4796 1.04e+08    1.67%
 928768 339660        cutoff            926.9855      911.4930 1.04e+08    1.67%
 929250 339102      924.6054   335      926.9855      911.5018 1.04e+08    1.67%
Elapsed time = 16832.54 sec. (2628120.67 ticks, tree = 20430.16 MB, solutions = 38)
Nodefile size = 18374.15 MB (14675.50 MB after compression)
 929700 339727      926.7345   273      926.9855      911.5204 1.04e+08    1.67%
 930158 339877        cutoff            926.9855      911.5276 1.04e+08    1.67%
 930669 340446        cutoff            926.9855      911.5392 1.05e+08    1.67%
 931167 339893      925.3073   286      926.9855      911.5544 1.04e+08    1.66%
 931771 340611      924.9473   235      926.9855      911.5646 1.05e+08    1.66%
 932369 340732      923.6708   205      926.9855      911.5785 1.05e+08    1.66%
 932946 340585        cutoff            926.9855      911.5898 1.05e+08    1.66%
 933538 341419      924.9118   264      926.9855      911.6026 1.05e+08    1.66%
 934130 341694      926.2912   213      926.9855      911.6101 1.05e+08    1.66%
 934764 341265      922.5109   275      926.9855      911.6243 1.05e+08    1.66%
Elapsed time = 17083.20 sec. (2666348.51 ticks, tree = 20520.65 MB, solutions = 38)
Nodefile size = 18460.77 MB (14746.98 MB after compression)
 935366 341938        cutoff            926.9855      911.6343 1.05e+08    1.66%
 935937 341887      922.3406   274      926.9855      911.6478 1.05e+08    1.65%
 936489 342859      925.8981   207      926.9855      911.6558 1.06e+08    1.65%
 937009 343392      925.0833   256      926.9855      911.6627 1.06e+08    1.65%
 937583 342876      924.2316   308      926.9855      911.6717 1.06e+08    1.65%
 938158 343846      926.0311   214      926.9855      911.6808 1.06e+08    1.65%
 938669 343997        cutoff            926.9855      911.6912 1.06e+08    1.65%
 939146 343853      923.2994   232      926.9855      911.7010 1.06e+08    1.65%
 939630 343727      926.6008   185      926.9855      911.7073 1.06e+08    1.65%
 940083 344335      926.2585   319      926.9855      911.7180 1.06e+08    1.65%
Elapsed time = 17332.77 sec. (2704543.13 ticks, tree = 20846.24 MB, solutions = 38)
Nodefile size = 18790.53 MB (15023.34 MB after compression)
 940556 344506      926.5114   317      926.9855      911.7291 1.06e+08    1.65%
 941073 344482      919.5468   235      926.9855      911.7425 1.06e+08    1.64%
 941615 345499      921.1617   361      926.9855      911.7459 1.07e+08    1.64%
 942179 345673      919.8140   314      926.9855      911.7570 1.07e+08    1.64%
 942805 345814      917.9742   249      926.9855      911.7696 1.07e+08    1.64%
 943421 345650      922.5723   260      926.9855      911.7834 1.07e+08    1.64%
 944026 346144      923.1001   284      926.9855      911.7899 1.07e+08    1.64%
 944615 345860      923.3306   259      926.9855      911.8015 1.07e+08    1.64%
 945184 346908      923.7166   338      926.9855      911.8111 1.07e+08    1.64%
 945779 347476      924.4095   215      926.9855      911.8195 1.07e+08    1.64%
Elapsed time = 17584.57 sec. (2742795.16 ticks, tree = 21042.47 MB, solutions = 38)
Nodefile size = 18985.79 MB (15181.52 MB after compression)
 946366 346698      925.4516   293      926.9855      911.8306 1.07e+08    1.63%
 946970 347340      923.1614   206      926.9855      911.8381 1.07e+08    1.63%
 947478 348079      926.6228   373      926.9855      911.8458 1.08e+08    1.63%
 947985 348214      925.2332   270      926.9855      911.8505 1.08e+08    1.63%
 948480 348425        cutoff            926.9855      911.8612 1.08e+08    1.63%
 948972 348805      925.3944   233      926.9855      911.8665 1.08e+08    1.63%
 949490 348253        cutoff            926.9855      911.8777 1.08e+08    1.63%
 949985 348426      925.2778   236      926.9855      911.8908 1.08e+08    1.63%
 950499 349276      921.9787   333      926.9855      911.9006 1.08e+08    1.63%
 951016 349606      925.9161   287      926.9855      911.9092 1.08e+08    1.63%
Elapsed time = 17841.21 sec. (2781018.64 ticks, tree = 21178.29 MB, solutions = 38)
Nodefile size = 19121.87 MB (15297.92 MB after compression)
 951514 349436      925.6499   288      926.9855      911.9220 1.08e+08    1.63%
 952109 349928      922.7306   326      926.9855      911.9367 1.09e+08    1.62%
 952736 350185      923.2071   299      926.9855      911.9513 1.09e+08    1.62%
 953263 350013        cutoff            926.9855      911.9620 1.09e+08    1.62%
 953864 350866      919.9187   293      926.9855      911.9718 1.09e+08    1.62%
 954448 351282        cutoff            926.9855      911.9804 1.09e+08    1.62%
 954955 351004      923.8418   332      926.9855      911.9912 1.09e+08    1.62%
 955534 351875      925.3406   330      926.9855      912.0040 1.09e+08    1.62%
 956116 351874      920.2424   266      926.9855      912.0092 1.09e+08    1.62%
 956665 351594      921.3901   352      926.9855      912.0178 1.09e+08    1.61%
Elapsed time = 18088.78 sec. (2819212.38 ticks, tree = 21343.85 MB, solutions = 38)
Nodefile size = 19284.87 MB (15429.84 MB after compression)
 957145 351562      926.9039   341      926.9855      912.0292 1.09e+08    1.61%
 957571 352778      922.9791   255      926.9855      912.0404 1.10e+08    1.61%
 958084 352791      925.6738   348      926.9855      912.0468 1.10e+08    1.61%
 958572 352951        cutoff            926.9855      912.0514 1.10e+08    1.61%
 959081 353052        cutoff            926.9855      912.0632 1.10e+08    1.61%
 959593 353002      921.5407   346      926.9855      912.0726 1.10e+08    1.61%
 960098 353010      923.2837   308      926.9855      912.0862 1.10e+08    1.61%
 960639 353305      918.9558   243      926.9855      912.0912 1.10e+08    1.61%
 961170 353350      915.7159   385      926.9855      912.0989 1.10e+08    1.61%
 961769 354082        cutoff            926.9855      912.1133 1.10e+08    1.60%
Elapsed time = 18342.15 sec. (2857451.41 ticks, tree = 21502.19 MB, solutions = 38)
Nodefile size = 19447.35 MB (15568.59 MB after compression)
 962374 354639      925.2650   336      926.9855      912.1285 1.11e+08    1.60%
Starting limited solution polishing.
 962963 354193      926.4905   260      926.9855      912.1344 1.10e+08    1.60%
 963526 354326      924.7365   319      926.9855      912.1445 1.10e+08    1.60%
 964154 355035        cutoff            926.9855      912.1555 1.11e+08    1.60%
 964691 354986        cutoff            926.9855      912.1640 1.11e+08    1.60%
 965233 354986        cutoff            926.9855      912.1744 1.11e+08    1.60%
 965767 355338      926.2018   312      926.9855      912.1772 1.11e+08    1.60%
 966255 355678      924.9382   291      926.9855      912.1871 1.11e+08    1.60%
 966722 355955      922.9967   250      926.9855      912.1983 1.11e+08    1.60%
 967271 356147      922.3187   274      926.9855      912.2104 1.11e+08    1.59%
Elapsed time = 18594.98 sec. (2895665.20 ticks, tree = 21692.34 MB, solutions = 38)
Nodefile size = 19636.82 MB (15722.90 MB after compression)
 967758 356937      919.3333   321      926.9855      912.2144 1.11e+08    1.59%
 968298 357521        cutoff            926.9855      912.2259 1.12e+08    1.59%
 968809 357729        cutoff            926.9855      912.2368 1.12e+08    1.59%
 969288 357597      923.4371   367      926.9855      912.2470 1.12e+08    1.59%
 969819 358221      925.8726   247      926.9855      912.2538 1.12e+08    1.59%
 970301 358332      925.8800   267      926.9855      912.2620 1.12e+08    1.59%
 970777 358291      915.8038   284      926.9855      912.2747 1.12e+08    1.59%
 971370 358235      923.2831   298      926.9855      912.2849 1.12e+08    1.59%
 971951 358533      920.4163   338      926.9855      912.3020 1.12e+08    1.58%
 972525 358646      925.2949   271      926.9855      912.3095 1.12e+08    1.58%
Elapsed time = 18853.55 sec. (2933941.67 ticks, tree = 21797.27 MB, solutions = 38)
Nodefile size = 19745.54 MB (15815.82 MB after compression)
 973044 359168      920.1987   251      926.9855      912.3177 1.12e+08    1.58%
 973578 359106        cutoff            926.9855      912.3271 1.12e+08    1.58%
 974144 359394        cutoff            926.9855      912.3347 1.12e+08    1.58%
 974709 360250      921.8217   334      926.9855      912.3445 1.13e+08    1.58%
 975216 360114      925.7526   324      926.9855      912.3490 1.13e+08    1.58%
 975699 360697      922.9729   293      926.9855      912.3537 1.13e+08    1.58%
 976153 360127      920.7948   292      926.9855      912.3660 1.13e+08    1.58%
 976591 360714      922.8934   346      926.9855      912.3799 1.13e+08    1.58%
 977046 360835      926.6432   165      926.9855      912.3860 1.13e+08    1.57%
 977453 360685      918.1372   351      926.9855      912.3923 1.13e+08    1.57%
Elapsed time = 19109.40 sec. (2972175.21 ticks, tree = 22027.57 MB, solutions = 38)
Nodefile size = 19971.82 MB (16000.90 MB after compression)
 977845 361466        cutoff            926.9855      912.4002 1.13e+08    1.57%
 978344 361531      925.7908   353      926.9855      912.4119 1.13e+08    1.57%
 978864 361554      925.5735   214      926.9855      912.4227 1.13e+08    1.57%
 979393 361601      924.2761   251      926.9855      912.4303 1.14e+08    1.57%
 979908 362181        cutoff            926.9855      912.4376 1.14e+08    1.57%
 980453 361750      923.7274   306      926.9855      912.4467 1.14e+08    1.57%
 981019 362121      921.9511   232      926.9855      912.4636 1.14e+08    1.57%
 981575 362239      925.7696   293      926.9855      912.4687 1.14e+08    1.57%
 982093 362834      924.5763   291      926.9855      912.4764 1.14e+08    1.57%
 982665 363350      926.3012   264      926.9855      912.4843 1.14e+08    1.56%
Elapsed time = 19347.80 sec. (3010381.27 ticks, tree = 22178.46 MB, solutions = 38)
Nodefile size = 20123.30 MB (16126.98 MB after compression)
 983256 362770        cutoff            926.9855      912.4979 1.14e+08    1.56%
 983798 364033      916.6495   292      926.9855      912.5149 1.15e+08    1.56%
 984320 363370        cutoff            926.9855      912.5234 1.14e+08    1.56%
 984762 363954        cutoff            926.9855      912.5288 1.15e+08    1.56%
 985292 363874      923.7601   272      926.9855      912.5353 1.15e+08    1.56%
 985854 364199        cutoff            926.9855      912.5488 1.15e+08    1.56%
 986347 364855      924.8215   302      926.9855      912.5623 1.15e+08    1.56%
 986880 364926      925.3050   310      926.9855      912.5714 1.15e+08    1.55%
 987323 364833      922.8571   196      926.9855      912.5741 1.15e+08    1.55%
 987803 365047        cutoff            926.9855      912.5872 1.15e+08    1.55%
Elapsed time = 19602.85 sec. (3048566.36 ticks, tree = 22328.61 MB, solutions = 38)
Nodefile size = 20273.68 MB (16258.10 MB after compression)
 988280 365318      921.5310   315      926.9855      912.6007 1.15e+08    1.55%
 988697 366263        cutoff            926.9855      912.6072 1.16e+08    1.55%
 989256 366370      919.4622   253      926.9855      912.6174 1.16e+08    1.55%
 989797 366036      925.2195   238      926.9855      912.6240 1.16e+08    1.55%
 990323 366115      924.5722   281      926.9855      912.6380 1.16e+08    1.55%
 990912 366696      926.2802   271      926.9855      912.6491 1.16e+08    1.55%
 991430 367051      925.0242   155      926.9855      912.6551 1.16e+08    1.55%
 991968 367385      916.7775   368      926.9855      912.6669 1.16e+08    1.54%
 992552 367622        cutoff            926.9855      912.6754 1.16e+08    1.54%
 993098 367522        cutoff            926.9855      912.6768 1.16e+08    1.54%
Elapsed time = 19849.94 sec. (3086768.87 ticks, tree = 22383.37 MB, solutions = 38)
Nodefile size = 20327.98 MB (16299.57 MB after compression)
 993668 367797      925.4225   223      926.9855      912.6918 1.16e+08    1.54%
 994188 368444      923.9738   210      926.9855      912.7012 1.17e+08    1.54%
 994779 367812      923.3326   190      926.9855      912.7054 1.16e+08    1.54%
 995294 368856        cutoff            926.9855      912.7140 1.17e+08    1.54%
 995765 368223      924.2044   237      926.9855      912.7238 1.17e+08    1.54%
 996289 368532        cutoff            926.9855      912.7349 1.17e+08    1.54%
 996794 368899        cutoff            926.9855      912.7409 1.17e+08    1.54%
 997281 369341      920.3860   224      926.9855      912.7460 1.17e+08    1.54%
 997732 369312      919.7181   334      926.9855      912.7597 1.17e+08    1.53%
 998253 369662        cutoff            926.9855      912.7678 1.17e+08    1.53%
Elapsed time = 20104.94 sec. (3125003.50 ticks, tree = 22557.74 MB, solutions = 38)
Nodefile size = 20503.75 MB (16452.00 MB after compression)
 998784 370251      926.6830   234      926.9855      912.7783 1.17e+08    1.53%
 999264 370294      917.6131   220      926.9855      912.7878 1.17e+08    1.53%
 999855 370507      924.0378   192      926.9855      912.7925 1.18e+08    1.53%
 1000428 370570      923.9485   264      926.9855      912.8049 1.18e+08    1.53%
 1000936 370533        cutoff            926.9855      912.8182 1.18e+08    1.53%
 1001461 371294      920.9836   243      926.9855      912.8267 1.18e+08    1.53%
 1002008 371378        cutoff            926.9855      912.8327 1.18e+08    1.53%
 1002573 371798      924.1060   303      926.9855      912.8399 1.18e+08    1.53%
 1003128 371242        cutoff            926.9855      912.8481 1.18e+08    1.53%
 1003644 372107      922.1091   266      926.9855      912.8568 1.18e+08    1.52%
Elapsed time = 20348.37 sec. (3163258.27 ticks, tree = 22683.77 MB, solutions = 38)
Nodefile size = 20628.51 MB (16556.18 MB after compression)
 1004162 372564    infeasible            926.9855      912.8664 1.19e+08    1.52%
 1004663 372401      919.7268   349      926.9855      912.8688 1.18e+08    1.52%
 1004924 372059      925.1509   322      926.9855      912.8688 1.18e+08    1.52%

GUB cover cuts applied:  309
Clique cuts applied:  31
Cover cuts applied:  126
Implied bound cuts applied:  648
Flow cuts applied:  279
Mixed integer rounding cuts applied:  5339
Zero-half cuts applied:  37
Lift and project cuts applied:  90
Gomory fractional cuts applied:  13

Root node processing (before b&c):
  Real time             =   60.54 sec. (4420.36 ticks)
Parallel b&c, 32 threads:
  Real time             = 20346.45 sec. (3172501.58 ticks)
  Sync time (average)   = 5853.26 sec.
  Wait time (average)   =    0.61 sec.
                          ------------
Total (root+branch&cut) = 20406.99 sec. (3176921.93 ticks)
Number of arguments: 4

File path: ../Data/Demo/50/R103_50.txt
Capacity of FEV: 600
Capacity of SEV: 50
Execution time limit: 340
Case: r

Number of customers: 50
./Result/R103_50/R103_50-Q50-r
Feasible solution found within the time limit!
Total execution time: 20409.251961072 seconds
Total distance traveled: 926.9855329292907
File name: R103_50-Q50-r
Number of customers: 50
Capacity of FEV: 10000
Capacity of Microhub: 600
Capacity of SEV: 50
Number of parkings: 16
Number of microhubs: 10.0
Number of robots/MM: 10
Parking generation rule: r
==========================================================================
