Version identifier: 22.1.1.0 | 2022-11-28 | 9160aff4d
CPXPARAM_TimeLimit                               20400
Tried aggregator 1 time.
MIP Presolve eliminated 4769 rows and 2572 columns.
MIP Presolve modified 5018 coefficients.
Reduced MIP has 4010 rows, 5772 columns, and 20762 nonzeros.
Reduced MIP has 3013 binaries, 2759 generals, 0 SOSs, and 0 indicators.
Presolve time = 0.04 sec. (19.50 ticks)
Probing fixed 3 vars, tightened 0 bounds.
Probing changed sense of 1 constraints.
Probing time = 0.07 sec. (12.97 ticks)
Cover probing fixed 322 vars, tightened 1924 bounds.
Tried aggregator 1 time.
MIP Presolve eliminated 593 rows and 713 columns.
MIP Presolve modified 1418 coefficients.
Reduced MIP has 3417 rows, 5059 columns, and 18490 nonzeros.
Reduced MIP has 2786 binaries, 2273 generals, 0 SOSs, and 0 indicators.
Presolve time = 0.03 sec. (14.77 ticks)
Probing fixed 8 vars, tightened 3 bounds.
Probing time = 0.05 sec. (9.73 ticks)
Cover probing fixed 0 vars, tightened 1 bounds.
Tried aggregator 1 time.
Detecting symmetries...
MIP Presolve eliminated 27 rows and 13 columns.
MIP Presolve modified 7 coefficients.
Reduced MIP has 3390 rows, 5046 columns, and 18387 nonzeros.
Reduced MIP has 2778 binaries, 2268 generals, 0 SOSs, and 0 indicators.
Presolve time = 0.02 sec. (11.10 ticks)
Probing time = 0.02 sec. (4.55 ticks)
Clique table members: 10510.
MIP emphasis: balance optimality and feasibility.
MIP search method: dynamic search.
Parallel mode: deterministic, using up to 32 threads.
Root relaxation solution time = 0.14 sec. (76.29 ticks)

        Nodes                                         Cuts/
   Node  Left     Objective  IInf  Best Integer    Best Bound    ItCnt     Gap

      0     0      513.9003   143                    513.9003     2058         
      0     0      592.1990   171                   Cuts: 257     2452         
      0     0      615.6069   243                   Cuts: 103     2692         
      0     0      625.3401   256                   Cuts: 121     2829         
      0     0      643.1027   276                    Cuts: 53     2934         
      0     0      657.8205   256                    Cuts: 64     3083         
Detecting symmetries...
      0     0      662.2085   257                    Cuts: 25     3138         
      0     0      663.7527   226                    Cuts: 45     3178         
      0     0      664.4995   244                    Cuts: 19     3203         
      0     0      665.3469   256                    Cuts: 24     3222         
      0     0      667.6837   243                     Cuts: 5     3270         
      0     0      668.4852   248                    Cuts: 18     3297         
      0     0      668.5467   259                     Cuts: 8     3311         
      0     0      668.5485   237                     Cuts: 6     3313         
      0     0      669.2533   246                    Cuts: 20     3335         
      0     0      671.9540   279                    Cuts: 13     3399         
      0     0      672.2830   274                    Cuts: 20     3426         
      0     0      672.2830   275                    Cuts: 12     3427         
Detecting symmetries...
      0     2      672.2830   275                    674.6199     3427         
Elapsed time = 6.61 sec. (1746.79 ticks, tree = 0.02 MB, solutions = 0)
    401   279      757.7292   206                    687.8193    26964         
   1678   995      764.8028   161                    687.8193    75736         
   2880  1628      925.7296   164                    693.4396   120790         
   3878  2184      782.6299   240                    704.7016   166956         
   5165  2944     1006.4713   249                    704.7016   207854         
   6401  3884      896.7054   178                    704.7016   259868         
   7670  5126      818.2496   134                    704.7016   322631         

Performing restart 1

Repeating presolve.
Tried aggregator 1 time.
MIP Presolve eliminated 1 rows and 1 columns.
MIP Presolve modified 38 coefficients.
Reduced MIP has 3389 rows, 5045 columns, and 18380 nonzeros.
Reduced MIP has 2777 binaries, 2268 generals, 0 SOSs, and 0 indicators.
Presolve time = 0.02 sec. (9.89 ticks)
Tried aggregator 1 time.
MIP Presolve eliminated 2 rows and 2 columns.
Reduced MIP has 3387 rows, 5043 columns, and 18370 nonzeros.
Reduced MIP has 2775 binaries, 2268 generals, 0 SOSs, and 0 indicators.
Presolve time = 0.02 sec. (11.55 ticks)
Represolve time = 0.15 sec. (50.03 ticks)
   8200     0      688.6808   263                   Cuts: 123   366491         
   8200     0      694.5069   258                   Cuts: 110   366720         
   8200     0      696.0471   291                   Cuts: 105   366852         
   8200     0      701.1655   336                   Cuts: 102   366991         
   8200     0      703.3397   347                   Cuts: 117   367175         
   8200     0      705.4366   373                    Cuts: 69   367347         
   8200     0      707.9024   337                   Cuts: 121   367535         
   8200     0      709.6671   382                    Cuts: 92   367693         
   8200     0      710.4063   392                    Cuts: 86   367840         
   8200     0      711.0952   356                   Cuts: 116   368093         
   8200     0      712.0140   284                    Cuts: 83   368286         
   8200     0      712.1813   271                    Cuts: 61   368395         
   8200     0      712.3301   278                    Cuts: 74   368513         
   8200     0      712.6080   393                    Cuts: 37   368665         
   8200     0      712.6898   386                    Cuts: 57   368732         
   8200     0      712.8378   393                    Cuts: 38   368815         
   8200     0      713.6442   393                    Cuts: 28   368944         
   8200     0      713.8869   281                    Cuts: 18   369012         
   8200     0      715.0965   350                    Cuts: 15   369192         
   8200     0      715.2248   425                    Cuts: 53   369342         
   8200     0      715.3164   400                    Cuts: 44   369438         
   8200     0      715.4662   406                    Cuts: 24   369526         
   8200     0      715.7135   430                    Cuts: 62   369637         
   8200     0      716.0012   413                    Cuts: 44   369751         
   8200     0      716.0376   390                    Cuts: 33   369787         
   8200     0      716.0523   382                    Cuts: 15   369805         
   8200     0      716.0540   386                    Cuts: 43   369829         
   8200     0      716.0579   395                    Cuts: 23   369847         
   8200     2      716.0579   395                    716.0579   369847         
   8201     3      716.4224   384                    716.4246   370090         
   8425   154      794.2658    22                    723.0749   377580         
Elapsed time = 41.19 sec. (13984.70 ticks, tree = 2.50 MB, solutions = 0)
  10439  1489      780.2308   123                    733.4487   434055         
  12603  3280      774.7620   123                    733.4487   527271         
  14990  5532      806.3372   302                    742.1455   625081         
  16402  6972      777.2967    91                    742.1455   712710         
  18740  8626      799.0160   115                    746.3959   788002         
* 20121  9763      integral     0     1036.3211      748.3882   860081   27.78%
  21055 10395      811.9994    26     1036.3211      750.9534   902266   27.54%
  22740 12064      786.6588   321     1036.3211      750.9534   976310   27.54%
* 23422+12717                         1035.9717      754.2996            27.19%
  24069 13362      873.4565   211     1035.9717      755.1212  1041778   27.11%
  26902 15494      882.5803   206     1035.9717      755.2753  1118920   27.09%
  29046 17385      896.5344   109     1035.9717      755.7718  1197185   27.05%
Elapsed time = 80.42 sec. (23530.41 ticks, tree = 466.52 MB, solutions = 3)
  31009 19386      814.5793    96     1035.9717      757.8306  1287976   26.85%
  33509 22081      818.1529   124     1035.9717      758.0665  1392728   26.83%
  36247 23524      816.3020   114     1035.9717      758.9656  1455602   26.74%

Performing restart 2

Repeating presolve.
Tried aggregator 1 time.
Reduced MIP has 3387 rows, 5043 columns, and 25939 nonzeros.
Reduced MIP has 2775 binaries, 2268 generals, 0 SOSs, and 0 indicators.
Presolve time = 0.02 sec. (11.99 ticks)
Tried aggregator 1 time.
Reduced MIP has 3387 rows, 5043 columns, and 25939 nonzeros.
Reduced MIP has 2775 binaries, 2268 generals, 0 SOSs, and 0 indicators.
Presolve time = 0.03 sec. (15.93 ticks)
Represolve time = 0.41 sec. (139.33 ticks)
  38449     0      716.9154   399     1035.9717      Cuts: 97  1583313   26.59%
  38449     0      717.6775   366     1035.9717      Cuts: 21  1583401   26.59%
  38449     0      717.7456   398     1035.9717      Cuts: 87  1583485   26.59%
  38449     0      717.7870   412     1035.9717       Cuts: 8  1583533   26.59%
  38449     0      717.8965   405     1035.9717      Cuts: 32  1583630   26.59%
  38449     0      717.9413   430     1035.9717      Cuts: 69  1583706   26.59%
  38449     0      718.0118   420     1035.9717      Cuts: 10  1583757   26.59%
  38449     0      718.0343   394     1035.9717      Cuts: 12  1583805   26.59%
  38449     0      718.0505   405     1035.9717      Cuts: 18  1583849   26.59%
  38449     0      718.0881   437     1035.9717       Cuts: 8  1583921   26.59%
  38449     2      718.0881   433     1035.9717      760.5574  1583921   26.59%
  38451     4      719.4651   343     1035.9717      760.5574  1584466   26.59%
  38458     6      750.2969   240     1035.9717      760.5574  1585182   26.59%
  38497    21      742.2452   256     1035.9717      760.5574  1594564   26.59%
* 38524+   31                         1017.1322      760.5574            25.23%
  38645    98      864.8497    23     1017.1322      760.5574  1651862   25.23%
  38853   319      784.3344   151     1017.1322      760.5574  1688763   25.23%
  39090   406      759.6299   207     1017.1322      760.5574  1704293   25.23%
Elapsed time = 237.25 sec. (40140.61 ticks, tree = 1.24 MB, solutions = 4)
  39395   620      848.6558    71     1017.1322      760.5574  1745524   25.23%
  40031  1101      758.6521   199     1017.1322      760.5574  1814760   25.23%
  40908  1703      862.7683   126     1017.1322      760.5574  1864240   25.23%
  42139  2173      757.0545   323     1017.1322      760.5574  1896034   25.23%
  43514  3355      866.3164   271     1017.1322      760.5574  1972581   25.23%
  44992  4578      788.2166   204     1017.1322      760.5574  2059557   25.23%
  46618  6590      894.0263   223     1017.1322      760.5574  2191257   25.23%
  48262  7665      881.9157   198     1017.1322      760.5574  2269657   25.23%
  49146  9094      803.5641   210     1017.1322      760.5574  2377381   25.23%
  50599  9611      928.7344   202     1017.1322      760.5574  2418278   25.23%
Elapsed time = 275.38 sec. (49684.10 ticks, tree = 196.32 MB, solutions = 4)
  52475 11417      794.2648    92     1017.1322      760.5574  2535342   25.23%
* 53197+11817                          956.0950      760.5574            20.45%
* 53206+11817                          952.8318      760.5574            20.18%
  54088 12374      844.2097   173      952.8318      760.5574  2617237   20.18%
  55687 13961      847.3973   256      952.8318      761.3273  2742163   20.10%
  56888 15161      775.8388    10      952.8318      762.0826  2839656   20.02%
  58162 15705      839.7140   142      952.8318      763.0862  2893307   19.91%
  59805 16912      819.2585   178      952.8318      763.8080  2991169   19.84%
  61277 18261      794.8947    22      952.8318      764.2749  3103849   19.79%
  62823 19352      909.4639    65      952.8318      765.4891  3190246   19.66%
  64270 20220      928.6305   209      952.8318      765.8795  3272844   19.62%
  65157 21621      915.1447   135      952.8318      766.8407  3396865   19.52%
Elapsed time = 315.04 sec. (59225.48 ticks, tree = 467.07 MB, solutions = 6)
  66872 21858      892.4716    85      952.8318      767.6379  3422401   19.44%
  68613 23606        cutoff            952.8318      768.6931  3559490   19.33%
  69842 24896      868.9991   202      952.8318      769.2594  3660220   19.27%
  71187 25377      892.3458   215      952.8318      770.2583  3704246   19.16%
  72080 26445      826.8335   212      952.8318      770.2583  3805363   19.16%
  73601 27102      813.4136   159      952.8318      771.3679  3880384   19.04%
  74809 28308      796.1506    27      952.8318      772.0871  3979352   18.97%
  76333 28764      810.0403   187      952.8318      772.3886  4026204   18.94%
  77890 30302      863.6071    80      952.8318      773.1989  4181964   18.85%
  79417 30926      886.4527    36      952.8318      773.8367  4249734   18.79%
Elapsed time = 354.92 sec. (68767.93 ticks, tree = 675.02 MB, solutions = 6)
  80101 32159      847.0978   194      952.8318      773.9407  4346427   18.77%
  81486 32705      900.0442   306      952.8318      774.3760  4412702   18.73%
  83089 33711      880.5882   175      952.8318      775.2673  4501284   18.64%
  84955 35342      936.4478    20      952.8318      775.3129  4655928   18.63%
  86555 35625      790.5168   191      952.8318      776.1985  4679179   18.54%
  87339 37470      914.5461   188      952.8318      776.4983  4825009   18.51%
  88364 37876      827.7394   200      952.8318      777.1443  4872760   18.44%
  89893 38345      872.2616   290      952.8318      777.6548  4932745   18.38%
  91723 39232      828.3430   122      952.8318      778.0370  5022675   18.34%
  93057 40414      857.8262   105      952.8318      778.6641  5133812   18.28%
Elapsed time = 395.26 sec. (78311.26 ticks, tree = 895.13 MB, solutions = 6)
  94419 41596      810.1432   143      952.8318      778.9637  5230488   18.25%
  96077 42191      855.8755   239      952.8318      779.2199  5293719   18.22%
  97093 43189        cutoff            952.8318      779.8717  5371481   18.15%
  98220 44558      890.2467   238      952.8318      779.8717  5489370   18.15%
  99868 44694      887.4071    38      952.8318      780.3900  5505250   18.10%
 101385 45633      886.4122    16      952.8318      781.0103  5601406   18.03%
 102614 47795      785.5422    80      952.8318      781.0890  5801875   18.02%
 104272 48091        cutoff            952.8318      781.4304  5835791   17.99%
 106032 49163      809.4380   260      952.8318      781.6189  5943603   17.97%
 107553 49947        cutoff            952.8318      782.3144  6012705   17.90%
Elapsed time = 434.26 sec. (87855.36 ticks, tree = 1144.44 MB, solutions = 6)
 108786 51085      853.1878    35      952.8318      782.7957  6134196   17.85%
 109363 52465      881.4869    39      952.8318      783.2414  6291442   17.80%
 110463 52388        cutoff            952.8318      783.2620  6283469   17.80%
 112081 53609      818.3309   234      952.8318      784.2664  6412448   17.69%
 113821 53746      884.5317    22      952.8318      784.4281  6425593   17.67%
 115622 55026      868.1440    36      952.8318      784.8751  6539497   17.63%
 117172 57010      844.5220    93      952.8318      785.1622  6719584   17.60%
 118497 57704      946.5513    22      952.8318      785.4335  6782783   17.57%
 119573 58983      814.6109   230      952.8318      785.4949  6899532   17.56%
 120484 59290      857.1155   193      952.8318      786.2153  6927076   17.49%
Elapsed time = 475.38 sec. (97401.66 ticks, tree = 1325.18 MB, solutions = 6)
 122042 59920      899.7492    55      952.8318      786.2572  6991899   17.48%
 123765 61289      838.0967   172      952.8318      786.4116  7127603   17.47%
 125286 61824      855.6279    15      952.8318      787.0258  7177809   17.40%
 126574 62303      872.6578    73      952.8318      787.3313  7221015   17.37%
 128102 63890      864.0971    33      952.8318      787.7113  7391919   17.33%
 129704 64431      819.7650   196      952.8318      787.9274  7457588   17.31%
 131499 65422        cutoff            952.8318      788.2409  7569561   17.27%
 133339 66576      928.8528   248      952.8318      788.5135  7683616   17.25%
 134477 67525      833.8365   168      952.8318      788.8299  7766892   17.21%
*134546+66892                          952.8045      788.8299            17.21%
 139180 70865      823.9148    95      952.8045      790.0933  8109447   17.08%
Elapsed time = 528.14 sec. (109804.90 ticks, tree = 1588.21 MB, solutions = 7)
 145635 74381      882.4477    38      952.8045      791.1478  8472319   16.97%
 150582 78767        cutoff            952.8045      792.3871  8931924   16.84%
 156298 80930        cutoff            952.8045      793.3327  9148277   16.74%
 162777 85953      810.6171    57      952.8045      794.2228  9661664   16.64%
 167804 87903      851.8267   195      952.8045      795.1496  9884202   16.55%
 172575 90547      903.7680    13      952.8045      796.0132 10196314   16.46%
 178160 94698        cutoff            952.8045      796.6873 10649150   16.39%
 184174 98875      860.4737   200      952.8045      797.6804 11146013   16.28%
 188354 101373      845.2291    26      952.8045      798.4199 11421048   16.20%
 194398 103381      852.9041   182      952.8045      799.1878 11632734   16.12%
Elapsed time = 694.03 sec. (147962.27 ticks, tree = 2383.12 MB, solutions = 7)
Nodefile size = 333.13 MB (260.74 MB after compression)
 200421 106579      824.9891   141      952.8045      799.6887 11957053   16.07%
 206931 111713      933.0290    44      952.8045      800.3867 12468314   16.00%
 211230 114773      850.1635   228      952.8045      801.0634 12762854   15.93%
 216003 117297        cutoff            952.8045      801.8760 13112303   15.84%
 222589 120294      833.3895   224      952.8045      802.5106 13497650   15.77%
 228282 124289      888.2823   216      952.8045      803.0171 13940899   15.72%
 231690 127489      836.5977   161      952.8045      803.8069 14427161   15.64%
 237278 128821      869.4196   270      952.8045      804.5237 14609596   15.56%
 243594 133003      824.5834   111      952.8045      805.3005 15063882   15.48%
 249606 135821      895.0568    20      952.8045      805.7910 15378226   15.43%
Elapsed time = 858.09 sec. (186118.28 ticks, tree = 3260.56 MB, solutions = 7)
Nodefile size = 1209.87 MB (947.72 MB after compression)
 252877 138512      910.3761    19      952.8045      806.5617 15772241   15.35%
 258456 141060      871.6902    34      952.8045      807.2988 16177729   15.27%
 264346 143530      851.5018   282      952.8045      807.8646 16485914   15.21%
 268835 146092        cutoff            952.8045      808.4198 16832463   15.15%
 273147 147883      861.2541   279      952.8045      809.0612 17150275   15.09%
 279537 150302      863.0230    13      952.8045      809.6676 17499277   15.02%
 284616 153168      842.3749    11      952.8045      810.2193 17874352   14.96%
 288376 156708      903.8432   207      952.8045      810.9610 18417904   14.89%
 294103 159334      833.2434   144      952.8045      811.5317 18780360   14.83%
 300297 161974      937.7614   230      952.8045      812.0381 19119472   14.77%
Elapsed time = 1027.90 sec. (224268.91 ticks, tree = 3871.67 MB, solutions = 7)
Nodefile size = 1821.23 MB (1426.48 MB after compression)
 305784 165083      899.4220   183      952.8045      812.5508 19554429   14.72%
 309301 166950      832.6371   196      952.8045      813.2654 19863482   14.65%
 315672 169142      884.8170    34      952.8045      813.8960 20193757   14.58%
 321349 172241      886.3522   190      952.8045      814.3931 20611782   14.53%
 325875 174712      875.3543    13      952.8045      814.9241 21001809   14.47%
 329772 176054      880.4692   195      952.8045      815.4578 21269945   14.41%
 335952 179406      905.4073   238      952.8045      816.0054 21759758   14.36%
 341549 182281    infeasible            952.8045      816.4464 22229489   14.31%
 345170 183133      911.7992   340      952.8045      816.8538 22386605   14.27%
 350233 184866      831.2568    83      952.8045      817.4108 22743735   14.21%
Elapsed time = 1196.00 sec. (262424.82 ticks, tree = 4365.28 MB, solutions = 7)
Nodefile size = 2313.09 MB (1811.68 MB after compression)
 355798 186916        cutoff            952.8045      817.9190 23036861   14.16%
 360790 189321      901.8951   104      952.8045      818.2383 23445093   14.12%
 364220 191861      888.5314   161      952.8045      818.8007 23951200   14.06%
 370368 192509      929.6177   287      952.8045      819.3129 24092697   14.01%
 375886 195939      895.4329    30      952.8045      819.6684 24638458   13.97%
 379613 198714      921.4908    94      952.8045      820.1934 25203932   13.92%
 383819 199020      858.6385   233      952.8045      820.7600 25319347   13.86%
 390323 201455    infeasible            952.8045      821.2646 25725134   13.81%
 395576 204033      911.9902   110      952.8045      821.6340 26103550   13.77%
 398760 206263      875.0426   174      952.8045      822.0645 26576878   13.72%
Elapsed time = 1362.93 sec. (300578.89 ticks, tree = 4847.24 MB, solutions = 7)
Nodefile size = 2804.51 MB (2198.47 MB after compression)
 404565 206641        cutoff            952.8045      822.6182 26742455   13.66%
 410310 209588      946.9056   148      952.8045      823.0100 27186474   13.62%
 414312 211514        cutoff            952.8045      823.4322 27547603   13.58%
 418178 213025        cutoff            952.8045      823.9271 27996823   13.53%
 423949 214064      898.8238    99      952.8045      824.3694 28190463   13.48%
 429068 216719      923.8363   236      952.8045      824.7229 28671785   13.44%
 431869 218837        cutoff            952.8045      825.1417 29194198   13.40%
 436407 219160      886.0417    89      952.8045      825.6439 29332482   13.35%
 442731 221520    infeasible            952.8045      826.0530 29824769   13.30%
 447024 223861        cutoff            952.8045      826.3274 30238528   13.27%
Elapsed time = 1531.01 sec. (338735.18 ticks, tree = 5311.51 MB, solutions = 7)
Nodefile size = 3263.08 MB (2560.04 MB after compression)
 450375 225010      917.2815   183      952.8045      826.6555 30620288   13.24%
 456339 225324      865.3917    32      952.8045      827.2375 30734860   13.18%
 461434 228652      898.1423   155      952.8045      827.6096 31386847   13.14%
 464571 229771      886.0460   126      952.8045      827.9231 31694428   13.11%
 469410 230718      909.4066   134      952.8045      828.4201 32032689   13.05%
 475123 232389      898.5097   213      952.8045      828.8913 32343253   13.01%
 479203 234468      844.2578   123      952.8045      829.2364 32786521   12.97%
 482427 235410      904.0559   119      952.8045      829.5701 33186029   12.93%
 487276 235451      864.5313   223      952.8045      829.9705 33242366   12.89%
 492433 237214      909.9897    38      952.8045      830.3383 33715296   12.85%
Elapsed time = 1700.73 sec. (376892.86 ticks, tree = 5637.36 MB, solutions = 7)
Nodefile size = 3586.49 MB (2815.45 MB after compression)
 495666 238785      886.9971   154      952.8045      830.6671 34086515   12.82%
 499717 239693      905.0793   114      952.8045      831.0700 34515385   12.78%
 505348 241094      890.4550   108      952.8045      831.4798 34900733   12.73%
 509563 242896        cutoff            952.8045      831.8511 35431757   12.69%
 512605 243334      869.1550   132      952.8045      832.2032 35595570   12.66%
 517935 243825      939.2313    29      952.8045      832.6478 35819880   12.61%
 523543 245341      951.6512    86      952.8045      833.1173 36229090   12.56%
 527118 247447      852.4666    26      952.8045      833.4426 36870677   12.53%
 530266 247437      870.5565    18      952.8045      833.8509 37041937   12.48%
 535800 248014      895.8370   239      952.8045      834.2864 37364890   12.44%
Elapsed time = 1873.89 sec. (415049.64 ticks, tree = 5866.42 MB, solutions = 7)
Nodefile size = 3814.22 MB (2995.48 MB after compression)
 541229 248880        cutoff            952.8045      834.7429 37620671   12.39%
 544062 250731      844.0445   109      952.8045      835.0754 38116194   12.36%
 547979 251203      935.3213   144      952.8045      835.4573 38531775   12.32%
 553906 251928        cutoff            952.8045      835.9291 38721658   12.27%
 558715 254346      853.8888   121      952.8045      836.3302 39336538   12.22%
 561449 254906      899.4035    69      952.8045      836.6150 39522849   12.19%
 566303 255274      947.9803   101      952.8045      836.9249 39951473   12.16%
*567719 255211      integral     0      947.7013      837.0405 39918010   11.68%
 572905 256259      878.0201    31      947.7013      837.4994 40257447   11.63%
 575859 258091        cutoff            947.7013      837.8369 40815150   11.59%
Elapsed time = 2030.76 sec. (450316.17 ticks, tree = 6128.78 MB, solutions = 8)
Nodefile size = 4087.93 MB (3213.13 MB after compression)
*577296+257926                          944.1535      837.9284            11.25%
 579556 258066      934.5257   112      944.1535      838.2047 41091867   11.22%
 585063 259240      880.6365    15      944.1535      838.5734 41534305   11.18%
 589196 260187      864.0920    25      944.1535      838.9230 41872576   11.15%
 592056 260731      850.4780    57      944.1535      839.1998 42289580   11.12%
 596546 260717      900.1099    73      944.1535      839.5204 42449547   11.08%
 602100 261066      888.6145   204      944.1535      839.9139 42618726   11.04%
 605587 262524        cutoff            944.1535      840.2832 43112325   11.00%
 608405 262860        cutoff            944.1535      840.4744 43660738   10.98%
 612598 262730      928.7480   198      944.1535      840.9746 43869998   10.93%
 617752 263462      850.6043   147      944.1535      841.4147 44263766   10.88%
Elapsed time = 2201.41 sec. (488475.77 ticks, tree = 6277.55 MB, solutions = 9)
Nodefile size = 4226.67 MB (3323.64 MB after compression)
 620979 264262      844.4355   166      944.1535      841.7925 44760950   10.84%
 623833 264156      871.2433   261      944.1535      842.1357 44917424   10.81%
 628623 264035      863.3605    21      944.1535      842.5154 45184191   10.76%
 633683 264543        cutoff            944.1535      842.8924 45579711   10.73%
 636911 265366        cutoff            944.1535      843.2390 46175924   10.69%
 639803 265056      914.8862   134      944.1535      843.5324 46420077   10.66%
 644053 264833      884.4539    36      944.1535      843.8925 46602784   10.62%
 649333 264923      932.3872   167      944.1535      844.3946 46925214   10.57%
 652374 265618      938.5614    23      944.1535      844.7260 47437138   10.53%
 655274 265304      875.5859   167      944.1535      845.0747 47787695   10.49%
Elapsed time = 2375.31 sec. (526639.69 ticks, tree = 6288.45 MB, solutions = 9)
Nodefile size = 4273.89 MB (3361.28 MB after compression)
 660016 265195      906.4107   143      944.1535      845.3930 47949234   10.46%
 665013 265748        cutoff            944.1535      845.8620 48522536   10.41%
 668080 266174        cutoff            944.1535      846.1979 48944791   10.37%
 671136 266011        cutoff            944.1535      846.4920 49080287   10.34%
 676278 265774      928.2239    27      944.1535      846.8869 49289182   10.30%
 681053 266166      865.7803   201      944.1535      847.3295 49736542   10.26%
 683949 266535      865.9532   108      944.1535      847.6777 50229307   10.22%
 687001 265967      912.6037    19      944.1535      848.0076 50591190   10.18%
 691867 265833      901.6516   138      944.1535      848.3549 50673101   10.15%
 696489 265687        cutoff            944.1535      848.7611 50986358   10.10%
Elapsed time = 2545.87 sec. (564800.49 ticks, tree = 6312.74 MB, solutions = 9)
Nodefile size = 4291.38 MB (3375.15 MB after compression)
 699308 265774        cutoff            944.1535      849.0917 51711229   10.07%
 702364 265525        cutoff            944.1535      849.3728 51849178   10.04%
 707142 265009      895.9645   268      944.1535      849.7339 52163397   10.00%
 711970 265490      878.5616   299      944.1535      850.1345 52516681    9.96%
 715059 265729      908.2611   151      944.1535      850.4881 52933669    9.92%
 717968 265499        cutoff            944.1535      850.7835 53156657    9.89%
 722104 264954      889.5028     8      944.1535      851.1316 53431421    9.85%
 727239 264663      919.3340    26      944.1535      851.5308 53639232    9.81%
 730604 265163        cutoff            944.1535      851.8926 54175077    9.77%
 733521 264881      891.6986   192      944.1535      852.1685 54558719    9.74%
Elapsed time = 2722.00 sec. (602952.30 ticks, tree = 6264.94 MB, solutions = 9)
Nodefile size = 4291.38 MB (3375.15 MB after compression)
 737408 264585      930.9390    96      944.1535      852.4790 54769278    9.71%
 742618 263938      906.8232   106      944.1535      852.8420 55043411    9.67%
 745957 264271      881.8139   274      944.1535      853.2348 55501923    9.63%
 748720 264044        cutoff            944.1535      853.5117 55835371    9.60%
 752261 263314        cutoff            944.1535      853.8445 56260005    9.57%
 757643 263065        cutoff            944.1535      854.2151 56369045    9.53%
 761498 263082        cutoff            944.1535      854.6011 56760507    9.48%
 764229 262842      904.0664   150      944.1535      854.8865 57111627    9.45%
 767127 262082      891.0311    74      944.1535      855.1557 57505813    9.43%
 771371 261172        cutoff            944.1535      855.4910 57802272    9.39%
Elapsed time = 2895.67 sec. (641109.13 ticks, tree = 6183.54 MB, solutions = 9)
Nodefile size = 4291.38 MB (3375.15 MB after compression)
 776309 260974      874.7877    44      944.1535      855.9118 58070324    9.35%
 779577 260962        cutoff            944.1535      856.2350 58489638    9.31%
 782574 260058        cutoff            944.1535      856.5154 59006280    9.28%
 785724 260078        cutoff            944.1535      856.8226 59005440    9.25%
 790606 259179        cutoff            944.1535      857.1534 59321828    9.21%
 794856 258737      900.9721   178      944.1535      857.5544 59534101    9.17%
 797853 258569      883.2401    60      944.1535      857.8475 60116453    9.14%
 800684 257900        cutoff            944.1535      858.1566 60413994    9.11%
 803575 256793      914.0757    26      944.1535      858.4925 60735073    9.07%
 807240 255997      903.7596    19      944.1535      858.8805 61138405    9.03%
Elapsed time = 3069.10 sec. (679268.46 ticks, tree = 5859.36 MB, solutions = 9)
Nodefile size = 3991.72 MB (3139.56 MB after compression)
 810852 255996      911.1932    46      944.1535      859.2650 61213844    8.99%
 813666 255073        cutoff            944.1535      859.5663 61844484    8.96%
 816441 253770      889.7087    36      944.1535      859.8807 62127890    8.93%
 818960 253360      903.9091    64      944.1535      860.1582 62298724    8.90%
 821601 252788        cutoff            944.1535      860.4217 62496519    8.87%
 826044 251785      900.7190   289      944.1535      860.7685 62918545    8.83%
 830396 251571      924.8155    31      944.1535      861.0591 63235605    8.80%
 832979 251384      893.2510   107      944.1535      861.3795 63440782    8.77%
 835338 250326      901.3365   285      944.1535      861.6320 63880763    8.74%
 838043 249606        cutoff            944.1535      861.9004 64275810    8.71%
Elapsed time = 3245.29 sec. (717426.91 ticks, tree = 5553.90 MB, solutions = 9)
Nodefile size = 3653.53 MB (2873.55 MB after compression)
 840965 249003        cutoff            944.1535      862.1973 64436254    8.68%
 844429 248612        cutoff            944.1535      862.6092 64529476    8.64%
 848140 247547        cutoff            944.1535      862.9270 65127383    8.60%
 850925 247376      907.9239   204      944.1535      863.1325 65471158    8.58%
 853753 246470        cutoff            944.1535      863.4134 65789536    8.55%
 856713 245788        cutoff            944.1535      863.6931 65940777    8.52%
 859432 245056      890.0176   167      944.1535      863.9691 66152232    8.49%
 862271 244381        cutoff            944.1535      864.2615 66340094    8.46%
 866910 243270        cutoff            944.1535      864.5405 66811444    8.43%
 870132 242923      917.0018   116      944.1535      864.7899 67102482    8.41%
Elapsed time = 3420.02 sec. (755581.34 ticks, tree = 5278.62 MB, solutions = 9)
Nodefile size = 3375.63 MB (2655.05 MB after compression)
 872869 242193      891.0040   213      944.1535      865.1164 67430386    8.37%
 875494 240511        cutoff            944.1535      865.4151 67875927    8.34%
 878228 239727        cutoff            944.1535      865.6873 68163705    8.31%
 881199 239498      916.6653   180      944.1535      865.9817 68254226    8.28%
 884133 238302        cutoff            944.1535      866.3173 68600258    8.24%
 887814 237661      915.8571    90      944.1535      866.6025 68753304    8.21%
 891708 236889        cutoff            944.1535      866.8944 68944707    8.18%
 894674 235959        cutoff            944.1535      867.1551 69799147    8.16%
 897461 235229      890.4443   118      944.1535      867.4268 69933793    8.13%
 900274 233924        cutoff            944.1535      867.7342 70192528    8.09%
Elapsed time = 3597.42 sec. (793748.00 ticks, tree = 4961.59 MB, solutions = 9)
Nodefile size = 3063.63 MB (2409.68 MB after compression)
 902926 232987        cutoff            944.1535      868.0227 70377841    8.06%
 905552 231831        cutoff            944.1535      868.3250 70759377    8.03%
 908442 231129      935.7320    98      944.1535      868.6294 70969422    8.00%
 911376 230026        cutoff            944.1535      868.9203 71270955    7.97%
 914113 228811      901.7042   184      944.1535      869.1884 71499445    7.94%
 916753 227814      881.9842    25      944.1535      869.4998 71669401    7.91%
 919774 226555      909.7243    21      944.1535      869.7870 72124723    7.88%
 923781 225539        cutoff            944.1535      870.0502 72481259    7.85%
 927729 224661        cutoff            944.1535      870.3508 72658355    7.82%
 930544 223739        cutoff            944.1535      870.6318 73000348    7.79%
Elapsed time = 3774.34 sec. (831909.29 ticks, tree = 4639.58 MB, solutions = 9)
Nodefile size = 2768.32 MB (2177.42 MB after compression)
 933118 222292      880.3941   106      944.1535      870.9038 73389203    7.76%
 935971 220884        cutoff            944.1535      871.1887 73834368    7.73%
 939020 220485      887.7906    91      944.1535      871.4833 73922761    7.70%
 941951 218559        cutoff            944.1535      871.7999 74301265    7.66%
 944665 217943        cutoff            944.1535      872.1587 74397948    7.63%
 947462 216907        cutoff            944.1535      872.4217 74680566    7.60%
 950355 216076      896.0231    82      944.1535      872.6907 74923807    7.57%
 953316 213635    infeasible            944.1535      873.0019 75472266    7.54%
 956300 212591      938.5262   204      944.1535      873.2888 75664305    7.51%
 959090 211534      906.9614   160      944.1535      873.6270 75923865    7.47%
Elapsed time = 3954.23 sec. (870082.39 ticks, tree = 4269.85 MB, solutions = 9)
Nodefile size = 2475.47 MB (1946.94 MB after compression)
 961962 210364        cutoff            944.1535      873.8853 76236935    7.44%
 965184 210154      876.3667    11      944.1535      874.1629 76293633    7.41%
 968182 207163        cutoff            944.1535      874.4814 76847041    7.38%
 971464 206297        cutoff            944.1535      874.8032 77006519    7.35%
 975521 206028        cutoff            944.1535      875.0730 77052511    7.32%
 978820 204457      877.2751    28      944.1535      875.3402 77681790    7.29%
 981963 203163        cutoff            944.1535      875.6388 78091108    7.26%
 985127 201368        cutoff            944.1535      875.9521 78342096    7.22%
 987960 199847        cutoff            944.1535      876.3292 78568568    7.18%
 990775 198724        cutoff            944.1535      876.5765 78759904    7.16%
Elapsed time = 4130.60 sec. (908238.70 ticks, tree = 3882.21 MB, solutions = 9)
Nodefile size = 2181.70 MB (1715.76 MB after compression)
 993766 197575        cutoff            944.1535      876.8705 79059895    7.13%
 996947 196309      888.7910   170      944.1535      877.2048 79398686    7.09%
 1000163 195106        cutoff            944.1535      877.5642 79625193    7.05%
 1003140 191894        cutoff            944.1535      877.9093 80041405    7.02%
 1005976 190991        cutoff            944.1535      878.2577 80241486    6.98%
 1008887 190563      926.5381    74      944.1535      878.5266 80364212    6.95%
 1012130 188234      888.9064   151      944.1535      878.8361 80922622    6.92%
 1015363 187370        cutoff            944.1535      879.1901 81036153    6.88%
 1018398 185042    infeasible            944.1535      879.5268 81344922    6.84%
 1021358 183725      915.3427    77      944.1535      879.8663 81520030    6.81%
Elapsed time = 4310.29 sec. (946393.49 ticks, tree = 3464.80 MB, solutions = 9)
Nodefile size = 1879.32 MB (1477.55 MB after compression)
 1024213 180696        cutoff            944.1535      880.1921 82212570    6.77%
 1027310 179437      909.6309   101      944.1535      880.5070 82460150    6.74%
 1030497 177955        cutoff            944.1535      880.8177 82645242    6.71%
 1033539 177500        cutoff            944.1535      881.1926 82707824    6.67%
 1036549 175242    infeasible            944.1535      881.5263 83016421    6.63%
 1039549 172454        cutoff            944.1535      881.8698 83652869    6.60%
 1042704 172574        cutoff            944.1535      882.1635 83629957    6.57%
 1045920 169290        cutoff            944.1535      882.4751 84098761    6.53%
 1049208 167796        cutoff            944.1535      882.8179 84259315    6.50%
 1052272 166227        cutoff            944.1535      883.1523 84436462    6.46%
Elapsed time = 4489.80 sec. (984547.56 ticks, tree = 2995.93 MB, solutions = 9)
Nodefile size = 1545.63 MB (1214.58 MB after compression)
 1055262 163357        cutoff            944.1535      883.5472 85042695    6.42%
 1058455 161686      896.5338   247      944.1535      883.8498 85375241    6.39%
 1061753 159788        cutoff            944.1535      884.1534 85569836    6.35%
 1064884 158731        cutoff            944.1535      884.5055 85695166    6.32%
 1068011 156142        cutoff            944.1535      884.9017 86037792    6.28%
 1071162 155726    infeasible            944.1535      885.2443 86123051    6.24%
 1074437 153700        cutoff            944.1535      885.5762 86533820    6.20%
 1077869 150810        cutoff            944.1535      885.9126 86982863    6.17%
 1081172 148586        cutoff            944.1535      886.3159 87222141    6.13%
 1084313 147199        cutoff            944.1535      886.6848 87364493    6.09%
Elapsed time = 4668.04 sec. (1022706.58 ticks, tree = 2484.06 MB, solutions = 9)
Nodefile size = 1184.98 MB (929.92 MB after compression)
 1087497 144197        cutoff            944.1535      887.0372 87869688    6.05%
 1090850 143865        cutoff            944.1535      887.3607 87925073    6.02%
 1094265 140758        cutoff            944.1535      887.7924 88468358    5.97%
 1097627 137379        cutoff            944.1535      888.1427 88784344    5.93%
 1101072 136887        cutoff            944.1535      888.5222 88838120    5.89%
 1104348 133744        cutoff            944.1535      888.9267 89224408    5.85%
 1107535 132789        cutoff            944.1535      889.3611 89398208    5.80%
 1111034 128954      929.3278    21      944.1535      889.7291 90062104    5.76%
 1114576 127902        cutoff            944.1535      890.0835 90157870    5.73%
 1118039 123741      902.7607   224      944.1535      890.5610 90546894    5.68%
Elapsed time = 4846.30 sec. (1060875.18 ticks, tree = 1936.47 MB, solutions = 9)
Nodefile size = 831.77 MB (651.23 MB after compression)
 1121405 123960    infeasible            944.1535      890.9386 90535347    5.64%
 1124888 121090        cutoff            944.1535      891.4345 90932042    5.58%
 1128355 117542        cutoff            944.1535      891.8228 91500008    5.54%
 1131980 116063        cutoff            944.1535      892.2185 91715472    5.50%
 1135615 111954    infeasible            944.1535      892.6310 92059733    5.46%
 1139280 110987        cutoff            944.1535      893.0388 92142078    5.41%
 1143071 107606        cutoff            944.1535      893.5232 92571060    5.36%
 1146839 106212        cutoff            944.1535      894.0342 92784476    5.31%
 1150606 103747        cutoff            944.1535      894.4496 93143347    5.26%
 1154332 99265        cutoff            944.1535      894.8897 93599892    5.22%
Elapsed time = 5022.69 sec. (1099037.12 ticks, tree = 1431.32 MB, solutions = 9)
Nodefile size = 567.35 MB (442.97 MB after compression)
 1158288 97946        cutoff            944.1535      895.3709 93706350    5.17%
 1162296 94756        cutoff            944.1535      895.8889 93962869    5.11%
 1166162 89805        cutoff            944.1535      896.4460 94650073    5.05%
 1170102 87030        cutoff            944.1535      896.8316 95030886    5.01%
 1174006 85375    infeasible            944.1535      897.4794 95178354    4.94%
 1177984 80544        cutoff            944.1535      897.9912 95526177    4.89%
 1182190 77427        cutoff            944.1535      898.5350 95823327    4.83%
 1186489 78072        cutoff            944.1535      899.0823 95746378    4.77%
 1190905 72406        cutoff            944.1535      899.7432 96442974    4.70%
 1195023 68348        cutoff            944.1535      900.5481 96914961    4.62%
Elapsed time = 5198.35 sec. (1137198.54 ticks, tree = 873.44 MB, solutions = 9)
Nodefile size = 317.14 MB (246.39 MB after compression)
 1199372 63033        cutoff            944.1535      901.3938 97233113    4.53%
 1203998 59471        cutoff            944.1535      902.2808 97580199    4.43%
 1208992 55474        cutoff            944.1535      903.2843 98028839    4.33%
 1213598 52529        cutoff            944.1535      904.6689 98327816    4.18%
 1218296 47817        cutoff            944.1535      905.8835 98592728    4.05%
 1223928 43086        cutoff            944.1535      907.4431 99032047    3.89%
 1229217 39207      936.2840    75      944.1535      909.0008 99393991    3.72%
 1234977 32552        cutoff            944.1535      911.0664 99806966    3.50%
 1240753 27856        cutoff            944.1535      913.3985 1.00e+08    3.26%
 1247179 22088        cutoff            944.1535      916.1108 1.01e+08    2.97%
Elapsed time = 5373.08 sec. (1175352.96 ticks, tree = 184.67 MB, solutions = 9)
Nodefile size = 61.32 MB (47.20 MB after compression)
 1254593 14229        cutoff            944.1535      920.0475 1.01e+08    2.55%
 1265168  3542    infeasible            944.1535      931.4165 1.02e+08    1.35%

GUB cover cuts applied:  22
Clique cuts applied:  11
Cover cuts applied:  36
Implied bound cuts applied:  478
Flow cuts applied:  87
Mixed integer rounding cuts applied:  137
Zero-half cuts applied:  34
Lift and project cuts applied:  55
Gomory fractional cuts applied:  13

Root node processing (before b&c):
  Real time             =    2.88 sec. (1729.99 ticks)
Parallel b&c, 32 threads:
  Real time             = 5416.00 sec. (1181891.76 ticks)
  Sync time (average)   = 1770.53 sec.
  Wait time (average)   =    0.88 sec.
                          ------------
Total (root+branch&cut) = 5418.88 sec. (1183621.76 ticks)
Number of arguments: 4

File path: ../Data/Demo/50/C105_50.txt
Capacity of FEV: 600
Capacity of SEV: 50
Execution time limit: 340
Case: r

Number of customers: 46
./Result/C105_50/C105_50-Q50-r
Optimal solution found!
Total execution time: 5421.328610876 seconds
Total distance traveled: 944.1534937233868
File name: C105_50-Q50-r
Number of customers: 46
Capacity of FEV: 10000
Capacity of Microhub: 600
Capacity of SEV: 50
Number of parkings: 16
Number of microhubs: 10.0
Number of robots/MM: 10
Parking generation rule: r
==========================================================================
