Version identifier: 22.1.1.0 | 2022-11-28 | 9160aff4d
CPXPARAM_TimeLimit                               20400
Tried aggregator 2 times.
MIP Presolve eliminated 8254 rows and 5502 columns.
MIP Presolve modified 34185 coefficients.
Aggregator did 1 substitutions.
Reduced MIP has 20074 rows, 22119 columns, and 91812 nonzeros.
Reduced MIP has 11055 binaries, 11064 generals, 0 SOSs, and 0 indicators.
Presolve time = 0.18 sec. (101.69 ticks)
Probing fixed 503 vars, tightened 1006 bounds.
Probing changed sense of 10 constraints.
Probing time = 0.73 sec. (171.07 ticks)
Cover probing fixed 0 vars, tightened 50 bounds.
Tried aggregator 2 times.
Detecting symmetries...
MIP Presolve eliminated 1465 rows and 1516 columns.
MIP Presolve modified 9707 coefficients.
Aggregator did 5 substitutions.
Reduced MIP has 18604 rows, 20598 columns, and 84977 nonzeros.
Reduced MIP has 10548 binaries, 10050 generals, 0 SOSs, and 0 indicators.
Presolve time = 0.14 sec. (85.71 ticks)
Probing fixed 9 vars, tightened 12 bounds.
Probing time = 0.40 sec. (80.89 ticks)
Clique table members: 56259.
MIP emphasis: balance optimality and feasibility.
MIP search method: dynamic search.
Parallel mode: deterministic, using up to 32 threads.
Root relaxation solution time = 5.99 sec. (617.79 ticks)

        Nodes                                         Cuts/
   Node  Left     Objective  IInf  Best Integer    Best Bound    ItCnt     Gap

      0     0     1092.1798   371                   1092.1798       29         
      0     0     1149.3177   592                   Cuts: 531     1281         
      0     0     1179.1884   678                   Cuts: 476     2637         
      0     0     1194.3448   639                   Cuts: 515     3675         
      0     0     1206.3761   723                   Cuts: 455     4574         
      0     0     1213.4867   732                   Cuts: 318     5458         
Detecting symmetries...
      0     0     1219.6258   724                   Cuts: 297     6192         
      0     0     1227.4334   741                   Cuts: 251     7096         
      0     0     1230.8342   759                   Cuts: 198     7676         
      0     0     1233.6924   743                   Cuts: 271     8186         
      0     0     1239.1519   746                   Cuts: 258     8800         
      0     0     1242.3839   729                   Cuts: 198     9533         
      0     0     1245.1572   723                   Cuts: 204     9966         
      0     0     1246.3757   732                    Cuts: 94    10364         
      0     0     1246.9488   767                    Cuts: 96    10649         
      0     0     1247.8319   756                    Cuts: 87    10977         
      0     0     1249.3395   744                   Cuts: 116    11228         
      0     0     1249.9775   736                    Cuts: 71    11490         
      0     0     1250.4535   727                    Cuts: 74    11721         
      0     0     1250.9940   722                    Cuts: 46    11955         
      0     0     1251.7444   713                    Cuts: 61    12209         
      0     0     1252.0978   717                    Cuts: 37    12376         
      0     0     1252.3738   688                    Cuts: 84    12520         
      0     0     1252.5071   717                    Cuts: 29    12642         
      0     0     1252.5596   717                    Cuts: 34    12725         
Detecting symmetries...
      0     2     1252.5596   717                   1252.5596    12725         
Elapsed time = 67.71 sec. (30821.84 ticks, tree = 0.02 MB, solutions = 0)
      1     3     1277.1721   670                   1252.5664    17559         
      2     4     1277.8873   703                   1252.5664    18118         
      4     5     1305.5903   614                   1252.5664    20452         
      8     6    infeasible                         1252.5664    21762         
      9     9     1306.2246   612                   1252.5664    23901         
     11     7     1305.8395   619                   1252.5664    21610         
     16     9     1312.4633   634                   1252.5664    24639         
     26    12     1308.5778   629                   1252.5664    25206         
     35    24     1307.0115   660                   1252.5664    27784         
     82    49     1322.3015   617                   1277.8908    34742         
Elapsed time = 85.21 sec. (42606.19 ticks, tree = 0.38 MB, solutions = 0)
    147    65     1321.6377   620                   1279.0498    58202         
    193   126     1321.7715   606                   1279.0498    84516         
    249   158     1323.0179   603                   1307.0406   127271         
    361   222     1315.3676   597                   1307.0406   219384         
    466   304     1326.4011   541                   1307.0406   249416         
    553   388     1334.3358   567                   1307.0406   273672         
    648   413     1320.0746   574                   1307.0406   282533         
    751   656     1325.9769   498                   1307.0406   358655         
    858   677     1329.7762   563                   1307.0406   364650         
    967   738     1355.4702   483                   1307.0406   386519         
Elapsed time = 129.98 sec. (52216.47 ticks, tree = 9.69 MB, solutions = 0)
   1079   902     1326.9982   562                   1307.0406   439506         
   1191  1002     1321.0464   560                   1307.0406   473273         
   1307   978     1339.2771   498                   1307.0406   466345         
   1385  1098     1353.5051   530                   1307.0406   505628         
   1441  1294     1329.7899   604                   1307.0406   583652         
   1501  1296     1311.6510   616                   1307.0406   596860         
   1575  1296     1340.6399   591                   1307.0406   584642         
   1620  1319     1320.9423   662                   1307.0406   629034         
   1651  1318     1331.2928   620                   1307.0406   626162         
   1690  1420     1381.9931   471                   1307.0406   693206         
Elapsed time = 176.99 sec. (61904.68 ticks, tree = 19.07 MB, solutions = 0)
   1735  1440     1317.1228   633                   1307.0406   722678         
   1783  1451     1318.8640   659                   1307.0406   742478         
   1858  1472     1360.4909   586                   1307.0406   769941         
   1941  1498     1361.0365   548                   1307.0406   782116         
   2031  1540     1341.6811   591                   1307.4195   819894         
   2120  1657     1364.0914   585                   1307.4195   889724         
   2242  1724    infeasible                         1307.4195   920988         
   2377  1676     1438.2708   484                   1307.4195   887049         
   2461  1683     1328.5331   604                   1310.4737   902806         
   2538  1710     1330.7546   648                   1310.4737   916310         
Elapsed time = 221.59 sec. (71567.23 ticks, tree = 30.73 MB, solutions = 0)
   2617  1954     1351.4188   566                   1310.4737  1020001         
   2672  1981     1328.4405   615                   1310.4737  1035996         
   2735  1993     1323.1358   608                   1310.8833  1060318         
   2794  2010     1327.8231   628                   1310.8833  1072403         
   2822  2058     1349.1256   565                   1310.8833  1109147         
   2858  2106     1320.4814   642                   1310.8833  1152570         
   2910  2111     1323.3148   632                   1311.3463  1153182         
   2978  2038     1320.4791   608                   1311.3749  1103308         
   3036  2145     1321.7871   673                   1311.3749  1225203         
   3102  2068     1421.0408   539                   1311.3749  1117676         
Elapsed time = 271.43 sec. (81380.84 ticks, tree = 60.46 MB, solutions = 0)
   3163  2209    infeasible                         1311.3749  1306089         
   3227  2215     1330.6691   605                   1311.3749  1295823         
   3315  2292     1844.8430   353                   1311.3749  1320277         
   3427  2315     1884.0086   296                   1311.3749  1321813         
   3529  2346     1944.6716   264                   1311.3749  1323524         
   3624  2366     2003.6627   236                   1311.3749  1325509         
   3717  2532     1330.0591   609                   1311.3749  1456259         
   3817  2551     2107.2817   192                   1311.3749  1447127         
   3933  2650     1669.3029   438                   1311.3749  1517242         
   3992  2648     1329.2481   643                   1311.3749  1527036         
Elapsed time = 315.18 sec. (91074.81 ticks, tree = 123.66 MB, solutions = 0)
   4028  2370     1374.6308   655                   1311.7211  1406348         
   4081  2679     1674.5474   431                   1311.7211  1519548         
   4156  2748     1672.2980   464                   1312.4476  1575916         
   4230  2845     1327.2422   646                   1312.4476  1659196         
   4284  2943     1340.3477   622                   1312.4476  1708783         
   4396  2849     1397.0991   638                   1312.8148  1648841         
   4451  2976     1359.2209   621                   1312.8148  1732958         
   4552  2952     1328.7228   634                   1312.8148  1703948         
   4672  3106     1703.0356   433                   1312.8148  1743260         
   4776  3122     1708.1107   435                   1312.8148  1744725         
Elapsed time = 359.54 sec. (100772.26 ticks, tree = 154.01 MB, solutions = 0)
   4898  3288     1757.7757   374                   1312.8148  1793176         
   5025  3384     1716.8523   448                   1313.2841  1891876         
   5095  3225     1339.0719   628                   1313.2841  1836806         
   5165  3409     1721.2587   443                   1313.2841  1892825         
   5211  3551     1330.2159   612                   1313.3693  1944016         
   5246  3791     1649.6033   527                   1313.3693  2075171         
   5302  3564     1353.8994   612                   1313.3693  1955040         
   5343  3797    infeasible                         1313.5254  2087593         
   5385  3831     1339.9790   632                   1313.5254  2102823         
   5457  3818     1659.7184   488                   1313.5254  2076300         
Elapsed time = 406.63 sec. (110550.00 ticks, tree = 196.11 MB, solutions = 0)
   5523  3920     1671.5784   484                   1314.4805  2171777         
   5644  3907     1655.8921   476                   1314.4805  2168728         
   5821  3931     1662.5615   483                   1314.4805  2169730         
   5944  3958     1672.8392   493                   1314.4805  2194361         
   6102  3942     1326.2215   656                   1314.4805  2213883         
   6289  3993     1687.9205   449                   1315.6476  2196393         
   6525  3979     1325.0028   647                   1315.6476  2238179         
   6731  4419     1654.4765   494                   1315.6476  2314782         
   6998  4335     1692.6116   442                   1315.6476  2293466         
   7269  4311     1720.6867   430                   1315.6476  2277707         
Elapsed time = 452.50 sec. (120128.78 ticks, tree = 280.50 MB, solutions = 0)
   7506  4836     1713.4112   449                   1315.6476  2428284         
   7767  5213     1691.8257   421                   1315.6476  2454308         
   8023  4628     1684.5158   425                   1315.6476  2393512         
   8265  5622     1646.2277   539                   1315.6476  2495246         
   8459  5737     1351.0518   682                   1315.6476  2528242         
   8743  5252     1695.7792   437                   1315.6476  2450428         
   9029  6425     1705.2456   411                   1315.6476  2604770         
   9310  6967     1697.7388   463                   1315.6476  2642916         
   9531  6976     1699.9907   458                   1315.6476  2643162         
  10572  7486     1748.3140   414                   1315.7661  2724330         
Elapsed time = 510.12 sec. (132568.65 ticks, tree = 544.23 MB, solutions = 0)
  11322  8673     1744.6965   402                   1315.7661  2874697         
  12187  7194     1905.8263   518                   1316.3683  2710512         
  12996  9779     1667.6985   470                   1316.3683  3046648         
  13893 10519     1801.7181   411                   1316.3683  3164404         
  14910 11367     2066.4077   371                   1316.3683  3260391         
  16110 12552     1967.4110   396                   1316.3683  3407157         
  17396 13559     1713.4957   445                   1316.3683  3525642         
  18043 14702     1731.1396   434                   1316.3683  3652811         
  18420 15723     1756.7795   408                   1316.4180  3813316         
  19208 15844     1684.4648   496                   1316.4180  3828254         
Elapsed time = 689.89 sec. (170770.79 ticks, tree = 1710.29 MB, solutions = 0)
  20162 16242     1364.9431   567                   1318.4748  3918465         
  21270 17582     1763.8857   423                   1318.4748  4084339         
  22296 18314     1670.0840   509                   1318.6657  4183398         
  23329 18883     1808.5039   404                   1319.0746  4225106         
  24315 19874     1847.1762   382                   1319.0746  4390284         
  25497 21167     1672.8179   528                   1319.0746  4532516         
  26838 22607     1915.0427   390                   1319.0746  4674658         
  28051 23150     2393.6568   258                   1319.1887  4722028         
  29329 23815     1695.3147   459                   1319.1887  4812377         
  30422 25867     1775.2374   415                   1319.4805  5047132         
Elapsed time = 874.21 sec. (208950.38 ticks, tree = 2802.49 MB, solutions = 0)
Nodefile size = 749.58 MB (524.13 MB after compression)
  31599 25726     2228.0862   322                   1319.4805  5041562         
  32510 27868     1900.6420   268                   1320.0829  5276788         
  33060 27869     1420.1682   631                   1320.0829  5287586         
  33479 28498     1689.5072   457                   1320.4804  5370956         
  34289 28957     1755.9803   336                   1320.7551  5477355         
  35100 29161     1362.3576   637                   1320.7551  5585353         
  36030 30574     1876.7137   330                   1320.7551  5806802         
  36908 31384     1770.2136   425                   1320.7551  5970716         
  37882 31865     1798.7587   396                   1320.7551  6004571         
  38803 32481     1847.0749   420                   1321.5676  6141980         
Elapsed time = 1059.88 sec. (247140.14 ticks, tree = 3695.07 MB, solutions = 0)
Nodefile size = 1632.22 MB (1149.01 MB after compression)
  39941 32623     1331.2515   721                   1321.6304  6188777         
  40952 33870     1998.3350   383                   1321.6304  6317296         
  42203 35152     1787.1056   435                   1321.6304  6466826         
  43619 36796     1819.2657   404                   1321.6779  6655615         
  44843 37787     1343.7029   671                   1321.6779  6783808         
  45930 38119     1794.3470   432                   1321.6779  6792158         
  46899 39567     1825.5460   390                   1322.2646  6970719         
  47335 40688     1333.2059   633                   1322.2791  7094025         
  47437 41308     1344.2855   550                   1322.2791  7248279         
  47527 41304     1647.2547   546                   1323.1250  7333468         
Elapsed time = 1244.29 sec. (285396.55 ticks, tree = 4849.41 MB, solutions = 0)
Nodefile size = 2799.91 MB (1990.87 MB after compression)
  47958 41351     1659.0893   473                   1323.3313  7372601         
  48576 41422     1681.8245   473                   1323.3313  7391171         
  49062 42083     1744.8496   382                   1323.3313  7648750         
  49532 41835     1329.7483   649                   1323.4422  7606084         
  50007 42838     1676.8747   504                   1323.4422  7948258         
  50579 42689    infeasible                         1323.4422  7869644         
  51248 43424     1680.4154   539                   1323.4422  8135313         
  51802 43496     1726.0490   404                   1323.4422  8139800         
  52270 44020     1675.6622   477                   1323.4611  8250852         
  52449 44504     1670.2436   512                   1323.5084  8397957         
Elapsed time = 1435.17 sec. (323637.99 ticks, tree = 5267.42 MB, solutions = 0)
Nodefile size = 3212.08 MB (2290.47 MB after compression)
  52731 45075     1658.8183   497                   1323.5084  8614436         
  53194 45199     1737.5191   398                   1324.2195  8596058         
  53981 45216     1680.8723   488                   1324.2195  8764682         
  54799 45671     1660.2086   514                   1324.2195  8843721         
  55392 46402     1936.9636   442                   1324.2195  8980899         
  55936 46542     1958.8581   419                   1324.2195  8984348         
  56446 47663     1990.0055   440                   1324.2195  9234269         
  56891 47335     1349.7048   706                   1324.6784  9195083         
  57206 48284     1654.4198   556                   1324.6784  9485832         
  57644 47888     1559.6100   589                   1324.8287  9429002         
Elapsed time = 1618.58 sec. (361839.45 ticks, tree = 5569.25 MB, solutions = 0)
Nodefile size = 3516.14 MB (2514.01 MB after compression)
  58052 48777     2121.1816   376                   1324.8287  9684244         
  58381 48913     2197.9560   377                   1324.8287  9688258         
  58796 48971     1343.6536   704                   1324.8287  9863248         
  59123 49461     1675.5055   480                   1325.1418  9960606         
  59351 49399     1651.3308   539                   1325.5550 10026339         
  59649 49908     1671.5099   486                   1325.5550 10292543         
  59937 50036     1336.2041   667                   1325.7931 10415545         
  60128 49974     1410.6251   633                   1325.7931 10391492         
  60352 50476     1673.8168   538                   1325.8662 10693597         
  60811 50617     1678.6610   502                   1325.8662 10751174         
Elapsed time = 1811.03 sec. (400187.67 ticks, tree = 5897.89 MB, solutions = 0)
Nodefile size = 3837.04 MB (2749.52 MB after compression)
  61282 50683     1675.1711   479                   1325.8662 10851233         
  61698 50719     1354.8299   659                   1326.1091 10880534         
  62003 50877     1701.1211   425                   1326.3117 10941712         
  62309 50957     1365.2027   676                   1326.4703 11022532         
  62721 51692     1716.3760   424                   1326.6630 11273547         
  63342 51504     1348.3579   674                   1326.6630 11223121         
  63831 52356     1335.2622   687                   1326.9388 11575259         
  64209 52647     1670.8992   481                   1326.9388 11701572         
  64704 53143     1651.0398   568                   1326.9388 11805971         
  65185 53235     1684.7343   488                   1326.9388 11789610         
Elapsed time = 1993.41 sec. (438401.99 ticks, tree = 6176.07 MB, solutions = 0)
Nodefile size = 4101.75 MB (2947.38 MB after compression)
  65673 53448     1671.8787   511                   1327.3115 12050380         
  66163 53698     1718.8852   451                   1327.3115 12086910         
  66763 54444     1680.4630   484                   1327.3790 12315662         
  67515 54504     2246.6690   255                   1327.5625 12283267         
  68105 55164     1666.5346   464                   1327.6300 12529881         
  68575 55306     1670.2959   487                   1327.6300 12585838         
  68951 55895     1704.9966   472                   1328.0842 12741199         
  69481 55489     1576.4094   575                   1328.0842 12654967         
  70157 55967     1806.0446   356                   1328.0842 12740219         
  70749 56727     1690.5131   485                   1328.2040 13031493         
Elapsed time = 2179.36 sec. (476602.50 ticks, tree = 6711.53 MB, solutions = 0)
Nodefile size = 4654.37 MB (3366.11 MB after compression)
  71181 57304     1344.4607   665                   1328.2040 13206107         
  71393 57245     1355.5958   588                   1328.2174 13175914         
  71604 57702    infeasible                         1328.3234 13287643         
  71912 58088     1336.9554   695                   1328.3234 13444679         
  72329 58276     1708.0778   461                   1328.3234 13480208         
  72545 58117     1661.7221   562                   1328.8045 13575112         
  72741 58640     1707.9282   453                   1328.8511 13786127         
  73403 59223     1675.8862   509                   1328.8965 14055489         
  74075 59170     1349.8144   577                   1328.8965 14078988         
  74677 59707     1351.1296   614                   1328.8965 14278573         
Elapsed time = 2371.53 sec. (514874.77 ticks, tree = 7033.91 MB, solutions = 0)
Nodefile size = 4978.96 MB (3609.44 MB after compression)
  75138 59462     1648.0411   527                   1329.2928 14229560         
  75797 60060     1736.8752   432                   1329.4606 14329854         
  76147 60221     1338.4650   637                   1329.4606 14376587         
  76359 61191     1655.6346   571                   1329.4606 14645399         
  76644 61330     1682.3025   487                   1329.5618 14735158         
  76989 61851     1338.8452   635                   1329.9525 14988071         
  77416 61921     1346.9777   671                   1329.9843 15087697         
  77670 61881     2017.6157   379                   1330.0561 14957914         
  77946 61916     1355.4518   686                   1330.1777 15066648         
  78294 62614     1412.3040   635                   1330.1777 15492474         
Elapsed time = 2557.68 sec. (553187.61 ticks, tree = 7470.48 MB, solutions = 0)
Nodefile size = 5416.49 MB (3942.92 MB after compression)
  78756 62333    infeasible                         1330.1777 15303418         
  79117 62474     1363.6800   647                   1330.4239 15427189         
  79353 62628     1343.0465   650                   1330.4239 15634803         
  79602 63254     1350.4175   645                   1330.6064 15965728         
  79909 63418     1889.6575   544                   1330.6064 16099302         
  80204 63494     1939.2047   397                   1330.8809 16103716         
  80539 63652     1683.2245   484                   1330.9605 16312160         
  80824 63440     1666.1389   544                   1331.1377 16130150         
  81224 63639     1885.4187   545                   1331.1377 16452114         
  81810 63810     1754.1577   402                   1331.2831 16532316         
Elapsed time = 2755.37 sec. (591449.80 ticks, tree = 7636.63 MB, solutions = 0)
Nodefile size = 5569.02 MB (4055.58 MB after compression)
  82175 63878     1936.6021   462                   1331.2831 16458499         
  82406 63996     1337.2167   649                   1331.2831 16735519         
  82583 64557    infeasible                         1331.2831 17044801         
  82706 64596     1662.1737   487                   1331.6882 16935699         
  82914 65016     1674.4199   518                   1331.9615 17199680         
  83067 64543     1490.7689   641                   1332.1734 17007813         
  83263 65016     1647.5203   525                   1332.1899 17187885         
  83662 65285     1671.7462   510                   1332.3242 17622421         
  84118 65389     1685.5168   482                   1332.3242 17644123         
  84703 65242     1371.4578   652                   1332.3242 17572185         
Elapsed time = 2937.59 sec. (629706.51 ticks, tree = 7864.49 MB, solutions = 0)
Nodefile size = 5820.07 MB (4248.13 MB after compression)
  85137 65431     1757.8891   325                   1332.5318 17696013         
  85571 65485     1795.2999   294                   1332.5318 17701296         
  86070 66184     1896.7389   205                   1332.5318 18114062         
  86386 65435     1412.1217   625                   1332.6425 17800852         
  86654 66645     1355.8940   669                   1332.7316 18254732         
  86856 67072     1343.3226   663                   1332.9547 18494645         
  87167 67266     1725.6369   434                   1333.3287 18609737         
  87616 67470     1710.5683   486                   1333.3657 18745512         
  87994 67510     1932.9092   450                   1333.3841 18695558         
  88515 67641     1355.3137   674                   1333.5176 18981918         
Elapsed time = 3127.52 sec. (668037.29 ticks, tree = 8037.74 MB, solutions = 0)
Nodefile size = 5982.89 MB (4364.00 MB after compression)
  89008 67752     1699.6744   448                   1333.5176 19001543         
  89386 67686     1660.5254   523                   1333.5574 19024752         
  89722 68542     1690.8330   495                   1333.5574 19333335         
  90054 68578     1711.3037   512                   1333.7212 19336000         
  90399 69517     2055.2639   431                   1333.7212 19658998         
  90801 68724     1746.9149   477                   1333.7212 19342528         
  91233 69795     2109.0617   391                   1333.7212 19666089         
  91776 69070     1652.3634   542                   1333.7212 19658925         
  92216 69824     1762.1965   373                   1333.8662 19992508         
  92502 69900     1818.8605   293                   1333.8662 19998301         
Elapsed time = 3326.54 sec. (706305.51 ticks, tree = 8265.33 MB, solutions = 0)
Nodefile size = 6180.92 MB (4515.03 MB after compression)
  92887 69805     1664.7880   474                   1333.8662 19943129         
  93244 70604     1731.4197   446                   1333.8662 20359240         
  93553 70514     1361.8278   669                   1334.8489 20278833         
  93771 70899     1708.4692   463                   1335.0401 20475035         
  94047 71142     1567.5553   559                   1335.1205 20868013         
  94299 71293    infeasible                         1335.1425 20937955         
  94517 71164     1648.7753   553                   1335.2038 20761524         
  94936 71579    infeasible                         1335.3694 21159732         
  95375 71652     1354.5096   631                   1335.3876 21300676         
  95658 71827    infeasible                         1335.5471 21476378         
Elapsed time = 3516.40 sec. (744745.06 ticks, tree = 8546.56 MB, solutions = 0)
Nodefile size = 6491.15 MB (4743.69 MB after compression)
  95846 71647    infeasible                         1335.6702 21445464         
  96026 71649     1656.4561   558                   1335.6889 21399496         
  96253 71745     1677.4656   494                   1335.6889 21402641         
  96458 71964     1662.1655   492                   1335.6889 21508129         
  96662 72115     1735.9696   464                   1336.1225 21602993         
  96826 72496     1647.5891   530                   1336.2005 22091689         
  97006 72572     1658.2586   490                   1336.2063 22286793         
  97375 72674     1687.1176   442                   1336.2063 22290459         
  97703 72630     1370.1063   630                   1336.2063 22446836         
  98041 72730     1675.2732   510                   1336.2063 22577626         
Elapsed time = 3718.26 sec. (783066.29 ticks, tree = 8593.46 MB, solutions = 0)
Nodefile size = 6549.56 MB (4787.98 MB after compression)
  98370 72689     1721.7002   413                   1336.3924 22425264         
  98684 72722     1664.0289   539                   1336.3924 22468223         
  99233 72804     1688.0902   493                   1336.6096 22502794         
  99675 73713     1717.3607   456                   1336.6774 22957047         
  99988 73250     1699.5804   446                   1336.9424 22764954         
 100324 73261     1730.2797   438                   1336.9424 22798057         
 100591 73806     1341.9347   602                   1336.9424 23149392         
 100710 74324     1360.3358   648                   1336.9424 23438350         
 100893 74463     1664.6359   530                   1337.3240 23550558         
 101114 74333     1380.5707   631                   1337.5049 23490429         
Elapsed time = 3910.60 sec. (821417.15 ticks, tree = 8888.63 MB, solutions = 0)
Nodefile size = 6831.31 MB (5000.74 MB after compression)
 101278 74328     1886.2148   568                   1337.5226 23473503         
 101471 74559     1766.0934   380                   1337.6434 23712451         
 101781 74472     1669.9906   503                   1337.7566 23668949         
 102266 74594     1361.4982   621                   1337.8695 23894973         
 102766 74766     1814.3889   374                   1337.9687 24205040         
 102949 74824     1405.5512   658                   1337.9925 24250852         
 103265 74680     1350.4830   682                   1338.0880 24275307         
 103762 75021     1689.7202   482                   1338.1672 24322421         
 104085 75622     1344.5686   647                   1338.2408 24917440         
 104237 74881     1669.9225   536                   1338.3563 24608442         
Elapsed time = 4090.05 sec. (859788.57 ticks, tree = 8919.78 MB, solutions = 0)
Nodefile size = 6873.06 MB (5032.90 MB after compression)
 104547 75781     1683.3721   466                   1338.5479 25029032         
 104844 75085    infeasible                         1338.6291 24752974         
 105270 76100     1724.4339   428                   1338.6827 25343291         
 105686 76051     1646.2812   563                   1338.7956 25298447         
 105931 76108     1665.0412   518                   1338.9500 25369710         
 106229 76520     1662.2251   547                   1338.9706 25701148         
 106563 76476     1346.7426   711                   1339.0949 25573858         
 106792 76679     1879.3665   581                   1339.1525 25907327         
 107022 76754     1345.4683   667                   1339.2646 25949416         
 107377 76492     1647.1784   538                   1339.4190 25757252         
Elapsed time = 4290.04 sec. (898166.57 ticks, tree = 9194.10 MB, solutions = 0)
Nodefile size = 7139.35 MB (5234.80 MB after compression)
 107758 76890     1652.5288   520                   1339.4768 26080221         
 108144 77072     1725.4179   416                   1339.5706 26355690         
 108552 76788     1747.0129   421                   1339.6996 26025305         
 108711 77058     1654.8225   581                   1339.7944 26403775         
 108895 77128     1694.0432   479                   1339.9288 26407635         
 109287 77687     1351.4563   651                   1340.0951 26937193         
 109983 77768     1941.1243   441                   1340.1482 26867889         
 110699 78285     2021.2367   390                   1340.1482 27078020         
 111255 77555     1891.6201   526                   1340.1843 26809984         
 111937 78574     2123.3236   342                   1340.3185 27086156         
Elapsed time = 4472.02 sec. (936426.40 ticks, tree = 9351.13 MB, solutions = 0)
Nodefile size = 7279.13 MB (5341.51 MB after compression)
 112575 78765     2168.2881   352                   1340.4851 27089820         
 112862 78726     1703.4588   526                   1340.4851 27363131         
 113022 80388     1665.2064   546                   1340.4851 27838355         
 113204 78505     1675.3928   518                   1340.4851 27347888         
 113418 79118     1688.0955   550                   1340.4851 27619501         
 113644 81056     1675.0864   530                   1340.6610 28049254         
 114195 81137     1700.9806   459                   1340.8726 28256342         
 114791 81245     1812.6380   321                   1341.0671 28168191         
 115342 81236     1682.3006   487                   1341.0671 28420714         
 115849 81264     1680.3426   550                   1341.2157 28582176         
Elapsed time = 4663.60 sec. (974815.48 ticks, tree = 9497.63 MB, solutions = 0)
Nodefile size = 7439.19 MB (5450.77 MB after compression)
 116328 81168     1682.7137   492                   1341.3082 28390034         
 116861 81235     1361.2739   657                   1341.3082 28491580         
 117397 81255     1676.8710   501                   1341.4164 28518047         
 118006 81768     1991.9655   452                   1341.5494 28711043         
 118352 81850     2006.3129   407                   1341.5494 28713248         
 118891 81619     1670.9223   484                   1341.6070 28758293         
 119473 84257     2084.2350   401                   1341.7028 29310137         
 119948 83279     1775.1476   412                   1341.7206 29165951         
 120271 84329     1350.2211   661                   1341.7206 29394293         
 120594 83712     1695.8091   491                   1341.7206 29262413         
Elapsed time = 4866.34 sec. (1013043.75 ticks, tree = 9936.54 MB, solutions = 0)
Nodefile size = 7875.91 MB (5787.14 MB after compression)
 121075 84783     2231.6870   373                   1341.7206 29324765         
 121456 84439     1382.3039   581                   1341.7206 29449351         
 121799 85962     1370.5784   642                   1342.0409 30118809         
 122369 84920     1672.6929   499                   1342.3053 29789325         
 122819 86192    infeasible                         1342.3581 30453809         
 123396 86239     1664.8237   483                   1342.5797 30538012         
 123975 86953     2043.1859   411                   1342.6274 30605880         
 124456 87027     1725.3938   469                   1342.6274 30658172         
 124956 87190     2125.7617   418                   1342.6274 30612978         
 125602 87287     1668.5880   561                   1342.6274 30990035         
Elapsed time = 5042.60 sec. (1051269.42 ticks, tree = 10204.99 MB, solutions = 0)
Nodefile size = 8145.57 MB (5987.96 MB after compression)
 126202 87394     1708.3914   476                   1342.6274 30993413         
 126730 86975     1679.7853   536                   1342.6274 30649481         
 127120 87699     1658.6556   556                   1342.6274 31149441         
 127577 87735     1704.4801   492                   1342.6274 31231413         
 127979 88433     2046.7776   440                   1343.2251 31276955         
 128244 88559     2071.0579   437                   1343.2251 31280271         
 128682 89324     1697.4870   481                   1343.2251 31536013         
 129014 89047     1347.0844   630                   1343.2251 31471762         
 129260 89618     1717.4109   480                   1343.7357 31807011         
 129412 90652     1664.9525   536                   1343.7357 32165219         
Elapsed time = 5249.37 sec. (1089580.11 ticks, tree = 10795.19 MB, solutions = 0)
Nodefile size = 8736.27 MB (6441.13 MB after compression)
 129552 90648     1662.2246   543                   1343.7357 32189592         
 129687 90661     1666.7130   511                   1343.7357 32190083         
 129872 90564     1683.6739   548                   1343.7357 32146527         
 129993 90577     1685.5354   554                   1344.1495 32146819         
 130146 90625     1660.7734   532                   1344.4242 32278985         
 130356 90911     1675.4661   479                   1344.4842 32404536         
 130598 90943     1667.7677   544                   1344.6059 32484147         
 130977 91359     1675.0722   545                   1344.6659 33131363         
 131411 91441     1689.5793   490                   1344.6659 33080476         
 131972 91400     1784.8133   413                   1344.8423 33151125         
Elapsed time = 5450.68 sec. (1127970.95 ticks, tree = 10868.90 MB, solutions = 0)
Nodefile size = 8824.78 MB (6510.10 MB after compression)
 132344 91297     1691.5777   530                   1345.1981 32944992         
 132721 91419     1681.8197   493                   1345.1981 33281672         
 133173 91522     1688.8152   509                   1345.3981 33371925         
 133659 91618     1706.3190   490                   1345.3981 33375535         
 134017 91973     1743.8884   489                   1345.3981 33654039         
 134520 91731     1699.7006   439                   1345.3981 33467055         
 135009 91984     1718.8392   430                   1345.3981 33534203         
 135433 92951     1705.1994   435                   1345.3981 34129892         
 136051 92619     1724.8644   472                   1346.1473 33971355         
 136511 92587     1361.7796   629                   1346.2623 34000466         
Elapsed time = 5626.68 sec. (1166244.86 ticks, tree = 10866.67 MB, solutions = 0)
Nodefile size = 8824.78 MB (6510.10 MB after compression)
 136986 93097     1694.1952   481                   1346.3224 34196727         
 137520 92925     1662.8182   511                   1346.4891 34170130         
 138195 93120     1686.0035   536                   1346.4956 34232537         
 138741 93217     1721.2896   510                   1346.4956 34235972         
 139093 94743     1715.8516   484                   1346.6943 34913282         
 139541 94048     1724.0190   411                   1346.7885 34601777         
 139942 95501     1696.8604   491                   1346.9487 35218268         
 140479 94410     1759.5638   431                   1347.1157 34831841         
 140809 96509     1673.9763   546                   1347.2429 35614170         
 141249 95872     1787.3871   401                   1347.5282 35341460         
Elapsed time = 5833.38 sec. (1204484.03 ticks, tree = 11234.47 MB, solutions = 0)
Nodefile size = 9172.98 MB (6771.25 MB after compression)
 141695 96495     1612.9528   637                   1347.5479 35592870         
 142163 96774     1673.6867   584                   1347.5788 35996518         
 142509 96500     1665.8183   507                   1347.7647 35714797         
 142789 96254     1669.6133   542                   1347.9394 35515896         
 143236 96567     1658.9125   552                   1348.1308 35749858         
 143502 97837     1899.8149   583                   1348.1308 36467456         
 143719 96929     1662.3794   568                   1348.3837 36122041         
 144034 98174     1706.6666   452                   1348.5944 36714600         
 144504 98238     1687.9548   514                   1348.6599 36772435         
 144896 97140     1683.4680   548                   1348.6599 36198007         
Elapsed time = 6017.49 sec. (1242774.48 ticks, tree = 11452.58 MB, solutions = 0)
Nodefile size = 9391.95 MB (6940.07 MB after compression)
 145286 98348     1724.4966   477                   1349.0183 37071028         
 145606 98480     1699.9217   517                   1349.1078 37100567         
 146057 98267     1375.5599   625                   1349.1747 36870846         
 146574 98289     1697.6707   454                   1349.1747 36765854         
 147074 98808     1715.4962   443                   1349.4679 37480660         
 147445 99171     1662.8810   589                   1349.7948 37703123         
 147802 98700     1760.8684   464                   1350.0013 37175328         
 148118 99582     1684.8460   513                   1350.0731 37925386         
 148490 99683     1706.9666   507                   1350.2189 37928800         
 148984 98862     1670.1579   522                   1350.2763 37570734         
Elapsed time = 6217.08 sec. (1281053.20 ticks, tree = 11466.56 MB, solutions = 0)
Nodefile size = 9413.68 MB (6955.36 MB after compression)
 149364 99730     1765.8065   410                   1350.3558 38203097         
 149670 99294     1655.5681   507                   1350.3558 37852787         
 149955 100182     1661.3305   528                   1350.3558 38507052         
 150481 100253     1768.5492   405                   1350.8464 38511545         
 150818 100255     1674.1179   500                   1350.9991 38484415         
 151403 100392     1690.8651   524                   1351.0826 38594118         
 152083 99686     1625.8295   632                   1351.2885 38197681         
 152821 101601     1721.9636   491                   1351.4445 39231691         
 153420 101566     1380.9591   634                   1351.6626 39271782         
 154177 101231     1726.3381   462                   1351.7596 38916735         
Elapsed time = 6414.94 sec. (1319347.27 ticks, tree = 11728.46 MB, solutions = 0)
Nodefile size = 9620.11 MB (7108.32 MB after compression)
 154894 101391     1699.2368   521                   1351.9505 38953758         
 155796 101794     1713.7087   500                   1352.0088 39247189         
 156580 101745     1726.9503   490                   1352.1304 39286487         
 157198 101776     1665.9367   547                   1352.4320 39482871         
 157840 101749     1682.5734   578                   1352.5991 39379647         
 158567 104885     1690.0324   469                   1352.5991 40298313         
 159416 102887     1678.8859   544                   1352.8465 39789457         
 160268 104890     1770.0076   363                   1352.9773 40280150         
 160827 102815     1683.1047   536                   1353.2064 39769058         
 161294 105285     1675.0640   576                   1353.3559 40523361         
Elapsed time = 6604.92 sec. (1357575.68 ticks, tree = 12480.54 MB, solutions = 0)
Nodefile size = 10419.52 MB (7722.80 MB after compression)
 161978 105377     1702.0884   536                   1353.6707 40526851         
 162635 106295     1650.9994   566                   1353.6923 40702098         
 163509 106582     2015.5215   428                   1354.3756 40619181         
 164261 107854     1690.0153   527                   1354.3756 41196739         
 164772 106655     1725.0998   412                   1354.5903 40768444         
 165265 106698     1679.2913   532                   1354.5903 40834064         
 165751 106640     1686.9910   567                   1355.0163 40807621         
 166253 106767     1781.5879   412                   1355.0763 40842910         
 166530 107911    infeasible                         1355.0763 41217618         
 166804 108082     1778.2107   448                   1355.0763 41383269         
Elapsed time = 6806.83 sec. (1395792.36 ticks, tree = 12617.49 MB, solutions = 0)
Nodefile size = 10558.90 MB (7830.43 MB after compression)
 167078 110736     1671.9362   567                   1355.0763 42024515         
 167305 110207     1664.1230   522                   1355.0763 41827139         
 167587 110248     1705.5791   553                   1355.0763 41873370         
 167841 109721     1736.3688   450                   1355.0763 41712413         
 168217 109778     1667.4318   548                   1355.0763 41751025         
 168538 111632     1690.8678   493                   1356.9985 42708873         
 168994 111603     1780.7692   413                   1357.3377 42528224         
 169546 111456     1780.7614   560                   1357.4069 42475582         
 170184 112080     1690.8792   489                   1357.8731 42967478         
 170961 111551     1709.7015   458                   1358.1337 42569019         
Elapsed time = 7001.52 sec. (1434065.93 ticks, tree = 12653.31 MB, solutions = 0)
Nodefile size = 10591.56 MB (7851.32 MB after compression)
 171647 111781     1667.6662   563                   1358.1337 42761544         
 172322 111601     1690.1524   511                   1358.1337 42705800         
 173011 112298     1721.6990   480                   1358.1337 42918147         
 173439 112815     1913.6506   487                   1358.1337 43409091         
 174078 113137    infeasible                         1358.1337 43471619         
 174739 112188     1743.3788   441                   1358.2948 43020071         
 175216 113979     1734.5967   439                   1360.2417 43698704         
 175858 112422     1736.3885   417                   1360.3359 43265667         
 176186 113762     1479.2154   577                   1360.7253 43675294         
 176667 115139     1715.2877   464                   1361.3150 44103581         
Elapsed time = 7194.70 sec. (1472341.51 ticks, tree = 13363.01 MB, solutions = 0)
Nodefile size = 11300.64 MB (8384.87 MB after compression)
 177402 115229     1763.1419   424                   1361.3150 44107614         
 178087 115154     1685.5053   563                   1361.9056 44143030         
 178660 115985     1963.4744   482                   1362.0884 44514428         
 179281 115081     1556.3124   614                   1362.7120 43936072         
 179865 116448    infeasible                         1363.0753 44830926         
 180460 116305     2020.6759   465                   1363.6467 44524125         
 181002 115608     1711.2659   536                   1364.4384 44471958         
 181477 116473     1664.4434   536                   1364.7595 44807973         
 182043 117871     1675.6115   535                   1365.0169 45370554         
 182646 116214     1743.8050   415                   1365.5667 44635954         
Elapsed time = 7379.55 sec. (1510533.87 ticks, tree = 13569.66 MB, solutions = 0)
Nodefile size = 11506.05 MB (8543.03 MB after compression)
 183337 118951     2153.8634   422                   1365.7638 45493719         
 184129 117458    infeasible                         1365.7638 45248831         
 184913 117201     1673.9693   555                   1365.7638 45093367         
 185566 119475     1686.3055   517                   1365.7638 45906299         
 186532 119298     1658.9394   550                   1365.7638 45846908         
 187678 120249     1677.2946   530                   1365.7638 46296857         
 188700 119554     1959.0566   464                   1365.7638 45819243         
 189389 121460     1651.6012   558                   1372.6540 46574339         
 190452 120659     1686.3253   498                   1372.6954 46525818         
 191549 119643     1677.2858   530                   1374.8698 45995032         
Elapsed time = 7573.68 sec. (1548728.64 ticks, tree = 13644.96 MB, solutions = 0)
Nodefile size = 11580.24 MB (8596.78 MB after compression)
 192677 120461     1668.0198   573                   1375.8181 46438411         
 193809 120402     1679.7094   501                   1378.7177 46351307         
 194766 120506     1741.0331   470                   1380.9091 46479715         
 196256 125018     1660.8912   546                   1387.8306 47386789         
 197986 121975     1956.8663   463                   1393.8263 46629606         
 199740 125294     1654.4944   549                   1399.1423 47453006         
 201654 123541     1721.1531   446                   1402.6897 46994128         
 203857 124245     1695.4233   501                   1402.6897 47225001         
 205620 128284     1686.6834   585                   1402.6897 47846238         
 207319 124942    infeasible                         1402.7915 47382821         
Elapsed time = 7775.82 sec. (1586911.68 ticks, tree = 14286.79 MB, solutions = 0)
Nodefile size = 12209.09 MB (9064.70 MB after compression)
 209091 125530     1663.4778   564                   1408.2651 47441855         
 211101 131440     1710.7821   454                   1412.8985 48184691         
 213079 130707     1664.8523   560                   1413.5571 48106489         
 215297 129565     1686.5151   461                   1413.5571 48004159         
 217420 131287     1665.6809   566                   1413.5571 48168974         
 219119 132369     1660.5355   586                   1414.3318 48305537         
 221012 135450     1714.3986   486                   1414.3318 48568524         
 223202 133686     1674.5964   548                   1414.3318 48416109         
 225171 133727     1666.0829   510                   1414.3318 48419368         
 227551 139341     1704.6143   439                   1414.3318 48926468         
Elapsed time = 7960.48 sec. (1625081.82 ticks, tree = 17017.11 MB, solutions = 0)
Nodefile size = 14907.70 MB (11146.87 MB after compression)
 229686 140058    infeasible                         1467.2005 49005113         
 231815 142400    infeasible                         1490.7112 49159111         
 234036 144208     1723.0728   447                   1544.9964 49339820         
 236283 141743     1668.7814   512                   1550.8151 49116964         
 238638 145183     1760.9388   468                   1554.8523 49449515         
 240952 153132     1703.3941   525                   1556.7493 50046499         
 243316 150115     1676.1751   522                   1560.4185 49830871         
 245490 154886     1687.9721   522                   1562.5892 50171183         
 247670 147561     1687.6920   540                   1568.3975 49639587         
 249833 151177     1663.7354   495                   1576.0797 49919073         
Elapsed time = 8154.72 sec. (1663241.84 ticks, tree = 19237.68 MB, solutions = 0)
Nodefile size = 17131.90 MB (12856.34 MB after compression)
 252183 158395     1666.3423   567                   1583.2635 50425519         
 254722 154740     1702.9243   541                   1591.1687 50161673         
 256999 157984    infeasible                         1600.6666 50410630         
 259399 162013     1681.8426   515                   1608.3085 50641936         
 261673 165532     1705.3427   471                   1619.1547 50904888         
 264017 162195     1695.9273   490                   1632.5457 50648714         
 266140 162346     1678.7562   547                   1642.6807 50678371         
 268551 171690     1666.5622   575                   1644.1644 51268917         
 270912 168664     1780.1127   416                   1644.5841 51094830         
 273260 173664     1679.1218   513                   1644.9251 51388070         
Elapsed time = 8335.35 sec. (1701406.53 ticks, tree = 23459.53 MB, solutions = 0)
Nodefile size = 21360.49 MB (16106.63 MB after compression)
 275728 171657     1697.7135   529                   1645.2537 51255103         
 278069 180266     1713.4573   492                   1645.8840 51849846         
 280081 181886     1707.5853   482                   1646.3529 51940125         
 282198 176517     1681.5528   508                   1646.6596 51587255         
 284336 183248     1719.9288   485                   1646.7610 52014315         
 286638 182071     1706.5713   487                   1646.8758 51951940         
 289006 185438     1687.4572   525                   1646.9229 52179256         
 291191 186614     1659.8908   576                   1647.0747 52246962         
 293478 190012     1683.1351   486                   1647.2699 52492235         
 295790 191600     1694.5715   520                   1647.3850 52608298         
Elapsed time = 8533.82 sec. (1739582.79 ticks, tree = 26847.77 MB, solutions = 0)
Nodefile size = 24757.79 MB (18726.32 MB after compression)
 298087 193593     1677.5667   497                   1647.4813 52743267         
 300430 197941     1679.7044   527                   1647.5435 53014740         
 302723 196083     1661.8117   588                   1647.5965 52888543         
 304940 198773     1682.2148   515                   1647.7216 53062512         
 307218 205229     1709.3433   498                   1647.8501 53485801         
 309336 204953     1666.8129   496                   1647.9289 53468276         
 311456 206620     1685.1592   517                   1648.0025 53571832         
 313749 204876     1710.8406   509                   1648.0496 53454189         
 316032 210647     1672.9615   528                   1648.1717 53822086         
 318235 204536     1788.6690   410                   1648.2420 53442435         
Elapsed time = 8716.84 sec. (1777746.03 ticks, tree = 29279.55 MB, solutions = 0)
Nodefile size = 27164.80 MB (20587.41 MB after compression)
 320333 208294     1699.0651   518                   1648.3060 53667809         
 322641 212245     1711.1295   490                   1648.3885 53959210         
 324913 210930     1766.9568   445                   1648.4176 53836601         
 327412 217377     1706.8867   455                   1648.4667 54294484         
 329455 216876     1692.3141   527                   1648.5700 54257970         
 331409 220233     1710.9650   455                   1648.6781 54462806         
 333470 219852     1725.2686   372                   1648.7600 54425722         
 335548 222417     1731.4961   479                   1648.8369 54587347         
 337652 227736     1751.2326   441                   1648.8887 54945737         
 339938 230103     1661.8355   558                   1648.9387 55135165         
Elapsed time = 8905.71 sec. (1815900.47 ticks, tree = 34142.30 MB, solutions = 0)
Nodefile size = 32066.13 MB (24368.33 MB after compression)
 342131 227475     1779.7822   421                   1648.9995 54912191         
 344298 231279     1721.1118   482                   1649.0794 55222182         
 346527 235966     1751.2538   490                   1649.1699 55567899         
 348633 236966     1704.4552   498                   1649.2291 55628985         
 350810 233328     1671.3804   530                   1649.2678 55374741         
 352944 240576     1716.4434   453                   1649.3411 55862260         
 354963 235350     1732.5720   501                   1649.3411 55524972         
 357015 243303     1702.4071   496                   1649.3617 56040233         
 358865 239690     1702.8745   495                   1649.3617 55821100         
 360880 247368     1722.5034   508                   1649.3617 56340285         
Elapsed time = 9112.32 sec. (1854064.38 ticks, tree = 37421.05 MB, solutions = 0)
Nodefile size = 35349.13 MB (26901.20 MB after compression)
 362722 243794     1794.3279   432                   1649.3617 56099313         
 364221 246721     1745.9843   472                   1649.7151 56290847         
 365470 246983     1672.5421   546                   1649.7571 56315583         
 366630 252192     1731.8951   422                   1649.7840 56680289         
 368005 255028     1671.0774   540                   1649.7840 56865079         
 369884 258108     1685.1384   530                   1649.7840 57093498         
 372059 258961     1671.3993   501                   1649.7840 57156378         
 374311 255538     1712.3500   459                   1649.7840 56917424         
 376534 259520     1691.3930   472                   1649.8544 57208232         
 378752 257337     1696.6598   516                   1649.8544 57047246         
Elapsed time = 9327.90 sec. (1892234.72 ticks, tree = 39321.30 MB, solutions = 0)
Nodefile size = 37213.93 MB (28333.57 MB after compression)
 380969 260346     1801.9144   394                   1649.9242 57254047         
 382924 262416     1752.8550   427                   1649.9676 57404699         
 385079 268611     1760.7232   419                   1650.0350 57789821         
 387222 268481    infeasible                         1650.2236 57775236         
 389567 271050     1672.0941   520                   1650.2265 57964407         
 391826 272734     1716.3016   440                   1650.2542 58101615         
 394011 272196    infeasible                         1650.3204 58042838         
