Version identifier: 22.1.1.0 | 2022-11-28 | 9160aff4d
CPXPARAM_TimeLimit                               20400
Tried aggregator 1 time.
MIP Presolve eliminated 15963 rows and 11601 columns.
MIP Presolve modified 18430 coefficients.
Reduced MIP has 12365 rows, 16021 columns, and 60219 nonzeros.
Reduced MIP has 8063 binaries, 7958 generals, 0 SOSs, and 0 indicators.
Presolve time = 0.12 sec. (61.63 ticks)
Probing time = 0.09 sec. (10.26 ticks)
Tried aggregator 1 time.
Detecting symmetries...
Reduced MIP has 12365 rows, 16021 columns, and 60219 nonzeros.
Reduced MIP has 8063 binaries, 7958 generals, 0 SOSs, and 0 indicators.
Presolve time = 0.07 sec. (36.22 ticks)
Probing time = 0.12 sec. (9.58 ticks)
Clique table members: 24570.
MIP emphasis: balance optimality and feasibility.
MIP search method: dynamic search.
Parallel mode: deterministic, using up to 32 threads.
Root relaxation solution time = 3.34 sec. (453.64 ticks)

        Nodes                                         Cuts/
   Node  Left     Objective  IInf  Best Integer    Best Bound    ItCnt     Gap

      0     0      883.9015   368                    883.9015       28         
      0     0      989.6486   525                   Cuts: 639     4131         
      0     0     1024.1856   609                   Cuts: 445     5835         
      0     0     1037.9635   676                   Cuts: 293     6905         
      0     0     1048.1129   680                   Cuts: 207     7706         
      0     0     1057.9783   725                   Cuts: 249     8690         
Detecting symmetries...
      0     0     1062.2919   746                   Cuts: 252     9437         
      0     0     1066.3878   771                   Cuts: 186     9939         
      0     0     1068.8296   745                   Cuts: 134    10512         
      0     0     1069.6307   781                   Cuts: 132    10854         
      0     0     1070.3655   771                    Cuts: 80    11108         
      0     0     1070.8756   757                    Cuts: 80    11522         
      0     0     1071.3716   764                    Cuts: 37    11784         
      0     0     1071.6658   791                    Cuts: 57    11955         
      0     0     1072.1120   790                    Cuts: 60    12141         
      0     0     1072.3233   785                    Cuts: 17    12244         
      0     0     1075.8218   788                    Cuts: 19    12754         
      0     0     1078.7719   787                    Cuts: 96    13326         
      0     0     1081.2897   816                    Cuts: 83    13720         
      0     0     1082.5805   798                    Cuts: 58    13932         
      0     0     1083.6418   792                    Cuts: 32    14166         
      0     0     1083.8666   824                    Cuts: 44    14343         
      0     0     1084.4642   811                    Cuts: 38    14563         
      0     0     1084.7624   823                    Cuts: 32    14693         
      0     0     1085.4074   794                    Cuts: 16    14845         
      0     0     1086.0655   809                    Cuts: 78    15020         
      0     0     1086.2265   804                    Cuts: 32    15156         
Detecting symmetries...
      0     2     1086.2265   785                   1088.3718    15156         
Elapsed time = 50.29 sec. (22464.07 ticks, tree = 0.02 MB, solutions = 0)
      2     3     1087.0072   771                   1088.3718    15679         
      3     3     1087.3871   788                   1088.3718    16178         
      5     5     1091.6681   761                   1088.3718    17227         
      9     6    infeasible                         1088.3718    18538         
     10     8     1104.0618   753                   1088.3718    19443         
     14     9     1104.2227   749                   1088.3718    22376         
     17    10    infeasible                         1090.2214    25959         
     24    14     1097.1257   778                   1091.1420    29257         
     29    16    infeasible                         1091.1420    42247         
     65    37     1109.7376   744                   1092.1744    61467         
Elapsed time = 66.75 sec. (26528.76 ticks, tree = 0.02 MB, solutions = 0)
    159    85     1112.4333   746                   1092.7745    98391         
    235    25     1105.2542   787                   1092.7745    52175         
    287   192    infeasible                         1092.7745   163680         
    323   246     1152.9588   635                   1092.7745   224335         
    371   226     1201.9713   642                   1092.7745   206350         
    399   294    infeasible                         1092.7745   325110         
    425   302     1111.4624   787                   1092.7745   370287         
    452   305     1370.3215   541                   1093.6211   367406         
    478   308     1427.7305   502                   1093.6211   394190         
    524   322     1503.6248   461                   1093.6211   489883         
Elapsed time = 114.06 sec. (36402.71 ticks, tree = 4.47 MB, solutions = 0)
    572   321     1489.5525   455                   1093.6211   515740         
    659   356     1485.5043   446                   1093.6211   611458         
    792   383     1541.7302   447                   1093.6211   621193         
    947   500     1552.6503   407                   1093.6211   676659         
   1164   515    infeasible                         1093.6211   678492         
   1323   704     1231.0166   658                   1093.6211   759383         
   1541   685     1590.1142   399                   1094.8708   754413         
   1727   911     1141.7320   783                   1094.8708   844629         
   1827   948     1666.1179   296                   1094.8708   843937         
   1894  1186    infeasible                         1099.5623   928847         
Elapsed time = 160.81 sec. (46010.73 ticks, tree = 15.11 MB, solutions = 0)
   1926  1275     1166.0196   747                   1099.5623   998939         
   1961  1263    infeasible                         1099.5623   965758         
   2005  1277     1195.1235   694                   1099.5623  1001724         
   2048  1323     1516.1057   421                   1099.5623  1121769         
   2090  1284     1245.9577   578                   1099.5623  1040221         
   2169  1283     1277.2503   563                   1099.5623  1077312         
   2289  1431     1807.2093   369                   1099.5623  1230012         
   2411  1404     1209.9229   714                   1099.5623  1251711         
   2587  1645     1838.8111   377                   1104.8662  1390971         
   2723  1469     1504.9225   421                   1104.8662  1330322         
Elapsed time = 209.05 sec. (55870.17 ticks, tree = 18.68 MB, solutions = 0)
   2839  1471     1277.1331   638                   1106.2918  1345781         
   2893  1907    infeasible                         1106.2918  1518000         
   2935  1801     1144.4605   757                   1106.2918  1487802         
   2966  1918     1210.6720   722                   1106.5005  1523949         
   3010  1978     1366.4865   542                   1106.5005  1616087         
   3046  1945     1238.6312   591                   1110.9852  1547046         
   3103  1978    infeasible                         1110.9852  1630948         
   3214  2041     1525.3059   418                   1110.9852  1714964         
   3305  2012     1551.5718   463                   1110.9852  1692020         
   3427  2027     1322.4880   687                   1110.9852  1705295         
Elapsed time = 255.61 sec. (65548.76 ticks, tree = 59.07 MB, solutions = 0)
   3587  2203     1471.0908   494                   1110.9852  1895335         
   3711  2064     1559.5993   496                   1110.9852  1753434         
   3821  2047     1137.3088   762                   1110.9852  1786600         
   3896  2137     1196.4802   710                   1112.3119  1875214         
   4002  2426     1573.8365   504                   1112.3119  2012403         
   4107  2458     1222.8037   695                   1112.3119  2071294         
   4180  2447    infeasible                         1112.3119  2038447         
   4251  2460    infeasible                         1112.3119  2074459         
   4311  2461     1266.3274   664                   1112.3119  2078785         
   4370  2556     1266.6456   636                   1112.3119  2103625         
Elapsed time = 300.58 sec. (75145.31 ticks, tree = 89.35 MB, solutions = 0)
   4413  2624     1165.8995   730                   1112.3119  2171806         
   4449  2681     1408.4009   610                   1112.3119  2198561         
   4476  2773     1148.5418   767                   1112.3119  2283255         
   4511  2756     1367.4926   533                   1112.3119  2272792         
   4556  2842     1121.7522   791                   1112.3119  2419817         
   4589  2839     1129.1571   770                   1112.3119  2434338         
   4616  2847     1345.3617   579                   1112.3119  2452718         
   4676  2854     1148.1812   748                   1112.3119  2539522         
   4729  2853     1520.9298   502                   1112.3119  2497057         
   4837  2908     1297.9523   587                   1112.3119  2624544         
Elapsed time = 347.01 sec. (84932.15 ticks, tree = 112.38 MB, solutions = 0)
   4926  2917     1158.7146   764                   1112.3119  2690678         
   5036  2909     1406.9691   542                   1112.3119  2627865         
   5102  2908     1150.4049   785                   1116.9239  2725192         
   5179  2927     1221.3958   684                   1116.9239  2768471         
   5243  2938     1287.1417   626                   1116.9239  2787184         
   5332  2964     1118.8744   802                   1116.9239  2801192         
   5420  3248     1853.3999   409                   1117.2232  3029282         
   5484  3237     1875.4436   400                   1117.7028  3023157         
   5545  3128     1298.5040   622                   1117.7028  2924881         
   5600  3413     1403.9020   626                   1117.7028  3153636         
Elapsed time = 393.73 sec. (94606.51 ticks, tree = 138.79 MB, solutions = 0)
   5654  3273     1870.9489   424                   1117.7028  3030202         
   5707  3527     1949.1704   356                   1117.9186  3220628         
   5769  3444     1154.0626   790                   1117.9186  3191427         
   5860  3563     2012.9518   328                   1117.9186  3223024         
   5982  3502     1879.6821   409                   1117.9186  3211582         
   6083  3510     1880.5369   410                   1118.5923  3211729         
   6206  3643     1911.9566   407                   1118.5923  3404378         
   6341  3595     1149.6749   766                   1118.6686  3378124         
   6477  3729     1931.3876   420                   1118.6686  3406634         
   6633  3740     1168.0858   757                   1118.6686  3415652         
Elapsed time = 438.38 sec. (104214.56 ticks, tree = 175.02 MB, solutions = 0)
   6768  3833    infeasible                         1118.6686  3530065         
   6927  3793     1125.8795   788                   1118.6686  3475428         
   7072  4285     1969.8399   400                   1118.6686  3619934         
   7243  4345     1987.2864   411                   1118.6686  3621375         
   7431  4517    infeasible                         1119.8313  3801847         
   7584  4463     2010.7624   405                   1119.8313  3624145         
   7788  4892     2017.2929   384                   1119.8313  3859568         
   7925  4926     2021.7266   394                   1120.7766  3860310         
   8090  4988     2030.0724   401                   1120.7766  3861675         
   8348  4920     1137.2105   767                   1120.7766  3900694         
Elapsed time = 484.70 sec. (116730.45 ticks, tree = 310.24 MB, solutions = 0)

Performing restart 1

Repeating presolve.
Tried aggregator 1 time.
MIP Presolve eliminated 337 rows and 432 columns.
MIP Presolve modified 105 coefficients.
Reduced MIP has 12028 rows, 15589 columns, and 57987 nonzeros.
Reduced MIP has 7789 binaries, 7800 generals, 0 SOSs, and 0 indicators.
Presolve time = 0.05 sec. (28.28 ticks)
Tried aggregator 1 time.
MIP Presolve eliminated 18 rows and 22 columns.
MIP Presolve modified 8 coefficients.
Reduced MIP has 12010 rows, 15567 columns, and 57905 nonzeros.
Reduced MIP has 7779 binaries, 7788 generals, 0 SOSs, and 0 indicators.
Presolve time = 0.08 sec. (38.51 ticks)
Represolve time = 0.94 sec. (215.34 ticks)
   8353     0     1112.2077   889                   Cuts: 219  4196638         
   8353     0     1124.9187   851                   Cuts: 277  4198250         
   8353     0     1134.1151   874                   Cuts: 306  4199786         
   8353     0     1138.5521   875                   Cuts: 326  4200662         
   8353     0     1139.9033   889                   Cuts: 381  4201437         
   8353     0     1146.0918   888                   Cuts: 232  4202995         
   8353     0     1149.4558   924                   Cuts: 417  4203991         
   8353     0     1153.8673   894                   Cuts: 334  4205759         
   8353     0     1155.5481   912                   Cuts: 303  4206512         
   8353     0     1156.8624   907                   Cuts: 283  4207796         
   8353     0     1158.4151   944                   Cuts: 308  4208674         
   8353     0     1159.7367   925                   Cuts: 209  4209374         
   8353     0     1160.2521   967                   Cuts: 174  4209794         
   8353     0     1161.3420   949                   Cuts: 138  4210521         
   8353     0     1164.2837   959                   Cuts: 256  4211389         
   8353     0     1165.1430   953                   Cuts: 337  4211867         
   8353     0     1165.3898   990                   Cuts: 179  4212177         
   8353     0     1165.5576   992                   Cuts: 114  4212438         
   8353     0     1165.6758   991                   Cuts: 125  4212698         
   8353     0     1165.8555   973                    Cuts: 90  4212955         
   8353     0     1166.0861   996                    Cuts: 83  4213226         
   8353     0     1166.1503   984                    Cuts: 67  4213378         
   8353     0     1166.2234   978                    Cuts: 31  4213548         
   8353     0     1166.3598   950                    Cuts: 68  4213779         
   8353     0     1166.7913   972                    Cuts: 80  4214037         
   8353     0     1166.9555  1001                   Cuts: 233  4214220         
   8353     0     1167.0611  1023                    Cuts: 64  4214360         
   8353     2     1167.0928  1011                   1167.0611  4214360         
   8354     3     1168.6712   922                   1168.6734  4215657         
   8356     4     1171.4929   913                   1171.5455  4217516         
   8359     3     1186.2214   847                   1171.5455  4230070         
   8361     3     1248.3852   677                   1172.7689  4234878         
   8363     4     1248.3852   681                   1172.7689  4234955         
   8365     4     1186.3288   862                   1172.7689  4232116         
   8367     3     1295.6047   637                   1172.7689  4245264         
   8370     4     1272.7150   754                   1188.0199  4254281         
   8372     3     1295.7680   625                   1199.4883  4250949         
Elapsed time = 730.37 sec. (264634.43 ticks, tree = 0.13 MB, solutions = 0)
   8377     4    infeasible                         1199.4883  4280914         
   8378     5     1306.0448   605                   1199.4883  4275268         
   8382     4     1201.1081   915                   1199.4883  4254960         
   8393     9     1318.5018   621                   1199.4883  4292783         
   8407     5     1481.0508   572                   1199.4883  4266023         
   8416     4     1201.1416   907                   1199.4883  4255820         
   8449    13     1713.0156   582                   1201.1591  4336088         
   8467     6    infeasible                         1201.2617  4342145         
   8472     6     1208.7268   834                   1201.2617  4348966         
   8480     8     1237.3740   798                   1201.2617  4356069         
Elapsed time = 811.61 sec. (309606.62 ticks, tree = 0.13 MB, solutions = 0)
   8491     6    infeasible                         1204.9182  4368839         
   8505    11     1306.0683   699                   1214.0534  4369028         
   8535    21    infeasible                         1214.0534  4434998         
   8558    21     1304.9146   728                   1214.0534  4517170         
   8592    26     1302.2819   778                   1246.2004  4574543         
   8654    27    infeasible                         1247.4172  4644193         
   8730    21     1401.4117   707                   1247.4172  4440385         
   8775    28     1427.6046   666                   1247.4172  4748832         
   8844    32     1914.7678   497                   1247.4172  4877294         
   9165    37     1938.8605   478                   1247.4172  4865498         
Elapsed time = 965.97 sec. (348358.70 ticks, tree = 2.51 MB, solutions = 0)
   9628   375     2007.2548   476                   1297.1142  4935773         
  10604   829     1958.8233   522                   1297.1142  4998535         
  11897  2066     2023.4877   456                   1528.6288  5103545         
  13633  1986     2015.7593   387                   1533.0131  5090951         
  15627  4317     2029.3668   443                   1533.0131  5257117         
  17880  5111     2118.0102   379                   1534.2357  5299877         
  20404  8152    infeasible                         1534.2357  5454248         
  23164 11429     2105.3147   357                   1534.2357  5576329         
  25832 11428     1997.0633   469                   1534.2357  5579380         
  26965 12942     2292.8558   206                   1534.2357  5629741         
Elapsed time = 1187.67 sec. (386519.89 ticks, tree = 1080.05 MB, solutions = 0)

Performing restart 2

Repeating presolve.
Tried aggregator 1 time.
MIP Presolve eliminated 45 rows and 48 columns.
MIP Presolve modified 97 coefficients.
Reduced MIP has 11965 rows, 15519 columns, and 80071 nonzeros.
Reduced MIP has 7756 binaries, 7763 generals, 0 SOSs, and 0 indicators.
Presolve time = 0.13 sec. (65.86 ticks)
Tried aggregator 1 time.
MIP Presolve eliminated 4 rows and 6 columns.
MIP Presolve modified 204 coefficients.
Reduced MIP has 11961 rows, 15513 columns, and 80054 nonzeros.
Reduced MIP has 7754 binaries, 7759 generals, 0 SOSs, and 0 indicators.
Presolve time = 0.12 sec. (52.88 ticks)
Represolve time = 1.92 sec. (485.56 ticks)
  27114     0     1172.0026  1001                   Cuts: 256  5804741         
  27114     0     1173.4381   986                   Cuts: 116  5805285         
  27114     0     1174.0350   985                   Cuts: 262  5805927         
  27114     0     1175.9445   969                   Cuts: 298  5806790         
  27114     0     1176.8432   964                   Cuts: 207  5807336         
  27114     0     1177.2455   975                   Cuts: 223  5807806         
  27114     0     1177.9376   984                   Cuts: 337  5808487         
  27114     0     1179.1099   976                   Cuts: 265  5809931         
  27114     0     1180.5216   969                   Cuts: 512  5810901         
  27114     0     1181.8734   991                   Cuts: 240  5811746         
  27114     2     1181.8736   989                   1534.2357  5811746         
  27115     3     1182.2296   945                   1534.2357  5812419         
  27117     1    infeasible                         1534.2357  5822969         
  27121     4     1253.3153   749                   1534.2357  5818749         
  27125     8     1187.3522   914                   1534.2357  5834818         
  27133    11     1268.0496   659                   1534.2357  5850386         
  27142    10     1267.8981   692                   1534.2357  5846393         
  27155    19     1190.9588   895                   1534.2357  5928515         
  27172    36     1275.2431   662                   1534.2357  6140011         
  27213    38     1212.9134   953                   1534.2357  6191541         
Elapsed time = 1414.79 sec. (493508.29 ticks, tree = 0.02 MB, solutions = 0)
  27253    59     1213.3221   931                   1534.2357  6292591         
  27311    64     1402.8124   651                   1534.2357  6298585         
  27356    78    infeasible                         1534.2357  6514618         
  27405    83     1892.7488   554                   1534.2357  6571942         
  27469   123     1847.7072   582                   1534.2357  6751208         
  27528   128     1840.3306   587                   1534.2357  6858237         
  27602   153    infeasible                         1534.2357  6945426         
  27680   193    infeasible                         1534.2357  7037294         
  27768   245    infeasible                         1534.2357  7144736         
  27875   262    infeasible                         1534.2357  7197122         
Elapsed time = 1636.51 sec. (532446.38 ticks, tree = 5.79 MB, solutions = 0)
  27973   315     1963.8867   468                   1534.2357  7264981         
  28098   345     1867.4439   619                   1534.2357  7347895         
  28265   384     1908.2777   554                   1534.2357  7433339         
  28461   511     1888.1691   560                   1534.2357  7585205         
  28698   653     1966.2632   475                   1534.2357  7604508         
  28949   761     1265.3853   817                   1534.2357  7708895         
  29337  1145     1964.0178   509                   1534.2357  7874493         
  29946  1202     1955.0184   502                   1534.2357  7951168         
  30684  1327     1998.1338   505                   1534.2357  7970687         
  31452  2501     2015.7245   487                   1534.2357  8233524         
Elapsed time = 1874.24 sec. (570733.26 ticks, tree = 75.21 MB, solutions = 0)
  32342  2691     2043.3813   480                   1534.2357  8283343         
  33245  3137     2103.9958   395                   1534.2357  8321896         
  34197  4253     2090.8871   407                   1534.2357  8484264         
  35232  5051     2103.7671   378                   1534.2357  8606202         
  36481  6127     2121.5651   397                   1534.2357  8790832         
  37627  8097     2278.3698   334                   1534.2357  9024131         
  38585  9276     2194.9715   278                   1534.2357  9098750         
  39400  9749     1997.4840   476                   1534.2357  9195778         
  40205 11216     2081.0789   378                   1534.2357  9412133         
  41020 11333     2099.8612   395                   1534.2357  9414759         
Elapsed time = 2099.81 sec. (608913.66 ticks, tree = 789.53 MB, solutions = 0)
  41349 12306     2286.6056   277                   1534.2357  9620754         
  41612 12872     2361.0891   244                   1534.2357  9801005         
  41902 12975    infeasible                         1534.2357  9869428         
  42220 13300     1909.0307   537                   1534.2357 10063041         
  42474 13331     1959.2466   504                   1534.2357 10095097         
  42794 13717     2239.7300   285                   1534.2357 10310970         
  43249 13778     2271.2361   264                   1534.2357 10312732         
  43827 14315     1997.2983   491                   1534.2357 10581978         
  44344 14702     1968.4995   466                   1534.2357 10679984         
  44927 14977     1938.7353   499                   1534.2357 10787433         
Elapsed time = 2332.06 sec. (647128.46 ticks, tree = 1158.24 MB, solutions = 0)
  45402 15280     2139.2423   368                   1534.2357 10844047         
  45729 16159     2167.8242   366                   1534.2357 11079134         
  46048 16360     1907.5764   572                   1534.2357 11203468         
  46577 16660     1996.6413   451                   1534.2357 11295352         
  47285 17418     2022.0391   414                   1534.2357 11514154         
  47956 17258     2043.1229   435                   1534.2357 11480290         
  48549 17544     1990.2524   550                   1534.2357 11623660         
  49111 18253     2194.9096   277                   1534.2357 11774179         
  49540 18453     1963.8689   448                   1534.2357 11915435         
  49891 19657     2224.2222   260                   1534.2357 12176458         
Elapsed time = 2564.32 sec. (685334.90 ticks, tree = 1392.80 MB, solutions = 0)
  50900 19869     1950.8684   519                   1534.2357 12315583         
  52314 20305     2189.5704   351                   1534.2357 12458364         
  54202 21511     1999.1775   496                   1534.2357 12581067         
  56385 22542     1994.8064   362                   1534.2357 12675231         
  58619 26012     2018.6418   343                   1534.2357 12924702         
  60958 25264     1950.3795   491                   1534.2357 12892464         
  63603 28580     2210.5998   316                   1534.2357 13068353         
  66168 31070     2256.8837   261                   1534.2357 13239324         
  69028 35265     2272.8933   247                   1534.2357 13469684         
  71887 34141     2140.6899   327                   1534.2357 13403478         
Elapsed time = 2808.87 sec. (723496.88 ticks, tree = 3172.25 MB, solutions = 0)
Nodefile size = 1102.80 MB (797.45 MB after compression)
  74925 38684     1947.8882   484                   1534.2357 13622354         
  77506 41678     2521.6102   255                   1534.2357 13770521         
  79916 44364     1991.2663   532                   1534.2357 13908279         
  82042 46625     1944.2939   520                   1534.2357 14041612         
  84354 50473     1981.7430   446                   1534.2357 14289192         
  87206 51220     2474.3937   169                   1534.2357 14325943         
  90150 53241     2061.5737   428                   1534.2357 14455897         
  93452 57471     2112.7208   399                   1534.2357 14661403         
  96919 57309     2054.8188   392                   1534.2357 14658687         
 100706 62719     2328.6998   198                   1534.2357 14900807         
Elapsed time = 3054.79 sec. (761659.81 ticks, tree = 6783.33 MB, solutions = 0)
Nodefile size = 4713.34 MB (3476.86 MB after compression)
 103914 66498     2331.4804   237                   1534.2357 15063556         
 106788 68221     1963.9853   489                   1534.2357 15131677         
 109616 70876     2021.1736   471                   1534.2357 15263356         
 112346 75996     2437.9244   231                   1534.2357 15516299         
 115216 76077     1915.1137   582                   1534.2357 15521672         
 118341 80868     1986.4114   496                   1534.2357 15794398         
 121691 81565     2166.6747   436                   1534.2357 15818921         
 124969 85059     2248.1535   320                   1534.2357 16015695         
 128127 91068     2356.8579   274                   1534.2357 16266675         
 131409 90014     2044.2285   481                   1547.5379 16220316         
Elapsed time = 3309.71 sec. (799816.53 ticks, tree = 10257.40 MB, solutions = 0)
Nodefile size = 8176.40 MB (6070.99 MB after compression)
 134774 94082     2364.6918   341                   1548.7053 16410714         
 137949 99092     2307.5680   290                   1548.7053 16637905         
 140955 99619     2196.9040   437                   1615.2091 16656710         
 144188 106099     2013.5369   496                   1683.6068 16979098         
 147709 106202     2051.8824   506                   1695.7206 16982938         
 150973 108565     2167.8470   345                   1861.0256 17096473         
 154098 116026     1990.9563   504                   1861.0256 17419362         
 157507 118383     2152.4243   375                   1882.6677 17514302         
 161130 122282     2091.4315   420                   1882.6677 17682271         
 164509 122990     2182.0818   369                   1882.6677 17710571         
Elapsed time = 3564.27 sec. (837973.11 ticks, tree = 14456.92 MB, solutions = 0)
Nodefile size = 12386.06 MB (9226.07 MB after compression)
 168075 129306     2136.3689   328                   1882.6677 17966120         
 171888 133453     2411.4146   273                   1882.6677 18121556         
 175695 132933     2265.1055   294                   1882.6677 18108411         
 179316 136331     2034.9698   467                   1882.6677 18242823         
 182728 140048     2375.4999   246                   1899.4926 18375641         
 185874 142709     2358.2877   277                   1899.4926 18461852         
 188985 148200     2013.0071   510                   1905.2613 18733589         
 192209 147361     1943.4126   554                   1906.6604 18695524         
 195173 155391     2276.6432   336                   1908.1248 19097691         
 198218 156192     2360.4775   280                   1908.1248 19130428         
Elapsed time = 3824.34 sec. (876130.01 ticks, tree = 18712.06 MB, solutions = 0)
Nodefile size = 16632.40 MB (12415.66 MB after compression)
 201297 161428     2048.4477   483                   1908.5708 19374274         
 204204 162014     2034.4787   451                   1908.7440 19406844         
 206989 165071     2012.7874   486                   1908.7440 19540684         
 210147 169598     2268.6921   426                   1909.3482 19778759         
 213137 168156     1987.6485   465                   1911.2337 19714026         
 215940 176543     1985.8166   465                   1912.2173 20097230         
 218859 178610     2161.8595   408                   1912.2173 20189858         
 222010 178404     1946.9998   526                   1913.0400 20187973         
 225294 180194     2365.2203   242                   1913.0400 20276790         
 228683 185871     2154.8721   411                   1913.2695 20544686         
Elapsed time = 4074.88 sec. (914289.43 ticks, tree = 22574.28 MB, solutions = 0)
Nodefile size = 20492.62 MB (15318.91 MB after compression)
 231980 185945     1947.8798   548                   1913.2695 20548827         
 235016 191965     2109.4869   412                   1913.3446 20822905         
 238002 197755     2132.7912   388                   1914.1884 21099770         
 241125 199324     2444.5617   280                   1914.1884 21156865         
 244104 201824     2119.9847   425                   1914.9343 21286169         
 247204 201903     2219.5686   404                   1915.9231 21291153         
 250420 209353     2099.0344   433                   1915.9231 21661121         
 253368 209423     2145.3037   371                   1915.9261 21666427         
 256532 211813     2077.2868   487                   1915.9261 21763980         
 259885 215416     2519.4166   219                   1915.9261 21943767         
Elapsed time = 4332.14 sec. (952459.91 ticks, tree = 26444.81 MB, solutions = 0)
Nodefile size = 24360.21 MB (18228.58 MB after compression)
 263018 217873     2222.1476   450                   1915.9261 22041156         
 265957 224130     2237.8100   411                   1916.0044 22328150         
 268780 226780     2124.3164   415                   1916.0044 22444288         
 271786 228299     2344.6591   294                   1917.2561 22529250         
 275137 229688     2357.0362   296                   1917.2561 22592294         
 278366 236111     2145.8364   402                   1917.2561 22892322         
 281363 239725     2334.5808   287                   1917.4967 23061611         
 284329 242879     2550.1807   233                   1917.4967 23225179         
 287453 243516     2040.6790   449                   1917.4967 23263932         
 290420 244740     2205.0167   385                   1917.5954 23323488         
Elapsed time = 4586.87 sec. (990617.63 ticks, tree = 30293.44 MB, solutions = 0)
Nodefile size = 28198.96 MB (21129.45 MB after compression)
 293426 248684     2045.2316   517                   1918.6959 23517578         
 296315 253963     2197.9925   261                   1919.0658 23789520         
 299097 254221     2094.6916   452                   1919.0658 23799665         
 302061 255972     2170.9336   404                   1919.6327 23875967         
 304995 259233     2257.5559   338                   1919.6327 24031784         
 307856 261455     2035.3031   480                   1919.6327 24156734         
 310595 265423     2223.4369   355                   1920.7265 24357286         
 313316 267112     2104.9987   405                   1920.8489 24462584         
 316047 273308     2184.2398   399                   1921.0185 24809365         
 318826 274543     2051.6138   451                   1921.5575 24886147         
Elapsed time = 4837.71 sec. (1028779.56 ticks, tree = 34206.25 MB, solutions = 0)
Nodefile size = 32137.17 MB (24102.08 MB after compression)
 321502 276658     2042.5647   532                   1921.7470 25013509         
 324225 281354     2178.2191   295                   1921.7470 25267838         
 326966 280111     1959.0360   530                   1921.7470 25195152         
 329910 284884     2040.7933   515                   1921.7470 25456987         
 332872 286663     2693.8440   188                   1921.7470 25550421         
 335973 288946     2073.0164   450                   1921.7470 25685832         
 338687 293725     2239.2777   344                   1921.7470 25915579         
 341398 293920     2278.7202   339                   1921.7470 25927333         
 344118 297621     1956.1389   608                   1922.0960 26124953         
 347167 300412     2152.1862   434                   1923.5790 26266435         
Elapsed time = 5089.88 sec. (1066932.20 ticks, tree = 37601.69 MB, solutions = 0)
Nodefile size = 35519.04 MB (26659.48 MB after compression)
 350222 307032     2023.1664   478                   1923.5793 26593162         
 353078 308081     2031.6173   471                   1923.5793 26655969         
 355931 310382     2252.1321   414                   1923.6650 26775181         
 358983 312905     2370.8737   282                   1923.6650 26881584         
 361967 314218     2380.6882   249                   1923.6650 26947932         
 365292 319679     2475.8436   205                   1923.6650 27203706         
 368309 320254     2242.8023   392                   1923.6650 27228419         
 371016 326721     2363.7828   281                   1923.7319 27537900         
 373720 328462     1963.8668   571                   1924.1584 27635867         
 376292 328487     2015.1442   496                   1924.3527 27628430         
Elapsed time = 5344.69 sec. (1105092.63 ticks, tree = 41289.59 MB, solutions = 0)
Nodefile size = 39204.37 MB (29445.63 MB after compression)
 378659 333253     2034.3138   501                   1924.3527 27907795         
 380908 335799     2195.4277   316                   1924.3527 28041016         
 383555 336933     2276.6789   403                   1925.0233 28112980         
 386488 341444     2204.4036   384                   1925.0233 28423240         
 389408 341237     2338.0748   242                   1925.1709 28410261         
 392154 345964     2097.3582   465                   1925.2823 28665109         
 394754 349027     2086.3642   490                   1925.6078 28842560         
 397395 350060     1952.8590   575                   1925.6616 28895216         
 400212 351538     2398.7695   296                   1925.6809 28988527         
 402929 355057     2347.6974   222                   1925.6809 29192763         
Elapsed time = 5589.96 sec. (1143251.51 ticks, tree = 44491.52 MB, solutions = 0)
Nodefile size = 42408.29 MB (31832.14 MB after compression)
