Version identifier: 22.1.1.0 | 2022-11-28 | 9160aff4d
CPXPARAM_TimeLimit                               7200
Tried aggregator 1 time.
MIP Presolve eliminated 1189 rows and 958 columns.
MIP Presolve modified 11586 coefficients.
Reduced MIP has 25337 rows, 26664 columns, and 115272 nonzeros.
Reduced MIP has 13432 binaries, 13232 generals, 0 SOSs, and 0 indicators.
Presolve time = 0.12 sec. (74.65 ticks)
Probing time = 6.23 sec. (21.83 ticks)
Cover probing fixed 0 vars, tightened 20 bounds.
Tried aggregator 1 time.
Detecting symmetries...
Reduced MIP has 25337 rows, 26664 columns, and 115272 nonzeros.
Reduced MIP has 13432 binaries, 13232 generals, 0 SOSs, and 0 indicators.
Presolve time = 0.14 sec. (66.82 ticks)
Probing time = 7.11 sec. (15.39 ticks)
Cover probing fixed 0 vars, tightened 11 bounds.
Clique table members: 4749.
MIP emphasis: balance optimality and feasibility.
MIP search method: dynamic search.
Parallel mode: deterministic, using up to 32 threads.
Root relaxation solution time = 5.21 sec. (670.65 ticks)

        Nodes                                         Cuts/
   Node  Left     Objective  IInf  Best Integer    Best Bound    ItCnt     Gap

      0     0      927.3174   484                    927.3174       23         
      0     0      967.1630   617                   Cuts: 324     3732         
      0     0      981.5618   725                   Cuts: 277     5733         
      0     0      987.9769   756                   Cuts: 173     7567         
      0     0      991.9147   722                   Cuts: 140     8898         
      0     0      994.6449   746                   Cuts: 126     9999         
Detecting symmetries...
      0     0      997.1944   743                   Cuts: 114    10867         
      0     0      998.6892   693                   Cuts: 105    11449         
      0     0      999.9197   729                    Cuts: 76    11936         
      0     0     1001.0192   715                    Cuts: 76    12406         
      0     0     1001.5161   703                    Cuts: 59    12773         
      0     0     1001.9825   689                    Cuts: 31    13102         
      0     0     1002.2903   739                    Cuts: 39    13360         
      0     0     1002.4558   706                    Cuts: 43    13556         
      0     0     1002.6823   702                    Cuts: 33    13789         
      0     0     1002.8187   688                    Cuts: 29    13977         
      0     0     1002.9915   692                    Cuts: 26    14097         
      0     0     1003.0393   670                    Cuts: 23    14175         
      0     0     1003.2158   692                    Cuts: 20    14283         
Detecting symmetries...
      0     2     1003.2158   692                   1003.2158    14283         
Elapsed time = 69.99 sec. (36379.98 ticks, tree = 0.02 MB, solutions = 0)
      1     3     1003.2727   688                   1003.2187    14353         
      4     6     1003.7480   662                   1003.2727    15150         
     11    11     1004.8417   682                   1003.2727    15821         
     20    14     1005.0636   679                   1003.3656    16491         
     31    25     1004.8173   655                   1003.3656    18923         
     38    19     1005.4695   678                   1003.3656    17975         
     58    49     1005.2258   679                   1003.8947    25650         
     78    58    infeasible                         1003.8947    28723         
     92    43     1006.5162   688                   1003.8947    22506         
    144    81     1007.2471   710                   1003.8947    38292         
Elapsed time = 88.28 sec. (39827.12 ticks, tree = 1.53 MB, solutions = 0)
    171   104     1025.7232   658                   1003.9128    52500         
    189   149     1009.2506   641                   1003.9128    86022         
    201   163     1008.8242   666                   1003.9128   110254         
    237   207     1010.3655   651                   1003.9128   173927         
    264   220     1076.7351   654                   1003.9128   187020         
    282   237     1027.1223   654                   1003.9128   198353         
    315   272     1085.8931   621                   1003.9128   230227         
    354   314     1052.4092   635                   1003.9128   281640         
    394   315     1032.8699   659                   1003.9128   285463         
    423   363     1122.4227   609                   1003.9128   323574         
Elapsed time = 134.21 sec. (49641.05 ticks, tree = 5.55 MB, solutions = 0)
    448   369     1055.2362   649                   1003.9128   330926         
    466   397     1124.9387   624                   1003.9128   351624         
    492   399     1033.7662   661                   1003.9128   356912         
    528   423     1171.2708   583                   1003.9128   394827         
    551   427     1133.7019   604                   1003.9128   410130         
    574   487     1025.0563   614                   1003.9128   481269         
    605   484     1134.8006   583                   1003.9128   471585         
    629   527     1019.8752   588                   1003.9128   526975         
    672   557     1052.6100   638                   1003.9128   556118         
    699   585     1019.0226   653                   1003.9128   587403         
Elapsed time = 174.95 sec. (59682.43 ticks, tree = 15.26 MB, solutions = 0)
    727   556     1160.8356   534                   1003.9128   552962         
    750   646     1171.9479   618                   1003.9128   650918         
    780   676     1028.6554   655                   1003.9128   670797         
    836   709     1229.6232   551                   1003.9128   707330         
    888   691     1062.3897   636                   1003.9128   682066         
    956   790     1132.8133   524                   1003.9128   761095         
   1036   699     1027.6004   639                   1003.9128   698314         
   1118   757     1099.9947   600                   1003.9128   744274         
   1197   819     1045.6236   619                   1003.9128   774004         
   1258   956     1067.7037   616                   1003.9128   828516         
Elapsed time = 215.35 sec. (69330.52 ticks, tree = 47.20 MB, solutions = 0)
   1332   913     1138.3439   639                   1003.9128   817179         
   1407  1127     1094.0925   613                   1003.9128   891389         
   1456  1004     1327.8749   511                   1003.9128   838050         
   1516  1186     1185.1937   584                   1003.9128   918317         
   1589  1089     1135.0986   654                   1003.9128   875000         
   1654  1191     1068.6239   578                   1003.9128   924342         
   1757  1293     1332.0102   529                   1003.9128   961025         
   1859  1335     1161.0152   636                   1003.9128   986646         
   1966  1516     1063.8670   616                   1003.9128  1053144         
   2082  1697     1312.8854   535                   1003.9128  1120190         
Elapsed time = 261.21 sec. (78951.60 ticks, tree = 179.52 MB, solutions = 0)
   2193  1749     1420.7237   429                   1003.9128  1134844         
   2313  1823     1259.9413   560                   1003.9128  1152395         
   2430  1857     1354.3030   397                   1003.9128  1159001         
   2556  1774     1496.9177   430                   1003.9128  1139958         
   2673  2172     1079.2490   522                   1003.9128  1265974         
   2801  2219     1264.5939   463                   1003.9128  1276387         
   2977  2379     1243.1693   495                   1003.9128  1320959         
   3102  2181     1083.5913   529                   1003.9128  1268923         
   3260  2183     1085.6292   521                   1003.9128  1269822         
   3439  2637     1220.6284   570                   1003.9128  1391644         
Elapsed time = 304.70 sec. (88554.11 ticks, tree = 370.44 MB, solutions = 0)
   3575  2578     1454.0896   438                   1003.9128  1377893         
   3727  2471     1391.7654   420                   1003.9128  1344265         
   3913  2516     1245.1149   450                   1003.9128  1360022         
   4030  2902    infeasible                         1003.9128  1473674         
   4152  2974     1571.0590   286                   1003.9128  1484601         
   4258  2840     1356.3721   478                   1003.9128  1460481         
   4323  3589    infeasible                         1003.9128  1661062         
   4426  3306     1328.0051   573                   1003.9128  1575057         
   4554  3858     1293.3834   485                   1003.9128  1733089         
   4696  3902     1247.3819   561                   1003.9128  1746208         
Elapsed time = 354.71 sec. (98182.44 ticks, tree = 639.64 MB, solutions = 0)
   4805  3967     1300.6284   541                   1003.9128  1759668         
   4998  4056    infeasible                         1003.9128  1788612         
   5214  3976     1372.7798   335                   1003.9128  1757516         
   5449  3989     1379.1535   296                   1003.9128  1759135         
   5684  4452     1382.6650   308                   1004.2625  1871530         
   5895  4715     1394.3428   419                   1004.2625  1923521         
   6163  4535    infeasible                         1004.2625  1892909         
   6416  4493     1402.9186   279                   1004.2625  1876971         
   6713  4559     1456.3907   428                   1004.2625  1899323         
   6962  5193     1629.0508   302                   1004.2625  2031089         
Elapsed time = 400.10 sec. (107756.63 ticks, tree = 935.83 MB, solutions = 0)
   7254  5199     1737.2560   212                   1004.2625  2017867         
   7602  5567     1473.8706   423                   1004.2625  2102727         
   7978  5470     1703.2085   319                   1004.2625  2081058         
   8316  5352     1232.5449   601                   1004.2625  2071714         
   8667  5728     1516.8285   458                   1004.2625  2126113         
   9048  6659    infeasible                         1004.2625  2316091         
   9498  6621     1502.2967   415                   1004.2625  2300987         
   9921  7416     1256.3957   514                   1004.2625  2427718         
  10461  7487     1770.7301   244                   1004.2625  2442474         
  11014  8304     1616.4934   442                   1004.2625  2569912         
Elapsed time = 445.63 sec. (117324.65 ticks, tree = 1650.38 MB, solutions = 0)
  11601  7584     1783.8351   242                   1004.2625  2442888         
  12172  7979     1707.8617   268                   1004.2625  2533935         
  12808  8905     1928.7807   241                   1004.2625  2647157         
  13444  8442     1629.6441   238                   1004.2625  2594284         
  14000  9488     2126.7308    54                   1004.2625  2735409         
  14500  9412     1608.1502   158                   1004.4690  2727947         
  15086  9538     1377.4641   473                   1004.4690  2747529         
  15622 10584     1572.8847   304                   1004.4690  2842769         
  16113 10408     1680.1815   193                   1004.4690  2835558         
  17858 11778     1800.2075   149                   1004.5082  2964433         
Elapsed time = 507.90 sec. (129739.85 ticks, tree = 2450.93 MB, solutions = 0)
Nodefile size = 384.39 MB (258.62 MB after compression)
  19458 13748    infeasible                         1004.5082  3214149         
  20692 14351     2024.1699   109                   1004.5887  3299626         
* 21280 15148      integral     0     2103.0193     1005.0028  3414741   52.21%
  22148 15864     1369.3781   456     2103.0193     1005.0028  3553038   52.21%
  22994 16442     1749.2447   229     2103.0193     1005.0028  3655547   52.21%
  23901 17020     1573.1513   302     2103.0193     1005.0028  3735357   52.21%
* 24022+17334                         2051.8619     1005.0028            51.02%
* 24023+17334                         2037.6131     1005.0028            50.68%
* 24024+17334                         2037.1279     1005.0028            50.67%

Performing restart 1

Repeating presolve.
Tried aggregator 1 time.
MIP Presolve eliminated 18 rows and 34 columns.
MIP Presolve modified 227 coefficients.
Reduced MIP has 25319 rows, 26630 columns, and 115156 nonzeros.
Reduced MIP has 13416 binaries, 13214 generals, 0 SOSs, and 0 indicators.
Presolve time = 0.11 sec. (51.76 ticks)
Tried aggregator 1 time.
MIP Presolve eliminated 48 rows and 95 columns.
Reduced MIP has 25271 rows, 26535 columns, and 114825 nonzeros.
Reduced MIP has 13369 binaries, 13166 generals, 0 SOSs, and 0 indicators.
Presolve time = 0.16 sec. (71.73 ticks)
Represolve time = 11.27 sec. (295.07 ticks)
* 24029+    0                         1920.6609     1005.9314            47.63%
  24029     0     1024.6249   803     1920.6609     Cuts: 535  3944652   46.65%
  24029     0     1040.2008   842     1920.6609     Cuts: 772  3947555   45.84%
  24029     0     1049.4682   881     1920.6609     Cuts: 768  3950152   45.36%
* 24029+    0                         1919.0090     1049.4682            45.31%
* 24029+    0                         1897.4652     1049.4682            44.69%
* 24029+    0                         1843.5594     1049.4682            43.07%
  24029     0  -1.00000e+75     0     1843.5594     1049.4682  3950152   43.07%
  24029     0     1056.3205   899     1843.5594     Cuts: 614  3952656   42.70%
  24029     0     1059.4727   964     1843.5594     Cuts: 394  3954437   42.53%
  24029     0     1063.7395   965     1843.5594     Cuts: 522  3956402   42.30%
  24029     0     1067.1291   997     1843.5594     Cuts: 489  3958468   42.12%
  24029     0     1069.1929   986     1843.5594     Cuts: 304  3960106   42.00%
  24029     0     1072.7623   971     1843.5594     Cuts: 274  3961992   41.81%
  24029     0     1076.5709   977     1843.5594     Cuts: 465  3964051   41.60%
  24029     0     1078.2230  1001     1843.5594     Cuts: 374  3965615   41.51%
  24029     0     1078.8655  1008     1843.5594     Cuts: 203  3966603   41.48%
  24029     0     1079.7610  1022     1843.5594     Cuts: 201  3967434   41.43%
  24029     0     1080.2649  1058     1843.5594     Cuts: 301  3968324   41.40%
  24029     0     1080.8090  1059     1843.5594     Cuts: 206  3969140   41.37%
  24029     0     1081.0068  1042     1843.5594     Cuts: 108  3969520   41.36%
  24029     0     1081.2347  1046     1843.5594     Cuts: 106  3970113   41.35%
  24029     0     1081.4492  1053     1843.5594     Cuts: 164  3970514   41.34%
  24029     0     1081.5993  1056     1843.5594     Cuts: 128  3970981   41.33%
  24029     0     1081.6933  1063     1843.5594     Cuts: 157  3971316   41.33%
  24029     0     1081.7415  1057     1843.5594     Cuts: 101  3971515   41.32%
  24029     0     1081.9057  1074     1843.5594      Cuts: 71  3971842   41.31%
  24029     0     1082.2039  1051     1843.5594      Cuts: 94  3972253   41.30%
  24029     0     1082.3458  1047     1843.5594      Cuts: 65  3972590   41.29%
  24029     0     1082.3974  1050     1843.5594      Cuts: 49  3972754   41.29%
  24029     2     1082.3974  1050     1843.5594     1082.3974  3972754   41.29%
  24030     3     1085.1001   995     1843.5594     1085.1023  3975843   41.14%
  24031     4     1087.2306  1009     1843.5594     1087.2368  3977793   41.03%
  24032     4     1096.4094   915     1843.5594     1087.2368  3978180   41.03%
Elapsed time = 991.82 sec. (405111.79 ticks, tree = 0.02 MB, solutions = 8)
  24035     3     1117.1988   922     1843.5594     1088.6565  3980406   40.95%
  24036     6     1139.1017   960     1843.5594     1088.6565  3985900   40.95%
  24037     6     1114.6527   945     1843.5594     1089.4588  3982833   40.90%
  24042     7     1126.9314   962     1843.5594     1089.7533  3986212   40.89%
  24044     9     1127.3471   984     1843.5594     1089.7533  3995144   40.89%
  24047     9     1156.7900   903     1843.5594     1089.7533  3999936   40.89%
  24050     9     1175.8961   921     1843.5594     1089.7533  4000399   40.89%
  24053     7     1104.6791   952     1843.5594     1089.7533  3990135   40.89%
  24056    13     1164.4457   927     1843.5594     1089.7533  4022758   40.89%
  24060    16     1134.7360   869     1843.5594     1089.7533  4061421   40.89%
Elapsed time = 1140.86 sec. (474330.33 ticks, tree = 0.03 MB, solutions = 8)
  24066    15     1161.2228   909     1843.5594     1089.7533  4034546   40.89%
  24068    17     1146.4248   910     1843.5594     1089.7533  4064586   40.89%
  24076    20     1166.0633   853     1843.5594     1089.7533  4100446   40.89%
  24079    18     1189.3050   908     1843.5594     1089.7533  4068022   40.89%
  24089    21     1153.5027   914     1843.5594     1089.7533  4134960   40.89%
  24095    16     1134.8145   925     1843.5594     1089.7533  4067130   40.89%
* 24098+   18                         1835.7077     1089.7533            40.64%
* 24099+   18                         1820.7551     1089.7533            40.15%
  24105    30     1188.1491   960     1820.7551     1089.7533  4278033   40.15%
* 24106+   18                         1818.4727     1089.7533            40.07%
* 24107+   18                         1815.2372     1089.7533            39.97%
* 24108+   18                         1813.8117     1089.7533            39.92%
  24111    23     1107.7733  1001     1813.8117     1089.7533  4175847   39.92%
* 24114+   25                         1785.1437     1089.7533            38.95%
* 24114+   25                         1783.5816     1089.7533            38.90%
* 24115+   25                         1782.3093     1089.7533            38.86%
* 24115+   25                         1782.1895     1089.7533            38.85%
* 24117+   25                         1781.7902     1092.5584            38.68%
* 24117+   25                         1781.3266     1092.5584            38.67%
  24120    27     1163.6429   948     1781.3266     1092.5584  4235790   38.67%
  24136    38     1185.7741   967     1781.3266     1092.5584  4375485   38.67%
Elapsed time = 1330.59 sec. (517211.20 ticks, tree = 0.03 MB, solutions = 32)
  24168    63     1132.7930  1017     1781.3266     1092.5584  4560627   38.67%
  24201    65     1186.6119   962     1781.3266     1092.5584  4566816   38.67%
  24232    71     1210.2927   901     1781.3266     1092.5584  4514973   38.67%
  24255    78     1202.1581   946     1781.3266     1092.5584  4621958   38.67%
  24280    67     1148.7663   980     1781.3266     1092.5584  4569775   38.67%
  24299    69     1155.9167   957     1781.3266     1092.5584  4599994   38.67%
  24316    79     1224.5370   895     1781.3266     1092.5584  4676082   38.67%
  24351   153     1245.2475   802     1781.3266     1092.5584  4840287   38.67%
  24392   218     1162.1028   942     1781.3266     1092.5584  4977470   38.67%
  24437   264     1326.4091   832     1781.3266     1092.5584  5024724   38.67%
Elapsed time = 1512.98 sec. (557134.43 ticks, tree = 1.73 MB, solutions = 64)
  24478   310     1251.8370   897     1781.3266     1092.5584  5114448   38.67%
  24546   312     1267.4540   885     1781.3266     1092.5584  5116074   38.67%
  24642   315     1282.4340   859     1781.3266     1092.5584  5118126   38.67%
  24722   341     1102.6144   986     1781.3266     1092.5584  5190015   38.67%
  24819   468     1293.0788   746     1781.3266     1092.5584  5304249   38.67%
  24931   375     1324.1301   731     1781.3266     1092.5584  5211609   38.67%
  25056   443     1189.4761   939     1781.3266     1092.5584  5292176   38.67%
  25194   575     1400.4523   673     1781.3266     1092.5584  5368393   38.67%
  25357   731     1366.3745   755     1781.3266     1092.5584  5472931   38.67%
  25543   917     1312.1358   724     1781.3266     1092.5584  5591811   38.67%
Elapsed time = 1696.50 sec. (595719.32 ticks, tree = 68.61 MB, solutions = 70)
  25726   673     1311.2290   776     1781.3266     1092.5584  5439364   38.67%
  25907  1273     1238.8806   887     1781.3266     1092.5584  5743784   38.67%
  26131  1030     1391.7268   638     1781.3266     1092.5584  5631747   38.67%
  26330  1651     1435.2507   682     1781.3266     1092.5584  5867109   38.67%
  26590  1291     1335.0510   672     1781.3266     1092.5584  5739781   38.67%
  26930  1691     1342.7458   770     1781.3266     1092.5584  5892464   38.67%
  27324  1692     1514.4889   616     1781.3266     1092.5584  5872434   38.67%
  27797  2253     1512.2026   645     1781.3266     1092.5584  6096444   38.67%
  28346  1902     1485.8639   492     1781.3266     1092.5584  5948479   38.67%
  28907  3346     1268.5940   743     1781.3266     1092.5584  6302086   38.67%
Elapsed time = 1880.21 sec. (633950.52 ticks, tree = 560.19 MB, solutions = 70)
  29468  3485     1430.6937   512     1781.3266     1092.5584  6326644   38.67%
  30075  2774     1517.7248   541     1781.3266     1092.5584  6210447   38.67%
  30719  4581     1577.9913   488     1781.3266     1092.5584  6526064   38.67%
  31389  3398     1320.6079   665     1781.3266     1092.5584  6312186   38.67%
  32112  4947     1602.3838   445     1781.3266     1092.5584  6561542   38.67%
  32919  4817     1607.2148   417     1781.3266     1092.5584  6546650   38.67%
  33679  7073     1517.8820   473     1781.3266     1092.5584  6863901   38.67%
  34541  6523     1559.3836   493     1781.3266     1092.5584  6792657   38.67%
  35383  7922     1623.0685   467     1781.3266     1092.5584  6939255   38.67%
  36321  8029     1577.6681   494     1781.3266     1092.5584  6953578   38.67%
Elapsed time = 2085.49 sec. (672131.73 ticks, tree = 1633.65 MB, solutions = 70)
  37186 10682     1528.5166   563     1781.3266     1092.5584  7226788   38.67%
  38180 10803     1691.4631   469     1781.3266     1092.5584  7235380   38.67%
  39186 10864     1574.8601   437     1781.3266     1092.5584  7249092   38.67%
  39874 11990    infeasible           1781.3266     1092.5584  7355453   38.67%
  40405 13610     1511.6671   575     1781.3266     1092.5584  7506634   38.67%
  40770 14579     1752.7259   330     1781.3266     1092.5584  7610407   38.67%
  41196 14720     1528.3546   361     1781.3266     1092.5584  7635467   38.67%
  41563 14778     1678.4718   440     1781.3266     1092.5584  7656761   38.67%
  42163 14995     1776.5436   364     1781.3266     1092.5584  7677036   38.67%
  42887 15413        cutoff           1781.3266     1092.5584  7733872   38.67%
Elapsed time = 2307.87 sec. (710365.52 ticks, tree = 3372.14 MB, solutions = 70)
Nodefile size = 1303.45 MB (908.55 MB after compression)
  43471 15905     1778.2747   281     1781.3266     1092.5584  7807964   38.67%
* 43692+15681                         1773.7454     1092.5584            38.40%
* 43740+15658                         1757.4043     1092.5584            37.83%
* 43793+15645                         1745.8664     1092.5584            37.42%
  44010 15835     1677.1541   330     1745.8664     1097.4830  7793419   37.14%
  44503 16871     1154.6671   900     1745.8664     1099.9310  8027466   37.00%
  44846 16663     1262.9452   816     1745.8664     1099.9310  7927288   37.00%
  45108 16893     1207.0021   941     1745.8664     1100.7390  8049872   36.95%
  45314 17651    infeasible           1745.8664     1100.7390  8205228   36.95%
* 45323+17495                         1740.0637     1100.7390            36.74%
  45541 17770     1697.6899   307     1740.0637     1100.7390  8231270   36.74%
  45817 17881     1682.4788   408     1740.0637     1100.7390  8274447   36.74%
  46113 17975     1258.1550   861     1740.0637     1100.7390  8375222   36.74%
  46366 18093     1353.9471   737     1740.0637     1100.7390  8429860   36.74%
Elapsed time = 2492.48 sec. (748656.16 ticks, tree = 3855.46 MB, solutions = 74)
Nodefile size = 1798.17 MB (1248.06 MB after compression)
  46638 18510     1364.1054   762     1740.0637     1103.8611  8556116   36.56%
  46951 18952    infeasible           1740.0637     1103.8611  8705216   36.56%
  47392 18972     1365.7648   624     1740.0637     1103.8611  8708350   36.56%
  47844 19174     1683.7739   423     1740.0637     1103.8611  8734659   36.56%
  48380 19625     1277.2419   800     1740.0637     1103.8611  8909502   36.56%
* 48453+19626                         1715.1824     1103.8611            35.64%
* 48539+19626                         1704.8930     1103.8611            35.25%
* 48574+19626                         1704.0274     1103.8611            35.22%
* 48611+19626                         1701.8422     1103.8611            35.14%
* 48649+19626                         1700.1252     1103.8611            35.07%
* 48683+19626                         1696.4873     1103.8611            34.93%
* 48710+19626                         1693.3716     1103.8611            34.81%
* 48742+19626                         1692.7802     1103.8611            34.79%
* 48793+19626                         1691.8776     1103.8611            34.76%
  48922 19018     1360.4171   782     1691.8776     1103.8611  9115947   34.76%
  49377 20559     1528.8254   465     1691.8776     1103.8611  9080228   34.76%
  49778 19347     1460.4979   578     1691.8776     1104.5451  9233092   34.71%
* 49800+20627                         1633.3072     1104.5451            32.37%
* 49901+20627                         1630.8308     1104.5451            32.27%
* 50025+20627                         1610.1934     1104.5502            31.40%
* 50238+20627                         1609.0837     1104.5502            31.36%
  50286 19711     1578.4310   474     1609.0837     1104.5502  9291422   31.36%
  50740 18476     1593.1044   469     1609.0837     1111.1689  9336554   30.94%
Elapsed time = 2682.84 sec. (786923.15 ticks, tree = 3952.79 MB, solutions = 99)
Nodefile size = 1883.05 MB (1302.43 MB after compression)
  51181 15124     1238.8235   809     1609.0837     1111.1689  9437144   30.94%
  51534 15138     1441.0730   667     1609.0837     1111.1689  9426459   30.94%
  51790 15704     1571.1715   397     1609.0837     1111.1689  9526026   30.94%
* 51832+15397                         1607.2870     1111.9578            30.82%
* 51833+15392                         1598.9605     1111.9578            30.46%
  52031 15432    infeasible           1598.9605     1111.9578  9703295   30.46%
  52315 15843     1443.6435   497     1598.9605     1111.9578  9806016   30.46%
  52576 15895     1457.1716   484     1598.9605     1116.7856  9809668   30.16%
* 52635+15727                         1567.3780     1116.7856            28.75%
  52798 15933     1482.7657   483     1567.3780     1116.7856  9813337   28.75%
  52980 13333     1183.1219   878     1567.3780     1116.7856  9900834   28.75%
  53189 13401     1151.5118   971     1567.3780     1116.7856  9948898   28.75%
* 53308+13642                         1566.8336     1116.7856            28.72%
* 53325+13642                         1551.2311     1116.7856            28.01%
* 53344+13642                         1540.2751     1116.7856            27.49%
* 53354+13642                         1527.9709     1116.7856            26.91%
* 53372+13642                         1527.3127     1116.7856            26.88%
  53455 10850     1502.6493   449     1527.3127     1116.7856 10169954   26.88%
Elapsed time = 2867.54 sec. (825177.95 ticks, tree = 2126.01 MB, solutions = 108)
Nodefile size = 69.88 MB (48.74 MB after compression)
  53796 13775        cutoff           1527.3127     1116.7856 10073868   26.88%
  54080 13901     1293.6689   740     1527.3127     1116.7856 10157824   26.88%
  54332 11200     1316.0500   796     1527.3127     1116.7856 10334788   26.88%
  54566 11441     1182.2852   987     1527.3127     1116.7856 10443550   26.88%
  54836 11581     1436.1558   626     1527.3127     1116.7856 10472059   26.88%
  55127 11451     1197.0490   982     1527.3127     1116.7856 10448001   26.88%
  55356 11972     1254.8312   861     1527.3127     1116.7856 10612273   26.88%
* 55429+12014                         1527.1749     1116.7856            26.87%
* 55438+12014                         1526.9799     1116.7856            26.86%
* 55441+12014                         1524.3181     1116.7856            26.74%
  55495 12334     1453.3006   743     1524.3181     1116.7856 10707834   26.74%
* 55599+12271                         1524.1804     1116.7856            26.73%
  55635 12471     1489.9090   731     1524.1804     1116.7856 10767242   26.73%
  55861 12376     1153.3964  1007     1524.1804     1116.7856 10744206   26.73%
Elapsed time = 3054.10 sec. (863582.91 ticks, tree = 2457.71 MB, solutions = 113)
Nodefile size = 399.53 MB (281.69 MB after compression)
* 55974+12420                         1523.2871     1116.7856            26.69%
* 55984+12420                         1521.5880     1116.7856            26.60%
* 55988+12420                         1510.0921     1116.7856            26.05%
  56115 12672     1481.3444   755     1510.0921     1116.7856 10967166   26.05%
  56327 12565     1330.7762   723     1510.0921     1116.7856 10902863   26.05%
  56555 12110     1508.2881   495     1510.0921     1116.7856 11158640   26.05%
  56714 12318     1446.2026   703     1510.0921     1116.7856 11238896   26.05%
  56929 11879     1271.1389   892     1510.0921     1116.7856 11090559   26.05%
  57126 12453     1395.6222   694     1510.0921     1116.7856 11335703   26.05%
  57333 12406     1439.7813   639     1510.0921     1116.7856 11284175   26.05%
  57522 12677     1208.4268   915     1510.0921     1116.7856 11427731   26.05%
* 57709+12600                         1508.8767     1117.7356            25.92%
  57737 12764    infeasible           1508.8767     1117.7356 11467661   25.92%
  57918 13265     1399.0302   705     1508.8767     1117.7356 11629445   25.92%
Elapsed time = 3238.55 sec. (901893.32 ticks, tree = 2645.23 MB, solutions = 118)
Nodefile size = 590.51 MB (417.06 MB after compression)
* 58030+13331                         1506.7540     1117.7356            25.82%
* 58042+13331                         1500.2007     1117.7356            25.49%
* 58043+13331                         1499.0623     1117.7356            25.44%
* 58044+13331                         1495.6851     1117.7356            25.27%
* 58047+13331                         1495.0790     1117.7356            25.24%
* 58048+13331                         1494.4207     1117.7356            25.21%
* 58126+13411                         1494.4207     1117.7356            25.21%
  58135 12430     1459.7862   610     1494.4207     1117.7356 11742830   25.21%
  58360 12697     1371.2202   820     1494.4207     1117.7356 11846038   25.21%
  58599 12794     1450.4729   601     1494.4207     1117.7356 11880719   25.21%
* 58713+12553                         1488.4517     1117.7356            24.91%
* 58736+12553                         1480.8951     1117.7356            24.52%
* 58758+12541                         1474.6854     1117.7356            24.21%
* 58762+12533                         1465.2516     1117.7356            23.72%
  58800 12537     1423.0367   788     1465.2516     1117.7356 11804411   23.72%
  59006 11190     1172.3313   928     1465.2516     1117.7356 12004397   23.72%
  59204 12746     1226.8200   856     1465.2516     1117.7356 11861900   23.72%
  59375 11493     1257.6183   791     1465.2516     1117.7356 12152819   23.72%
* 59470+11325                         1464.2794     1117.7356            23.67%
  59529 11510     1271.0392   773     1464.2794     1117.7356 12155167   23.67%
  59670 11814     1431.8039   843     1464.2794     1117.7356 12325976   23.67%
* 59754+11756                         1463.4815     1117.7356            23.62%
* 59801+11756                         1458.9168     1117.7356            23.39%
* 59817+11756                         1454.9557     1117.7356            23.18%
  59824 11607     1389.9397   752     1454.9557     1117.7356 12196094   23.18%
Elapsed time = 3427.13 sec. (940230.90 ticks, tree = 2108.58 MB, solutions = 132)
Nodefile size = 49.31 MB (34.58 MB after compression)
* 59826+11756                         1454.6434     1117.7356            23.16%
* 59840+11756                         1449.7237     1117.7356            22.90%
  59991 11979     1211.4198   918     1449.7237     1117.7356 12414407   22.90%
  60155 11315     1335.4730   753     1449.7237     1117.7356 12513942   22.90%
  60316 11327     1359.8033   748     1449.7237     1117.7356 12516323   22.90%
  60525 11180     1441.6486   640     1449.7237     1117.7356 12438456   22.90%
  60679 11732     1442.5619   612     1449.7237     1119.7758 12715448   22.76%
  60819 11565     1189.8908   896     1449.7237     1119.7758 12666329   22.76%
* 60836+11488                         1445.9912     1119.7758            22.56%
* 60866+11488                         1443.2972     1119.7758            22.42%
  60927 11577     1400.1067   758     1443.2972     1119.7758 12662324   22.42%
  61078 12025     1162.0440   972     1443.2972     1119.7758 12858207   22.42%
  61234 11966     1420.7374   862     1443.2972     1123.1018 12846162   22.18%
  61406 11929     1235.5448   883     1443.2972     1123.1018 13000777   22.18%
Elapsed time = 3624.67 sec. (978667.58 ticks, tree = 2180.31 MB, solutions = 139)
Nodefile size = 121.22 MB (87.72 MB after compression)
  61568 11861     1242.8438   856     1443.2972     1123.1018 12957899   22.18%
* 61775+12013                         1437.5171     1123.1018            21.87%
* 61795+12013                         1437.0815     1123.1018            21.85%
* 61802+12013                         1436.8227     1123.1018            21.83%
* 61806+12013                         1430.3466     1123.1018            21.48%
  61808 11966     1427.1305   795     1430.3466     1123.1018 13025557   21.48%
  62034 12354     1300.1062   907     1430.3466     1123.1018 13195928   21.48%
  62240 12072     1200.8858   960     1430.3466     1123.1018 13093440   21.48%
  62476 11660     1299.1097   773     1430.3466     1134.4352 13314749   20.69%
  62721 11953     1184.0199   986     1430.3466     1134.4352 13427242   20.69%
  62969 12179     1407.3157   682     1430.3466     1134.4352 13475639   20.69%
  63189 12152     1202.6685   955     1430.3466     1134.4352 13487398   20.69%
  63407 12389     1149.3262   982     1430.3466     1134.4352 13587914   20.69%
  63599 12748     1228.5019   870     1430.3466     1134.4558 13720227   20.69%
Elapsed time = 3815.84 sec. (1016937.99 ticks, tree = 2345.12 MB, solutions = 143)
Nodefile size = 288.31 MB (207.64 MB after compression)
  63786 12514     1332.6460   774     1430.3466     1134.4605 13631697   20.69%
  63973 12803     1265.9237   980     1430.3466     1134.4605 13744686   20.69%
  64160 13417     1347.2719   740     1430.3466     1134.4605 13967501   20.69%
  64364 13692     1231.2052   958     1430.3466     1134.4605 14089846   20.69%
  64580 13608     1295.2483   839     1430.3466     1134.4605 14042813   20.69%
  64780 13739     1371.6617   770     1430.3466     1134.4605 14104285   20.69%
  64996 14010     1190.4014   977     1430.3466     1134.4605 14234081   20.69%
  65191 14179     1170.0615   976     1430.3466     1134.4605 14307134   20.69%
  65379 14441     1426.3827   730     1430.3466     1134.4605 14388473   20.69%
  65571 14727     1337.4076   908     1430.3466     1134.4605 14527075   20.69%
Elapsed time = 3997.37 sec. (1055212.92 ticks, tree = 2772.57 MB, solutions = 143)
Nodefile size = 715.89 MB (517.06 MB after compression)
  65757 14691     1383.4246   842     1430.3466     1135.0736 14511809   20.64%
  65940 14787     1259.7548   839     1430.3466     1135.0736 14551370   20.64%
  66137 14980     1180.9910   990     1430.3466     1135.0736 14630821   20.64%
  66306 15392     1212.5652   937     1430.3466     1135.0736 14797445   20.64%
  66490 15175     1258.5121   872     1430.3466     1135.0736 14698431   20.64%
  66709 15625     1303.2785   804     1430.3466     1135.0736 14913146   20.64%
  66924 15584     1181.4877   910     1430.3466     1135.0736 14898071   20.64%
  67141 15724     1389.4386   719     1430.3466     1135.4761 14948233   20.62%
  67349 15744     1392.5804   691     1430.3466     1135.4761 14951521   20.62%
  67568 16037        cutoff           1430.3466     1135.4761 15093177   20.62%
Elapsed time = 4190.36 sec. (1093551.60 ticks, tree = 3052.98 MB, solutions = 143)
Nodefile size = 991.67 MB (719.46 MB after compression)
  67804 16044     1386.3990   880     1430.3466     1135.4761 15105768   20.62%
  68023 16271     1254.8184   903     1430.3466     1135.4761 15198677   20.62%
  68192 16592     1215.0471   969     1430.3466     1142.6627 15310640   20.11%
  68362 17185     1185.6454   958     1430.3466     1142.6627 15549460   20.11%
  68585 17549     1398.3502   714     1430.3466     1143.2778 15689856   20.07%
  68790 17712     1302.4039   894     1430.3466     1143.2778 15761394   20.07%
  68945 17756     1417.0318   869     1430.3466     1143.2778 15787126   20.07%
  69151 17602     1186.9700   984     1430.3466     1143.2778 15723713   20.07%
  69390 17801     1268.3789   871     1430.3466     1143.2778 15804260   20.07%
  69543 18437     1204.1150   956     1430.3466     1143.2778 16035979   20.07%
Elapsed time = 4374.52 sec. (1131948.58 ticks, tree = 3571.07 MB, solutions = 143)
Nodefile size = 1514.37 MB (1102.97 MB after compression)
  69765 18532     1299.8148   834     1430.3466     1144.4214 16070498   19.99%
  70006 18269        cutoff           1430.3466     1144.4214 15983325   19.99%
  70172 18780     1330.5968   844     1430.3466     1144.4680 16182077   19.99%
  70359 18504     1429.6170   834     1430.3466     1144.4680 16067158   19.99%
  70549 18735     1409.6203   760     1430.3466     1144.4680 16139269   19.99%
  70789 19519     1175.4229   995     1430.3466     1144.4680 16485157   19.99%
  70981 19270     1176.2190  1010     1430.3466     1144.4680 16376151   19.99%
  71126 19676     1287.8453   802     1430.3466     1145.5088 16556310   19.91%
  71319 19589     1249.7334   865     1430.3466     1145.5088 16514363   19.91%
  71493 20175     1219.8131   978     1430.3466     1145.8018 16758860   19.89%
Elapsed time = 4558.79 sec. (1170278.24 ticks, tree = 3784.16 MB, solutions = 143)
Nodefile size = 1725.75 MB (1257.87 MB after compression)
  71685 20356     1387.4408   742     1430.3466     1145.8018 16824718   19.89%
  71882 19873     1325.2514   778     1430.3466     1145.8018 16623823   19.89%
  72072 20456     1239.2364   863     1430.3466     1145.8018 16885901   19.89%
  72277 20777     1307.5563   803     1430.3466     1146.1520 17003331   19.87%
  72470 20759     1403.1489   777     1430.3466     1146.1520 16994005   19.87%
  72625 20647     1239.6344   876     1430.3466     1146.1520 16974045   19.87%
  72849 21245     1148.1253  1004     1430.3466     1146.7469 17215100   19.83%
  72997 20997     1282.5670   857     1430.3466     1146.7469 17133821   19.83%
  73139 21495     1271.1927   799     1430.3466     1146.9788 17335947   19.81%
  73231 21742     1264.8570   994     1430.3466     1147.1645 17414715   19.80%
Elapsed time = 4754.82 sec. (1208573.59 ticks, tree = 4116.43 MB, solutions = 143)
Nodefile size = 2057.83 MB (1504.62 MB after compression)
  73356 21510     1296.7894   767     1430.3466     1147.1645 17339031   19.80%
  73493 21751     1282.2362   954     1430.3466     1147.1888 17416896   19.80%
  73661 21755     1291.9167   953     1430.3466     1147.1888 17418668   19.80%
  73823 22189     1295.6572   776     1430.3466     1147.1888 17587239   19.80%
  73979 22420     1240.6193   895     1430.3466     1147.1888 17736869   19.80%
  74118 22429     1325.2943   926     1430.3466     1147.1888 17729256   19.80%
  74284 22625     1320.2135   796     1430.3466     1147.1888 17840741   19.80%
  74449 22496        cutoff           1430.3466     1147.3876 17765163   19.78%
  74610 22666     1207.7368   961     1430.3466     1147.3876 17867068   19.78%
  74778 22804     1379.9321   795     1430.3466     1147.3876 17914701   19.78%
Elapsed time = 4942.28 sec. (1247080.97 ticks, tree = 4260.70 MB, solutions = 143)
Nodefile size = 2195.96 MB (1606.04 MB after compression)
  74927 22816     1417.1622   765     1430.3466     1147.3876 17917680   19.78%
  75067 23017     1255.6465   871     1430.3466     1147.3876 18035942   19.78%
  75199 23348     1428.0128   581     1430.3466     1147.3876 18199092   19.78%
* 75251+23770                         1417.1186     1147.3876            19.03%
* 75261+23770                         1416.8856     1147.3876            19.02%
* 75307+23666                         1391.1096     1147.3876            17.52%
  75312 23192     1191.9168   979     1391.1096     1147.3876 18128730   17.52%
* 75314+23666                         1390.7690     1147.3876            17.50%
* 75317+23743                         1383.7010     1147.3876            17.08%
* 75319+23743                         1382.7392     1147.4031            17.02%
* 75341+23666                         1377.4954     1147.4031            16.70%
* 75359+23666                         1377.2419     1147.4031            16.69%
  75399 23439     1255.9802   851     1377.2419     1147.4031 18226498   16.69%
* 75401+23666                         1372.9956     1147.4031            16.43%
  75493 23594     1373.4078   718     1372.9956     1147.4434 18297454   16.43%
  75592 18972     1184.8669   969     1372.9956     1147.4434 18529237   16.43%
  75681 18972     1202.7994   917     1372.9956     1147.4434 18530640   16.43%
  75790 18967     1208.7741   932     1372.9956     1147.4434 18513910   16.43%
  75936 19287     1191.6297   945     1372.9956     1147.4434 18748663   16.43%
Elapsed time = 5131.59 sec. (1285843.34 ticks, tree = 3550.08 MB, solutions = 184)
Nodefile size = 1521.10 MB (1120.90 MB after compression)
  76057 18930     1221.9768   947     1372.9956     1147.4434 18756926   16.43%
  76186 19037     1214.3752   987     1372.9956     1147.6642 18855614   16.41%
  76319 19040     1215.6729   968     1372.9956     1147.6642 18857881   16.41%
  76459 19253     1193.9183   967     1372.9956     1147.6642 18951117   16.41%
  76591 18948     1265.9606   861     1372.9956     1147.6642 18766340   16.41%
  76737 18997     1327.5583   759     1372.9956     1147.6642 18776556   16.41%
  76892 18851     1316.1373   854     1372.9956     1147.6642 19048374   16.41%
  77036 18844     1299.3386   796     1372.9956     1147.6642 19038408   16.41%
  77186 19041     1193.0020   984     1372.9956     1147.6642 19185245   16.41%
  77310 19028     1207.4789  1013     1372.9956     1147.6642 19163434   16.41%
Elapsed time = 5320.38 sec. (1324204.76 ticks, tree = 3444.11 MB, solutions = 203)
Nodefile size = 1382.18 MB (1019.42 MB after compression)
  77448 19607     1215.3804   932     1372.9956     1147.6642 19466410   16.41%
  77608 19250     1324.3081   838     1372.9956     1147.6642 19284002   16.41%
  77762 19632     1232.5539   816     1372.9956     1147.6642 19471166   16.41%
  77925 19417     1344.4446   888     1372.9956     1147.6642 19381960   16.41%
  78070 19544     1157.7735  1010     1372.9956     1147.6642 19449322   16.41%
  78231 19549     1161.9196  1024     1372.9956     1147.6642 19451476   16.41%
  78377 20233    infeasible           1372.9956     1147.6642 19808363   16.41%
  78523 20081     1294.7848   765     1372.9956     1147.6642 19708469   16.41%
  78710 20392        cutoff           1372.9956     1147.6642 19891044   16.41%
  78914 20543     1325.1627   838     1372.9956     1147.6642 19942454   16.41%
Elapsed time = 5510.43 sec. (1362691.96 ticks, tree = 3773.32 MB, solutions = 203)
Nodefile size = 1709.24 MB (1263.90 MB after compression)
  79096 20813     1307.5079   785     1372.9956     1147.6642 20080584   16.41%
  79271 21076     1224.4248   938     1372.9956     1147.6642 20170582   16.41%
  79454 20955     1337.0806   426     1372.9956     1147.6642 20110251   16.41%
  79653 21015     1219.6917   991     1372.9956     1147.6642 20137607   16.41%
  79851 21071     1362.2412   391     1372.9956     1147.6642 20116230   16.41%
  80022 21167     1264.3371   921     1372.9956     1150.1681 20214062   16.23%
  80243 21912     1328.4615   783     1372.9956     1150.1681 20498830   16.23%
  80413 21919     1356.6041   744     1372.9956     1150.1681 20501441   16.23%
  80633 21299     1317.7387   912     1372.9956     1150.1681 20293744   16.23%
  80798 22289     1314.4877   787     1372.9956     1150.1681 20654504   16.23%
Elapsed time = 5685.31 sec. (1401066.29 ticks, tree = 4150.56 MB, solutions = 205)
Nodefile size = 2087.38 MB (1540.32 MB after compression)
  80977 21460     1318.4816   875     1372.9956     1150.1681 20385817   16.23%
  81139 22173     1197.0326   918     1372.9956     1150.1681 20609249   16.23%
  81286 22385     1293.0464   899     1372.9956     1150.1681 20702492   16.23%
  81431 23261     1349.6057   546     1372.9956     1150.1681 21051695   16.23%
  81559 22948     1370.3258   799     1372.9956     1150.1681 20944837   16.23%
* 81687+23270                         1372.6190     1150.1681            16.21%
* 81701+23270                         1372.5869     1150.1681            16.20%
  81710 22998     1262.9492   812     1372.5869     1150.1681 20971477   16.20%
  81875 22873     1216.9264   984     1372.5869     1150.5874 20922473   16.17%
* 81971+23550                         1371.4484     1150.5874            16.10%
  82091 23507     1369.5165   460     1371.4484     1150.5874 21154356   16.10%
  82256 23421     1319.8681   790     1371.4484     1151.1234 21120423   16.07%
  82419 23330     1292.3209   905     1371.4484     1151.1234 21096064   16.07%
Elapsed time = 5883.10 sec. (1439530.49 ticks, tree = 4382.12 MB, solutions = 208)
Nodefile size = 2321.79 MB (1715.30 MB after compression)
  82565 23511     1255.2905   978     1371.4484     1151.1853 21263551   16.06%
  82684 23782     1369.2341   695     1371.4484     1151.2533 21401508   16.06%
  82840 24023        cutoff           1371.4484     1151.2533 21496622   16.06%
  82992 24208     1349.5765   829     1371.4484     1151.2533 21582576   16.06%
  83156 23791     1167.3487  1042     1371.4484     1151.2533 21406896   16.06%
  83338 24277     1298.6606   931     1371.4484     1151.2533 21611468   16.06%
  83474 23654     1231.3862   894     1371.4484     1151.2533 21333995   16.06%
  83647 24630     1294.0783   896     1371.4484     1151.2533 21776512   16.06%
  83793 25064     1321.7015   883     1371.4484     1151.2533 22005568   16.06%
  83985 24729     1326.1776   885     1371.4484     1151.2533 21833716   16.06%
Elapsed time = 6057.66 sec. (1477893.80 ticks, tree = 4688.96 MB, solutions = 208)
Nodefile size = 2625.66 MB (1941.13 MB after compression)
  84161 24797     1294.7999   910     1371.4484     1151.7673 21861922   16.02%
  84318 24949     1360.6917   755     1371.4484     1151.7673 21927218   16.02%
  84487 25466     1343.2239   858     1371.4484     1151.7673 22170093   16.02%
  84600 25181     1318.0799   777     1371.4484     1151.7673 22057475   16.02%
  84768 25412     1354.4085   811     1371.4484     1151.7673 22148114   16.02%
  84921 25207     1227.3044   921     1371.4484     1151.7709 22093293   16.02%
  85119 25802     1264.0579   935     1371.4484     1151.7709 22326105   16.02%
  85304 25897     1274.4295   864     1371.4484     1151.7709 22362682   16.02%
  85493 26563     1248.0651   933     1371.4484     1152.1929 22693561   15.99%
  85709 26675     1242.2132   868     1371.4484     1152.1929 22745856   15.99%
Elapsed time = 6252.00 sec. (1516276.32 ticks, tree = 5114.55 MB, solutions = 208)
Nodefile size = 3055.00 MB (2264.02 MB after compression)
  85844 26583     1268.1537   941     1371.4484     1152.1929 22698186   15.99%
  86003 26405     1290.5731   819     1371.4484     1152.1929 22609922   15.99%
  86137 26713     1309.9606   847     1371.4484     1152.1929 22767084   15.99%
  86267 26813     1197.5960  1018     1371.4484     1152.3104 22795407   15.98%
  86402 27632        cutoff           1371.4484     1152.6413 23156239   15.95%
  86539 27114     1210.6054   900     1371.4484     1152.6431 22934043   15.95%
  86677 27535     1267.3024   885     1371.4484     1152.6431 23131283   15.95%
  86818 27465     1254.4061   922     1371.4484     1152.6431 23086483   15.95%
  86996 27948     1329.3386   758     1371.4484     1152.6431 23371861   15.95%
  87112 27721     1242.9595  1020     1371.4484     1152.6431 23210911   15.95%
Elapsed time = 6454.14 sec. (1554666.19 ticks, tree = 5216.41 MB, solutions = 208)
Nodefile size = 3155.32 MB (2336.87 MB after compression)
  87234 28193     1275.7284   939     1371.4484     1152.6431 23464261   15.95%
Starting limited solution polishing.
  87337 28367     1262.6316   911     1371.4484     1152.7703 23578625   15.95%
  87485 28158     1358.9689   800     1371.4484     1152.7703 23454339   15.95%
  87615 28271     1268.9907   910     1371.4484     1152.8210 23498646   15.94%
  87736 28301     1216.1171   997     1371.4484     1152.8210 23528378   15.94%
  87885 28390     1288.3715   840     1371.4484     1152.9551 23584078   15.93%
  88002 28299     1298.3821   876     1371.4484     1153.0085 23504846   15.93%
  88130 28854     1272.9798   882     1371.4484     1153.0085 23843564   15.93%
  88268 29050     1297.7501   891     1371.4484     1153.0085 23927124   15.93%
  88413 29344     1258.2822   852     1371.4484     1153.0085 24058275   15.93%
Elapsed time = 6653.16 sec. (1593042.18 ticks, tree = 5469.19 MB, solutions = 208)
Nodefile size = 3409.07 MB (2523.20 MB after compression)
  88580 29172     1235.4125   969     1371.4484     1153.0085 23988333   15.93%
  88717 29320     1252.1758   952     1371.4484     1153.0085 24053861   15.93%
  88851 29011        cutoff           1371.4484     1153.3752 23922409   15.90%
  88955 29595     1249.0981   872     1371.4484     1153.3798 24180161   15.90%
  89095 29552     1253.7104   934     1371.4484     1153.3798 24155618   15.90%
  89206 29584     1245.0464   940     1371.4484     1153.3798 24175058   15.90%
  89358 30110     1272.2956   889     1371.4484     1153.5025 24430395   15.89%
  89497 29975     1234.9421  1025     1371.4484     1153.5025 24371839   15.89%
  89663 30272     1294.2856   845     1371.4484     1153.5025 24517540   15.89%
  89832 30366     1320.6287   799     1371.4484     1153.5025 24579696   15.89%
Elapsed time = 6854.91 sec. (1631362.73 ticks, tree = 5694.59 MB, solutions = 208)
Nodefile size = 3634.35 MB (2692.09 MB after compression)
  89994 29947     1359.1971   755     1371.4484     1153.5025 24350291   15.89%
  90109 30116     1221.6248   933     1371.4484     1153.6910 24433548   15.88%
  90251 30469     1237.0546  1014     1371.4484     1153.6910 24637759   15.88%
  90388 30317     1281.8137   860     1371.4484     1153.6910 24553820   15.88%
  90553 30939     1303.6411   838     1371.4484     1153.7217 24856418   15.88%
  90728 30422     1310.6776   880     1371.4484     1154.0302 24608487   15.85%
  90869 30563     1283.8559   876     1371.4484     1154.0302 24685833   15.85%
  91006 31218     1284.1425   862     1371.4484     1154.0302 24986041   15.85%
  91157 31469     1244.4392   962     1371.4484     1154.0302 25153019   15.85%
  91280 31288        cutoff           1371.4484     1154.0302 25042370   15.85%
Elapsed time = 7051.36 sec. (1669668.75 ticks, tree = 5895.61 MB, solutions = 208)
Nodefile size = 3831.79 MB (2840.27 MB after compression)
  91393 31712    infeasible           1371.4484     1154.0302 25264597   15.85%
  91528 31326     1250.1631   980     1371.4484     1154.2737 25087950   15.84%
  91652 31960     1266.3398   896     1371.4484     1154.2737 25391031   15.84%
  91801 32106     1224.5239  1011     1371.4484     1154.3422 25476647   15.83%
  91928 31696     1298.7497   882     1371.4484     1154.3422 25251719   15.83%
  92051 31736     1335.7449   930     1371.4484     1154.3422 25275731   15.83%
  92192 32308     1333.9376   761     1371.4484     1154.3971 25588906   15.83%
  92341 32158     1290.8660   944     1371.4484     1154.3971 25503983   15.83%
  92438 32477     1158.7071   990     1371.4484     1154.3971 25680156   15.83%
  92495 32197     1333.2263   814     1371.4484     1154.3971 25522828   15.83%
Elapsed time = 7224.60 sec. (1708140.10 ticks, tree = 6098.51 MB, solutions = 208)
Nodefile size = 4028.11 MB (2988.19 MB after compression)

GUB cover cuts applied:  36
Clique cuts applied:  20
Cover cuts applied:  29
Implied bound cuts applied:  197
Flow cuts applied:  787
Mixed integer rounding cuts applied:  821
Zero-half cuts applied:  13
Lift and project cuts applied:  66
Gomory fractional cuts applied:  11

Root node processing (before b&c):
  Real time             =   66.75 sec. (35916.74 ticks)
Parallel b&c, 32 threads:
  Real time             = 7158.09 sec. (1683495.34 ticks)
  Sync time (average)   = 3051.80 sec.
  Wait time (average)   =    0.48 sec.
                          ------------
Total (root+branch&cut) = 7224.84 sec. (1719412.09 ticks)
Number of arguments: 2

File path: ../Data/E/E-n101-k8.vrp
Execution time limit: 120
41 1
Any[35] Any[35]
Number of customers: 100
./Result/E-n101-k8/E-n101-k8-Q42-r
Feasible solution found within the time limit!
Total execution time: 7227.445585288 seconds
Total distance traveled: 1371.448411378758
File name: E-n101-k8-Q42-r
Number of customers: 100
Capacity of FEV: 1458
Capacity of Microhub: 400
Capacity of SEV: 42
Number of parkings: 16
Number of microhubs: 10.0
Number of robots/MM: 10
Parking generation rule: r
==========================================================================
x[1,9]=1.0 x[2,3]=1.0 x[3,7]=1.0 x[5,12]=1.0 x[7,1]=1.0 x[9,5]=1.0 x[10,2]=1.0 x[11,14]=1.0 x[12,16]=1.0 x[14,10]=1.0 x[15,11]=1.0 y[15,11]=1.0 x[16,15]=1.0 