Version identifier: 22.1.1.0 | 2022-11-28 | 9160aff4d
CPXPARAM_TimeLimit                               7200
Tried aggregator 1 time.
MIP Presolve eliminated 1114 rows and 908 columns.
MIP Presolve modified 6810 coefficients.
Reduced MIP has 15362 rows, 16339 columns, and 70121 nonzeros.
Reduced MIP has 8282 binaries, 8057 generals, 0 SOSs, and 0 indicators.
Presolve time = 0.07 sec. (45.53 ticks)
Probing time = 0.05 sec. (9.81 ticks)
Cover probing fixed 0 vars, tightened 34 bounds.
Tried aggregator 1 time.
Detecting symmetries...
Reduced MIP has 15362 rows, 16339 columns, and 70121 nonzeros.
Reduced MIP has 8282 binaries, 8057 generals, 0 SOSs, and 0 indicators.
Presolve time = 0.07 sec. (40.49 ticks)
Probing fixed 0 vars, tightened 2 bounds.
Probing time = 0.04 sec. (13.80 ticks)
Cover probing fixed 0 vars, tightened 10 bounds.
Clique table members: 3178.
MIP emphasis: balance optimality and feasibility.
MIP search method: dynamic search.
Parallel mode: deterministic, using up to 32 threads.
Root relaxation solution time = 2.57 sec. (386.55 ticks)

        Nodes                                         Cuts/
   Node  Left     Objective  IInf  Best Integer    Best Bound    ItCnt     Gap

      0     0      784.5478   289                    784.5478       22         
      0     0      851.1071   432                   Cuts: 305     2572         
      0     0      882.9058   534                   Cuts: 264     4962         
      0     0      896.9634   571                   Cuts: 187     6686         
      0     0      909.3813   595                   Cuts: 179     8894         
      0     0      923.3989   618                   Cuts: 186    10854         
Detecting symmetries...
      0     0      931.0738   627                   Cuts: 164    12411         
      0     0      936.1320   644                   Cuts: 135    13467         
      0     0      938.5686   632                   Cuts: 120    14183         
*     0+    0                         5108.7887      938.5686            81.63%
      0     0      941.1154   627     5108.7887     Cuts: 105    14841   81.58%
*     0+    0                         3026.0824      941.1154            68.90%
*     0+    0                         3020.8846      941.1154            68.85%
*     0+    0                         3020.1555      941.1154            68.84%
*     0+    0                         3001.5564      941.1154            68.65%
*     0+    0                         2707.7548      941.1154            65.24%
      0     0  -1.00000e+75     0     2707.7548      941.1154    14841   65.24%
*     0+    0                         2195.5331      941.1154            57.13%
      0     0      942.7199   655     2195.5331      Cuts: 92    15653   57.06%
*     0+    0                         2059.2947      942.7199            54.22%
      0     0      944.7577   665     2059.2947      Cuts: 81    16413   54.12%
      0     0      946.1554   660     2059.2947      Cuts: 87    16883   54.05%
      0     0      946.9455   671     2059.2947      Cuts: 68    17397   54.02%
*     0+    0                         1778.9384      946.9455            46.77%
      0     0      947.4134   655     1778.9384      Cuts: 69    17726   46.74%
*     0+    0                         1753.3793      947.4134            45.97%
      0     0      947.7576   646     1753.3793      Cuts: 77    17982   45.95%
      0     0      948.4406   677     1753.3793      Cuts: 53    18249   45.91%
      0     0      948.8603   682     1753.3793      Cuts: 60    18533   45.88%
      0     0      949.3403   678     1753.3793      Cuts: 61    18904   45.86%
      0     0      949.5540   694     1753.3793      Cuts: 48    19163   45.84%
      0     0      949.7453   689     1753.3793      Cuts: 37    19412   45.83%
      0     0      949.9713   679     1753.3793      Cuts: 47    19614   45.82%
      0     0      950.1803   684     1753.3793      Cuts: 39    19850   45.81%
      0     0      950.3479   666     1753.3793      Cuts: 37    20025   45.80%
*     0+    0                         1752.9227      950.3479            45.78%
Detecting symmetries...
      0     2      950.4553   664     1752.9227      950.8325    20025   45.76%
Elapsed time = 76.52 sec. (32454.30 ticks, tree = 0.02 MB, solutions = 11)
      2     3      950.4810   663     1752.9227      950.8325    20101   45.76%
      3     3      950.6951   677     1752.9227      950.8325    20478   45.76%
      4     4      953.3785   664     1752.9227      950.8325    21051   45.76%
      5     4      954.6788   671     1752.9227      950.8325    21778   45.76%
      8     5      954.0687   670     1752.9227      950.8325    21915   45.76%
      9     8      954.4576   646     1752.9227      953.3785    25478   45.61%
     12     9      955.0211   649     1752.9227      953.7855    26348   45.59%
     17     9      961.6924   635     1752.9227      953.7855    27289   45.59%
     24    13      961.3198   639     1752.9227      953.7855    31689   45.59%
     43    21      963.9962   609     1752.9227      954.4586    42710   45.55%
Elapsed time = 90.44 sec. (36618.50 ticks, tree = 0.02 MB, solutions = 11)
     71    26      985.8319   651     1752.9227      957.4373    51381   45.38%
*   118+   29                         1752.8608      957.4576            45.38%
    118    82      983.5545   631     1752.8608      957.4576   108513   45.38%
    146    24      967.7502   640     1752.8608      957.4576    48771   45.38%
    163   109      988.8025   599     1752.8608      957.4576   136261   45.38%
*   167+   29                         1752.7361      957.4576            45.37%
    203   148      997.4459   607     1752.7361      957.4576   204664   45.37%
    244   149     1056.4161   600     1752.7361      957.4576   202628   45.37%
    278   206     1017.5306   602     1752.7361      957.4576   281502   45.37%
    313   260     1091.1340   570     1752.7361      957.4576   346871   45.37%
    354   290     1141.7754   547     1752.7361      957.4576   383428   45.37%
    382   280     1067.2336   563     1752.7361      957.4576   371474   45.37%
Elapsed time = 133.70 sec. (46424.34 ticks, tree = 2.46 MB, solutions = 13)
    421   315     1103.7187   532     1752.7361      957.4576   421698   45.37%
    464   366     1043.8527   591     1752.7361      957.4576   491207   45.37%
    494   407     1054.8001   600     1752.7361      957.4576   542652   45.37%
    528   452     1212.1091   568     1752.7361      957.4576   600010   45.37%
    560   467     1090.5623   569     1752.7361      957.4576   631192   45.37%
*   597+   31                         1492.6824      957.4576            35.86%
    597   466     1168.1708   528     1492.6824      957.4576   629533   35.86%
*   633+   31                         1490.7430      957.4576            35.77%
    647   558     1274.3059   480     1490.7430      957.4576   742803   35.77%
    714   553     1180.1847   463     1490.7430      957.4576   736432   35.77%
    789   622     1115.2170   550     1490.7430      957.4576   813462   35.77%
    867   621     1169.5599   450     1490.7430      957.4576   811740   35.77%
Elapsed time = 176.32 sec. (56133.16 ticks, tree = 4.91 MB, solutions = 16)
    956   713     1255.8249   459     1490.7430      957.4576   881377   35.77%
   1037   798     1207.4942   440     1490.7430      959.4738   952684   35.64%
   1143   912     1331.4872   303     1490.7430      959.4738  1006624   35.64%
   1245   921     1342.1505   313     1490.7430      959.4738  1008782   35.64%
   1358  1052     1058.3321   441     1490.7430      959.4738  1102710   35.64%
   1467  1161     1057.4119   593     1490.7430      959.4738  1168740   35.64%
   1568  1224     1431.7337   328     1490.7430      959.4738  1212381   35.64%
   1711  1188     1121.2637   527     1490.7430      959.4738  1186757   35.64%
   1868  1225     1382.2660   367     1490.7430      959.4738  1210566   35.64%
   2046  1419     1104.1260   488     1490.7430      959.4738  1338635   35.64%
Elapsed time = 216.95 sec. (65755.84 ticks, tree = 13.66 MB, solutions = 16)
   2177  1691     1380.4163   301     1490.7430      959.4738  1439052   35.64%
   2319  1547     1412.8623   331     1490.7430      959.4738  1392766   35.64%
*  2395+ 1485                         1482.4380      959.4738            35.28%
   2463  1501     1263.5687   360     1482.4380      959.4738  1378364   35.28%
   2555  1799     1117.6371   415     1482.4380      959.4738  1510421   35.28%
   2655  1798     1268.1479   397     1482.4380      959.4738  1518531   35.28%
   2751  2151     1473.9027   320     1482.4380      959.4738  1668425   35.28%
   2856  2132     1239.9427   405     1482.4380      959.4738  1657450   35.28%
   2989  2317     1364.2004   261     1482.4380      959.4738  1807021   35.28%
   3157  2338     1400.9489   216     1482.4380      959.4738  1811330   35.28%
   3357  2336     1360.2938   380     1482.4380      959.4738  1836471   35.28%
Elapsed time = 263.70 sec. (75368.59 ticks, tree = 28.21 MB, solutions = 18)
   3602  2713     1479.2543   165     1482.4380      959.4738  2013580   35.28%
   3817  2843     1198.8028   308     1482.4380      959.4738  2067128   35.28%
   4052  2785     1264.9842   336     1482.4380      959.4738  2043808   35.28%
   4307  2624     1332.8079   465     1482.4380      959.4738  2001199   35.28%
   4561  3315     1350.6551   313     1482.4380      959.4738  2245787   35.28%
   4769  3100     1360.7445   317     1482.4380      959.4738  2155926   35.28%
   5008  3628     1219.0793   266     1482.4380      959.4738  2355720   35.28%
   5289  3731    infeasible           1482.4380      959.4738  2385928   35.28%
   5601  4057     1305.4713   329     1482.4380      959.4738  2480660   35.28%
   5878  3704     1353.5359   253     1482.4380      959.4738  2373856   35.28%
Elapsed time = 304.42 sec. (84927.95 ticks, tree = 53.93 MB, solutions = 18)
   6064  4168     1466.0992   234     1482.4380      959.4738  2502156   35.28%
   6122  4228     1459.6598   202     1482.4380      959.4738  2535335   35.28%

Performing restart 1

Repeating presolve.
Tried aggregator 1 time.
MIP Presolve eliminated 88 rows and 175 columns.
MIP Presolve modified 270 coefficients.
Reduced MIP has 15274 rows, 16164 columns, and 69510 nonzeros.
Reduced MIP has 8195 binaries, 7969 generals, 0 SOSs, and 0 indicators.
Presolve time = 0.05 sec. (31.36 ticks)
Tried aggregator 1 time.
MIP Presolve eliminated 99 rows and 185 columns.
Reduced MIP has 15175 rows, 15979 columns, and 68882 nonzeros.
Reduced MIP has 8109 binaries, 7870 generals, 0 SOSs, and 0 indicators.
Presolve time = 0.06 sec. (31.86 ticks)
Tried aggregator 1 time.
Reduced MIP has 15175 rows, 15979 columns, and 68882 nonzeros.
Reduced MIP has 8109 binaries, 7870 generals, 0 SOSs, and 0 indicators.
Presolve time = 0.08 sec. (40.91 ticks)
Represolve time = 1.31 sec. (432.43 ticks)
   6146     0      979.9699   707     1482.4380     Cuts: 312  2857561   33.89%
*  6146+    0                         1425.4523      979.9699            31.25%
   6146     0      992.6744   736     1425.4523     Cuts: 446  2859175   30.36%
   6146     0     1002.8152   740     1425.4523     Cuts: 291  2860610   29.65%
*  6146+    0                         1425.3842     1002.8152            29.65%
*  6146+    0                         1424.9958     1002.8152            29.63%
   6146     0  -1.00000e+75     0     1424.9958     1002.8152  2860610   29.63%
*  6146+    0                         1424.1392     1002.8152            29.58%
   6146     0     1008.3879   737     1424.1392     Cuts: 369  2862599   29.19%
   6146     0     1011.5370   749     1424.1392     Cuts: 567  2863742   28.97%
   6146     0     1014.7002   755     1424.1392     Cuts: 225  2864693   28.75%
   6146     0     1019.5674   740     1424.1392     Cuts: 284  2866163   28.41%
   6146     0     1022.6036   772     1424.1392     Cuts: 375  2867232   28.19%
   6146     0     1024.7408   777     1424.1392     Cuts: 284  2868266   28.04%
   6146     0     1027.8653   761     1424.1392     Cuts: 177  2869323   27.62%
   6146     0     1033.4365   789     1424.1392     Cuts: 401  2870710   27.43%
   6146     0     1036.5306   833     1424.1392     Cuts: 315  2872054   27.22%
   6146     0     1039.0746   827     1424.1392     Cuts: 264  2872849   27.04%
   6146     0     1040.0082   827     1424.1392     Cuts: 239  2873562   26.97%
   6146     0     1040.6129   834     1424.1392     Cuts: 157  2874108   26.93%
   6146     0     1041.0625   815     1424.1392     Cuts: 271  2874549   26.90%
   6146     0     1041.6443   794     1424.1392     Cuts: 178  2875061   26.86%
   6146     0     1041.9799   830     1424.1392     Cuts: 201  2875478   26.83%
   6146     0     1042.1997   832     1424.1392     Cuts: 152  2875741   26.82%
   6146     0     1042.4289   810     1424.1392      Cuts: 86  2875955   26.80%
   6146     0     1042.5468   817     1424.1392      Cuts: 83  2876103   26.79%
   6146     0     1043.3175   812     1424.1392      Cuts: 50  2876451   26.74%
   6146     0     1043.6813   829     1424.1392      Cuts: 84  2876768   26.71%
   6146     0     1043.7936   819     1424.1392      Cuts: 62  2876963   26.71%
   6146     0     1043.8417   818     1424.1392      Cuts: 60  2877084   26.70%
   6146     0     1043.9035   825     1424.1392      Cuts: 22  2877186   26.70%
   6146     0     1043.9955   816     1424.1392      Cuts: 31  2877303   26.69%
   6146     2     1044.0650   821     1424.1392     1043.9955  2877303   26.69%
   6147     3     1046.5431   815     1424.1392     1046.5455  2878427   26.51%
   6148     4     1048.1065   830     1424.1392     1048.1214  2879307   26.40%
   6149     4     1072.8100   769     1424.1392     1048.1214  2880720   26.40%
   6150     3     1057.3003   726     1424.1392     1048.1214  2880694   26.40%
   6151     5     1054.8511   791     1424.1392     1048.1214  2880758   26.40%
   6152     7     1093.6105   765     1424.1392     1048.1214  2887470   26.40%
   6153     5     1050.8352   800     1424.1392     1049.9960  2880763   26.27%
Elapsed time = 572.35 sec. (232418.31 ticks, tree = 0.02 MB, solutions = 22)
   6154     5     1077.7311   789     1424.1392     1049.9960  2882903   26.27%
   6156     6     1077.2709   789     1424.1392     1049.9960  2882817   26.27%
   6157     6     1063.6210   783     1424.1392     1049.9960  2886774   26.27%
   6158     7     1056.8368   824     1424.1392     1049.9960  2887040   26.27%
   6162     9     1053.4772   837     1424.1392     1053.4772  2891498   26.03%
   6165    10     1082.0321   755     1424.1392     1053.4772  2892281   26.03%
   6166    12     1103.5107   718     1424.1392     1053.4772  2904165   26.03%
   6170    13     1103.5752   689     1424.1392     1053.4772  2907680   26.03%
   6171    10     1089.8433   765     1424.1392     1053.4772  2898070   26.03%
   6172    16     1106.2025   680     1424.1392     1053.4772  2918269   26.03%
Elapsed time = 654.44 sec. (269477.64 ticks, tree = 0.03 MB, solutions = 22)
   6176    11     1081.3735   797     1424.1392     1053.4772  2898782   26.03%
   6180    15     1111.3361   657     1424.1392     1053.4772  2919074   26.03%
   6183     5     1078.1206   760     1424.1392     1053.4772  2883994   26.03%
   6187     8     1097.8589   729     1424.1392     1053.4772  2896661   26.03%
   6195     6     1063.7239   792     1424.1392     1053.4772  2900152   26.03%
   6199    23     1109.9697   720     1424.1392     1053.8190  2962236   26.00%
   6203    11     1081.6290   778     1424.1392     1053.8190  2907261   26.00%
   6209    12     1178.7844   640     1424.1392     1053.8190  2910820   26.00%
   6220    17     1098.0612   725     1424.1392     1053.8190  2930355   26.00%
   6230    13     1082.8241   767     1424.1392     1053.8190  2907237   26.00%
Elapsed time = 704.52 sec. (283358.36 ticks, tree = 0.02 MB, solutions = 22)
   6233    20     1122.7714   642     1424.1392     1053.8190  2956046   26.00%
*  6236+   23                         1409.1787     1053.8190            25.22%
*  6239+   23                         1397.5712     1053.8190            24.60%
*  6243+   23                         1397.4821     1053.8190            24.59%
   6243    21     1156.6100   636     1397.4821     1053.8190  2957059   24.59%
*  6244+   23                         1393.9538     1053.8190            24.40%
*  6247+   23                         1393.4138     1053.8190            24.37%
*  6248+   23                         1392.9573     1053.8190            24.35%
   6256    18     1105.5275   758     1392.9573     1053.8190  2945044   24.35%
*  6275+   26                         1362.4681     1053.9409            22.64%
*  6279+   26                         1362.3393     1053.9409            22.64%
   6279    21     1109.3005   730     1362.3393     1053.9409  2963985   22.64%
*  6280+   26                         1345.9444     1053.9409            21.70%
*  6284+   26                         1344.5099     1053.9409            21.61%
*  6290+   26                         1340.0336     1053.9409            21.35%
*  6294+   26                         1327.4188     1053.9409            20.60%
   6301    46     1109.4900   738     1327.4188     1053.9409  3083103   20.60%
*  6303+   26                         1323.4801     1053.9409            20.37%
*  6313+   26                         1319.5609     1053.9409            20.13%
   6329    40     1126.6892   613     1319.5609     1053.9409  3054821   20.13%
   6356    26     1183.7733   649     1319.5609     1053.9409  2994391   20.13%
   6391    52     1151.8348   614     1319.5609     1053.9409  3095583   20.13%
   6422    59     1184.8189   643     1319.5609     1053.9409  3168784   20.13%
   6540    98     1101.9599   739     1319.5609     1053.9409  3221116   20.13%
Elapsed time = 764.38 sec. (296076.23 ticks, tree = 1.20 MB, solutions = 47)
   6654   179     1148.0132   664     1319.5609     1053.9409  3279824   20.13%
   6907   359     1188.1084   609     1319.5609     1054.8524  3383660   20.06%
   7211   541     1195.5391   675     1319.5609     1054.8524  3434472   20.06%
   7564   531     1181.7163   664     1319.5609     1054.9191  3436279   20.06%
   7938  1009     1262.2852   493     1319.5609     1054.9191  3627579   20.06%
   8358  1245     1220.2400   650     1319.5609     1054.9191  3682992   20.06%
   8790  1582     1295.3423   524     1319.5609     1054.9191  3744992   20.06%
   9387  1707     1255.8849   592     1319.5609     1054.9191  3769623   20.06%
   9864  1773     1179.8530   629     1319.5609     1054.9191  3786706   20.06%
  10534  2323     1182.3916   611     1319.5609     1054.9191  3864621   20.06%
Elapsed time = 968.92 sec. (334324.82 ticks, tree = 173.46 MB, solutions = 71)
  11268  3195     1220.6879   653     1319.5609     1054.9191  4036805   20.06%
  12210  3637     1119.8474   714     1319.5609     1054.9191  4105838   20.06%
  13186  4086     1174.5198   538     1319.5609     1054.9191  4153646   20.06%
  14186  5707     1274.2790   550     1319.5609     1054.9191  4355798   20.06%
  15279  6590     1112.3234   756     1319.5609     1054.9191  4440896   20.06%
  16342  7060     1308.2493   372     1319.5609     1054.9191  4495203   20.06%
  17480  8223     1231.8780   488     1319.5609     1065.3621  4616233   19.26%
  18589  9570     1248.3226   462     1319.5609     1065.3621  4757252   19.26%
  19597 10428     1292.5228   398     1319.5609     1069.6034  4862535   18.94%
  20186 11041     1136.7753   742     1319.5609     1073.0170  4914290   18.68%
Elapsed time = 1181.54 sec. (372508.07 ticks, tree = 1404.86 MB, solutions = 71)
  20999 12071     1085.3240   785     1319.5609     1074.0740  5040687   18.60%
  21907 13034     1128.8465   762     1319.5609     1074.0740  5180633   18.60%
  22806 13681     1311.9303   462     1319.5609     1074.0740  5263627   18.60%
  23892 14471     1238.6571   694     1319.5609     1074.0740  5368368   18.60%
  24738 15070     1192.0819   712     1319.5609     1074.0740  5440750   18.60%
  25567 16162     1200.7786   663     1319.5609     1074.0740  5590263   18.60%
  26433 16704     1214.7489   670     1319.5609     1074.0740  5658474   18.60%
  27296 17183     1184.1781   684     1319.5609     1074.0740  5712308   18.60%
  28154 18585     1197.3024   665     1319.5609     1074.0740  5904574   18.60%
  28853 19162     1240.1553   673     1319.5609     1086.6544  5973598   17.65%
Elapsed time = 1394.07 sec. (410690.94 ticks, tree = 2154.40 MB, solutions = 71)
Nodefile size = 102.32 MB (75.38 MB after compression)
  29724 19406     1279.0310   620     1319.5609     1087.5862  6013764   17.58%
  30507 20712     1189.2269   701     1319.5609     1087.6288  6191378   17.58%
  31315 21211     1191.1561   658     1319.5609     1089.1795  6255981   17.46%
  32304 21918     1163.1628   496     1319.5609     1091.5656  6337435   17.28%
  33085 23181     1318.0267   417     1319.5609     1092.4613  6514977   17.21%
  33892 23525    infeasible           1319.5609     1092.5443  6578782   17.20%
  34566 24613     1148.1204   681     1319.5609     1093.4177  6711148   17.14%
* 35036+24364                         1305.6834     1093.4177            16.26%
* 35059+24364                         1299.5313     1093.4177            15.86%
* 35081+24364                         1298.8927     1096.1192            15.61%
* 35105+24364                         1295.3070     1096.1192            15.38%
* 35127+24364                         1292.7600     1096.1192            15.21%
  35182 25213     1225.3806   553     1292.7600     1096.1192  6816303   15.21%
  35901 25165     1207.5496   711     1292.7600     1096.1192  6806863   15.21%
  36419 23534     1262.2534   557     1292.7600     1096.1192  6904446   15.21%
Elapsed time = 1610.86 sec. (448896.15 ticks, tree = 2517.68 MB, solutions = 76)
Nodefile size = 462.89 MB (346.62 MB after compression)
* 36451+23459                         1291.5339     1096.1192            15.13%
  36879 24058     1201.5378   706     1291.5339     1096.1192  6988774   15.13%
* 37131+24425                         1291.0652     1096.1192            15.10%
* 37150+24114                         1285.5068     1096.1192            14.73%
* 37187+24114                         1281.5435     1096.1192            14.47%
* 37196+24114                         1279.6357     1096.1192            14.34%
* 37220+24114                         1279.1792     1096.1192            14.31%
  37497 24441     1201.6502   520     1279.1792     1096.1192  7087223   14.31%
  38049 24632     1270.0282   679     1279.1792     1100.1866  7115152   13.99%
  38674 23624     1163.8981   726     1279.1792     1100.1866  7217346   13.99%
  39232 24480     1179.8706   670     1279.1792     1100.1866  7365517   13.99%
* 39397+24811                         1278.7105     1100.1866            13.96%
  39834 24950     1197.7704   701     1278.7105     1102.4207  7501741   13.79%
* 40260+24964                         1276.5171     1104.1622            13.50%
* 40267+24964                         1276.0606     1104.1622            13.47%
* 40283+25017                         1263.7737     1104.1622            12.63%
  40435 25026     1174.9783   633     1263.7737     1104.3002  7489863   12.62%
* 40561+23652                         1263.1883     1104.3002            12.58%
* 40581+23652                         1261.1238     1104.3002            12.44%
  41028 23373     1240.0718   630     1261.1238     1104.8883  7665799   12.39%
  41596 23550     1121.2261   799     1261.1238     1104.8883  7714122   12.39%
  42291 24292     1149.8283   753     1261.1238     1104.8883  7857570   12.39%
Elapsed time = 1821.48 sec. (487111.22 ticks, tree = 2538.93 MB, solutions = 91)
Nodefile size = 486.88 MB (370.62 MB after compression)
  43015 25114     1191.8159   542     1261.1238     1104.8883  8005454   12.39%
* 43662+25359                         1259.3485     1104.8883            12.27%
  43770 25725     1207.7287   510     1259.3485     1104.8883  8109735   12.27%
  44518 25681     1146.4570   708     1259.3485     1104.8883  8095538   12.27%
  45188 25913     1204.3445   670     1259.3485     1104.9509  8190702   12.26%
  45965 27311     1175.5285   696     1259.3485     1107.4602  8456825   12.06%
  46731 27416     1142.1686   737     1259.3485     1107.7989  8468110   12.03%
  47422 28463     1165.8866   644     1259.3485     1107.8521  8653703   12.03%
  48102 28222     1226.0271   511     1259.3485     1108.2218  8615321   12.00%
  48789 29320     1197.5610   571     1259.3485     1108.8765  8816871   11.95%
  49406 29873     1141.1416   737     1259.3485     1108.8765  8890666   11.95%
Elapsed time = 2036.16 sec. (525312.10 ticks, tree = 3077.68 MB, solutions = 94)
Nodefile size = 1025.93 MB (783.35 MB after compression)
  49976 29945        cutoff           1259.3485     1109.4532  8901929   11.90%
  50478 31249     1134.2774   735     1259.3485     1110.3280  9158535   11.83%
  51034 31301     1170.6972   614     1259.3485     1110.3280  9164908   11.83%
  51794 31538     1230.7110   500     1259.3485     1111.5332  9224804   11.74%
  52391 32669     1199.1438   707     1259.3485     1111.8853  9459590   11.71%
  53052 32921     1179.2918   700     1259.3485     1112.7433  9513962   11.64%
  53708 32925     1189.1920   759     1259.3485     1112.7433  9524117   11.64%
  54452 34063        cutoff           1259.3485     1112.7990  9741360   11.64%
  55113 34267     1216.8801   577     1259.3485     1113.4564  9782457   11.58%
  55575 34930     1250.4188   527     1259.3485     1113.4564  9908063   11.58%
Elapsed time = 2257.92 sec. (563506.64 ticks, tree = 3596.74 MB, solutions = 94)
Nodefile size = 1542.85 MB (1180.39 MB after compression)
  56083 35099     1224.9811   664     1259.3485     1115.0870  9949036   11.46%
* 56422+35906                         1258.7499     1115.0870            11.41%
* 56533+35952                         1258.7499     1115.0870            11.41%
  56573 35345     1168.6099   678     1258.7499     1115.0870 10002923   11.41%
* 56664+36062                         1258.6573     1115.0870            11.41%
* 56685+36062                         1257.6604     1115.0870            11.34%
* 56796+36062                         1256.5451     1115.2440            11.25%
* 56827+36206                         1254.7569     1115.2440            11.12%
* 56868+36206                         1252.9815     1115.2440            10.99%
  56896 36418     1167.1211   631     1252.9815     1115.2440 10265215   10.99%
* 56906+36206                         1251.4738     1115.2440            10.89%
* 56932+36206                         1251.3812     1115.2440            10.88%
  57278 36371     1156.7674   691     1251.3812     1115.2440 10275782   10.88%
  57827 36403     1250.0786   640     1251.3812     1115.2440 10340569   10.88%
  58442 37177     1247.8397   663     1251.3812     1115.2440 10502422   10.88%
  59117 37300     1200.2085   499     1251.3812     1115.2440 10526928   10.88%
  59491 37341     1238.8511   644     1251.3812     1115.2440 10537651   10.88%

Performing restart 2

Repeating presolve.
Tried aggregator 1 time.
MIP Presolve eliminated 1278 rows and 1345 columns.
MIP Presolve modified 407 coefficients.
Reduced MIP has 13897 rows, 14634 columns, and 64791 nonzeros.
Reduced MIP has 8042 binaries, 6592 generals, 0 SOSs, and 0 indicators.
Presolve time = 0.05 sec. (30.89 ticks)
Tried aggregator 1 time.
MIP Presolve eliminated 257 rows and 509 columns.
Reduced MIP has 13640 rows, 14125 columns, and 63017 nonzeros.
Reduced MIP has 7790 binaries, 6335 generals, 0 SOSs, and 0 indicators.
Presolve time = 0.05 sec. (29.68 ticks)
Tried aggregator 1 time.
Reduced MIP has 13640 rows, 14125 columns, and 63017 nonzeros.
Reduced MIP has 7790 binaries, 6335 generals, 0 SOSs, and 0 indicators.
Presolve time = 0.07 sec. (37.53 ticks)
Represolve time = 2.35 sec. (791.14 ticks)
  59538     0     1050.6877   782     1251.3812     Cuts: 247 10841502   10.88%
  59538     0     1051.3762   750     1251.3812     Cuts: 137 10841832   10.88%
  59538     0     1051.9074   755     1251.3812     Cuts: 143 10842271   10.88%
  59538     0     1052.2724   768     1251.3812     Cuts: 125 10842559   10.88%
  59538     0     1052.6032   758     1251.3812      Cuts: 42 10842858   10.88%
  59538     0     1053.0240   810     1251.3812     Cuts: 257 10843189   10.88%
  59538     0     1053.6907   773     1251.3812      Cuts: 55 10843547   10.88%
  59538     0     1053.8651   824     1251.3812     Cuts: 118 10843797   10.88%
  59538     0     1053.9968   803     1251.3812      Cuts: 76 10843979   10.88%
  59538     0     1056.2386   804     1251.3812      Cuts: 54 10844622   10.88%
  59538     2     1056.2788   726     1251.3812     1115.2440 10844622   10.88%
  59539     3     1068.4671   726     1251.3812     1115.2440 10848709   10.88%
Elapsed time = 2551.96 sec. (661708.32 ticks, tree = 0.02 MB, solutions = 114)
  59542     5     1062.0041   715     1251.3812     1115.2440 10851657   10.88%
  59545     4     1091.4649   628     1251.3812     1115.2440 10850826   10.88%
  59549     9     1159.3939   628     1251.3812     1115.2440 10861262   10.88%
  59554     6     1063.1266   731     1251.3812     1115.2440 10853516   10.88%
  59564    14     1162.9317   623     1251.3812     1115.2440 10874206   10.88%
  59580    21     1135.3064   683     1251.3812     1115.2440 10888981   10.88%
  59635    43     1136.9954   698     1251.3812     1115.2440 10935325   10.88%
  59853    71     1156.4420   695     1251.3812     1115.2440 10971943   10.88%
  60104   282     1187.3848   626     1251.3812     1115.2440 11043527   10.88%
  60370   490     1230.1113   596     1251.3812     1115.2440 11104821   10.88%
Elapsed time = 2688.12 sec. (705512.08 ticks, tree = 31.02 MB, solutions = 114)
  60540   677     1213.3267   593     1251.3812     1115.2440 11180274   10.88%
  60767   855     1192.9007   619     1251.3812     1115.2440 11310383   10.88%
* 60897+   29                         1249.7857     1115.2440            10.77%
  61017   893     1197.8321   699     1249.7857     1115.2440 11333908   10.77%
  61260  1141     1236.5996   437     1249.7857     1115.2440 11455747   10.77%
  61547  1462     1154.1618   678     1249.7857     1115.2440 11612739   10.77%
  61971  1606     1204.7663   698     1249.7857     1115.2440 11667002   10.77%
  62324  1567     1184.2784   651     1249.7857     1115.2440 11657718   10.77%
  62705  1977     1239.4845   572     1249.7857     1115.2440 11783024   10.77%
  63014  2432     1236.2102   493     1249.7857     1115.2440 11962667   10.77%
  63326  2463     1236.2211   670     1249.7857     1115.2440 11974055   10.77%
Elapsed time = 2887.32 sec. (743754.80 ticks, tree = 193.49 MB, solutions = 115)
  63684  2859     1132.9499   775     1249.7857     1115.2440 12159906   10.77%
  64091  3068     1195.2108   733     1249.7857     1115.2440 12221863   10.77%
  64458  3644        cutoff           1249.7857     1115.2440 12398920   10.77%
  64868  3799     1184.9345   732     1249.7857     1115.2440 12453399   10.77%
  65308  4318     1210.4966   616     1249.7857     1115.2440 12618667   10.77%
  65717  4656     1204.1466   646     1249.7857     1115.2440 12713364   10.77%
  66120  4975     1220.5492   621     1249.7857     1115.2440 12805215   10.77%
  66448  5078     1157.7694   694     1249.7857     1115.2440 12837916   10.77%
  66815  5641     1170.1523   650     1249.7857     1115.2440 13019435   10.77%
  67161  5674     1205.9530   467     1249.7857     1115.2440 13023014   10.77%
Elapsed time = 3089.41 sec. (782015.16 ticks, tree = 493.14 MB, solutions = 115)
  67622  5916     1194.1825   555     1249.7857     1115.2440 13098828   10.77%
  68046  6487     1201.2089   570     1249.7857     1115.2440 13305312   10.77%
  68526  6683     1173.2599   722     1249.7857     1115.2440 13376952   10.77%
  68888  7358     1239.2461   658     1249.7857     1115.2440 13560810   10.77%
  69404  7545     1204.5336   680     1249.7857     1115.4266 13636094   10.75%
  69717  8005     1131.5225   699     1249.7857     1115.4266 13784720   10.75%
  70068  8180     1144.2168   647     1249.7857     1115.4266 13836452   10.75%
  70525  8382        cutoff           1249.7857     1115.4266 13928991   10.75%
  70922  9013     1203.1283   700     1249.7857     1116.8401 14129369   10.64%
  71324  9420     1191.4530   722     1249.7857     1117.0421 14243598   10.62%
Elapsed time = 3291.72 sec. (820240.24 ticks, tree = 817.75 MB, solutions = 115)
  71769  9519     1203.9620   592     1249.7857     1117.8360 14305076   10.56%
  72156  9544     1246.9102   494     1249.7857     1118.9918 14309125   10.47%
  72460 10197     1189.8833   630     1249.7857     1119.2734 14510188   10.44%
  72829 10584     1174.2453   618     1249.7857     1119.2734 14669916   10.44%
  73160 10682     1147.7439   729     1249.7857     1119.2734 14697697   10.44%
  73513 11058     1169.2161   674     1249.7857     1119.8476 14870046   10.40%
  73897 11440     1230.5707   617     1249.7857     1120.3316 15037705   10.36%
  74344 11572     1205.2567   677     1249.7857     1120.3316 15072340   10.36%
  74716 11971     1228.7480   534     1249.7857     1121.5721 15232117   10.26%
  75236 12197     1225.8722   568     1249.7857     1121.6923 15310587   10.25%
Elapsed time = 3493.89 sec. (858511.47 ticks, tree = 1056.76 MB, solutions = 115)
  75671 12711     1246.8871   560     1249.7857     1121.9004 15458194   10.23%
  76056 12630     1245.8992   638     1249.7857     1122.5476 15443035   10.18%
  76476 13346     1239.7697   589     1249.7857     1122.5476 15630290   10.18%
  76865 13478     1158.1950   725     1249.7857     1122.5476 15679667   10.18%
  77265 13986     1196.6189   547     1249.7857     1122.5476 15858517   10.18%
  77721 14546     1249.7790   493     1249.7857     1122.5476 16044862   10.18%
  78176 14674     1230.6230   684     1249.7857     1122.8837 16082162   10.15%
  78606 14951     1241.5073   639     1249.7857     1125.7159 16161357    9.93%
  78950 15568     1239.3354   610     1249.7857     1125.8957 16341417    9.91%
  79370 15805     1204.0689   692     1249.7857     1126.3913 16442733    9.87%
Elapsed time = 3696.53 sec. (896777.13 ticks, tree = 1400.04 MB, solutions = 115)
  79912 16218     1148.8379   695     1249.7857     1126.7468 16579999    9.84%
  80360 15996     1164.9105   640     1249.7857     1126.7468 16506540    9.84%
  80794 16546     1233.5949   514     1249.7857     1126.7468 16670544    9.84%
  81137 17228     1156.1275   722     1249.7857     1126.8179 16892203    9.84%
  81562 17455     1186.3097   673     1249.7857     1126.8179 16971099    9.84%
  81950 17520     1212.1268   686     1249.7857     1127.6194 16991858    9.77%
  82422 18055     1214.7061   575     1249.7857     1127.9061 17182104    9.75%
  82972 18429     1223.1615   496     1249.7857     1128.5474 17293148    9.70%
  83441 18444     1244.3614   471     1249.7857     1128.5474 17302567    9.70%
  83815 18782     1217.1489   544     1249.7857     1129.1209 17399353    9.65%
Elapsed time = 3900.61 sec. (935030.78 ticks, tree = 1639.61 MB, solutions = 115)
  84185 19747        cutoff           1249.7857     1129.2949 17691852    9.64%
  84543 19394     1199.9628   679     1249.7857     1129.5460 17575987    9.62%
  84865 20138        cutoff           1249.7857     1129.6372 17856484    9.61%
  85265 20155     1236.8029   532     1249.7857     1129.6372 17868853    9.61%
  85645 20677     1225.4541   638     1249.7857     1129.6372 18080061    9.61%
  85993 21043     1227.6419   554     1249.7857     1129.6372 18255088    9.61%
  86427 20882     1222.9983   562     1249.7857     1129.6372 18181087    9.61%
  86765 21142     1183.4822   735     1249.7857     1131.0175 18299126    9.50%
  87147 21637     1191.5386   575     1249.7857     1131.0543 18450471    9.50%
  87556 21789     1226.8041   520     1249.7857     1131.3673 18501948    9.48%
Elapsed time = 4105.71 sec. (973278.50 ticks, tree = 1909.55 MB, solutions = 115)
  87952 22594     1239.7426   660     1249.7857     1131.5372 18794080    9.46%
  88236 22616     1168.8614   701     1249.7857     1131.5373 18805200    9.46%
  88575 22898     1233.8247   700     1249.7857     1132.1938 18926823    9.41%
  88958 22916     1233.1126   630     1249.7857     1132.3378 18939909    9.40%
  89386 23147     1184.2490   749     1249.7857     1132.3378 19061628    9.40%
* 89470+23355                         1249.1391     1132.5999             9.33%
  89800 23901     1229.3846   475     1249.1391     1132.5999 19346660    9.33%
  90226 24050     1195.4834   665     1249.1391     1132.7004 19410660    9.32%
  90591 24246     1209.6975   750     1249.1391     1133.2041 19503361    9.28%
* 90730+24177                         1248.6703     1133.3530             9.24%
  91002 24862     1219.0774   547     1248.6703     1133.3664 19682308    9.23%
  91391 24999     1171.3538   663     1248.6703     1133.3664 19768160    9.23%
Elapsed time = 4313.47 sec. (1011493.87 ticks, tree = 2213.93 MB, solutions = 117)
Nodefile size = 162.53 MB (121.85 MB after compression)
  91751 25227     1233.5787   572     1248.6703     1133.5344 19841896    9.22%
  92148 25562     1242.9680   575     1248.6703     1134.0003 19963671    9.18%
  92506 25790     1162.1431   704     1248.6703     1134.0086 20045489    9.18%
  92778 25734     1209.3422   662     1248.6703     1134.0086 20035889    9.18%
  93154 26020     1200.4894   527     1248.6703     1134.1218 20137419    9.17%
  93455 26545     1217.5537   486     1248.6703     1134.3690 20368202    9.15%
  93845 26776     1223.7673   533     1248.6703     1134.5811 20489512    9.14%
  94293 27024     1247.5337   410     1248.6703     1135.1097 20599773    9.09%
  94666 27539     1158.5161   653     1248.6703     1135.1097 20827118    9.09%
  95155 27160        cutoff           1248.6703     1135.1097 20701132    9.09%
Elapsed time = 4521.83 sec. (1049691.51 ticks, tree = 2388.92 MB, solutions = 122)
Nodefile size = 335.55 MB (252.93 MB after compression)
  95560 27513     1217.8215   672     1248.6703     1135.1751 20817084    9.09%
  95909 28535     1236.9067   620     1248.6703     1135.4010 21167961    9.07%
  96251 28723     1220.5658   535     1248.6703     1135.5396 21246438    9.06%
  96571 29091     1190.2857   675     1248.6703     1136.0215 21413491    9.02%
  96860 29257     1166.7915   721     1248.6703     1136.0215 21511542    9.02%
  97173 29121     1218.1370   592     1248.6703     1136.0215 21441398    9.02%
  97525 29534     1234.5354   540     1248.6703     1136.2068 21644051    9.01%
  97890 29597        cutoff           1248.6703     1136.7275 21679948    8.96%
  98247 30101     1216.5320   656     1248.6703     1137.0288 21922719    8.94%
  98608 29852     1216.4215   689     1248.6703     1137.0288 21842634    8.94%
Elapsed time = 4731.54 sec. (1087975.17 ticks, tree = 2614.85 MB, solutions = 122)
Nodefile size = 562.59 MB (426.21 MB after compression)
  98951 30166        cutoff           1248.6703     1137.0288 21939394    8.94%
  99333 30717     1209.1558   458     1248.6703     1137.0288 22181874    8.94%
  99737 31364     1204.9676   682     1248.6703     1138.0664 22470788    8.86%
 100094 31234     1148.2112   761     1248.6703     1138.3067 22410066    8.84%
 100438 31781        cutoff           1248.6703     1138.4122 22632694    8.83%
 100788 32034     1230.4811   549     1248.6703     1138.6392 22728746    8.81%
 101130 31678     1187.1537   579     1248.6703     1138.7993 22598296    8.80%
 101430 31885     1194.3108   716     1248.6703     1138.8211 22681866    8.80%
 101820 32411     1243.0667   463     1248.6703     1138.8211 22880509    8.80%
 102217 32593     1226.8534   668     1248.6703     1139.2713 22981196    8.76%
Elapsed time = 4937.19 sec. (1126272.02 ticks, tree = 2889.56 MB, solutions = 122)
Nodefile size = 837.63 MB (637.64 MB after compression)
 102661 32768        cutoff           1248.6703     1139.2713 23064597    8.76%
 103146 33669     1208.5165   562     1248.6703     1139.3265 23449869    8.76%
 103596 33516     1241.6528   512     1248.6703     1139.6233 23393414    8.73%
 103984 33835     1230.9278   521     1248.6703     1139.9603 23490821    8.71%
 104369 34040     1178.0697   660     1248.6703     1139.9603 23570942    8.71%
 104707 34756     1230.3293   608     1248.6703     1139.9603 23791154    8.71%
 105076 34679     1221.9296   604     1248.6703     1139.9603 23775169    8.71%
 105477 35079     1221.1153   569     1248.6703     1140.3447 23928485    8.68%
 105861 35000     1246.6458   716     1248.6703     1140.3447 23886471    8.68%
 106200 36078     1246.4438   596     1248.6703     1140.8039 24320398    8.64%
Elapsed time = 5139.76 sec. (1164491.76 ticks, tree = 3235.77 MB, solutions = 122)
Nodefile size = 1183.57 MB (903.19 MB after compression)
 106524 36493     1229.7318   670     1248.6703     1140.8039 24520910    8.64%
 106829 36492        cutoff           1248.6703     1140.8039 24524893    8.64%
 107126 36250     1211.6151   638     1248.6703     1141.0869 24416464    8.62%
 107474 36713     1222.1596   688     1248.6703     1141.5127 24645254    8.58%
 107789 37166     1241.5716   671     1248.6703     1141.6776 24812401    8.57%
 108155 37540     1227.7159   690     1248.6703     1141.7858 25062693    8.56%
 108501 37365     1179.4491   688     1248.6703     1142.0102 24958094    8.54%
 108773 37571        cutoff           1248.6703     1142.1907 25093408    8.53%
 109111 37617     1247.1646   616     1248.6703     1142.3419 25129202    8.52%
 109429 37722        cutoff           1248.6703     1142.4656 25196020    8.51%
Elapsed time = 5332.71 sec. (1202718.65 ticks, tree = 3306.26 MB, solutions = 122)
Nodefile size = 1251.97 MB (953.64 MB after compression)
 109806 38771     1216.9869   688     1248.6703     1142.6832 25671663    8.49%
 110208 38607        cutoff           1248.6703     1142.9383 25599205    8.47%
 110556 39210     1236.5275   624     1248.6703     1143.1069 25841394    8.45%
 110839 38804     1217.8115   638     1248.6703     1143.2355 25694620    8.44%
 111177 39748     1221.0332   720     1248.6703     1143.4191 26118469    8.43%
 111469 39621        cutoff           1248.6703     1143.6291 26036599    8.41%
 111758 40093     1168.7508   699     1248.6703     1143.7235 26303485    8.40%
 112076 40120     1239.1491   651     1248.6703     1143.9890 26332429    8.38%
 112517 40482     1211.0091   611     1248.6703     1144.1157 26566701    8.37%
 112854 40482     1238.8958   614     1248.6703     1144.1157 26541680    8.37%
Elapsed time = 5533.10 sec. (1241015.29 ticks, tree = 3534.29 MB, solutions = 122)
Nodefile size = 1480.30 MB (1127.24 MB after compression)
 113192 40438     1244.4357   647     1248.6703     1144.1922 26519566    8.37%
 113523 40738     1245.9698   619     1248.6703     1144.1922 26685711    8.37%
 113938 40873     1243.4405   624     1248.6703     1144.7425 26741250    8.32%
 114330 41657        cutoff           1248.6703     1144.8972 27080331    8.31%
 114646 41506     1194.9241   563     1248.6703     1144.9544 27004624    8.31%
 115034 42242     1219.4498   666     1248.6703     1145.1526 27335612    8.29%
 115434 41989        cutoff           1248.6703     1145.3421 27234860    8.28%
 115757 42118     1173.0642   519     1248.6703     1145.4592 27265271    8.27%
 116092 43177        cutoff           1248.6703     1145.6397 27743915    8.25%
 116455 42911     1236.7115   457     1248.6703     1145.8378 27596541    8.24%
Elapsed time = 5730.83 sec. (1279300.75 ticks, tree = 3813.63 MB, solutions = 122)
Nodefile size = 1759.53 MB (1343.16 MB after compression)
 116797 43246     1236.6332   545     1248.6703     1146.0474 27764597    8.22%
 117064 43707     1171.4446   686     1248.6703     1146.1896 28013929    8.21%
 117389 43629     1226.1961   671     1248.6703     1146.1922 27942584    8.21%
 117711 44003     1192.6071   689     1248.6703     1146.1922 28180009    8.21%
 118028 44395     1238.6074   610     1248.6703     1146.1922 28373787    8.21%
 118413 44166        cutoff           1248.6703     1146.8230 28257808    8.16%
 118841 44565        cutoff           1248.6703     1146.8230 28479474    8.16%
 119133 44585     1239.4616   661     1248.6703     1146.8230 28498076    8.16%
 119459 44723     1229.7188   582     1248.6703     1147.3398 28553751    8.12%
 119761 45223     1225.3188   653     1248.6703     1147.3398 28744286    8.12%
Elapsed time = 5926.17 sec. (1317524.32 ticks, tree = 3965.37 MB, solutions = 122)
Nodefile size = 1908.19 MB (1455.35 MB after compression)
 120123 45891     1235.5547   611     1248.6703     1147.5366 29065420    8.10%
 120451 45860     1178.6632   508     1248.6703     1147.9376 29053411    8.07%
 120817 46389     1226.8158   595     1248.6703     1148.0040 29301832    8.06%
 121112 45793    infeasible           1248.6703     1148.0805 29023199    8.06%
 121461 46649     1192.4082   682     1248.6703     1148.1922 29440629    8.05%
 121833 46895     1220.8485   635     1248.6703     1148.4505 29515877    8.03%
 122155 46603     1240.9829   574     1248.6703     1148.4505 29417265    8.03%
 122464 47454     1233.9210   533     1248.6703     1148.4505 29789628    8.03%
 122707 46900     1192.1896   681     1248.6703     1148.4505 29531313    8.03%
 122980 47701        cutoff           1248.6703     1148.4505 29917337    8.03%
Elapsed time = 6118.87 sec. (1355732.44 ticks, tree = 4240.17 MB, solutions = 122)
Nodefile size = 2188.21 MB (1672.69 MB after compression)
 123274 47396     1215.5032   678     1248.6703     1148.4505 29769280    8.03%
 123547 47889     1195.5818   642     1248.6703     1148.4505 30017788    8.03%
 123843 48346     1191.8695   617     1248.6703     1148.7670 30261707    8.00%
 124213 48242        cutoff           1248.6703     1149.0255 30195892    7.98%
 124535 48707     1171.0778   772     1248.6703     1149.0255 30443969    7.98%
 124905 49186     1215.0768   781     1248.6703     1149.4339 30730993    7.95%
 125235 49271     1246.8218   608     1248.6703     1149.6106 30757177    7.93%
 125587 49405     1207.1236   589     1248.6703     1149.6646 30833644    7.93%
 126000 49840     1229.8264   555     1248.6703     1149.6646 31019013    7.93%
 126329 49626        cutoff           1248.6703     1149.6646 30943506    7.93%
Elapsed time = 6317.63 sec. (1393972.64 ticks, tree = 4343.95 MB, solutions = 122)
Nodefile size = 2289.60 MB (1748.17 MB after compression)
 126620 49852     1248.2483   605     1248.6703     1149.6646 31010363    7.93%
 126864 50468     1246.7010   586     1248.6703     1149.6646 31297967    7.93%
 127159 50020     1229.0823   615     1248.6703     1150.0452 31073741    7.90%
 127460 50783        cutoff           1248.6703     1150.4930 31456826    7.86%
 127752 51218        cutoff           1248.6703     1150.6282 31664448    7.85%
 128013 50634     1198.2999   641     1248.6703     1150.8743 31354243    7.83%
 128247 51488     1175.7397   683     1248.6703     1150.9216 31811831    7.83%
 128513 51211     1186.2611   695     1248.6703     1151.0776 31657683    7.82%
 128774 51561     1238.0830   644     1248.6703     1151.0776 31850049    7.82%
Starting limited solution polishing.
 129117 51619     1244.7026   626     1248.6703     1151.2426 31879109    7.80%
Elapsed time = 6510.15 sec. (1432206.55 ticks, tree = 4609.01 MB, solutions = 122)
Nodefile size = 2555.27 MB (1956.67 MB after compression)
 129477 51793        cutoff           1248.6703     1151.2426 31949063    7.80%
 129832 52082     1248.3335   340     1248.6703     1151.2426 32106182    7.80%
 130139 52026     1214.0660   608     1248.6703     1151.2426 32167276    7.80%
 130448 52459     1211.4421   706     1248.6703     1151.8471 32485777    7.75%
 130739 52216     1182.2112   593     1248.6703     1151.8471 32292268    7.75%
 131063 53249     1209.8077   546     1248.6703     1151.8471 32821665    7.75%
 131414 53528     1240.4541   646     1248.6703     1152.1006 32936585    7.73%
 131761 53588     1158.5937   721     1248.6703     1152.2789 32968213    7.72%
 132084 53303     1244.4271   601     1248.6703     1152.3706 32848761    7.71%
 132393 54127     1232.9246   546     1248.6703     1152.4070 33220310    7.71%
Elapsed time = 6706.52 sec. (1470561.67 ticks, tree = 4777.93 MB, solutions = 122)
Nodefile size = 2720.38 MB (2081.58 MB after compression)
 132723 54186     1172.9871   697     1248.6703     1152.4070 33257594    7.71%
 132969 54079     1232.0179   631     1248.6703     1152.4413 33196414    7.71%
 133280 54949     1223.8014   489     1248.6703     1152.4413 33671864    7.71%
 133611 55022     1242.8066   441     1248.6703     1152.4413 33675869    7.71%
 133915 55203     1243.0932   565     1248.6703     1152.4413 33751946    7.71%
 134279 55423     1180.8565   734     1248.6703     1152.8118 33856388    7.68%
 134604 55182     1184.7800   691     1248.6703     1153.0968 33738002    7.65%
 134876 55208     1235.5528   480     1248.6703     1153.0968 33739334    7.65%
 135088 55456     1245.4857   685     1248.6703     1153.2220 33867994    7.64%
 135278 55630     1194.0450   664     1248.6703     1153.2220 33952211    7.64%
Elapsed time = 6906.96 sec. (1508956.32 ticks, tree = 4969.14 MB, solutions = 122)
Nodefile size = 2915.45 MB (2234.90 MB after compression)
*135300+55521                         1245.7611     1153.2220             7.43%
 135479 55938     1211.8925   653     1245.7611     1153.2220 34093203    7.43%
 135648 55845     1242.5395   531     1245.7611     1153.3113 34068986    7.42%
 135891 56198     1227.1210   695     1245.7611     1153.4773 34204742    7.41%
 136093 56330     1244.2246   678     1245.7611     1153.4773 34560205    7.41%
 136299 56467     1198.7982   722     1245.7611     1153.4773 34665747    7.41%
 136573 56760     1225.2462   488     1245.7611     1153.5824 34815961    7.40%
 136843 56789     1233.9342   630     1245.7611     1153.5824 34874493    7.40%
 137113 56591     1215.3212   630     1245.7611     1153.7451 34733184    7.39%
 137330 56819     1240.2623   412     1245.7611     1153.7451 34819664    7.39%
 137629 56791        cutoff           1245.7611     1154.1404 34885341    7.35%
Elapsed time = 7092.55 sec. (1547269.09 ticks, tree = 5045.96 MB, solutions = 123)
Nodefile size = 2990.26 MB (2293.27 MB after compression)
 137969 57256     1226.9668   437     1245.7611     1154.1404 35144724    7.35%
 138333 57022        cutoff           1245.7611     1154.1404 35066983    7.35%
 138674 57879     1216.1999   599     1245.7611     1154.1404 35467324    7.35%
 138948 57182     1235.1399   613     1245.7611     1154.1404 35145566    7.35%
 139267 58323     1226.0853   705     1245.7611     1154.4326 35633869    7.33%
 139580 57760     1244.5580   581     1245.7611     1154.5490 35445893    7.32%
 139720 57740     1235.2392   460     1245.7611     1154.5490 35416682    7.32%
 139759 57007     1210.6397   697     1245.7611     1154.5490 35049478    7.32%

GUB cover cuts applied:  42
Clique cuts applied:  22
Cover cuts applied:  63
Implied bound cuts applied:  593
Flow cuts applied:  515
Mixed integer rounding cuts applied:  550
Zero-half cuts applied:  44
Lift and project cuts applied:  95
Gomory fractional cuts applied:  9

Root node processing (before b&c):
  Real time             =   73.04 sec. (32230.32 ticks)
Parallel b&c, 32 threads:
  Real time             = 7138.27 sec. (1551461.86 ticks)
  Sync time (average)   = 2013.30 sec.
  Wait time (average)   =    0.56 sec.
                          ------------
Total (root+branch&cut) = 7211.31 sec. (1583692.18 ticks)
Number of arguments: 2

File path: ../Data/E/E-n76-k7.vrp
Execution time limit: 120
37 1
Any[40] Any[40]
Number of customers: 75
./Result/E-n76-k7/E-n76-k7-Q38-r
Feasible solution found within the time limit!
Total execution time: 7213.627098457 seconds
Total distance traveled: 1245.7610977441846
File name: E-n76-k7-Q38-r
Number of customers: 75
Capacity of FEV: 1364
Capacity of Microhub: 440
Capacity of SEV: 38
Number of parkings: 16
Number of microhubs: 10.0
Number of robots/MM: 10
Parking generation rule: r
==========================================================================
x[1,11]=1.0 x[2,6]=1.0 x[3,2]=1.0 x[4,7]=1.0 x[5,4]=1.0 y[5,4]=1.0 x[6,10]=1.0 y[6,10]=1.0 x[7,3]=1.0 x[9,5]=1.0 x[10,1]=1.0 x[11,15]=1.0 x[13,9]=1.0 x[15,17]=1.0 x[17,13]=1.0 