Version identifier: 22.1.1.0 | 2022-11-28 | 9160aff4d
CPXPARAM_TimeLimit                               12000
Tried aggregator 1 time.
MIP Presolve eliminated 15739 rows and 10305 columns.
MIP Presolve modified 27694 coefficients.
Reduced MIP has 17829 rows, 22447 columns, and 86293 nonzeros.
Reduced MIP has 11357 binaries, 11090 generals, 0 SOSs, and 0 indicators.
Presolve time = 0.16 sec. (80.36 ticks)
Probing fixed 349 vars, tightened 131 bounds.
Probing changed sense of 32 constraints.
Probing time = 0.72 sec. (144.50 ticks)
Tried aggregator 1 time.
Detecting symmetries...
MIP Presolve eliminated 477 rows and 480 columns.
MIP Presolve modified 99 coefficients.
Reduced MIP has 17352 rows, 21967 columns, and 83444 nonzeros.
Reduced MIP has 11008 binaries, 10959 generals, 0 SOSs, and 0 indicators.
Presolve time = 0.10 sec. (53.05 ticks)
Probing time = 0.11 sec. (13.05 ticks)
Clique table members: 63256.
MIP emphasis: balance optimality and feasibility.
MIP search method: dynamic search.
Parallel mode: deterministic, using up to 32 threads.
Root relaxation solution time = 4.31 sec. (575.27 ticks)

        Nodes                                         Cuts/
   Node  Left     Objective  IInf  Best Integer    Best Bound    ItCnt     Gap

      0     0      772.7945   346                    772.7945       27         
      0     0      799.0650   559                   Cuts: 845     2674         
      0     0      855.4239   663                   Cuts: 550     7463         
      0     0      887.8543   734                   Cuts: 708    10545         
      0     0      898.2287   756                   Cuts: 420    11974         
      0     0      902.8416   803                   Cuts: 361    12924         
Detecting symmetries...
      0     0      904.6941   810                   Cuts: 280    13746         
      0     0      906.4766   814                   Cuts: 153    14226         
      0     0      908.3807   810                   Cuts: 115    14764         
      0     0      909.0714   813                    Cuts: 49    15083         
      0     0      910.4608   799                    Cuts: 63    15455         
      0     0      910.6514   815                    Cuts: 63    15638         
      0     0      910.8753   831                    Cuts: 46    15836         
      0     0      911.1106   837                    Cuts: 30    15984         
      0     0      911.2524   839                    Cuts: 19    16150         
      0     0      911.3198   838                    Cuts: 28    16265         
      0     0      911.3524   823                    Cuts: 12    16363         
Detecting symmetries...
      0     2      914.7339   767                    925.1958    17681         
Elapsed time = 67.13 sec. (34873.96 ticks, tree = 0.02 MB, solutions = 0)
      1     3      918.2877   779                    925.1958    18499         
      2     3      967.9387   716                    925.1958    21300         
      4     3      931.7752   776                    925.1958    20192         
      5     4      939.1059   766                    925.1958    20728         
      6     5      939.2350   765                    925.1958    26585         
      7     5      975.3003   733                    925.1958    23313         
     10     5    infeasible                          925.1958    30928         
     12     6      959.7649   747                    925.1958    31152         
     14     7      980.3590   727                    925.1958    31662         
     25     8      927.1922   810                    925.1958    33061         
Elapsed time = 80.71 sec. (42019.82 ticks, tree = 0.02 MB, solutions = 0)
     37    12      964.0287   749                    927.1945    73112         
     49    14      947.7467   768                    927.7450    88217         
     73    20    infeasible                          929.6638   112337         
     86    19    infeasible                          930.8849   110689         
     91    16    infeasible                          933.0779   129954         
     96    18     1082.0795   590                    939.2375   105229         
    104    18      957.5217   838                    939.2375   124778         
    113    16    infeasible                          939.2489   158116         
    119    18      967.4358   857                    939.2489   166527         
    122    17    infeasible                          939.2489   192044         
Elapsed time = 121.44 sec. (52584.54 ticks, tree = 0.02 MB, solutions = 0)
    140    25      980.1066   856                    941.8613   236384         
    157    27     1005.0475   822                    957.5496   252315         
    178    39     1135.0227   550                    970.1654   276193         
    200    25     1095.9127   642                    970.1654   240521         
    221    86    infeasible                          970.1654   407805         
    243    75      996.7954   901                    970.1654   368654         
    255    81      987.3898   939                    970.1654   386800         
    274   102     1514.8096   460                    974.5934   477702         
    307   119     1557.5080   415                    974.5934   479972         
    364    70      990.3027   881                    974.5934   358752         
Elapsed time = 173.37 sec. (62557.20 ticks, tree = 1.49 MB, solutions = 0)
    392   155    infeasible                          974.5934   537182         
    419   175      996.5611   918                    974.5934   613102         
    440   172    infeasible                          974.5934   603102         
    455   166     1010.8381   908                    974.5934   588072         
    468   189      998.0226   948                    974.5934   696068         
    481   169    infeasible                          974.5934   603141         
    496   193     1037.1611   818                    974.5934   704146         
    509   195      993.4018   961                    974.5934   754630         
    524   194     1004.3222   904                    974.5934   775992         
    533   194    infeasible                          974.5934   821456         
Elapsed time = 227.77 sec. (72660.83 ticks, tree = 1.87 MB, solutions = 0)
    561   196     1239.9251   570                    974.5934   788147         
    570   203      998.4491   901                    974.5934   924201         
    593   208     1330.3405   460                    974.5934   994747         
    623   204    infeasible                          974.5934  1011311         
    639   201    infeasible                          974.5934   981008         
    647   204     1100.9473   775                    974.5934   984521         
    661   221    infeasible                          974.5934  1113095         
    678   223    infeasible                          974.5934  1121712         
    690   221    infeasible                          974.5934  1170707         
    709   202      998.2782   954                    974.5934   943282         
Elapsed time = 287.41 sec. (82916.15 ticks, tree = 2.02 MB, solutions = 0)
    721   214     1001.9734   969                    974.5934  1245726         
    735   199     1150.9522   752                    974.5934  1334070         
    748   216     1192.8708   719                    974.5934  1277629         
    768   196    infeasible                          974.5934  1343465         
    783   217     1055.4602   902                    974.5934  1266268         
    801   192     1029.5556   982                    974.5934  1380790         
    817   195    infeasible                          974.5934  1518781         
    834   194    infeasible                          974.5934  1402854         
    850   198     1121.3135   807                    974.5934  1414830         
    868   194     1281.0734   561                    974.5934  1465843         
Elapsed time = 343.19 sec. (93197.34 ticks, tree = 2.40 MB, solutions = 0)
    889   194     1084.5472   789                    974.5934  1543825         
    911   186    infeasible                          974.5934  1631519         
    931   174    infeasible                          974.5934  1725931         
    941   169    infeasible                          974.5934  1766278         
    962   181    infeasible                          974.5934  1616965         
    977   176    infeasible                          974.5934  1759161         
    991   170     1082.2412   879                    974.5934  1789958         
   1011   159    infeasible                          974.5934  1894758         
   1026   178    infeasible                          974.5934  1834317         
   1043   150    infeasible                          989.2944  1928725         
Elapsed time = 398.54 sec. (103487.90 ticks, tree = 3.11 MB, solutions = 0)
   1056   142    infeasible                          989.2944  1958052         
   1072   132    infeasible                          989.2944  2039287         
   1099   129    infeasible                          989.2944  2046320         
   1118   136     1456.4616   532                    989.2944  2098083         
   1129   132    infeasible                          989.2944  2122616         
   1146   135     1316.8186   521                    989.2944  2132823         
   1164   102     1112.2852   838                    989.2944  2305977         
   1184    97     1630.3364   488                    989.2944  2440532         
   1201   127     1254.0837   635                    989.2944  2202100         
   1211   103    infeasible                          989.2944  2303596         
Elapsed time = 449.83 sec. (113826.46 ticks, tree = 2.43 MB, solutions = 0)
   1232   103    infeasible                          990.8174  2326576         
   1245   102     1168.5446   739                    990.8174  2369428         
   1260    77     1139.0761   841                    990.8174  2576254         
   1275    81    infeasible                          990.8174  2543008         
   1294    93     1196.9104   748                    991.9954  2609834         
   1306    79     1237.1677   739                    991.9954  2656744         
   1330    82     1218.4153   699                    991.9954  2693951         
   1346    79    infeasible                          991.9954  2657295         
   1364    51    infeasible                          991.9954  2839327         
   1396    82     1294.1253   642                    991.9954  2660387         
Elapsed time = 501.15 sec. (123913.97 ticks, tree = 1.09 MB, solutions = 0)
   1419    39     1168.1864   842                    991.9954  2907966         
   1430    42    infeasible                          991.9954  2871885         
   1441    42    infeasible                          991.9954  2873393         
   1450    37    infeasible                          991.9954  2958829         
   1460    40     1528.3699   548                    993.5526  2959838         
   1473    38    infeasible                          993.5526  2961013         
   1480    38    infeasible                          993.5526  2931992         
   1488    31    infeasible                          993.5526  3038567         
   1501    33     1137.2224   838                    993.5526  3117314         
   1533    32    infeasible                         1005.6037  3122917         
Elapsed time = 549.06 sec. (137160.17 ticks, tree = 0.03 MB, solutions = 0)
   1553    22    infeasible                         1005.6037  3258089         
   1568    19     1162.9461   769                   1005.6037  3530309         
   1579    11    infeasible                         1119.1681  3633045         
   1588    18     1265.2430   692                   1119.1681  3625973         
   1595     2    infeasible                         1190.2920  3672467         

Clique cuts applied:  27
Implied bound cuts applied:  1261
Flow cuts applied:  217
Mixed integer rounding cuts applied:  125
Zero-half cuts applied:  19
Lift and project cuts applied:  2
Gomory fractional cuts applied:  6

Root node processing (before b&c):
  Real time             =   59.87 sec. (33624.75 ticks)
Parallel b&c, 32 threads:
  Real time             =  532.01 sec. (127167.07 ticks)
  Sync time (average)   =  339.99 sec.
  Wait time (average)   =    0.00 sec.
                          ------------
Total (root+branch&cut) =  591.88 sec. (160791.82 ticks)
Number of arguments: 4

File path: ../Data/Demo/100/R102.txt
Capacity of FEV: 600
Capacity of SEV: 50
Execution time limit: 200
Number of Robots/MM: 10
Case: f

Number of customers: 100
./Result/R102/R102-Q50
No feasible solution found.
Version identifier: 22.1.1.0 | 2022-11-28 | 9160aff4d
CPXPARAM_TimeLimit                               8400
Tried aggregator 1 time.
MIP Presolve eliminated 4722 rows and 2984 columns.
MIP Presolve modified 7722 coefficients.
Reduced MIP has 5105 rows, 6388 columns, and 24654 nonzeros.
Reduced MIP has 3294 binaries, 3094 generals, 0 SOSs, and 0 indicators.
Presolve time = 0.04 sec. (22.99 ticks)
Probing fixed 161 vars, tightened 50 bounds.
Probing changed sense of 16 constraints.
Probing time = 0.12 sec. (22.04 ticks)
Tried aggregator 1 time.
Detecting symmetries...
MIP Presolve eliminated 193 rows and 211 columns.
Reduced MIP has 4912 rows, 6177 columns, and 23384 nonzeros.
Reduced MIP has 3133 binaries, 3044 generals, 0 SOSs, and 0 indicators.
Presolve time = 0.03 sec. (14.40 ticks)
Probing time = 0.05 sec. (6.00 ticks)
Clique table members: 17329.
MIP emphasis: balance optimality and feasibility.
MIP search method: dynamic search.
Parallel mode: deterministic, using up to 32 threads.
Root relaxation solution time = 1.03 sec. (208.88 ticks)

        Nodes                                         Cuts/
   Node  Left     Objective  IInf  Best Integer    Best Bound    ItCnt     Gap

      0     0      483.1068   196                    483.1068       21         
      0     0      512.1756   235                   Cuts: 308      964         
      0     0      524.7547   262                   Cuts: 113     1461         
      0     0      527.1194   273                    Cuts: 90     1734         
      0     0      528.0682   287                    Cuts: 68     1952         
      0     0      528.3792   302                    Cuts: 33     2098         
Detecting symmetries...
      0     0      528.8592   305                    Cuts: 35     2201         
      0     0      528.9092   295                    Cuts: 44     2262         
      0     0      528.9119   302                    Cuts: 28     2282         
      0     0      528.9172   299                     Cuts: 4     2317         
Detecting symmetries...
      0     2      528.9172   299                    541.4740     2317         
Elapsed time = 9.32 sec. (2535.83 ticks, tree = 0.02 MB, solutions = 0)
     10    10      532.3024   319                    541.4740     4089         
     65    43      542.5654   272                    541.4740    15091         
    143    68      545.5923   242                    541.4740    35206         
    248   145      670.9755   248                    541.4740    73570         
    364   213      545.2376   289                    541.4740    92940         
    447   245      739.0928   221                    541.4740   108447         
    618   327      571.7579   265                    541.4740   134551         
    788   463      594.9666   307                    541.4740   162053         
    942   516      669.7130   305                    541.4740   173434         
   1388   764      642.1598   290                    541.4740   277879         
Elapsed time = 27.71 sec. (5651.18 ticks, tree = 7.13 MB, solutions = 0)
   2228  1098    infeasible                          545.4389   391714         
   2607  1271    infeasible                          557.4210   475435         
   3607  1514      588.4183   315                    559.1910   553068         
   3963  2106      602.8423   271                    562.2944   671120         
   4655  2112      694.7372   285                    563.1085   737537         
*  5072  2317      integral     0     1309.2197      563.1085   767701   56.99%
   5868  2929      655.8868   295     1309.2197      563.1085   883804   56.99%
   6281  3669     1030.3386   142     1309.2197      571.7066   992310   56.33%
   7296  3993      630.0707   268     1309.2197      571.7066  1084194   56.33%
   8218  4589      675.5840   303     1309.2197      575.2490  1155013   56.06%

Performing restart 1

Repeating presolve.
Tried aggregator 1 time.
MIP Presolve eliminated 1 rows and 2 columns.
Reduced MIP has 4911 rows, 6175 columns, and 23378 nonzeros.
Reduced MIP has 3132 binaries, 3043 generals, 0 SOSs, and 0 indicators.
Presolve time = 0.02 sec. (11.26 ticks)
Tried aggregator 1 time.
Reduced MIP has 4911 rows, 6175 columns, and 23378 nonzeros.
Reduced MIP has 3132 binaries, 3043 generals, 0 SOSs, and 0 indicators.
Presolve time = 0.03 sec. (14.69 ticks)
Represolve time = 0.25 sec. (77.59 ticks)
*  8244+    0                         1257.3259      583.2987            53.61%
   8244     0      579.4850   388     1257.3259     Cuts: 184  1245994   53.61%
*  8244+    0                         1245.1840      583.2987            53.16%
   8244     0      598.5054   421     1245.1840     Cuts: 231  1246902   51.93%
   8244     0      603.9078   442     1245.1840     Cuts: 148  1247292   51.50%
*  8244+    0                         1238.6791      603.9078            51.25%
*  8244+    0                         1222.0930      603.9078            50.58%
*  8244+    0                         1184.1773      603.9078            49.00%
*  8244+    0                         1168.2734      603.9078            48.31%
   8244     0  -1.00000e+75     0     1168.2734      603.9078  1247292   48.31%
   8244     0      607.1086   452     1168.2734     Cuts: 100  1247682   48.03%
   8244     0      609.6277   454     1168.2734     Cuts: 116  1247993   47.82%
   8244     0      610.8727   445     1168.2734      Cuts: 80  1248190   47.71%
   8244     0      611.6389   463     1168.2734      Cuts: 69  1248390   47.65%
   8244     0      612.2874   453     1168.2734      Cuts: 95  1248552   47.59%
   8244     0      613.2130   473     1168.2734      Cuts: 46  1248676   47.51%
*  8244+    0                         1115.1344      613.2130            45.01%
   8244     0      614.0502   477     1115.1344      Cuts: 51  1248815   44.93%
*  8244+    0                         1111.4415      614.0502            44.75%
*  8244+    0                         1090.3623      614.0502            43.68%
*  8244+    0                         1084.3716      614.0502            43.37%
   8244     0      615.3050   486     1084.3716      Cuts: 65  1249006   43.26%
   8244     0      617.9609   461     1084.3716      Cuts: 66  1249246   43.01%
   8244     0      618.6550   464     1084.3716      Cuts: 82  1249420   42.95%
   8244     0      619.1412   490     1084.3716      Cuts: 43  1249549   42.90%
   8244     0      619.5203   493     1084.3716      Cuts: 48  1249661   42.87%
   8244     0      619.7319   496     1084.3716      Cuts: 39  1249750   42.85%
   8244     0      619.7845   499     1084.3716      Cuts: 31  1249792   42.84%
   8244     0      620.0652   498     1084.3716      Cuts: 14  1249864   42.82%
   8244     0      620.1936   505     1084.3716      Cuts: 18  1249916   42.81%
   8244     0      620.2226   501     1084.3716      Cuts: 20  1249960   42.80%
   8244     0      620.2381   504     1084.3716      Cuts: 22  1249987   42.80%
   8244     0      620.2453   502     1084.3716       Cuts: 9  1250007   42.80%
*  8244+    0                         1064.1534      620.2453            41.71%
   8244     0      620.2682   498     1064.1534      Cuts: 17  1250030   41.71%
*  8244+    0                         1060.6815      620.2682            41.52%
*  8244+    0                         1059.1943      620.2682            41.44%
   8244     0  -1.00000e+75     0     1059.1943      620.2682  1250030   41.44%
*  8244+    0                         1053.9655      620.2682            41.15%
   8244     0  -1.00000e+75     0     1053.9655      620.2682  1250030   41.15%
   8244     2      620.2682   498     1053.9655      620.2682  1250030   41.15%
Elapsed time = 606.34 sec. (29349.99 ticks, tree = 0.02 MB, solutions = 15)
   8246     3      636.3678   428     1053.9655      621.7802  1250844   41.01%
   8248     5      651.5056   433     1053.9655      621.7802  1251965   41.01%
   8251     4      648.9665   421     1053.9655      624.2485  1251343   40.77%
   8258     5    infeasible           1053.9655      625.1578  1257155   40.69%
   8261     6      626.4003   443     1053.9655      626.4057  1254383   40.57%
   8265     8      671.4311   417     1053.9655      626.4057  1265119   40.57%
   8275    10      650.4828   430     1053.9655      626.5473  1271521   40.55%
   8293    16    infeasible           1053.9655      636.2424  1287354   39.63%
   8338    32      654.8078   397     1053.9655      636.5750  1326449   39.60%
*  8342+   23                         1053.0043      636.5750            39.55%
*  8403+   30                         1036.6154      643.5672            37.92%
   8414    37    infeasible           1036.6154      646.9858  1369850   37.59%
Elapsed time = 637.79 sec. (40443.35 ticks, tree = 0.02 MB, solutions = 17)
   8505    44      700.9591   384     1036.6154      647.0511  1396137   37.58%
   8606    55      733.3209   355     1036.6154      650.5804  1437843   37.24%
   8734    72      814.0116   295     1036.6154      654.2734  1547037   36.88%
   8865    84      918.5576   203     1036.6154      658.1777  1611750   36.51%
   9021    95    infeasible           1036.6154      658.1777  1645492   36.51%
   9247   252      938.1149   214     1036.6154      658.1777  1730710   36.51%
   9819   384      968.1754   219     1036.6154      658.1777  1759721   36.51%
  10931   462     1012.2610   172     1036.6154      658.1777  1766435   36.51%
  12073  1682      997.4702   169     1036.6154      666.3891  1841579   35.71%
  12874  2704     1013.3556   139     1036.6154      672.7023  1898505   35.11%
Elapsed time = 683.20 sec. (50014.23 ticks, tree = 21.89 MB, solutions = 17)
  13251  2415      830.5603   318     1036.6154      678.6317  1889906   34.53%
  13503  3638      974.6959   226     1036.6154      682.6565  2051349   34.15%
  13684  3646      928.6679   251     1036.6154      692.7228  2141887   33.17%
  13943  3665      976.5573   217     1036.6154      692.7228  2150230   33.17%
  14308  3703     1025.4372   192     1036.6154      692.7228  2214350   33.17%
  14805  3965     1002.5774   235     1036.6154      698.8380  2286122   32.58%
  15544  4568      939.7372   151     1036.6154      709.7014  2345891   31.54%
  17336  5126      937.9772   182     1036.6154      709.7014  2377257   31.54%
  19412  6557     1025.9630   145     1036.6154      713.8079  2425115   31.14%
  21257  7815      927.8205   169     1036.6154      713.8079  2482139   31.14%
Elapsed time = 729.79 sec. (59565.69 ticks, tree = 102.53 MB, solutions = 17)
  23147 10196      924.3022   193     1036.6154      714.1703  2597163   31.11%
  24600 11789      988.7938   187     1036.6154      719.7056  2689732   30.57%
  25083 12602      895.8407   239     1036.6154      745.2723  2782716   28.11%
  25884 12999      909.8374   239     1036.6154      746.4410  2846975   27.99%
  28209 14232      920.6995   196     1036.6154      777.4374  2887784   25.00%
  31074 15959      920.7277   232     1036.6154      781.3486  2950503   24.63%
  34511 19372     1003.6206   124     1036.6154      821.7601  3064724   20.73%
  38094 20635      972.3882    75     1036.6154      882.5052  3101917   14.87%
* 40227+21994                         1029.3655      886.9273            13.84%
* 40271+22274                         1018.5875      886.9273            12.93%
* 40287+21994                         1009.5148      886.9273            12.14%
* 40525+21994                         1007.4962      886.9273            11.97%
* 41046+22266                         1004.2155      886.9273            11.68%
  41059 25152      901.9225   210     1004.2155      886.9273  3216031   11.68%
* 42173+22492                          999.5719      887.4629            11.22%
  42411 22744      954.8945   198      999.5719      887.4629  3292652   11.22%
Elapsed time = 775.48 sec. (69106.03 ticks, tree = 776.84 MB, solutions = 25)
* 43106+22385                          999.2713      887.4629            11.19%
* 43195+22018                          997.9052      887.4629            11.07%
  44330 22336      959.8778   186      997.9052      887.4629  3318264   11.07%
* 44571+22119                          997.6681      887.4629            11.05%
* 44597+22119                          992.5147      887.4629            10.58%
* 44669+22119                          989.4244      887.4629            10.31%
  46653 22796      984.4200   166      989.4244      888.6833  3442008   10.18%
  48894 23984      960.6787   235      989.4244      892.9519  3493104    9.75%
* 48960+23147                          988.7087      892.9519             9.69%
  50937 26030      956.0739   217      988.7087      893.2913  3582526    9.65%
  52129 27814      939.9521   238      988.7087      893.4649  3658226    9.63%
  53167 28635      958.6239   222      988.7087      894.0484  3704486    9.57%
  55086 30513      976.2893   141      988.7087      894.2392  3803899    9.55%
* 56496+29621                          986.3239      894.3117             9.33%
  57068 31204      930.5087   287      986.3239      894.3408  3833899    9.33%
  59118 32955      932.0197   244      986.3239      894.6203  3962581    9.30%
* 59948+34291                          979.3209      894.6203             8.65%
* 60203+31360                          975.7804      895.2867             8.25%
  60859 33347      962.5395   192      975.7804      895.3781  3981584    8.24%
Elapsed time = 820.68 sec. (78652.27 ticks, tree = 1334.99 MB, solutions = 38)
* 60946+30344                          973.9968      895.3971             8.07%
  61600 30167      920.8941   345      973.9968      895.5072  4113224    8.06%
  62915 30520      948.9375   196      973.9968      895.9069  4140233    8.02%
  64763 32370      945.6103   216      973.9968      895.9069  4237625    8.02%
  66623 33044      972.0110   197      973.9968      896.2209  4270759    7.99%
  68282 35621      951.0302   210      973.9968      896.5211  4404314    7.95%
  70152 36256      933.2205   288      973.9968      896.8267  4432756    7.92%
  71498 38038      951.5574   230      973.9968      896.8867  4527187    7.92%
* 72505+38152                          973.8013      897.3678             7.85%
  72579 40108      937.1850   277      973.8013      897.3678  4622920    7.85%
* 73758+40365                          969.3205      897.5759             7.40%
  74265 38149      967.1127   209      969.3205      897.5759  4688150    7.40%
  75922 39622      942.2929   266      969.3205      897.5759  4757420    7.40%
Elapsed time = 866.63 sec. (88195.20 ticks, tree = 1657.79 MB, solutions = 53)
* 77064+40081                          967.5781      897.5880             7.23%
  77368 39749      920.0856   324      967.5781      897.5880  4849426    7.23%
  79073 40393      958.1751   183      967.5781      898.2640  4897523    7.16%
* 79567+40609                          967.2959      898.3417             7.13%
  80855 41327      942.2010   247      967.2959      898.5079  4951612    7.11%
  82376 43054      937.7123   225      967.2959      898.6758  5050102    7.09%
  83313 45217      938.2628   243      967.2959      898.9932  5153962    7.06%
  84600 45667      922.4013   300      967.2959      899.0993  5188266    7.05%
  86310 46424      941.4262   225      967.2959      899.3411  5229136    7.03%
  88092 48576      951.2862   226      967.2959      899.6956  5345992    6.99%
  89743 49354      940.8695   223      967.2959      899.6956  5387646    6.99%
  91507 50614      946.1932   224      967.2959      900.3206  5459962    6.92%
Elapsed time = 914.74 sec. (97735.10 ticks, tree = 2202.81 MB, solutions = 56)
Nodefile size = 149.36 MB (110.52 MB after compression)
  93210 53113      951.3169   216      967.2959      900.4309  5593030    6.91%
  94828 54338      959.7001   212      967.2959      900.4309  5649117    6.91%
  96104 55044      948.5551   246      967.2959      900.7227  5689491    6.88%
  97059 56669      966.7879   217      967.2959      900.8367  5790236    6.87%
  98287 57765      957.0377   216      967.2959      901.1700  5840632    6.84%
 100011 58673      943.5598   193      967.2959      901.5292  5899788    6.80%
 101783 60609      946.6484   215      967.2959      901.6990  5998204    6.78%
*102795+60698                          963.9875      901.8357             6.45%
 103421 63025      955.1955   211      963.9875      901.8357  6123353    6.45%
 104934 64281      937.8740   288      963.9875      902.1639  6187423    6.41%
 110405 65477      962.8596   188      963.9875      903.0675  6466381    6.32%
Elapsed time = 980.19 sec. (110138.74 ticks, tree = 2881.32 MB, solutions = 57)
Nodefile size = 828.22 MB (617.47 MB after compression)
 115240 69010      938.3753   280      963.9875      903.7122  6704762    6.25%
 121101 74593      942.4374   224      963.9875      904.4616  7038843    6.17%
 126448 78975      933.8770   315      963.9875      905.3578  7315787    6.08%
 130879 82997      960.3907   155      963.9875      906.1848  7591324    6.00%
 136156 87024      956.5883   217      963.9875      906.8581  7850925    5.93%
 140484 92755      937.9832   304      963.9875      907.4879  8279075    5.86%
 144351 95949      946.6849   227      963.9875      908.2704  8505775    5.78%
 149630 99779      944.2791   272      963.9875      908.8934  8774615    5.72%
 155063 103523      956.1501   212      963.9875      909.5426  9037480    5.65%
 160314 110156      963.6902   197      963.9875      910.2422  9478855    5.58%
Elapsed time = 1186.14 sec. (148290.77 ticks, tree = 4841.86 MB, solutions = 57)
Nodefile size = 2789.34 MB (2084.12 MB after compression)
 164473 113170      944.9188   176      963.9875      910.9097  9687455    5.51%
*165729+112886                          963.5845      910.9738             5.46%
 169667 117510      956.1764   226      963.5845      911.5062 10023646    5.40%
 174861 120026      951.6074   236      963.5845      912.0348 10194593    5.35%
 180197 125341      950.1434   219      963.5845      912.6908 10563542    5.28%
 184145 130200      957.9684   189      963.5845      913.3661 10894612    5.21%
 189090 132653      933.5598   290      963.5845      913.7108 11082049    5.18%
 194148 137242      957.6529   244      963.5845      914.4177 11364754    5.10%
 198667 141338      940.5872   295      963.5845      915.0853 11660104    5.03%
 203202 145875      951.7836   282      963.5845      915.5134 12013790    4.99%
 207493 148793        cutoff            963.5845      916.0779 12238866    4.93%
Elapsed time = 1391.87 sec. (186452.10 ticks, tree = 6552.65 MB, solutions = 59)
Nodefile size = 4495.82 MB (3363.06 MB after compression)
 211017 153632      954.2910   247      963.5845      916.2756 12590517    4.91%
 215852 156770      955.0399   269      963.5845      916.7030 12846139    4.87%
 220781 161719      958.1803   173      963.5845      917.0563 13178296    4.83%
 225343 166619      931.3962   282      963.5845      917.4509 13512636    4.79%
 229382 168763      938.8902   226      963.5845      917.5057 13670829    4.78%
 232911 172588      950.0591   193      963.5845      917.8303 13961910    4.75%
 237600 175432      958.3132   276      963.5845      918.1520 14161179    4.71%
 242189 181271      962.0937   122      963.5845      918.4294 14551480    4.69%
 246391 184432      960.1035   283      963.5845      918.5563 14793437    4.67%
 250920 186834      956.8737   231      963.5845      919.0623 14989676    4.62%
Elapsed time = 1595.49 sec. (224603.03 ticks, tree = 8408.99 MB, solutions = 59)
Nodefile size = 6351.23 MB (4773.37 MB after compression)
 255090 191838      954.8008   224      963.5845      919.2693 15370394    4.60%
 258602 194940      961.4782   141      963.5845      919.4472 15600391    4.58%
 263071 197993      950.8470   246      963.5845      919.7604 15810241    4.55%
 267033 202613        cutoff            963.5845      919.9365 16173831    4.53%
 271401 206569      955.4966   284      963.5845      919.9908 16472764    4.52%
 275929 209125      945.2034   271      963.5845      920.2718 16654034    4.49%
 280178 214266      957.6259   263      963.5845      920.6066 17031802    4.46%
 283106 217145      943.8229   202      963.5845      920.8648 17271290    4.43%
 287334 219398      961.5816   209      963.5845      921.0130 17469689    4.42%
 291576 222107      957.4970   202      963.5845      921.1552 17663823    4.40%
Elapsed time = 1800.62 sec. (262757.99 ticks, tree = 10142.38 MB, solutions = 59)
Nodefile size = 8085.10 MB (6098.39 MB after compression)
 295744 227707      933.1570   287      963.5845      921.2775 18076635    4.39%
 299593 231487      941.7212   241      963.5845      921.5024 18352951    4.37%
 303136 234583      942.0937   238      963.5845      921.6022 18611059    4.36%
 306201 236172      957.6594   244      963.5845      921.7589 18756459    4.34%
 309946 239554      962.7402   245      963.5845      921.7903 19023189    4.34%
 314040 241290      951.4552   210      963.5845      921.9920 19171628    4.32%
 317781 246411      928.8698   293      963.5845      922.1124 19563023    4.30%
 321796 248815      951.2323   281      963.5845      922.2866 19763349    4.29%
 325966 253298      942.5951   267      963.5845      922.3887 20133832    4.28%
 329433 255864      961.0012   255      963.5845      922.4895 20315726    4.26%
Elapsed time = 2008.25 sec. (300915.52 ticks, tree = 11881.10 MB, solutions = 59)
Nodefile size = 9827.32 MB (7442.42 MB after compression)
 332621 259735      959.1532   226      963.5845      922.4985 20628034    4.26%
 336658 261275      947.0524   247      963.5845      922.7059 20750783    4.24%
 340661 265766      946.5712   291      963.5845      922.8095 21087508    4.23%
 344783 270183      949.7976   266      963.5845      922.9214 21428103    4.22%
 348618 272458      957.0402   225      963.5845      922.9423 21601313    4.22%
 352338 275278      961.2794   209      963.5845      923.1135 21827560    4.20%
 355424 278666      952.4652   261      963.5845      923.1274 22098998    4.20%
 359188 281917      963.5492   206      963.5845      923.3288 22356507    4.18%
 362904 285006      947.3923   211      963.5845      923.4225 22602824    4.17%
 366776 287319      958.0808   177      963.5845      923.5332 22780638    4.16%
Elapsed time = 2211.65 sec. (339072.48 ticks, tree = 13416.17 MB, solutions = 59)
Nodefile size = 11353.73 MB (8615.41 MB after compression)
 370889 293408      955.2909   192      963.5845      923.6125 23273919    4.15%
 375019 295148      933.1105   316      963.5845      923.7141 23409113    4.14%
 378955 298203      949.8249   273      963.5845      923.8140 23642797    4.13%
 381786 301078      936.9486   310      963.5845      923.9025 23860038    4.12%
 384932 305416      943.5646   245      963.5845      923.9480 24249322    4.11%
 388718 306402      953.3912   246      963.5845      924.0585 24329021    4.10%
 392586 310487      958.6681   176      963.5845      924.1230 24639438    4.10%
 396163 315026      962.0199   311      963.5845      924.1951 24997203    4.09%
 399507 316697      959.8553   164      963.5845      924.2707 25137797    4.08%
 403292 319145      954.7425   315      963.5845      924.3939 25371009    4.07%
Elapsed time = 2415.28 sec. (377226.62 ticks, tree = 15029.37 MB, solutions = 59)
Nodefile size = 12971.04 MB (9868.03 MB after compression)
 406889 325091      955.5084   140      963.5845      924.4750 25839304    4.06%
 409884 325925      952.0907   263      963.5845      924.5639 25905079    4.05%
 413593 328056      945.3988   286      963.5845      924.6323 26080431    4.04%
 415491 330593      949.7334   234      963.5845      924.6323 26292582    4.04%

Performing restart 2

Repeating presolve.
Tried aggregator 1 time.
MIP Presolve eliminated 26 rows and 5 columns.
MIP Presolve modified 495 coefficients.
Reduced MIP has 4885 rows, 6170 columns, and 44419 nonzeros.
Reduced MIP has 3130 binaries, 3040 generals, 0 SOSs, and 0 indicators.
Presolve time = 0.07 sec. (41.35 ticks)
Tried aggregator 1 time.
MIP Presolve eliminated 5 rows and 10 columns.
MIP Presolve modified 768 coefficients.
Reduced MIP has 4880 rows, 6160 columns, and 44286 nonzeros.
Reduced MIP has 3125 binaries, 3035 generals, 0 SOSs, and 0 indicators.
Presolve time = 0.09 sec. (51.57 ticks)
Represolve time = 2.00 sec. (267.64 ticks)
 415492     0      630.5758   518      963.5845      Cuts: 69 26549062    4.04%
 415492     0      632.5347   511      963.5845      Cuts: 52 26549295    4.04%
 415492     0      633.1856   534      963.5845      Cuts: 70 26549479    4.04%
 415492     0      633.8870   512      963.5845      Cuts: 48 26549665    4.04%
 415492     0      634.2565   514      963.5845      Cuts: 59 26549875    4.04%
 415492     0      634.8281   525      963.5845      Cuts: 52 26550036    4.04%
 415492     0      635.0813   533      963.5845      Cuts: 44 26550212    4.04%
 415492     0      635.3538   520      963.5845      Cuts: 22 26550417    4.04%
 415492     0      635.6118   538      963.5845      Cuts: 43 26550616    4.04%
 415492     2      635.6118   538      963.5845      924.7031 26550616    4.04%
 415500     5      677.8920   445      963.5845      924.7031 26553408    4.04%
 415569    25      674.5656   480      963.5845      924.7031 26631159    4.04%
 415769    39        cutoff            963.5845      924.7031 26805006    4.04%
 416187    54    infeasible            963.5845      924.7031 26985571    4.04%
 417512   320      949.7330   287      963.5845      924.7031 27150371    4.04%
Elapsed time = 2663.88 sec. (424701.38 ticks, tree = 9.06 MB, solutions = 59)
 419639  1476      931.2912   275      963.5845      924.7031 27322386    4.04%
 421466  3045      953.8071   246      963.5845      924.7031 27630264    4.04%
 423796  4764      952.9336   255      963.5845      924.7031 27885915    4.04%
 424786  5669      953.3455   277      963.5845      924.7031 28100794    4.04%
 425681  6457      946.4309   297      963.5845      924.7031 28447615    4.04%
 426561  6860      956.4608   246      963.5845      924.7031 28647248    4.04%
 427350  7252      814.8284   330      963.5845      924.7031 28888440    4.04%
 428092  7542      891.1278   300      963.5845      924.7031 29134069    4.04%
 429012  7947      809.7098   350      963.5845      924.7031 29413571    4.04%
 429825  8324      945.6583   298      963.5845      924.7031 29733951    4.04%
Elapsed time = 2848.84 sec. (462877.92 ticks, tree = 263.28 MB, solutions = 59)
 430720  8756    infeasible            963.5845      924.7031 30049455    4.04%
 431508  8900        cutoff            963.5845      924.7031 30278125    4.04%
 432701  8922      947.1134   274      963.5845      924.7031 30605693    4.04%
 434868 10511      944.7316   265      963.5845      924.7031 30881314    4.04%
 438435 12727      958.9116   255      963.5845      924.7031 31062625    4.04%
 443365 14795        cutoff            963.5845      924.7031 31210309    4.04%
 448063 20928      956.3249   194      963.5845      924.7031 31624171    4.04%
 452678 25713      952.9436   205      963.5845      924.7031 31962047    4.04%
 457612 29333      950.5623   216      963.5845      924.7031 32215173    4.04%
 462692 34302      942.4178   275      963.5845      924.7031 32566855    4.04%
Elapsed time = 3039.10 sec. (501033.12 ticks, tree = 1518.76 MB, solutions = 59)
 467858 38641      961.2154   270      963.5845      925.0760 32874694    4.00%
 472968 40686      953.8109   300      963.5845      925.5447 33007443    3.95%
 477770 46919      959.2131   154      963.5845      926.1087 33449529    3.89%
 482427 49585        cutoff            963.5845      926.6519 33649585    3.83%
 486945 53286      960.2144   213      963.5845      927.1729 33913460    3.78%
 492109 59669      957.8156   208      963.5845      927.5591 34398229    3.74%
 497050 62106      962.6751   177      963.5845      927.8330 34562718    3.71%
 501984 67854        cutoff            963.5845      928.2850 34974371    3.66%
 506767 70358      953.0151   231      963.5845      928.5961 35195493    3.63%
 511611 73964      952.6854   179      963.5845      928.8907 35477167    3.60%
Elapsed time = 3226.50 sec. (539186.84 ticks, tree = 3270.42 MB, solutions = 59)
Nodefile size = 1213.95 MB (911.81 MB after compression)
 516655 79277      961.2162   257      963.5845      929.1727 35838978    3.57%
 521998 83044      954.0445   239      963.5845      929.4632 36096405    3.54%
 527138 87721      938.7405   208      963.5845      929.7201 36404118    3.51%
 532281 94133      959.0535   197      963.5845      929.9912 36853636    3.49%
 537471 94999      962.0335   207      963.5845      930.2217 36923008    3.46%
 542032 101666      959.9412   186      963.5845      930.4403 37411281    3.44%
 546327 103237      956.0980   223      963.5845      930.6704 37516402    3.42%
 549739 109010      943.3906   306      963.5845      930.8585 37941336    3.40%
 552275 110656      956.5639   322      963.5845      931.0536 38104658    3.38%
 554821 112818      950.7540   331      963.5845      931.2202 38383852    3.36%
Elapsed time = 3424.51 sec. (577348.09 ticks, tree = 5212.40 MB, solutions = 59)
Nodefile size = 3155.81 MB (2381.16 MB after compression)
 557494 113937      956.4983   226      963.5845      931.3598 38534801    3.34%
 560119 116009      951.7031   271      963.5845      931.4650 38771649    3.33%
 562713 119233      944.4458   221      963.5845      931.5742 39146613    3.32%
 565180 121359      951.9345   236      963.5845      931.7030 39379704    3.31%
 567365 122542      950.8376   310      963.5845      931.8079 39537525    3.30%
 569854 124173      952.3088   288      963.5845      931.8879 39772831    3.29%
 572239 127695      948.6516   279      963.5845      932.0052 40233135    3.28%
 574397 129745      956.0203   315      963.5845      932.0905 40517267    3.27%
 576740 130102      951.1159   239      963.5845      932.2048 40562267    3.26%
 579159 133264      952.7814   295      963.5845      932.2922 40950040    3.25%
Elapsed time = 3631.42 sec. (615504.98 ticks, tree = 6273.88 MB, solutions = 59)
Nodefile size = 4220.06 MB (3210.66 MB after compression)
 581434 135028      958.9275   334      963.5845      932.3621 41162337    3.24%
 583148 135571      958.7997   199      963.5845      932.4937 41236393    3.23%
 585089 137829      953.3861   326      963.5845      932.5918 41606285    3.22%
 587334 139840      944.5640   260      963.5845      932.6969 41888322    3.21%
 589559 140682      961.0278   164      963.5845      932.7696 42015470    3.20%
 591722 142958      959.4347   289      963.5845      932.8395 42344983    3.19%
 593793 143558      954.0021   306      963.5845      932.9662 42418997    3.18%
 595337 144772      951.1107   341      963.5845      933.0497 42608646    3.17%
 597122 147359      946.1132   348      963.5845      933.1352 43077136    3.16%
 599202 148368      955.0757   290      963.5845      933.2204 43232564    3.15%
Elapsed time = 3837.08 sec. (653665.04 ticks, tree = 7036.98 MB, solutions = 59)
Nodefile size = 4981.67 MB (3804.95 MB after compression)
 601222 150437      960.6940   279      963.5845      933.2840 43522245    3.14%
 603298 151363      959.0861   243      963.5845      933.3730 43672548    3.14%
 605476 152794      954.9900   280      963.5845      933.4683 43896559    3.13%
 607401 154963      958.7769   304      963.5845      933.5588 44210513    3.12%
 609382 156446      945.1211   292      963.5845      933.6407 44441565    3.11%
 611235 157148      958.4452   328      963.5845      933.7577 44536522    3.10%
 612751 158008      949.9859   229      963.5845      933.8504 44674106    3.09%
 614574 159756      955.7085   258      963.5845      933.8524 44984836    3.09%
 616558 161956      950.7398   292      963.5845      934.0008 45319608    3.07%
 618494 162054      960.4027   261      963.5845      934.0722 45334017    3.06%
Elapsed time = 4043.36 sec. (691835.99 ticks, tree = 7833.52 MB, solutions = 59)
Nodefile size = 5776.67 MB (4435.38 MB after compression)
 620466 163251      957.5907   299      963.5845      934.1480 45533907    3.05%
 622239 165371      955.6725   243      963.5845      934.2260 45866071    3.05%
 624067 166760      955.1767   345      963.5845      934.3290 46094277    3.04%
 626037 167606        cutoff            963.5845      934.3849 46250444    3.03%
 627805 168832      950.8351   345      963.5845      934.4536 46472730    3.02%
 629431 170795      952.7442   287      963.5845      934.5286 46794930    3.02%
 631348 171952      955.0243   345      963.5845      934.6207 46961776    3.01%
 633046 173578      961.0059   285      963.5845      934.6825 47232958    3.00%
 634641 174695      963.4898   322      963.5845      934.7460 47418018    2.99%
 636471 176353      960.5564   326      963.5845      934.8313 47759046    2.98%
Elapsed time = 4253.35 sec. (729997.73 ticks, tree = 8604.38 MB, solutions = 59)
Nodefile size = 6550.03 MB (5047.87 MB after compression)
 638446 176847      962.7551   211      963.5845      934.9291 47858504    2.97%
 640336 178116      960.6496   272      963.5845      935.0004 48077229    2.97%
 641953 180350        cutoff            963.5845      935.0719 48418801    2.96%
 643587 182026      952.7319   247      963.5845      935.1405 48701590    2.95%
 645369 182960      955.7450   299      963.5845      935.2050 48842258    2.95%
 647153 184363      960.3040   309      963.5845      935.2974 49094895    2.94%
 648905 185033      954.2601   314      963.5845      935.3621 49219737    2.93%
 650870 185600      953.9275   313      963.5845      935.4140 49326022    2.92%
 652797 187778      959.9561   263      963.5845      935.4946 49676740    2.92%
 654907 189222        cutoff            963.5845      935.5637 49938579    2.91%
Elapsed time = 4459.78 sec. (768153.60 ticks, tree = 9326.53 MB, solutions = 59)
Nodefile size = 7270.89 MB (5619.37 MB after compression)
 656862 190587      951.9083   296      963.5845      935.6515 50147548    2.90%
 658753 192354      961.2887   326      963.5845      935.7191 50442150    2.89%
 660402 193752      961.7542   275      963.5845      935.7804 50634884    2.89%
 662054 194654      962.9641   201      963.5845      935.8583 50823853    2.88%
 664110 196506      958.3979   248      963.5845      935.9194 51180173    2.87%
 666120 197901      961.2770   262      963.5845      935.9907 51413773    2.86%
 668127 199593      962.4781   293      963.5845      936.0445 51672702    2.86%
 670158 201285      958.9333   248      963.5845      936.0869 51929096    2.85%
 671830 201260      962.6617   176      963.5845      936.1655 51925750    2.85%
 673360 203816      957.1501   289      963.5845      936.2385 52341247    2.84%
Elapsed time = 4663.86 sec. (806311.94 ticks, tree = 10157.56 MB, solutions = 59)
Nodefile size = 8103.20 MB (6282.94 MB after compression)
 675206 204648      962.7852   257      963.5845      936.2927 52537230    2.83%
 677156 205529      960.8526   313      963.5845      936.3638 52727531    2.82%
 679031 208039      959.3355   279      963.5845      936.4345 53092810    2.82%
 680989 208035      958.7608   293      963.5845      936.4704 53091242    2.81%
 682910 209694      962.7598   308      963.5845      936.5242 53348246    2.81%
 684829 211043      959.4349   289      963.5845      936.6058 53585565    2.80%
 686764 213150      954.9680   287      963.5845      936.6547 53940882    2.79%
 688548 213209      955.8386   293      963.5845      936.7232 53948843    2.79%
 690244 214603      951.7882   266      963.5845      936.8130 54229438    2.78%
 692148 215503      956.3585   324      963.5845      936.8706 54412821    2.77%
Elapsed time = 4865.37 sec. (844485.58 ticks, tree = 10779.27 MB, solutions = 59)
Nodefile size = 8723.31 MB (6773.31 MB after compression)
 694153 218242        cutoff            963.5845      936.9395 54895169    2.77%
 696200 219156      959.4161   287      963.5845      936.9854 55040576    2.76%
 698000 219725        cutoff            963.5845      937.0361 55156309    2.76%
 699695 221902      959.3403   287      963.5845      937.1128 55508174    2.75%
 701286 222626      954.7236   348      963.5845      937.1702 55641127    2.74%
 703010 224797      954.6502   261      963.5845      937.2301 56033795    2.74%
 704871 225460      958.8542   189      963.5845      937.2999 56144663    2.73%
 706828 227286      955.3434   309      963.5845      937.3430 56484783    2.72%
 708766 226898      950.5393   263      963.5845      937.4150 56415204    2.72%
 710759 229148      956.2564   258      963.5845      937.4760 56800914    2.71%
Elapsed time = 5072.81 sec. (882647.85 ticks, tree = 11527.45 MB, solutions = 59)
Nodefile size = 9471.48 MB (7366.44 MB after compression)
 712620 230719      955.4904   305      963.5845      937.5086 57069766    2.71%
 714413 231887      955.0340   275      963.5845      937.6027 57265933    2.70%
 715919 233587      953.2517   312      963.5845      937.6590 57604422    2.69%
 717663 234601        cutoff            963.5845      937.7306 57819789    2.68%
 719445 234791        cutoff            963.5845      937.7866 57859156    2.68%
 721380 236643      952.8437   219      963.5845      937.8484 58176292    2.67%
 723184 238401      948.2266   292      963.5845      937.9085 58485072    2.66%
 725260 239259        cutoff            963.5845      937.9706 58613691    2.66%
 726991 241444      948.9040   328      963.5845      938.0128 58973078    2.65%
 728604 241816      951.7187   284      963.5845      938.0694 59037991    2.65%
Elapsed time = 5280.20 sec. (920825.29 ticks, tree = 12264.49 MB, solutions = 59)
Nodefile size = 10209.88 MB (7956.25 MB after compression)
 730489 243795      955.9855   363      963.5845      938.1285 59446825    2.64%
 732376 244351        cutoff            963.5845      938.1715 59572563    2.64%
 734221 245798      962.4189   333      963.5845      938.2477 59812708    2.63%
 735927 247584      961.5967   309      963.5845      938.2971 60113234    2.62%
 737796 248326      961.7918   197      963.5845      938.3576 60260595    2.62%
 739506 250298      963.5479   245      963.5845      938.4151 60588871    2.61%
 741048 249595      956.8164   244      963.5845      938.4677 60487084    2.61%
 742724 251180      963.2041   283      963.5845      938.4778 60751495    2.61%
 744667 252768      956.0952   277      963.5845      938.5709 61105662    2.60%
 746600 253100      963.1519   188      963.5845      938.6190 61163983    2.59%
Elapsed time = 5481.39 sec. (958995.42 ticks, tree = 12795.18 MB, solutions = 59)
Nodefile size = 10733.64 MB (8368.76 MB after compression)
 748389 255027      957.3877   265      963.5845      938.6620 61520421    2.59%
 750361 256867      954.3241   283      963.5845      938.7251 61826640    2.58%
 752296 256929      958.5591   266      963.5845      938.7916 61834476    2.57%
 754286 258404      957.3847   330      963.5845      938.8466 62090486    2.57%
 756117 259466      955.8356   275      963.5845      938.9151 62289703    2.56%
 757502 260799      957.6900   258      963.5845      938.9621 62533511    2.56%
 759108 263480        cutoff            963.5845      939.0249 63038698    2.55%
 760754 264644      962.8304   279      963.5845      939.0730 63321703    2.54%
 762624 264479      961.0691   264      963.5845      939.1337 63288645    2.54%
 764424 266811      957.9408   330      963.5845      939.1798 63693346    2.53%
Elapsed time = 5690.03 sec. (997163.02 ticks, tree = 13598.21 MB, solutions = 59)
Nodefile size = 11543.96 MB (9013.99 MB after compression)
 766304 266538      962.4873   274      963.5845      939.2139 63658510    2.53%
 768080 269382      949.0570   305      963.5845      939.2612 64130024    2.52%
 769858 270155        cutoff            963.5845      939.2957 64268677    2.52%
 771627 271800      961.0475   194      963.5845      939.3664 64567284    2.51%
 773418 272792      955.8215   315      963.5845      939.4057 64739937    2.51%
 775017 273613      958.7373   296      963.5845      939.4643 64917106    2.50%
 776854 275026      954.3259   321      963.5845      939.5246 65225600    2.50%
 778666 275670      961.7869   286      963.5845      939.5833 65362531    2.49%
 780629 277215      955.4700   308      963.5845      939.6365 65629346    2.49%
 782560 278379      949.6462   324      963.5845      939.6834 65799776    2.48%
Elapsed time = 5904.63 sec. (1035331.46 ticks, tree = 14253.00 MB, solutions = 59)
Nodefile size = 12195.94 MB (9534.27 MB after compression)
 784421 279177      961.2740   278      963.5845      939.7219 65947764    2.48%
 786192 281553      960.2641   317      963.5845      939.7801 66360757    2.47%
 787918 281217      951.7408   320      963.5845      939.8443 66305582    2.46%
 789669 282645      956.8844   320      963.5845      939.8927 66565054    2.46%
 791237 284697        cutoff            963.5845      939.9502 66932757    2.45%
 792847 285587      956.3319   297      963.5845      940.0162 67136555    2.45%
 794799 286077      960.2738   271      963.5845      940.0664 67262265    2.44%
 796805 286595      963.1934   240      963.5845      940.1206 67388437    2.44%
 798805 287978      954.1936   276      963.5845      940.1568 67636566    2.43%
 800682 291027        cutoff            963.5845      940.2192 68164141    2.42%
Elapsed time = 6114.12 sec. (1073497.79 ticks, tree = 14998.01 MB, solutions = 59)
Nodefile size = 12942.69 MB (10132.22 MB after compression)
 802552 292206      959.4127   307      963.5845      940.2590 68391135    2.42%
 804264 291899      961.6458   217      963.5845      940.3205 68321437    2.41%
 805901 292929      959.6046   257      963.5845      940.3801 68520151    2.41%
 807567 295589      961.7462   281      963.5845      940.4335 69033684    2.40%
 809270 296820      958.3954   323      963.5845      940.4849 69304164    2.40%
 810897 296928      959.3777   277      963.5845      940.5469 69321038    2.39%
 812509 297691      960.8727   225      963.5845      940.5917 69460959    2.39%
 814333 299283      958.6015   164      963.5845      940.6386 69720605    2.38%
 816153 300054      950.1754   288      963.5845      940.6884 69875860    2.38%
 818241 300838      955.6002   220      963.5845      940.7341 70010716    2.37%
Elapsed time = 6324.32 sec. (1111696.12 ticks, tree = 15540.24 MB, solutions = 59)
Nodefile size = 13480.16 MB (10560.61 MB after compression)
 819843 303460      952.2579   231      963.5845      940.7741 70455940    2.37%
 821447 304501      960.4730   242      963.5845      940.8157 70661878    2.36%
 823006 304800      961.8998   283      963.5845      940.8755 70722254    2.36%
 824668 306085      956.4563   309      963.5845      940.9253 71015461    2.35%
 826495 308327      961.7904   238      963.5845      940.9844 71496492    2.35%
 828369 308389      963.0378   291      963.5845      941.0140 71503512    2.34%
 830104 308701      959.2577   325      963.5845      941.0667 71553142    2.34%
 831771 311616      956.2239   338      963.5845      941.1156 72082379    2.33%
 833255 311226      956.7141   302      963.5845      941.1638 72029010    2.33%
 834751 312295      960.7683   239      963.5845      941.2165 72207050    2.32%
Elapsed time = 6537.53 sec. (1149862.38 ticks, tree = 16198.60 MB, solutions = 59)
Nodefile size = 14144.17 MB (11091.34 MB after compression)
 836141 313382      960.0400   301      963.5845      941.2724 72429200    2.32%
 837814 315478      953.8455   252      963.5845      941.3168 72925611    2.31%
 839712 316325      962.7853   326      963.5845      941.3663 73096803    2.31%
 841617 317121        cutoff            963.5845      941.4026 73239439    2.30%
 843523 318252      959.0960   280      963.5845      941.4354 73449795    2.30%
 845507 319555      959.9853   285      963.5845      941.4866 73682760    2.29%
 847325 320124      958.2202   339      963.5845      941.5204 73792695    2.29%
 849000 320682        cutoff            963.5845      941.5756 73904294    2.28%
 850639 322389      954.7354   165      963.5845      941.6106 74208534    2.28%
 852201 323166      958.0691   324      963.5845      941.6694 74387850    2.27%
Elapsed time = 6750.01 sec. (1188036.06 ticks, tree = 16775.16 MB, solutions = 59)
Nodefile size = 14720.79 MB (11551.50 MB after compression)
 853888 324995        cutoff            963.5845      941.7078 74810315    2.27%
 855671 325357      960.4336   277      963.5845      941.7581 74905029    2.27%
 857477 326039      959.1879   330      963.5845      941.7900 75028314    2.26%
 859264 327576      960.1096   304      963.5845      941.8412 75325594    2.26%
 861165 329706      957.5051   239      963.5845      941.8762 75716725    2.25%
 862844 329292      952.4908   316      963.5845      941.9201 75634225    2.25%
 864478 330915        cutoff            963.5845      941.9575 75948110    2.24%
 865910 331713      958.1874   282      963.5845      942.0132 76102890    2.24%
 867699 333695      951.1078   332      963.5845      942.0536 76516790    2.23%
 869408 335244        cutoff            963.5845      942.0978 76851656    2.23%
Elapsed time = 6957.25 sec. (1226204.61 ticks, tree = 17357.23 MB, solutions = 59)
Nodefile size = 15302.93 MB (12015.73 MB after compression)
 871280 335093      961.2162   243      963.5845      942.1382 76820021    2.23%
 872997 336205      961.3067   184      963.5845      942.1857 77065207    2.22%
 874710 338491      954.2139   300      963.5845      942.2222 77482156    2.22%
 876251 337916      959.0836   301      963.5845      942.2632 77372776    2.21%
 877722 338979      961.5312   300      963.5845      942.2936 77575187    2.21%
 879134 340417      955.6157   312      963.5845      942.3427 77869529    2.20%
 880617 341773      963.1539   200      963.5845      942.3916 78191697    2.20%
 882277 342503      954.6419   331      963.5845      942.4473 78380972    2.19%
 884027 342713        cutoff            963.5845      942.5019 78426969    2.19%
 885640 344863        cutoff            963.5845      942.5435 78879027    2.18%
Elapsed time = 7165.99 sec. (1264383.49 ticks, tree = 17893.72 MB, solutions = 59)
Nodefile size = 15838.12 MB (12437.75 MB after compression)
 887295 345596      949.8464   324      963.5845      942.5814 79027558    2.18%
 888987 346895      961.2133   262      963.5845      942.6118 79290179    2.18%
 890652 347787      957.9472   336      963.5845      942.6506 79472098    2.17%
 892162 348439      958.4792   293      963.5845      942.6910 79606709    2.17%
 893486 348784      962.1590   318      963.5845      942.7268 79694671    2.16%
 894818 350299        cutoff            963.5845      942.7828 80097194    2.16%
 896364 350814      958.8685   278      963.5845      942.8208 80259074    2.15%
 897971 351280      951.6646   339      963.5845      942.8612 80369974    2.15%
 899669 352334      946.6159   263      963.5845      942.9063 80608619    2.15%
 901491 354272      960.5831   298      963.5845      942.9403 80971681    2.14%
Elapsed time = 7373.03 sec. (1302551.46 ticks, tree = 18448.53 MB, solutions = 59)
Nodefile size = 16392.65 MB (12882.68 MB after compression)
 903247 354600      961.9525   258      963.5845      942.9820 81027362    2.14%
 904856 356111      957.8181   316      963.5845      943.0261 81351943    2.13%
 906416 357004        cutoff            963.5845      943.0600 81531692    2.13%
 908076 358236        cutoff            963.5845      943.1121 81845790    2.12%
 909879 358356      955.9078   272      963.5845      943.1373 81882084    2.12%
 911547 358819      962.5264   286      963.5845      943.1841 82004447    2.12%
 913175 359781      957.7607   301      963.5845      943.2136 82224197    2.11%
 914780 361009        cutoff            963.5845      943.2766 82476784    2.11%
 916359 361696        cutoff            963.5845      943.3088 82632767    2.10%
Starting limited solution polishing.
 918032 363196      953.2847   246      963.5845      943.3609 82941042    2.10%
Elapsed time = 7581.27 sec. (1340718.37 ticks, tree = 18928.94 MB, solutions = 59)
Nodefile size = 16871.07 MB (13264.12 MB after compression)
 919515 363308      956.5070   333      963.5845      943.3969 82958735    2.10%
 920851 364997      957.1423   323      963.5845      943.4425 83277442    2.09%
 922336 366756      962.5304   212      963.5845      943.4794 83672758    2.09%
 923876 366326      954.8551   261      963.5845      943.5111 83564915    2.08%
 925547 368209      956.6452   342      963.5845      943.5549 84043689    2.08%
 927137 368396      957.8918   230      963.5845      943.5963 84075204    2.07%
 928768 369677      952.3707   242      963.5845      943.6354 84343647    2.07%
 930282 369738      962.5529   201      963.5845      943.6670 84361844    2.07%
 931772 371615        cutoff            963.5845      943.7081 84721713    2.06%
 933218 371999      955.0486   194      963.5845      943.7393 84797339    2.06%
Elapsed time = 7786.31 sec. (1378900.05 ticks, tree = 19433.72 MB, solutions = 59)
Nodefile size = 17374.65 MB (13667.63 MB after compression)
 934461 373521      962.2999   245      963.5845      943.7724 85135651    2.06%
 935811 374041      959.6793   293      963.5845      943.8019 85250221    2.05%
 937152 374433      961.7433   232      963.5845      943.8633 85331202    2.05%
 938537 375291        cutoff            963.5845      943.8851 85548307    2.04%
 939869 376508      962.6245   247      963.5845      943.9329 85875619    2.04%
 941364 377974      957.9147   302      963.5845      943.9658 86150943    2.04%
 942728 377514      954.8594   297      963.5845      944.0001 86071351    2.03%
 944174 378026      958.7199   273      963.5845      944.0303 86163446    2.03%
 945484 380222      956.9237   282      963.5845      944.0522 86681376    2.03%
 946798 379808      962.9345   244      963.5845      944.0903 86589720    2.02%
Elapsed time = 7999.42 sec. (1417073.84 ticks, tree = 19865.42 MB, solutions = 59)
Nodefile size = 17811.28 MB (14017.94 MB after compression)
 948170 380844      959.7723   228      963.5845      944.1224 86829588    2.02%
 949547 381618      958.5559   335      963.5845      944.1598 87058977    2.02%
 951110 383064      962.2807   129      963.5845      944.1875 87451128    2.01%
 952472 383664      957.3617   327      963.5845      944.2252 87580142    2.01%
 953858 383958      952.7525   323      963.5845      944.2578 87646759    2.01%
 955305 384359      956.0690   336      963.5845      944.2878 87724403    2.00%
 956587 386334      960.9350   240      963.5845      944.3213 88168360    2.00%
 958085 386185      963.1338   210      963.5845      944.3468 88129699    2.00%
 959328 387613        cutoff            963.5845      944.3776 88442708    1.99%
 960472 387612      961.6177   249      963.5845      944.4116 88436263    1.99%
Elapsed time = 8214.64 sec. (1455243.95 ticks, tree = 20309.39 MB, solutions = 59)
Nodefile size = 18254.68 MB (14374.35 MB after compression)
 961726 388863      961.9791   307      963.5845      944.4116 88774139    1.99%
 963152 388687      960.5961   282      963.5845      944.4783 88727870    1.98%
 964567 390097        cutoff            963.5845      944.5086 89105754    1.98%
 965906 390354        cutoff            963.5845      944.5467 89172788    1.98%
 967160 392082        cutoff            963.5845      944.5674 89567534    1.97%
 968451 393063      957.8618   342      963.5845      944.6028 89783129    1.97%
 969623 392565      958.0265   288      963.5845      944.6209 89668124    1.97%
 970730 393500        cutoff            963.5845      944.6460 89872735    1.97%
 971845 394321      957.5145   335      963.5845      944.6672 90064335    1.96%
 972107 393991      949.4625   303      963.5845      944.6672 89972030    1.96%
Elapsed time = 8409.68 sec. (1493508.93 ticks, tree = 20619.11 MB, solutions = 59)
Nodefile size = 18564.24 MB (14620.65 MB after compression)

GUB cover cuts applied:  255
Clique cuts applied:  29
Cover cuts applied:  74
Implied bound cuts applied:  746
Flow cuts applied:  227
Mixed integer rounding cuts applied:  2822
Zero-half cuts applied:  35
Lift and project cuts applied:  27
Gomory fractional cuts applied:  7

Root node processing (before b&c):
  Real time             =    4.54 sec. (2503.95 ticks)
Parallel b&c, 32 threads:
  Real time             = 8405.18 sec. (1491099.17 ticks)
  Sync time (average)   = 4176.66 sec.
  Wait time (average)   =    0.58 sec.
                          ------------
Total (root+branch&cut) = 8409.71 sec. (1493603.12 ticks)
Number of arguments: 4

File path: ../Data/Demo/50/R102_50.txt
Capacity of FEV: 600
Capacity of SEV: 50
Execution time limit: 140
Number of Robots/MM: 10
Case: f

Number of customers: 50
./Result/R102_50/R102_50-Q50
Feasible solution found within the time limit!
Total execution time: 8412.074484197 seconds
Total distance traveled: 963.584477156541
File name: R102_50-Q50
Number of customers: 50
Capacity of FEV: 10000
Capacity of Microhub: 600
Capacity of SEV: 50
Number of parkings: 16
Number of microhubs: 10
Number of robots/MM: 10
Parking generation rule: f
==========================================================================
