Version identifier: 22.1.1.0 | 2022-11-28 | 9160aff4d
CPXPARAM_TimeLimit                               12000
Tried aggregator 1 time.
MIP Presolve eliminated 19718 rows and 14312 columns.
MIP Presolve modified 20764 coefficients.
Reduced MIP has 13850 rows, 18440 columns, and 68613 nonzeros.
Reduced MIP has 9367 binaries, 9073 generals, 0 SOSs, and 0 indicators.
Presolve time = 0.12 sec. (69.36 ticks)
Probing time = 0.08 sec. (10.77 ticks)
Tried aggregator 1 time.
Detecting symmetries...
Reduced MIP has 13850 rows, 18440 columns, and 68613 nonzeros.
Reduced MIP has 9367 binaries, 9073 generals, 0 SOSs, and 0 indicators.
Presolve time = 0.07 sec. (40.93 ticks)
Probing time = 0.06 sec. (10.02 ticks)
Clique table members: 18747.
MIP emphasis: balance optimality and feasibility.
MIP search method: dynamic search.
Parallel mode: deterministic, using up to 32 threads.
Root relaxation solution time = 3.92 sec. (421.48 ticks)

        Nodes                                         Cuts/
   Node  Left     Objective  IInf  Best Integer    Best Bound    ItCnt     Gap

      0     0     1008.2442   290                   1008.2442       24         
      0     0     1072.8160   553                   Cuts: 572     1765         
      0     0     1117.5230   638                   Cuts: 421     3168         
      0     0     1139.5080   690                   Cuts: 355     4141         
      0     0     1154.4945   755                   Cuts: 349     4797         
      0     0     1162.1115   761                   Cuts: 185     5390         
Detecting symmetries...
      0     0     1165.5737   747                   Cuts: 196     5768         
      0     0     1169.1454   780                   Cuts: 106     6121         
      0     0     1170.9287   759                    Cuts: 82     6416         
      0     0     1171.7355   787                    Cuts: 92     6699         
      0     0     1172.1683   805                    Cuts: 53     6818         
      0     0     1172.6729   826                    Cuts: 51     7050         
      0     0     1172.9466   806                    Cuts: 57     7196         
      0     0     1173.2259   788                    Cuts: 54     7307         
      0     0     1173.4550   784                    Cuts: 34     7425         
      0     0     1173.8424   802                    Cuts: 47     7545         
      0     0     1174.0292   798                    Cuts: 45     7634         
      0     0     1174.2413   788                    Cuts: 48     7717         
      0     0     1174.3861   786                    Cuts: 28     7833         
Detecting symmetries...
      0     2     1174.3861   786                   1180.1240     7833         
Elapsed time = 27.59 sec. (14500.76 ticks, tree = 0.02 MB, solutions = 0)
      3     3     1176.1433   751                   1180.1240     8452         
      7     4     1182.1724   732                   1180.1240     8914         
     13     8     1177.6488   736                   1180.1240    10343         
     21     8     1176.8715   756                   1180.1240    10260         
     29    22     1190.3130   744                   1180.1240    18094         
     39    30     1189.3310   725                   1180.1240    31949         
     53    26     1193.8866   707                   1180.1240    24958         
     61    23     1193.7905   724                   1180.1240    20230         
     76    41     1198.6731   712                   1180.1240    48895         
    186   122     1226.5341   687                   1182.2082   118185         
Elapsed time = 44.88 sec. (18062.90 ticks, tree = 0.36 MB, solutions = 0)
    307   237     1201.2665   712                   1182.2082   158918         
    421   318     1270.0526   625                   1182.2082   203002         
    549   390     1280.0009   586                   1182.2082   233076         
    729   500     1273.5256   603                   1182.2082   277887         
    912   635     1255.1959   677                   1182.2082   328125         
   1103   734     1378.7671   523                   1182.2082   371796         
   1299   824    infeasible                         1182.2082   398943         
   1463   905     1346.9210   567                   1182.2082   429581         
   1595  1008     1235.1278   694                   1182.2082   478162         
   1720  1082     1228.4041   698                   1182.2082   544472         
Elapsed time = 88.22 sec. (27643.81 ticks, tree = 28.01 MB, solutions = 0)
   1859  1172    infeasible                         1182.6635   595825         
   2009  1234     1424.7125   511                   1182.6635   626938         
   2161  1260     1244.3679   684                   1182.8122   645934         
   2318  1287     1314.6194   519                   1191.2465   661047         
   2447  1455     1340.7433   639                   1191.2465   752380         
   2538  1492     1277.8981   581                   1191.2465   768579         
   2656  1606     1331.0646   667                   1191.2465   848793         
   2769  1592     1320.1471   565                   1191.2465   833337         
   2865  1618     1267.0235   746                   1191.2465   858580         
   2994  1787     1263.0396   735                   1191.2465   963739         
Elapsed time = 135.91 sec. (37229.89 ticks, tree = 76.67 MB, solutions = 0)
   3136  1733     1310.9548   629                   1192.3766   934032         
   3264  1882     1544.8876   645                   1192.3766   981524         
   3343  1988     1300.2912   732                   1192.3766  1068009         
   3417  1890     1219.9210   791                   1193.9358  1042312         
   3484  2082     1214.0467   769                   1193.9358  1107917         
   3555  2094     1251.7023   788                   1193.9358  1114707         
   3627  2162     1207.1587   795                   1193.9358  1182746         
   3734  2233     1264.7854   625                   1193.9358  1218710         
   3853  2199     1303.6480   721                   1193.9358  1207064         
   4020  2294     1629.5573   528                   1194.0706  1269432         
Elapsed time = 191.14 sec. (46935.11 ticks, tree = 129.77 MB, solutions = 0)
   4208  2544     1513.9558   637                   1194.0706  1357912         
   4448  2348     1615.6567   563                   1194.3295  1284882         
   4673  2619     1586.7078   582                   1194.3295  1352026         
   4883  3076     1214.0840   743                   1195.3509  1471280         
   5087  3098     1642.7964   501                   1195.3509  1468862         
   5288  3132     1653.7987   513                   1195.3509  1470047         
   5505  3138     1254.3347   684                   1195.7289  1499921         
   5733  3630     1307.7911   691                   1195.7289  1608721         
   5893  3664     1284.5364   767                   1195.7289  1621283         
   6037  3823     1321.1738   727                   1195.7289  1675360         
Elapsed time = 237.85 sec. (56528.64 ticks, tree = 247.98 MB, solutions = 0)
   6207  3967     1283.2999   734                   1195.7289  1708977         
   6397  4109     1441.2495   643                   1197.7033  1765603         
   6573  4061     1212.3241   810                   1197.7033  1753730         
   6794  4386     1219.8951   819                   1197.7033  1864244         
   6999  4530     1256.9872   694                   1199.0737  1903570         
   7226  4536     1292.4610   690                   1199.0737  1909083         
   7501  4588     1754.2396   481                   1199.0737  1895949         
   7709  4782     1329.9635   692                   1199.0737  1967040         
   7908  4762     1294.6142   612                   1199.0737  1962698         
   8069  5114     1780.9037   491                   1199.0737  2002301         
Elapsed time = 286.54 sec. (66099.86 ticks, tree = 410.71 MB, solutions = 0)
   8264  5423     1676.4391   585                   1199.0737  2105339         
   8429  5758     1334.4571   708                   1199.0737  2221189         
   8618  5841     1839.7949   461                   1199.0737  2238447         
   8794  5964     1263.4296   677                   1199.0737  2286699         
   8937  6062     1242.9798   767                   1199.0737  2321513         
   9048  6250     1260.8960   755                   1199.0737  2373255         
   9152  6286     1255.9898   826                   1199.0737  2381195         
   9279  6401     1308.2274   715                   1199.0737  2437085         
   9371  6088     1406.3814   590                   1201.6161  2333944         
   9468  6467     1440.4928   620                   1201.6161  2493548         
Elapsed time = 336.02 sec. (75719.80 ticks, tree = 533.60 MB, solutions = 0)
   9585  6640     1278.4909   689                   1201.6161  2574579         
   9724  6310     1273.4722   685                   1201.6161  2390057         
   9869  6639     1204.0515   759                   1201.9630  2582761         
   9964  6742    infeasible                         1201.9630  2686834         
  10048  6726     1348.1976   662                   1201.9630  2646649         
  10099  7016     1437.5705   590                   1201.9630  2792330         
  10162  6978     1289.6062   832                   1201.9630  2784804         
  10214  7085     1235.6897   707                   1202.7692  2880055         
  10288  7060    infeasible                         1202.7692  2816890         
  10356  7111    infeasible                         1203.0820  2918578         
Elapsed time = 389.55 sec. (85424.03 ticks, tree = 612.28 MB, solutions = 0)
  10430  7182     1301.2177   760                   1203.0820  3002120         
  10534  7230     1276.1174   672                   1203.6757  3044443         
  10672  7236     1223.0744   791                   1203.6757  3070752         
  10841  7239     1561.3045   634                   1203.6757  3031768         
  11010  7253     1272.2941   799                   1203.6757  3063950         
  11166  7418     1261.2784   734                   1203.6757  3135070         
  11319  7498     1454.5682   628                   1203.6757  3152573         
  11469  7577     1249.3042   789                   1203.6757  3182167         
  11632  7787     1346.2827   688                   1204.1009  3246467         
  11810  7436     1304.6008   689                   1204.1009  3137339         
Elapsed time = 436.10 sec. (95024.68 ticks, tree = 648.38 MB, solutions = 0)
  11996  7963     1637.6309   599                   1205.4108  3305345         
  12165  8067     1259.6893   801                   1205.6968  3342678         
  12355  8302     1237.8973   754                   1206.8536  3418719         
  12503  8256     1321.6392   696                   1207.0899  3403813         
  12683  8591     1335.2270   746                   1207.0899  3489926         
  12854  8732     1425.6793   708                   1207.0899  3523738         
  13008  8677     1307.6251   737                   1207.0899  3515814         
  13174  9065     1484.8666   573                   1207.0899  3622639         
  13330  9145     1215.9836   820                   1207.0899  3655530         
  14000  9483     1257.6861   677                   1207.0899  3764010         
Elapsed time = 498.78 sec. (107441.91 ticks, tree = 839.39 MB, solutions = 0)
  14627 10021     1319.9011   730                   1207.6977  3977829         
  15264 10280     1278.3175   743                   1209.2863  4056448         
  15800 10696     1257.0404   785                   1209.3664  4218703         
  16176 10971    infeasible                         1209.3664  4366542         
  16408 11356     1265.3887   768                   1209.7227  4630903         
  16937 11389     1411.1034   684                   1211.1675  4688943         
  17685 11630     1235.2825   716                   1211.1675  4824100         
  18422 12557     1992.4024   399                   1211.6400  5085578         
  19279 13264     2075.8555   413                   1211.6400  5259267         
  20032 13034     1943.1775   474                   1211.6660  5248410         
Elapsed time = 705.87 sec. (145713.49 ticks, tree = 1205.11 MB, solutions = 0)
  20264 14154     1420.4371   717                   1212.5203  5527760         
  20599 14235     1546.5943   661                   1213.0229  5695796         
  21335 14270     1333.8482   711                   1213.7697  5733962         
  22014 14990     1389.2907   719                   1214.1233  5990426         
  22631 15080     1275.2828   696                   1214.2921  6023831         
  23211 15737     1335.3132   725                   1214.3608  6276301         
  23622 15887     1231.6948   812                   1215.0049  6341916         
  23853 16513     1290.2733   721                   1215.0049  6644172         
  24325 16505     1250.6274   764                   1215.8201  6677678         
  25155 16594     1268.3846   703                   1216.4480  6777996         
Elapsed time = 907.49 sec. (184023.11 ticks, tree = 1596.26 MB, solutions = 0)
  25962 17704     1361.1515   705                   1216.4480  7068897         
  26793 17845     1266.8843   737                   1216.7043  7101857         
  27522 18048     1274.7578   809                   1216.7043  7157659         
  28279 18893     1291.7783   720                   1217.8528  7361719         
  28770 19474     1330.7947   612                   1217.9083  7540958         
  29020 20399     1269.5119   802                   1217.9083  7829790         
  29225 20421     1246.0729   743                   1218.2246  7924420         
  29576 20452     1300.4658   757                   1219.0610  8077340         
  30161 20530     1240.9846   752                   1220.0185  8250940         
  30771 20771     1289.2509   707                   1220.1867  8335066         
Elapsed time = 1112.25 sec. (222220.37 ticks, tree = 2111.62 MB, solutions = 0)
Nodefile size = 58.19 MB (44.88 MB after compression)
  31466 21166     1409.0677   721                   1220.3977  8461476         
  32256 21753     1259.4190   764                   1220.9072  8680255         
  33020 22240     1266.3006   773                   1221.2076  8854875         
  33799 23068     1319.5774   755                   1221.6520  9102461         
  34409 23034     1257.8732   732                   1221.7820  9092252         
  34870 23678     1268.2684   701                   1222.3880  9266840         
  35126 24426     1395.0007   684                   1222.8361  9544464         
  35668 24468     1308.5446   742                   1223.2883  9652184         
  36485 24462     1274.2301   757                   1223.5620  9751126         
  37190 24790     1314.7753   745                   1223.5620  9881410         
Elapsed time = 1317.08 sec. (260429.41 ticks, tree = 2570.31 MB, solutions = 0)
Nodefile size = 513.86 MB (389.21 MB after compression)
  37806 25597     1317.7075   750                   1223.8018 10074191         
  38506 25811     1614.3488   563                   1223.8018 10132989         
  39228 26527     1249.0835   749                   1224.2847 10414341         
  39892 26548     1318.1037   734                   1224.9080 10418891         
  40321 27611    infeasible                         1224.9080 10813319         
  40616 27959     1308.8403   790                   1225.3851 10951045         
  40841 27996     1396.9697   739                   1225.8798 11109092         
  41238 27976     1347.0520   763                   1225.8804 11213321         
  41909 28067     1827.7334   487                   1226.2060 11365983         
  42646 28081     1272.7941   786                   1226.8029 11371289         
Elapsed time = 1520.68 sec. (298628.24 ticks, tree = 2983.59 MB, solutions = 0)
Nodefile size = 933.89 MB (705.88 MB after compression)
  43341 28495     1282.8969   690                   1226.9103 11498407         
  43996 29239     1277.0961   688                   1226.9103 11726381         
  44670 29298     1349.2373   756                   1228.1278 11739806         
  45269 29675     1283.4516   737                   1228.2101 11884375         
  45687 30233     1321.0218   735                   1228.2101 12089654         
  46043 30774     1280.7454   704                   1228.2101 12277826         
  46308 31193     1485.0051   659                   1228.8025 12485703         
  46579 31434     1386.6919   648                   1228.8409 12761059         
  47082 31496     1404.2543   638                   1230.1396 12895870         
  47769 31465    infeasible                         1230.1561 12815309         
Elapsed time = 1728.95 sec. (336862.97 ticks, tree = 3425.60 MB, solutions = 0)
Nodefile size = 1373.28 MB (1036.59 MB after compression)
  48490 31736     1364.3815   736                   1230.1561 13123814         
  49024 32287     1253.8405   715                   1230.1561 13276815         
  49637 32966     1327.2073   752                   1230.7252 13472622         
  50283 33094     1278.3285   718                   1231.4792 13542513         
  51000 33697     1295.2863   705                   1231.6434 13823234         
  51564 33846     1290.2267   716                   1231.9014 13873266         
  52123 34424     1358.1757   674                   1232.2821 14037156         
  52637 35160     1279.1996   751                   1232.2821 14395141         
  53156 35111     1280.7884   773                   1232.8251 14387734         
  53523 35537    infeasible                         1232.9612 14574095         
Elapsed time = 1934.89 sec. (375104.90 ticks, tree = 3849.40 MB, solutions = 0)
Nodefile size = 1796.57 MB (1356.23 MB after compression)
  53712 35626     1371.1102   759                   1233.2294 14637561         
  53955 36074     1268.6408   855                   1233.4506 14851276         
  54361 36127     1317.2054   773                   1233.8341 15069863         
  54969 36159     1288.1276   744                   1233.8341 15062100         
  55744 36618     1629.9277   607                   1234.0948 15430595         
  56440 36260     1433.5779   715                   1234.0948 15275661         
  57094 36413     1276.2259   778                   1234.5500 15395067         
  57628 37217     1259.5025   784                   1234.5500 15613376         
  58293 37963     1274.8619   793                   1235.5059 15866155         
  58952 38194     1275.9938   738                   1235.7310 15981596         
Elapsed time = 2139.04 sec. (413317.90 ticks, tree = 4171.01 MB, solutions = 0)
Nodefile size = 2115.74 MB (1598.24 MB after compression)
  59572 39129     1291.2585   794                   1235.8105 16398777         
  60220 39553     1271.9745   722                   1235.8105 16544310         
  60751 39025     1303.9352   731                   1235.9384 16337179         
  61129 39448     1339.7673   794                   1235.9384 16534995         
  61388 40147    infeasible                         1236.6889 16773449         
  61601 40598    infeasible                         1236.6889 16959731         
  61944 40756     1508.3980   720                   1237.4468 17269652         
  62388 40794    infeasible                         1237.5694 17396949         
  63078 40818     1294.5143   734                   1237.6378 17425509         
  63664 40800     1286.1035   733                   1237.6378 17421886         
Elapsed time = 2347.13 sec. (451550.06 ticks, tree = 4489.69 MB, solutions = 0)
Nodefile size = 2448.78 MB (1851.07 MB after compression)
  64258 40816     1363.8197   744                   1238.0583 17591485         
  64808 41191     1416.2178   622                   1238.0583 17731855         
  65394 42299     1240.3386   790                   1238.2461 18190772         
  66046 42731     1302.2268   798                   1238.8909 18394508         
  66736 42316     1294.5441   729                   1238.8909 18220497         
  67288 42606     1289.3724   797                   1239.0140 18368155         
  67890 42955     1252.1037   764                   1239.3139 18501821         
  68322 43970     1304.7563   721                   1239.3139 18866984         
  68709 43808     1284.8972   712                   1239.5349 18830153         
  68946 44262     1386.2404   699                   1239.6268 19082063         
Elapsed time = 2557.02 sec. (489775.61 ticks, tree = 4952.75 MB, solutions = 0)
Nodefile size = 2898.17 MB (2192.72 MB after compression)
  69159 44425     1335.8034   772                   1239.8240 19123385         
  69476 44958     1309.4299   805                   1240.0261 19565536         
  69975 44991     1317.2551   758                   1240.3626 19707318         
  70558 45005     1426.5439   674                   1240.3626 19884369         
  71029 45044     1299.2894   761                   1240.4634 19819880         
  71637 45140     1254.6445   802                   1240.4634 19988015         
  72286 45812     1341.3857   738                   1240.4634 20217468         
  72881 46353     1273.1251   753                   1241.2069 20415494         
  73533 45879     1251.4514   748                   1241.2069 20248749         
  74076 47307     1308.1350   693                   1241.2069 20843853         
Elapsed time = 2763.08 sec. (528005.86 ticks, tree = 5242.85 MB, solutions = 0)
Nodefile size = 3187.69 MB (2411.41 MB after compression)
  74672 47909     1283.0429   741                   1241.2069 21044518         
  75241 47258     1272.3976   689                   1241.2391 20792033         
  75851 48560     1297.8396   766                   1241.2391 21308481         
  76443 48208     1464.1926   684                   1241.8707 21153533         
  76939 49078     1306.0824   749                   1241.8707 21582954         
  77258 49132    infeasible                         1241.8707 21603954         
  77493 50270     1386.8575   652                   1242.2134 22048246         
  77723 50285     1254.0050   800                   1242.3063 22078832         
  78007 50277     1305.9837   690                   1242.8361 22236774         
  78449 50265     1497.0682   642                   1242.9361 22110461         
Elapsed time = 2972.37 sec. (566222.97 ticks, tree = 5579.07 MB, solutions = 0)
Nodefile size = 3525.00 MB (2665.97 MB after compression)
  79052 50289     1363.4772   694                   1242.9361 22363391         
  79736 50379     1454.6202   729                   1243.0065 22500618         
  80398 50357     1314.6235   728                   1243.0065 22568979         
  80964 51263     1514.9078   615                   1243.0065 22975773         
  81426 50935    infeasible                         1243.2755 22917864         
  82010 51815     1274.4518   744                   1243.2755 23156113         
  82561 52522     1366.1553   749                   1243.4177 23457926         
  83133 52881     1440.0948   720                   1244.0190 23681987         
  83673 52781     1435.5615   639                   1244.2324 23577518         
  84338 53599     1276.5137   804                   1244.3981 24002313         
Elapsed time = 3171.68 sec. (604441.02 ticks, tree = 5862.82 MB, solutions = 0)
Nodefile size = 3806.02 MB (2877.18 MB after compression)
  84931 53817     1376.5989   752                   1244.4576 24100537         
  85454 53246     1508.0906   714                   1244.4576 23830077         
  86077 53913     1342.9886   683                   1244.6730 24187410         
  86534 54442     1252.3588   804                   1244.6730 24364795         
  86880 54721    infeasible                         1244.6730 24559629         
  87180 55619    infeasible                         1244.8149 24905014         
  87380 54954     1423.7308   739                   1244.9069 24655040         
  87610 55140    infeasible                         1245.0998 24713223         
  87931 55608    infeasible                         1245.0998 24916848         
  88364 55849     1579.1295   694                   1245.0998 25435750         
Elapsed time = 3383.73 sec. (642708.21 ticks, tree = 6171.18 MB, solutions = 0)
Nodefile size = 4115.32 MB (3113.81 MB after compression)
  88904 55873     1313.6721   773                   1245.6350 25364773         
  89578 55806    infeasible                         1245.7440 25529591         
  90349 55916     1318.4689   746                   1245.7440 25744454         
  91096 55903     1342.9737   682                   1245.7440 25706793         
  91836 56759     1311.5693   757                   1246.1268 26074736         
  92503 57148     1283.4074   736                   1246.3988 26225445         
  93166 57117     1275.5708   692                   1246.4064 26212574         
  93843 57451     1383.3658   782                   1246.6139 26314761         
  94478 57495     1288.4855   726                   1246.8490 26359853         
  95120 57975     1291.9955   725                   1246.9425 26491399         
Elapsed time = 3585.60 sec. (680927.89 ticks, tree = 6469.07 MB, solutions = 0)
Nodefile size = 4400.46 MB (3332.11 MB after compression)
  95739 58799     1285.6122   770                   1246.9774 26740267         
  96348 59662     1453.4873   685                   1247.1160 27102685         
  96927 59884     1255.4817   747                   1247.1278 27201484         
  97290 60055     1385.3996   719                   1247.4437 27241315         
  97600 59892    infeasible                         1247.4437 27212220         
  97834 61006     1268.4827   796                   1247.7694 27644496         
  98055 61619     1390.5760   714                   1247.7694 27940879         
  98432 61716     1364.1768   731                   1247.7694 28081619         
  98909 61702     1320.2081   748                   1247.7694 28101329         
  99373 61819     1713.7377   593                   1247.8988 28304980         
Elapsed time = 3801.79 sec. (719189.83 ticks, tree = 6939.88 MB, solutions = 0)
Nodefile size = 4894.40 MB (3710.03 MB after compression)
  99873 61741     1279.6782   697                   1247.8988 28497808         
 100544 61773     1540.5106   677                   1248.4406 28540853         
 101207 62044     1269.7935   765                   1248.5158 28704597         
 101848 62628     1307.9876   693                   1248.5554 28904126         
 102562 62458     1362.2448   728                   1248.6527 28867975         
 103238 64136     1787.4724   594                   1248.6530 29401470         
 103925 64315     1287.6845   765                   1248.8675 29492577         
 104622 64384     1684.9486   573                   1248.8675 29516473         
 105254 64261     1259.0632   714                   1248.8675 29470749         
 105933 64797     1883.4575   478                   1248.8675 29657631         
Elapsed time = 4003.83 sec. (757400.58 ticks, tree = 7333.01 MB, solutions = 0)
Nodefile size = 5265.69 MB (3994.35 MB after compression)
 106651 65474     1328.2063   765                   1249.0630 29884061         
 107305 64925     1289.0885   647                   1249.0630 29728080         
 107912 66010     1296.5978   796                   1249.5829 30107906         
 108566 65902     1362.1772   762                   1249.6078 30027290         
 109046 67158     1465.4004   691                   1249.6533 30506339         
 109386 67299     1407.3950   601                   1249.6533 30570128         
 109657 68177     1278.6709   825                   1250.0631 30868505         
 109921 68622     1324.7334   839                   1250.1204 30998812         
 110183 68889    infeasible                         1250.1236 31202764         
 110578 69148     1554.0807   750                   1250.1236 31456856         
Elapsed time = 4216.10 sec. (795657.85 ticks, tree = 7931.39 MB, solutions = 0)
Nodefile size = 5873.51 MB (4461.41 MB after compression)
 111060 69076     1388.4286   742                   1250.1236 31419486         
 111554 69220     1272.0539   684                   1250.1236 31681432         
 111999 69179     1315.9216   723                   1250.6837 31473100         
 112573 69253     1376.0966   722                   1250.7987 31614647         
 113226 69255     1298.1301   721                   1250.9517 31768420         
 113845 69671     1279.8310   749                   1250.9816 32058982         
 114566 70297     1297.2359   742                   1251.0665 32309885         
 115283 70163     1294.4740   721                   1251.1618 32266954         
 115992 71074     1324.8255   661                   1251.2617 32682080         
 116582 70931     1292.6173   777                   1251.2617 32619390         
Elapsed time = 4425.72 sec. (833855.87 ticks, tree = 7965.89 MB, solutions = 0)
Nodefile size = 5903.77 MB (4482.76 MB after compression)
 117271 70637     1727.8105   618                   1251.4833 32509112         
 117948 71459     1281.5520   738                   1251.6126 32859212         
 118637 71723     1350.1628   699                   1251.6824 32953553         
 119284 73468     1286.5844   794                   1251.8370 33543549         
 119935 73074     1298.4657   806                   1251.9414 33410369         
 120559 73505     1487.3631   690                   1252.1156 33553158         
 121272 74614     1367.3834   757                   1252.1901 34054832         
 121899 74393     1296.2960   863                   1252.2073 33908902         
 122547 74127     1371.1056   747                   1252.2175 33818010         
 122974 75231     1313.8384   755                   1252.2175 34251659         
Elapsed time = 4631.85 sec. (872074.98 ticks, tree = 8484.83 MB, solutions = 0)
Nodefile size = 6422.86 MB (4877.52 MB after compression)
 123386 75248     1282.5403   749                   1252.2175 34256675         
 123736 76984     1280.3285   777                   1252.5385 34944615         
 124053 76243    infeasible                         1252.5385 34585988         
 124290 77186    infeasible                         1252.5385 35063804         
 124543 77110     1291.5867   784                   1252.5385 35010908         
 124812 77677     1446.6953   702                   1252.5385 35613140         
 125167 77586    infeasible                         1253.0127 35515510         
 125528 77721     1435.0522   710                   1253.0339 35755441         
 125959 77752     1279.4656   720                   1253.0784 35644841         
 126528 77743     1290.3456   725                   1253.1944 35633192         
Elapsed time = 4846.10 sec. (910338.80 ticks, tree = 8834.99 MB, solutions = 0)
Nodefile size = 6765.43 MB (5141.39 MB after compression)
 127152 77774     1290.9135   799                   1253.2839 36065293         
 127886 77813     1333.9486   745                   1253.4391 36178078         
 128551 77762     1271.7931   825                   1253.4652 35900825         
 129170 78439     1362.6173   738                   1253.5432 36452528         
 129830 79404     1304.4832   704                   1253.6017 36786086         
 130452 79531     1374.6365   743                   1253.6017 36812325         
 131213 79758     1314.8029   814                   1253.8648 36918911         
 131923 78795     1278.1546   737                   1254.0101 36567535         
 132653 79665     1342.2410   766                   1254.1471 36898471         
 133332 79776     1382.0010   750                   1254.3329 36933565         
Elapsed time = 5053.25 sec. (948547.55 ticks, tree = 9119.13 MB, solutions = 0)
Nodefile size = 7052.16 MB (5362.17 MB after compression)
 133993 80764     1364.1586   735                   1254.3707 37397061         
 134688 80608     1284.6476   712                   1254.4900 37348867         
 135367 81890     1367.4146   655                   1254.6000 37763936         
 136006 82092     1282.1440   745                   1254.6865 37820807         
 136628 81917     1294.3948   798                   1254.6865 37774007         
 137296 82516     1314.3349   631                   1254.8612 37963486         
 137993 82860     1325.1516   746                   1254.8612 38100631         
 138618 84665    infeasible                         1254.8612 38828862         
 139220 83186     1388.5617   767                   1254.8612 38217579         
 139689 83866     1328.2981   761                   1254.8612 38460556         
Elapsed time = 5259.91 sec. (986791.98 ticks, tree = 9684.69 MB, solutions = 0)
Nodefile size = 7618.35 MB (5798.18 MB after compression)
 140105 84718     1424.4397   766                   1255.2219 38839640         
 140495 85235     1276.5625   794                   1255.2219 39053512         
 140736 85073     1265.5608   741                   1255.2219 39006179         
 140958 85536     1295.9698   845                   1255.2219 39196495         
 141188 86832     1545.4923   639                   1255.2219 39806471         
 141415 86776    infeasible                         1255.6814 39692870         
 141661 86679     1665.5370   584                   1255.6814 39650904         
 141995 86845     1323.3965   753                   1255.9327 40133236         
 142397 86793     1846.8641   619                   1256.0550 39989257         
 142901 86837     1353.2524   769                   1256.0781 40321592         
Elapsed time = 5475.32 sec. (1025091.86 ticks, tree = 10068.03 MB, solutions = 0)
Nodefile size = 8033.02 MB (6117.32 MB after compression)
 143548 86899     1311.5555   751                   1256.0781 40619524         
 144168 86861     1353.8542   733                   1256.0781 40430557         
 144882 87004     1296.4075   757                   1256.0781 40829756         
 145446 87490     1334.4208   715                   1256.0781 41093553         
 145957 87156     1269.1537   755                   1256.4593 40955318         
 146643 88509     1285.7718   767                   1256.5378 41462176         
 147375 88102     1364.2729   741                   1256.5378 41279871         
 148093 88626     1373.9596   688                   1256.5378 41544260         
 148793 88723     1286.8517   731                   1256.5378 41579946         
 149531 89678     1302.1478   668                   1257.0860 41984230         
Elapsed time = 5680.19 sec. (1063298.03 ticks, tree = 10246.94 MB, solutions = 0)
Nodefile size = 8185.17 MB (6231.21 MB after compression)
 150217 89372     1334.0809   700                   1257.1897 41842326         
 151006 89492     1295.9944   821                   1257.2567 41873241         
 151756 89519     1474.5805   655                   1257.3522 41878348         
 152498 90782     1282.3106   774                   1257.3859 42345876         
 153182 91939     1305.6565   790                   1257.4922 42839279         
 153778 91517     1306.4608   674                   1257.6231 42699277         
 154388 90829     1273.3471   636                   1257.7005 42422706         
 154979 91395     1894.2590   542                   1257.8946 42626678         
 155681 92001     1319.8233   811                   1257.9902 42893716         
 156334 91844    infeasible                         1258.1072 42839478         
Elapsed time = 5889.51 sec. (1101494.42 ticks, tree = 10544.95 MB, solutions = 0)
Nodefile size = 8476.36 MB (6454.02 MB after compression)
 156902 92255     1639.8667   608                   1258.1532 42958447         
 157453 93304     1345.3694   750                   1258.2678 43397876         
 157946 92981     1330.9341   738                   1258.2759 43296510         
 158331 93484     1303.8363   762                   1258.3709 43529608         
 158671 95844     1261.7227   802                   1258.5769 44412119         
 158969 94903     1259.6470   798                   1258.6562 44095270         
 159219 95146     1311.1230   798                   1258.8328 44191074         
 159498 94922     1637.7456   590                   1258.8890 44102359         
 159731 96505     1867.3027   543                   1258.9126 44910574         
 160045 96576     1320.5755   841                   1259.0487 45173753         
Elapsed time = 6109.08 sec. (1139792.37 ticks, tree = 11204.79 MB, solutions = 0)
Nodefile size = 9142.78 MB (6967.81 MB after compression)
 160381 96554     1302.5159   728                   1259.0815 45134854         
 160879 96549     1280.4808   694                   1259.1829 45390927         
 161413 96576     1333.9954   670                   1259.2114 45144060         
 162039 96604     1303.0749   782                   1259.2877 45323636         
 162705 96712     1322.4929   803                   1259.3178 45474775         
 163426 96663     1354.9102   787                   1259.4019 45552521         
 164139 96721     1326.8959   733                   1259.4986 45714682         
 164819 97255     1311.6729   830                   1259.6000 46106751         
 165547 96771     1397.2104   758                   1259.6890 45927886         
 166269 96831     1283.7622   779                   1259.7416 45961575         
Elapsed time = 6314.11 sec. (1178055.49 ticks, tree = 11244.03 MB, solutions = 0)
Nodefile size = 9176.72 MB (6993.98 MB after compression)
 166921 98159     1328.2388   711                   1259.8190 46440984         
 167602 97915     1391.1548   639                   1259.9195 46348215         
 168275 97653     1467.2391   673                   1260.0027 46227456         
 169008 98564     1300.1559   731                   1260.0469 46609170         
 169687 100414     1299.6082   741                   1260.1732 47218511         
 170292 99293     1315.6088   725                   1260.2253 46826638         
 170935 100042     1295.3314   786                   1260.3155 47113219         
 171560 101896     1314.0827   675                   1260.3707 47793333         
 172166 99580     1497.6964   687                   1260.4391 46937325         
 172789 101134     1507.0386   765                   1260.5750 47475943         
Elapsed time = 6507.77 sec. (1216276.63 ticks, tree = 11845.81 MB, solutions = 0)
Nodefile size = 9782.95 MB (7461.50 MB after compression)
 173456 103132     1402.1492   718                   1260.7233 48375782         
 174043 102724     1269.3905   788                   1260.7233 48185343         
 174654 103227     1313.8918   745                   1260.9731 48484076         
 175233 102143     1334.0746   789                   1261.0065 47920756         
 175691 103014     1406.8334   766                   1261.1070 48328825         
 176102 102857     1315.6181   677                   1261.1987 48304492         
 176450 103517     1541.6658   595                   1261.3400 48667572         
 176695 104112    infeasible                         1261.4396 48857911         
 176939 104320     1267.8331   795                   1261.5102 48970677         
 177200 105646     1386.0844   695                   1261.5788 49653204         
Elapsed time = 6731.81 sec. (1254539.46 ticks, tree = 12191.26 MB, solutions = 0)
Nodefile size = 10129.75 MB (7721.03 MB after compression)
 177443 105095     1366.6237   697                   1261.7251 49369687         
 177707 105605     1418.6900   702                   1261.8086 49815127         
 177956 105605     1459.8784   677                   1261.9057 49949604         
 178293 105569    infeasible                         1261.9278 49804544         
 178703 105603     1358.6591   691                   1261.9278 49703719         
 179253 105745     1308.8335   826                   1262.1673 50424501         
 179751 105769     1412.1801   807                   1262.2201 50429148         
 180337 105684     1581.9517   633                   1262.2750 50369358         
 181029 105690     1292.8307   770                   1262.3244 50199534         
 181805 106211     1288.4075   791                   1262.4342 51131942         
Elapsed time = 6945.88 sec. (1292794.65 ticks, tree = 12294.95 MB, solutions = 0)
Nodefile size = 10231.33 MB (7799.59 MB after compression)
 182569 105754     1307.4581   745                   1262.4759 50664404         
 183327 105749     1388.5059   716                   1262.5109 50599108         
 184101 105776     1748.8382   592                   1262.5534 50748781         
 184877 106021     1318.1579   710                   1262.6342 51055243         
 185531 107438     1319.2733   870                   1262.6989 51531280         
 186140 107818     1356.2512   751                   1262.7214 51661529         
 186825 109231     1455.5808   759                   1262.8658 52143096         
 187548 109657     1333.2669   735                   1262.9837 52308029         
 188198 107753     1286.1836   807                   1263.0448 51640344         
 188775 108904     1268.2604   806                   1263.0876 52064481         
Elapsed time = 7151.14 sec. (1331018.58 ticks, tree = 12675.17 MB, solutions = 0)
Nodefile size = 10611.19 MB (8093.26 MB after compression)
 189343 108797     1329.4770   680                   1263.1343 52001848         
 189998 110248     1358.7440   673                   1263.2095 52549984         
 190617 110273     1297.7633   717                   1263.3493 52554873         
 191287 110334     1286.5181   755                   1263.4682 52628536         
 191963 110999     1403.0840   728                   1263.5789 52924675         
 192745 112466     1330.0378   754                   1263.6349 53434020         
 193500 112951     1397.9531   689                   1263.7297 53727641         
 194148 112975     1750.4895   549                   1263.8377 53733183         
 194799 113135     1312.4595   790                   1263.9341 53826587         
 195348 112464     1317.1233   699                   1264.1131 53421289         
Elapsed time = 7351.48 sec. (1369258.34 ticks, tree = 13188.76 MB, solutions = 0)
Nodefile size = 11118.69 MB (8485.13 MB after compression)
 195767 112778     1356.7718   744                   1264.1605 53619904         
 196153 113049     1304.3702   727                   1264.2731 53752704         
 196483 113533    infeasible                         1264.3426 54035039         
 196751 113628     1789.3750   567                   1264.4001 54075954         
 197016 115829    infeasible                         1264.4829 54960845         
 197235 115854     1443.2370   763                   1264.5357 54988732         
 197462 115597    infeasible                         1264.6833 54830487         
 197774 115754    infeasible                         1264.7676 54892633         
 198159 115641     1373.2391   709                   1264.8629 54872842         
 198553 115894     1377.9289   728                   1264.9161 55381185         
Elapsed time = 7565.06 sec. (1407597.38 ticks, tree = 13684.36 MB, solutions = 0)
Nodefile size = 11624.02 MB (8875.55 MB after compression)
 199070 115841     1310.7020   689                   1264.9161 55596258         
 199611 115757    infeasible                         1265.0182 55153911         
 200355 115819     1350.5581   739                   1265.1627 55897511         
 201094 115908     1307.5966   745                   1265.2194 56184732         
 201851 116019     1310.0242   717                   1265.2381 56250766         
 202451 116479     1728.3878   607                   1265.2381 56407054         
 203036 116711     1288.3285   782                   1265.3685 56534716         
 203699 116517     1401.8807   674                   1265.4325 56417958         
 204482 117439    infeasible                         1265.5256 56887477         
 205184 117227     1375.6652   658                   1265.5549 56755534         
Elapsed time = 7775.74 sec. (1445831.89 ticks, tree = 13879.03 MB, solutions = 0)
Nodefile size = 11810.76 MB (9019.93 MB after compression)
 205766 118204     1359.0913   759                   1265.7412 57154498         
 206333 118040     1298.8095   878                   1265.8027 57063654         
 206827 119460     1301.6967   736                   1265.8539 57639431         
 207407 119452     1417.2144   722                   1265.8539 57613162         
 208033 118601     1308.0309   759                   1265.9900 57339454         
 208680 118847     1310.8322   739                   1266.0794 57433540         
 209154 120428     1519.3052   627                   1266.1952 58190435         
 209641 119484     1298.3830   747                   1266.2961 57633277         
 209991 119904     1295.0369   807                   1266.3022 57968143         
 210371 120231     1375.8369   777                   1266.3657 58092315         
Elapsed time = 7983.25 sec. (1484103.54 ticks, tree = 14312.29 MB, solutions = 0)
Nodefile size = 12252.17 MB (9361.62 MB after compression)
 210667 121503    infeasible                         1266.4401 58739908         
 210883 120056     1549.5566   658                   1266.5650 58074501         
 211078 121653    infeasible                         1266.6772 58838785         
 211290 121884     1275.8894   731                   1266.7375 58942078         
 211509 122161    infeasible                         1266.8338 59430699         
 211738 122037     1352.6775   673                   1266.8524 59016619         
 211965 122144     1290.1620   690                   1266.8962 59642747         
 212292 122024    infeasible                         1266.9954 59024489         
 212679 122102     1301.1763   710                   1267.0668 59885496         
 213212 122057     1580.5757   683                   1267.1641 60103190         
Elapsed time = 8195.73 sec. (1522438.77 ticks, tree = 14362.49 MB, solutions = 0)
Nodefile size = 12337.27 MB (9426.09 MB after compression)
 213742 122140     1327.4445   815                   1267.1824 60205465         
 214280 122120    infeasible                         1267.1824 59923302         
 214926 122101     1288.0223   733                   1267.3231 60047504         
 215614 122111     1328.8605   742                   1267.3607 60146445         
 216282 122153     1276.3777   733                   1267.4894 60330647         
 216888 122085     1335.9664   790                   1267.5496 60359565         
 217518 122145     1339.9483   718                   1267.6129 60671324         
 218097 122481     1344.7912   775                   1267.7206 60805473         
 218783 123416     1301.0921   727                   1267.7394 61160708         
 219509 123693     1367.4181   727                   1267.8171 61227891         
Elapsed time = 8408.68 sec. (1560790.10 ticks, tree = 14607.66 MB, solutions = 0)
Nodefile size = 12539.44 MB (9580.14 MB after compression)
 220138 123869     1356.8598   738                   1267.8711 61329754         
 220823 124080     1367.6116   710                   1267.8711 61438390         
 221550 124399     1363.0087   728                   1267.9822 61570838         
 222313 124861     1431.6071   664                   1268.0671 61769730         
 223066 126396     1361.0333   791                   1268.1584 62484975         
 223719 126592     1364.3267   734                   1268.2163 62559300         
 224482 125414     1315.2448   726                   1268.2727 62019219         
 225126 127093     1332.7047   729                   1268.3337 62695983         
 225758 126641     1315.0779   746                   1268.4204 62572501         
 226220 126660     1553.2907   631                   1268.4339 62577638         
Elapsed time = 8618.06 sec. (1598992.03 ticks, tree = 15032.25 MB, solutions = 0)
Nodefile size = 12960.31 MB (9904.70 MB after compression)
 226699 127280     1306.2202   761                   1268.5841 62737286         
 227098 127272     1311.8451   805                   1268.6280 62817395         
 227490 128898    infeasible                         1268.6947 63512682         
 227753 128891    infeasible                         1268.7333 63516791         
 227991 128103     1387.0816   704                   1268.8290 63182533         
 228248 129235     1336.3501   719                   1268.8408 63651307         
 228514 128879     1274.2150   778                   1269.0241 63527901         
 228759 129573     1396.7962   660                   1269.0921 63784679         
 229034 130046     1275.2147   818                   1269.1373 64634134         
 229388 130085     1371.3896   735                   1269.1925 64688586         
Elapsed time = 8830.05 sec. (1637311.26 ticks, tree = 15536.87 MB, solutions = 0)
Nodefile size = 13483.01 MB (10308.74 MB after compression)
 229726 130143     1329.3721   734                   1269.2390 64107057         
 230146 130037     1390.9673   730                   1269.3162 64876860         
 230592 130088     1610.7935   656                   1269.3279 64654771         
 231170 130036     1470.5894   662                   1269.4515 65043095         
 231818 130269     1424.2912   774                   1269.5067 65475394         
 232419 130107     1274.6734   806                   1269.5145 64795656         
 233043 130687     1341.1213   713                   1269.5982 65690980         
 233657 131094    infeasible                         1269.6688 65893667         
 234331 131278     1794.4090   552                   1269.7296 66000089         
 234882 130086     1386.9254   805                   1269.7696 65404032         
Elapsed time = 9034.52 sec. (1675593.28 ticks, tree = 15515.85 MB, solutions = 0)
Nodefile size = 13483.01 MB (10308.74 MB after compression)
 235535 131334     1504.4871   681                   1269.8507 66009438         
 236286 130557     1366.3828   747                   1269.8961 65610873         
 237010 132484     1318.0987   638                   1269.8961 66630565         
 237764 132644     1315.2308   774                   1269.8961 66668184         
 238456 133112     1309.4602   684                   1270.0120 66943084         
 239204 133487     1348.0298   707                   1270.0120 67120667         
 239884 132827     1323.9663   779                   1270.0120 66746591         
 240587 132932     1299.0685   764                   1270.0120 66838290         
 241293 132969     1342.0679   767                   1270.0120 66842781         
 241787 133886     1319.9917   702                   1270.0120 67280651         
Elapsed time = 9255.53 sec. (1713826.24 ticks, tree = 15759.75 MB, solutions = 0)
Nodefile size = 13686.39 MB (10461.80 MB after compression)
 242365 133547     1802.5555   552                   1270.5389 67144751         
 242994 133931     1311.4203   862                   1270.5787 67321488         
 243460 134698     1298.3219   744                   1270.7110 67619796         
 243786 135425     1530.9299   736                   1270.7342 67872442         
 244036 137195    infeasible                         1270.8791 68678379         
 244267 134811    infeasible                         1270.8791 67685394         
 244496 136856     1472.7609   723                   1270.9809 68500883         
 244706 137240     1374.4288   796                   1271.0197 68766366         
 244921 136629    infeasible                         1271.1274 68414804         
 245163 137251     1281.0099   738                   1271.2299 68802797         
Elapsed time = 9462.12 sec. (1752185.45 ticks, tree = 16244.84 MB, solutions = 0)
Nodefile size = 14181.31 MB (10843.57 MB after compression)
 245477 137264     1308.2926   790                   1271.3810 68804821         
 245830 137277     1365.2038   778                   1271.4287 68806928         
 246155 137285     1461.4284   763                   1271.4431 68810279         
 246542 137208     1285.4015   788                   1271.5587 69629955         
 247007 137268     1321.1976   769                   1271.6089 69782960         
 247618 137268     1309.5480   790                   1271.7120 69739870         
 248263 137276     1453.1710   737                   1271.7689 69643572         
 249001 137336     1332.5396   690                   1271.8977 70076916         
 249553 137714     1491.0916   719                   1271.9286 70469153         
 250213 137292     1304.5270   771                   1271.9713 69806600         
Elapsed time = 9669.58 sec. (1790406.61 ticks, tree = 16270.42 MB, solutions = 0)
Nodefile size = 14201.23 MB (10858.99 MB after compression)
 250777 137367     1298.8002   765                   1272.0226 70065895         
 251419 137482     1355.2371   681                   1272.0921 70277934         
 252064 138827     1375.7737   795                   1272.1374 70915119         
 252702 137816     1932.4761   510                   1272.2349 70494287         
 253341 139964     1339.8471   713                   1272.3234 71518328         
 253953 138293     1343.7573   718                   1272.3234 70734868         
 254606 138503     1326.4749   715                   1272.4063 70776153         
 255271 139357     1378.5702   751                   1272.4475 71149671         
 255943 140805     1318.5440   730                   1272.5027 71939436         
 256722 139648     1392.6804   716                   1272.5710 71298549         
Elapsed time = 9876.47 sec. (1828593.27 ticks, tree = 16620.70 MB, solutions = 0)
Nodefile size = 14546.37 MB (11126.79 MB after compression)
 257398 140817     1325.5296   690                   1272.6114 71880750         
 258053 141316     1285.2718   740                   1272.7282 72186363         
 258701 141511     1322.6607   702                   1272.7419 72259146         
 259230 140825     1285.4087   705                   1272.7605 71960215         
 259816 142987     1330.1697   714                   1272.7605 72928214         
 260415 142353     1331.1990   781                   1272.7605 72678313         
 260937 141569     1295.2636   681                   1272.9199 72313157         
 261451 142826     1433.7712   728                   1272.9698 72847939         
 261851 143954     1382.8913   657                   1273.1400 73437051         
 262160 143533     1292.0645   832                   1273.2173 73212831         
Elapsed time = 10083.45 sec. (1866838.81 ticks, tree = 17074.15 MB, solutions = 0)
Nodefile size = 15012.44 MB (11485.91 MB after compression)
 262411 143679    infeasible                         1273.2459 73295345         
 262671 144331    infeasible                         1273.3543 73666861         
 262916 143801     1332.1007   694                   1273.3543 73375660         
 263169 143974     1477.9562   668                   1273.4980 73494255         
 263426 145317    infeasible                         1273.5902 74078332         
 263745 145527     1289.5236   732                   1273.6864 74832935         
 264082 145521    infeasible                         1273.6905 74224558         
 264370 145556     1397.1936   653                   1273.7339 74890387         
 264782 145593    infeasible                         1273.7657 74919675         
 265332 145670     1353.9044   784                   1273.7804 74692567         
Elapsed time = 10318.27 sec. (1905068.98 ticks, tree = 17112.41 MB, solutions = 0)
Nodefile size = 15046.45 MB (11508.28 MB after compression)
 265926 145604     1276.2217   846                   1273.8891 74616566         
 266624 145490    infeasible                         1273.9715 75200723         
 267299 145499     1283.9870   775                   1274.0431 75341955         
 267957 145590     1308.1282   764                   1274.0661 75364090         
 268615 145648     1319.2332   717                   1274.0909 75581383         
 269216 145548     1285.0678   811                   1274.1772 75406709         
 269791 145540     1288.3197   702                   1274.1772 75360923         
 270444 145985     1281.1096   750                   1274.2632 75664702         
 271100 146301     1380.4599   733                   1274.3628 75906931         
 271643 147206     1346.6217   676                   1274.4199 76349019         
Elapsed time = 10514.91 sec. (1943271.29 ticks, tree = 17347.03 MB, solutions = 0)
Nodefile size = 15280.62 MB (11688.89 MB after compression)
 272233 147452     1359.0233   684                   1274.4424 76555992         
 272910 147774    infeasible                         1274.4610 76735956         
 273599 147290     1376.1601   698                   1274.4990 76434875         
 274264 147018     1575.7705   589                   1274.5388 76263882         
 274898 149098    infeasible                         1274.6342 77436640         
 275455 148192     1371.3405   738                   1274.6943 76996203         
 275880 149416     1325.4576   661                   1274.7849 77577706         
 276387 148680     1445.2966   651                   1274.8150 77249038         
 276933 149646    infeasible                         1274.8327 77689901         
 277330 149788    infeasible                         1274.9162 77788964         
Elapsed time = 10730.15 sec. (1981468.22 ticks, tree = 17724.79 MB, solutions = 0)
Nodefile size = 15661.67 MB (11983.63 MB after compression)
 277675 148860     1572.0937   633                   1274.9284 77361208         
 277926 150745     1631.6380   612                   1274.9943 78287436         
 278144 149963     1382.0096   705                   1275.1308 77900562         
 278401 151413    infeasible                         1275.2550 78659961         
 278675 151102     1293.5664   848                   1275.2916 78498831         
 278934 151403    infeasible                         1275.3226 78667698         
 279174 151406    infeasible                         1275.4069 79046131         
 279407 151376     1852.9451   552                   1275.4772 79282666         
 279806 151412     1318.5585   797                   1275.5230 79358648         
 280213 151500     1328.1934   752                   1275.5334 78975107         
Elapsed time = 10936.06 sec. (2019806.03 ticks, tree = 17981.28 MB, solutions = 0)
Nodefile size = 15913.83 MB (12178.57 MB after compression)
 280788 151459     1308.3146   706                   1275.7262 79444615         
 281369 151494     1343.7982   777                   1275.7612 79711452         
 281966 151400     1329.4515   736                   1275.7732 79588644         
 282630 151444     1298.9069   721                   1275.8598 79697636         
 283369 151439     1314.0040   725                   1275.9507 79521496         
 284093 151507     1314.6049   735                   1275.9763 80172206         
 284764 152545     1373.1502   711                   1276.0251 80582027         
 285433 153254     1342.4052   748                   1276.1500 80954808         
 286035 153276     1306.5006   768                   1276.2077 80998958         
 286597 152417     1407.9724   730                   1276.2116 80529187         
Elapsed time = 11142.82 sec. (2058041.85 ticks, tree = 18124.06 MB, solutions = 0)
Nodefile size = 16059.63 MB (12291.80 MB after compression)
 287240 152889     1286.9732   723                   1276.2541 80807420         
 287859 152774     1335.2921   816                   1276.3369 80675348         
 288541 152864     1373.4055   708                   1276.3837 80785831         
 289175 152893     1365.1145   743                   1276.4636 80821284         
 289736 155507     1318.7184   760                   1276.5348 81871094         
 290385 154532     1552.7615   735                   1276.5644 81463793         
 290994 154557     1281.5422   719                   1276.5644 81506688         
 291603 154319     1311.8532   759                   1276.6815 81403642         
 292310 155837     1292.6929   744                   1276.7353 82149593         
 293091 155759     1365.9258   796                   1276.7703 82073612         
Elapsed time = 11335.84 sec. (2096226.44 ticks, tree = 18500.84 MB, solutions = 0)
Nodefile size = 16433.51 MB (12578.86 MB after compression)
 293820 156617     1310.2335   763                   1276.8672 82538521         
 294526 155932     1331.1516   782                   1276.9384 82163584         
 295045 157906    infeasible                         1277.0361 83135473         
 295572 158261    infeasible                         1277.0515 83274889         
 296048 157104     1298.1023   813                   1277.1364 82704230         
 296520 157147     1398.7408   767                   1277.1638 82708689         
 296859 157414     1354.2459   757                   1277.2259 82851860         
 297153 158491    infeasible                         1277.2537 83391056         
 297385 158379     1432.7231   684                   1277.2641 83369211         
 297667 158583    infeasible                         1277.3769 83433355         
Elapsed time = 11563.67 sec. (2134521.67 ticks, tree = 18636.00 MB, solutions = 0)
Nodefile size = 16570.72 MB (12679.87 MB after compression)
 297891 159762     1950.6158   548                   1277.4461 83919675         
 298146 160041     1300.8609   731                   1277.5122 84382897         
 298385 160022     1368.6992   722                   1277.5394 84504701         
 298675 160005     1309.6265   738                   1277.6283 84734073         
 299004 159994     1777.4235   542                   1277.6460 84140339         
 299453 160053     1338.9664   727                   1277.7298 84820416         
 299948 159902     1418.0243   755                   1277.8438 85314278         
 300385 159992     1337.7823   699                   1277.8488 84922156         
 300873 160107    infeasible                         1277.8664 84809079         
 301484 160029     2229.0846   472                   1277.9366 85208523         
Elapsed time = 11776.61 sec. (2172788.38 ticks, tree = 18869.19 MB, solutions = 0)
Nodefile size = 16807.26 MB (12862.30 MB after compression)
 302202 159890     1317.0277   763                   1277.9942 85704056         
 302927 159998     1321.2634   696                   1278.0449 85031164         
 303611 160664     1285.3077   829                   1278.1018 86090809         
 304279 160009     1776.9147   571                   1278.2053 85751779         
 304925 160725     1296.9335   818                   1278.2196 86139115         
 305744 160628     1297.7891   753                   1278.2532 86070995         
 306488 161988     1325.7149   745                   1278.3016 86659779         
 307134 160854     1369.6480   737                   1278.3315 86190329         
 307796 162343     1340.0053   732                   1278.3963 86838505         
 308679 160855     1332.4009   637                   1278.4661 86231191         
Elapsed time = 11982.81 sec. (2210980.91 ticks, tree = 19000.44 MB, solutions = 0)
Nodefile size = 16931.09 MB (12958.51 MB after compression)
 309394 162794     1363.3958   691                   1278.5161 87018785         
 309768 161724     1345.8965   726                   1278.5161 86549529         
 309946 162258     1370.6324   751                   1278.5161 86791177         

Clique cuts applied:  23
Cover cuts applied:  20
Implied bound cuts applied:  2791
Flow cuts applied:  348
Mixed integer rounding cuts applied:  221
Flow path cuts applied:  1
Zero-half cuts applied:  38
Lift and project cuts applied:  17
Gomory fractional cuts applied:  24

Root node processing (before b&c):
  Real time             =   24.41 sec. (14305.41 ticks)
Parallel b&c, 32 threads:
  Real time             = 12007.47 sec. (2212369.20 ticks)
  Sync time (average)   = 3191.78 sec.
  Wait time (average)   =    0.00 sec.
                          ------------
Total (root+branch&cut) = 12031.87 sec. (2226674.61 ticks)
Number of arguments: 4

File path: ../Data/Demo/100/RC101.txt
Capacity of FEV: 600
Capacity of SEV: 50
Execution time limit: 200
Number of Robots/MM: 10
Case: f

Number of customers: 100
./Result/RC101/RC101-Q50
No feasible solution found.
Version identifier: 22.1.1.0 | 2022-11-28 | 9160aff4d
CPXPARAM_TimeLimit                               8400
Infeasibility row 'c517':  0  = 1.
Presolve time = 0.01 sec. (3.10 ticks)

Root node processing (before b&c):
  Real time             =    0.01 sec. (4.60 ticks)
Parallel b&c, 32 threads:
  Real time             =    0.00 sec. (0.00 ticks)
  Sync time (average)   =    0.00 sec.
  Wait time (average)   =    0.00 sec.
                          ------------
Total (root+branch&cut) =    0.01 sec. (4.60 ticks)
Number of arguments: 4

File path: ../Data/Demo/50/RC101_50.txt
Capacity of FEV: 600
Capacity of SEV: 50
Execution time limit: 140
Number of Robots/MM: 10
Case: f

Number of customers: 49
./Result/RC101_50/RC101_50-Q50
No feasible solution found.
