Version identifier: 22.1.1.0 | 2022-11-28 | 9160aff4d
CPXPARAM_TimeLimit                               3600
Tried aggregator 1 time.
MIP Presolve eliminated 4191 rows and 2186 columns.
MIP Presolve modified 6177 coefficients.
Reduced MIP has 4588 rows, 6158 columns, and 22788 nonzeros.
Reduced MIP has 3198 binaries, 2960 generals, 0 SOSs, and 0 indicators.
Presolve time = 0.04 sec. (20.83 ticks)
Probing fixed 79 vars, tightened 6 bounds.
Probing changed sense of 10 constraints.
Probing time = 0.08 sec. (19.04 ticks)
Tried aggregator 1 time.
Detecting symmetries...
MIP Presolve eliminated 253 rows and 258 columns.
MIP Presolve modified 2 coefficients.
Reduced MIP has 4335 rows, 5900 columns, and 21672 nonzeros.
Reduced MIP has 3118 binaries, 2782 generals, 0 SOSs, and 0 indicators.
Presolve time = 0.04 sec. (20.64 ticks)
Probing fixed 66 vars, tightened 0 bounds.
Probing time = 0.05 sec. (16.69 ticks)
Clique table members: 15378.
MIP emphasis: balance optimality and feasibility.
MIP search method: dynamic search.
Parallel mode: deterministic, using up to 32 threads.
Root relaxation solution time = 0.17 sec. (96.96 ticks)

        Nodes                                         Cuts/
   Node  Left     Objective  IInf  Best Integer    Best Bound    ItCnt     Gap

      0     0      598.0348   136                    598.0348     2402         
      0     0      633.9498   208                   Cuts: 256     2801         
      0     0      639.4860   200                   Cuts: 144     3037         
      0     0      642.6601   224                    Cuts: 62     3186         
      0     0      643.6585   164                    Cuts: 61     3270         
      0     0      650.8114   166                    Cuts: 35     3396         
Detecting symmetries...
      0     0      653.6625   178                    Cuts: 29     3430         
      0     0      654.2213   193                    Cuts: 21     3490         
      0     0      654.4936   154                    Cuts: 19     3522         
      0     0      654.5209   157                     Cuts: 3     3543         
Detecting symmetries...
      0     2      654.5209   143                    655.9440     3543         
Elapsed time = 6.56 sec. (1839.86 ticks, tree = 0.02 MB, solutions = 0)
    189    12      704.3973   147                    656.4999     4478         
    518   422      734.4895   118                    658.2374    45181         
   1012   632      801.9316    75                    658.2374    70092         
   1551  1021      738.2135    82                    658.2374   120594         
   2078  1286      669.4659   154                    658.5783   155642         
   2725  1520      772.4431   118                    658.5783   183679         
   3549  2093      730.3353   155                    658.5783   223316         
   4404  2556    infeasible                          659.8012   252022         
   5223  3028    infeasible                          659.8012   276798         
   7674  5126     1160.4603   139                    662.6443   383730         
Elapsed time = 22.39 sec. (4945.87 ticks, tree = 108.16 MB, solutions = 0)

Performing restart 1

Repeating presolve.
Tried aggregator 1 time.
MIP Presolve eliminated 39 rows and 80 columns.
MIP Presolve modified 86 coefficients.
Reduced MIP has 4296 rows, 5820 columns, and 21403 nonzeros.
Reduced MIP has 3049 binaries, 2771 generals, 0 SOSs, and 0 indicators.
Presolve time = 0.02 sec. (11.16 ticks)
Tried aggregator 1 time.
MIP Presolve eliminated 16 rows and 23 columns.
Reduced MIP has 4280 rows, 5797 columns, and 21328 nonzeros.
Reduced MIP has 3039 binaries, 2758 generals, 0 SOSs, and 0 indicators.
Presolve time = 0.03 sec. (14.45 ticks)
Represolve time = 0.18 sec. (65.13 ticks)
   8322     0      665.6303   259                    Cuts: 67   437631         
   8322     0      685.4672   288                   Cuts: 169   437972         
   8322     0      718.0256   288                   Cuts: 167   438337         
   8322     0      723.9332   290                   Cuts: 163   438708         
   8322     0      729.4533   298                   Cuts: 112   439025         
   8322     0      741.6560   320                   Cuts: 137   439372         
   8322     0      748.1150   357                    Cuts: 93   439569         
   8322     0      748.9393   401                   Cuts: 122   439670         
   8322     0      750.6695   384                    Cuts: 88   439832         
   8322     0      751.9403   376                    Cuts: 89   439981         
   8322     0      752.4322   415                    Cuts: 67   440092         
   8322     0      752.6927   402                    Cuts: 48   440196         
   8322     0      752.8621   399                    Cuts: 76   440269         
   8322     0      753.0587   414                    Cuts: 30   440348         
   8322     0      753.1921   413                    Cuts: 60   440457         
   8322     0      753.3816   445                    Cuts: 55   440510         
   8322     0      754.0829   427                    Cuts: 63   440617         
   8322     0      754.3272   418                    Cuts: 67   440709         
   8322     0      754.6795   442                    Cuts: 41   440801         
   8322     0      754.9263   451                    Cuts: 30   440867         
   8322     0      755.1567   442                    Cuts: 32   440949         
   8322     0      755.2908   457                    Cuts: 45   441029         
   8322     0      755.4468   459                    Cuts: 47   441110         
   8322     0      755.5986   462                    Cuts: 58   441213         
   8322     0      756.6219   434                    Cuts: 43   441477         
   8322     0      757.7286   416                    Cuts: 99   441678         
   8322     0      757.9109   443                    Cuts: 63   441804         
   8322     0      758.0859   440                    Cuts: 80   441961         
   8322     0      758.3201   469                    Cuts: 47   442098         
*  8322+    0                         1721.7650      758.3201            55.96%
   8322     0      758.6333   462     1721.7650      Cuts: 39   442234   55.94%
*  8322+    0                         1472.9366      758.6333            48.50%
   8322     0      758.7703   450     1472.9366      Cuts: 34   442334   48.49%
   8322     0      758.8450   448     1472.9366      Cuts: 31   442388   48.48%
*  8322+    0                         1445.7054      758.8450            47.51%
   8322     0      758.8743   446     1445.7054      Cuts: 24   442435   47.51%
*  8322+    0                         1419.3818      758.8743            46.53%
*  8322+    0                         1367.2204      758.8743            44.50%
*  8322+    0                         1353.5527      758.8743            43.93%
*  8322+    0                         1351.2998      758.8743            43.84%
   8322     0  -1.00000e+75     0     1351.2998      758.8743   442435   43.84%
   8322     0      758.9130   455     1351.2998      Cuts: 53   442479   43.84%
*  8322+    0                         1345.6935      758.9130            43.60%
*  8322+    0                         1344.3215      758.9130            43.55%
   8322     0  -1.00000e+75     0     1344.3215      758.9130   442479   43.55%
   8322     2      758.9130   455     1344.3215      758.9130   442479   43.55%
   8324     3      791.6098   280     1344.3215      758.9832   442712   43.54%
   8333     6      834.4721   216     1344.3215      759.0089   443342   43.54%
   8354     8    infeasible           1344.3215      759.1224   445697   43.53%
*  8566+   30                         1342.5100      760.5613            43.35%
*  8568+   30                         1335.5882      760.5613            43.05%
*  8569+   30                         1329.9590      760.5613            42.81%
   8700   140      819.7238   255     1329.9590      760.5613   472600   42.81%
*  9272+   30                         1252.9957      760.5613            39.30%
   9310   605      790.1569   180     1252.9957      760.5613   522902   39.30%
*  9413+   30                         1217.2716      760.5613            37.52%
*  9426+   30                         1207.7858      760.5613            37.03%
  10525  1342      803.3640   202     1207.7858      760.5613   573823   37.03%
  10941  1743    infeasible           1207.7858      760.5613   620584   37.03%
  12468  2514      810.6008   161     1207.7858      760.5613   696018   37.03%
  12759  3239      808.7808   217     1207.7858      762.9755   754418   36.83%
Elapsed time = 336.71 sec. (27043.64 ticks, tree = 91.28 MB, solutions = 15)
  13385  3308      826.0784   148     1207.7858      762.9755   799451   36.83%
* 13425+ 3779                         1137.3568      762.9755            32.92%
* 13425+ 3779                         1136.5005      762.9755            32.87%
  13760  3818      858.5414   215     1136.5005      765.3165   841035   32.66%
  14535  4192    infeasible           1136.5005      768.7908   887381   32.35%
  14835  4624      861.2265   167     1136.5005      774.4148   962749   31.86%
  15750  4972      803.6455   223     1136.5005      774.4932  1020697   31.85%
  16677  5623      891.9703   239     1136.5005      777.6827  1079914   31.57%
  16864  6001      793.3048   171     1136.5005      781.2882  1137859   31.25%
  17212  6006      875.6712   211     1136.5005      781.9361  1157664   31.20%
  18268  6186      838.1068   251     1136.5005      782.5438  1204301   31.14%
  19214  6923      833.7266    82     1136.5005      783.6001  1276922   31.05%
Elapsed time = 374.77 sec. (36613.26 ticks, tree = 171.41 MB, solutions = 104)
  19467  7620        cutoff           1136.5005      784.1006  1384379   31.01%
  19637  7614     1014.9324   285     1136.5005      784.1688  1405979   31.00%
  20132  7710      856.1379   383     1136.5005      784.1688  1451768   31.00%
  21429  7818      814.3318   226     1136.5005      786.2385  1486969   30.82%
  22134  8720      837.4577    99     1136.5005      787.8999  1565931   30.67%
  22403  9475      860.1555   163     1136.5005      788.8473  1646259   30.59%
  22685  9510      999.1767   310     1136.5005      788.8473  1699316   30.59%
  23545  9695      844.3036   381     1136.5005      789.7370  1770483   30.51%
  24403  9970      879.3746   116     1136.5005      791.2646  1794097   30.38%
  24683 10706      829.5901   253     1136.5005      792.6007  1874418   30.26%
Elapsed time = 412.76 sec. (46168.49 ticks, tree = 265.98 MB, solutions = 104)
  24948 10667      795.2178   249     1136.5005      792.6007  1939150   30.26%
  25184 10703    infeasible           1136.5005      792.8012  1970322   30.24%
  25404 10718      806.5730   217     1136.5005      792.8236  2016461   30.24%
  26201 10895      802.5651   218     1136.5005      793.2646  2090437   30.20%
  27030 11425      922.7881   272     1136.5005      793.4955  2150874   30.18%
  27321 11904      865.9346   376     1136.5005      794.0982  2215641   30.13%
  27589 11947     1104.2880   122     1136.5005      794.0982  2250487   30.13%
  27849 11928      799.4587   234     1136.5005      794.0982  2304057   30.13%
  28092 11986      833.1263   250     1136.5005      795.8764  2392691   29.97%
  28615 11981      843.3476   131     1136.5005      796.3622  2453934   29.93%
Elapsed time = 451.41 sec. (55745.17 ticks, tree = 280.22 MB, solutions = 104)
  29551 12009      828.3731   110     1136.5005      797.1096  2458065   29.86%
  29960 12498    infeasible           1136.5005      797.7971  2538711   29.80%
  30220 12923      953.6130   298     1136.5005      798.7348  2627918   29.72%
  30475 12910    infeasible           1136.5005      798.9827  2700409   29.70%
  30730 12940      867.3766   283     1136.5005      798.9827  2752620   29.70%
  31378 12971      855.6383   118     1136.5005      798.9827  2790703   29.70%
  32626 13039      879.4538   157     1136.5005      799.4790  2847385   29.65%
  33556 13324      850.1027   235     1136.5005      800.8329  2876189   29.54%
  33831 14670      902.3930   169     1136.5005      801.9359  3008299   29.44%
  34030 14587    infeasible           1136.5005      801.9803  3072997   29.43%
Elapsed time = 490.08 sec. (65307.62 ticks, tree = 382.95 MB, solutions = 104)
  34248 14557      894.2676   264     1136.5005      802.3658  3087573   29.40%
* 34464 14574      integral     0     1078.3421      802.3658  3156701   25.59%
  34549 14382      819.3420   294     1078.3421      802.3658  3173282   25.59%
  34814 14370     1061.0719   197     1078.3421      802.9080  3187880   25.54%
  35086 14366      809.3708   309     1078.3421      804.5840  3225214   25.39%
  35406 14298      819.7048   196     1078.3421      804.7908  3326125   25.37%
  36130 14295      895.9802   232     1078.3421      805.4964  3391702   25.30%
* 36176+14316                         1076.0068      805.4964            25.14%
  37136 14293      839.7674   320     1076.0068      805.9064  3383112   25.10%
  37768 14552      938.9451   227     1076.0068      806.9426  3439994   25.01%
  38049 15090    infeasible           1076.0068      807.5272  3512648   24.95%
  38310 15539        cutoff           1076.0068      807.9921  3670407   24.91%
Elapsed time = 529.05 sec. (74885.06 ticks, tree = 373.86 MB, solutions = 106)
  38569 15519    infeasible           1076.0068      808.0440  3680520   24.90%
  38783 15438        cutoff           1076.0068      808.0440  3776749   24.90%
  39026 15457        cutoff           1076.0068      808.0440  3782159   24.90%
  39264 15433      834.9278   242     1076.0068      809.7743  3813800   24.74%
  39460 15359      836.9918   222     1076.0068      809.8698  3928576   24.73%
  39636 15324        cutoff           1076.0068      810.0190  3961448   24.72%
  39873 15280    infeasible           1076.0068      810.0190  4029671   24.72%
  40152 15276      826.9788   216     1076.0068      810.1965  4031522   24.70%
  40472 15257      931.9129   212     1076.0068      810.4990  4149136   24.68%
  41283 15299      876.4225   101     1076.0068      812.2169  4142176   24.52%
Elapsed time = 567.84 sec. (84443.58 ticks, tree = 366.80 MB, solutions = 106)
  42398 15224    infeasible           1076.0068      812.6282  4211487   24.48%
  43124 16079    infeasible           1076.0068      813.2390  4352219   24.42%
  43429 15791     1015.7204   170     1076.0068      813.5651  4323417   24.39%
  43717 16652    infeasible           1076.0068      814.2895  4470914   24.32%
  44002 16666      826.6255   290     1076.0068      814.7024  4463102   24.28%
  44274 16567        cutoff           1076.0068      815.1201  4563321   24.25%
  44558 16442    infeasible           1076.0068      815.5429  4644807   24.21%
  44829 16453        cutoff           1076.0068      815.8806  4641830   24.18%
  45106 16305    infeasible           1076.0068      815.9223  4770005   24.17%
  45383 16261        cutoff           1076.0068      817.1288  4809749   24.06%
Elapsed time = 607.64 sec. (94023.00 ticks, tree = 359.15 MB, solutions = 106)
  45648 16280    infeasible           1076.0068      817.3937  4792121   24.03%
  45917 16145      834.4580   156     1076.0068      817.3937  4906758   24.03%
  46184 16165      963.5481   255     1076.0068      817.3937  4895561   24.03%
  46390 16014      861.8038   223     1076.0068      818.6961  4990520   23.91%
  46616 15906        cutoff           1076.0068      818.9067  5082795   23.89%
  46873 15926      850.9862   230     1076.0068      819.3086  5062483   23.86%
  47192 15848    infeasible           1076.0068      819.3330  5117580   23.85%
  47694 15774      924.7724   284     1076.0068      819.3330  5201482   23.85%
  48442 15699      863.0353   334     1076.0068      820.3360  5295226   23.76%
  50853 17030        cutoff           1076.0068      822.4281  5539152   23.57%
Elapsed time = 657.56 sec. (106447.47 ticks, tree = 371.60 MB, solutions = 106)
  51928 16798    infeasible           1076.0068      824.2063  5757684   23.40%
  52959 16345        cutoff           1076.0068      825.7853  6019235   23.25%
  54031 15947        cutoff           1076.0068      828.2213  6241095   23.03%
  55042 15621      906.6062   171     1076.0068      829.3536  6391551   22.92%
  56087 15124        cutoff           1076.0068      831.6801  6644032   22.71%
  57223 14464    infeasible           1076.0068      833.7455  6941142   22.51%
  58279 14089      874.9424   278     1076.0068      835.6371  7109903   22.34%
  59357 13787        cutoff           1076.0068      836.4677  7276007   22.26%
  60459 13198        cutoff           1076.0068      840.6736  7571664   21.87%
  61601 12446    infeasible           1076.0068      843.3633  7837274   21.62%
Elapsed time = 816.05 sec. (144645.34 ticks, tree = 267.62 MB, solutions = 106)
  62844 11571        cutoff           1076.0068      845.7138  8117138   21.40%
  64192 11313        cutoff           1076.0068      848.3305  8190640   21.16%
  65475 10204    infeasible           1076.0068      850.9875  8431036   20.91%
  66691  8919      907.3003   182     1076.0068      854.9026  8782709   20.55%
  67916  8268      915.6397   210     1076.0068      859.8809  8969114   20.09%
  69252  7370        cutoff           1076.0068      865.7991  9185958   19.54%
  70599  6112     1015.7130   268     1076.0068      875.4501  9530804   18.64%
  71975  5266    infeasible           1076.0068      884.0515  9767477   17.84%
  73404  4666        cutoff           1076.0068      898.5535  9896192   16.49%
  74846  2843        cutoff           1076.0068      914.8575 10299948   14.98%
Elapsed time = 973.23 sec. (182820.45 ticks, tree = 39.36 MB, solutions = 106)
  76443  1635        cutoff           1076.0068      958.2837 10542800   10.94%
* 78127   324      integral     0     1075.6559     1023.9050 10822204    4.81%
* 78261+  341                         1075.0215     1023.9050             4.75%
  78812   341        cutoff           1075.0215     1023.9050 10833601    4.75%
  87409  1113     1067.3251    82     1075.0215     1047.7315 10896981    2.54%
  95602  3479    infeasible           1075.0215     1059.3424 11499643    1.46%
 107014  1501        cutoff           1075.0215     1072.4009 11945459    0.24%

GUB cover cuts applied:  8
Clique cuts applied:  4
Cover cuts applied:  36
Implied bound cuts applied:  298
Flow cuts applied:  257
Mixed integer rounding cuts applied:  262
Flow path cuts applied:  4
Zero-half cuts applied:  35
Multi commodity flow cuts applied:  3
Lift and project cuts applied:  67
Gomory fractional cuts applied:  22

Root node processing (before b&c):
  Real time             =    2.53 sec. (1828.81 ticks)
Parallel b&c, 32 threads:
  Real time             = 1058.32 sec. (200531.40 ticks)
  Sync time (average)   =  261.86 sec.
  Wait time (average)   =    0.14 sec.
                          ------------
Total (root+branch&cut) = 1060.85 sec. (202360.21 ticks)
Number of arguments: 5

File path: ../Data/Demo/50/C102_50.txt
Capacity of FEV: 600
Capacity of SEV: 50
Execution time limit: 60
Case: r

Number of customers: 46
./Result/C102_50/C102_50-Q50-r
Optimal solution found!
Total execution time: 1063.115545455 seconds
Total distance traveled: 1075.0214849174713
File name: C102_50-Q50-r
Number of customers: 46
Capacity of FEV: 10000
Capacity of Microhub: 600
Capacity of SEV: 50
Number of parkings: 16
Number of microhubs: 10.0
Number of robots/MM: 10
Parking generation rule: r
==========================================================================
