Version identifier: 22.1.1.0 | 2022-11-28 | 9160aff4d
CPXPARAM_TimeLimit                               13200
Tried aggregator 1 time.
MIP Presolve eliminated 17818 rows and 10473 columns.
MIP Presolve modified 11729 coefficients.
Reduced MIP has 10509 rows, 17149 columns, and 56492 nonzeros.
Reduced MIP has 8672 binaries, 8477 generals, 0 SOSs, and 0 indicators.
Presolve time = 0.10 sec. (55.67 ticks)
Probing fixed 75 vars, tightened 5 bounds.
Probing changed sense of 10 constraints.
Probing time = 0.27 sec. (62.11 ticks)
Tried aggregator 1 time.
Detecting symmetries...
MIP Presolve eliminated 347 rows and 351 columns.
MIP Presolve modified 4 coefficients.
Reduced MIP has 10162 rows, 16798 columns, and 55040 nonzeros.
Reduced MIP has 8596 binaries, 8202 generals, 0 SOSs, and 0 indicators.
Presolve time = 0.09 sec. (49.94 ticks)
Probing fixed 137 vars, tightened 0 bounds.
Probing time = 0.18 sec. (56.73 ticks)
Cover probing fixed 68 vars, tightened 112 bounds.
Clique table members: 17717.
MIP emphasis: balance optimality and feasibility.
MIP search method: dynamic search.
Parallel mode: deterministic, using up to 32 threads.
Root relaxation solution time = 3.39 sec. (344.98 ticks)

        Nodes                                         Cuts/
   Node  Left     Objective  IInf  Best Integer    Best Bound    ItCnt     Gap

      0     0      923.4943   233                    923.4943       22         
      0     0      987.1941   358                   Cuts: 325     1268         
      0     0     1000.0157   461                   Cuts: 160     1930         
      0     0     1005.9167   405                   Cuts: 124     2465         
      0     0     1011.4749   439                    Cuts: 81     2828         
      0     0     1014.4546   422                    Cuts: 75     3258         
Detecting symmetries...
      0     0     1015.9168   410                    Cuts: 54     3558         
      0     0     1016.8001   403                    Cuts: 39     3777         
      0     0     1017.3589   423                    Cuts: 38     3898         
      0     0     1024.5013   434                    Cuts: 41     4200         
      0     0     1028.9456   500                    Cuts: 52     4449         
      0     0     1029.3387   453                    Cuts: 45     4618         
      0     0     1030.1421   501                    Cuts: 39     4818         
      0     0     1030.4598   511                    Cuts: 27     4909         
      0     0     1030.5887   526                    Cuts: 28     5070         
      0     0     1030.9790   510                    Cuts: 30     5215         
      0     0     1038.9849   528                    Cuts: 31     5590         
      0     0     1039.6566   485                    Cuts: 55     5751         
      0     0     1039.8174   465                    Cuts: 48     5827         
      0     0     1040.0802   495                    Cuts: 32     5957         
      0     0     1040.2840   470                    Cuts: 18     6028         
      0     0     1040.3163   493                    Cuts: 31     6054         
Detecting symmetries...
      0     2     1040.3163   493                   1040.3163     6054         
Elapsed time = 19.39 sec. (9087.17 ticks, tree = 0.02 MB, solutions = 0)
      9     6     1042.6934   488                   1041.7672     6805         
     40    14     1049.9056   407                   1042.5534     7905         
     83    61     1048.1512   447                   1042.5534    15118         
    161    88     1053.3805   454                   1042.5534    21271         
    215   176     1049.1744   518                   1043.9081    36930         
    268   214     1058.8775   409                   1043.9081    47961         
    296   225     1109.4343   338                   1043.9081    51261         
    318   270     1062.9459   407                   1043.9081    63730         
    353   293     1085.9584   383                   1043.9081    73882         
    516   373     1070.0783   395                   1043.9081   118951         
Elapsed time = 37.06 sec. (12265.83 ticks, tree = 6.78 MB, solutions = 0)
    690   553     1166.1157   384                   1043.9081   334234         
   1082   701     1345.1662   250                   1044.1694   402734         
   1520   911     1458.6494   262                   1044.4790   456617         
   1918  1208    infeasible                         1044.4790   522657         
   2300  1518     1170.0467   392                   1044.4790   587081         
   2711  1690     1071.3365   398                   1044.4790   636251         
   3158  2008     1181.2037   400                   1045.2203   718660         
   3634  2168     1050.6497   418                   1045.6689   762012         
   4095  2300     1105.9267   539                   1045.6689   791734         
   4485  2826    infeasible                         1048.2092   902994         
Elapsed time = 74.74 sec. (21830.94 ticks, tree = 150.97 MB, solutions = 0)
   4882  3037     1136.5376   474                   1048.2092   937654         
   5370  3466     1104.4295   468                   1048.2092  1002829         
   5863  3962     1081.8341   464                   1048.2092  1075161         
   6311  4083     1331.8818   417                   1049.2339  1096660         
   6755  4649     1159.8356   386                   1049.7439  1187215         
   7235  4945     1071.4446   404                   1049.7439  1243625         
   7655  5062     1328.3633   371                   1049.7439  1263988         
   7893  5433     1118.9862   392                   1049.7439  1332603         

Performing restart 1

Repeating presolve.
Tried aggregator 1 time.
MIP Presolve eliminated 89 rows and 257 columns.
MIP Presolve modified 460 coefficients.
Reduced MIP has 10073 rows, 16541 columns, and 54330 nonzeros.
Reduced MIP has 8388 binaries, 8153 generals, 0 SOSs, and 0 indicators.
Presolve time = 0.05 sec. (27.60 ticks)
Tried aggregator 1 time.
MIP Presolve eliminated 152 rows and 183 columns.
MIP Presolve modified 564 coefficients.
Reduced MIP has 9921 rows, 16358 columns, and 53824 nonzeros.
Reduced MIP has 8342 binaries, 8016 generals, 0 SOSs, and 0 indicators.
Presolve time = 0.08 sec. (42.06 ticks)
Tried aggregator 1 time.
MIP Presolve eliminated 321 rows and 437 columns.
MIP Presolve modified 838 coefficients.
Reduced MIP has 9600 rows, 15921 columns, and 52598 nonzeros.
Reduced MIP has 8214 binaries, 7707 generals, 0 SOSs, and 0 indicators.
Presolve time = 0.08 sec. (41.72 ticks)
Tried aggregator 1 time.
MIP Presolve eliminated 143 rows and 177 columns.
MIP Presolve modified 652 coefficients.
Reduced MIP has 9457 rows, 15744 columns, and 52121 nonzeros.
Reduced MIP has 8172 binaries, 7572 generals, 0 SOSs, and 0 indicators.
Presolve time = 0.07 sec. (35.36 ticks)
Represolve time = 1.41 sec. (439.28 ticks)
   7906     0     1113.3646   599                   Cuts: 249  1418736         
   7906     0     1150.1708   636                   Cuts: 322  1419926         
   7906     0     1165.7959   657                   Cuts: 261  1421168         
   7906     0     1173.0513   647                   Cuts: 307  1421756         
   7906     0     1177.9562   661                   Cuts: 239  1422267         
   7906     0     1183.5855   616                   Cuts: 191  1422850         
   7906     0     1186.2506   680                   Cuts: 202  1423413         
   7906     0     1188.5089   721                   Cuts: 161  1423900         
   7906     0     1191.3434   738                   Cuts: 169  1424433         
   7906     0     1195.1103   679                   Cuts: 345  1425052         
   7906     0     1197.2433   735                   Cuts: 172  1425483         
   7906     0     1198.1253   744                   Cuts: 137  1425831         
   7906     0     1199.1040   733                   Cuts: 113  1426118         
   7906     0     1199.6740   751                    Cuts: 86  1426331         
   7906     0     1200.0984   734                    Cuts: 95  1426553         
   7906     0     1200.3812   766                    Cuts: 89  1426694         
   7906     0     1200.7264   761                    Cuts: 43  1426845         
   7906     0     1200.8790   760                    Cuts: 79  1427015         
   7906     0     1201.0143   784                    Cuts: 34  1427167         
   7906     0     1201.1228   776                    Cuts: 65  1427301         
   7906     0     1201.2260   775                    Cuts: 49  1427417         
   7906     0     1201.3651   804                    Cuts: 50  1427547         
   7906     0     1201.4309   766                    Cuts: 35  1427669         
   7906     0     1201.4582   776                    Cuts: 36  1427737         
   7906     2     1201.4582   776                   1201.4582  1427737         
   7907     3     1203.4049   725                   1203.4050  1428322         
Elapsed time = 169.76 sec. (72057.08 ticks, tree = 0.02 MB, solutions = 0)
   7908     3     1217.9582   730                   1203.4050  1429141         
   7909     4     1214.5533   681                   1203.4050  1429520         
   7910     4     1206.4585   707                   1206.4597  1429000         
   7912     5     1225.2549   691                   1206.4597  1430980         
   7914     7     1222.3708   693                   1206.4597  1432936         
   7917    10     1244.5010   669                   1206.4597  1436148         
   7920     8     1244.0385   590                   1209.9463  1434168         
   7921    12     1258.3456   586                   1209.9463  1438320         
   7924     9     1228.2512   667                   1209.9463  1434989         
   7926    15     1246.1931   605                   1209.9463  1446781         
Elapsed time = 210.24 sec. (95080.41 ticks, tree = 0.02 MB, solutions = 0)
   7933     9     1236.5461   642                   1209.9463  1435476         
   7936    16     1285.7460   530                   1209.9477  1445178         
   7942    21     1252.3413   655                   1212.0697  1471240         
   7953    23     1223.2332   696                   1212.0697  1470470         
   7957    25     1260.1279   576                   1212.0697  1479480         
   7969    26     1321.1498   442                   1212.0697  1489479         
   7979    21     1234.9339   716                   1212.0697  1472505         
   7994    22     1234.9339   714                   1212.0697  1475411         
   8013    25     1311.8600   525                   1212.0697  1481198         
   8033    46     1234.9320   672                   1212.2594  1712362         
Elapsed time = 257.64 sec. (106522.69 ticks, tree = 0.19 MB, solutions = 0)
   8063    57     1257.1140   707                   1212.2594  1808309         
   8092    51     1289.4415   583                   1212.7844  1746763         
   8121    63     1215.4606   728                   1212.7844  1857737         
   8160    87     1269.2806   701                   1212.7844  1910781         
   8197    88     1258.5308   696                   1212.7844  1917800         
   8248   100     1265.8433   601                   1212.7844  1921695         
   8318    95     1302.2109   644                   1212.7844  1928610         
   8406   145     1282.8533   597                   1212.7844  1983986         
   8503   185     1264.0165   649                   1212.7844  1997114         
   8589   245     1306.7733   526                   1212.7844  2048801         
Elapsed time = 296.85 sec. (116315.78 ticks, tree = 4.77 MB, solutions = 0)
   8706   232     1276.2553   624                   1212.7844  2033733         
   8809   293     1371.2225   540                   1212.7844  2076226         
   8912   421     1300.7735   630                   1212.7844  2124896         
   9014   549     1338.1002   492                   1212.7844  2166967         
   9120   708     1274.9131   658                   1212.7844  2227216         
   9215   457     1317.8026   570                   1212.7844  2138504         
   9329   801     1274.4991   640                   1212.7844  2262396         
   9440   794     1264.8114   608                   1212.7844  2259373         
   9569   941     1258.1540   650                   1212.7844  2323650         
   9699   906     1344.0889   358                   1212.7844  2302339         
Elapsed time = 339.40 sec. (125972.55 ticks, tree = 20.83 MB, solutions = 0)
   9798   960     1346.5324   633                   1212.7844  2335382         
   9871   949     1262.3162   720                   1212.7844  2332238         
   9922  1329    infeasible                         1216.4663  2461878         
   9974  1175     1258.3838   750                   1216.4663  2409368         
  10031  1374     1382.1189   607                   1216.4663  2493391         
  10084  1397     1280.3532   754                   1216.4663  2525229         
  10148  1416     1339.1024   546                   1222.5330  2553795         
  10203  1403     1321.0016   517                   1222.5330  2518090         
  10287  1418     1324.2626   598                   1222.5330  2564399         
  10425  1573     1332.9896   465                   1222.5330  2635748         
Elapsed time = 388.37 sec. (135631.42 ticks, tree = 62.19 MB, solutions = 0)
  10585  1509     1332.5551   637                   1222.5330  2616617         
  10771  1542     1285.2065   715                   1222.5330  2629368         
  10950  1682     1369.0099   466                   1222.5330  2685686         
  11103  1771     1298.9774   542                   1222.5330  2740021         
  11268  1750     1256.0467   723                   1222.5330  2732339         
  11404  2065     1272.8478   753                   1222.5330  2795254         
  11562  2275     1343.5273   492                   1222.5330  2839815         
  11711  1799     1358.2188   607                   1222.5330  2749579         
  11871  2555     1635.5722   442                   1222.5330  2915706         
  12034  2414     1307.3833   595                   1222.5330  2875674         
Elapsed time = 433.26 sec. (145218.39 ticks, tree = 131.33 MB, solutions = 0)
  12243  2389     1756.7116   420                   1222.5330  2869403         
  12399  2423     1322.3215   560                   1222.5330  2878028         
  12596  2704     1392.1620   586                   1222.5330  2951903         
  12773  2750     1400.5135   648                   1222.5330  2966577         
  12935  2854     1299.4965   709                   1222.5330  2987187         
  13081  2985     1394.4613   532                   1222.5330  3021037         
  13227  3420     1270.5508   518                   1222.5330  3154372         
  13373  3732     1301.2093   694                   1230.2324  3251184         
  13509  3205     1266.6814   615                   1230.2330  3096654         
  14082  4049     1248.7231   710                   1230.2330  3379957         
Elapsed time = 489.23 sec. (157673.04 ticks, tree = 236.54 MB, solutions = 0)
  14467  4201     1487.4694   576                   1230.2330  3414894         
  14687  4738     1583.9430   504                   1230.2330  3610081         
  14933  4775    infeasible                         1238.6617  3729497         
  15029  4817     1383.0353   613                   1238.6617  3781618         

Performing restart 2

Repeating presolve.
Tried aggregator 1 time.
MIP Presolve eliminated 179 rows and 239 columns.
MIP Presolve modified 1433 coefficients.
Reduced MIP has 9278 rows, 15505 columns, and 61110 nonzeros.
Reduced MIP has 8112 binaries, 7393 generals, 0 SOSs, and 0 indicators.
Presolve time = 0.09 sec. (47.87 ticks)
Tried aggregator 1 time.
MIP Presolve eliminated 224 rows and 288 columns.
MIP Presolve modified 1856 coefficients.
Reduced MIP has 9054 rows, 15217 columns, and 60297 nonzeros.
Reduced MIP has 8048 binaries, 7169 generals, 0 SOSs, and 0 indicators.
Presolve time = 0.06 sec. (33.40 ticks)
Tried aggregator 1 time.
MIP Presolve eliminated 14 rows and 26 columns.
MIP Presolve modified 6 coefficients.
Reduced MIP has 9040 rows, 15191 columns, and 60185 nonzeros.
Reduced MIP has 8036 binaries, 7155 generals, 0 SOSs, and 0 indicators.
Presolve time = 0.08 sec. (38.87 ticks)
Represolve time = 1.79 sec. (639.03 ticks)
  15030     0     1207.7697   777                   Cuts: 107  3962741         
  15030     0     1209.6273   752                    Cuts: 88  3963184         
  15030     0     1210.4605   762                    Cuts: 61  3963508         
  15030     0     1210.9861   770                    Cuts: 90  3963812         
  15030     0     1212.9106   727                   Cuts: 103  3964256         
  15030     0     1213.5813   763                   Cuts: 142  3964591         
  15030     0     1214.8332   762                   Cuts: 113  3965031         
  15030     0     1215.0242   769                   Cuts: 103  3965202         
  15030     2     1215.0396   769                   1246.0655  3965202         
  15031     3     1226.3054   728                   1246.0655  3965939         
  15034     4     1234.6670   662                   1246.0655  3967229         
  15039     9     1239.8141   697                   1246.0655  3970067         
  15051    14     1249.1336   650                   1246.0655  3975178         
  15060    24     1243.7193   707                   1246.0655  3991193         
Elapsed time = 649.51 sec. (225409.80 ticks, tree = 0.09 MB, solutions = 0)
  15101    41     1219.2122   739                   1246.0655  4047593         
  15200    72     1249.2987   648                   1246.0655  4109248         
  15300    60     1344.7681   582                   1246.0655  4097435         
  15404   232     1272.0559   605                   1246.0655  4310850         
  15581   249     1344.2394   547                   1246.0655  4338498         
  15788   308    infeasible                         1246.0655  4436265         
  16004   488     1295.1804   565                   1246.0655  4589730         
  16284   374    infeasible                         1246.0655  4513294         
  16627   748     1375.6371   463                   1246.0655  4814716         
  16924   897    infeasible                         1246.0655  4894473         
Elapsed time = 805.26 sec. (263848.66 ticks, tree = 27.40 MB, solutions = 0)
  17335  1117    infeasible                         1246.0655  5015030         
  17612  1472     1281.4113   689                   1246.0655  5247839         
  17808  1756     1382.9798   656                   1252.1622  5461057         
  18028  1794     1342.2228   478                   1254.9383  5598025         
  18347  1860     1307.3561   511                   1255.2474  5716546         
  18670  1845     1356.0196   466                   1255.4168  5712263         
  18975  2051     1326.5613   602                   1255.7867  5835924         
  19311  2278     1338.6784   674                   1256.8960  6017933         
  19726  2633     1331.8642   469                   1262.0767  6342256         
  20021  2625     1313.9911   604                   1262.2555  6316472         
Elapsed time = 980.42 sec. (302110.96 ticks, tree = 101.89 MB, solutions = 0)
  20288  2917    infeasible                         1262.2555  6537069         
  20589  3219    infeasible                         1264.2241  6834347         
  20937  3170     1349.9214   626                   1265.4906  6784347         
  21334  3541     1415.6581   593                   1265.5968  7124518         
  21702  3743     1403.8498   492                   1267.8078  7253959         
  22025  3698    infeasible                         1269.9334  7233244         
  22301  4180     1332.4746   460                   1270.2209  7703451         
  22542  4113     1448.3549   465                   1270.2576  7670829         
  22760  4305    infeasible                         1271.7570  7941534         
  22995  4329     1339.1948   566                   1273.8284  8031377         
Elapsed time = 1156.33 sec. (340355.75 ticks, tree = 229.65 MB, solutions = 0)
  23278  4438     1307.1565   606                   1275.1735  8288358         
  23611  4506     1293.9229   635                   1275.2483  8390502         
  23917  4685     1295.0473   596                   1277.8526  8617542         
  24265  4810     1409.5285   576                   1279.7277  8765990         
  24619  4955    infeasible                         1280.4574  8915795         
  24860  5072    infeasible                         1281.4263  9039640         
  25056  5242     1633.7163   381                   1281.4263  9196667         
  25285  5268    infeasible                         1282.4269  9401157         
  25495  5293     1314.6649   620                   1282.4269  9420007         
  25731  5362     1308.4498   619                   1284.5460  9592024         
Elapsed time = 1333.90 sec. (378662.48 ticks, tree = 299.94 MB, solutions = 0)
  26041  5492    infeasible                         1286.3992  9881040         
  26289  5497     1374.3311   558                   1286.6171  9959903         
  26574  5601     1373.2231   619                   1286.6229 10130895         
  26783  5638     1339.3625   505                   1286.6229 10264431         
  26993  5746     1340.6917   606                   1288.8502 10499948         
  27217  5740     1324.7812   605                   1289.2724 10541357         
  27428  5751    infeasible                         1291.7615 10629905         
  27636  5841     1302.2333   439                   1292.1305 10957482         
  27885  5860     1430.8165   495                   1293.6491 11040133         
  28200  5918     1499.2940   502                   1295.9324 11406196         
Elapsed time = 1513.59 sec. (417057.71 ticks, tree = 341.84 MB, solutions = 0)
  28482  5954     1368.8736   547                   1295.9324 11484860         
  28718  5980     1441.8758   511                   1295.9324 11558047         
  28938  6185     1313.7590   626                   1297.3157 11913889         
  29189  6175    infeasible                         1299.1149 12012522         
  29438  6232     1749.2225   408                   1300.7914 12052974         
  29644  6349     1390.8599   375                   1300.7914 12228620         
  29899  6330    infeasible                         1301.3525 12451225         
  30223  6340     1396.3137   667                   1301.4992 12531572         
  30513  6446    infeasible                         1304.1147 12858975         
  30765  6408     1359.9965   493                   1304.1147 12824451         
Elapsed time = 1694.10 sec. (455331.76 ticks, tree = 363.44 MB, solutions = 0)
  30968  6561     1361.8006   552                   1304.3590 13148920         
  31140  6623     1332.3746   553                   1306.5909 13344748         
  31342  6511     1325.8155   522                   1306.5909 13648578         
  31518  6532     1675.6585   512                   1308.3254 13806271         
  31727  6543     1974.1132   346                   1309.4286 13809733         
  31969  6402    infeasible                         1309.6995 14108922         
  32203  6514     1538.0900   380                   1310.2157 13951649         
  32467  6433     1344.0669   673                   1310.2157 14255022         
  32720  6527     1417.6508   604                   1310.6714 14329527         
  33058  6475     1331.3743   595                   1312.2630 14418771         
Elapsed time = 1879.67 sec. (493733.88 ticks, tree = 362.29 MB, solutions = 0)
  33411  6465     1361.2026   367                   1312.2630 14697142         
  33740  6568     1402.9095   445                   1312.8874 14972364         
  34012  6597     1462.6663   539                   1314.7974 14990498         
  34279  6610     1364.1130   622                   1314.7974 15070697         
  34463  6771     1368.4936   524                   1314.7974 15638832         
  34642  6738     1362.0171   549                   1319.4185 15710443         
  34838  6785    infeasible                         1319.5566 15580668         
  35067  6736    infeasible                         1319.9351 15694524         
  35298  6623    infeasible                         1321.1625 16238740         
  35539  6534    infeasible                         1323.2874 16415473         
Elapsed time = 2067.54 sec. (532111.39 ticks, tree = 376.18 MB, solutions = 0)
  35821  6545    infeasible                         1323.8008 16401816         
  36055  6448    infeasible                         1325.7986 16753118         
  36265  6426     1627.2759   558                   1326.3142 16858608         
  36541  6461     1392.6724   557                   1327.6901 16801435         
  36939  6413     1404.4677   577                   1327.6901 16996623         
  37322  6435     1345.1479   480                   1329.7085 17354154         
  37687  6406    infeasible                         1329.7085 17280190         
  38010  6462     1484.3441   395                   1331.6595 17397083         
  38348  6567     1597.6876   348                   1332.6791 17538708         
  38606  6715    infeasible                         1334.3777 18146758         
Elapsed time = 2251.22 sec. (570393.74 ticks, tree = 375.86 MB, solutions = 0)
  38885  6726     1354.7392   590                   1334.3777 18170590         
  39152  6724     1355.2420   603                   1334.5462 18462775         
  39407  6728     1757.8520   520                   1337.5190 18699446         
  39716  6733     1551.8278   434                   1337.5190 18471017         
  40067  6680    infeasible                         1339.7603 18945540         
  40505  6735     1419.3641   389                   1340.1057 18986632         
  40856  6775     1459.5372   545                   1340.3861 19155286         
  41256  6771    infeasible                         1340.3861 19091831         
  41557  6999     1373.4552   509                   1342.3280 19702755         
  41920  7062     1489.4389   567                   1342.3280 19828432         
Elapsed time = 2433.12 sec. (608630.81 ticks, tree = 383.26 MB, solutions = 0)
  42345  7110     1359.8774   525                   1345.3320 19949454         
  42715  7107     1390.6443   559                   1345.3320 19915441         
  43022  7109     1421.6470   649                   1345.3320 20101068         
  43318  7071    infeasible                         1348.1714 20021057         
  43606  7326     1373.3584   553                   1350.1131 20716211         
  43916  7339     1424.8608   529                   1350.9749 21020858         
  44235  7329    infeasible                         1351.5933 21011183         
  44627  7333    infeasible                         1353.1403 21201829         
  44963  7350    infeasible                         1354.0364 21405588         
  45356  7315     1443.2031   612                   1355.2709 21466472         
Elapsed time = 2623.88 sec. (646923.14 ticks, tree = 402.34 MB, solutions = 0)
  45727  7331    infeasible                         1355.8607 21542786         
  46052  7423    infeasible                         1355.9807 21913685         
  46405  7446    infeasible                         1357.9585 22163688         
  46743  7428    infeasible                         1358.2433 21757434         
  47100  7432     1479.9967   531                   1359.9762 21980890         
  47409  7452     1426.5480   314                   1360.2600 22480786         
  47666  7518     1392.7736   454                   1360.2600 22532955         
  47923  7517     1522.6758   440                   1360.2600 22702449         
  48168  7531     1412.6921   502                   1363.0507 22745196         
  48431  7556    infeasible                         1363.7436 23521475         
Elapsed time = 2810.66 sec. (685231.30 ticks, tree = 407.57 MB, solutions = 0)
  48695  7528    infeasible                         1364.3432 23686173         
  48952  7527    infeasible                         1365.1931 23636119         
  49200  7439    infeasible                         1366.2452 23929502         
  49462  7472    infeasible                         1367.4479 23746430         
  49745  7246    infeasible                         1368.1745 24335007         
  49999  7422     1538.9973   507                   1369.0415 24062760         
  50245  7245     1416.0347   493                   1369.9055 24309041         
  50524  7130    infeasible                         1370.0980 24489560         
  50836  6967     1568.2701   455                   1371.2975 24926566         
  51240  6997     1402.1118   515                   1372.1454 24902217         
Elapsed time = 2995.05 sec. (723597.44 ticks, tree = 379.00 MB, solutions = 0)
  51571  6896     1456.7913   444                   1372.5251 25094083         
  51866  6881     1523.8375   603                   1373.3811 25131876         
  52186  6909     1543.6825   319                   1373.9899 25451922         
  52464  6852     1438.1786   514                   1374.6869 25390589         
  52705  6842    infeasible                         1375.8150 25800477         
  52981  6838    infeasible                         1376.9331 25804966         
  53214  6848    infeasible                         1377.8884 26232455         
  53507  6825     1738.6407   362                   1378.9076 26566649         
  53783  6784     1537.2072   497                   1379.2258 26724821         
  54024  6677    infeasible                         1380.4882 26968958         
Elapsed time = 3187.19 sec. (761964.44 ticks, tree = 346.71 MB, solutions = 0)
  54261  6649    infeasible                         1380.4882 27052322         
  54506  6640    infeasible                         1382.7508 27057071         
  54798  6595     1404.9136   479                   1383.4376 27476798         
  55106  6606    infeasible                         1384.2469 27212257         
  55361  6610     1828.4701   391                   1384.7990 27453402         
  55710  6450     1411.0488   427                   1384.7990 27772782         
  56048  6420    infeasible                         1385.7596 27817212         
  56402  6415    infeasible                         1387.4240 28420848         
  56796  6445     1418.7666   357                   1387.9271 28211311         
  57167  6401     1515.4789   585                   1389.1627 28796518         
Elapsed time = 3370.25 sec. (800180.99 ticks, tree = 325.95 MB, solutions = 0)
  57480  6443     1417.0418   536                   1390.2506 28362963         
  57763  6471    infeasible                         1391.3131 28879536         
  58055  6569    infeasible                         1392.0416 29218349         
  58379  6561     1419.2161   553                   1393.5446 29221863         
  58687  6649    infeasible                         1394.2316 29443672         
  58989  6699     1438.0958   528                   1396.2204 29639071         
  59276  6675     1421.5606   536                   1396.2204 29470992         
  59536  6468     1487.9438   565                   1397.1821 30147229         
  59829  6407     1598.1199   417                   1397.1821 30308029         
  60148  6441     1436.1833   504                   1397.1821 30177555         
Elapsed time = 3560.78 sec. (838406.43 ticks, tree = 311.91 MB, solutions = 0)
  60527  6333     1516.2881   546                   1397.1821 30552205         
  60839  6346     1673.6757   464                   1399.5257 30791087         
  61293  6366     1539.9795   405                   1404.0078 30487884         
  61729  6346     1476.3852   366                   1404.2347 30701835         
  62126  6481     1438.5540   572                   1404.6702 31226564         
  62469  6555     1448.2164   470                   1406.4394 31350544         
  62899  6465     1478.7769   561                   1408.2812 31185342         
  63283  6542     1453.8058   408                   1409.1297 31588138         
  63597  6615     1438.7051   566                   1409.5403 31985197         
  63881  6610     1582.9965   547                   1411.0222 31966409         
Elapsed time = 3745.90 sec. (876637.34 ticks, tree = 336.08 MB, solutions = 0)
  64120  6725    infeasible                         1411.7881 32164803         
  64392  6644     1601.8520   505                   1414.4195 31997271         
  64687  6847     1603.9155   475                   1415.6156 32938214         
  64972  6724     1469.4782   524                   1415.7884 32429561         
  65281  6776    infeasible                         1417.2913 32718171         
  65599  6746     1437.9791   566                   1419.0757 33455044         
  65971  6665    infeasible                         1419.6520 33614108         
  66298  6697    infeasible                         1421.3638 33744006         
  66673  6694     1595.7985   351                   1422.4737 33788779         
  67080  6680     1596.5681   448                   1424.0440 33715964         
Elapsed time = 3936.81 sec. (914915.20 ticks, tree = 317.57 MB, solutions = 0)
  67561  6629     1576.8774   463                   1425.2934 33640625         
  67948  6611    infeasible                         1426.2484 33981147         
  68351  6559     1477.0453   387                   1427.2839 34080483         
  68739  6540     1499.2215   488                   1428.0685 34253461         
  69093  6620     1845.9482   449                   1429.1459 34438055         
  69341  6765     1693.7722   476                   1431.1119 35268284         
  69657  6807    infeasible                         1432.6916 35396712         
  69963  6848     1451.3761   491                   1433.2950 35457383         
  70213  6661    infeasible                         1433.8563 35020779         
  70507  6848     1455.4629   511                   1436.5100 35917526         
Elapsed time = 4128.46 sec. (953222.62 ticks, tree = 329.60 MB, solutions = 0)
  70805  6769     1670.0855   387                   1437.4192 36153466         
  71063  6591     1455.4010   528                   1438.2077 36450195         
  71332  6650    infeasible                         1438.6233 36290750         
  71613  6493     1517.0824   524                   1439.3201 36683909         
  71885  6501    infeasible                         1440.5097 36707890         
  72177  6408     1688.9066   559                   1441.9635 36971425         
  72440  6516    infeasible                         1442.7171 36597226         
  72775  6348    infeasible                         1443.4336 37028550         
  73109  6217     1536.0097   582                   1445.4725 37448897         
  73475  6325     1662.3684   490                   1446.1715 37338471         
Elapsed time = 4317.22 sec. (991552.19 ticks, tree = 294.01 MB, solutions = 0)
  73813  6291    infeasible                         1447.7183 37226156         
  74225  6318    infeasible                         1448.8131 37328581         
  74618  6227    infeasible                         1449.4261 37475029         
  74966  6117    infeasible                         1450.3582 37702366         
  75286  5855    infeasible                         1450.8932 38328302         
  75560  5842    infeasible                         1452.6524 38274518         
  75829  5792    infeasible                         1452.6524 38566967         
  76100  5672     1564.6891   382                   1454.0252 38911010         
  76402  5673    infeasible                         1455.6897 38947125         
  76678  5495     1669.9885   405                   1456.2396 39442397         
Elapsed time = 4508.26 sec. (1029787.87 ticks, tree = 244.49 MB, solutions = 0)
  76966  5278    infeasible                         1458.1281 39804499         
  77243  5512     1586.6270   390                   1459.4915 39390954         
  77553  4936     1497.7624   442                   1460.4240 40172134         
  77843  5256    infeasible                         1462.1966 39821073         
  78142  4651    infeasible                         1462.3638 40483168         
  78423  5133    infeasible                         1464.9176 39981189         
  78694  4915     1853.6028   281                   1466.0364 40191694         
  78967  4421     1587.1407   459                   1467.5054 40819123         
  79217  4242    infeasible                         1469.7954 41027398         
  79519  4070     1618.9350   328                   1471.7416 41247972         
Elapsed time = 4706.94 sec. (1068150.27 ticks, tree = 148.04 MB, solutions = 0)
  79839  3964    infeasible                         1473.3573 41393492         
  80136  3773    infeasible                         1476.0908 41684654         
  80485  3893     1605.1665   469                   1478.0888 41516858         
  80817  3826    infeasible                         1478.0888 41634031         
  81165  3675     1713.0447   519                   1478.0888 42105176         
  81520  3759     2176.7578   189                   1478.0888 41898376         
  81936  3649     1656.5560   618                   1478.0888 42176328         
  82358  3326     1645.3481   468                   1478.0888 42685806         
  82825  3683     2297.4287   157                   1478.0888 42788084         
  83240  3262     1665.7768   503                   1478.0888 42756543         
Elapsed time = 4899.04 sec. (1106418.87 ticks, tree = 110.24 MB, solutions = 0)
  83638  3750     2330.7016   134                   1478.0888 42793942         
  84015  3627    infeasible                         1478.0888 42945988         
  84412  3587     2145.3371   364                   1478.0888 43453550         
  84780  3790     2372.4698    27                   1490.6096 43899383         
  85195  3415    infeasible                         1490.6096 43859108         
  85602  3857     1645.4913   554                   1490.6096 44044845         
* 85933  4013      integral     0     2553.1076     1490.6096 43904313   41.62%
* 85971  4111      integral     0     2550.6882     1490.6096 44461054   41.56%
  85976  3566    infeasible           2550.6882     1490.6096 43518303   41.56%
  86247  3429     1757.5054   467     2550.6882     1523.1848 43839928   40.28%
  86535  4015    infeasible           2550.6882     1523.1848 44870158   40.28%
  86860  4033     1729.4891   546     2550.6882     1544.8702 44872564   39.43%
Elapsed time = 5089.59 sec. (1144644.08 ticks, tree = 138.76 MB, solutions = 2)
  87209  3868     2119.7650   398     2550.6882     1552.9154 45160710   39.12%
  87581  3693     2182.7471   231     2550.6882     1561.9389 45406711   38.76%
  87976  3622     2184.1884   249     2550.6882     1576.8914 45518789   38.18%
  88410  4134     2171.3597   169     2550.6882     1582.6903 44989863   37.95%
  88814  2972    infeasible           2550.6882     1585.5505 46165896   37.84%
  89228  2934    infeasible           2550.6882     1585.5505 46415599   37.84%
  89642  3231     2195.8257   232     2550.6882     1585.5505 46186676   37.84%
  90083  3143     2223.5129   171     2550.6882     1585.5505 46130413   37.84%
  90579  2851    infeasible           2550.6882     1585.5505 46841417   37.84%
  91073  3237     2259.6539   188     2550.6882     1585.5505 46630112   37.84%
Elapsed time = 5280.98 sec. (1182899.87 ticks, tree = 143.03 MB, solutions = 2)
  91668  3282     2273.5879   168     2550.6882     1585.5505 46631224   37.84%
  93555  2744     2144.4618   254     2550.6882     1585.5505 47310058   37.84%
* 94379+ 2900                         2358.5039     1585.5505            32.77%
* 94977+ 2933                         2351.2937     1585.5505            32.57%
* 94977+ 2903                         2286.6466     1585.5505            30.66%
  96601  2854     2214.8201   152     2286.6466     1585.5505 47284856   30.66%
* 98924+ 3006                         2263.9222     1585.5505            29.96%
  99640  3135     2249.7094   213     2263.9222     1585.5505 47244364   29.96%
*101715+ 3242                         2255.7581     1585.5505            29.71%
 102379  4162     2107.6356   176     2255.7581     1604.8697 47492001   28.85%
 105067  3080     2323.5150    83     2255.7581     1604.8697 47297761   28.85%
*105098+ 4317                         2244.9159     1604.8697            28.51%
*105728+ 4997                         2243.6557     1604.8697            28.47%
 107828  3129     2274.4952   165     2243.6557     1604.8697 47346342   28.47%
*108716+ 5383                         2205.4549     1604.8697            27.23%
 110757  6547     2123.5613   100     2205.4549     1604.8697 47699360   27.23%
*111572+ 5154                         2197.4690     1604.8697            26.97%
*113157+ 8175                         2190.4522     1801.2392            17.77%
 114360  6883     2110.8356   166     2190.4522     1801.2392 47718358   17.77%
 118201  7675     2144.6826   190     2190.4522     1843.4158 47961094   15.84%
Elapsed time = 5475.82 sec. (1221060.29 ticks, tree = 371.30 MB, solutions = 53)
*118543+ 9625                         2189.3882     1843.4158            15.80%
*119304+ 7634                         2185.3549     1843.4158            15.65%
 121540  7494     2133.5454    99     2185.3549     1843.4158 47961149   15.65%
*124394+10585                         2184.2106     1843.4158            15.60%
*124611+ 9847                         2180.6963     1843.4158            15.47%
 125240 12007     2161.2178   177     2180.6963     1843.4158 48398890   15.47%
*125467+10167                         2167.6143     1843.4158            14.96%
*125507+10167                         2165.3843     1843.4158            14.87%
 129738  9960     2143.7179   166     2165.3843     1886.8897 48468481   12.86%
 134241 12072     2165.0697   206     2165.3843     1886.8897 48399303   12.86%
*135550+ 9567                         2157.2823     1886.8897            12.53%
*137981+10308                         2150.1511     2080.4389             3.24%
 138445 12206     2126.4925   192     2150.1511     2085.1581 48405162    3.02%
 142422 15123     2117.0520   230     2150.1511     2092.0958 48863809    2.70%
*145203+12849                         2147.7901     2094.0794             2.50%
*145275+12833                         2140.3681     2094.0794             2.16%
 146228 14937     2152.0685    51     2140.3681     2094.0794 48841784    2.16%
 149614 13815     2124.0069   191     2140.3681     2094.0794 48751204    2.16%
 153009 14238     2134.7729   248     2140.3681     2094.0794 49481200    2.16%
*155744+13493                         2139.6509     2094.0794             2.13%
 156267 14876     2142.6358    45     2139.6509     2094.0794 49172022    2.13%
Elapsed time = 5674.88 sec. (1259215.61 ticks, tree = 326.33 MB, solutions = 124)
 159656 17260     2125.7725   208     2139.6509     2094.0794 49336965    2.13%
*161550+18741                         2139.2681     2094.0794             2.11%
 163077 15423     2139.1601   222     2139.2681     2094.0794 49216620    2.11%
 166640 16846     2123.7519   312     2139.2681     2100.6881 49714342    1.80%
*167170+22052                         2139.0108     2100.6881             1.79%
 170339 14678     2130.6544   252     2139.0108     2100.8177 49503171    1.79%
*172198+18486                         2138.9860     2100.8304             1.78%
*172324+18472                         2137.5916     2100.8304             1.72%
 174336 24779     2120.2101   243     2137.5916     2100.8304 50262788    1.72%
*177016+29008                         2137.5838     2100.8304             1.72%
*177040+29008                         2137.0467     2100.8304             1.69%
 178383 28865     2103.4334   295     2137.0467     2100.8304 50485396    1.69%
 182553 28390     2117.7743   271     2137.0467     2100.8304 50462255    1.69%
 186735 32197     2124.0870   199     2137.0467     2100.8304 50791123    1.69%
 190927 35175     2127.0610   257     2137.0467     2101.4281 50936161    1.67%
*191154+31531                         2136.6983     2101.4281             1.65%
 195171 39597     2132.8879   204     2136.6983     2101.4929 51160228    1.65%
Elapsed time = 5866.37 sec. (1297378.13 ticks, tree = 739.05 MB, solutions = 142)
 199501 46132     2117.0303   212     2136.6983     2101.7349 51538601    1.64%
 203570 43537     2129.4396   199     2136.6983     2102.0946 51404254    1.62%
 207750 42386     2126.5396   245     2136.6983     2102.1852 51311582    1.62%
 212256 47735     2120.3390   278     2136.6983     2102.5159 51630296    1.60%
 216430 47900     2128.3918   254     2136.6983     2103.0433 51636114    1.58%
*217255+43865                         2136.4539     2103.1646             1.56%
 220811 52093     2116.4837   266     2136.4539     2103.2768 51898639    1.55%
 225073 64674     2130.7694   308     2136.4539     2103.3480 52631695    1.55%
 229747 68409     2111.5139   155     2136.4539     2103.6699 52812284    1.53%
 234017 68535     2130.5872   246     2136.4539     2103.7993 52819336    1.53%
 238383 64428     2129.5302   127     2136.4539     2104.3793 52571751    1.50%
Elapsed time = 6051.49 sec. (1335537.04 ticks, tree = 1215.80 MB, solutions = 146)
 242699 66574        cutoff           2136.4539     2104.5274 52722934    1.49%
 247150 76272     2128.1562   190     2136.4539     2104.6837 53234008    1.49%
 251703 87260     2126.7194   238     2136.4539     2104.9816 53882926    1.47%
 256075 85748     2124.5643   172     2136.4539     2105.0896 53793847    1.47%
 260397 86271     2131.5194   164     2136.4539     2105.5757 53831252    1.45%
 265138 93621     2123.9775   251     2136.4539     2105.7047 54220911    1.44%
 269384 92178     2119.1242   266     2136.4539     2105.8710 54123567    1.43%
 273684 108631     2125.4647   240     2136.4539     2105.9630 55063393    1.43%
 277821 97895     2129.3075   206     2136.4539     2106.1724 54453854    1.42%
 281247 108241     2128.6048   149     2136.4539     2106.3223 55046111    1.41%
Elapsed time = 6229.67 sec. (1373690.27 ticks, tree = 2095.11 MB, solutions = 146)
Nodefile size = 14.88 MB (7.54 MB after compression)
 284053 109386     2134.7160   290     2136.4539     2106.3223 55110429    1.41%
 286424 114243     2127.0393   257     2136.4539     2106.3223 55376180    1.41%
 288268 114363     2128.5313   282     2136.4539     2106.3223 55382219    1.41%
 289482 115448     2130.9199   202     2136.4539     2106.3223 55435607    1.41%
 290669 118894     2122.8939   278     2136.4539     2106.3223 55626395    1.41%
 291704 117689     2131.5689   264     2136.4539     2106.3223 55563576    1.41%
 293034 117485     2133.1773   104     2136.4539     2106.3223 55545453    1.41%
 294267 120638     2132.6510   213     2136.4539     2106.3223 55711299    1.41%
 295497 122543     2115.4801   269     2136.4539     2106.3223 55812735    1.41%
 297027 123583     2135.8384   176     2136.4539     2106.3223 55864073    1.41%
Elapsed time = 6380.46 sec. (1411876.42 ticks, tree = 3206.62 MB, solutions = 146)
Nodefile size = 1139.79 MB (657.61 MB after compression)
 298757 126131     2112.4900   214     2136.4539     2106.3223 55986893    1.41%
 300566 127984     2134.7765   299     2136.4539     2106.3223 56087967    1.41%
 302618 127207     2111.2262   257     2136.4539     2106.3223 56045336    1.41%
 304657 127352     2133.7322   259     2136.4539     2106.3223 56049678    1.41%
 306994 129721     2130.4004   274     2136.4539     2106.3223 56174062    1.41%
 309393 134391     2121.3074   316     2136.4539     2106.3376 56385940    1.41%
 312164 135083     2130.3959   144     2136.4539     2106.3527 56416046    1.41%
 315454 138828        cutoff           2136.4539     2106.6046 56614950    1.40%
 319163 147227     2135.4036   232     2136.4539     2106.6581 57035280    1.39%
 323542 149305     2120.0617   182     2136.4539     2108.1654 57138162    1.32%
Elapsed time = 6633.32 sec. (1450034.53 ticks, tree = 6025.68 MB, solutions = 146)
Nodefile size = 3962.47 MB (2479.65 MB after compression)
 327906 144991     2128.6488   103     2136.4539     2108.2846 56926973    1.32%
 332219 153209     2129.9981   312     2136.4539     2108.4474 57358148    1.31%
 336840 150029     2127.5188   257     2136.4539     2108.5892 57178557    1.30%
 341160 158531     2120.5510   303     2136.4539     2108.8250 57650030    1.29%
 345522 167036     2132.7283   167     2136.4539     2108.9691 58090052    1.29%
 349737 171672     2119.0129   261     2136.4539     2109.1037 58332477    1.28%
 353990 173911        cutoff           2136.4539     2109.2049 58446749    1.28%
 358207 178868     2132.2678   233     2136.4539     2109.3655 58736469    1.27%
 362387 179331     2121.5207   273     2136.4539     2109.4295 58766090    1.26%
 366567 184235     2130.5371   157     2136.4539     2109.6044 59032121    1.26%
Elapsed time = 6825.16 sec. (1488192.17 ticks, tree = 9893.91 MB, solutions = 146)
Nodefile size = 7838.61 MB (5072.69 MB after compression)
 370520 179905     2113.6363   251     2136.4539     2109.7785 58798873    1.25%
 374599 188476     2126.4808   157     2136.4539     2109.9242 59273094    1.24%
 378518 189457     2126.5510   265     2136.4539     2110.0421 59344882    1.24%
 382326 188897     2131.2154   210     2136.4539     2110.1589 59307647    1.23%
 385418 196884     2133.6954   277     2136.4539     2110.3599 59837366    1.22%
 388563 200241     2131.2768   226     2136.4539     2110.4886 60072386    1.22%
 391789 202542     2128.0247   151     2136.4539     2110.6494 60215238    1.21%
 395175 204772        cutoff           2136.4539     2110.7722 60397832    1.20%
 399135 211086     2128.0946   190     2136.4539     2110.9078 60880139    1.20%
 403398 208382     2118.4349   239     2136.4539     2111.0257 60682522    1.19%
Elapsed time = 7020.29 sec. (1526352.89 ticks, tree = 10989.48 MB, solutions = 146)
Nodefile size = 8904.02 MB (5742.11 MB after compression)
 407945 208969     2133.6120   191     2136.4539     2111.1278 60719437    1.19%
 412201 214852     2127.3500   240     2136.4539     2111.2771 61121300    1.18%
 416254 216900     2121.4752   304     2136.4539     2111.3561 61248746    1.17%
 420365 222001     2131.9047   245     2136.4539     2111.4682 61546982    1.17%
 424660 226180     2127.2444   214     2136.4539     2111.5694 61784591    1.16%
 428712 226767     2115.5721   173     2136.4539     2111.7035 61833159    1.16%
 432441 231431     2126.1758   154     2136.4539     2111.7814 62109532    1.15%
 436728 235457     2128.4081   200     2136.4539     2111.8731 62419559    1.15%
 440690 234997     2126.1405   240     2136.4539     2111.9859 62385058    1.15%
 444667 242632     2124.5365   282     2136.4539     2112.0453 62948439    1.14%
Elapsed time = 7206.83 sec. (1564508.86 ticks, tree = 13313.44 MB, solutions = 146)
Nodefile size = 11253.97 MB (7278.67 MB after compression)
 448781 237673        cutoff           2136.4539     2112.1094 62584385    1.14%
 452922 244357     2132.0572   189     2136.4539     2112.1846 63060724    1.14%
 457198 248960     2136.0011   195     2136.4539     2112.2713 63403624    1.13%
 461276 244699     2127.6647   295     2136.4539     2112.3016 63092625    1.13%
 465361 254117     2118.5246   114     2136.4539     2112.4620 63771831    1.12%
 469521 254041     2136.0119    70     2136.4539     2112.5775 63758911    1.12%
 473514 264006     2132.9070   266     2136.4539     2112.6698 64421247    1.11%
 477465 261111        cutoff           2136.4539     2112.7317 64242892    1.11%
 481264 262123     2135.2889   149     2136.4539     2112.8344 64301247    1.11%
 485224 265614     2136.1749   127     2136.4539     2112.9150 64534703    1.10%
Elapsed time = 7400.06 sec. (1602666.81 ticks, tree = 15281.30 MB, solutions = 146)
Nodefile size = 13223.56 MB (8585.20 MB after compression)
 489255 269086     2124.9546   321     2136.4539     2112.9926 64833425    1.10%
 492969 270414     2131.0833   249     2136.4539     2113.0451 64941399    1.10%
 496531 274065     2128.7198   247     2136.4539     2113.1480 65255695    1.09%
 500169 276474     2135.1349   118     2136.4539     2113.2140 65447447    1.09%
 503331 278009     2122.9871   266     2136.4539     2113.3185 65573381    1.08%
 506694 283616     2135.9409   195     2136.4539     2113.4073 66076300    1.08%
 510304 282581        cutoff           2136.4539     2113.4902 65977146    1.07%
 514163 285636     2129.5757   149     2136.4539     2113.6047 66222659    1.07%
 518193 291781     2128.6859   231     2136.4539     2113.6760 66707929    1.07%
 522071 290861     2136.0226   216     2136.4539     2113.7450 66630062    1.06%
Elapsed time = 7609.20 sec. (1640821.80 ticks, tree = 16477.66 MB, solutions = 146)
Nodefile size = 14419.62 MB (9336.83 MB after compression)
 525976 296581     2135.3636   197     2136.4539     2113.8466 67062734    1.06%
 529777 293190     2129.3990   161     2136.4539     2113.9056 66816075    1.06%
 533694 299441     2136.3844   167     2136.4539     2113.9922 67315527    1.05%
 537582 298653     2129.0515   138     2136.4539     2114.1056 67242479    1.05%
 541507 301938     2136.1775   256     2136.4539     2114.1673 67549528    1.04%
 545551 307917     2136.2141   233     2136.4539     2114.2454 68096248    1.04%
 549707 310995     2134.4924   120     2136.4539     2114.3339 68352348    1.04%
 553909 314437     2125.6955   263     2136.4539     2114.3838 68676466    1.03%
 558177 314284     2127.2232   340     2136.4539     2114.4510 68664120    1.03%
 562090 316379     2131.0256   165     2136.4539     2114.5322 68813465    1.03%
Elapsed time = 7807.26 sec. (1678976.04 ticks, tree = 17801.17 MB, solutions = 146)
Nodefile size = 15733.25 MB (10173.63 MB after compression)
 565995 318379     2136.0769   174     2136.4539     2114.5839 68958583    1.02%
 569626 320306     2128.6119   230     2136.4539     2114.6567 69103905    1.02%
 573319 325628     2127.9987   311     2136.4539     2114.7554 69536860    1.02%
 577237 327500     2129.5027   256     2136.4539     2114.8117 69692790    1.01%
 580960 327942     2132.9967   222     2136.4539     2114.8761 69740620    1.01%
 584581 328814     2120.7972   220     2136.4539     2114.9737 69842955    1.01%
 587811 331976        cutoff           2136.4539     2115.0361 70168475    1.00%
 590990 336058     2129.7442   265     2136.4539     2115.0962 70536505    1.00%
 594522 334957     2134.9209   171     2136.4539     2115.1899 70440147    1.00%
 598415 339510     2129.1197   297     2136.4539     2115.2703 70864255    0.99%
Elapsed time = 7996.31 sec. (1717132.36 ticks, tree = 19185.04 MB, solutions = 146)
Nodefile size = 17115.57 MB (11075.47 MB after compression)
 602306 341546     2132.0072   267     2136.4539     2115.3243 71057865    0.99%
 605979 342891     2133.9120   229     2136.4539     2115.4255 71187955    0.98%
 610176 342630     2131.4783    89     2136.4539     2115.4937 71162099    0.98%
 614023 349078     2118.4296   182     2136.4539     2115.5449 71738067    0.98%
 617986 351454     2130.6781   250     2136.4539     2115.6349 71970912    0.97%
 621840 353388     2135.8059   152     2136.4539     2115.7089 72166678    0.97%
 625913 355997     2119.1199   269     2136.4539     2115.7638 72421599    0.97%
 629865 353147        cutoff           2136.4539     2115.8490 72144375    0.96%
 633798 356383     2130.9222   267     2136.4539     2115.9016 72454030    0.96%
 637656 358385     2135.4931   244     2136.4539     2115.9494 72650413    0.96%
Elapsed time = 8182.03 sec. (1755285.16 ticks, tree = 20432.37 MB, solutions = 146)
Nodefile size = 18374.67 MB (11889.60 MB after compression)
 641788 365079        cutoff           2136.4539     2116.0186 73330843    0.96%
 645848 364881     2117.9476   273     2136.4539     2116.0579 73298146    0.95%
 649713 365943     2128.0264   276     2136.4539     2116.1009 73417317    0.95%
 653450 368474     2128.0406   149     2136.4539     2116.2061 73664358    0.95%
 657037 369440     2136.3811   148     2136.4539     2116.2703 73739668    0.94%
 660493 376031     2136.2533   232     2136.4539     2116.3716 74296815    0.94%
 663575 377005     2131.0604   203     2136.4539     2116.4316 74386554    0.94%
 666917 378734        cutoff           2136.4539     2116.4683 74567580    0.94%
 670529 379704     2135.6694   199     2136.4539     2116.5280 74671572    0.93%
 674644 381420     2136.3902   142     2136.4539     2116.6023 74845305    0.93%
Elapsed time = 8383.32 sec. (1793446.05 ticks, tree = 21833.87 MB, solutions = 146)
Nodefile size = 19778.26 MB (12792.27 MB after compression)
 678695 384226     2120.9254   286     2136.4539     2116.6503 75142034    0.93%
 682807 386994     2121.1210   280     2136.4539     2116.7579 75410193    0.92%
 686939 388652        cutoff           2136.4539     2116.8073 75583332    0.92%
 691197 386997     2133.2930   137     2136.4539     2116.8676 75402742    0.92%
 695160 391632     2134.2348   263     2136.4539     2116.9592 75851137    0.91%
 698882 393509     2127.7311   271     2136.4539     2116.9835 76018728    0.91%
 702750 396018        cutoff           2136.4539     2117.0593 76244730    0.91%
*705913+397462                         2136.2021     2117.1168             0.89%
 706806 398446        cutoff           2136.2021     2117.1294 76468820    0.89%
 710742 396747        cutoff           2136.2021     2117.1658 76323488    0.89%
 714666 400754     2127.5924   144     2136.2021     2117.2285 76765598    0.89%
Elapsed time = 8577.53 sec. (1831597.11 ticks, tree = 23071.82 MB, solutions = 147)
Nodefile size = 21014.62 MB (13587.84 MB after compression)
 718554 401812     2118.1917   201     2136.2021     2117.2809 76904766    0.89%
 722165 406072     2135.3113   188     2136.2021     2117.3087 77361891    0.88%
 725635 405483     2119.6209   268     2136.2021     2117.4104 77295653    0.88%
 728883 408126     2134.1252   171     2136.2021     2117.4658 77599272    0.88%
 732018 411858     2132.0808   230     2136.2021     2117.5129 78031719    0.87%
 735583 413233     2129.2907   212     2136.2021     2117.6006 78179582    0.87%
 739366 412895     2134.6199   134     2136.2021     2117.6527 78132485    0.87%
 743238 416311        cutoff           2136.2021     2117.7096 78483597    0.87%
 747009 415481     2135.0096   153     2136.2021     2117.7956 78391160    0.86%
 750920 418543     2118.8228   289     2136.2021     2117.8375 78691530    0.86%
Elapsed time = 8778.18 sec. (1869752.74 ticks, tree = 24091.83 MB, solutions = 147)
Nodefile size = 22035.40 MB (14237.52 MB after compression)
 754835 419208     2133.2222   317     2136.2021     2117.9043 78763781    0.86%
 758868 420262     2133.0083   205     2136.2021     2117.9602 78892951    0.85%
 762853 421588     2134.9448   127     2136.2021     2118.0129 79050071    0.85%
 766610 426856     2118.7876   177     2136.2021     2118.0877 79740797    0.85%
 770524 426679        cutoff           2136.2021     2118.1357 79725779    0.85%
 774558 429861     2132.8269   107     2136.2021     2118.1801 80108632    0.84%
 778612 432647     2131.3901   189     2136.2021     2118.2396 80420575    0.84%
 782289 431416     2120.6930   249     2136.2021     2118.2824 80292098    0.84%
 786071 435624     2133.6607   194     2136.2021     2118.3345 80712007    0.84%
 789552 435911     2125.3245   228     2136.2021     2118.4087 80745959    0.83%
Elapsed time = 8976.93 sec. (1907903.66 ticks, tree = 24957.08 MB, solutions = 147)
Nodefile size = 22900.49 MB (14781.09 MB after compression)
 793026 440315     2122.9608   167     2136.2021     2118.4557 81225891    0.83%
 796347 440762     2133.4921   117     2136.2021     2118.5257 81276402    0.83%
 799897 443593     2135.4594   194     2136.2021     2118.5749 81596154    0.83%
 803806 442567        cutoff           2136.2021     2118.6242 81487910    0.82%
 807655 444709     2132.1854   240     2136.2021     2118.7076 81726975    0.82%
 811690 445903        cutoff           2136.2021     2118.7691 81864449    0.82%
 815558 447695        cutoff           2136.2021     2118.8215 82137384    0.81%
 819301 450452        cutoff           2136.2021     2118.8796 82479233    0.81%
 823613 451884     2135.6280   230     2136.2021     2118.9401 82633674    0.81%
 827599 451457     2132.6705   196     2136.2021     2119.0086 82594383    0.80%
Elapsed time = 9175.00 sec. (1946057.67 ticks, tree = 25406.32 MB, solutions = 147)
Nodefile size = 23334.90 MB (15036.63 MB after compression)
 831677 456785        cutoff           2136.2021     2119.0631 83172314    0.80%
 835659 454963     2131.5896   136     2136.2021     2119.1080 82982339    0.80%
 839763 457549     2133.2672   237     2136.2021     2119.1666 83247915    0.80%
 843504 461872     2130.2681   170     2136.2021     2119.2120 83804920    0.80%
 847314 460935     2127.8732   276     2136.2021     2119.2551 83661569    0.79%
 850671 462290     2128.2655   202     2136.2021     2119.2551 83855181    0.79%
 853933 465756        cutoff           2136.2021     2119.3535 84361199    0.79%
 857124 465736     2134.3215   153     2136.2021     2119.4070 84347331    0.79%
 860631 469325     2130.6902   264     2136.2021     2119.4597 84820020    0.78%
 864255 468643        cutoff           2136.2021     2119.5164 84755009    0.78%
Elapsed time = 9367.88 sec. (1984217.66 ticks, tree = 26246.45 MB, solutions = 147)
Nodefile size = 24177.96 MB (15567.48 MB after compression)
 868184 469338     2129.4371   209     2136.2021     2119.5792 84820717    0.78%
 872298 471863     2133.0101   206     2136.2021     2119.6454 85071251    0.78%
 876205 475182     2135.4462   169     2136.2021     2119.6951 85390696    0.77%
 880132 475782     2123.6006   267     2136.2021     2119.7444 85472824    0.77%
 883806 479378     2134.0135   229     2136.2021     2119.8075 85970289    0.77%
 887782 480305        cutoff           2136.2021     2119.8542 86100647    0.77%
 891622 478959     2133.3892   195     2136.2021     2119.8951 85908221    0.76%
 895279 483118     2134.8204   218     2136.2021     2119.9747 86484213    0.76%
 899150 484881     2134.1135   195     2136.2021     2120.0238 86720528    0.76%
 902751 483832     2130.6994   197     2136.2021     2120.0775 86581199    0.75%
Elapsed time = 9560.45 sec. (2022371.58 ticks, tree = 27076.08 MB, solutions = 147)
Nodefile size = 25002.87 MB (16089.24 MB after compression)
 906366 488199        cutoff           2136.2021     2120.1125 87106800    0.75%
 909768 489688     2136.1823   259     2136.2021     2120.1562 87305911    0.75%
 912962 489122     2128.9794   247     2136.2021     2120.2093 87231912    0.75%
 916258 492880     2133.8751   222     2136.2021     2120.2628 87705270    0.75%
 919932 492098     2125.0030   287     2136.2021     2120.3102 87588157    0.74%
 923970 495582        cutoff           2136.2021     2120.3631 88080152    0.74%
 927856 495946        cutoff           2136.2021     2120.4158 88134261    0.74%
 931809 497842     2126.7354   237     2136.2021     2120.4758 88349983    0.74%
 935621 497101     2126.0158   218     2136.2021     2120.5208 88273477    0.73%
 939382 499514     2134.7126   314     2136.2021     2120.5641 88563217    0.73%
Elapsed time = 9744.35 sec. (2060531.06 ticks, tree = 27899.02 MB, solutions = 147)
Nodefile size = 25841.77 MB (16616.02 MB after compression)
 943239 504064        cutoff           2136.2021     2120.6338 89170320    0.73%
 947134 502810        cutoff           2136.2021     2120.6570 88978389    0.73%
 950904 506041     2134.5484   130     2136.2021     2120.7082 89390751    0.73%
 954781 507056        cutoff           2136.2021     2120.7707 89509017    0.72%
 958530 508605     2135.3728   232     2136.2021     2120.8018 89664857    0.72%
 962265 511095     2127.3090   250     2136.2021     2120.8524 89973659    0.72%
 965656 511271     2132.4944   176     2136.2021     2120.8807 89999068    0.72%
 969084 513096     2123.3552   233     2136.2021     2120.9316 90257524    0.71%
 972684 514517     2133.4099   230     2136.2021     2120.9799 90470437    0.71%
 976633 518070     2122.0270   293     2136.2021     2121.0224 90928620    0.71%
Elapsed time = 9941.11 sec. (2098690.25 ticks, tree = 28790.96 MB, solutions = 147)
Nodefile size = 26737.78 MB (17171.42 MB after compression)
 980399 519294        cutoff           2136.2021     2121.0723 91099865    0.71%
 983958 520567     2135.8370   165     2136.2021     2121.0961 91288859    0.71%
 988054 522305        cutoff           2136.2021     2121.1454 91529092    0.70%
 991779 523533     2135.6113   154     2136.2021     2121.2076 91716051    0.70%
 995694 522654     2134.3890   221     2136.2021     2121.2396 91600994    0.70%
 999605 523519     2131.7412   132     2136.2021     2121.2871 91713174    0.70%
 1003405 525116     2131.0866   302     2136.2021     2121.3462 91881021    0.70%
 1007289 528415     2132.9380   205     2136.2021     2121.3903 92239777    0.69%
 1011347 530293        cutoff           2136.2021     2121.4370 92481865    0.69%
 1015205 530405        cutoff           2136.2021     2121.4695 92508079    0.69%
Elapsed time = 10133.01 sec. (2136843.01 ticks, tree = 29652.95 MB, solutions = 147)
Nodefile size = 27599.76 MB (17721.14 MB after compression)
 1018808 533903     2132.1148   134     2136.2021     2121.5079 92980134    0.69%
 1022111 534487     2129.2500   283     2136.2021     2121.5544 93058332    0.69%
 1025529 536277     2132.2001   180     2136.2021     2121.5971 93316022    0.68%
 1029262 537892     2131.0683   158     2136.2021     2121.6438 93530726    0.68%
 1033079 537800        cutoff           2136.2021     2121.6762 93524210    0.68%
 1036949 540186        cutoff           2136.2021     2121.7235 93824046    0.68%
 1040729 543807     2135.7355   297     2136.2021     2121.7775 94219621    0.68%
 1044670 542617        cutoff           2136.2021     2121.8028 94098809    0.67%
 1048769 546004     2134.5585   153     2136.2021     2121.8451 94493788    0.67%
 1052800 547230        cutoff           2136.2021     2121.8868 94675968    0.67%
Elapsed time = 10328.70 sec. (2175001.14 ticks, tree = 30446.89 MB, solutions = 147)
Nodefile size = 28391.70 MB (18208.14 MB after compression)
 1056831 549165     2125.1650   161     2136.2021     2121.9273 94908182    0.67%
 1060809 551975     2132.9139   133     2136.2021     2121.9632 95288585    0.67%
 1064652 550807        cutoff           2136.2021     2122.0111 95133176    0.66%
 1068067 553691        cutoff           2136.2021     2122.0575 95554439    0.66%
 1071468 555187     2132.7615   229     2136.2021     2122.0968 95766973    0.66%
 1074789 554935     2127.1487   167     2136.2021     2122.1262 95739538    0.66%
 1078111 557621     2132.6467   245     2136.2021     2122.1633 96099140    0.66%
 1082074 559201     2125.1985   258     2136.2021     2122.2022 96279765    0.66%
 1086259 561259     2126.2414   256     2136.2021     2122.2442 96491165    0.65%
 1090327 562641     2132.9800   212     2136.2021     2122.3020 96624623    0.65%
Elapsed time = 10529.59 sec. (2213154.46 ticks, tree = 31184.87 MB, solutions = 147)
Nodefile size = 29128.56 MB (18657.93 MB after compression)
 1094509 563834        cutoff           2136.2021     2122.3203 96775514    0.65%
 1098561 567025        cutoff           2136.2021     2122.3711 97174796    0.65%
 1102613 565358        cutoff           2136.2021     2122.4057 96964074    0.65%
 1106687 566968     2124.8349   143     2136.2021     2122.4379 97171159    0.64%
 1110681 572280     2135.7593   224     2136.2021     2122.4904 97840061    0.64%
 1114384 572489     2124.8563   287     2136.2021     2122.5179 97862709    0.64%
 1118151 574362     2127.9919   135     2136.2021     2122.5534 98133026    0.64%
 1121746 575939     2133.3915   184     2136.2021     2122.5918 98336712    0.64%
 1125299 576091     2133.0543   115     2136.2021     2122.6188 98355020    0.64%
 1129148 580019        cutoff           2136.2021     2122.6550 98712713    0.63%
Elapsed time = 10731.19 sec. (2251314.43 ticks, tree = 31845.37 MB, solutions = 147)
Nodefile size = 29790.97 MB (19049.09 MB after compression)
 1133279 580876     2133.3408   247     2136.2021     2122.6893 98786123    0.63%
 1137141 580752     2128.7397   129     2136.2021     2122.7268 98783073    0.63%
 1141073 584172     2129.8335   130     2136.2021     2122.7771 99159343    0.63%
 1145249 585921        cutoff           2136.2021     2122.7976 99399960    0.63%
 1149530 586932        cutoff           2136.2021     2122.8435 99528105    0.63%
 1153832 587961     2134.0643   275     2136.2021     2122.8742 99678932    0.62%
 1157801 592108        cutoff           2136.2021     2122.9111 1.00e+08    0.62%
 1161952 592632        cutoff           2136.2021     2122.9546 1.00e+08    0.62%
 1165864 593405     2127.7303   283     2136.2021     2122.9707 1.00e+08    0.62%
 1169746 597309     2135.6200   178     2136.2021     2123.0130 1.01e+08    0.62%
Elapsed time = 10927.56 sec. (2289465.82 ticks, tree = 32633.11 MB, solutions = 147)
Nodefile size = 30578.82 MB (19528.72 MB after compression)
 1173239 596434        cutoff           2136.2021     2123.0414 1.01e+08    0.62%
 1176919 597446     2131.1922   107     2136.2021     2123.0576 1.01e+08    0.62%
 1180615 599235        cutoff           2136.2021     2123.0998 1.01e+08    0.61%
 1184770 602596     2129.0826   293     2136.2021     2123.1238 1.01e+08    0.61%
 1188911 602245        cutoff           2136.2021     2123.1599 1.01e+08    0.61%
 1193168 603888        cutoff           2136.2021     2123.1974 1.01e+08    0.61%
 1197326 608308        cutoff           2136.2021     2123.2247 1.02e+08    0.61%
 1201363 609810        cutoff           2136.2021     2123.2650 1.02e+08    0.61%
 1205226 610811        cutoff           2136.2021     2123.2970 1.02e+08    0.60%
 1209193 614133     2133.3541   184     2136.2021     2123.3048 1.03e+08    0.60%
Elapsed time = 11115.50 sec. (2327620.08 ticks, tree = 33163.75 MB, solutions = 147)
Nodefile size = 31109.20 MB (19837.62 MB after compression)
 1213209 616004        cutoff           2136.2021     2123.3694 1.03e+08    0.60%
 1217202 616473        cutoff           2136.2021     2123.3834 1.03e+08    0.60%
 1221110 618296        cutoff           2136.2021     2123.4355 1.03e+08    0.60%
 1224744 617458     2132.5400   165     2136.2021     2123.4543 1.03e+08    0.60%
 1228384 618875        cutoff           2136.2021     2123.4834 1.03e+08    0.60%
 1232160 623645        cutoff           2136.2021     2123.5199 1.04e+08    0.59%
 1235860 623373     2126.6121   257     2136.2021     2123.5364 1.04e+08    0.59%
 1239983 625546     2132.0390   233     2136.2021     2123.5809 1.04e+08    0.59%
 1244025 625459     2127.9181   195     2136.2021     2123.6054 1.04e+08    0.59%
 1248171 626236     2130.9204   223     2136.2021     2123.6295 1.04e+08    0.59%
Elapsed time = 11307.07 sec. (2365778.28 ticks, tree = 34042.00 MB, solutions = 147)
Nodefile size = 31985.02 MB (20395.95 MB after compression)
 1252412 629517     2132.4423   185     2136.2021     2123.6744 1.05e+08    0.59%
 1256393 630913     2129.4788   321     2136.2021     2123.6965 1.05e+08    0.59%
 1260548 635375     2126.9456   101     2136.2021     2123.7157 1.05e+08    0.58%
 1264533 634507        cutoff           2136.2021     2123.7580 1.05e+08    0.58%
 1268577 638064        cutoff           2136.2021     2123.7803 1.06e+08    0.58%
 1272611 641148     2132.5558   115     2136.2021     2123.8227 1.06e+08    0.58%
 1276569 640712     2128.3112   266     2136.2021     2123.8449 1.06e+08    0.58%
 1280321 642226     2132.3224   177     2136.2021     2123.8697 1.06e+08    0.58%
 1283919 645618     2127.3354   260     2136.2021     2123.8946 1.06e+08    0.58%
 1287834 645435     2126.9095   213     2136.2021     2123.9147 1.06e+08    0.58%
Elapsed time = 11505.16 sec. (2403935.39 ticks, tree = 34976.10 MB, solutions = 147)
Nodefile size = 32920.53 MB (20966.06 MB after compression)
 1291926 647681     2132.5569   200     2136.2021     2123.9589 1.07e+08    0.57%
 1296237 649323        cutoff           2136.2021     2123.9799 1.07e+08    0.57%
 1300456 649377        cutoff           2136.2021     2124.0056 1.07e+08    0.57%
 1304590 654432     2129.0230   159     2136.2021     2124.0442 1.07e+08    0.57%
 1308862 653896        cutoff           2136.2021     2124.0645 1.07e+08    0.57%
 1313103 654605     2134.3617   176     2136.2021     2124.0959 1.08e+08    0.57%
 1317089 658635     2132.9662   318     2136.2021     2124.1209 1.08e+08    0.57%
 1321338 657249     2135.9692    59     2136.2021     2124.1362 1.08e+08    0.56%
 1325396 662030     2132.7421   148     2136.2021     2124.1778 1.08e+08    0.56%
 1329362 664519     2129.5627   267     2136.2021     2124.1961 1.09e+08    0.56%
Elapsed time = 11702.69 sec. (2442089.80 ticks, tree = 35949.20 MB, solutions = 147)
Nodefile size = 33894.77 MB (21563.35 MB after compression)
 1333127 664577     2132.3610   184     2136.2021     2124.2105 1.09e+08    0.56%
 1337002 666744     2133.4784   177     2136.2021     2124.2447 1.09e+08    0.56%
 1340969 669453     2132.7423   164     2136.2021     2124.2614 1.09e+08    0.56%
 1345118 670692     2132.5294   295     2136.2021     2124.2982 1.09e+08    0.56%
 1349321 673431     2133.4746   194     2136.2021     2124.3137 1.10e+08    0.56%
 1353487 672943     2129.1970   122     2136.2021     2124.3504 1.10e+08    0.55%
 1357611 677847     2134.5040   104     2136.2021     2124.3854 1.10e+08    0.55%
 1361900 676633     2130.8360   264     2136.2021     2124.4021 1.10e+08    0.55%
Starting limited solution polishing.
 1366074 680154     2131.6755    44     2136.2021     2124.4349 1.10e+08    0.55%
 1370457 680838        cutoff           2136.2021     2124.4595 1.10e+08    0.55%
Elapsed time = 11904.12 sec. (2480246.92 ticks, tree = 36780.11 MB, solutions = 147)
Nodefile size = 34726.27 MB (22071.19 MB after compression)
 1374878 683007        cutoff           2136.2021     2124.4793 1.11e+08    0.55%
 1378858 686375     2128.7542   122     2136.2021     2124.5135 1.11e+08    0.55%
 1382565 684868     2131.4490   137     2136.2021     2124.5259 1.11e+08    0.55%
 1386047 688867     2126.5476   176     2136.2021     2124.5496 1.11e+08    0.55%
 1389450 688644     2133.0105   193     2136.2021     2124.5743 1.11e+08    0.54%
 1392840 691467     2135.1736   111     2136.2021     2124.5915 1.12e+08    0.54%
 1396072 692389     2128.5124   184     2136.2021     2124.6100 1.12e+08    0.54%
 1399136 692510     2131.6578   161     2136.2021     2124.6189 1.12e+08    0.54%
 1401902 696822     2133.6923   245     2136.2021     2124.6534 1.12e+08    0.54%
 1405192 696352     2128.6601   264     2136.2021     2124.6746 1.12e+08    0.54%
Elapsed time = 12103.23 sec. (2518410.30 ticks, tree = 37193.68 MB, solutions = 147)
Nodefile size = 35134.33 MB (22292.53 MB after compression)
 1407606 699376     2130.3595   202     2136.2021     2124.6994 1.12e+08    0.54%
 1410228 699206     2134.3559   146     2136.2021     2124.7275 1.12e+08    0.54%
 1412552 701467     2134.7658   279     2136.2021     2124.7275 1.13e+08    0.54%
 1414701 700072        cutoff           2136.2021     2124.7593 1.13e+08    0.54%
 1417179 703667     2134.4742   247     2136.2021     2124.7648 1.13e+08    0.54%
 1419218 702979     2130.4508   162     2136.2021     2124.8027 1.13e+08    0.53%
 1420907 705176        cutoff           2136.2021     2124.8094 1.13e+08    0.53%
 1422938 705572        cutoff           2136.2021     2124.8355 1.13e+08    0.53%
 1424906 707028     2129.8899   219     2136.2021     2124.8536 1.13e+08    0.53%
 1426652 706211     2128.9468   286     2136.2021     2124.8677 1.13e+08    0.53%
Elapsed time = 12275.56 sec. (2556575.15 ticks, tree = 37664.42 MB, solutions = 147)
Nodefile size = 35609.91 MB (22581.38 MB after compression)
 1428667 707317     2127.1451   196     2136.2021     2124.8874 1.13e+08    0.53%
 1430861 708281     2129.1007   156     2136.2021     2124.8959 1.13e+08    0.53%
 1432972 708764     2125.1302   204     2136.2021     2124.9238 1.14e+08    0.53%
 1435477 710478        cutoff           2136.2021     2124.9320 1.14e+08    0.53%
 1436849 712598     2129.3008   182     2136.2021     2124.9387 1.14e+08    0.53%
 1438672 713473        cutoff           2136.2021     2124.9408 1.14e+08    0.53%
 1440509 713810     2133.9720   161     2136.2021     2124.9408 1.14e+08    0.53%
 1442548 714644        cutoff           2136.2021     2124.9805 1.14e+08    0.53%
 1444282 715562        cutoff           2136.2021     2124.9805 1.14e+08    0.53%
 1446227 714444     2136.1024   170     2136.2021     2124.9805 1.14e+08    0.53%
Elapsed time = 12456.80 sec. (2594732.36 ticks, tree = 38202.72 MB, solutions = 147)
Nodefile size = 36147.58 MB (22916.62 MB after compression)
 1448233 715663     2129.9090   174     2136.2021     2125.0011 1.14e+08    0.52%
 1450188 717666    infeasible           2136.2021     2125.0011 1.14e+08    0.52%
 1451934 718641     2129.8603   283     2136.2021     2125.0383 1.15e+08    0.52%
 1453726 719212     2133.1998   139     2136.2021     2125.0447 1.15e+08    0.52%
 1455611 720166     2134.8334   160     2136.2021     2125.0488 1.15e+08    0.52%
 1457159 719405     2131.1469   121     2136.2021     2125.0592 1.15e+08    0.52%
 1458795 721636     2135.0013   208     2136.2021     2125.0706 1.15e+08    0.52%
 1460160 722216        cutoff           2136.2021     2125.0734 1.15e+08    0.52%
 1461920 722489     2133.7507   141     2136.2021     2125.0813 1.15e+08    0.52%
 1463641 723844     2130.3638   212     2136.2021     2125.0980 1.15e+08    0.52%
Elapsed time = 12642.56 sec. (2632899.82 ticks, tree = 38591.63 MB, solutions = 147)
Nodefile size = 36537.03 MB (23146.55 MB after compression)
 1465159 724401     2127.8972   282     2136.2021     2125.0980 1.15e+08    0.52%
 1467139 724974        cutoff           2136.2021     2125.1127 1.15e+08    0.52%
 1468652 725234        cutoff           2136.2021     2125.1127 1.15e+08    0.52%
 1470251 726318     2134.4413   196     2136.2021     2125.1229 1.15e+08    0.52%
 1472056 726577        cutoff           2136.2021     2125.1229 1.16e+08    0.52%
 1473784 727933     2131.4058   252     2136.2021     2125.1428 1.16e+08    0.52%
 1474892 727708     2133.3966   162     2136.2021     2125.1428 1.16e+08    0.52%
 1476622 729244        cutoff           2136.2021     2125.1635 1.16e+08    0.52%
 1478357 730108     2134.3247    95     2136.2021     2125.1840 1.16e+08    0.52%
 1479694 730405     2127.9923   253     2136.2021     2125.1840 1.16e+08    0.52%
Elapsed time = 12811.11 sec. (2671080.42 ticks, tree = 38736.16 MB, solutions = 147)
Nodefile size = 36674.59 MB (23218.63 MB after compression)
 1481547 731133     2135.4704   181     2136.2021     2125.1961 1.16e+08    0.52%
 1482787 731868        cutoff           2136.2021     2125.1961 1.16e+08    0.52%
 1484242 732131     2134.5549   171     2136.2021     2125.2058 1.16e+08    0.51%
 1485776 732947     2134.9807   117     2136.2021     2125.2186 1.16e+08    0.51%
 1487272 733287     2130.5949   163     2136.2021     2125.2294 1.16e+08    0.51%
 1488466 733775     2128.5800   167     2136.2021     2125.2353 1.16e+08    0.51%
 1490337 735078        cutoff           2136.2021     2125.2369 1.17e+08    0.51%
 1492150 734221     2133.8177   219     2136.2021     2125.2417 1.16e+08    0.51%
 1493825 736206     2127.2377   283     2136.2021     2125.2582 1.17e+08    0.51%
 1495299 735872     2136.1175   104     2136.2021     2125.2666 1.17e+08    0.51%
Elapsed time = 12985.04 sec. (2709242.17 ticks, tree = 39143.94 MB, solutions = 147)
Nodefile size = 37088.22 MB (23479.54 MB after compression)
 1496891 736243     2133.6627   107     2136.2021     2125.2710 1.17e+08    0.51%
 1498944 737988     2129.2720   177     2136.2021     2125.2801 1.17e+08    0.51%
 1501714 738807     2135.3720   120     2136.2021     2125.2844 1.17e+08    0.51%
 1504217 738856        cutoff           2136.2021     2125.2844 1.17e+08    0.51%
 1506801 740272     2134.6653   181     2136.2021     2125.3173 1.17e+08    0.51%
 1509211 740297     2127.0326   197     2136.2021     2125.3227 1.17e+08    0.51%
 1511862 741539     2134.0391   177     2136.2021     2125.3323 1.17e+08    0.51%
 1514304 742792     2129.7081   275     2136.2021     2125.3404 1.17e+08    0.51%
 1517061 743966     2135.5380   109     2136.2021     2125.3553 1.18e+08    0.51%
 1520277 745346     2135.2477   132     2136.2021     2125.3575 1.18e+08    0.51%
Elapsed time = 13180.19 sec. (2747410.66 ticks, tree = 39632.88 MB, solutions = 147)
Nodefile size = 37578.41 MB (23777.35 MB after compression)
 1522607 745271        cutoff           2136.2021     2125.3575 1.18e+08    0.51%
 1524197 746651     2134.8296   157     2136.2021     2125.3745 1.18e+08    0.51%

GUB cover cuts applied:  57
Clique cuts applied:  26
Cover cuts applied:  55
Implied bound cuts applied:  1681
Flow cuts applied:  232
Mixed integer rounding cuts applied:  328
Flow path cuts applied:  12
Zero-half cuts applied:  30
Lift and project cuts applied:  109
Gomory fractional cuts applied:  14

Root node processing (before b&c):
  Real time             =   16.10 sec. (8958.51 ticks)
Parallel b&c, 32 threads:
  Real time             = 13192.84 sec. (2747816.22 ticks)
  Sync time (average)   = 4953.55 sec.
  Wait time (average)   =    1.67 sec.
                          ------------
Total (root+branch&cut) = 13208.95 sec. (2756774.72 ticks)
Number of arguments: 4

File path: ../Data/Demo/100/C101.txt
Capacity of FEV: 600
Capacity of SEV: 50
Execution time limit: 220
Case: f

Number of customers: 100
./Result/C101/C101-Q50-f
Feasible solution found within the time limit!
Total execution time: 13211.421215315 seconds
Total distance traveled: 2136.202068822796
File name: C101-Q50-f
Number of customers: 100
Capacity of FEV: 10000
Capacity of Microhub: 600
Capacity of SEV: 50
Number of parkings: 16
Number of microhubs: 10
Number of robots/MM: 10
Parking generation rule: f
==========================================================================
