Version identifier: 22.1.1.0 | 2022-11-28 | 9160aff4d
CPXPARAM_TimeLimit                               20400
Tried aggregator 1 time.
MIP Presolve eliminated 2345 rows and 2002 columns.
MIP Presolve modified 12346 coefficients.
Reduced MIP has 28023 rows, 30148 columns, and 129228 nonzeros.
Reduced MIP has 15300 binaries, 14848 generals, 0 SOSs, and 0 indicators.
Presolve time = 0.13 sec. (85.05 ticks)
Probing time = 6.81 sec. (45.99 ticks)
Cover probing fixed 0 vars, tightened 13 bounds.
Tried aggregator 1 time.
Detecting symmetries...
MIP Presolve eliminated 492 rows and 492 columns.
MIP Presolve modified 2 coefficients.
Reduced MIP has 27531 rows, 29656 columns, and 127554 nonzeros.
Reduced MIP has 15298 binaries, 14358 generals, 0 SOSs, and 0 indicators.
Presolve time = 0.23 sec. (112.02 ticks)
Probing time = 7.43 sec. (19.27 ticks)
Cover probing fixed 0 vars, tightened 12 bounds.
Clique table members: 15875.
MIP emphasis: balance optimality and feasibility.
MIP search method: dynamic search.
Parallel mode: deterministic, using up to 32 threads.
Root relaxation solution time = 5.24 sec. (653.33 ticks)

        Nodes                                         Cuts/
   Node  Left     Objective  IInf  Best Integer    Best Bound    ItCnt     Gap

      0     0      810.8725   422                    810.8725       20         
      0     0      844.9410   539                   Cuts: 352     1896         
      0     0      859.2909   638                   Cuts: 239     3060         
      0     0      865.5151   681                   Cuts: 169     3901         
      0     0      868.1398   712                   Cuts: 143     4575         
      0     0      872.4548   686                   Cuts: 126     5256         
Detecting symmetries...
      0     0      874.9475   721                   Cuts: 110     5752         
      0     0      876.0066   704                    Cuts: 78     6067         
      0     0      876.6505   703                    Cuts: 68     6304         
      0     0      877.7182   674                    Cuts: 56     6691         
      0     0      878.0060   645                    Cuts: 44     6892         
      0     0      878.0840   608                    Cuts: 34     6944         
      0     0      878.1103   639                    Cuts: 18     6982         
      0     0      878.1420   629                    Cuts: 11     7004         
Detecting symmetries...
      0     2      878.1420   629                    878.1420     7004         
Elapsed time = 51.19 sec. (19873.99 ticks, tree = 0.02 MB, solutions = 0)
      2     4      878.6210   630                    878.1420     7275         
      7     4      881.5724   556                    878.1420     7744         
     17    13      884.4768   634                    878.1713     9206         
     37    29      882.2366   627                    878.6210    11082         
     78    54      880.1301   622                    878.6210    13591         
    117    77      880.1609   616                    878.6210    17434         
    141    16      882.4018   634                    878.6589     9696         
    178   103      888.8306   613                    878.6589    22739         
    220   182      887.1951   590                    878.6589    42528         
    312   190      892.4390   609                    878.6589    45301         
Elapsed time = 69.75 sec. (23136.74 ticks, tree = 5.54 MB, solutions = 0)
    478   332      882.8111   620                    878.6589    84495         
    548   361      925.6319   587                    878.6589    91432         
    606   544      939.3735   557                    878.6589   177883         
    686   613      889.7409   591                    878.6589   222077         
    753   635      922.5724   571                    878.6589   230594         
    906   732      939.3952   550                    878.6589   262811         
   1120   907      932.5102   581                    878.6589   286409         
   1285   985      957.0414   584                    878.6589   302169         
   1429  1140      943.0608   517                    878.6589   330519         
   1560  1267      943.9003   491                    878.6589   361693         
Elapsed time = 118.12 sec. (32784.46 ticks, tree = 53.97 MB, solutions = 0)
   1746  1334      995.6352   473                    878.6589   377016         
   2047  1419      933.7333   520                    878.6589   396792         
   2336  1613      949.1604   479                    878.6589   423135         
   2629  1874      957.2109   455                    878.6589   458864         
   2867  2089      962.6858   493                    878.6589   486979         
   3089  2493      979.4538   406                    878.6589   558056         
   3309  2634     1003.1295   407                    878.6589   585084         
   3494  2810     1169.2634   407                    878.6589   610816         
   3755  2912     1061.0999   490                    878.6589   635534         
   4028  3203     1151.9707   398                    878.6589   684894         
Elapsed time = 165.78 sec. (42364.21 ticks, tree = 461.74 MB, solutions = 0)
   4318  3630     1218.6127   304                    878.6589   749709         
   4675  3754     1353.4385   342                    878.6589   762137         
   5054  4046     1111.1313   342                    878.6589   804363         
   5407  4550     1228.9542   285                    878.6589   861263         
   5747  4970     1155.4328   233                    878.6589   907442         
   6114  4719     1109.6547   314                    878.6589   881236         
   6568  5596     1006.5784   382                    878.6589   987487         
   7050  5492     1256.6455   436                    878.6589   976065         
   7606  5990     1353.4451   219                    878.6589  1029281         
   8103  6428     1638.9897   215                    878.6589  1064035         
Elapsed time = 214.77 sec. (51917.91 ticks, tree = 1257.24 MB, solutions = 0)
   8719  7319     1553.6154   120                    878.6589  1143384         
   9349  7340      884.9094   605                    878.6589  1146576         
   9961  8014     1534.3030   273                    878.6589  1206530         
  10626  8175      902.5054   593                    878.6589  1222375         
  11335  9322     1750.9591   264                    878.6589  1319708         
  11995  9918     1886.1717    84                    878.6589  1368191         
  12807 10319     1289.6044   207                    878.6589  1403378         
  13735 10113     1138.1944   395                    878.9849  1386458         
  14553 11300    infeasible                          878.9849  1485744         
  15231 11485     1862.3102   232                    878.9849  1496081         
Elapsed time = 264.97 sec. (61468.48 ticks, tree = 2504.86 MB, solutions = 0)
Nodefile size = 444.08 MB (294.20 MB after compression)
  15924 12616     1340.0958   277                    878.9849  1572849         
  16692 12400     1905.3187   133                    878.9849  1560908         
  17349 12859     1684.0216   172                    878.9849  1585896         
  17993 13520     1958.1379   347                    878.9849  1632647         
  18465 14505     1659.8578   174                    878.9849  1719819         
  18887 14715     1532.1342   267                    878.9849  1745841         
  19330 14737     1602.2256   269                    878.9849  1746782         
  19725 15596     1862.1533   336                    878.9849  1833269         
  20121 15477      928.6717   566                    878.9849  1827654         
  20480 15849     1178.8513   248                    878.9849  1853699         
Elapsed time = 313.07 sec. (71019.94 ticks, tree = 3552.88 MB, solutions = 0)
Nodefile size = 1478.25 MB (984.63 MB after compression)
  20879 16157     1610.0650   209                    879.0256  1897179         
  21357 16797     1003.4276   509                    879.0256  1962050         
  21853 17028     1208.1269   242                    879.0256  1976480         
  22267 17410      935.0936   512                    879.0256  2014471         
  22713 18014     1002.2074   489                    879.0256  2064416         
  23126 18110      888.4761   554                    879.0256  2075040         
  23527 18215      961.7285   469                    879.0256  2090787         
  23692 18887      897.5163   522                    879.0256  2144396         
  23791 19094     1032.3088   477                    879.0256  2165266         
  23853 19424     1058.9014   542                    879.0256  2199986         
Elapsed time = 367.32 sec. (80607.55 ticks, tree = 4404.24 MB, solutions = 0)
Nodefile size = 2349.84 MB (1576.26 MB after compression)
  24074 19516      882.4843   602                    880.0477  2222148         
  24429 19625     1802.5935   111                    880.0477  2249705         
  24712 19626      943.4684   630                    880.0477  2260105         
  24969 19895     1049.8606   444                    880.0477  2280537         
  25227 20010     1100.2927   462                    880.0477  2304662         
  25612 20473     1022.9064   529                    880.0477  2358186         
  25968 20219      901.3048   544                    880.0477  2339900         
  26276 20870     1152.4562   394                    880.0477  2433380         
  26532 21369     1418.5685   295                    880.0477  2480767         
  26771 21554     1169.7183   410                    880.0477  2508654         
Elapsed time = 416.89 sec. (90184.43 ticks, tree = 4890.61 MB, solutions = 0)
Nodefile size = 2832.54 MB (1906.83 MB after compression)
  27127 21779     1205.7420   460                    880.0477  2533427         
  27440 22257     1248.8042   400                    880.0477  2600798         
  27787 22418     1049.8606   444                    880.0477  2612337         
  28016 22460     1049.8606   444                    880.0477  2613261         
  28251 23119     1646.5836   264                    880.0477  2707631         
  28540 23284     1019.4031   578                    880.0477  2732665         
  28808 23529     1409.9802   343                    880.0477  2766728         
  29086 23581      903.1583   551                    880.0477  2789923         
  29396 24030     1049.8606   444                    880.0477  2838571         
  29783 24234      906.8474   557                    880.0477  2866282         
Elapsed time = 465.08 sec. (99752.30 ticks, tree = 5275.80 MB, solutions = 0)
Nodefile size = 3221.77 MB (2156.77 MB after compression)
  30262 24048     1100.2365   485                    880.0477  2843203         
  30739 24676     1089.3965   448                    880.0477  2914498         
  31210 25281     1023.8243   519                    880.0477  2966915         
  31707 25372     1020.0126   575                    880.0477  2980609         
  32216 25914     1611.1827   401                    880.0477  3016639         
  32647 25694     1683.3819   106                    880.0477  3006608         
  33078 26250     1067.4715   539                    880.0477  3052985         
  33634 26903      921.7531   511                    880.0477  3110937         
  34093 26955     1416.1923   322                    880.0477  3105058         
  35700 28675     1172.2582   570                    880.0477  3265649         
Elapsed time = 531.31 sec. (112169.00 ticks, tree = 6335.22 MB, solutions = 0)
Nodefile size = 4279.43 MB (2859.45 MB after compression)
  37440 29542     1260.6960   394                    880.0477  3320497         
  39148 31594     1292.1432   400                    880.0477  3502894         
  40688 32638     1216.8525   378                    880.0477  3596727         
  41862 33789     1054.9527   429                    880.0477  3730962         
  43560 35659     1366.6198   305                    880.0477  3907681         
  44729 36121      968.1770   441                    880.0477  3970629         
  46082 37245     1292.2160   425                    880.0477  4085314         
  47584 38647      909.0494   567                    880.0477  4211627         
  48611 40626     1368.3802   294                    880.0477  4395523         
  50300 41643     1199.9740   436                    880.0477  4500594         
Elapsed time = 728.45 sec. (150360.08 ticks, tree = 8613.36 MB, solutions = 0)
Nodefile size = 6553.28 MB (4362.70 MB after compression)
  51849 43348     1936.6315   419                    880.0477  4632149         
  52724 43583     1606.9641   383                    880.0477  4661089         
  53784 45012     1017.5338   539                    880.0477  4814788         
  55000 46069     1216.5480   510                    880.0477  4944283         
  56507 46696     1605.3867   197                    880.0477  5026318         
  58373 48356     1640.4196   417                    880.0477  5181144         
  59910 50226     1045.5933   488                    880.1504  5352354         
  61376 50995      993.9187   607                    880.1504  5425816         
  62871 52819     1058.1624   565                    880.5844  5616382         
  64182 53277     1004.3287   605                    880.5972  5670110         
Elapsed time = 931.44 sec. (188527.20 ticks, tree = 11016.83 MB, solutions = 0)
Nodefile size = 8950.47 MB (5984.22 MB after compression)
* 65578+55311                         1978.4376      880.5972            55.49%
  65587 54170     1094.7951   562     1978.4376      880.5972  5775509   55.49%
  66935 55669      904.5858   563     1978.4376      880.5972  5987880   55.49%
* 67347+55884                         1856.0017      880.6179            52.55%
* 67347+55884                         1830.5853      880.6179            51.89%
* 67347+55884                         1829.0215      880.6179            51.85%
* 67347+55215                         1667.0861      880.6179            47.18%
* 67347+55215                         1536.9839      880.6179            42.70%
* 67347+55215                         1536.4568      880.6179            42.69%
  67347 55886     1348.3973   504     1536.4568      880.6179  5992993   42.69%

Performing restart 1

Repeating presolve.
Tried aggregator 1 time.
MIP Presolve eliminated 17 rows and 145 columns.
MIP Presolve modified 372 coefficients.
Reduced MIP has 27514 rows, 29511 columns, and 127117 nonzeros.
Reduced MIP has 15170 binaries, 14341 generals, 0 SOSs, and 0 indicators.
Presolve time = 0.12 sec. (58.74 ticks)
Tried aggregator 1 time.
MIP Presolve eliminated 23 rows and 111 columns.
Reduced MIP has 27491 rows, 29400 columns, and 126793 nonzeros.
Reduced MIP has 15082 binaries, 14318 generals, 0 SOSs, and 0 indicators.
Presolve time = 0.19 sec. (80.85 ticks)
Represolve time = 10.24 sec. (342.97 ticks)
* 67349+    0                         1398.4696      881.0606            37.00%
  67349     0      912.2765   734     1398.4696    Cuts: 1712  6155524   34.77%
  67349     0      929.7419   788     1398.4696    Cuts: 1175  6157782   33.52%
  67349     0      944.9988   848     1398.4696     Cuts: 524  6159755   32.43%
* 67349+    0                         1392.2979      944.9988            32.13%
* 67349+    0                         1359.7829      944.9988            30.50%
* 67349+    0                         1354.8032      944.9988            30.25%
* 67349+    0                         1354.3480      944.9988            30.22%
* 67349+    0                         1353.8879      944.9988            30.20%
  67349     0  -1.00000e+75     0     1353.8879      944.9988  6159755   30.20%
  67349     0      954.1018   846     1353.8879    Cuts: 2544  6161964   29.53%
  67349     0      965.0429   879     1353.8879     Cuts: 567  6163936   28.72%
  67349     0      978.2197   863     1353.8879     Cuts: 419  6165531   27.75%
  67349     0      980.9349   911     1353.8879     Cuts: 779  6166362   27.55%
  67349     0      982.5646   881     1353.8879     Cuts: 255  6166861   27.43%
  67349     0      984.9561   885     1353.8879     Cuts: 193  6167806   27.25%
  67349     0      988.7067   904     1353.8879     Cuts: 817  6168836   26.97%
  67349     0      990.2598   927     1353.8879     Cuts: 292  6169642   26.86%
  67349     0      990.6018   925     1353.8879     Cuts: 348  6170142   26.83%
  67349     0      990.8120   923     1353.8879     Cuts: 132  6170450   26.82%
  67349     0      990.9141   931     1353.8879      Cuts: 89  6170722   26.81%
  67349     0      990.9703   938     1353.8879      Cuts: 76  6170896   26.81%
  67349     0      991.0303   934     1353.8879      Cuts: 65  6171030   26.80%
  67349     0      991.1026   937     1353.8879     Cuts: 133  6171168   26.80%
  67349     0      991.1768   940     1353.8879      Cuts: 46  6171328   26.79%
  67349     0      991.2143   961     1353.8879      Cuts: 76  6171492   26.79%
  67349     0      991.3769   960     1353.8879      Cuts: 49  6171642   26.78%
  67349     0      991.5267   961     1353.8879      Cuts: 52  6171857   26.76%
  67349     0      991.5705   954     1353.8879      Cuts: 61  6171972   26.76%
  67349     0      991.6475   958     1353.8879      Cuts: 50  6172157   26.76%
  67349     2      991.6475   958     1353.8879      991.6475  6172157   26.76%
  67350     3      994.6248   948     1353.8879      994.6847  6173302   26.53%
  67352     4     1037.9008   924     1353.8879      994.6847  6174688   26.53%
  67357     6     1061.5461   856     1353.8879      996.5587  6178118   26.39%
  67364    10      996.9009   953     1353.8879      996.9025  6179492   26.37%
  67374    14     1042.3605   784     1353.8879      996.9025  6183052   26.37%
  67386    15     1064.3810   840     1353.8879      996.9025  6182053   26.37%
Elapsed time = 1342.35 sec. (385730.14 ticks, tree = 0.02 MB, solutions = 14)
  67407    41     1061.1738   870     1353.8879      998.3791  6233870   26.26%
* 67416+   28                         1277.5417      998.3791            21.85%
  67417    52     1083.6535   805     1277.5417      998.3791  6263803   21.85%
* 67418+   28                         1268.4449      998.3791            21.29%
  67449    74     1061.5144   906     1268.4449      998.4589  6319665   21.28%
  67479   100     1086.8596   856     1268.4449      998.4589  6372721   21.28%
  67524    94     1100.3172   738     1268.4449      998.4589  6360981   21.28%
  67557   149     1070.4061   832     1268.4449      998.4589  6408227   21.28%
  67592   131     1028.7962   887     1268.4449      998.4589  6398523   21.28%
  67630   174     1094.1752   792     1268.4449      998.4589  6425800   21.28%
  67673   177     1076.8298   811     1268.4449      998.4589  6431778   21.28%
  67739   322     1093.2543   840     1268.4449      998.4589  6553736   21.28%
Elapsed time = 1600.00 sec. (425647.40 ticks, tree = 1.96 MB, solutions = 24)
  67833   349     1014.2416   920     1268.4449      998.4589  6584531   21.28%
  67960   376     1096.1541   802     1268.4449      998.4589  6600180   21.28%
  68160   503     1058.1946   844     1268.4449      998.4589  6641674   21.28%
  68430   515     1100.1808   691     1268.4449      998.4589  6648143   21.28%
  68729   699     1104.7774   838     1268.4449      998.4589  6703508   21.28%
  69027   823     1069.1900   791     1268.4449      998.4589  6728516   21.28%
  69368  1415     1121.6254   769     1268.4449      998.4589  6860550   21.28%
* 69801+ 1670                         1261.5141      998.4589            20.85%
  69853  1607     1264.6247   622     1261.5141      998.4589  6891995   20.85%
* 69870+ 1616                         1261.5141      998.4589            20.85%
  70277  2004     1048.0881   894     1261.5141      998.4589  6984213   20.85%
  70781  2112     1126.8922   682     1261.5141      998.4589  6999282   20.85%
Elapsed time = 1837.57 sec. (463962.87 ticks, tree = 246.25 MB, solutions = 30)
  71319  3037     1041.9461   905     1261.5141      998.4589  7153011   20.85%
  71801  3020     1216.6271   602     1261.5141      998.4589  7144418   20.85%
  72335  3298     1155.8545   601     1261.5141      998.4589  7195913   20.85%
  72814  4284     1219.1589   498     1261.5141      998.4589  7370579   20.85%
  73160  4124     1045.3477   835     1261.5141      998.4589  7349767   20.85%
  73539  5205     1175.6543   662     1261.5141      998.4589  7576512   20.85%
  74026  5230     1208.2957   652     1261.5141      998.4589  7579889   20.85%
  74714  5691     1081.4497   948     1261.5141      998.4589  7719416   20.85%
  75404  6116     1210.6153   706     1261.5141      998.4589  7799046   20.85%
  76078  7502     1048.6357   913     1261.5141      998.4589  8014677   20.85%
Elapsed time = 2091.09 sec. (502216.78 ticks, tree = 1341.92 MB, solutions = 30)
  76807  7193     1082.1301   906     1261.5141      998.4589  7986217   20.85%
  77581  8667     1076.9158   935     1261.5141     1005.1592  8176422   20.32%
  78299  9329     1136.1164   824     1261.5141     1005.1592  8268185   20.32%
  79008  9654        cutoff           1261.5141     1005.1592  8301182   20.32%
  79683 10198     1148.5017   836     1261.5141     1005.1592  8372842   20.32%
  80271 11016     1118.5943   868     1261.5141     1005.1592  8495137   20.32%
  80957 12207     1058.7150   939     1261.5141     1006.0837  8642730   20.25%
  81576 12758     1195.2986   810     1261.5141     1006.0837  8719435   20.25%
  82312 12742     1064.5262   925     1261.5141     1006.0837  8719150   20.25%
  82930 13422     1096.3763   865     1261.5141     1006.0837  8794903   20.25%
Elapsed time = 2353.45 sec. (540420.06 ticks, tree = 2693.97 MB, solutions = 30)
Nodefile size = 636.10 MB (414.42 MB after compression)
  83590 14542     1123.8837   953     1261.5141     1006.0837  8973108   20.25%
  84237 14804     1180.2354   816     1261.5141     1006.0837  9016751   20.25%
  84897 15807     1219.0139   851     1261.5141     1006.0837  9167807   20.25%
  85633 16639     1124.7423   799     1261.5141     1014.9817  9286891   19.54%
  86429 16408     1099.8257   851     1261.5141     1020.1787  9255296   19.13%
  87170 17195     1047.0144   878     1261.5141     1022.3657  9388086   18.96%
  87888 18558     1085.8076   894     1261.5141     1022.5447  9570239   18.94%
  88555 19224     1155.8505   593     1261.5141     1023.3581  9662842   18.88%
  89207 19722     1164.3244   893     1261.5141     1023.5249  9724783   18.87%
  89930 20541     1222.1418   810     1261.5141     1023.5249  9873961   18.87%
Elapsed time = 2627.42 sec. (578623.92 ticks, tree = 4339.63 MB, solutions = 30)
Nodefile size = 2281.81 MB (1483.75 MB after compression)
  90785 21151     1202.0740   483     1261.5141     1023.7567  9972412   18.85%
  91508 21250     1238.9026   734     1261.5141     1023.7567  9986400   18.85%
* 92136+22107                         1252.3338     1023.7567            18.25%
  92136 21806     1253.5279   804     1252.3338     1023.7567 10063532   18.25%
* 92183+22107                         1249.2960     1023.7567            18.05%
* 92205+22107                         1249.1536     1023.7567            18.04%
* 92233+22107                         1249.0439     1023.7567            18.04%
* 92242+22107                         1247.9834     1023.7567            17.97%
  92768 22484     1208.0729   476     1247.9834     1024.6367 10139129   17.90%
  93420 23413     1160.6373   893     1247.9834     1025.0269 10351969   17.87%
  94103 23893     1203.1836   543     1247.9834     1025.0269 10427132   17.87%
  94771 23770     1046.7132   860     1247.9834     1025.7453 10413162   17.81%
  95493 24964     1180.7001   775     1247.9834     1025.7453 10578424   17.81%
  96188 26150     1152.1257   836     1247.9834     1025.7453 10754004   17.81%
  96843 26323     1164.5270   718     1247.9834     1025.7453 10782487   17.81%
Elapsed time = 2893.71 sec. (616808.70 ticks, tree = 5677.87 MB, solutions = 35)
Nodefile size = 3617.45 MB (2351.29 MB after compression)
  97427 26433     1214.3000   847     1247.9834     1025.7453 10800321   17.81%
  98035 27818     1109.3628   910     1247.9834     1026.4730 10998531   17.75%
  98701 28467     1114.7947   870     1247.9834     1026.4730 11102323   17.75%
* 98944+27377                         1247.2176     1026.4730            17.70%
* 99159+27377                         1247.1399     1026.4730            17.69%
* 99444+28114                         1241.8909     1026.4730            17.35%
* 99505+28114                         1241.2901     1026.4730            17.31%
  99509 28983     1216.2440   793     1241.2901     1026.4730 11174533   17.31%
* 99621+28114                         1240.9559     1026.4730            17.28%
*100062+29094                         1240.8081     1026.4730            17.27%
 100314 29311     1172.1389   805     1240.8081     1026.5052 11229122   17.27%
*100807+29443                         1239.1688     1026.7481            17.14%
 100958 29713     1062.9681   897     1239.1688     1026.7481 11326725   17.14%
*101794+29128                         1192.6737     1027.2090            13.87%
 101805 30367     1161.3561   857     1192.6737     1027.2090 11394141   13.87%
*102016+29128                         1191.6852     1027.2090            13.80%
*102145+29128                         1191.1873     1027.2090            13.77%
*102209+29128                         1190.7566     1027.2090            13.73%
 102483 30973     1090.9698   858     1190.7566     1027.2090 11487486   13.73%
*102593+25495                         1189.0836     1027.2090            13.61%
 103087 25302     1096.2077   905     1189.0836     1027.6423 11565570   13.58%
*103266+31380                         1186.0536     1027.6423            13.36%
*103453+31380                         1183.7162     1027.6423            13.19%
*103512+31380                         1180.2857     1027.8621            12.91%
*103581+31380                         1180.1815     1027.8621            12.91%
*103605+31380                         1179.6385     1027.8621            12.87%
 103760 26119     1101.2804   919     1179.6385     1027.8621 11725447   12.87%
Elapsed time = 3150.48 sec. (655002.29 ticks, tree = 5592.87 MB, solutions = 59)
Nodefile size = 3533.57 MB (2293.60 MB after compression)
 104484 24726     1088.7652   896     1179.6385     1027.8621 11768247   12.87%
 105070 24784     1091.6759   933     1179.6385     1028.3383 11778227   12.83%
 105631 25407     1109.5506   901     1179.6385     1028.7054 11849344   12.79%
 106168 26633     1124.7239   811     1179.6385     1029.1372 12055478   12.76%
*106385+25601                         1178.8681     1029.1743            12.70%
 106712 27171     1125.9091   829     1178.8681     1029.1743 12209857   12.70%
 107306 27726     1124.2921   902     1178.8681     1029.1743 12296310   12.70%
 107882 27793     1051.1512   898     1178.8681     1029.2830 12313984   12.69%
 108341 27815     1108.8452   876     1178.8681     1029.5911 12321333   12.66%
 108943 28513     1140.6458   739     1178.8681     1029.7052 12453983   12.65%
 109571 29652     1121.0473   850     1178.8681     1029.7052 12668941   12.65%
Elapsed time = 3405.82 sec. (693197.97 ticks, tree = 6412.57 MB, solutions = 71)
Nodefile size = 4352.80 MB (2822.44 MB after compression)
 110326 29404     1119.4320   940     1178.8681     1029.7052 12634920   12.65%
 110979 30103     1146.0269   807     1178.8681     1030.3533 12739702   12.60%
 111661 30911     1061.9707   938     1178.8681     1030.3533 12857676   12.60%
 112393 31767     1124.7460   903     1178.8681     1030.3829 12983825   12.60%
 113089 31835     1053.1560   879     1178.8681     1030.6256 12993729   12.57%
 113778 33520     1051.2181   838     1178.8681     1030.6256 13249562   12.57%
 114427 33642     1134.1759   906     1178.8681     1031.2181 13265576   12.52%
 115141 34574     1147.2318   818     1178.8681     1031.2181 13396119   12.52%
 115876 34925     1093.8483   846     1178.8681     1031.8844 13445102   12.47%
 116556 34736     1102.1345   924     1178.8681     1032.0787 13422027   12.45%
Elapsed time = 3654.65 sec. (731442.26 ticks, tree = 7591.78 MB, solutions = 71)
Nodefile size = 5524.71 MB (3582.23 MB after compression)
 117181 35642     1117.4549   930     1178.8681     1032.1430 13569015   12.45%
 117845 36019     1128.1736   916     1178.8681     1032.1460 13622242   12.45%
*118433+37682                         1175.4749     1032.1460            12.19%
 118528 36679        cutoff           1175.4749     1032.1460 13712109   12.19%
*118623+37604                         1175.1146     1032.1460            12.17%
*118649+37604                         1174.6177     1032.1460            12.13%
*118709+37604                         1174.6068     1032.6432            12.09%
*118812+37604                         1174.5990     1032.6432            12.09%
 118842 38145     1121.2633   876     1174.5990     1032.6432 14045715   12.09%
*119025+37850                         1174.4491     1032.6432            12.07%
 119176 38277     1145.7514   739     1174.4491     1032.6432 14072687   12.07%
*119404+38045                         1174.4491     1032.6432            12.07%
 119593 38422     1115.2711   896     1174.4491     1032.6432 14097888   12.07%
*119766+38568                         1171.0126     1032.6432            11.82%
*119786+38517                         1171.0126     1032.6432            11.82%
*119809+38654                         1171.0126     1032.6432            11.82%
 120114 38203     1119.6012   907     1171.0126     1032.6432 14199858   11.82%
 120627 38440     1075.2077   864     1171.0126     1032.6432 14241605   11.82%
 121156 38169     1123.2844   907     1171.0126     1032.6432 14189205   11.82%
 121803 39591     1104.9274   867     1171.0126     1032.6432 14440040   11.82%
Elapsed time = 3921.56 sec. (769647.54 ticks, tree = 8739.64 MB, solutions = 89)
Nodefile size = 6678.49 MB (4327.93 MB after compression)
 122439 39853     1062.7585   916     1171.0126     1033.4428 14492045   11.75%
 123074 40775     1081.9505   914     1171.0126     1033.4428 14677446   11.75%
 123817 41345     1135.3162   959     1171.0126     1033.4472 14764830   11.75%
 124517 41417     1121.6154   922     1171.0126     1033.4472 14777023   11.75%
 125168 42686     1099.0142   895     1171.0126     1034.1460 14982158   11.69%
 125844 43086     1120.5200   885     1171.0126     1034.2627 15064540   11.68%
 126427 42975     1097.5112   701     1171.0126     1034.5959 15039736   11.65%
 127048 43376     1169.6059   333     1171.0126     1034.7425 15103604   11.64%
 127665 43381     1095.5698   905     1171.0126     1034.8903 15106875   11.62%
 128223 44817     1141.0844   812     1171.0126     1035.0699 15355247   11.61%
Elapsed time = 4187.75 sec. (807839.71 ticks, tree = 9943.13 MB, solutions = 89)
Nodefile size = 7879.14 MB (5103.78 MB after compression)
 128829 45794     1052.3484   958     1171.0126     1035.4738 15544454   11.57%
 129457 45441     1075.1510   856     1171.0126     1035.5446 15466214   11.57%
 130023 46937     1126.8286   869     1171.0126     1035.5570 15734225   11.57%
 130570 47095     1126.4628   900     1171.0126     1035.6313 15765187   11.56%
 131175 47469     1129.5371   804     1171.0126     1035.7746 15824062   11.55%
 131879 47872     1073.5300   877     1171.0126     1036.3423 15912927   11.50%
 132505 49084     1057.7960   969     1171.0126     1036.5857 16125951   11.48%
 133191 48698     1133.7766   804     1171.0126     1036.5857 16061012   11.48%
 133854 50255     1100.9464   890     1171.0126     1036.8035 16317612   11.46%
 134376 50020     1137.7932   864     1171.0126     1036.8519 16273103   11.46%
Elapsed time = 4457.66 sec. (846042.00 ticks, tree = 11157.05 MB, solutions = 89)
Nodefile size = 9089.57 MB (5887.25 MB after compression)
 135069 51050     1074.8213   866     1171.0126     1036.9606 16451995   11.45%
 135646 52189     1102.0842   898     1171.0126     1037.1334 16638355   11.43%
 136199 52016     1117.1561   841     1171.0126     1037.1805 16606549   11.43%
 136777 52045        cutoff           1171.0126     1037.1805 16609784   11.43%
 137408 53084     1123.9606   943     1171.0126     1037.1805 16797102   11.43%
 137944 53103     1049.3555   893     1171.0126     1037.2174 16800485   11.43%
 138635 54010     1110.0364   861     1171.0126     1037.7334 16984029   11.38%
*139065+53039                         1170.1800     1037.7922            11.31%
 139146 55286     1156.8925   861     1170.1800     1037.8270 17188295   11.31%
 139614 55058     1124.4000   772     1170.1800     1037.8682 17151856   11.31%
 140277 55324     1087.2205   858     1170.1800     1038.0535 17193736   11.29%
Elapsed time = 4721.12 sec. (884267.63 ticks, tree = 11919.77 MB, solutions = 90)
Nodefile size = 9848.34 MB (6371.18 MB after compression)
 140919 56163     1120.1543   770     1170.1800     1038.0535 17386194   11.29%
 141602 56311     1080.7386   900     1170.1800     1038.1374 17415721   11.28%
 142306 56705     1109.4362   843     1170.1800     1038.1769 17474272   11.28%
 143066 57370     1081.4619   881     1170.1800     1038.4387 17597017   11.26%
 143716 57966     1061.0509   914     1170.1800     1038.5096 17693523   11.25%
 144393 58668     1122.8521   860     1170.1800     1038.5096 17794106   11.25%
 145059 58211     1114.1258   831     1170.1800     1038.6503 17730288   11.24%
 145779 60763     1125.1817   872     1170.1800     1038.7029 18113255   11.24%
 146395 61091     1098.1790   899     1170.1800     1038.8989 18167929   11.22%
 147092 61672        cutoff           1170.1800     1038.8989 18267997   11.22%
Elapsed time = 4998.80 sec. (922450.68 ticks, tree = 13396.68 MB, solutions = 90)
Nodefile size = 11330.92 MB (7331.49 MB after compression)
 147677 61615     1057.8219   971     1170.1800     1038.9703 18258666   11.21%
 148081 61764     1084.5081   954     1170.1800     1039.2300 18283911   11.19%
 148671 63833     1155.8294   887     1170.1800     1039.2300 18624828   11.19%
 149112 63316     1098.1845   946     1170.1800     1039.2700 18526762   11.19%
 149610 64515     1097.8219   905     1170.1800     1039.4574 18761527   11.17%
 150108 64801     1143.7351   809     1170.1800     1039.4574 18815162   11.17%
 150593 65249     1168.5898   848     1170.1800     1039.6154 18926346   11.16%
 151051 65447     1109.6227   869     1170.1800     1039.6154 18959256   11.16%
 151518 66327     1145.2717   738     1170.1800     1039.7034 19164375   11.15%
 152011 66040     1111.7958   924     1170.1800     1039.7956 19118161   11.14%
Elapsed time = 5280.01 sec. (960677.89 ticks, tree = 14411.46 MB, solutions = 90)
Nodefile size = 12344.77 MB (7990.40 MB after compression)
 152550 66037     1084.8690   875     1170.1800     1039.8086 19112057   11.14%
 153022 67858     1108.1743   820     1170.1800     1040.0287 19520278   11.12%
*153365+67801                         1170.0267     1040.1482            11.10%
 153490 67302     1113.8952   842     1170.0267     1040.1482 19378271   11.10%
 153990 67339     1127.0428   900     1170.0267     1040.1786 19381245   11.10%
 154442 68671     1135.6755   787     1170.0267     1040.2581 19704409   11.09%
 154859 68923     1149.2129   854     1170.0267     1040.5030 19748036   11.07%
 155359 68958     1113.0130   885     1170.0267     1040.5030 19764924   11.07%
 155915 69658     1123.5013   966     1170.0267     1040.5030 19919042   11.07%
 156500 70622     1112.7290   850     1170.0267     1040.5187 20127088   11.07%
 157068 69887     1124.4444   757     1170.0267     1040.6932 19956296   11.05%
Elapsed time = 5558.92 sec. (998966.62 ticks, tree = 15315.86 MB, solutions = 91)
Nodefile size = 13227.03 MB (8569.61 MB after compression)
 157495 70822     1078.3085   971     1170.0267     1040.6932 20179449   11.05%
 157959 72196     1070.3530  1000     1170.0267     1040.8194 20440447   11.04%
 158426 71888     1158.8317   742     1170.0267     1040.8194 20353214   11.04%
 158835 72488     1084.0673   869     1170.0267     1040.8902 20494284   11.04%
 159271 72859     1133.8166   908     1170.0267     1040.9035 20581465   11.04%
 159650 72864     1111.8521   794     1170.0267     1041.0057 20572066   11.03%
 160074 73790        cutoff           1170.0267     1041.0057 20810242   11.03%
 160519 73808     1072.2243   925     1170.0267     1041.0057 20813348   11.03%
 160943 73858     1162.6210   802     1170.0267     1041.3970 20827738   10.99%
 161385 74974     1124.2097   837     1170.0267     1041.3970 21094711   10.99%
Elapsed time = 5834.78 sec. (1037312.91 ticks, tree = 16529.36 MB, solutions = 91)
Nodefile size = 14459.98 MB (9377.24 MB after compression)
 161953 74801     1097.2926   871     1170.0267     1041.4787 21059359   10.99%
 162471 75096     1054.2259   979     1170.0267     1041.4787 21122920   10.99%
 162930 75755     1106.1788   920     1170.0267     1041.4787 21267217   10.99%
 163476 75354     1109.9005   928     1170.0267     1041.5862 21180470   10.98%
 164064 77148     1051.0540   971     1170.0267     1041.5862 21527184   10.98%
 164495 76885     1137.7538   879     1170.0267     1041.5862 21484458   10.98%
 164966 76780     1079.8026   994     1170.0267     1041.9682 21462422   10.94%
 165397 78964    infeasible           1170.0267     1041.9682 21874872   10.94%
 165838 78118     1122.5787   897     1170.0267     1041.9682 21693487   10.94%
 166340 79185     1093.3096   931     1170.0267     1041.9682 21930078   10.94%
Elapsed time = 6072.70 sec. (1075524.94 ticks, tree = 17532.66 MB, solutions = 91)
Nodefile size = 15463.32 MB (10033.60 MB after compression)
 166833 78777     1100.4361   911     1170.0267     1042.0072 21831184   10.94%
 167313 80418     1137.0874   955     1170.0267     1042.1027 22230000   10.93%
 167770 80769     1097.3259   968     1170.0267     1042.2129 22289413   10.92%
 168311 80103     1108.4544   910     1170.0267     1042.2129 22136090   10.92%
 168772 81201     1096.0610   974     1170.0267     1042.3048 22403232   10.92%
 169298 80960     1135.6251   889     1170.0267     1042.3576 22323528   10.91%
 169821 81892     1109.5351   901     1170.0267     1042.3576 22527427   10.91%
 170196 82606     1075.6076  1036     1170.0267     1042.4026 22685208   10.91%
 170592 82076     1080.2039   912     1170.0267     1042.4026 22574535   10.91%
 171054 82346     1120.3215   913     1170.0267     1042.6978 22625579   10.88%
Elapsed time = 6328.64 sec. (1113751.32 ticks, tree = 18245.37 MB, solutions = 91)
Nodefile size = 16177.98 MB (10502.51 MB after compression)
 171624 84285        cutoff           1170.0267     1042.6978 23027549   10.88%
 172109 84475     1121.7698   821     1170.0267     1042.7197 23079057   10.88%
 172695 84812     1098.0904   956     1170.0267     1042.7197 23169578   10.88%
 173176 84103        cutoff           1170.0267     1042.7584 22985425   10.88%
 173631 84856     1138.0025   902     1170.0267     1042.7584 23175631   10.88%
 174182 86059     1121.3152   829     1170.0267     1042.7584 23393559   10.88%
 174729 86839     1109.0652   861     1170.0267     1042.7584 23579129   10.88%
 175222 85682     1114.9091   938     1170.0267     1043.0291 23336433   10.85%
 175767 87234     1135.4026   798     1170.0267     1043.1190 23652480   10.85%
 176314 86922     1076.5074   977     1170.0267     1043.1190 23601948   10.85%
Elapsed time = 6621.95 sec. (1151934.87 ticks, tree = 18912.06 MB, solutions = 91)
Nodefile size = 16841.40 MB (10930.78 MB after compression)
 176740 87835     1121.3119   941     1170.0267     1043.1190 23788440   10.85%
 177230 88354     1166.2846   789     1170.0267     1043.2969 23899341   10.83%
 177672 89462     1117.6684   841     1170.0267     1043.3081 24102463   10.83%
 178171 88396     1107.6366   891     1170.0267     1043.3081 23892443   10.83%
 178644 90525     1125.9666   923     1170.0267     1043.3081 24310482   10.83%
 179129 90043     1094.4367   912     1170.0267     1043.3081 24230448   10.83%
 179781 91202     1105.0963   849     1170.0267     1043.6240 24481639   10.80%
 180367 90100     1134.4819   915     1170.0267     1043.6673 24251889   10.80%
 180879 92291     1148.0681   824     1170.0267     1043.6765 24677905   10.80%
 181369 92147     1130.7574   822     1170.0267     1043.6765 24644713   10.80%
Elapsed time = 6899.72 sec. (1190169.21 ticks, tree = 20158.80 MB, solutions = 91)
Nodefile size = 18075.25 MB (11740.90 MB after compression)
 181940 91595     1149.0399   835     1170.0267     1043.6765 24569121   10.80%
 182482 91758     1117.6576   944     1170.0267     1043.6765 24585097   10.80%
 183006 94150     1084.2860   910     1170.0267     1043.7642 25037431   10.79%
 183509 93181        cutoff           1170.0267     1043.7642 24860729   10.79%
 184019 94707     1169.8979   852     1170.0267     1044.1142 25155794   10.76%
 184552 94107     1120.5148   929     1170.0267     1044.1249 25033683   10.76%
 185046 95508     1136.1208   868     1170.0267     1044.1430 25326419   10.76%
 185629 96163     1149.3057   776     1170.0267     1044.2198 25490094   10.75%
 186132 95885     1142.6199   889     1170.0267     1044.2198 25432790   10.75%
 186512 95621     1128.7211   835     1170.0267     1044.2198 25366871   10.75%
Elapsed time = 7183.10 sec. (1228397.48 ticks, tree = 20985.32 MB, solutions = 91)
Nodefile size = 18902.35 MB (12282.63 MB after compression)
 187101 95899     1155.6999   855     1170.0267     1044.2198 25423390   10.75%
 187626 97568     1126.2627   897     1170.0267     1044.4991 25778706   10.73%
 188064 97454        cutoff           1170.0267     1044.6254 25753050   10.72%
 188559 98026     1123.4130   803     1170.0267     1044.7280 25873676   10.71%
 189040 98976     1151.6101   773     1170.0267     1044.7501 26069613   10.71%
 189461 98290     1117.7242   922     1170.0267     1044.7956 25936938   10.70%
 189912 100390     1144.9805   847     1170.0267     1044.8551 26386197   10.70%
 190396 99814     1148.2703   820     1170.0267     1044.8592 26253555   10.70%
 190881 100696     1116.0640   859     1170.0267     1044.8592 26435979   10.70%
 191306 101783     1095.5017   964     1170.0267     1044.8592 26689439   10.70%
Elapsed time = 7451.18 sec. (1266614.52 ticks, tree = 22453.07 MB, solutions = 91)
Nodefile size = 20384.20 MB (13253.35 MB after compression)
 191830 102139     1145.8666   876     1170.0267     1044.9423 26777889   10.69%
 192243 101355     1105.9230   873     1170.0267     1045.0046 26597799   10.69%
 192812 102794     1124.3908   867     1170.0267     1045.0046 26917634   10.69%
 193296 101975     1135.0299   872     1170.0267     1045.0046 26724006   10.69%
 193727 103546        cutoff           1170.0267     1045.0046 27057674   10.69%
 194061 104222     1150.3025   791     1170.0267     1045.2411 27197643   10.67%
 194437 104286     1130.4632   922     1170.0267     1045.2411 27216061   10.67%
 194895 104172     1139.1995   805     1170.0267     1045.2893 27186921   10.66%
 195337 104427     1132.6160   928     1170.0267     1045.2893 27239022   10.66%
 195713 105914     1128.7304   810     1170.0267     1045.2893 27590673   10.66%
Elapsed time = 7704.79 sec. (1304834.76 ticks, tree = 22829.53 MB, solutions = 91)
Nodefile size = 20758.02 MB (13493.12 MB after compression)
 196120 105952     1136.1228   794     1170.0267     1045.2893 27593528   10.66%
 196630 106447     1098.6816   885     1170.0267     1045.4135 27749591   10.65%
 196994 105649     1145.9603   855     1170.0267     1045.4135 27555097   10.65%
 197457 106264     1118.2361   906     1170.0267     1045.4135 27706187   10.65%
 197928 106323     1073.5681   881     1170.0267     1045.4135 27725531   10.65%
 198428 106435     1137.6378   959     1170.0267     1045.6708 27746002   10.63%
 198871 107449     1093.1592   980     1170.0267     1045.6759 27984896   10.63%
 199341 107582     1126.1014   912     1170.0267     1045.7177 28026633   10.62%
 199827 107608     1078.0363   873     1170.0267     1045.7177 28043825   10.62%
 200321 108541     1156.1657   717     1170.0267     1045.7178 28278971   10.62%
Elapsed time = 7988.34 sec. (1343040.70 ticks, tree = 23457.26 MB, solutions = 91)
Nodefile size = 21371.85 MB (13890.04 MB after compression)
 200770 108747     1137.9700   911     1170.0267     1045.7178 28338005   10.62%
 201242 109833     1144.8143   883     1170.0267     1045.7178 28568861   10.62%
 201651 108751     1147.9980   942     1170.0267     1045.7178 28328396   10.62%
 202077 110934     1167.3678   720     1170.0267     1045.7950 28806026   10.62%
 202475 109961     1112.3634   935     1170.0267     1045.7950 28594614   10.62%
 202891 109943     1165.3594   813     1170.0267     1046.0532 28580834   10.60%
 203364 111043     1120.0776   898     1170.0267     1046.0710 28830886   10.59%
 203870 111917     1129.1023   956     1170.0267     1046.1260 29025817   10.59%
 204266 111113     1153.3667   836     1170.0267     1046.2140 28852123   10.58%
 204803 111803     1146.1711   866     1170.0267     1046.2381 28999774   10.58%
Elapsed time = 8268.67 sec. (1381295.52 ticks, tree = 24236.57 MB, solutions = 91)
Nodefile size = 22157.73 MB (14402.97 MB after compression)
 205252 112884     1116.4002   845     1170.0267     1046.2381 29273465   10.58%
 205819 114417     1135.2733   848     1170.0267     1046.2381 29640403   10.58%
 206444 113966     1128.1297   798     1170.0267     1046.2381 29532935   10.58%
 206980 113960     1148.6540   798     1170.0267     1046.2381 29553698   10.58%
 207452 114923     1159.5803   777     1170.0267     1046.2381 29763940   10.58%
 208005 114053     1095.6806  1004     1170.0267     1046.5141 29576836   10.56%
 208578 115262     1136.4904   820     1170.0267     1046.5496 29841580   10.55%
 209112 117000     1118.4276   928     1170.0267     1046.5613 30182300   10.55%
 209672 117518     1113.4351   965     1170.0267     1046.5919 30275495   10.55%
 210218 117085     1097.2458   937     1170.0267     1046.5952 30204911   10.55%
Elapsed time = 8546.55 sec. (1419516.91 ticks, tree = 25505.42 MB, solutions = 91)
Nodefile size = 23427.24 MB (15237.54 MB after compression)
 210643 116292     1126.7136   920     1170.0267     1046.6352 30039852   10.55%
 211105 116527     1125.6508   922     1170.0267     1046.7637 30096368   10.54%
 211591 119492     1138.3484   886     1170.0267     1046.8260 30669914   10.53%
 212038 118703     1141.6116   846     1170.0267     1046.8320 30497270   10.53%
 212523 120302     1132.2198   913     1170.0267     1046.8754 30849950   10.53%
 213046 118858     1152.1226   779     1170.0267     1046.8959 30540084   10.52%
 213507 121009     1128.2613   884     1170.0267     1046.9763 30998466   10.52%
 214030 121442     1142.4019   923     1170.0267     1046.9806 31089437   10.52%
 214478 121419        cutoff           1170.0267     1046.9806 31073860   10.52%
 214911 120868     1136.4257   918     1170.0267     1046.9806 30971373   10.52%
Elapsed time = 8822.05 sec. (1457760.63 ticks, tree = 26411.45 MB, solutions = 91)
Nodefile size = 24326.17 MB (15827.10 MB after compression)
 215451 121235        cutoff           1170.0267     1046.9806 31045270   10.52%
 215950 121756     1123.4630   945     1170.0267     1046.9806 31155797   10.52%
 216468 121981     1102.0158  1027     1170.0267     1047.1928 31197790   10.50%
 216925 123062     1085.5193   932     1170.0267     1047.2803 31468823   10.49%
 217434 124511     1149.0273   837     1170.0267     1047.3068 31791449   10.49%
 217886 123146     1156.8068   800     1170.0267     1047.3087 31495799   10.49%
 218284 124824     1088.4564   893     1170.0267     1047.3087 31853324   10.49%
 218799 123409     1140.2424   929     1170.0267     1047.3087 31571199   10.49%
 219337 124287     1134.5731   895     1170.0267     1047.3087 31744469   10.49%
 219841 126040     1138.2188   887     1170.0267     1047.3087 32120466   10.49%
Elapsed time = 9097.75 sec. (1495995.20 ticks, tree = 27653.89 MB, solutions = 91)
Nodefile size = 25579.74 MB (16646.44 MB after compression)
 220327 126524     1132.5794   941     1170.0267     1047.5600 32236663   10.47%
 220753 125691     1089.2106   912     1170.0267     1047.5683 32040055   10.47%
 221194 127928     1126.9483   838     1170.0267     1047.6001 32540175   10.46%
 221716 128015    infeasible           1170.0267     1047.6313 32561220   10.46%
 222183 128560     1160.6642   661     1170.0267     1047.6330 32674649   10.46%
 222736 129089     1120.9748   909     1170.0267     1047.7418 32800136   10.45%
 223322 129801     1167.2637   867     1170.0267     1047.7509 32955324   10.45%
 223716 127993     1102.8851   905     1170.0267     1047.7509 32556019   10.45%
 224197 129325     1122.9519   943     1170.0267     1047.7557 32846949   10.45%
 224752 129002     1113.0630   933     1170.0267     1047.7557 32776129   10.45%
Elapsed time = 9364.49 sec. (1534235.25 ticks, tree = 28140.93 MB, solutions = 91)
Nodefile size = 26045.80 MB (16952.35 MB after compression)
 225242 129013     1128.4161   929     1170.0267     1047.7557 32779127   10.45%
 225698 130667     1106.0669   979     1170.0267     1047.7557 33150137   10.45%
 226159 129911     1138.7625   951     1170.0267     1047.7557 32992500   10.45%
 226562 130691     1133.9323   931     1170.0267     1048.0203 33155045   10.43%
 226966 132190     1083.6456   905     1170.0267     1048.0484 33445260   10.43%
 227556 132245     1145.9910   865     1170.0267     1048.1275 33469015   10.42%
 228098 131595     1116.2120   948     1170.0267     1048.1680 33340361   10.42%
 228623 134413     1096.2103   942     1170.0267     1048.2453 33952861   10.41%
 229028 132218     1053.4540   890     1170.0267     1048.3302 33454629   10.40%
 229473 133319     1114.0848   925     1170.0267     1048.3879 33708545   10.40%
Elapsed time = 9653.10 sec. (1572486.42 ticks, tree = 28832.65 MB, solutions = 91)
Nodefile size = 26733.90 MB (17397.50 MB after compression)
 229983 134082     1150.0458   919     1170.0267     1048.4999 33884395   10.39%
 230471 134709     1081.7147   892     1170.0267     1048.5430 34022389   10.38%
 230971 134194     1130.2089   851     1170.0267     1048.5928 33910021   10.38%
 231380 135594     1133.1951   872     1170.0267     1048.6373 34177979   10.37%
 231784 135738     1129.1466   833     1170.0267     1048.6453 34218732   10.37%
 232119 137988     1145.1989   939     1170.0267     1048.7071 34712873   10.37%
 232531 137280     1126.2009   929     1170.0267     1048.7438 34555205   10.37%
 232992 138955     1141.8772   895     1170.0267     1048.8208 34925238   10.36%
 233509 137356     1122.5816   949     1170.0267     1048.8384 34582003   10.36%
 233869 138888     1133.8136   919     1170.0267     1048.8509 34910923   10.36%
Elapsed time = 9938.96 sec. (1610708.91 ticks, tree = 30179.16 MB, solutions = 91)
Nodefile size = 28099.43 MB (18293.77 MB after compression)
 234339 137684     1117.8149   858     1170.0267     1048.9247 34646107   10.35%
 234771 139417     1077.4571   932     1170.0267     1048.9459 35037753   10.35%
 235222 138343     1107.3640   877     1170.0267     1048.9992 34795483   10.34%
 235746 140188     1114.2956   887     1170.0267     1049.0516 35241964   10.34%
 236197 139956     1116.0479   971     1170.0267     1049.1251 35186657   10.33%
 236706 141125        cutoff           1170.0267     1049.2317 35468158   10.32%
 237162 141625     1138.8103   877     1170.0267     1049.2764 35557308   10.32%
 237720 141916     1088.5260   884     1170.0267     1049.3199 35630951   10.32%
 238126 142869     1086.7816   981     1170.0267     1049.3578 35857801   10.31%
 238546 142390     1152.0795   757     1170.0267     1049.3911 35742680   10.31%
Elapsed time = 10217.43 sec. (1648948.47 ticks, tree = 31028.21 MB, solutions = 91)
Nodefile size = 28943.32 MB (18847.87 MB after compression)
 239021 142441     1162.0350   483     1170.0267     1049.4630 35746502   10.30%
 239539 144464     1129.0173   870     1170.0267     1049.5021 36210535   10.30%
 240014 144248     1145.5994   864     1170.0267     1049.5756 36151251   10.29%
 240504 142635     1106.3248   908     1170.0267     1049.5932 35793591   10.29%
 241000 144414     1113.1786   880     1170.0267     1049.6826 36198716   10.29%
 241456 143396     1130.5518   960     1170.0267     1049.6945 35960059   10.28%
 241923 145430     1103.2445   922     1170.0267     1049.7668 36410798   10.28%
 242355 145812     1129.5144   873     1170.0267     1049.7840 36495601   10.28%
 242834 146155     1136.0353   813     1170.0267     1049.9246 36578954   10.26%
 243265 145198     1086.0955   900     1170.0267     1050.0773 36377388   10.25%
Elapsed time = 10499.38 sec. (1687143.01 ticks, tree = 31717.60 MB, solutions = 91)
Nodefile size = 29617.04 MB (19289.49 MB after compression)
 243761 146186     1156.0940   790     1170.0267     1050.1193 36582751   10.25%
 244250 146617     1124.6376   825     1170.0267     1050.1541 36688901   10.25%
 244709 148575     1169.5067   725     1170.0267     1050.1564 37139187   10.25%
 245096 149014     1123.1150   909     1170.0267     1050.1614 37236772   10.24%
 245462 149169     1138.2572   914     1170.0267     1050.2445 37280084   10.24%
 245878 149809     1153.8748   897     1170.0267     1050.2706 37430238   10.24%
 246309 150452     1166.0475   932     1170.0267     1050.3148 37594336   10.23%
 246707 149391     1093.0564   882     1170.0267     1050.3361 37329545   10.23%
 247147 150415     1106.4757   886     1170.0267     1050.3753 37580146   10.23%
 247658 149653     1127.6541   949     1170.0267     1050.4257 37401290   10.22%
Elapsed time = 10762.10 sec. (1725381.68 ticks, tree = 32789.97 MB, solutions = 91)
Nodefile size = 30714.31 MB (20008.87 MB after compression)
 248259 149506     1126.9900   924     1170.0267     1050.4518 37359469   10.22%
 248644 150246     1141.7946   899     1170.0267     1050.5278 37528367   10.21%
 249172 150603     1113.8615   905     1170.0267     1050.5999 37632616   10.21%
 249642 152345     1142.3443   927     1170.0267     1050.6321 38059415   10.20%
 250117 153062     1094.2890   911     1170.0267     1050.6526 38253023   10.20%
 250550 153685     1102.7921   874     1170.0267     1050.6816 38381107   10.20%
 251023 153596     1107.5276  1002     1170.0267     1050.7131 38365695   10.20%
 251500 152409     1110.7143  1015     1170.0267     1050.7568 38071484   10.19%
 251888 152734     1135.7484   902     1170.0267     1050.7816 38160677   10.19%
 252348 154286     1086.7848   879     1170.0267     1050.7837 38492392   10.19%
Elapsed time = 11048.79 sec. (1763700.71 ticks, tree = 33356.03 MB, solutions = 91)
Nodefile size = 31264.77 MB (20360.37 MB after compression)
 252862 156441     1076.7615   941     1170.0267     1050.8273 39035281   10.19%
 253351 154164     1121.8811   931     1170.0267     1050.8613 38477283   10.18%
 253751 156480     1113.9061   907     1170.0267     1050.9047 39041323   10.18%
 254110 156677     1167.4393   916     1170.0267     1050.9047 39102988   10.18%
 254558 156856     1139.3100   856     1170.0267     1050.9543 39139202   10.18%
 255028 157412     1138.2958   893     1170.0267     1050.9805 39240140   10.17%
 255408 157920     1135.2218   907     1170.0267     1051.0020 39339255   10.17%
 255902 156726     1165.6456   813     1170.0267     1051.0459 39115470   10.17%
 256267 158967     1131.0769   844     1170.0267     1051.0536 39580798   10.17%
 256658 158925     1144.4981   940     1170.0267     1051.1572 39563604   10.16%
Elapsed time = 11324.61 sec. (1801933.09 ticks, tree = 34496.59 MB, solutions = 91)
Nodefile size = 32409.10 MB (21107.96 MB after compression)
 257190 159276     1152.1336   875     1170.0267     1051.1749 39653506   10.16%
 257586 159022     1110.1439   895     1170.0267     1051.2482 39589770   10.15%
 258075 160456     1122.3034   858     1170.0267     1051.2751 39981803   10.15%
 258454 161264     1142.8809   805     1170.0267     1051.2945 40144425   10.15%
 258814 160839     1139.0509   756     1170.0267     1051.2945 40051601   10.15%
 259242 162109     1131.7833   849     1170.0267     1051.3493 40370043   10.14%
 259777 162049     1113.0202   927     1170.0267     1051.3493 40338820   10.14%
 260251 161829     1136.9662   775     1170.0267     1051.3493 40259905   10.14%
 260675 161546     1096.0059   939     1170.0267     1051.3493 40200367   10.14%
 261063 162011     1127.2165   843     1170.0267     1051.3767 40306351   10.14%
Elapsed time = 11590.01 sec. (1840152.65 ticks, tree = 35258.11 MB, solutions = 91)
Nodefile size = 33157.96 MB (21598.55 MB after compression)
 261488 163154     1140.6744   807     1170.0267     1051.4675 40630594   10.13%
 261910 162212     1125.0724  1005     1170.0267     1051.5445 40389182   10.13%
 262341 164840     1142.7502   970     1170.0267     1051.5588 41050988   10.13%
 262795 163957     1097.6426   996     1170.0267     1051.5588 40846558   10.13%
 263253 162882     1152.8183   792     1170.0267     1051.6198 40563986   10.12%
 263722 165104     1151.7668   939     1170.0267     1051.6452 41121705   10.12%
 264124 165828        cutoff           1170.0267     1051.6721 41277597   10.12%
 264564 166139     1082.6926   951     1170.0267     1051.7433 41343091   10.11%
 264949 165464     1164.2493   793     1170.0267     1051.7737 41207604   10.11%
 265354 166894     1118.4910   866     1170.0267     1051.8018 41534543   10.10%
Elapsed time = 11871.76 sec. (1878419.52 ticks, tree = 36439.52 MB, solutions = 91)
Nodefile size = 34364.51 MB (22390.45 MB after compression)
 265855 165417     1121.3827   886     1170.0267     1051.8721 41195217   10.10%
 266377 167534     1135.0494   834     1170.0267     1051.8742 41672136   10.10%
 266814 166312     1137.9688   892     1170.0267     1051.9025 41377848   10.10%
 267194 167348     1147.8212   847     1170.0267     1051.9025 41642958   10.10%
 267685 169473     1077.4779   955     1170.0267     1051.9025 42117338   10.10%
 268109 169127     1145.4236   857     1170.0267     1051.9520 42042330   10.09%
 268510 170183     1124.9536   991     1170.0267     1051.9520 42332916   10.09%
 268995 168156     1150.2572   932     1170.0267     1051.9520 41834037   10.09%
 269435 169943     1123.8274   848     1170.0267     1051.9520 42253651   10.09%
 269918 168945     1123.3804   980     1170.0267     1051.9520 42020289   10.09%
Elapsed time = 12136.32 sec. (1916659.85 ticks, tree = 36729.40 MB, solutions = 91)
Nodefile size = 34639.89 MB (22567.86 MB after compression)
 270359 170459     1117.7110   955     1170.0267     1051.9520 42405975   10.09%
 270783 171165     1162.2061   821     1170.0267     1052.1696 42556970   10.07%
 271155 170986     1105.7345   932     1170.0267     1052.1733 42517990   10.07%
 271683 172925     1118.7710   873     1170.0267     1052.1733 42932021   10.07%
 272162 173129     1146.9040   911     1170.0267     1052.1733 42994453   10.07%
 272576 172146     1140.5020   874     1170.0267     1052.1733 42759949   10.07%
 273009 173538     1162.9128   851     1170.0267     1052.1733 43107024   10.07%
 273369 172172     1120.6292   933     1170.0267     1052.1733 42765691   10.07%
 273798 172817     1126.7007   944     1170.0267     1052.1733 42894951   10.07%
 274211 174332     1143.6662   883     1170.0267     1052.3653 43278017   10.06%
Elapsed time = 12410.45 sec. (1954906.12 ticks, tree = 37725.87 MB, solutions = 91)
Nodefile size = 35643.83 MB (23222.03 MB after compression)
 274680 174199     1104.6593   905     1170.0267     1052.4006 43244666   10.05%
 275024 174826     1100.6285   929     1170.0267     1052.4049 43405096   10.05%
 275415 175789     1120.4547   960     1170.0267     1052.4530 43640551   10.05%
 275901 175902     1134.0498   860     1170.0267     1052.4617 43669189   10.05%
 276325 175996     1130.4336   882     1170.0267     1052.4831 43686270   10.05%
 276754 175680     1122.1706   914     1170.0267     1052.5053 43608865   10.04%
 277136 176291     1128.9231   866     1170.0267     1052.5457 43754601   10.04%
 277542 176562     1124.3580   898     1170.0267     1052.5615 43841030   10.04%
 277955 176856     1167.5019   813     1170.0267     1052.6382 43921924   10.03%
 278395 178644     1154.6992   839     1170.0267     1052.6412 44396958   10.03%
Elapsed time = 12699.25 sec. (1993134.45 ticks, tree = 38786.83 MB, solutions = 91)
Nodefile size = 36709.59 MB (23929.34 MB after compression)
 278746 177646     1130.6505   923     1170.0267     1052.6764 44132021   10.03%
 279057 179063     1141.4230   933     1170.0267     1052.6967 44487237   10.03%
 279418 179679     1140.4026   919     1170.0267     1052.7120 44649881   10.03%
 279782 180064     1081.4822   922     1170.0267     1052.7495 44760242   10.02%
 280173 179954     1108.6748   830     1170.0267     1052.7641 44719612   10.02%
 280704 179550     1163.5609   947     1170.0267     1052.7861 44618268   10.02%
 281113 180211     1093.8945   964     1170.0267     1052.8270 44808346   10.02%
 281541 180795     1109.7270   896     1170.0267     1052.8879 44957570   10.01%
 281955 180921     1143.0959   792     1170.0267     1052.8966 45006039   10.01%
 282415 180932     1106.4094   914     1170.0267     1052.9191 45009015   10.01%
Elapsed time = 12957.88 sec. (2031379.86 ticks, tree = 39342.61 MB, solutions = 91)
Nodefile size = 37258.77 MB (24289.75 MB after compression)
 282801 181721     1144.3617   947     1170.0267     1052.9889 45169798   10.00%
 283246 182645     1130.5031   931     1170.0267     1053.0230 45404859   10.00%
 283656 182132     1108.1584   878     1170.0267     1053.0230 45284500   10.00%
 284056 183697     1145.9877   803     1170.0267     1053.0628 45676082   10.00%
 284463 183484     1125.4370   919     1170.0267     1053.1040 45613297    9.99%
 284781 183509     1137.0898   862     1170.0267     1053.1225 45616016    9.99%
 285108 183415     1141.1238   944     1170.0267     1053.1506 45596435    9.99%
 285612 183025     1104.4170   851     1170.0267     1053.1813 45484161    9.99%
 286054 183963     1119.2449   819     1170.0267     1053.2092 45758682    9.98%
 286472 185211     1149.5535   882     1170.0267     1053.2360 46149882    9.98%
Elapsed time = 13219.31 sec. (2069708.62 ticks, tree = 40018.51 MB, solutions = 91)
Nodefile size = 37940.46 MB (24731.61 MB after compression)
 286859 186285     1165.7052   824     1170.0267     1053.2745 46414137    9.98%
 287232 184454     1106.5034   919     1170.0267     1053.3087 45940134    9.98%
 287701 186501     1137.3273   789     1170.0267     1053.3238 46461861    9.97%
 288114 187059        cutoff           1170.0267     1053.3260 46617955    9.97%
 288505 185681        cutoff           1170.0267     1053.3541 46274950    9.97%
 288990 187186     1140.0947   828     1170.0267     1053.4157 46643998    9.97%
 289510 188285     1124.7207   921     1170.0267     1053.4241 46942543    9.97%
 289878 187112        cutoff           1170.0267     1053.4723 46629836    9.96%
 290266 187224     1105.1007   922     1170.0267     1053.4949 46653090    9.96%
 290763 187939     1088.6596   996     1170.0267     1053.5456 46841937    9.96%
Elapsed time = 13517.12 sec. (2107907.00 ticks, tree = 40385.51 MB, solutions = 91)
Nodefile size = 38299.07 MB (24961.55 MB after compression)
 291189 189906     1147.1425   883     1170.0267     1053.5582 47342122    9.95%
 291593 188553     1167.7798   815     1170.0267     1053.5696 46998914    9.95%
 291922 190227     1128.1541   901     1170.0267     1053.5986 47430909    9.95%
 292344 190213     1150.8069   800     1170.0267     1053.6534 47413295    9.95%
 292823 190941     1143.3641   866     1170.0267     1053.6802 47608983    9.94%
 293294 191120     1108.9060   910     1170.0267     1053.6973 47655122    9.94%
 293750 191277     1132.1863   892     1170.0267     1053.7460 47700956    9.94%
 294223 190706     1095.9317   913     1170.0267     1053.7491 47550428    9.94%
 294666 191952     1103.6146   955     1170.0267     1053.7512 47855540    9.94%
 295103 190810     1133.1695   869     1170.0267     1053.7793 47579029    9.94%
Elapsed time = 13781.92 sec. (2146124.62 ticks, tree = 41088.03 MB, solutions = 91)
Nodefile size = 38996.01 MB (25417.32 MB after compression)
 295512 193933     1118.5569   922     1170.0267     1053.8220 48306747    9.93%
 295952 192607        cutoff           1170.0267     1053.8358 48037552    9.93%
 296396 194040     1144.8099   707     1170.0267     1053.8850 48335184    9.93%
 296773 192654     1139.7140   840     1170.0267     1053.9065 48043484    9.92%
 297214 193254     1133.8050   896     1170.0267     1053.9379 48191577    9.92%
 297689 193357     1169.2951   873     1170.0267     1053.9456 48215571    9.92%
 298141 193181     1138.8309   855     1170.0267     1053.9493 48174897    9.92%
 298557 194133     1144.2392   919     1170.0267     1053.9665 48349630    9.92%
 298982 195990     1133.7241   862     1170.0267     1054.0409 48804372    9.91%
 299402 197067     1150.2175   856     1170.0267     1054.0486 49092651    9.91%
Elapsed time = 14065.49 sec. (2184355.43 ticks, tree = 42622.93 MB, solutions = 91)
Nodefile size = 40542.64 MB (26434.28 MB after compression)
 299848 195448     1136.4797   844     1170.0267     1054.0680 48670103    9.91%
 300215 198378     1136.9142   976     1170.0267     1054.1338 49408540    9.91%
 300637 196302     1149.8577   798     1170.0267     1054.1355 48901791    9.91%
 300995 196198     1166.6119   844     1170.0267     1054.1424 48880385    9.90%
 301350 197895        cutoff           1170.0267     1054.1688 49281619    9.90%
 301717 199738     1141.2005   970     1170.0267     1054.2182 49744352    9.90%
 302165 199959        cutoff           1170.0267     1054.2341 49812338    9.90%
 302599 200272     1148.0589   809     1170.0267     1054.2477 49891534    9.90%
 302990 199516     1108.9978   920     1170.0267     1054.3176 49689569    9.89%
 303397 199393        cutoff           1170.0267     1054.3605 49671446    9.89%
Elapsed time = 14340.56 sec. (2222714.40 ticks, tree = 43198.15 MB, solutions = 91)
Nodefile size = 41117.58 MB (26813.16 MB after compression)
 303875 200801     1134.2208   865     1170.0267     1054.3680 50023892    9.89%
 304289 200147     1123.1862   918     1170.0267     1054.3680 49859876    9.89%
 304747 201125     1165.2273   729     1170.0267     1054.4035 50126517    9.88%
 305188 202160     1072.8839   924     1170.0267     1054.4234 50383239    9.88%
 305607 201161     1155.1475   793     1170.0267     1054.4705 50133122    9.88%
 306029 203037     1124.2557   974     1170.0267     1054.5162 50648834    9.87%
 306469 203462     1145.2574   864     1170.0267     1054.5422 50739025    9.87%
 306890 202802     1144.7309   908     1170.0267     1054.5650 50572612    9.87%
 307273 202907     1103.4277  1003     1170.0267     1054.5650 50598353    9.87%
 307688 202383     1153.7593   843     1170.0267     1054.5896 50443993    9.87%
Elapsed time = 14617.31 sec. (2260994.89 ticks, tree = 43938.63 MB, solutions = 91)
Nodefile size = 41848.17 MB (27293.69 MB after compression)
 308147 203399        cutoff           1170.0267     1054.5976 50731185    9.87%
 308529 203401     1130.2181   863     1170.0267     1054.6566 50734437    9.86%
 309031 204899        cutoff           1170.0267     1054.6615 51089964    9.86%
 309459 203623     1131.0643   841     1170.0267     1054.7209 50784345    9.85%
 309866 205284     1122.9924   875     1170.0267     1054.7494 51190014    9.85%
 310301 206807     1119.7736   944     1170.0267     1054.7783 51600754    9.85%
 310773 205372     1101.3785   980     1170.0267     1054.7783 51218968    9.85%
 311166 205927     1131.3118   839     1170.0267     1054.7783 51357400    9.85%
 311554 205314     1154.9331   884     1170.0267     1054.8347 51202453    9.85%
 311920 207834     1090.0726   961     1170.0267     1054.8784 51855756    9.84%
Elapsed time = 14895.22 sec. (2299217.25 ticks, tree = 45274.67 MB, solutions = 91)
Nodefile size = 43199.00 MB (28177.95 MB after compression)
 312318 208280     1126.7428   924     1170.0267     1054.8928 51993196    9.84%
 312786 208642     1159.4200   836     1170.0267     1054.9236 52079057    9.84%
 313199 207892        cutoff           1170.0267     1054.9590 51864743    9.83%
 313565 208800     1155.0983   838     1170.0267     1054.9930 52107545    9.83%
 314024 207857     1167.8576   818     1170.0267     1055.0080 51848364    9.83%
 314496 209144     1151.0618   780     1170.0267     1055.0253 52183647    9.83%
 314919 208588     1155.6318   855     1170.0267     1055.0253 52073754    9.83%
 315307 209267     1153.2386   913     1170.0267     1055.0253 52233465    9.83%
 315727 211003     1133.7120   867     1170.0267     1055.0335 52670762    9.83%
 316134 211326     1149.2054   919     1170.0267     1055.0335 52761425    9.83%
Elapsed time = 15174.51 sec. (2337483.39 ticks, tree = 46138.57 MB, solutions = 91)
Nodefile size = 44060.59 MB (28745.85 MB after compression)
 316513 210109     1154.8818   783     1170.0267     1055.0335 52479571    9.83%
 316934 210486     1162.1635   869     1170.0267     1055.0335 52548051    9.83%
 317371 212784    infeasible           1170.0267     1055.0335 53120836    9.83%
 317824 212588     1129.1487   917     1170.0267     1055.2332 53082080    9.81%
 318238 212610     1135.8977   913     1170.0267     1055.2381 53084646    9.81%
 318594 213296     1123.6882   908     1170.0267     1055.2886 53242595    9.81%
 319081 211926     1104.9366   907     1170.0267     1055.3524 52907591    9.80%
 319521 213696     1124.8304   982     1170.0267     1055.3759 53345550    9.80%
 320006 213373        cutoff           1170.0267     1055.4213 53275064    9.80%
 320301 214964     1160.2747   820     1170.0267     1055.4396 53687615    9.79%
Elapsed time = 15446.90 sec. (2375696.38 ticks, tree = 46997.07 MB, solutions = 91)
Nodefile size = 44920.63 MB (29308.66 MB after compression)
 320592 215787     1122.6029   904     1170.0267     1055.4405 53891121    9.79%
 320921 215727     1100.8615   890     1170.0267     1055.4405 53872864    9.79%
 321212 214825     1099.3513   996     1170.0267     1055.4453 53656669    9.79%
 321559 216934     1146.4422   856     1170.0267     1055.4453 54216083    9.79%
 321908 216507     1155.7257   862     1170.0267     1055.4453 54083877    9.79%
 322278 215873        cutoff           1170.0267     1055.4453 53905746    9.79%
 322673 217779     1147.4498   865     1170.0267     1055.4453 54474624    9.79%
 323038 217969     1135.8618   941     1170.0267     1055.4453 54539171    9.79%
 323373 216768     1108.3103   914     1170.0267     1055.5896 54165590    9.78%
 323762 217703     1143.4306   865     1170.0267     1055.5896 54462900    9.78%
Elapsed time = 15703.48 sec. (2413896.21 ticks, tree = 47199.57 MB, solutions = 91)
Nodefile size = 45116.47 MB (29431.49 MB after compression)
 324195 217620     1161.6928   875     1170.0267     1055.5896 54399882    9.78%
 324543 218806     1146.0725   865     1170.0267     1055.5896 54785254    9.78%
 324936 219610     1138.3469   881     1170.0267     1055.5896 55007187    9.78%
 325380 218234     1118.7184   917     1170.0267     1055.6562 54600610    9.78%
 325832 220409        cutoff           1170.0267     1055.6562 55217194    9.78%
 326289 220082     1101.5469   821     1170.0267     1055.6562 55127834    9.78%
 326767 220455     1128.9820   834     1170.0267     1055.8565 55240968    9.76%
