Version identifier: 22.1.1.0 | 2022-11-28 | 9160aff4d
CPXPARAM_TimeLimit                               20400
Tried aggregator 1 time.
MIP Presolve eliminated 1395 rows and 1148 columns.
MIP Presolve modified 11818 coefficients.
Reduced MIP has 26041 rows, 27558 columns, and 118858 nonzeros.
Reduced MIP has 13922 binaries, 13636 generals, 0 SOSs, and 0 indicators.
Presolve time = 0.13 sec. (77.31 ticks)
Probing time = 6.14 sec. (42.02 ticks)
Cover probing fixed 0 vars, tightened 19 bounds.
Tried aggregator 1 time.
Detecting symmetries...
MIP Presolve eliminated 468 rows and 468 columns.
MIP Presolve modified 2 coefficients.
Reduced MIP has 25573 rows, 27090 columns, and 117256 nonzeros.
Reduced MIP has 13920 binaries, 13170 generals, 0 SOSs, and 0 indicators.
Presolve time = 0.20 sec. (102.55 ticks)
Probing time = 7.08 sec. (18.46 ticks)
Cover probing fixed 0 vars, tightened 17 bounds.
Clique table members: 25024.
MIP emphasis: balance optimality and feasibility.
MIP search method: dynamic search.
Parallel mode: deterministic, using up to 32 threads.
Root relaxation solution time = 3.72 sec. (612.52 ticks)

        Nodes                                         Cuts/
   Node  Left     Objective  IInf  Best Integer    Best Bound    ItCnt     Gap

      0     0      949.7412   394                    949.7412       20         
      0     0     1005.0152   535                   Cuts: 339     2092         
      0     0     1026.0313   585                   Cuts: 224     3223         
      0     0     1037.5746   668                   Cuts: 172     4228         
      0     0     1047.7457   683                   Cuts: 146     4988         
      0     0     1053.2373   667                   Cuts: 126     5538         
Detecting symmetries...
      0     0     1055.1087   684                    Cuts: 92     5882         
      0     0     1056.3067   677                    Cuts: 73     6077         
      0     0     1057.2810   667                    Cuts: 62     6261         
      0     0     1058.1407   639                    Cuts: 44     6436         
      0     0     1058.6535   655                    Cuts: 51     6571         
      0     0     1058.9422   698                    Cuts: 36     6710         
      0     0     1059.1485   653                    Cuts: 41     6831         
      0     0     1059.3798   651                    Cuts: 15     6929         
      0     0     1059.6411   656                    Cuts: 16     7072         
      0     0     1059.7342   710                    Cuts: 26     7189         
      0     0     1059.8207   648                    Cuts: 19     7263         
      0     0     1059.8773   655                    Cuts: 10     7306         
Detecting symmetries...
      0     2     1059.8773   655                   1059.8773     7306         
Elapsed time = 50.92 sec. (20992.61 ticks, tree = 0.02 MB, solutions = 0)
      2     4     1064.9096   628                   1059.9080     7871         
     18    10     1063.8918   631                   1063.1931     9233         
     29    16     1081.3453   525                   1063.9012     9672         
     49    18    infeasible                         1063.9012     9684         
     61    21     1081.7037   561                   1063.9012     9933         
     78    59     1082.1961   607                   1064.6841    26976         
     91    39     1087.4517   632                   1072.2218    15084         
    106    74     1080.1187   663                   1072.2218    40817         
    116    86     1082.6145   609                   1072.2218    62799         
    148   125     1108.2489   546                   1072.3738   154419         
Elapsed time = 71.21 sec. (24808.78 ticks, tree = 2.08 MB, solutions = 0)
    175   109     1085.9828   666                   1072.3738   108177         
    213   186     1209.3241   537                   1072.3738   245638         
    268   145     1210.4145   516                   1072.3738   196129         
    345   247     1182.6171   587                   1072.3738   303455         
    439   291     1297.4717   450                   1072.3738   335065         
    511   373     1242.7234   596                   1072.3738   378612         
    553   460     1164.3470   506                   1072.3738   411827         
    604   488     1175.7176   566                   1072.3738   429320         
    692   515     1142.4072   501                   1072.3738   440468         
    792   622     1244.6059   477                   1072.3738   495294         
Elapsed time = 125.51 sec. (34560.19 ticks, tree = 38.88 MB, solutions = 0)
    936   659     1289.7368   550                   1072.3738   513184         
   1039   881     1255.1657   478                   1072.3738   573250         
   1160   895     1346.2971   446                   1072.3738   584283         
   1310  1046     1247.4977   556                   1072.3738   625033         
   1487  1096     1383.5280   415                   1072.3738   640692         
   1653  1124     1151.7319   506                   1072.3738   662484         
   1975  1443     1348.8917   522                   1072.3738   730251         
   2338  1619     1462.9940   353                   1072.3738   769080         
   2678  1860     1419.6377   432                   1072.3738   807705         
   3010  2179     1688.8843   319                   1072.3738   867247         
Elapsed time = 174.78 sec. (44128.04 ticks, tree = 233.47 MB, solutions = 0)
   3427  2443     1479.3108   315                   1072.3738   900561         
   3920  2534     1534.1059   323                   1072.3738   904385         
   4478  2664     1455.0681   330                   1072.3738   924886         
   4982  2710     1254.0435   444                   1072.3738   954134         
   5519  3030     1753.4512   227                   1072.3738   992408         
   6129  4562     1568.5843   295                   1072.3738  1171943         
   6787  3804     1340.6445   521                   1072.3738  1095966         
   7468  4704     1748.9884   222                   1072.3738  1192679         
   8162  5695     1652.4473   370                   1072.3738  1293428         
   8852  6234     2071.5264   155                   1072.3738  1342018         
Elapsed time = 223.28 sec. (53679.91 ticks, tree = 1149.16 MB, solutions = 0)
   9592  6164     2224.5639    41                   1072.3738  1331848         
  10230  6831     1975.5134   117                   1072.3738  1391611         
  10990  8063     1689.9763   370                   1072.3738  1506821         
  11840  8429     2124.9937   158                   1072.3738  1534985         
  12677  9217     2211.3384    35                   1072.3738  1602926         
  13366  9281     2211.3438    38                   1072.3738  1603242         
  13962 10146     2172.5826    37                   1072.3738  1663611         
  14593 10412     1557.7391   229                   1072.3738  1692361         
  15138 11281     1588.6907   212                   1072.3738  1769641         
  15746 11408    infeasible                         1072.3738  1785772         
Elapsed time = 274.47 sec. (63232.40 ticks, tree = 2340.64 MB, solutions = 0)
Nodefile size = 282.79 MB (186.66 MB after compression)
  16389 11803     2144.3503    41                   1072.3738  1825443         
  17121 12325     1800.8205   148                   1072.3738  1864164         
  17670 12885     1721.4364   309                   1072.3738  1912757         
  18218 13481     1851.0226   142                   1072.3738  1967096         
  18707 13707     1601.4880   300                   1072.3738  1981460         
  19336 14053     1824.3041   224                   1072.3738  2000767         
  19932 14681     2083.0086   134                   1072.3738  2061274         
  20245 14938     1739.2755   130                   1072.3738  2092906         
  20341 15730     1819.9947   158                   1072.3738  2162630         
  20458 15738     1821.1889   163                   1072.3738  2163209         
Elapsed time = 325.24 sec. (72810.67 ticks, tree = 3314.12 MB, solutions = 0)
Nodefile size = 1258.64 MB (844.24 MB after compression)
  20565 15840     1091.0119   601                   1072.3738  2185182         
* 20622 15995      integral     0     2194.4412     1072.3738  2218493   51.13%
  20747 16028     2150.7065    83     2194.4412     1072.3738  2223087   51.13%
  21075 16078     1924.8323    71     2194.4412     1072.3738  2227440   51.13%
  21409 15965     1854.0783   110     2194.4412     1072.3738  2277946   51.13%
  21716 15845     1790.7662   131     2194.4412     1072.3738  2263877   51.13%
  22003 16441     1871.1431    99     2194.4412     1072.3738  2337027   51.13%
  22328 16518     1259.2998   474     2194.4412     1073.0284  2358633   51.10%
  22706 16533     1278.1688   424     2194.4412     1073.0284  2359842   51.10%
* 22864+16467                         2083.2070     1080.9015            48.11%
* 22977+16467                         2050.9710     1080.9015            47.30%
  23093 16794     1382.0386   387     2050.9710     1080.9015  2393577   47.30%
  23463 17107     1116.7511   563     2050.9710     1080.9015  2443101   47.30%
Elapsed time = 375.20 sec. (82394.83 ticks, tree = 3610.22 MB, solutions = 3)
Nodefile size = 1553.94 MB (1038.72 MB after compression)
  23753 16258     1219.1836   479     2050.9710     1080.9015  2465222   47.30%
  23846 16283     1655.1211   456     2050.9710     1080.9015  2473720   47.30%

Performing restart 1

Repeating presolve.
Tried aggregator 1 time.
MIP Presolve eliminated 52 rows and 188 columns.
MIP Presolve modified 543 coefficients.
Reduced MIP has 25521 rows, 26902 columns, and 116729 nonzeros.
Reduced MIP has 13784 binaries, 13118 generals, 0 SOSs, and 0 indicators.
Presolve time = 0.10 sec. (53.58 ticks)
Tried aggregator 1 time.
MIP Presolve eliminated 126 rows and 270 columns.
MIP Presolve modified 71 coefficients.
Reduced MIP has 25395 rows, 26632 columns, and 115869 nonzeros.
Reduced MIP has 13640 binaries, 12992 generals, 0 SOSs, and 0 indicators.
Presolve time = 0.15 sec. (83.18 ticks)
Tried aggregator 1 time.
MIP Presolve eliminated 0 rows and 185 columns.
Reduced MIP has 25395 rows, 26447 columns, and 115129 nonzeros.
Reduced MIP has 13455 binaries, 12992 generals, 0 SOSs, and 0 indicators.
Presolve time = 0.15 sec. (69.37 ticks)
Represolve time = 16.85 sec. (476.58 ticks)
* 23847+    0                         1977.8176     1080.9015            45.35%
  23847     0     1086.2067   749     1977.8176     Cuts: 361  2588812   45.08%
  23847     0     1109.3712   782     1977.8176     Cuts: 350  2591921   43.91%
  23847     0     1132.9079   825     1977.8176     Cuts: 279  2594721   42.72%
* 23847+    0                         1976.6570     1132.9079            42.69%
* 23847+    0                         1956.3209     1132.9079            42.09%
* 23847+    0                         1954.7041     1132.9079            42.04%
  23847     0  -1.00000e+75     0     1954.7041     1132.9079  2594721   42.04%
* 23847+    0                         1928.0943     1132.9079            41.24%
  23847     0     1148.6352   855     1928.0943     Cuts: 403  2596717   40.43%
  23847     0     1162.0907   882     1928.0943     Cuts: 268  2597698   39.73%
  23847     0     1172.1758   915     1928.0943     Cuts: 216  2599500   39.21%
  23847     0     1178.0207   916     1928.0943     Cuts: 562  2601939   38.72%
  23847     0     1187.4881   933     1928.0943     Cuts: 972  2604921   38.41%
  23847     0     1192.6773   951     1928.0943     Cuts: 446  2606505   38.11%
  23847     0     1196.4486   941     1928.0943     Cuts: 326  2609473   37.94%
  23847     0     1197.9040   961     1928.0943     Cuts: 436  2610838   37.87%
  23847     0     1199.1969   976     1928.0943     Cuts: 439  2611629   37.80%
  23847     0     1199.6459   962     1928.0943     Cuts: 203  2612038   37.78%
  23847     0     1199.9215  1004     1928.0943     Cuts: 108  2612399   37.77%
  23847     0     1200.4857   987     1928.0943      Cuts: 91  2612847   37.74%
  23847     0     1200.8655  1011     1928.0943      Cuts: 86  2613118   37.72%
  23847     0     1201.0973  1003     1928.0943      Cuts: 78  2613341   37.71%
  23847     0     1201.2541  1016     1928.0943      Cuts: 71  2613621   37.70%
  23847     0     1201.4093  1028     1928.0943      Cuts: 81  2613804   37.69%
  23847     0     1201.6066  1020     1928.0943      Cuts: 72  2614027   37.68%
  23847     0     1201.7112  1025     1928.0943      Cuts: 41  2614191   37.67%
  23847     0     1201.7740  1039     1928.0943      Cuts: 51  2614374   37.67%
  23847     0     1201.7939  1013     1928.0943      Cuts: 31  2614425   37.67%
  23847     0     1201.8673  1024     1928.0943      Cuts: 35  2614568   37.67%
  23847     0     1201.8896  1039     1928.0943      Cuts: 40  2614660   37.66%
  23847     2     1201.8913  1037     1928.0943     1201.8896  2614660   37.66%
  23848     3     1203.0597  1006     1928.0943     1203.0597  2618480   37.60%
  23849     3     1242.3573   924     1928.0943     1203.0597  2626071   37.60%
  23850     4     1203.1683  1002     1928.0943     1203.0602  2618945   37.60%
  23851     5     1243.5044   904     1928.0943     1203.0602  2630895   37.60%
  23852     6     1203.1686  1003     1928.0943     1203.0602  2630360   37.60%
  23855     6     1203.3639   990     1928.0943     1203.0602  2631171   37.60%
  23856     8     1206.0063   989     1928.0943     1203.0602  2632833   37.60%
Elapsed time = 769.09 sec. (273182.22 ticks, tree = 0.03 MB, solutions = 8)
  23859    10     1265.0257   900     1928.0943     1203.1686  2637098   37.60%
  23861     7     1247.0100   876     1928.0943     1203.1686  2632924   37.60%
  23863    13     1265.6791   878     1928.0943     1203.2521  2647273   37.59%
  23865     7     1298.6348   765     1928.0943     1203.2521  2636261   37.59%
  23867    11     1211.5139   975     1928.0943     1203.2521  2639010   37.59%
  23868    15     1316.8924   865     1928.0943     1203.3683  2648463   37.59%
  23871    13     1293.6714   854     1928.0943     1203.3683  2648975   37.59%
  23873    15     1267.0535   906     1928.0943     1203.3683  2650494   37.59%
  23875    17     1264.9479   972     1928.0943     1203.3683  2654851   37.59%
  23876    21     1211.2789  1010     1928.0943     1203.3683  2673138   37.59%
Elapsed time = 849.45 sec. (288793.58 ticks, tree = 0.03 MB, solutions = 8)
  23879    22     1215.6660   986     1928.0943     1204.5688  2679249   37.53%
  23882    23     1320.8795   856     1928.0943     1204.5688  2684099   37.53%
  23884    20     1302.9829   787     1928.0943     1209.5005  2669731   37.27%
  23887    20     1305.8607   749     1928.0943     1209.5005  2669623   37.27%
  23892    25     1268.7348   955     1928.0943     1209.5005  2693300   37.27%
  23897    19     1225.5218   956     1928.0943     1209.5005  2666644   37.27%
  23900    20     1231.3735   921     1928.0943     1209.5005  2673773   37.27%
  23907    23     1326.5546   845     1928.0943     1209.5005  2684792   37.27%
  23913    42     1309.1028   820     1928.0943     1210.2794  2812412   37.23%
  23924    65     1276.7298   821     1928.0943     1211.2790  2971964   37.18%
Elapsed time = 971.67 sec. (303794.26 ticks, tree = 0.11 MB, solutions = 8)
* 23941+   30                         1827.5871     1211.2790            33.72%
  23946    68     1269.0953   854     1827.5871     1211.2790  2987180   33.72%
* 23948+   30                         1800.8871     1211.2790            32.74%
  23967    77     1227.0257   949     1800.8871     1211.2790  3052681   32.74%
  23999    78     1249.8214   936     1800.8871     1211.2790  3047227   32.74%
  24040    88     1283.5227   884     1800.8871     1211.2790  3087888   32.74%
  24069   131     1356.2846   682     1800.8871     1212.1583  3154964   32.69%
  24101   115     1228.5980   904     1800.8871     1212.1583  3133878   32.69%
  24136   197     1288.9641   900     1800.8871     1212.1583  3238928   32.69%
  24167   217     1278.1934   938     1800.8871     1212.1583  3260646   32.69%
  24207   291     1235.6757   934     1800.8871     1212.1583  3365938   32.69%
  24261   316     1283.1423   765     1800.8871     1212.1583  3388685   32.69%
Elapsed time = 1252.81 sec. (342923.26 ticks, tree = 9.58 MB, solutions = 16)
  24330   357     1349.0058   836     1800.8871     1212.1583  3458278   32.69%
  24397   338     1342.7294   775     1800.8871     1212.1583  3419770   32.69%
  24484   358     1241.1094   987     1800.8871     1212.1583  3457546   32.69%
  24579   537     1263.3021   879     1800.8871     1212.1583  3599599   32.69%
  24669   432     1389.6236   751     1800.8871     1212.1583  3508819   32.69%
  24841   580     1311.2950   942     1800.8871     1212.1583  3650377   32.69%
  25004   741     1292.8675   753     1800.8871     1212.1583  3748804   32.69%
  25259   737     1454.0334   501     1800.8871     1212.1583  3712253   32.69%
  25417  1271     1458.6289   831     1800.8871     1212.1583  3928261   32.69%
  25638  1285     1575.5324   644     1800.8871     1212.1583  3922835   32.69%
Elapsed time = 1524.97 sec. (381432.97 ticks, tree = 115.11 MB, solutions = 16)
* 25798+ 1358                         1799.5839     1212.1583            32.64%
* 25807+ 1358                         1782.0602     1212.1583            31.98%
  25876  1389     1339.3209   784     1782.0602     1212.1583  3973115   31.98%
  26211  1615     1458.3138   462     1782.0602     1212.1583  4027544   31.98%
  26606  1700     1650.2319   553     1782.0602     1212.1583  4051757   31.98%
  27093  1912     1456.9104   357     1782.0602     1212.1583  4097923   31.98%
  27468  2027     1528.9713   748     1782.0602     1212.1583  4159176   31.98%
  27887  2923     1467.7698   285     1782.0602     1212.1583  4288593   31.98%
  28412  2396     1737.2792   453     1782.0602     1212.1583  4209774   31.98%
  29004  3328     1274.9042   937     1782.0602     1212.1583  4397372   31.98%
  29481  3927     1565.0356   643     1782.0602     1212.1583  4488911   31.98%
  29965  4480    infeasible           1782.0602     1212.1583  4557830   31.98%
Elapsed time = 1787.20 sec. (419689.73 ticks, tree = 787.55 MB, solutions = 18)
  30565  4612     1765.9522   446     1782.0602     1212.1583  4579832   31.98%
  31108  5174     1251.6674   872     1782.0602     1212.1583  4686584   31.98%
  31630  5310     1513.7889   429     1782.0602     1212.1583  4691336   31.98%
  32247  7075     1729.0229   439     1782.0602     1212.1583  4978543   31.98%
  32735  7241     1411.5196   802     1782.0602     1213.8273  5026436   31.89%
  33225  7729     1673.3921   566     1782.0602     1213.8273  5142226   31.89%
  33635  8218     1753.2441   378     1782.0602     1213.8805  5189244   31.88%
  34016  8366     1633.3604   279     1782.0602     1213.8805  5193355   31.88%
  34462  8884     1664.9875   286     1782.0602     1213.8805  5357110   31.88%
  34914  9164     1771.2788   337     1782.0602     1213.8805  5377066   31.88%
Elapsed time = 2045.03 sec. (457921.98 ticks, tree = 1860.64 MB, solutions = 18)
  35462  9935     1546.7688   492     1782.0602     1213.8805  5574978   31.88%
  36064 10075    infeasible           1782.0602     1213.8805  5591256   31.88%
  36698 10556     1412.6890   734     1782.0602     1213.8805  5701220   31.88%
  37416 11206     1636.6693   581     1782.0602     1213.8805  5778881   31.88%
  38172 12294     1666.3421   218     1782.0602     1213.8805  5930339   31.88%
  38988 12600     1349.6988   827     1782.0602     1213.8805  5989751   31.88%
  39777 13307     1398.3896   724     1782.0602     1213.8805  6065579   31.88%
  40504 13348     1273.4744   868     1782.0602     1215.7060  6074380   31.78%
  41159 14861     1672.2727   287     1782.0602     1215.7060  6246944   31.78%
  41816 15721     1711.2518   300     1782.0602     1215.7060  6364721   31.78%
Elapsed time = 2320.31 sec. (496129.74 ticks, tree = 3341.65 MB, solutions = 18)
Nodefile size = 1286.53 MB (897.67 MB after compression)
  42463 15280     1743.0227   231     1782.0602     1215.7060  6302925   31.78%
  42858 16563     1760.2025   286     1782.0602     1215.7060  6491740   31.78%
  43237 16492     1781.5265   225     1782.0602     1215.7060  6483808   31.78%
  43795 17316     1368.5914   788     1782.0602     1215.7060  6593333   31.78%
  44342 17663     1332.8686   828     1782.0602     1215.8965  6649557   31.77%
  44969 18097     1458.8207   313     1782.0602     1215.8965  6712139   31.77%
* 45506+18722                         1774.5031     1215.8965            31.48%
  45553 18490     1316.9764   748     1774.5031     1215.8965  6781000   31.48%
  46215 19408     1675.0328   207     1774.5031     1215.8965  6933754   31.48%
  46870 19172     1487.8313   563     1774.5031     1215.8965  6907067   31.48%
  47457 20676     1506.6458   621     1774.5031     1215.8965  7129428   31.48%
Elapsed time = 2597.32 sec. (534345.67 ticks, tree = 4452.49 MB, solutions = 19)
Nodefile size = 2391.02 MB (1663.14 MB after compression)
  47935 21070     1582.0250   561     1774.5031     1215.8965  7201678   31.48%
  48616 21675     1529.4126   535     1774.5031     1215.8965  7315940   31.48%
* 49145+21865                         1770.8159     1215.8965            31.34%
* 49190+21856                         1740.5347     1215.8965            30.14%
  49333 21963     1553.7241   172     1740.5347     1215.8965  7345619   30.14%
  50015 22399     1686.3856   296     1740.5347     1215.8965  7400366   30.14%
  50569 21244     1300.7828   932     1740.5347     1215.8965  7497856   30.14%
  51101 21864     1607.0362   318     1740.5347     1215.8965  7564443   30.14%
  51548 22171     1490.9718   708     1740.5347     1215.8965  7633484   30.14%
* 51641+22580                         1739.1316     1215.8965            30.09%
  52095 22467     1352.2272   933     1739.1316     1215.8965  7683869   30.09%
* 52363+21072                         1679.6821     1215.8965            27.61%
* 52439+21072                         1676.6895     1215.8965            27.48%
* 52506+23022                         1676.5542     1215.8965            27.48%
* 52643+21072                         1675.6556     1215.8965            27.44%
  52710 23417     1455.3335   653     1675.6556     1217.9679  7843624   27.31%
  53153 20965     1536.4017   616     1675.6556     1217.9679  8033634   27.31%
Elapsed time = 2867.24 sec. (572584.20 ticks, tree = 4449.99 MB, solutions = 31)
Nodefile size = 2393.18 MB (1654.84 MB after compression)
* 53305+23419                         1672.0525     1217.9679            27.16%
* 53331+23419                         1671.7653     1217.9679            27.14%
* 53344+23419                         1671.1413     1217.9679            27.12%
  53661 21188     1223.8983   964     1671.1413     1217.9679  8078168   27.12%
* 54082+21123                         1636.1941     1217.9811            25.56%
  54103 21380     1459.8046   701     1636.1941     1217.9811  8194285   25.56%
* 54296+19697                         1623.9117     1217.9811            25.00%
* 54306+19697                         1621.6852     1217.9811            24.89%
* 54308+19697                         1620.7626     1217.9811            24.85%
  54413 21308     1308.0415   850     1620.7626     1217.9811  8166628   24.85%
* 54581+21658                         1584.7850     1217.9811            23.15%
* 54740+21658                         1584.0250     1217.9811            23.11%
* 54778+21658                         1580.2804     1217.9811            22.93%
  54791 19003     1326.5609   784     1580.2804     1217.9811  8362701   22.93%
* 54941+21658                         1580.0405     1217.9811            22.91%
* 55108+17116                         1575.8400     1217.9811            22.71%
  55184 16918     1277.6399   928     1575.8400     1217.9811  8529678   22.71%
  55510 19363     1255.8258   983     1575.8400     1217.9811  8489898   22.71%
  55902 17432     1275.0814   947     1575.8400     1217.9811  8719098   22.71%
* 56175+17376                         1544.7826     1217.9811            21.16%
* 56217+17376                         1540.0979     1217.9811            20.92%
  56369 17357     1539.7545   505     1540.0979     1217.9811  8672236   20.92%
  56927 17558     1291.9178   932     1540.0979     1217.9811  8763656   20.92%
* 57054+17170                         1538.6506     1217.9811            20.84%
* 57073+17170                         1538.4259     1217.9811            20.83%
* 57142+17170                         1537.6931     1217.9811            20.79%
  57296 16120     1268.4551   984     1537.6931     1217.9811  8922918   20.79%
Elapsed time = 3147.65 sec. (610830.18 ticks, tree = 3257.01 MB, solutions = 63)
Nodefile size = 1199.25 MB (837.98 MB after compression)
  57644 16653        cutoff           1537.6931     1220.4632  9082753   20.63%
  57886 16732     1368.1679   744     1537.6931     1220.4632  9106353   20.63%
  58119 16656     1265.6418   859     1537.6931     1220.4632  9087824   20.63%
  58410 17383     1377.9404   676     1537.6931     1220.4632  9266158   20.63%
* 58617+16920                         1537.6789     1220.4632            20.63%
* 58672+16920                         1535.4967     1220.4632            20.52%
* 58707+16920                         1534.7968     1220.4632            20.48%
  58748 17456     1402.7877   588     1534.7968     1220.4632  9299662   20.48%
* 58980+17746                         1532.3068     1220.4632            20.35%
* 59233+17524                         1520.1490     1220.4632            19.71%
  59291 17576     1392.2149   729     1520.1490     1220.4632  9331952   19.71%
* 59430+17577                         1518.4542     1220.4632            19.62%
* 59446+17577                         1518.0107     1220.4632            19.60%
* 59490+17577                         1517.3625     1220.4632            19.57%
  59830 17652     1318.4792   835     1517.3625     1220.4632  9427253   19.57%
  60269 17213     1414.0461   686     1517.3625     1220.6663  9589957   19.55%
  60789 17250     1444.1001   647     1517.3625     1220.6663  9593029   19.55%
  61250 17592     1422.4462   674     1517.3625     1220.6663  9676103   19.55%
Elapsed time = 3429.03 sec. (649035.28 ticks, tree = 3571.53 MB, solutions = 73)
Nodefile size = 1505.93 MB (1054.86 MB after compression)
* 61402+17599                         1498.8768     1220.6663            18.56%
  61720 18357     1348.0332   766     1498.8768     1220.6663  9854103   18.56%
  62125 18223     1377.7535   732     1498.8768     1222.0422  9817025   18.47%
  62572 17989     1306.5757   880     1498.8768     1222.0422 10050932   18.47%
* 62728+18211                         1498.4912     1222.0422            18.45%
  63062 18011     1429.5335   616     1498.4912     1224.8697 10039106   18.26%
  63523 19072     1375.0317   778     1498.4912     1224.8697 10286111   18.26%
  64055 19109     1411.3747   704     1498.4912     1224.8697 10289041   18.26%
  64552 19392     1411.3449   695     1498.4912     1224.8697 10374712   18.26%
* 64742+19175                         1496.9202     1224.8697            18.17%
* 64774+19175                         1494.4479     1224.8697            18.04%
* 64799+19950                         1492.3231     1226.0134            17.85%
* 64957+20146                         1488.2798     1226.0134            17.62%
  65089 20166     1407.1158   708     1488.2798     1226.0134 10504098   17.62%
  65545 20011     1321.8328   870     1488.2798     1226.0134 10488478   17.62%
* 65647+20356                         1487.8009     1226.0134            17.60%
  65934 20025     1434.3427   664     1487.8009     1226.2078 10624174   17.58%
Elapsed time = 3714.79 sec. (687260.64 ticks, tree = 4088.03 MB, solutions = 85)
Nodefile size = 2020.12 MB (1423.85 MB after compression)
  66349 19953     1387.1093   750     1487.8009     1226.2078 10606649   17.58%
  66832 20786     1370.5603   717     1487.8009     1227.7640 10775753   17.48%
  67233 21112     1428.8088   827     1487.8009     1227.8319 10857960   17.47%
  67674 21780     1306.7366   880     1487.8009     1228.0115 11008863   17.46%
  68191 22736     1290.9786   905     1487.8009     1228.0115 11229013   17.46%
  68555 22580     1387.4161   687     1487.8009     1228.0115 11181721   17.46%
  68925 22772     1396.4203   766     1487.8009     1228.0115 11226651   17.46%
  69245 23668     1408.5208   897     1487.8009     1228.0115 11437709   17.46%
  69569 23811     1293.6383   951     1487.8009     1228.0115 11466000   17.46%
  69913 23826     1307.4912   888     1487.8009     1228.0115 11468892   17.46%
Elapsed time = 3995.25 sec. (725568.70 ticks, tree = 4922.22 MB, solutions = 85)
Nodefile size = 2858.33 MB (2011.93 MB after compression)
  70265 24169     1473.9532   628     1487.8009     1228.0115 11566936   17.46%
  70538 25004    infeasible           1487.8009     1228.0115 11833180   17.46%
  70886 24743     1349.9633   850     1487.8009     1228.3704 11745511   17.44%
  71258 25475     1377.4274   846     1487.8009     1228.3704 11965765   17.44%
  71656 25469     1233.9615  1008     1487.8009     1228.3704 11957813   17.44%
  72025 26276     1351.4001   894     1487.8009     1229.4209 12203911   17.37%
  72399 26287     1429.8960   681     1487.8009     1229.4209 12187984   17.37%
  72746 27231     1365.2370   817     1487.8009     1229.4687 12434877   17.36%
  73063 27267     1412.6387   771     1487.8009     1229.4687 12438003   17.36%
  73509 27216     1363.5945   790     1487.8009     1229.4687 12431306   17.36%
Elapsed time = 4280.75 sec. (763777.42 ticks, tree = 5671.17 MB, solutions = 85)
Nodefile size = 3605.59 MB (2536.00 MB after compression)
  73752 27395     1397.2132   662     1487.8009     1229.4687 12478802   17.36%
  73963 28208        cutoff           1487.8009     1229.4687 12726485   17.36%
  74208 28697     1366.9016   822     1487.8009     1229.4687 12834257   17.36%
  74588 29003     1370.4633   746     1487.8009     1229.4687 12955756   17.36%
  74990 28957     1326.6708   854     1487.8009     1229.7370 12923249   17.35%
* 75136+29115                         1487.3283     1229.7370            17.32%
* 75212+29115                         1485.5646     1229.7370            17.22%
* 75236+29115                         1483.9105     1229.7370            17.13%
* 75252+29115                         1482.6521     1229.7370            17.06%
  75259 28974     1368.9219   792     1482.6521     1229.7370 12926413   17.06%
* 75267+29066                         1460.5626     1229.7370            15.80%
* 75278+29066                         1456.9610     1229.7370            15.60%
* 75297+29066                         1455.7671     1230.3317            15.49%
* 75302+29066                         1454.7728     1230.3317            15.43%
* 75321+29115                         1453.1625     1230.3317            15.33%
* 75326+29115                         1450.5036     1230.3317            15.18%
* 75332+29115                         1450.3254     1230.3317            15.17%
* 75437+29083                         1445.6517     1230.3317            14.89%
  75439 29082     1358.8523   738     1445.6517     1230.3317 12973070   14.89%
* 75448+29083                         1445.5347     1230.3317            14.89%
* 75466+29083                         1443.6827     1230.3317            14.78%
* 75496+29083                         1443.4583     1230.3317            14.76%
  75648 27401     1436.1445   758     1443.4583     1230.3317 13244584   14.76%
  75873 29687     1272.0123   997     1443.4583     1230.3317 13115444   14.76%
  76109 25459     1426.1469   729     1443.4583     1230.3317 13256773   14.76%
Elapsed time = 4548.04 sec. (802191.95 ticks, tree = 5314.68 MB, solutions = 159)
Nodefile size = 3335.81 MB (2344.66 MB after compression)
  76347 25698     1378.1917   724     1443.4583     1230.3317 13323866   14.76%
  76668 25757     1422.4584   693     1443.4583     1230.4789 13347383   14.75%
  76998 25606     1363.0327   756     1443.4583     1230.6581 13299850   14.74%
  77343 26238     1349.2388   865     1443.4583     1230.6581 13533519   14.74%
  77718 26167     1335.9438   843     1443.4583     1230.6581 13516019   14.74%
  78033 26251     1389.9952   759     1443.4583     1230.6581 13532102   14.74%
  78316 26885     1349.1626   833     1443.4583     1230.7357 13737013   14.74%
* 78501+26262                         1442.8864     1231.3735            14.66%
  78631 27364     1411.9711   713     1442.8864     1231.3735 13841759   14.66%
  78934 27529     1431.3376   862     1442.8864     1231.3735 13889468   14.66%
  79177 27465     1310.1895   895     1442.8864     1231.3735 13868208   14.66%
Elapsed time = 4837.75 sec. (840461.66 ticks, tree = 5687.76 MB, solutions = 186)
Nodefile size = 3623.71 MB (2543.42 MB after compression)
  79434 27594     1270.8100   888     1442.8864     1231.4461 13905359   14.65%
  79689 28262     1343.1394   881     1442.8864     1231.4461 14144112   14.65%
  79950 28394     1338.4691   842     1442.8864     1231.5892 14210789   14.64%
  80234 28546     1361.1220   781     1442.8864     1231.7648 14247041   14.63%
  80522 29141     1243.4793  1028     1442.8864     1232.0388 14477445   14.61%
  80819 29725     1243.1536  1015     1442.8864     1232.0388 14658823   14.61%
  81032 29583     1421.8697   723     1442.8864     1232.0388 14609983   14.61%
  81270 29775     1307.0410   903     1442.8864     1232.0388 14685408   14.61%
  81487 29755     1295.5972   919     1442.8864     1232.0388 14667641   14.61%
  81721 29799     1419.6443   732     1442.8864     1232.3972 14680826   14.59%
Elapsed time = 5118.67 sec. (878774.45 ticks, tree = 6056.49 MB, solutions = 186)
Nodefile size = 3984.20 MB (2793.93 MB after compression)
  82012 30122     1324.2256   897     1442.8864     1232.3972 14844498   14.59%
  82314 30353     1422.5053   767     1442.8864     1232.4155 14935649   14.59%
  82680 31047     1396.5111   648     1442.8864     1232.5327 15185501   14.58%
  83097 31567     1320.4709   742     1442.8864     1232.5327 15367521   14.58%
  83444 31362     1435.2834   723     1442.8864     1232.6390 15248055   14.57%
  83727 31255     1302.0916   903     1442.8864     1232.6390 15239629   14.57%
  84007 31839     1370.1833   713     1442.8864     1232.6446 15451148   14.57%
  84259 32588     1299.5271   880     1442.8864     1232.6446 15652826   14.57%
  84570 32842     1342.0049   862     1442.8864     1232.7203 15732801   14.57%
* 84609+32129                         1441.4548     1232.7203            14.48%
* 84929+32129                         1440.3705     1232.7203            14.42%
  85074 32076     1305.4204   873     1440.3705     1232.7203 15512724   14.42%
Elapsed time = 5404.95 sec. (917001.39 ticks, tree = 6485.61 MB, solutions = 186)
Nodefile size = 4415.43 MB (3096.24 MB after compression)
* 85528+33292                         1437.7175     1233.1283            14.23%
  85542 33019     1356.4325   798     1437.7175     1233.1283 15783294   14.23%
  86043 32898     1373.2960   783     1437.7175     1233.1283 15842579   14.23%
  86475 33138     1376.8123   744     1437.7175     1233.1283 15893914   14.23%
  86859 33164     1268.5845   939     1437.7175     1233.1283 15907188   14.23%
  87204 34495     1396.8279   697     1437.7175     1234.0607 16291880   14.17%
  87564 34517     1392.4093   751     1437.7175     1234.0607 16306029   14.17%
  87872 34040     1376.3203   759     1437.7175     1234.0607 16192970   14.17%
  88225 34300     1334.1556   858     1437.7175     1234.0607 16268663   14.17%
  88628 35905     1407.8360   537     1437.7175     1234.1675 16626023   14.16%
  89022 36062     1341.9151   882     1437.7175     1234.1675 16665177   14.16%
Elapsed time = 5686.18 sec. (955253.95 ticks, tree = 7370.18 MB, solutions = 189)
Nodefile size = 5307.75 MB (3724.03 MB after compression)
  89284 35558     1407.0591   760     1437.7175     1234.1675 16544334   14.16%
  89595 36488     1428.4027   757     1437.7175     1234.1675 16803838   14.16%
  89882 36836     1243.5820  1011     1437.7175     1234.1675 16906458   14.16%
  90134 36499     1319.9772   875     1437.7175     1234.3803 16809769   14.14%
  90413 37019     1388.1259   771     1437.7175     1234.3803 16963474   14.14%
  90697 37030     1433.8533   661     1437.7175     1234.6762 16967123   14.12%
  91048 37264     1383.4086   572     1437.7175     1234.6762 17019875   14.12%
  91466 38213     1363.1461   764     1437.7175     1234.8552 17322909   14.11%
  91838 38312     1377.3604   758     1437.7175     1234.8552 17384666   14.11%
  92233 38691     1428.7212   384     1437.7175     1234.8552 17490914   14.11%
Elapsed time = 5973.34 sec. (993545.84 ticks, tree = 7958.22 MB, solutions = 189)
Nodefile size = 5871.79 MB (4118.37 MB after compression)
  92552 38379     1369.3135   777     1437.7175     1234.8552 17400927   14.11%
  92880 38853     1353.1022   880     1437.7175     1234.8552 17590147   14.11%
  93168 38899     1383.5794   774     1437.7175     1234.8552 17577351   14.11%
  93422 39440     1294.2277   915     1437.7175     1234.9787 17730581   14.10%
  93627 40696     1417.9857   762     1437.7175     1234.9787 18045779   14.10%
  93800 40469     1378.8351   686     1437.7175     1235.1546 17992837   14.09%
  94012 40387     1338.3063   827     1437.7175     1235.1546 17959468   14.09%
  94242 40415     1365.1871   718     1437.7175     1235.1546 17962481   14.09%
  94507 41601     1367.2297   748     1437.7175     1235.2648 18315312   14.08%
  94803 41552     1426.4811   673     1437.7175     1235.3950 18307134   14.07%
Elapsed time = 6248.40 sec. (1031752.33 ticks, tree = 8561.18 MB, solutions = 189)
Nodefile size = 6490.33 MB (4547.86 MB after compression)
  95085 41250     1319.3755   882     1437.7175     1235.3950 18202168   14.07%
  95405 41844     1353.3772   819     1437.7175     1235.3950 18404157   14.07%
  95734 42367     1355.1405   732     1437.7175     1235.3950 18581602   14.07%
  96117 42735     1340.0048   754     1437.7175     1235.5711 18658707   14.06%
  96468 43078     1305.2876   921     1437.7175     1235.5711 18821877   14.06%
  96755 43247     1333.5699   833     1437.7175     1235.5711 18861733   14.06%
  97077 43223     1313.0389   864     1437.7175     1235.6920 18851943   14.05%
  97406 42711     1306.3991   873     1437.7175     1235.8605 18660107   14.04%
  97732 43305     1407.5202   707     1437.7175     1235.8605 18870769   14.04%
  98084 44305     1424.4933   752     1437.7175     1235.8605 19148283   14.04%
Elapsed time = 6541.50 sec. (1069986.77 ticks, tree = 9027.94 MB, solutions = 189)
Nodefile size = 6962.95 MB (4878.33 MB after compression)
  98464 44163     1372.8839   755     1437.7175     1235.8605 19091597   14.04%
  98882 43975     1301.3030   927     1437.7175     1235.8605 19050357   14.04%
  99245 44859     1417.4214   741     1437.7175     1235.8605 19320868   14.04%
  99563 45874     1362.3669   791     1437.7175     1235.8605 19626086   14.04%
  99991 45668     1402.5146   863     1437.7175     1235.9912 19550186   14.03%
 100281 46422     1265.0162   971     1437.7175     1235.9912 19731645   14.03%
 100617 46311     1346.2311   788     1437.7175     1235.9912 19707892   14.03%
 100933 47054     1327.4377   850     1437.7175     1235.9912 19940535   14.03%
 101293 46361     1405.5562   729     1437.7175     1236.4542 19714346   14.00%
 101641 47932     1259.3909  1008     1437.7175     1236.8194 20179062   13.97%
Elapsed time = 6834.06 sec. (1108251.39 ticks, tree = 9838.79 MB, solutions = 189)
Nodefile size = 7774.51 MB (5452.57 MB after compression)
 101993 47394     1368.7772   764     1437.7175     1236.8194 20019868   13.97%
 102293 47586     1336.8778   863     1437.7175     1236.8194 20080726   13.97%
 102608 47972     1282.9985   941     1437.7175     1236.8194 20203996   13.97%
 102924 48310     1294.7839   923     1437.7175     1237.1050 20288651   13.95%
 103262 48347     1351.4288   808     1437.7175     1237.1050 20324752   13.95%
 103487 49363     1308.5760   947     1437.7175     1237.1072 20610912   13.95%
 103813 49272     1405.2868   803     1437.7175     1237.1072 20599153   13.95%
*104077+49637                         1437.6982     1237.1072            13.95%
 104118 50240     1299.2468   958     1437.6982     1237.1072 20897717   13.95%
 104439 49863     1244.7333   987     1437.6982     1237.1072 20764997   13.95%
 104765 50169     1399.6842   709     1437.6982     1237.2881 20870897   13.94%
Elapsed time = 7112.76 sec. (1146525.70 ticks, tree = 10336.32 MB, solutions = 190)
Nodefile size = 8257.36 MB (5793.76 MB after compression)
 105146 50311     1372.5903   766     1437.6982     1237.2881 20906583   13.94%
 105493 50224     1425.0343   731     1437.6982     1237.2881 20893240   13.94%
 105785 51364     1341.6304   739     1437.6982     1237.2881 21278432   13.94%
 106085 51709     1269.6501   963     1437.6982     1237.2881 21388064   13.94%
 106425 52368     1316.2736   840     1437.6982     1237.7483 21577540   13.91%
 106759 52564     1374.5563   770     1437.6982     1237.7483 21627237   13.91%
 107173 52495     1389.6172   817     1437.6982     1237.7483 21614223   13.91%
*107517+52356                         1437.5458     1237.7483            13.90%
 107528 52662     1271.4895  1011     1437.5458     1237.7483 21697407   13.90%
*107631+52356                         1437.1601     1237.7483            13.88%
 107894 53128     1378.4851   875     1437.1601     1237.7483 21824389   13.88%
 108299 53334     1425.2549   719     1437.1601     1237.7483 21870744   13.88%
Elapsed time = 7403.68 sec. (1184808.85 ticks, tree = 11039.88 MB, solutions = 192)
Nodefile size = 8969.97 MB (6296.34 MB after compression)
 108633 53021     1418.7767   733     1437.1601     1237.7483 21785655   13.88%
 109067 53150     1316.6545  1013     1437.1601     1237.7483 21833566   13.88%
 109497 53978     1351.1193   795     1437.1601     1238.2245 22073544   13.84%
 109792 54522     1376.7995   752     1437.1601     1238.2245 22197720   13.84%
 110155 55492     1295.5829   927     1437.1601     1238.2245 22462483   13.84%
 110481 54053     1349.1002   757     1437.1601     1238.2245 22097452   13.84%
 110853 54961        cutoff           1437.1601     1238.3818 22303522   13.83%
*110857+54467                         1436.8689     1238.3818            13.81%
 111241 56225     1406.1681   769     1436.8689     1238.4174 22646301   13.81%
 111612 54979     1271.8333   960     1436.8689     1238.5235 22309515   13.80%
 111987 56630     1292.5552   987     1436.8689     1238.6863 22766810   13.79%
Elapsed time = 7696.87 sec. (1223106.54 ticks, tree = 11751.76 MB, solutions = 193)
Nodefile size = 9687.68 MB (6803.61 MB after compression)
 112407 57006     1366.8492   683     1436.8689     1238.6863 22851933   13.79%
 112901 56506     1339.4228   798     1436.8689     1238.6863 22740524   13.79%
 113347 56877     1336.2703   701     1436.8689     1238.9468 22820797   13.77%
 113737 57413     1344.9495   758     1436.8689     1238.9468 22984084   13.77%
 114124 57092     1369.5512   727     1436.8689     1238.9468 22879921   13.77%
 114522 57339     1358.5160   826     1436.8689     1238.9615 22973915   13.77%
 114866 59895     1306.8265   895     1436.8689     1238.9615 23549207   13.77%
 115195 58204     1311.7413   882     1436.8689     1238.9615 23209413   13.77%
 115547 60630     1343.8658   837     1436.8689     1238.9615 23780486   13.77%
 115904 60640     1416.8854   728     1436.8689     1238.9615 23768048   13.77%
Elapsed time = 7963.87 sec. (1261339.69 ticks, tree = 11989.72 MB, solutions = 193)
Nodefile size = 9916.25 MB (6954.53 MB after compression)
 116201 59905     1282.0214   963     1436.8689     1239.1732 23543079   13.76%
 116555 60521     1400.8619   726     1436.8689     1239.3095 23740232   13.75%
 116827 60495     1337.6970   829     1436.8689     1239.3962 23724954   13.74%
 117116 61452     1401.8908   665     1436.8689     1239.4790 24025311   13.74%
 117418 61102     1430.2225   729     1436.8689     1239.5808 23931886   13.73%
 117678 61848     1307.4576   920     1436.8689     1239.5808 24146360   13.73%
 117927 61814     1340.1897   842     1436.8689     1239.5985 24114795   13.73%
 118167 61583     1310.4944   953     1436.8689     1239.6282 24052509   13.73%
 118513 62446     1417.4138   726     1436.8689     1239.6282 24318564   13.73%
 118775 63515     1424.4367   677     1436.8689     1239.6282 24664212   13.73%
Elapsed time = 8256.88 sec. (1299595.72 ticks, tree = 12519.04 MB, solutions = 193)
Nodefile size = 10454.24 MB (7331.00 MB after compression)
 119066 63260     1303.4774   866     1436.8689     1239.7978 24590725   13.72%
 119416 64170     1399.7807   687     1436.8689     1239.9706 24819508   13.70%
 119774 64060     1402.2783   682     1436.8689     1239.9706 24781617   13.70%
 120152 63753     1363.1437   837     1436.8689     1239.9706 24732746   13.70%
 120523 63774     1390.4009   790     1436.8689     1239.9706 24735948   13.70%
 120900 65144     1360.9940   785     1436.8689     1240.0965 25103292   13.69%
 121270 64540     1314.9570   910     1436.8689     1240.1002 24930135   13.69%
 121609 64629        cutoff           1436.8689     1240.1784 24945153   13.69%
 121993 65538     1377.7952   663     1436.8689     1240.1784 25231726   13.69%
 122379 65342     1395.8362   744     1436.8689     1240.2434 25199515   13.68%
Elapsed time = 8551.78 sec. (1337798.65 ticks, tree = 12929.37 MB, solutions = 193)
Nodefile size = 10855.56 MB (7614.11 MB after compression)
 122725 66012     1379.1936   727     1436.8689     1240.2443 25314173   13.68%
 123038 65244     1395.1902   715     1436.8689     1240.2443 25138812   13.68%
 123329 65980        cutoff           1436.8689     1240.4981 25341979   13.67%
 123678 66541     1372.1971   809     1436.8689     1240.5075 25472549   13.67%
 124083 66274     1362.0498   710     1436.8689     1240.5375 25424360   13.66%
 124385 67183     1366.8757   721     1436.8689     1240.5545 25680989   13.66%
 124713 67761     1406.4807   889     1436.8689     1240.5545 25855242   13.66%
 125075 67081     1320.6585   922     1436.8689     1240.5545 25668689   13.66%
 125533 68519     1373.6945   672     1436.8689     1240.8395 26061375   13.64%
 125858 70029     1286.6925   907     1436.8689     1240.8395 26477738   13.64%
Elapsed time = 8840.38 sec. (1376050.26 ticks, tree = 13973.28 MB, solutions = 193)
Nodefile size = 11908.28 MB (8355.62 MB after compression)
 126180 69604     1283.9485   952     1436.8689     1240.8395 26393073   13.64%
 126650 68666     1354.3783   791     1436.8689     1240.8395 26129375   13.64%
 127137 68703     1328.1228   852     1436.8689     1240.8395 26151137   13.64%
 127586 70413     1411.6144   725     1436.8689     1240.8395 26620519   13.64%
 128052 70903     1369.8278   718     1436.8689     1241.0008 26736612   13.63%
 128554 70401     1374.6739   724     1436.8689     1241.0008 26607251   13.63%
 128963 72330     1304.0020   866     1436.8689     1241.1995 27060714   13.62%
 129454 71013     1360.9594   757     1436.8689     1241.1995 26759891   13.62%
 129934 71596     1401.6252   729     1436.8689     1241.1995 26876362   13.62%
 130357 72497     1410.4584   566     1436.8689     1241.2066 27109939   13.62%
Elapsed time = 9122.18 sec. (1414285.81 ticks, tree = 14522.34 MB, solutions = 193)
Nodefile size = 12434.39 MB (8722.83 MB after compression)
 130767 73130     1268.3189   971     1436.8689     1241.3831 27244197   13.60%
 131103 73517     1366.7027   900     1436.8689     1241.3831 27335625   13.60%
 131479 74637     1251.7029  1022     1436.8689     1241.3831 27617833   13.60%
 131781 72943     1338.5139   800     1436.8689     1241.9284 27195663   13.57%
 132065 74802     1345.9063   848     1436.8689     1241.9481 27698035   13.57%
 132392 73615     1315.3202   825     1436.8689     1241.9481 27390567   13.57%
 132755 75051     1417.0088   731     1436.8689     1241.9644 27727845   13.56%
 133082 73957     1302.2235   931     1436.8689     1241.9644 27494265   13.56%
 133452 76881     1391.7670   832     1436.8689     1241.9644 28213310   13.56%
 133812 75124     1328.7261   849     1436.8689     1241.9644 27758709   13.56%
Elapsed time = 9405.65 sec. (1452525.93 ticks, tree = 15117.23 MB, solutions = 193)
Nodefile size = 13048.70 MB (9155.61 MB after compression)
 134144 75918     1421.9578   680     1436.8689     1241.9644 27877729   13.56%
 134485 77504     1383.0279   765     1436.8689     1241.9644 28400783   13.56%
 134828 77934     1339.8545   959     1436.8689     1242.2994 28543250   13.54%
 135189 77913     1327.0165   842     1436.8689     1242.3270 28525295   13.54%
 135562 78119     1357.7522   795     1436.8689     1242.3938 28595111   13.53%
 135941 78260     1393.8126   695     1436.8689     1242.4207 28657912   13.53%
 136308 79014     1272.2448   969     1436.8689     1242.5289 28858822   13.53%
 136563 79226     1409.1954   732     1436.8689     1242.5803 28946817   13.52%
 136903 78282     1319.1788   926     1436.8689     1242.5803 28667202   13.52%
 137226 78295     1344.1104   900     1436.8689     1242.5803 28670242   13.52%
Elapsed time = 9696.30 sec. (1490840.99 ticks, tree = 15800.08 MB, solutions = 193)
Nodefile size = 13727.62 MB (9631.23 MB after compression)
 137607 79151     1358.0583   780     1436.8689     1242.5826 28914064   13.52%
 138046 79720     1348.0750   784     1436.8689     1242.5826 29077730   13.52%
 138453 80117     1406.9704   706     1436.8689     1242.5826 29196306   13.52%
 138774 80474        cutoff           1436.8689     1242.5826 29312963   13.52%
 139092 81182     1292.3749   843     1436.8689     1242.5826 29493169   13.52%
 139441 81143        cutoff           1436.8689     1242.9492 29475485   13.50%
 139785 80682     1354.3950   847     1436.8689     1242.9633 29358708   13.50%
 140075 82626     1318.4410   863     1436.8689     1242.9633 29928636   13.50%
 140462 82201     1305.0623   892     1436.8689     1242.9633 29802079   13.50%
 140780 82731     1337.4871   824     1436.8689     1242.9633 29974580   13.50%
Elapsed time = 9974.91 sec. (1529073.70 ticks, tree = 16301.96 MB, solutions = 193)
Nodefile size = 14225.70 MB (9972.01 MB after compression)
 141051 82243     1356.0209   783     1436.8689     1242.9633 29830272   13.50%
 141387 82587     1410.0600   836     1436.8689     1242.9633 29921968   13.50%
 141700 82302     1295.3474   947     1436.8689     1242.9633 29857484   13.50%
 142035 83396     1344.9646   770     1436.8689     1243.1632 30169500   13.48%
 142428 82870     1339.9490   769     1436.8689     1243.1632 30008636   13.48%
 142846 83580     1317.7389   822     1436.8689     1243.2415 30217832   13.48%
 143320 84403     1391.3866   799     1436.8689     1243.3154 30483114   13.47%
 143669 85508     1317.7389   933     1436.8689     1243.3154 30767119   13.47%
 143961 84395     1334.8631   792     1436.8689     1243.3154 30469008   13.47%
 144280 84491     1318.0399   884     1436.8689     1243.3154 30511389   13.47%
Elapsed time = 10275.90 sec. (1567381.17 ticks, tree = 16678.90 MB, solutions = 193)
Nodefile size = 14603.43 MB (10240.83 MB after compression)
 144676 84981     1397.1915   671     1436.8689     1243.3200 30628307   13.47%
 145051 85635     1274.2193   968     1436.8689     1243.3200 30795980   13.47%
 145441 86201     1396.6365   720     1436.8689     1243.3200 30955344   13.47%
 145724 87121        cutoff           1436.8689     1243.3200 31217622   13.47%
 146003 87008     1388.2970   862     1436.8689     1243.3200 31203092   13.47%
 146236 88057     1365.6884   749     1436.8689     1243.3200 31495377   13.47%
 146532 87693     1375.1063   792     1436.8689     1243.4494 31370316   13.46%
 146834 86823     1432.0600   768     1436.8689     1243.8897 31143549   13.43%
 147159 87291     1318.2861   918     1436.8689     1243.8897 31273685   13.43%
 147471 89162     1330.4554   852     1436.8689     1243.8897 31809425   13.43%
Elapsed time = 10555.59 sec. (1605622.60 ticks, tree = 17715.89 MB, solutions = 193)
Nodefile size = 15642.84 MB (10974.67 MB after compression)
 147799 90159     1409.4698   783     1436.8689     1243.8897 32073273   13.43%
*148065+87799                         1435.7114     1243.8897            13.36%
*148081+87799                         1435.3257     1243.8897            13.34%
*148105+87799                         1434.7216     1243.8897            13.30%
 148122 89937     1292.7046   895     1434.7216     1243.8897 32010595   13.30%
 148367 90187     1293.3365   977     1434.7216     1243.8897 32100211   13.30%
*148439+90095                         1434.3359     1243.8897            13.28%
 148569 90298     1355.8139   929     1434.3359     1243.8897 32339217   13.28%
 148776 90476     1324.6518   985     1434.3359     1243.8897 32457676   13.28%
 148998 89509     1346.4222   904     1434.3359     1243.8897 31907023   13.28%
 149258 90335     1398.6363   778     1434.3359     1243.9798 32370761   13.27%
 149618 90058     1420.6466   700     1434.3359     1243.9798 32049718   13.27%
 149881 90334     1386.5346   889     1434.3359     1243.9798 32354243   13.27%
 150087 90133     1385.7250   749     1434.3359     1243.9798 32223927   13.27%
Elapsed time = 10838.66 sec. (1643927.32 ticks, tree = 17913.58 MB, solutions = 199)
Nodefile size = 15845.85 MB (11116.80 MB after compression)
 150334 91701     1394.8163   867     1434.3359     1243.9798 32815008   13.27%
 150560 90433     1358.1812   891     1434.3359     1243.9798 32431641   13.27%
 150765 91536     1284.8910   942     1434.3359     1243.9798 32796270   13.27%
 150987 91241     1415.3918   769     1434.3359     1244.2810 32713659   13.25%
 151194 91918     1421.8579   830     1434.3359     1244.2810 32910452   13.25%
 151431 91498     1431.3476   661     1434.3359     1244.2993 32782413   13.25%
 151697 93048     1261.7380   929     1434.3359     1244.2993 33412195   13.25%
*151900+90316                         1434.3286     1244.3501            13.25%
 151989 92077     1377.6643   671     1434.3286     1244.3501 32944226   13.25%
 152356 92838     1320.3747   847     1434.3286     1244.3501 33312326   13.25%
 152669 93049        cutoff           1434.3286     1244.4885 33380332   13.24%
Elapsed time = 11128.42 sec. (1682159.72 ticks, tree = 18239.99 MB, solutions = 200)
Nodefile size = 16146.96 MB (11325.01 MB after compression)
 152985 93224     1356.7541   834     1434.3286     1244.4885 33441461   13.24%
*153106+94188                         1428.7315     1244.4885            12.90%
 153208 93590     1417.1641   905     1428.7315     1244.4885 33624875   12.90%
 153421 92854        cutoff           1428.7315     1244.5415 33345620   12.89%
 153646 93073     1385.5716   958     1428.7315     1244.5415 33997202   12.89%
 153911 94241     1338.8484   761     1428.7315     1244.5415 33816823   12.89%
 154145 93349     1275.8631  1005     1428.7315     1244.9027 34072466   12.87%
 154469 93705     1346.1094   879     1428.7315     1244.9027 34187631   12.87%
 154758 93546     1290.2968   923     1428.7315     1244.9027 34121851   12.87%
 155064 93089     1343.0132   807     1428.7315     1244.9027 33942018   12.87%
 155304 93795     1401.2467   771     1428.7315     1244.9027 34249458   12.87%
Elapsed time = 11423.83 sec. (1720425.83 ticks, tree = 18379.48 MB, solutions = 201)
Nodefile size = 16298.41 MB (11433.24 MB after compression)
 155539 93426     1366.9785   816     1428.7315     1244.9027 34085513   12.87%
 155794 94406     1373.0675   849     1428.7315     1244.9027 34522572   12.87%
 156072 93923     1405.5191   803     1428.7315     1244.9177 34296444   12.87%
 156241 94464     1333.4660   971     1428.7315     1244.9177 34574899   12.87%
 156455 95614     1331.5251   880     1428.7315     1245.1745 34895884   12.85%
 156650 94835     1362.5481   883     1428.7315     1245.1745 34654622   12.85%
 156926 94978     1375.6543   772     1428.7315     1245.1780 34681433   12.85%
 157188 95576     1316.4285   906     1428.7315     1245.1780 34881734   12.85%
 157414 96152     1312.4307   916     1428.7315     1245.1780 35158527   12.85%
 157653 96336     1353.1280   939     1428.7315     1245.1780 35234060   12.85%
Elapsed time = 11720.81 sec. (1758756.16 ticks, tree = 18951.20 MB, solutions = 201)
Nodefile size = 16877.69 MB (11845.22 MB after compression)
 157811 97380     1311.3389   914     1428.7315     1245.1780 35592511   12.85%
 158029 97422     1327.7291   922     1428.7315     1245.4708 35619632   12.83%
*158149+96704                         1420.1218     1245.4708            12.30%
 158232 96220     1316.4390   942     1420.1218     1245.4708 35194026   12.30%
*158268+96704                         1419.9420     1245.4708            12.29%
 158382 96759     1322.1740   954     1419.9420     1245.4708 35386783   12.29%
*158488+94490                         1416.8580     1245.4708            12.10%
 158651 97312     1309.4750   870     1416.8580     1245.4708 35578047   12.10%
*158694+96217                         1415.3217     1245.4708            12.00%
 158912 96877     1408.0777   749     1415.3217     1245.4708 35447327   12.00%
 159150 94526     1352.4417   840     1415.3217     1245.4708 35838984   12.00%
 159437 92371     1395.1192   871     1415.3217     1245.4708 35994346   12.00%
 159665 92454        cutoff           1415.3217     1245.5909 36006862   11.99%
 159921 98044     1376.3595   694     1415.3217     1245.5909 35808336   11.99%
Elapsed time = 12011.58 sec. (1797117.31 ticks, tree = 19330.46 MB, solutions = 207)
Nodefile size = 17248.44 MB (12105.46 MB after compression)
 160116 93006     1312.2602   853     1415.3217     1245.5909 36256480   11.99%
 160274 92580        cutoff           1415.3217     1245.6404 36075577   11.99%
 160476 93421     1370.7818   801     1415.3217     1245.6404 36403665   11.99%
 160712 93666        cutoff           1415.3217     1245.7111 36510562   11.98%
 160938 92541     1353.8654   726     1415.3217     1245.7944 36068237   11.98%
 161128 92934     1320.8932  1004     1415.3217     1245.7944 36248016   11.98%
 161358 92713     1321.3894   818     1415.3217     1245.8347 36174374   11.98%
 161599 94037     1332.4276   839     1415.3217     1246.0578 36690004   11.96%
 161849 93831        cutoff           1415.3217     1246.0578 36596564   11.96%
 162051 93832     1276.3721   955     1415.3217     1246.0578 36599421   11.96%
Elapsed time = 12313.54 sec. (1835434.37 ticks, tree = 18421.65 MB, solutions = 207)
Nodefile size = 16351.96 MB (11492.50 MB after compression)
 162276 94957     1294.8582   981     1415.3217     1246.0578 37137446   11.96%
 162488 93922     1312.9065   955     1415.3217     1246.0578 36654261   11.96%
 162710 95232     1340.9425   814     1415.3217     1246.2927 37313898   11.94%
 162924 95148     1294.4821   951     1415.3217     1246.2927 37272128   11.94%
 163133 94979     1362.2281   849     1415.3217     1246.2927 37148358   11.94%
 163394 95164        cutoff           1415.3217     1246.2927 37299136   11.94%
 163617 95060     1384.7358   900     1415.3217     1246.2927 37257815   11.94%
 163829 95638     1379.5782   734     1415.3217     1246.2927 37497689   11.94%
 164034 95419     1323.5916   881     1415.3217     1246.2927 37429240   11.94%
 164287 95940     1364.8163   753     1415.3217     1246.2978 37625472   11.94%
Elapsed time = 12595.55 sec. (1873761.56 ticks, tree = 18607.31 MB, solutions = 207)
Nodefile size = 16523.82 MB (11611.34 MB after compression)
 164576 95840     1395.4233   732     1415.3217     1246.5570 37577116   11.92%
 164822 96162        cutoff           1415.3217     1246.5570 37760029   11.92%
 165049 96067     1372.3203   945     1415.3217     1246.7105 37708379   11.91%
 165253 97450     1315.4405   975     1415.3217     1246.7265 38325306   11.91%
 165468 97799        cutoff           1415.3217     1246.7734 38452776   11.91%
 165668 97568     1396.2980   730     1415.3217     1246.7734 38356218   11.91%
 165874 97097     1275.1553   982     1415.3217     1246.9098 38152954   11.90%
 166085 96864     1337.6492   896     1415.3217     1246.9741 38031144   11.89%
 166303 98257     1300.0812   995     1415.3217     1246.9981 38664718   11.89%
 166557 96918     1395.6397   716     1415.3217     1247.0210 38089044   11.89%
Elapsed time = 12891.41 sec. (1912268.98 ticks, tree = 18680.42 MB, solutions = 207)
Nodefile size = 16596.14 MB (11657.17 MB after compression)
 166774 97260     1391.0092   721     1415.3217     1247.0362 38212858   11.89%
 167044 97802     1364.5527   775     1415.3217     1247.0654 38447500   11.89%
 167211 97822     1394.4502   785     1415.3217     1247.0654 38450704   11.89%
 167406 99348     1302.5702   941     1415.3217     1247.1726 39143376   11.88%
 167622 98900     1387.0236   949     1415.3217     1247.1868 38960020   11.88%
 167832 98604     1364.3624   733     1415.3217     1247.1868 38799435   11.88%
 168083 99590     1412.8024   715     1415.3217     1247.2197 39284579   11.88%
 168313 99504     1363.1117   793     1415.3217     1247.2197 39234578   11.88%
 168564 100169     1325.4623   945     1415.3217     1247.2197 39554357   11.88%
 168736 100047     1314.9877   944     1415.3217     1247.2197 39478552   11.88%
Elapsed time = 13183.62 sec. (1950612.04 ticks, tree = 19380.56 MB, solutions = 207)
Nodefile size = 17307.90 MB (12160.94 MB after compression)
 168953 99387     1366.0299   868     1415.3217     1247.2197 39163940   11.88%
 169154 99797     1325.4103   935     1415.3217     1247.2197 39378889   11.88%
 169412 99665     1383.3576   784     1415.3217     1247.2197 39356976   11.88%
 169615 100475     1285.2201  1025     1415.3217     1247.2197 39695107   11.88%
 169848 100804     1385.0445   942     1415.3217     1247.3146 39879981   11.87%
 170092 101076     1349.1376   883     1415.3217     1247.3146 40076663   11.87%
 170315 100966     1365.5796   890     1415.3217     1247.3146 40020899   11.87%
 170592 101915     1411.4272   745     1415.3217     1247.3146 40429809   11.87%
 170802 100961     1369.5700   705     1415.3217     1247.5312 40002035   11.86%
 171024 102407     1314.9132   866     1415.3217     1247.5312 40593642   11.86%
Elapsed time = 13473.59 sec. (1988922.49 ticks, tree = 19921.13 MB, solutions = 207)
Nodefile size = 17848.15 MB (12540.76 MB after compression)
*171150+102660                         1413.9273     1247.5312            11.77%
 171274 100974     1303.3402   908     1413.9273     1247.5312 40032192   11.77%
 171510 102479     1265.5089  1001     1413.9273     1247.5312 40647030   11.77%
 171800 101380     1388.8904   803     1413.9273     1247.5312 40260591   11.77%
 172155 102355     1365.3305   799     1413.9273     1247.5312 40579248   11.77%
 172467 101658     1367.8637   855     1413.9273     1247.5312 40347653   11.77%
 172679 102137     1402.3286   734     1413.9273     1247.5312 40735290   11.77%
 172846 102487     1327.6726   957     1413.9273     1247.5312 40661293   11.77%
 172997 102529     1322.9046   900     1413.9273     1248.1037 40942900   11.73%
 173194 102281     1360.0698   929     1413.9273     1248.1037 40864256   11.73%
 173412 103406     1302.9349   850     1413.9273     1248.1235 41328931   11.73%
Elapsed time = 13762.87 sec. (2027334.68 ticks, tree = 20146.32 MB, solutions = 209)
Nodefile size = 18073.56 MB (12704.76 MB after compression)
 173657 104225     1327.4875   895     1413.9273     1248.2241 41661396   11.72%
 173885 102693     1327.1923   855     1413.9273     1248.2241 41000234   11.72%
 174198 104323     1327.4234   878     1413.9273     1248.2960 41749726   11.71%
 174446 103620     1339.6679   771     1413.9273     1248.3082 41417976   11.71%
 174653 103632     1362.5617   754     1413.9273     1248.3082 41420747   11.71%
 174875 103481     1352.6385   908     1413.9273     1248.3082 41345606   11.71%
 175091 105127     1349.0356   902     1413.9273     1248.3082 42121324   11.71%
 175285 104629     1356.5158   953     1413.9273     1248.3082 41902596   11.71%
 175478 104636     1384.2062   818     1413.9273     1248.3082 41905492   11.71%
 175664 105809     1308.3852   901     1413.9273     1248.3082 42434241   11.71%
Elapsed time = 14053.72 sec. (2065576.64 ticks, tree = 20694.41 MB, solutions = 209)
Nodefile size = 18623.18 MB (13097.87 MB after compression)
 175845 105823     1329.8911   947     1413.9273     1248.3082 42437096   11.71%
 176019 105843     1351.8575   759     1413.9273     1248.3082 42440058   11.71%
 176218 105095        cutoff           1413.9273     1248.3082 42111592   11.71%
 176381 104792     1391.9975   821     1413.9273     1248.3082 41971097   11.71%
 176541 106470     1412.1070   798     1413.9273     1248.4819 42701804   11.70%
 176670 106033     1320.7017   900     1413.9273     1248.4819 42565539   11.70%
 176831 106050     1344.9565   829     1413.9273     1248.4819 42568294   11.70%
 177012 105894     1381.7216   844     1413.9273     1248.8858 42457465   11.67%
 177231 107241        cutoff           1413.9273     1248.8858 43225895   11.67%
 177392 107130     1350.1277   960     1413.9273     1248.8858 43111909   11.67%
Elapsed time = 14334.38 sec. (2103952.87 ticks, tree = 21001.12 MB, solutions = 209)
Nodefile size = 18929.45 MB (13317.78 MB after compression)
 177558 106935     1345.6406   940     1413.9273     1248.8858 42974189   11.67%
 177748 106711     1370.1751   829     1413.9273     1248.8858 42834658   11.67%
 177897 107438     1319.8205   903     1413.9273     1248.8858 43353877   11.67%
 178058 106719     1396.1844   791     1413.9273     1248.8858 42840436   11.67%
 178210 107200     1393.2277   755     1413.9273     1248.8858 43185516   11.67%
 178354 107118     1352.9993   888     1413.9273     1248.8858 43101735   11.67%
 178514 107468     1380.6068   737     1413.9273     1248.9269 43362352   11.67%
 178692 107128     1389.1638   851     1413.9273     1248.9269 43080101   11.67%
 178804 107791        cutoff           1413.9273     1248.9269 43549361   11.67%
 178945 108159     1335.9101   938     1413.9273     1248.9269 43789421   11.67%
Elapsed time = 14640.48 sec. (2142312.50 ticks, tree = 21223.96 MB, solutions = 209)
Nodefile size = 19152.35 MB (13478.16 MB after compression)
 179068 108207        cutoff           1413.9273     1248.9269 43821924   11.67%
 179227 108417     1365.4818   925     1413.9273     1248.9269 44004121   11.67%
 179352 108424     1350.4923   823     1413.9273     1248.9269 43978590   11.67%
 179525 108448     1386.7649   759     1413.9273     1248.9269 43981463   11.67%
 179647 109213     1362.5301   923     1413.9273     1249.0583 44524708   11.66%
 179765 108870        cutoff           1413.9273     1249.0583 44271380   11.66%
 179901 108772     1387.8999   855     1413.9273     1249.0583 44225562   11.66%
 180014 109136     1367.2671   912     1413.9273     1249.0583 44455932   11.66%
 180137 109874     1303.4046   892     1413.9273     1249.0583 44961367   11.66%
 180258 109946     1402.2827   865     1413.9273     1249.0583 45018515   11.66%
Elapsed time = 14945.94 sec. (2180692.86 ticks, tree = 21459.94 MB, solutions = 209)
Nodefile size = 19387.59 MB (13643.87 MB after compression)
 180384 109211     1412.2818   815     1413.9273     1249.0583 44522906   11.66%
 180518 109584     1402.4247   900     1413.9273     1249.0583 44792565   11.66%
 180661 110116     1392.4142   864     1413.9273     1249.0583 45202011   11.66%
 180779 109428     1328.2635   992     1413.9273     1249.0583 44732572   11.66%
 180889 109305     1288.6757   916     1413.9273     1249.0583 44584871   11.66%
 181025 110128     1356.4181   932     1413.9273     1249.0583 45210303   11.66%
 181176 110021     1333.7078   881     1413.9273     1249.1856 45101410   11.65%
 181308 109979     1286.9068   983     1413.9273     1249.1856 45040818   11.65%
 181504 110362     1352.7426   964     1413.9273     1249.1856 45456602   11.65%
 181669 110041     1324.4601   953     1413.9273     1249.1856 45136215   11.65%
Elapsed time = 15263.35 sec. (2219077.08 ticks, tree = 21467.06 MB, solutions = 209)
Nodefile size = 19387.59 MB (13643.87 MB after compression)
 181857 110530     1394.2325   716     1413.9273     1249.1856 45599166   11.65%
 182071 110141     1310.0140   887     1413.9273     1249.1856 45227451   11.65%
 182258 110536     1354.2078   967     1413.9273     1249.1856 45604981   11.65%
 182428 111352     1306.8275   872     1413.9273     1249.1856 46261572   11.65%
 182645 110660     1292.2809   918     1413.9273     1249.1856 45783579   11.65%
 182847 111316        cutoff           1413.9273     1249.1856 46175563   11.65%
 182997 111450     1292.6934   910     1413.9273     1249.1856 46300474   11.65%
 183196 111306     1290.2948   932     1413.9273     1249.1856 46211519   11.65%
 183353 111343     1330.9888   821     1413.9273     1249.1856 46183879   11.65%
 183553 110947     1384.4285   944     1413.9273     1249.1856 45978940   11.65%
Elapsed time = 15571.28 sec. (2257353.03 ticks, tree = 21565.22 MB, solutions = 209)
Nodefile size = 19475.02 MB (13702.52 MB after compression)
 183775 112367     1361.4522   832     1413.9273     1249.1856 46891641   11.65%
 183983 111517     1411.2178   692     1413.9273     1249.1856 46394647   11.65%
 184192 111317        cutoff           1413.9273     1249.1856 46226412   11.65%
 184395 111774     1330.6012   864     1413.9273     1249.2057 46593462   11.65%
 184640 113191     1389.4301   821     1413.9273     1249.2681 47268733   11.65%
 184865 112117     1295.3063   980     1413.9273     1249.3120 46757790   11.64%
 185066 111760     1335.3983   849     1413.9273     1249.3490 46564071   11.64%
 185324 112617     1393.4828   841     1413.9273     1249.3878 47059152   11.64%
 185558 112577     1282.5605   943     1413.9273     1249.4043 47034718   11.64%
 185781 112582     1303.6106   961     1413.9273     1249.4165 47037579   11.64%
Elapsed time = 15864.86 sec. (2295616.98 ticks, tree = 21934.03 MB, solutions = 209)
Nodefile size = 19858.58 MB (13977.47 MB after compression)
 185990 113307     1365.8343   888     1413.9273     1249.4709 47332923   11.63%
 186208 114387     1365.6112   697     1413.9273     1249.4709 47830353   11.63%
 186465 114408     1386.6773   753     1413.9273     1249.4986 47833239   11.63%
 186631 112638     1362.1091   879     1413.9273     1249.5169 47076189   11.63%
 186780 113087     1392.0600   827     1413.9273     1249.5185 47202481   11.63%
 186955 113234     1389.9845   858     1413.9273     1249.5913 47297771   11.62%
 187095 114566     1360.4400   956     1413.9273     1249.5913 47906998   11.62%
 187260 113503     1259.5637   985     1413.9273     1249.6938 47506560   11.62%
 187388 115541     1305.4823   908     1413.9273     1249.6938 48294118   11.62%
 187547 115545     1314.2058   867     1413.9273     1249.7363 48295612   11.61%
Elapsed time = 16161.62 sec. (2333954.41 ticks, tree = 22615.49 MB, solutions = 209)
Nodefile size = 20541.11 MB (14464.79 MB after compression)
 187684 114212     1383.7009   876     1413.9273     1249.7363 47757103   11.61%
 187823 114799     1403.6470   725     1413.9273     1249.7363 47978790   11.61%
 187955 115714     1309.9197   883     1413.9273     1249.8431 48415844   11.60%
 188107 115688     1315.6692   913     1413.9273     1249.9659 48387110   11.60%
 188308 115745     1372.1770   816     1413.9273     1249.9742 48454595   11.60%
 188520 114976     1288.0334   939     1413.9273     1250.0057 48082674   11.59%
 188734 115757     1382.5273   775     1413.9273     1250.0191 48426672   11.59%
 188929 115615     1359.0191   882     1413.9273     1250.0935 48316189   11.59%
 189066 115995     1325.8325   895     1413.9273     1250.1095 48709052   11.59%
 189205 115891     1377.5191   807     1413.9273     1250.1560 48565147   11.58%
Elapsed time = 16444.56 sec. (2372295.45 ticks, tree = 22691.27 MB, solutions = 209)
Nodefile size = 20611.76 MB (14513.71 MB after compression)
 189361 117026        cutoff           1413.9273     1250.1609 49176299   11.58%
 189567 117030     1332.4209   881     1413.9273     1250.2015 49179473   11.58%
 189735 117033     1350.6125   806     1413.9273     1250.2428 49182719   11.58%
 189966 117815     1408.2780   728     1413.9273     1250.3509 49545012   11.57%
 190185 117804     1379.8307   718     1413.9273     1250.3509 49524305   11.57%
 190406 117419     1309.5303   913     1413.9273     1250.3668 49360275   11.57%
 190626 117892     1347.2567   760     1413.9273     1250.4099 49601700   11.56%
 190876 117004     1346.3640   915     1413.9273     1250.4203 49169353   11.56%
 191085 118168     1314.2446   904     1413.9273     1250.4408 49757317   11.56%
 191230 117862     1328.2861   893     1413.9273     1250.4530 49584268   11.56%
Elapsed time = 16731.94 sec. (2410628.80 ticks, tree = 23147.37 MB, solutions = 209)
Nodefile size = 21070.38 MB (14840.42 MB after compression)
 191382 117875     1340.8641   844     1413.9273     1250.4910 49587083   11.56%
 191547 118706     1388.5293   850     1413.9273     1250.4910 50087801   11.56%
 191763 119067     1358.5713   759     1413.9273     1250.4910 50246460   11.56%
 191976 118820     1324.2972   832     1413.9273     1250.4910 50123091   11.56%
 192223 118119     1333.6567   860     1413.9273     1250.4910 49724898   11.56%
 192457 118378     1394.3692   800     1413.9273     1250.4910 49850309   11.56%
 192738 118511     1383.0164   674     1413.9273     1250.4910 49863505   11.56%
 193055 118906     1397.8548   749     1413.9273     1250.4910 50160329   11.56%
 193269 118569     1359.5397   785     1413.9273     1250.4910 49907784   11.56%
 193495 119581     1381.4298   778     1413.9273     1250.4910 50422286   11.56%
Elapsed time = 17047.20 sec. (2448945.21 ticks, tree = 23435.42 MB, solutions = 209)
Nodefile size = 21342.72 MB (15030.12 MB after compression)
 193674 119837     1340.2817   872     1413.9273     1250.4910 50615540   11.56%
 193870 120618     1350.7409   945     1413.9273     1250.7833 50883061   11.54%
 194071 120897     1378.5794   776     1413.9273     1250.8514 50978233   11.53%
 194250 120742     1285.8428  1012     1413.9273     1250.8543 50918644   11.53%
 194444 119913     1328.9312   840     1413.9273     1250.8726 50656214   11.53%
 194653 120762     1327.5707   906     1413.9273     1250.9841 50924322   11.52%
 194841 120355     1315.9918   971     1413.9273     1250.9997 50816925   11.52%
 195031 122022        cutoff           1413.9273     1251.0642 51502317   11.52%
 195197 121559     1277.9787  1032     1413.9273     1251.1663 51307773   11.51%
 195381 122319     1299.4270   925     1413.9273     1251.1956 51673434   11.51%
Elapsed time = 17320.23 sec. (2487346.72 ticks, tree = 23655.45 MB, solutions = 209)
Nodefile size = 21581.19 MB (15188.21 MB after compression)
 195586 120933     1329.5603   813     1413.9273     1251.2305 51000141   11.51%
 195852 122514     1373.3612   782     1413.9273     1251.2417 51840432   11.51%
 196069 122763     1373.0388   789     1413.9273     1251.2417 51937791   11.51%
 196321 122880     1409.4434   622     1413.9273     1251.3133 51972289   11.50%
 196477 122419     1344.6384   888     1413.9273     1251.3495 51756787   11.50%
 196647 123036     1353.8205   773     1413.9273     1251.3790 52109081   11.50%
 196848 123221     1380.2300   891     1413.9273     1251.3899 52213051   11.50%
 197012 122037     1356.4282   947     1413.9273     1251.4024 51465340   11.49%
 197159 122935     1359.9714   832     1413.9273     1251.4690 51985332   11.49%
 197309 122938     1347.5484   943     1413.9273     1251.4690 52056136   11.49%
Elapsed time = 17609.20 sec. (2525658.06 ticks, tree = 23796.10 MB, solutions = 209)
Nodefile size = 21718.21 MB (15284.99 MB after compression)
 197486 123258     1351.2841   893     1413.9273     1251.4690 52256209   11.49%
 197656 124123        cutoff           1413.9273     1251.5677 52718413   11.48%
 197877 124186     1328.5508   856     1413.9273     1251.5807 52753152   11.48%
 198092 124339     1368.6657   828     1413.9273     1251.5844 52842776   11.48%
 198300 123760        cutoff           1413.9273     1251.6060 52558816   11.48%
 198455 123497     1365.0391   783     1413.9273     1251.6423 52396426   11.48%
 198581 123685     1381.0627   943     1413.9273     1251.6423 52493831   11.48%
 198711 125162        cutoff           1413.9273     1251.7076 53285090   11.47%
 198874 125116     1320.5866   910     1413.9273     1251.7688 53253930   11.47%
 199049 123982     1326.3190   910     1413.9273     1251.7688 52635994   11.47%
Elapsed time = 17889.30 sec. (2564125.79 ticks, tree = 24034.30 MB, solutions = 209)
Nodefile size = 21949.60 MB (15449.22 MB after compression)
 199261 124469     1340.9003   860     1413.9273     1251.8223 52926589   11.46%
 199465 124362     1394.1728   987     1413.9273     1251.8223 52900865   11.46%
 199658 124827     1372.8280   703     1413.9273     1251.8223 53094362   11.46%
 199846 125710     1409.4989   690     1413.9273     1251.8743 53675310   11.46%
 200012 125914     1290.3567   904     1413.9273     1251.9072 53840860   11.46%
 200202 125283     1294.6663   947     1413.9273     1251.9145 53412120   11.46%
 200397 125168        cutoff           1413.9273     1251.9236 53277625   11.46%
 200608 125948     1348.6331   784     1413.9273     1251.9276 53849625   11.46%
 200870 126042     1398.1079   674     1413.9273     1251.9276 53883806   11.46%
 201091 125579     1334.6180   797     1413.9273     1251.9501 53586690   11.46%
Elapsed time = 18190.56 sec. (2602472.44 ticks, tree = 24405.81 MB, solutions = 209)
Nodefile size = 22315.45 MB (15708.50 MB after compression)
 201312 126302     1313.1561   885     1413.9273     1251.9635 54050291   11.45%
 201511 125629     1387.3765   796     1413.9273     1251.9635 53592331   11.45%
 201728 126397     1396.2541   709     1413.9273     1251.9635 54121605   11.45%
 201945 127215     1314.7443   923     1413.9273     1251.9635 54593343   11.45%
 202157 126025     1385.9413   740     1413.9273     1251.9635 53869078   11.45%
 202404 126779     1376.6353   805     1413.9273     1251.9816 54325628   11.45%
Starting limited solution polishing.
 202610 126993     1317.4902   851     1413.9273     1252.0940 54465800   11.45%
 202866 127108     1371.0279   786     1413.9273     1252.1347 54503222   11.44%
 203070 127745     1304.9077   882     1413.9273     1252.1370 54906061   11.44%
 203239 128445     1323.6503   858     1413.9273     1252.2205 55136194   11.44%
Elapsed time = 18478.91 sec. (2640778.29 ticks, tree = 25072.36 MB, solutions = 209)
Nodefile size = 22991.62 MB (16185.58 MB after compression)
 203415 128127     1293.0439   935     1413.9273     1252.2248 55004598   11.44%
 203629 129046     1280.1038   905     1413.9273     1252.3147 55437687   11.43%
*203742+128476                         1411.5324     1252.3307            11.28%
 203834 128974     1407.7683   780     1411.5324     1252.3384 55407753   11.28%
 204092 127659     1384.0546   830     1411.5324     1252.3621 54859093   11.28%
 204327 127582     1336.3858   861     1411.5324     1252.4467 54791040   11.27%
 204502 128511     1339.4170   861     1411.5324     1252.4928 55186653   11.27%
 204683 127964     1333.1342   809     1411.5324     1252.5309 54994607   11.26%
 204867 128565     1364.3168   718     1411.5324     1252.5709 55218589   11.26%
 205082 128773     1315.4857   883     1411.5324     1252.5709 55321984   11.26%
 205299 129074        cutoff           1411.5324     1252.5709 56178269   11.26%
Elapsed time = 18760.02 sec. (2679132.66 ticks, tree = 25235.98 MB, solutions = 210)
Nodefile size = 23163.88 MB (16314.45 MB after compression)
 205480 128064     1375.7945   886     1411.5324     1252.6130 55672586   11.26%
 205655 128628     1356.6404   972     1411.5324     1252.6130 55891489   11.26%
 205806 129144     1341.6654   930     1411.5324     1252.6130 55497211   11.26%
 205934 129551     1312.6960   935     1411.5324     1252.6130 56366536   11.26%
 206093 128434     1380.0014   878     1411.5324     1252.8770 55799345   11.24%
 206222 129579     1411.1812   801     1411.5324     1252.9566 56407423   11.23%
 206368 128458     1365.2814   846     1411.5324     1252.9585 55840541   11.23%
 206555 130135     1345.6154   833     1411.5324     1253.0533 56738595   11.23%
 206743 128836        cutoff           1411.5324     1253.0898 56006112   11.22%
 206938 130409     1336.3068   868     1411.5324     1253.0898 56881688   11.22%
Elapsed time = 19030.92 sec. (2717514.53 ticks, tree = 25414.43 MB, solutions = 210)
Nodefile size = 23340.46 MB (16437.99 MB after compression)
 207105 129590        cutoff           1411.5324     1253.0898 56421803   11.22%
 207263 130006     1404.1842   644     1411.5324     1253.0898 56609287   11.22%
 207400 130419        cutoff           1411.5324     1253.1396 56891025   11.22%
 207542 131042     1354.8076   856     1411.5324     1253.1396 57252806   11.22%
 207680 129735     1341.1473   800     1411.5324     1253.1396 56463411   11.22%
 207799 131093     1394.8781   855     1411.5324     1253.2532 57320488   11.21%
 207981 131148     1405.9990   702     1411.5324     1253.2532 57356726   11.21%
 208141 130881     1344.4712   839     1411.5324     1253.2532 57172130   11.21%
 208302 130447     1282.9982  1006     1411.5324     1253.2532 56906811   11.21%
 208467 131100     1372.0581   837     1411.5324     1253.2532 57299712   11.21%
Elapsed time = 19297.54 sec. (2755905.08 ticks, tree = 25448.39 MB, solutions = 210)
Nodefile size = 23366.89 MB (16453.59 MB after compression)
 208641 131766     1297.3791   920     1411.5324     1253.2532 57682760   11.21%
 208771 130655     1368.8347   929     1411.5324     1253.4325 57084032   11.20%
 208917 130811     1335.5504   823     1411.5324     1253.4325 57129635   11.20%
 209107 132151     1389.5646   734     1411.5324     1253.4325 57906779   11.20%
 209319 131786     1385.6997   826     1411.5324     1253.4325 57679707   11.20%
 209502 132580     1348.0795  1022     1411.5324     1253.4325 58191640   11.20%
 209650 132012     1279.8867   923     1411.5324     1253.4325 57816795   11.20%
 209802 132667     1320.4307   973     1411.5324     1253.4325 58219304   11.20%
 209963 132596     1402.9614   842     1411.5324     1253.4325 58200216   11.20%
 210136 131941     1376.8927   778     1411.5324     1253.4325 57787235   11.20%
Elapsed time = 19584.96 sec. (2794205.01 ticks, tree = 25527.40 MB, solutions = 210)
Nodefile size = 23441.61 MB (16502.57 MB after compression)
 210344 132271     1322.2337   853     1411.5324     1253.4325 57963741   11.20%
 210533 132195     1325.8609   891     1411.5324     1253.5761 57919230   11.19%
 210738 132312     1365.9194   737     1411.5324     1253.5761 57969401   11.19%
 210938 132410     1388.4558   663     1411.5324     1253.5761 58114259   11.19%
 211140 132299     1351.5609   871     1411.5324     1253.5761 58052792   11.19%
 211286 133334     1354.7074   844     1411.5324     1253.5761 58614773   11.19%
 211460 132697     1302.9892  1018     1411.5324     1253.9297 58272919   11.17%
 211617 132713     1324.5201   883     1411.5324     1253.9448 58275728   11.16%
 211803 134360     1359.8138   823     1411.5324     1253.9448 59077628   11.16%
 212025 134583     1313.5439   830     1411.5324     1253.9448 59166821   11.16%
Elapsed time = 19875.49 sec. (2832589.18 ticks, tree = 26123.64 MB, solutions = 210)
Nodefile size = 24048.36 MB (16929.04 MB after compression)
 212251 133270     1297.3737   959     1411.5324     1254.0339 58593748   11.16%
 212409 133561     1384.3929   731     1411.5324     1254.0339 58728833   11.16%
 212583 134189     1374.9431   980     1411.5324     1254.0339 58997156   11.16%
 212836 134917        cutoff           1411.5324     1254.0339 59402677   11.16%
 213032 134121     1359.1170   820     1411.5324     1254.0339 58969689   11.16%
 213178 133843     1308.7773   813     1411.5324     1254.0339 58861516   11.16%
 213350 134467     1367.7598   895     1411.5324     1254.0456 59154158   11.16%
 213569 135084     1388.3777   748     1411.5324     1254.0456 59442705   11.16%
 213787 135841     1363.4882   811     1411.5324     1254.0456 59840812   11.16%
 213940 135092     1370.0715   816     1411.5324     1254.0456 59515136   11.16%
Elapsed time = 20150.48 sec. (2870859.60 ticks, tree = 26241.55 MB, solutions = 210)
Nodefile size = 24163.07 MB (17009.86 MB after compression)
 214087 135903     1338.6799   998     1411.5324     1254.0456 59881038   11.16%
 214241 134796     1337.1722   934     1411.5324     1254.0456 59258648   11.16%
 214428 135217     1362.3815   793     1411.5324     1254.0456 59593318   11.16%
 214606 135184     1344.8521   781     1411.5324     1254.0456 59551570   11.16%
 214771 135972     1334.7893   900     1411.5324     1254.0456 59916647   11.16%
 214953 135985     1355.9229   832     1411.5324     1254.4462 59919346   11.13%
 215138 136564     1345.7315   812     1411.5324     1254.4603 60185303   11.13%
 215360 137414     1352.8008   796     1411.5324     1254.5453 60644521   11.12%
 215535 137535     1353.7652   919     1411.5324     1254.5515 60746814   11.12%
 215658 136594     1380.6887   769     1411.5324     1254.5515 60189269   11.12%
Elapsed time = 20430.31 sec. (2909129.14 ticks, tree = 26574.05 MB, solutions = 210)
Nodefile size = 24500.38 MB (17247.32 MB after compression)
 215715 136822     1278.0369  1029     1411.5324     1254.5515 60327603   11.12%

GUB cover cuts applied:  24
Clique cuts applied:  32
Cover cuts applied:  26
Implied bound cuts applied:  263
Flow cuts applied:  782
Mixed integer rounding cuts applied:  1094
Zero-half cuts applied:  17
Lift and project cuts applied:  70
Gomory fractional cuts applied:  27

Root node processing (before b&c):
  Real time             =   47.34 sec. (20701.37 ticks)
Parallel b&c, 32 threads:
  Real time             = 20383.14 sec. (2899548.11 ticks)
  Sync time (average)   = 4564.79 sec.
  Wait time (average)   =    0.47 sec.
                          ------------
Total (root+branch&cut) = 20430.48 sec. (2920249.47 ticks)
Number of arguments: 7

File path: ../Data/Demo/100/C101.txt
Capacity of FEV: 600
Capacity of SEV: 50
Execution time limit: 340
Case: r

PI array:[0, 1, 0, 1, 0, 0, 1, 0, 1, 0, 1, 1, 0, 1, 1, 1, 0, 1]
Number of customers: 100
./Result/C101/C101-Q50-r
Feasible solution found within the time limit!
Total execution time: 20432.901733934 seconds
Total distance traveled: 1411.5323510485032
File name: C101-Q50-r
Number of customers: 100
Capacity of FEV: 10000
Capacity of Microhub: 600
Capacity of SEV: 50
Number of parkings: 18
Number of microhubs: 10
Number of robots/MM: 10
Parking generation rule: r
==========================================================================
