Version identifier: 22.1.1.0 | 2022-11-28 | 9160aff4d
CPXPARAM_TimeLimit                               20400
Tried aggregator 1 time.
MIP Presolve eliminated 2157 rows and 1862 columns.
MIP Presolve modified 12516 coefficients.
Reduced MIP has 28197 rows, 30288 columns, and 129952 nonzeros.
Reduced MIP has 15440 binaries, 14848 generals, 0 SOSs, and 0 indicators.
Presolve time = 0.14 sec. (85.63 ticks)
Probing time = 7.78 sec. (46.51 ticks)
Cover probing fixed 0 vars, tightened 11 bounds.
Tried aggregator 1 time.
Detecting symmetries...
MIP Presolve eliminated 492 rows and 492 columns.
MIP Presolve modified 2 coefficients.
Reduced MIP has 27705 rows, 29796 columns, and 128278 nonzeros.
Reduced MIP has 15438 binaries, 14358 generals, 0 SOSs, and 0 indicators.
Presolve time = 0.24 sec. (112.64 ticks)
Probing time = 9.66 sec. (19.22 ticks)
Cover probing fixed 0 vars, tightened 12 bounds.
Clique table members: 33282.
MIP emphasis: balance optimality and feasibility.
MIP search method: dynamic search.
Parallel mode: deterministic, using up to 32 threads.
Root relaxation solution time = 7.05 sec. (626.46 ticks)

        Nodes                                         Cuts/
   Node  Left     Objective  IInf  Best Integer    Best Bound    ItCnt     Gap

      0     0      741.8460   418                    741.8460       22         
      0     0      787.2466   540                   Cuts: 351     1765         
      0     0      797.1854   622                   Cuts: 186     2536         
      0     0      802.2695   616                   Cuts: 119     3235         
      0     0      808.0294   648                   Cuts: 121     3817         
      0     0      809.4959   656                    Cuts: 83     4286         
Detecting symmetries...
      0     0      811.1645   656                    Cuts: 69     4608         
      0     0      812.1711   676                    Cuts: 53     4849         
      0     0      812.6031   656                    Cuts: 46     4945         
      0     0      812.9738   664                    Cuts: 29     5065         
      0     0      813.0889   646                    Cuts: 29     5133         
      0     0      813.1283   664                    Cuts: 18     5166         
      0     0      813.3969   655                    Cuts: 26     5256         
      0     0      813.6934   651                    Cuts: 20     5322         
      0     0      813.8411   651                    Cuts: 18     5384         
      0     0      814.1409   654                    Cuts: 13     5508         
      0     0      814.1827   658                    Cuts: 22     5529         
Detecting symmetries...
      0     2      814.1827   658                    814.1827     5529         
Elapsed time = 53.40 sec. (17393.31 ticks, tree = 0.02 MB, solutions = 0)
      2     4      815.1119   638                    814.1827     5989         
      7     5      817.5399   641                    814.1827     6319         
     17     3      814.1827   654                    814.1827     5530         
     32     9      848.5413   629                    814.1827     7337         
     49    42      851.1264   611                    814.1827    14521         
     69    28      828.4080   605                    814.1827    10967         
     88    33      830.2852   615                    814.1827    11428         
    110    20      820.4742   614                    814.1827     9554         
    124    84      831.3037   645                    814.1827    30719         
    152   140      849.0764   565                    820.5054    80104         
Elapsed time = 75.13 sec. (21024.26 ticks, tree = 3.37 MB, solutions = 0)
    194   192      849.6993   580                    820.5239   162019         
    273   204      837.2654   573                    820.5239   166755         
    368   260      833.1104   561                    820.5239   190935         
    478   345      852.6730   567                    820.5239   216309         
    612   410      857.1765   622                    820.5239   242313         
    786   670      873.2122   561                    820.5239   298065         
    931   762      865.2555   415                    820.5239   313055         
   1024   849      885.1739   547                    820.5239   341125         
   1095   782     1033.4800   544                    820.5239   320907         
   1156  1086      878.4455   428                    820.5239   420900         
Elapsed time = 125.40 sec. (30653.93 ticks, tree = 53.74 MB, solutions = 0)
   1265  1138      882.7209   541                    820.5239   449678         
   1346  1182     1036.7118   508                    820.5239   458089         
   1419  1241     1117.4474   479                    820.5239   485070         
   1506  1389      884.2396   516                    820.5239   558211         
   1586  1419      918.3490   388                    820.5239   579060         
   1659  1514     1092.5993   505                    820.5239   627189         
   1747  1432     1081.2643   569                    820.5239   590835         
   1884  1561     1156.5406   425                    820.5239   655493         
   2024  1725     1040.2152   491                    820.5239   738304         
   2186  1783     1041.7048   452                    820.5239   761564         
Elapsed time = 174.46 sec. (40242.71 ticks, tree = 102.43 MB, solutions = 0)
   2386  1949     1148.7217   424                    820.5239   797233         
   2632  1992      858.2860   404                    820.5239   812017         
   2875  2424     1397.7141   430                    820.5239   896295         
   3247  2186     1152.4956   416                    820.5239   855189         
   3553  2786     1313.7946   518                    820.5239   955175         
   3879  2856     1097.1486   545                    820.5239   969130         
   4219  2962     1387.8203   394                    820.5239   980069         
   4589  3154    infeasible                          820.5239  1014611         
   4958  3441     1034.1824   270                    820.5239  1042730         
   5288  3574     1422.8321   350                    820.5239  1078506         
Elapsed time = 224.07 sec. (49812.75 ticks, tree = 429.59 MB, solutions = 0)
   5690  4557     1169.4377   467                    820.5239  1221779         
   6049  5014     1699.7069   337                    820.5239  1291123         
   6436  4933     1599.7021   418                    820.5239  1273820         
   6804  5516     2052.0941   242                    820.5239  1359063         
   7255  5382     1737.1603   102                    820.5239  1345480         
   7637  5585     1198.7471   312                    820.5239  1379824         
   7824  6008     1163.4373   411                    820.5239  1431245         
   7989  6925     1789.2965    36                    820.5239  1561116         
   8167  6778     1446.9276   416                    820.5239  1530640         
   8546  7048     1379.9764   466                    820.5239  1581453         
Elapsed time = 280.36 sec. (59382.30 ticks, tree = 1286.78 MB, solutions = 0)
   9025  7134     1136.2082   415                    820.5239  1598230         
   9495  7769    infeasible                          820.5239  1679210         
  10050  8035     1687.9425   253                    820.5239  1706085         
  10728  8352     1527.0007   333                    820.5239  1744640         
  11340  8698    infeasible                          820.5239  1776553         
  12035  9797     1600.6763   199                    820.5239  1866434         
  12688  9773     1713.6470   117                    820.5239  1865846         
  13225 10712     1376.5760   244                    820.5239  1941005         
  13701 10457     2051.3023   349                    820.5239  1929591         
  14213 11400     1682.1446   216                    820.5239  2021169         
Elapsed time = 333.20 sec. (68931.17 ticks, tree = 2354.35 MB, solutions = 0)
Nodefile size = 301.56 MB (198.07 MB after compression)
  14831 11721     1805.3539    80                    820.5239  2058289         
  15441 11673    infeasible                          820.5239  2056409         
  16029 12709      865.9029   477                    820.5239  2166576         
  16759 12525     2074.2132    26                    820.5239  2142546         
  17500 12895     1887.6211   121                    820.5239  2177425         
  18137 13146     1921.6936   100                    820.5239  2216704         
  18590 14537      911.7075   529                    820.5239  2328848         
  19013 14029     1688.1555   207                    820.5239  2294225         
  19382 14546      914.7999   512                    820.5239  2330268         
  19754 15179     1004.1757   425                    820.5239  2404285         
Elapsed time = 381.07 sec. (78483.04 ticks, tree = 3263.21 MB, solutions = 0)
Nodefile size = 1206.96 MB (790.07 MB after compression)
  20168 15667     1759.1704   137                    820.5239  2467526         
  20461 16160      939.7872   430                    820.5239  2514842         
  20781 16469      958.4479   542                    820.5239  2564953         
  21066 16366      913.5771   556                    820.5239  2546725         
  21398 17009     1531.9315   293                    820.5239  2626112         
  21629 17099     1412.5064   367                    820.5239  2654272         
  21847 17120     1456.1159   417                    820.5239  2655350         
  22084 17446     1798.5708   164                    820.5239  2688817         
  22338 17773      949.0076   392                    820.5239  2753738         
  22579 18014     1140.4998   443                    820.5239  2818186         
Elapsed time = 430.34 sec. (88054.28 ticks, tree = 3937.45 MB, solutions = 0)
Nodefile size = 1882.50 MB (1233.14 MB after compression)
  22845 18329    infeasible                          820.5239  2853160         
  23049 18532     1137.5585   383                    820.5239  2915744         
  23282 18605      894.9438   496                    820.5239  2922718         
  23554 18777     1452.2816   331                    820.5239  2926029         
  23848 18835     1587.3366   336                    820.5239  2948253         
  24100 18896     1141.4368   518                    820.5239  2968265         
  24393 19448     1619.4419   430                    820.5239  3048700         
  24668 19908     1463.0723   330                    820.5239  3128401         
  24993 19761     1431.1289   349                    820.5239  3122542         
  25335 20547     1348.7738   367                    820.5239  3234455         
Elapsed time = 475.28 sec. (97622.41 ticks, tree = 4537.84 MB, solutions = 0)
Nodefile size = 2485.17 MB (1631.64 MB after compression)
  25752 20382     1098.1941   462                    820.5239  3215668         
  26172 20861    infeasible                          820.5239  3281046         
  26651 20831     1352.5357   415                    820.5239  3276914         
  27092 21001     1335.3244   324                    820.5239  3302893         
  27538 21651     1627.9218   439                    820.5239  3358917         
  27881 22456     1121.1987   333                    820.5239  3476409         
  28305 22673    infeasible                          820.5239  3513178         
  28761 23002     1728.2124   180                    820.5239  3544071         
  29190 22933     1300.5029   422                    820.5239  3537423         
  30830 23888     1044.7827   403                    820.5239  3656118         
Elapsed time = 534.70 sec. (110043.21 ticks, tree = 5346.66 MB, solutions = 0)
Nodefile size = 3284.37 MB (2165.77 MB after compression)
  32405 25751     1185.3362   398                    820.5239  3897361         
  34205 26971     1489.1242   365                    820.5239  4024721         
  35659 28276     1536.9792   239                    820.5239  4135009         
  36759 29798     1161.8104   428                    825.9626  4296676         
  38058 30397     1311.7109   309                    825.9626  4389066         
  39275 31940     1179.4633   431                    825.9695  4616462         
  40890 32596     1160.9951   382                    825.9695  4697790         
  42214 34148      877.1992   563                    826.5490  4862522         
  43446 34750      844.1374   616                    826.6070  4938784         
  44743 36601      923.0905   426                    826.6070  5178386         
Elapsed time = 734.35 sec. (148224.35 ticks, tree = 8400.08 MB, solutions = 0)
Nodefile size = 6342.22 MB (4252.89 MB after compression)
* 44794 36262      integral     0     1881.2054      826.6070  5136791   56.06%
  46164 34440      842.5548   523     1881.2054      826.7801  5251098   56.05%
* 47370+35622                         1596.9155      826.7801            48.23%
  47494 35804     1112.1511   563     1596.9155      826.7801  5406878   48.23%
* 47503+35622                         1592.7868      826.7801            48.09%
* 47550+35622                         1591.5284      826.7801            48.05%

Performing restart 1

Repeating presolve.
Tried aggregator 1 time.
MIP Presolve eliminated 36 rows and 111 columns.
MIP Presolve modified 230 coefficients.
Reduced MIP has 27669 rows, 29685 columns, and 127965 nonzeros.
Reduced MIP has 15363 binaries, 14322 generals, 0 SOSs, and 0 indicators.
Presolve time = 0.14 sec. (59.21 ticks)
Tried aggregator 1 time.
MIP Presolve eliminated 85 rows and 269 columns.
MIP Presolve modified 76 coefficients.
Reduced MIP has 27584 rows, 29416 columns, and 127113 nonzeros.
Reduced MIP has 15179 binaries, 14237 generals, 0 SOSs, and 0 indicators.
Presolve time = 0.27 sec. (113.24 ticks)
Represolve time = 11.56 sec. (348.52 ticks)
  47597     0      860.9304   729     1591.5284    Cuts: 1069  5559326   45.91%
* 47597+    0                         1319.5354      860.9304            34.76%
  47597     0      900.1898   775     1319.5354     Cuts: 388  5561837   31.78%
  47597     0      924.3352   819     1319.5354     Cuts: 318  5563262   29.95%
* 47597+    0                         1315.9931      924.3352            29.76%
* 47597+    0                         1302.1471      924.3352            29.01%
  47597     0      931.2533   858     1302.1471     Cuts: 496  5564298   28.48%
  47597     0      941.6031   889     1302.1471     Cuts: 358  5565697   27.69%
* 47597+    0                         1300.1291      941.6031            27.58%
  47597     0      949.7316   883     1300.1291     Cuts: 227  5567266   26.95%
  47597     0      954.9085   889     1300.1291     Cuts: 533  5568308   26.55%
  47597     0      958.8783   909     1300.1291     Cuts: 364  5569071   26.25%
  47597     0      968.4031   900     1300.1291     Cuts: 215  5569911   25.51%
  47597     0      970.9538   958     1300.1291     Cuts: 181  5571017   25.32%
  47597     0      972.1337   927     1300.1291     Cuts: 525  5571765   25.23%
  47597     0      972.8660   935     1300.1291     Cuts: 126  5572202   25.17%
  47597     0      973.3884   961     1300.1291     Cuts: 103  5572538   25.13%
  47597     0      973.5246   951     1300.1291      Cuts: 81  5572708   25.12%
  47597     0      973.7196   962     1300.1291      Cuts: 46  5572849   25.11%
  47597     0      974.1624   940     1300.1291      Cuts: 41  5572985   25.07%
  47597     0      974.2777   936     1300.1291      Cuts: 60  5573079   25.06%
  47597     0      974.5176   945     1300.1291      Cuts: 56  5573264   25.04%
  47597     0      974.6326   931     1300.1291      Cuts: 53  5573401   25.04%
  47597     0      975.2485   937     1300.1291      Cuts: 53  5573610   24.99%
  47597     0      975.4173   954     1300.1291      Cuts: 53  5573835   24.98%
  47597     0      975.5824   895     1300.1291      Cuts: 52  5574154   24.96%
  47597     0      975.6853   941     1300.1291      Cuts: 43  5574288   24.95%
  47597     0      975.7542   937     1300.1291      Cuts: 31  5574356   24.95%
  47597     0      975.8031   944     1300.1291      Cuts: 24  5574428   24.95%
  47597     0      975.8246   939     1300.1291      Cuts: 13  5574481   24.94%
  47597     2      975.8246   939     1300.1291      975.8246  5574481   24.94%
  47598     3      976.8767   942     1300.1291      976.8969  5575047   24.86%
  47599     3     1043.8141   882     1300.1291      976.8969  5577453   24.86%
  47602     5     1047.0297   898     1300.1291      978.7601  5578931   24.72%
  47604     6      988.9093   886     1300.1291      980.8376  5580383   24.56%
  47608     7     1010.5505   866     1300.1291      980.8376  5581796   24.56%
  47612    10      995.6397   914     1300.1291      982.0380  5585034   24.47%
  47618    16     1048.8224   923     1300.1291      986.8775  5597859   24.09%
Elapsed time = 1124.11 sec. (312956.79 ticks, tree = 0.25 MB, solutions = 8)
  47626    15      997.2152   919     1300.1291      986.8775  5595487   24.09%
  47639    18      997.4505   917     1300.1291      986.8775  5600334   24.09%
  47652    33     1071.1808   900     1300.1291      989.8594  5645505   23.86%
* 47658+   29                         1241.8513      989.8594            20.29%
* 47668+   31                         1241.3059      989.8594            20.26%
* 47669+   29                         1239.5933      989.8594            20.15%
* 47671+   29                         1239.1676      989.8594            20.12%
* 47674+   29                         1238.2003      989.8594            20.06%
  47674    46     1016.4250   944     1238.2003      989.8594  5712706   20.06%
* 47684+   29                         1237.8354      989.8594            20.03%
* 47686+   29                         1236.2617      989.8594            19.93%
  47707    80     1109.1679   877     1236.2617      989.8594  5900879   19.93%
  47771    63     1060.4399   905     1236.2617      993.3087  5785421   19.65%
  47842    77     1057.3479   922     1236.2617      993.3087  5873661   19.65%
  47933   164     1020.1894   916     1236.2617      993.3087  6044839   19.65%
  48049   337     1075.3562   900     1236.2617      993.3087  6215401   19.65%
  48170   339     1115.3996   884     1236.2617      993.3087  6218078   19.65%
Elapsed time = 1400.91 sec. (352845.91 ticks, tree = 2.22 MB, solutions = 28)
  48314   480     1041.1038   816     1236.2617      997.4640  6352011   19.32%
  48448   580     1069.9367   780     1236.2617      997.4640  6404689   19.32%
  48682   616     1054.9447   832     1236.2617      997.4640  6434078   19.32%
  49009   771     1111.1601   741     1236.2617      997.4640  6514879   19.32%
  49360   944     1109.4322   668     1236.2617      997.4640  6567656   19.32%
  49738  1180     1125.5713   779     1236.2617      997.4640  6626592   19.32%
  50132  1779     1191.6750   731     1236.2617      997.4640  6754183   19.32%
  50381  2108     1100.8215   720     1236.2617      997.4640  6819007   19.32%
  50613  2131     1102.4514   723     1236.2617      997.4640  6821475   19.32%
  50869  2600     1037.0788   897     1236.2617      997.4640  6942471   19.32%
Elapsed time = 1653.91 sec. (391149.37 ticks, tree = 356.71 MB, solutions = 28)
  51142  2844     1118.1944   772     1236.2617      997.4640  7016473   19.32%
  51471  2862     1134.2358   829     1236.2617      997.5737  7026517   19.31%
  51973  3209     1125.2924   627     1236.2617      997.5737  7110165   19.31%
  52377  3604     1158.9728   752     1236.2617      997.5870  7202926   19.31%
  52926  3556     1088.1871   643     1236.2617      997.5870  7195238   19.31%
  53445  4458     1018.7705   904     1236.2617      997.5870  7336796   19.31%
  53901  4810     1062.1391   928     1236.2617      997.5870  7397530   19.31%
  54402  4672     1059.6666   915     1236.2617      999.6373  7378093   19.14%
  54940  5652     1108.4281   887     1236.2617      999.6373  7558274   19.14%
  55629  6550     1163.4346   771     1236.2617      999.6373  7713583   19.14%
Elapsed time = 1912.86 sec. (429350.48 ticks, tree = 1256.74 MB, solutions = 28)
  56187  7151     1039.5384   946     1236.2617      999.6373  7814368   19.14%
  56719  7336     1165.2738   752     1236.2617      999.6373  7843212   19.14%
  57368  7958     1143.3258   761     1236.2617      999.6373  7928331   19.14%
  57988  8019     1171.9963   739     1236.2617      999.6373  7930820   19.14%
  58804  8862     1145.1719   792     1236.2617      999.6373  8062658   19.14%
  59311  9772     1148.3189   728     1236.2617     1007.2386  8172923   18.53%
  59919 10863     1088.1320   787     1236.2617     1010.5381  8299057   18.26%
  60584 10953     1132.5855   779     1236.2617     1010.5381  8321120   18.26%
  61281 11323     1139.0601   713     1236.2617     1010.5381  8373125   18.26%
  61846 12421     1026.4765   862     1236.2617     1012.9820  8525428   18.06%
Elapsed time = 2189.19 sec. (467545.41 ticks, tree = 2261.16 MB, solutions = 28)
Nodefile size = 206.22 MB (136.97 MB after compression)
* 62009+12328                         1194.2283     1012.9820            15.18%
  62488 12923     1072.1676   970     1194.2283     1012.9820  8580971   15.18%
  62930 12263     1122.2690   876     1194.2283     1012.9820  8701541   15.18%
  63452 12472     1077.8650   885     1194.2283     1014.1632  8745308   15.08%
  64172 12703     1072.6975   886     1194.2283     1014.1632  8772646   15.08%
  64635 13934     1126.7257   824     1194.2283     1015.1770  8971900   14.99%
  65151 14443     1154.4331   786     1194.2283     1016.0387  9060042   14.92%
  65578 14842     1074.2000   876     1194.2283     1016.0387  9119725   14.92%
  65967 15186     1131.7326   739     1194.2283     1016.0387  9196318   14.92%
  66399 15390     1078.8364   820     1194.2283     1016.4003  9231970   14.89%
  66891 15994     1119.0412   773     1194.2283     1016.9488  9391264   14.84%
Elapsed time = 2455.48 sec. (505729.87 ticks, tree = 2801.46 MB, solutions = 29)
Nodefile size = 746.24 MB (502.65 MB after compression)
  67356 16148     1129.6549   872     1194.2283     1016.9488  9415673   14.84%
  67797 16695     1054.4912   802     1194.2283     1017.4799  9522164   14.80%
  68389 17283     1112.6961   773     1194.2283     1017.5648  9637105   14.79%
  68936 17408     1081.5003   840     1194.2283     1017.5648  9661412   14.79%
  69321 18463     1143.8137   725     1194.2283     1017.5648  9842135   14.79%
  69789 18438     1090.7281   875     1194.2283     1018.6505  9839625   14.70%
  70424 19170     1115.0187   815     1194.2283     1018.8449  9956720   14.69%
  71076 19287     1135.9536   875     1194.2283     1019.1319  9974602   14.66%
  71639 19923     1138.8685   763     1194.2283     1019.5730 10064115   14.62%
  72137 20870     1178.2369   708     1194.2283     1019.5731 10215266   14.62%
Elapsed time = 2735.10 sec. (543936.82 ticks, tree = 3942.72 MB, solutions = 29)
Nodefile size = 1887.19 MB (1271.49 MB after compression)
  72656 20942     1080.8657   911     1194.2283     1019.5731 10222796   14.62%
  73163 21386     1086.6317   819     1194.2283     1019.8095 10295070   14.61%
  73704 22366     1090.3605   913     1194.2283     1019.9446 10470502   14.59%
  74284 22332     1111.0478   810     1194.2283     1019.9446 10462835   14.59%
* 74464+21695                         1193.8774     1019.9446            14.57%
* 74804+22682                         1192.5311     1020.7149            14.41%
* 74848+22682                         1191.7997     1020.7149            14.36%
  74866 22505     1167.7482   741     1191.7997     1020.7149 10494013   14.36%
  75373 23744     1176.9011   905     1191.7997     1020.7306 10718899   14.35%
* 75575+22771                         1191.7344     1020.7306            14.35%
* 75866+23566                         1191.2677     1020.7306            14.32%
  75924 24339     1139.6793   826     1191.2677     1020.7306 10811672   14.32%
* 76194+23566                         1190.8396     1020.7306            14.28%
* 76220+23566                         1188.6901     1020.7306            14.13%
* 76455+23683                         1188.6037     1020.7306            14.12%
  76516 24727     1146.3022   805     1188.6037     1020.7306 10878045   14.12%
  77055 24938     1034.4469   989     1188.6037     1020.8639 10936823   14.11%
  77665 24874     1124.4974   788     1188.6037     1021.6542 10920546   14.05%
Elapsed time = 3005.81 sec. (582173.57 ticks, tree = 4486.44 MB, solutions = 42)
Nodefile size = 2416.91 MB (1623.43 MB after compression)
  78130 26077     1085.0496   881     1188.6037     1021.8320 11113177   14.03%
* 78560+26164                         1188.4746     1021.8320            14.02%
  78577 26418     1045.6130   872     1188.4746     1021.8320 11169184   14.02%
* 78914+26107                         1188.4321     1021.8320            14.02%
* 78926+26107                         1187.7632     1021.8320            13.97%
* 79008+26033                         1187.5036     1021.8320            13.95%
  79010 26894     1138.8369   743     1187.5036     1021.8320 11256981   13.95%
  79457 27386     1110.7652   787     1187.5036     1022.2021 11337340   13.92%
  79942 27056     1041.2854   905     1187.5036     1022.2021 11283896   13.92%
  80443 28166     1083.6129   849     1187.5036     1022.2021 11531956   13.92%
  80923 27991     1139.3448   839     1187.5036     1022.6649 11470102   13.88%
  81347 28775     1048.4547   941     1187.5036     1022.9639 11612454   13.86%
  81840 29170     1080.0582   875     1187.5036     1023.1124 11692848   13.84%
  82381 29291     1098.9140   883     1187.5036     1023.1124 11714025   13.84%
Elapsed time = 3272.02 sec. (620382.58 ticks, tree = 5276.29 MB, solutions = 51)
Nodefile size = 3214.06 MB (2152.91 MB after compression)
  82861 30592     1106.8699   821     1187.5036     1023.1124 11963291   13.84%
  83412 30458     1133.4223   753     1187.5036     1023.3998 11933265   13.82%
  83885 30579     1113.8482   819     1187.5036     1023.8859 11962435   13.78%
  84335 31282     1151.0013   778     1187.5036     1023.8859 12096871   13.78%
  84738 32228     1104.6528   859     1187.5036     1023.9273 12274803   13.77%
  85123 32405     1121.5137   765     1187.5036     1023.9273 12317663   13.77%
* 85518+32378                         1186.6401     1023.9273            13.71%
* 85537+32378                         1185.6278     1023.9273            13.64%
  85570 32299     1171.8030   746     1185.6278     1023.9273 12288253   13.64%
  86095 33232     1036.2397   915     1185.6278     1023.9355 12526876   13.64%
  86614 33856     1073.5397   810     1185.6278     1023.9355 12631802   13.64%
  87204 33764     1163.7339   750     1185.6278     1024.0630 12616068   13.63%
Elapsed time = 3538.04 sec. (658582.72 ticks, tree = 6075.14 MB, solutions = 53)
Nodefile size = 4011.06 MB (2682.40 MB after compression)
  87707 34428     1077.8149   882     1185.6278     1024.6577 12752393   13.58%
  88248 34578     1169.0960   800     1185.6278     1024.6943 12769556   13.57%
  88738 35341     1106.4303   836     1185.6278     1024.6943 12892842   13.57%
  89379 35525     1087.4033   825     1185.6278     1024.9887 12928045   13.55%
  90009 36259     1114.3230   759     1185.6278     1025.1447 13048310   13.54%
  90557 36759     1045.6250   926     1185.6278     1025.3317 13127408   13.52%
  90939 36570     1129.3002   916     1185.6278     1025.3317 13114749   13.52%
  91393 37617     1118.0395   906     1185.6278     1025.4445 13257735   13.51%
  91841 38645     1113.9754   803     1185.6278     1025.7112 13403243   13.49%
  92325 38427     1132.6353   753     1185.6278     1025.8372 13360283   13.48%
Elapsed time = 3816.64 sec. (696802.64 ticks, tree = 7136.17 MB, solutions = 53)
Nodefile size = 5077.51 MB (3398.48 MB after compression)
  92803 39347     1148.7351   706     1185.6278     1025.9848 13532519   13.46%
  93275 40224     1178.9543   771     1185.6278     1026.2054 13679367   13.45%
  93663 40281        cutoff           1185.6278     1026.2054 13713317   13.45%
  94087 40342     1121.0381   823     1185.6278     1026.2054 13732135   13.45%
  94568 40438     1133.2511   688     1185.6278     1026.2054 13748443   13.45%
  95069 41565     1148.2296   731     1185.6278     1026.3718 14003259   13.43%
  95592 41678     1117.3892   855     1185.6278     1026.4851 14037656   13.42%
  96115 42105     1055.5059   832     1185.6278     1026.4851 14127018   13.42%
  96630 42227     1164.3089   749     1185.6278     1026.4851 14161500   13.42%
  97249 43158     1104.2800   864     1185.6278     1026.6965 14334655   13.40%
Elapsed time = 4090.74 sec. (735012.22 ticks, tree = 7895.96 MB, solutions = 53)
Nodefile size = 5835.31 MB (3901.87 MB after compression)
  97807 43339     1122.9019   775     1185.6278     1026.7793 14360870   13.40%
  98345 43758     1099.1785   868     1185.6278     1026.7793 14440401   13.40%
  98786 43965     1128.7298   880     1185.6278     1026.9373 14481476   13.38%
  99235 45432     1131.0884   740     1185.6278     1027.0208 14743933   13.38%
* 99612+45479                         1185.2510     1027.0208            13.35%
* 99637+45479                         1184.9632     1027.0208            13.33%
  99639 45100     1138.9198   761     1184.9632     1027.0208 14678317   13.33%
* 99826+45866                         1184.4031     1027.0208            13.29%
* 99882+45866                         1183.9914     1027.0208            13.26%
  99886 45164     1119.9149   874     1183.9914     1027.0208 14697751   13.26%
* 99936+45986                         1183.9041     1027.0208            13.25%
 100129 46449     1112.6330   850     1183.9041     1027.0208 14942526   13.25%
 100610 46820     1112.2873   808     1183.9041     1027.0208 15009915   13.25%
 101019 46864     1143.5241   713     1183.9041     1027.0208 15035542   13.25%
 101449 46799     1086.3568   843     1183.9041     1027.2914 15026828   13.23%
Elapsed time = 4351.49 sec. (773212.15 ticks, tree = 8790.94 MB, solutions = 65)
Nodefile size = 6805.94 MB (4552.15 MB after compression)
 102007 47061     1124.2747   896     1183.9041     1027.2914 15084002   13.23%
 102686 47905     1168.1047   719     1183.9041     1027.3530 15247371   13.22%
 103259 48361     1176.0069   757     1183.9041     1027.5897 15355107   13.20%
 103735 48174        cutoff           1183.9041     1027.9820 15326073   13.17%
 104456 49610     1092.1830   862     1183.9041     1028.0151 15570154   13.17%
 105147 49001     1138.8039   769     1183.9041     1028.0852 15465640   13.16%
 105639 50085     1110.7086   852     1183.9041     1028.0923 15651831   13.16%
 106057 50912     1133.5746   793     1183.9041     1028.0923 15761397   13.16%
 106444 51465     1111.6501   797     1183.9041     1028.0923 15847633   13.16%
 106913 51613     1060.4187   901     1183.9041     1028.4468 15882784   13.13%
Elapsed time = 4633.58 sec. (811463.89 ticks, tree = 9494.84 MB, solutions = 65)
Nodefile size = 7431.27 MB (4970.13 MB after compression)
 107355 51719     1169.1875   716     1183.9041     1028.4468 15894592   13.13%
 107838 53456     1136.4942   768     1183.9041     1028.4468 16192126   13.13%
 108308 53179     1056.8650   869     1183.9041     1028.6103 16152520   13.12%
 108704 53633     1078.9737   916     1183.9041     1028.6792 16242155   13.11%
 109069 53493     1082.8460   740     1183.9041     1028.7294 16210073   13.11%
 109499 54021     1137.4560   744     1183.9041     1028.7294 16333316   13.11%
 110097 55323     1100.8076   843     1183.9041     1028.9483 16591924   13.09%
 110640 55540     1171.9217   784     1183.9041     1028.9561 16643027   13.09%
 111154 55615     1134.4376   864     1183.9041     1028.9561 16663904   13.09%
 111703 55556     1096.3512   977     1183.9041     1028.9561 16648804   13.09%
Elapsed time = 4881.37 sec. (849690.86 ticks, tree = 10424.37 MB, solutions = 65)
Nodefile size = 8355.17 MB (5591.17 MB after compression)
 112190 56420     1073.3431   851     1183.9041     1028.9641 16792134   13.09%
 112629 57355     1171.1430   710     1183.9041     1029.1829 16939066   13.07%
 113132 58085     1166.3905   802     1183.9041     1029.2425 17059022   13.06%
 113616 58200     1137.7408   789     1183.9041     1029.3599 17079570   13.05%
 114059 58348     1106.1689   827     1183.9041     1029.3599 17111840   13.05%
 114471 59467     1090.7917   927     1183.9041     1029.4640 17343675   13.04%
 114910 59243     1067.0701   910     1183.9041     1029.5822 17294996   13.03%
 115326 59619     1062.4343   899     1183.9041     1029.5841 17368575   13.03%
 115825 60022     1118.8947   764     1183.9041     1029.6338 17450070   13.03%
 116362 60568     1110.8089   822     1183.9041     1029.6338 17559465   13.03%
Elapsed time = 5150.66 sec. (887948.81 ticks, tree = 11595.01 MB, solutions = 65)
Nodefile size = 9534.58 MB (6389.71 MB after compression)
 116808 60947     1134.2024   759     1183.9041     1029.6338 17616624   13.03%
 117178 60692        cutoff           1183.9041     1029.6918 17582776   13.03%
 117491 62505     1056.8102   901     1183.9041     1029.6918 17916762   13.03%
 117856 61849     1090.6999   877     1183.9041     1029.6918 17778127   13.03%
 118317 62872     1165.1452   771     1183.9041     1029.6918 18000423   13.03%
 118777 62679     1147.5574   817     1183.9041     1029.7723 17946230   13.02%
 119144 63193     1174.6155   731     1183.9041     1029.8744 18061964   13.01%
 119396 64188     1178.3706   773     1183.9041     1029.8744 18266260   13.01%
*119656+61900                         1183.3380     1029.8744            12.97%
 119685 63303     1122.1106   811     1183.3380     1029.8744 18122455   12.97%
*119982+61900                         1183.3191     1029.8744            12.97%
 120064 64842     1157.7646   656     1183.3191     1030.1250 18403596   12.95%
Elapsed time = 5434.13 sec. (926189.89 ticks, tree = 12133.60 MB, solutions = 67)
Nodefile size = 10068.24 MB (6742.99 MB after compression)
*120351+65168                         1181.8020     1030.1250            12.83%
*120360+65168                         1176.9488     1030.1250            12.47%
 120424 64780     1153.7951   757     1176.9488     1030.1250 18399469   12.47%
*120777+65187                         1176.9488     1030.1250            12.47%
 120853 65071     1136.8133   712     1176.9488     1030.1250 18478283   12.47%
 121357 65017     1142.6506   805     1176.9488     1030.3974 18715861   12.45%
 121846 65350     1116.2061   789     1176.9488     1030.4107 18771057   12.45%
 122313 65554     1133.1670   849     1176.9488     1030.4895 18828681   12.44%
 122762 64742     1110.9980   926     1176.9488     1030.5694 18637205   12.44%
 123195 65847     1079.0174   959     1176.9488     1030.6276 18887840   12.43%
 123752 66778     1034.3751   883     1176.9488     1030.6544 19089894   12.43%
 124193 66349     1127.6306   801     1176.9488     1030.7665 19006780   12.42%
*124422+66012                         1174.0786     1030.7665            12.21%
 124706 66860     1143.9123   767     1174.0786     1030.9726 19274040   12.19%
Elapsed time = 5712.68 sec. (964427.25 ticks, tree = 12629.81 MB, solutions = 79)
Nodefile size = 10565.79 MB (7086.22 MB after compression)
 125202 67356     1171.0165   409     1174.0786     1030.9726 19246561   12.19%
 125759 67272     1169.9498   733     1174.0786     1031.1007 19335934   12.18%
 126283 67395     1120.7608   848     1174.0786     1031.1007 19252801   12.18%
 126848 67869     1155.8872   786     1174.0786     1031.2706 19454515   12.16%
 127413 68739     1108.7453   820     1174.0786     1031.2706 19633157   12.16%
 127814 69205     1063.1783   911     1174.0786     1031.2706 19711077   12.16%
 128138 69382     1138.3607   895     1174.0786     1031.4100 19747494   12.15%
 128474 70575     1130.1621   679     1174.0786     1031.4534 19974479   12.15%
 128859 70029     1089.9572   871     1174.0786     1031.5512 19850902   12.14%
 129204 70694     1121.3751   758     1174.0786     1031.6623 20005187   12.13%
Elapsed time = 5985.20 sec. (1002750.94 ticks, tree = 13531.58 MB, solutions = 79)
Nodefile size = 11469.24 MB (7690.19 MB after compression)
 129461 71403     1141.8447   769     1174.0786     1031.6623 20185820   12.13%
 129680 70986     1109.1027   870     1174.0786     1031.6623 20081398   12.13%
 129999 71251     1128.9904   800     1174.0786     1031.8775 20147203   12.11%
 130282 71989     1168.3678   797     1174.0786     1031.8775 20329436   12.11%
 130627 71888     1143.5340   750     1174.0786     1031.8775 20282114   12.11%
 131013 72779     1146.7292   798     1174.0786     1031.9222 20627659   12.11%
 131406 73190    infeasible           1174.0786     1031.9374 20728764   12.11%
 131688 72759     1159.3905   837     1174.0786     1031.9631 20595587   12.10%
 131980 73196     1064.7766   895     1174.0786     1031.9631 20732785   12.10%
 132358 74023     1115.5958   836     1174.0786     1031.9631 20964611   12.10%
Elapsed time = 6272.32 sec. (1040981.01 ticks, tree = 13995.83 MB, solutions = 79)
Nodefile size = 11931.65 MB (7997.63 MB after compression)
 132677 74388     1092.2493   882     1174.0786     1032.1141 21058447   12.09%
 133115 74840     1152.6316   658     1174.0786     1032.2359 21189601   12.08%
 133469 75163     1140.6587   839     1174.0786     1032.2359 21261763   12.08%
 133841 75038     1129.6608   788     1174.0786     1032.2359 21232276   12.08%
 134151 74945     1103.6579   789     1174.0786     1032.3437 21223288   12.07%
*134279+74530                         1173.1166     1032.3437            12.00%
*134371+74530                         1171.3185     1032.3437            11.86%
*134450+74530                         1168.3580     1032.3437            11.64%
 134543 75261     1111.3899   881     1168.3580     1032.3437 21305588   11.64%
 134901 75517     1109.1864   777     1168.3580     1032.4456 21351807   11.63%
 135292 75560     1158.9335   655     1168.3580     1032.4712 21367576   11.63%
 135631 75898     1171.9855   714     1168.3580     1032.5047 21463329   11.63%
 135936 75532     1083.8136   800     1168.3580     1032.5610 21824828   11.62%
Elapsed time = 6558.94 sec. (1079204.64 ticks, tree = 14407.08 MB, solutions = 83)
Nodefile size = 12340.53 MB (8285.40 MB after compression)
 136289 75594     1155.5758   784     1168.3580     1032.6695 21838642   11.61%
 136682 75314     1122.1399   724     1168.3580     1032.7129 21769617   11.61%
 137074 75239     1133.9387   777     1168.3580     1032.7129 21759396   11.61%
 137333 75723     1078.9760   917     1168.3580     1032.7216 21867470   11.61%
 137634 76800     1122.6349   803     1168.3580     1032.8245 22168592   11.60%
*138008+77446                         1167.1896     1032.8792            11.51%
 138051 76445     1140.8513   706     1167.1896     1032.8792 22088076   11.51%
 138501 77181     1122.2921   729     1167.1896     1032.9488 22385718   11.50%
 138820 77494     1064.7075   940     1167.1896     1032.9488 22351601   11.50%
 139116 77746     1084.7479   945     1167.1896     1033.1701 22570604   11.48%
 139382 77755     1100.6158   887     1167.1896     1033.1701 22573122   11.48%
Elapsed time = 6842.72 sec. (1117469.18 ticks, tree = 14954.92 MB, solutions = 86)
Nodefile size = 12892.42 MB (8660.56 MB after compression)
 139709 78074     1124.2599   780     1167.1896     1033.1701 22644327   11.48%
 140071 77576     1046.8353   852     1167.1896     1033.1701 22524777   11.48%
 140420 77681     1153.0589   717     1167.1896     1033.1701 22568623   11.48%
*140713+79020                         1167.0463     1033.2299            11.47%
 140716 79339     1063.5674   817     1167.0463     1033.2299 22991150   11.47%
 140924 78757     1131.1179   777     1167.0463     1033.3287 22818772   11.46%
 141180 79701     1103.0079   836     1167.0463     1033.3287 23172547   11.46%
 141423 79366     1064.6034   986     1167.0463     1033.4004 23024600   11.45%
 141689 79423     1081.4560   917     1167.0463     1033.4004 23067773   11.45%
 141964 80185     1105.7521   832     1167.0463     1033.4116 23268738   11.45%
 142270 80596     1125.0063   879     1167.0463     1033.4733 23420888   11.45%
Elapsed time = 7110.60 sec. (1155781.44 ticks, tree = 15333.88 MB, solutions = 88)
Nodefile size = 13267.88 MB (8910.42 MB after compression)
 142529 80608     1137.8660   911     1167.0463     1033.6063 23423668   11.43%
 142820 80195     1110.6218   829     1167.0463     1033.6063 23269528   11.43%
 143058 80792     1150.2027   669     1167.0463     1033.6290 23490562   11.43%
 143268 80848     1110.0843   788     1167.0463     1033.7037 23535959   11.43%
*143482+81409                         1166.9102     1033.7037            11.42%
 143494 81563     1107.9316   738     1166.9102     1033.7037 23766307   11.42%
*143724+80986                         1165.2996     1033.7037            11.29%
 143789 81757     1118.2370   725     1165.2996     1033.7971 23842862   11.28%
 144116 81775     1135.6804   751     1165.2996     1033.7971 23845690   11.28%
 144385 81658     1056.9326   984     1165.2996     1033.7971 24068570   11.28%
 144651 81804     1082.2882   763     1165.2996     1033.7971 24126093   11.28%
 144876 81648     1094.1857   836     1165.2996     1033.9552 24060417   11.27%
Elapsed time = 7390.43 sec. (1194042.46 ticks, tree = 15588.80 MB, solutions = 90)
Nodefile size = 13523.42 MB (9084.94 MB after compression)
 145074 81801     1104.6185   867     1165.2996     1033.9552 24116841   11.27%
 145289 81986     1133.3065   706     1165.2996     1034.0212 24169548   11.27%
 145534 82073     1151.4047   803     1165.2996     1034.0212 24196778   11.27%
 145783 81995     1082.3771   930     1165.2996     1034.1003 24179760   11.26%
 146067 82920     1126.5756   747     1165.2996     1034.1003 24467720   11.26%
*146198+82220                         1162.0804     1034.1003            11.01%
*146242+82220                         1161.9018     1034.1503            11.00%
 146313 83323     1124.0903   821     1161.9018     1034.1503 24615199   11.00%
*146374+82220                         1161.8077     1034.1503            10.99%
 146528 83439     1131.3394   799     1161.8077     1034.1818 24668008   10.99%
*146529+82208                         1161.5427     1034.1818            10.96%
 146743 83692     1125.5595   849     1161.5427     1034.1818 24734598   10.96%
 146997 83322     1124.8978   785     1161.5427     1034.1818 24612081   10.96%
 147232 83573        cutoff           1161.5427     1034.2515 24698314   10.96%
Elapsed time = 7689.67 sec. (1232408.55 ticks, tree = 16060.37 MB, solutions = 95)
Nodefile size = 13983.40 MB (9400.33 MB after compression)
 147494 82327     1105.5545   730     1161.5427     1034.2515 24886249   10.96%
 147770 82243     1136.1233   794     1161.5427     1034.2515 24861487   10.96%
 148054 82821     1089.8486   878     1161.5427     1034.2515 25065979   10.96%
*148218+82404                         1160.6457     1034.2515            10.89%
 148279 82925     1152.8875   872     1160.6457     1034.2515 25111068   10.89%
 148553 82484     1096.1967   857     1160.6457     1034.4944 24951186   10.87%
*148601+83063                         1160.2998     1034.4944            10.84%
 148813 82933     1068.9666   889     1160.2998     1034.4944 25374727   10.84%
 149038 83424     1131.8383   791     1160.2998     1034.5938 25557945   10.83%
 149298 83182     1089.4739   823     1160.2998     1034.5938 25207576   10.83%
 149571 83227     1118.4154   930     1160.2998     1034.6343 25471592   10.83%
 149851 83443     1061.9830   980     1160.2998     1034.6343 25566056   10.83%
Elapsed time = 7963.15 sec. (1270779.04 ticks, tree = 16097.58 MB, solutions = 97)
Nodefile size = 14033.39 MB (9445.63 MB after compression)
 150051 83419     1075.1888   868     1160.2998     1034.7489 25554490   10.82%
 150227 84256     1153.6391   878     1160.2998     1034.7489 25880674   10.82%
 150391 84282     1096.2506   940     1160.2998     1034.7489 25897164   10.82%
 150613 84445     1077.3335   936     1160.2998     1034.7489 25961193   10.82%
 150884 84459     1091.8404   942     1160.2998     1034.7489 25963820   10.82%
 151115 84863     1097.8362   820     1160.2998     1034.7489 26120489   10.82%
 151379 85110     1159.1556   607     1160.2998     1034.8066 26237714   10.82%
 151654 84430     1121.4799   739     1160.2998     1034.8066 25942313   10.82%
 151911 84775     1080.4831   910     1160.2998     1034.8066 26086514   10.82%
 152180 85303     1097.8878   893     1160.2998     1034.8066 26322680   10.82%
Elapsed time = 8251.78 sec. (1309105.47 ticks, tree = 16283.36 MB, solutions = 97)
Nodefile size = 14213.91 MB (9567.28 MB after compression)
 152452 85462     1154.2682   732     1160.2998     1035.1482 26369208   10.79%
 152657 85706        cutoff           1160.2998     1035.1482 26486965   10.79%
 152885 86082     1114.8353   841     1160.2998     1035.1482 26602080   10.79%
 153136 86070     1041.4262   897     1160.2998     1035.1482 26588333   10.79%
 153377 86989     1156.5089   781     1160.2998     1035.1482 26934966   10.79%
 153674 86258     1099.0664   829     1160.2998     1035.3006 26672984   10.77%
 153959 86706     1085.2996   876     1160.2998     1035.3006 26822561   10.77%
 154267 87604     1068.9708   844     1160.2998     1035.3006 27156812   10.77%
 154567 87139     1159.3962   831     1160.2998     1035.3006 26977483   10.77%
 154831 87510        cutoff           1160.2998     1035.3006 27131630   10.77%
Elapsed time = 8540.29 sec. (1347370.66 ticks, tree = 16744.24 MB, solutions = 97)
Nodefile size = 14671.50 MB (9879.33 MB after compression)
 155090 87284     1120.4790   832     1160.2998     1035.3022 27028637   10.77%
 155339 87824     1090.6630   921     1160.2998     1035.6440 27270236   10.74%
 155620 87947     1134.7849   842     1160.2998     1035.6988 27320154   10.74%
 155865 89032     1071.0078   879     1160.2998     1035.7074 27693173   10.74%
 156159 89353     1158.0795   843     1160.2998     1035.7393 27820345   10.74%
 156385 88133     1149.9671   632     1160.2998     1035.7393 27389561   10.74%
 156636 89085     1120.3000   780     1160.2998     1035.7662 27701349   10.73%
 156859 89090     1101.7371   945     1160.2998     1035.7910 27718625   10.73%
 157091 89325     1151.9863   844     1160.2998     1035.8999 27782972   10.72%
 157357 89407     1096.1791   764     1160.2998     1035.9249 27848815   10.72%
Elapsed time = 8826.87 sec. (1385703.21 ticks, tree = 17209.36 MB, solutions = 97)
Nodefile size = 15140.21 MB (10198.28 MB after compression)
 157622 90676     1149.6054   770     1160.2998     1035.9476 28300359   10.72%
 157855 89670     1121.2275   904     1160.2998     1036.0049 27949560   10.71%
 158063 90224     1155.5193   689     1160.2998     1036.0563 28162328   10.71%
 158248 90454     1120.3615   848     1160.2998     1036.0847 28229934   10.71%
 158453 90823     1143.8718   881     1160.2998     1036.0847 28360518   10.71%
 158614 91539     1065.0651   911     1160.2998     1036.0847 28667434   10.71%
 158849 91765     1116.8567   859     1160.2998     1036.0847 28756660   10.71%
 159081 91027     1105.0215   858     1160.2998     1036.0847 28447648   10.71%
 159295 92043     1073.2760   831     1160.2998     1036.0847 28907771   10.71%
 159521 92033     1113.1477   868     1160.2998     1036.3294 28894616   10.68%
Elapsed time = 9098.15 sec. (1424009.08 ticks, tree = 17588.64 MB, solutions = 97)
Nodefile size = 15521.03 MB (10457.12 MB after compression)
 159777 92487     1084.6733   824     1160.2998     1036.3887 29110920   10.68%
 160005 92015     1072.6061   925     1160.2998     1036.4523 28882256   10.67%
 160271 91970     1083.8877   831     1160.2998     1036.4523 28870776   10.67%
 160553 93122     1110.3882   917     1160.2998     1036.4553 29381363   10.67%
 160804 92615     1071.3083   909     1160.2998     1036.4553 29171035   10.67%
 161127 92626     1084.7343   867     1160.2998     1036.4553 29173752   10.67%
 161402 93260     1057.0770   996     1160.2998     1036.4553 29439714   10.67%
 161754 93271     1074.2321   915     1160.2998     1036.7449 29442277   10.65%
 161996 93084     1114.6415   865     1160.2998     1036.8270 29378046   10.64%
 162266 94545     1134.5279   820     1160.2998     1036.8574 29927838   10.64%
Elapsed time = 9395.10 sec. (1462321.47 ticks, tree = 18125.91 MB, solutions = 97)
Nodefile size = 16059.40 MB (10824.51 MB after compression)
 162535 94141     1096.8748   848     1160.2998     1036.8738 29793341   10.64%
 162782 94834     1121.9177   811     1160.2998     1036.8936 29985498   10.64%
 163090 95024     1143.8425   801     1160.2998     1036.9117 30054370   10.63%
 163331 95220     1147.0570   787     1160.2998     1036.9844 30110843   10.63%
 163584 95248     1123.8035   858     1160.2998     1036.9844 30131406   10.63%
 163884 95671     1109.2160   804     1160.2998     1036.9844 30292219   10.63%
 164191 95233     1127.5769   890     1160.2998     1036.9844 30119146   10.63%
 164450 96244     1125.5328   891     1160.2998     1036.9844 30546770   10.63%
 164701 96058     1112.9788   855     1160.2998     1036.9844 30460850   10.63%
 164941 96000     1103.9246   815     1160.2998     1036.9844 30408222   10.63%
Elapsed time = 9686.72 sec. (1500656.20 ticks, tree = 18476.95 MB, solutions = 97)
Nodefile size = 16393.98 MB (11051.31 MB after compression)
 165205 96238     1151.5573   852     1160.2998     1037.2195 30536198   10.61%
 165490 96367     1133.3258   779     1160.2998     1037.2637 30572825   10.60%
 165744 96692        cutoff           1160.2998     1037.3169 30706254   10.60%
 165916 97553     1126.0076   779     1160.2998     1037.3686 30998603   10.59%
 166161 97657     1132.1908   777     1160.2998     1037.3974 31034934   10.59%
 166452 97725     1110.5262   815     1160.2998     1037.4330 31056157   10.59%
 166721 97469     1146.1722   781     1160.2998     1037.4434 30990415   10.59%
 166936 97069        cutoff           1160.2998     1037.5052 30846412   10.58%
 167149 98762     1071.8650   930     1160.2998     1037.5841 31435885   10.58%
 167380 98227     1154.3126   756     1160.2998     1037.6849 31240049   10.57%
Elapsed time = 9970.61 sec. (1539021.51 ticks, tree = 19010.66 MB, solutions = 97)
Nodefile size = 16943.52 MB (11428.38 MB after compression)
 167570 97871     1115.2328   742     1160.2998     1037.7053 31119122   10.57%
 167779 98185     1118.3525   845     1160.2998     1037.7053 31227719   10.57%
 167980 98964     1140.8798   791     1160.2998     1037.7093 31525932   10.57%
 168178 99574     1100.7100   868     1160.2998     1037.7093 31811190   10.57%
 168379 99102     1105.3501   863     1160.2998     1037.7093 31607001   10.57%
 168636 100047     1076.5420   900     1160.2998     1037.7093 32037073   10.57%
 168912 99366        cutoff           1160.2998     1037.7093 31723190   10.57%
 169184 99698     1081.8859   740     1160.2998     1037.7093 31876836   10.57%
 169451 99802     1067.9619   981     1160.2998     1037.8106 31952301   10.56%
 169702 100675     1072.9147   857     1160.2998     1037.8106 32322844   10.56%
Elapsed time = 10252.67 sec. (1577480.87 ticks, tree = 19205.29 MB, solutions = 97)
Nodefile size = 17134.08 MB (11552.62 MB after compression)
 169985 100927     1147.3450   778     1160.2998     1037.8106 32437152   10.56%
 170224 101235     1107.3768   801     1160.2998     1037.8106 32550984   10.56%
 170497 100589     1065.1241   743     1160.2998     1037.8106 32294574   10.56%
 170725 101732     1086.1572   698     1160.2998     1038.0998 32733204   10.53%
 170950 101279     1138.7738   909     1160.2998     1038.1356 32578010   10.53%
 171210 102065     1115.9333   836     1160.2998     1038.1877 32876565   10.52%
 171472 101974     1081.8273   834     1160.2998     1038.2001 32821573   10.52%
 171744 102333     1078.7166   828     1160.2998     1038.2001 32991694   10.52%
 171983 101705     1082.9902   894     1160.2998     1038.2001 32727286   10.52%
 172210 102002    infeasible           1160.2998     1038.2520 32848907   10.52%
Elapsed time = 10547.85 sec. (1615795.31 ticks, tree = 19527.35 MB, solutions = 97)
Nodefile size = 17453.25 MB (11770.50 MB after compression)
 172409 101538     1100.7391   823     1160.2998     1038.2520 32671197   10.52%
 172598 102160        cutoff           1160.2998     1038.2520 32931707   10.52%
 172777 102583     1150.3611   873     1160.2998     1038.2520 33057799   10.52%
 172946 102377     1086.0417   781     1160.2998     1038.2520 33006236   10.52%
 173112 103320     1154.9285   682     1160.2998     1038.2520 33376967   10.52%
 173291 104049     1158.7159   698     1160.2998     1038.3453 33673437   10.51%
 173439 104166     1061.0128   895     1160.2998     1038.3453 33722793   10.51%
 173597 103382     1143.7188   757     1160.2998     1038.3453 33404422   10.51%
 173819 103659     1107.9601   881     1160.2998     1038.5953 33484159   10.49%
 174009 104525     1141.7482   844     1160.2998     1038.5953 33895645   10.49%
Elapsed time = 10840.31 sec. (1654102.87 ticks, tree = 20137.52 MB, solutions = 97)
Nodefile size = 18068.76 MB (12193.34 MB after compression)
 174240 104113     1092.1078   953     1160.2998     1038.5953 33700914   10.49%
 174417 104586     1135.4113   886     1160.2998     1038.5953 33917558   10.49%
 174570 104988     1114.0039   892     1160.2998     1038.5953 34099916   10.49%
 174761 104771     1127.1942   769     1160.2998     1038.7960 33996255   10.47%
 174975 105170     1135.3028   815     1160.2998     1038.7960 34173709   10.47%
 175152 105371        cutoff           1160.2998     1038.7960 34276422   10.47%
 175343 104939     1105.9639   828     1160.2998     1038.7960 34080822   10.47%
 175515 105970     1133.2275   799     1160.2998     1038.7960 34530420   10.47%
 175713 105513     1094.2273   944     1160.2998     1038.8567 34337996   10.47%
 175912 105912     1095.4877   871     1160.2998     1038.8567 34520553   10.47%
Elapsed time = 11126.16 sec. (1692337.32 ticks, tree = 20419.75 MB, solutions = 97)
Nodefile size = 18350.60 MB (12385.25 MB after compression)
 176146 105534     1114.2746   879     1160.2998     1038.8567 34343112   10.47%
 176381 105745     1108.2523   786     1160.2998     1038.8567 34449695   10.47%
 176615 105872    infeasible           1160.2998     1038.8567 34492086   10.47%
*176671+106403                         1160.2660     1038.8567            10.46%
*176749+106403                         1160.2266     1038.8567            10.46%
*176789+106403                         1159.8532     1038.8567            10.43%
 176837 106395     1148.3977   788     1159.8532     1038.8567 34756936   10.43%
 177054 106119     1095.1568   842     1159.8532     1038.8567 34628682   10.43%
 177307 106945        cutoff           1159.8532     1039.1115 35154842   10.41%
 177551 107124     1085.7484   827     1159.8532     1039.1115 35236339   10.41%
 177799 107524     1138.6539   816     1159.8532     1039.1115 35373569   10.41%
 178018 106731     1079.9140   918     1159.8532     1039.1115 35019137   10.41%
*178258+107279                         1159.4750     1039.1115            10.38%
 178258 107281     1138.3377   795     1159.4750     1039.1115 35276590   10.38%
Elapsed time = 11409.00 sec. (1730651.09 ticks, tree = 20465.93 MB, solutions = 101)
Nodefile size = 18390.42 MB (12409.74 MB after compression)
 178513 107157     1152.4410   762     1159.4750     1039.1359 35246898   10.38%
 178740 106746     1120.6876   781     1159.4750     1039.1359 35046001   10.38%
 179006 107088     1082.6655   861     1159.4750     1039.2444 35215091   10.37%
 179232 107952     1142.3357   842     1159.4750     1039.2444 35608502   10.37%
 179431 107765     1107.3425   914     1159.4750     1039.3482 35537860   10.36%
 179661 108573     1085.3554   846     1159.4750     1039.3482 35880918   10.36%
 179884 108523        cutoff           1159.4750     1039.3482 35843667   10.36%
 180124 108080     1137.8167   874     1159.4750     1039.3482 35655493   10.36%
 180404 108969     1126.6899   751     1159.4750     1039.3482 36028715   10.36%
 180628 108022     1149.6784   776     1159.4750     1039.3482 35624533   10.36%
Elapsed time = 11699.12 sec. (1769030.94 ticks, tree = 20657.29 MB, solutions = 101)
Nodefile size = 18566.26 MB (12530.80 MB after compression)
 180887 108623     1068.6543   918     1159.4750     1039.5571 35892726   10.34%
 181150 109226     1081.8292   920     1159.4750     1039.6331 36130079   10.34%
 181387 108838     1128.7449   940     1159.4750     1039.6664 35978731   10.33%
 181656 109016     1118.3754   830     1159.4750     1039.6664 36061792   10.33%
 181943 110173     1110.6781   868     1159.4750     1039.7492 36477492   10.33%
 182191 110627        cutoff           1159.4750     1039.7548 36669862   10.33%
 182410 109850     1151.1316   776     1159.4750     1039.7644 36379615   10.32%
 182660 109668     1141.9840   807     1159.4750     1039.8395 36316168   10.32%
 182874 110349     1089.0636   856     1159.4750     1039.8462 36571153   10.32%
 183073 110775        cutoff           1159.4750     1039.8934 36759652   10.31%
Elapsed time = 11978.23 sec. (1807341.41 ticks, tree = 21326.21 MB, solutions = 101)
Nodefile size = 19257.15 MB (13003.04 MB after compression)
 183283 111218     1142.3707   739     1159.4750     1039.9489 36915582   10.31%
 183490 110641     1142.3262   874     1159.4750     1039.9973 36709619   10.30%
 183720 112330     1159.3821   807     1159.4750     1040.0181 37379820   10.30%
 183911 112119     1150.1665   744     1159.4750     1040.0206 37253713   10.30%
 184101 111384     1142.4721   768     1159.4750     1040.0355 36990978   10.30%
 184291 111601     1079.0279   858     1159.4750     1040.0522 37082788   10.30%
 184488 112081        cutoff           1159.4750     1040.0522 37239582   10.30%
 184645 113134     1124.3280   764     1159.4750     1040.0522 37738518   10.30%
 184830 112655     1072.9759   956     1159.4750     1040.0522 37526144   10.30%
 185006 113009     1115.6200   904     1159.4750     1040.0522 37677791   10.30%
Elapsed time = 12253.00 sec. (1845741.03 ticks, tree = 21866.29 MB, solutions = 101)
Nodefile size = 19798.89 MB (13373.76 MB after compression)
 185193 113453     1105.5207   838     1159.4750     1040.0522 37899773   10.30%
 185394 113858     1148.2110   833     1159.4750     1040.0522 38101022   10.30%
 185585 113160     1106.1535   859     1159.4750     1040.2540 37751607   10.28%
 185801 113861     1098.9399   912     1159.4750     1040.2540 38106518   10.28%
 186006 113771     1124.3272   807     1159.4750     1040.2826 38043743   10.28%
 186238 113091     1056.9635   920     1159.4750     1040.3448 37715754   10.27%
 186436 113873     1123.0884   802     1159.4750     1040.3647 38094933   10.27%
 186623 113877     1078.3315   858     1159.4750     1040.3790 38116478   10.27%
 186817 114527     1102.4663   928     1159.4750     1040.4111 38473642   10.27%
 186992 114216     1081.1017   865     1159.4750     1040.4111 38296150   10.27%
Elapsed time = 12543.89 sec. (1884126.38 ticks, tree = 21956.08 MB, solutions = 101)
Nodefile size = 19883.23 MB (13428.49 MB after compression)
 187228 114220     1112.8687   791     1159.4750     1040.4111 38298890   10.27%
*187415+114991                         1151.0477     1040.4111             9.61%
 187458 115117     1136.6631   873     1151.0477     1040.4111 38740324    9.61%
*187669+109187                         1142.7354     1040.4201             8.95%
 187688 115557     1117.3325   759     1142.7354     1040.4201 38928186    8.95%
 187901 114627     1134.7691   854     1142.7354     1040.4201 38535579    8.95%
 188125 114780     1138.5237   890     1142.7354     1040.4201 38585152    8.95%
 188364 100378     1104.3030   826     1142.7354     1040.4201 39004406    8.95%
 188605 115335     1090.5368   928     1142.7354     1040.4201 38845458    8.95%
 188845 115605        cutoff           1142.7354     1040.4201 38941308    8.95%
 189059 100833     1121.3650   806     1142.7354     1040.6141 39237241    8.94%
 189292 101250     1082.8804   919     1142.7354     1040.6373 39520187    8.93%
Elapsed time = 12854.29 sec. (1922443.36 ticks, tree = 19153.34 MB, solutions = 103)
Nodefile size = 17082.37 MB (11553.16 MB after compression)
 189478 101331     1063.2599   909     1142.7354     1040.6373 39573019    8.93%
 189659 101073     1068.5929   945     1142.7354     1040.6902 39383162    8.93%
 189925 100897     1113.3270   843     1142.7354     1040.6960 39294375    8.93%
 190098 101138     1115.5936   894     1142.7354     1040.7108 39434415    8.93%
 190300 102221        cutoff           1142.7354     1040.7384 39925769    8.93%
 190479 102308     1133.3277   913     1142.7354     1040.7384 39973023    8.93%
 190679 101451     1111.3195   832     1142.7354     1040.7728 39630593    8.92%
 190897 101367     1077.3739   818     1142.7354     1040.8279 39590506    8.92%
 191100 102291     1120.4737   917     1142.7354     1040.8279 39956648    8.92%
 191288 102195     1100.8673   891     1142.7354     1040.8279 39913818    8.92%
Elapsed time = 13133.69 sec. (1960757.23 ticks, tree = 19380.66 MB, solutions = 103)
Nodefile size = 17303.97 MB (11704.69 MB after compression)
 191471 102570     1057.3171   915     1142.7354     1040.8279 40081733    8.92%
 191679 101878     1121.9026   855     1142.7354     1040.8279 39779791    8.92%
 191854 103231     1121.5228   820     1142.7354     1040.8394 40413886    8.92%
 192071 102384        cutoff           1142.7354     1040.8819 40017775    8.91%
 192242 102799     1094.9896   912     1142.7354     1040.9157 40184122    8.91%
 192424 103165     1140.2286   789     1142.7354     1040.9514 40397349    8.91%
 192650 102972     1077.8019   916     1142.7354     1040.9932 40283164    8.90%
 192795 103933     1077.6527   954     1142.7354     1040.9932 40802862    8.90%
 192973 103867     1068.2844   957     1142.7354     1041.0445 40757185    8.90%
 193198 104418        cutoff           1142.7354     1041.0535 41045734    8.90%
Elapsed time = 13419.98 sec. (1999063.68 ticks, tree = 19929.90 MB, solutions = 103)
Nodefile size = 17857.79 MB (12083.64 MB after compression)
 193423 104619     1133.8584   818     1142.7354     1041.0852 41166198    8.90%
 193610 104884     1077.1858   849     1142.7354     1041.1078 41337650    8.89%
 193841 104466     1081.8856   902     1142.7354     1041.1552 41077713    8.89%
 194025 104629     1067.6676   856     1142.7354     1041.1986 41170078    8.89%
 194236 104532        cutoff           1142.7354     1041.2068 41129353    8.88%
 194411 104728     1128.1528   784     1142.7354     1041.2284 41254711    8.88%
 194580 105178     1109.4544   789     1142.7354     1041.2368 41517108    8.88%
 194764 104511     1116.3896   837     1142.7354     1041.3679 41112282    8.87%
 194925 106012     1127.7343   835     1142.7354     1041.4271 41935757    8.87%
 195067 105188     1140.0668   829     1142.7354     1041.4654 41524979    8.86%
Elapsed time = 13663.30 sec. (2037349.26 ticks, tree = 20109.92 MB, solutions = 103)
Nodefile size = 18040.31 MB (12207.93 MB after compression)
 195225 105300     1106.4554   897     1142.7354     1041.4982 41573898    8.86%
 195423 106086     1092.7212   848     1142.7354     1041.5103 41962813    8.86%
 195605 106317     1116.0525   842     1142.7354     1041.5257 42133562    8.86%
 195768 106540     1102.7410   848     1142.7354     1041.5638 42235865    8.85%
 195897 106581     1095.8053   887     1142.7354     1041.5638 42264122    8.85%
 196038 106710     1100.1664   915     1142.7354     1041.5900 42339827    8.85%
 196188 106724     1087.9149   914     1142.7354     1041.6680 42365376    8.84%
 196356 106651     1102.0869   878     1142.7354     1041.6680 42322115    8.84%
 196511 106182     1076.8293   854     1142.7354     1041.6729 42005697    8.84%
 196688 106946     1127.3767   864     1142.7354     1041.6729 42472601    8.84%
Elapsed time = 13953.63 sec. (2075847.03 ticks, tree = 20382.59 MB, solutions = 103)
Nodefile size = 18305.71 MB (12387.58 MB after compression)
 196912 107099     1124.2107   709     1142.7354     1041.6729 42573915    8.84%
 197086 106607     1132.7091   853     1142.7354     1041.6729 42305516    8.84%
 197240 107412     1072.8629   892     1142.7354     1041.6729 42802110    8.84%
 197404 107817     1117.7193   760     1142.7354     1041.6729 43052375    8.84%
 197635 107827     1126.1635   818     1142.7354     1041.6729 43055001    8.84%
 197805 106965     1136.2376   917     1142.7354     1041.6729 42511833    8.84%
 197986 108375     1141.8888   806     1142.7354     1041.8485 43421070    8.83%
 198171 107568     1108.4118   776     1142.7354     1041.8485 42887296    8.83%
 198364 108249     1083.5776   801     1142.7354     1041.8485 43346015    8.83%
 198588 108567        cutoff           1142.7354     1041.8485 43503551    8.83%
Elapsed time = 14234.13 sec. (2114142.91 ticks, tree = 20541.68 MB, solutions = 103)
Nodefile size = 18466.85 MB (12492.40 MB after compression)
 198767 108906     1055.1280   966     1142.7354     1041.8521 43678414    8.83%
 198954 108093     1127.8266   938     1142.7354     1041.8668 43227955    8.83%
 199165 109107     1060.6737   916     1142.7354     1041.9216 43781448    8.82%
 199371 109274     1099.8766   822     1142.7354     1041.9439 43884952    8.82%
 199546 108891        cutoff           1142.7354     1041.9659 43664723    8.82%
 199733 108411     1108.3189   897     1142.7354     1041.9815 43444796    8.82%
 199922 109098     1131.2136   788     1142.7354     1042.0428 43770331    8.81%
 200113 109822     1125.9515   821     1142.7354     1042.1004 44176037    8.81%
 200321 109244     1094.7146   840     1142.7354     1042.1593 43870779    8.80%
 200515 109112     1128.2877   714     1142.7354     1042.1593 43778447    8.80%
Elapsed time = 14501.69 sec. (2152460.96 ticks, tree = 20678.25 MB, solutions = 103)
Nodefile size = 18596.77 MB (12582.03 MB after compression)
 200701 109160     1069.1425   918     1142.7354     1042.2157 43800894    8.80%
 200856 109417     1085.0079   880     1142.7354     1042.2157 43952343    8.80%
 201045 110224     1115.0091   943     1142.7354     1042.2618 44398666    8.79%
 201252 109699     1133.2853   864     1142.7354     1042.2661 44113074    8.79%
 201453 109945     1131.4256   811     1142.7354     1042.2953 44248057    8.79%
 201665 110485     1111.0492   782     1142.7354     1042.3534 44528774    8.78%
 201834 111315     1115.9262   882     1142.7354     1042.4395 44968886    8.78%
 201972 111471     1132.7898   826     1142.7354     1042.4650 45051312    8.77%
 202142 110506     1137.2327   927     1142.7354     1042.5195 44536643    8.77%
 202280 110732     1089.8673   843     1142.7354     1042.5692 44693956    8.77%
Elapsed time = 14793.01 sec. (2190767.23 ticks, tree = 21066.95 MB, solutions = 103)
Nodefile size = 18989.90 MB (12851.18 MB after compression)
 202422 111797     1078.6893   910     1142.7354     1042.5949 45215897    8.76%
 202558 111802     1086.3823   879     1142.7354     1042.6133 45217195    8.76%
 202723 110713     1094.5497   796     1142.7354     1042.6195 44674985    8.76%
 202893 111639        cutoff           1142.7354     1042.6447 45144779    8.76%
 203042 110909     1081.5581   872     1142.7354     1042.6590 44781789    8.76%
 203183 111641     1078.4224   841     1142.7354     1042.7034 45149223    8.75%
 203354 112086     1089.4108   784     1142.7354     1042.7280 45375462    8.75%
 203521 111897     1100.3109   839     1142.7354     1042.8027 45272655    8.75%
 203701 112513     1138.5692   797     1142.7354     1042.8321 45619635    8.74%
 203875 112887     1076.4054   877     1142.7354     1042.8546 45836353    8.74%
Elapsed time = 15109.05 sec. (2229150.42 ticks, tree = 21595.82 MB, solutions = 103)
Nodefile size = 19524.38 MB (13219.46 MB after compression)
 204093 113025     1108.0172   867     1142.7354     1042.8650 45950469    8.74%
 204314 113222     1135.1667   608     1142.7354     1042.8804 46058517    8.74%
 204568 112993     1129.1924   661     1142.7354     1042.9166 45910118    8.74%
 204815 113287     1109.7782   850     1142.7354     1042.9166 46106136    8.74%
 205035 112520     1136.9659   819     1142.7354     1042.9600 45613003    8.73%
 205238 112848     1131.6517   903     1142.7354     1042.9637 45806844    8.73%
 205424 112618     1118.5978   882     1142.7354     1042.9637 45682194    8.73%
 205579 113324     1083.7756   806     1142.7354     1042.9981 46136819    8.73%
 205746 113274     1049.2772   946     1142.7354     1043.0196 46100529    8.73%
 205943 114043     1119.3018   847     1142.7354     1043.0809 46481606    8.72%
Elapsed time = 15376.27 sec. (2267471.68 ticks, tree = 21878.23 MB, solutions = 103)
Nodefile size = 19807.04 MB (13413.46 MB after compression)
 206090 114409     1108.7302   872     1142.7354     1043.1042 46669743    8.72%
 206239 114825     1138.7578   852     1142.7354     1043.1153 46812040    8.72%
 206378 114733     1129.9839   963     1142.7354     1043.1518 46786083    8.71%
 206525 114414     1116.8998   824     1142.7354     1043.1530 46677439    8.71%
 206709 115235     1059.3100   913     1142.7354     1043.1559 47010720    8.71%
 206871 115186     1133.1179   811     1142.7354     1043.2049 46987883    8.71%
 207001 115394     1110.8264   841     1142.7354     1043.2049 47126620    8.71%
 207169 114615     1118.5450   921     1142.7354     1043.2076 46742288    8.71%
 207318 115413     1139.1544   715     1142.7354     1043.2076 47131747    8.71%
 207473 114764     1132.4116   909     1142.7354     1043.2076 46804545    8.71%
Elapsed time = 15634.83 sec. (2305892.88 ticks, tree = 22038.73 MB, solutions = 103)
Nodefile size = 19967.39 MB (13522.80 MB after compression)
 207611 114619     1077.0642   947     1142.7354     1043.2131 46749925    8.71%
 207762 115292     1096.7549   866     1142.7354     1043.2131 47028877    8.71%
 207945 115299     1114.4117   803     1142.7354     1043.2131 47031541    8.71%
 208125 115297     1131.8080   855     1142.7354     1043.2131 47062398    8.71%
 208290 115329     1087.5858   951     1142.7354     1043.2131 47092576    8.71%
 208462 116297     1094.9058   964     1142.7354     1043.2131 47760895    8.71%
*208542+115865                         1142.7068     1043.2131             8.71%
*208557+115865                         1140.9891     1043.2131             8.57%
 208643 115484     1103.8642   972     1140.9891     1043.2131 47179298    8.57%
 208861 115587     1091.4540   888     1140.9891     1043.2131 47289941    8.57%
 209046 115718     1085.2619   879     1140.9891     1043.2131 47399811    8.57%
 209235 116689     1073.2292   906     1140.9891     1043.6141 47987960    8.53%
Elapsed time = 15901.76 sec. (2344149.00 ticks, tree = 22135.59 MB, solutions = 106)
Nodefile size = 20060.08 MB (13580.46 MB after compression)
 209435 116088     1064.8457   973     1140.9891     1043.6141 47622810    8.53%
 209645 114716     1095.1758   933     1140.9891     1043.6164 48059153    8.53%
 209826 116468     1116.9359   858     1140.9891     1043.6906 47861655    8.53%
 210067 116547     1081.6212   948     1140.9891     1043.7805 47892829    8.52%
 210282 116579        cutoff           1140.9891     1043.7823 47921695    8.52%
 210465 115442     1138.3599   786     1140.9891     1043.8183 48465727    8.52%
 210689 115337     1117.0033   854     1140.9891     1043.8232 48387303    8.52%
 210909 115256     1101.2126   970     1140.9891     1043.8411 48360034    8.51%
 211063 114844     1114.4119   899     1140.9891     1043.9034 48129445    8.51%
*211121+115347                         1140.9531     1043.9034             8.51%
*211175+115347                         1140.8600     1043.9034             8.50%
 211267 116446        cutoff           1140.8600     1043.9326 49054946    8.50%
Elapsed time = 16193.91 sec. (2382437.71 ticks, tree = 22176.28 MB, solutions = 108)
Nodefile size = 20106.46 MB (13615.24 MB after compression)
 211457 116409     1125.9302   891     1140.8600     1043.9368 49027446    8.50%
*211582+115628                         1140.2375     1043.9460             8.44%
 211631 115887     1109.4482   833     1140.2375     1043.9460 48705718    8.44%
 211834 115964     1114.2968   904     1140.2375     1043.9808 48735903    8.44%
*211851+116099                         1140.2375     1043.9947             8.44%
 212041 116259     1123.2934   980     1140.2375     1044.0097 48905642    8.44%
 212265 116119     1084.8071   880     1140.2375     1044.0097 49257164    8.44%
 212450 116241     1122.6641   914     1140.2375     1044.0097 49305323    8.44%
 212616 116809     1094.0212   944     1140.2375     1044.0097 49559952    8.44%
 212798 116418     1124.5559   896     1140.2375     1044.0097 49372646    8.44%
 212958 115930     1105.3791   958     1140.2375     1044.0097 49181951    8.44%
 213157 116890     1134.8561   786     1140.2375     1044.0097 49623239    8.44%
Elapsed time = 16460.84 sec. (2420891.70 ticks, tree = 22326.62 MB, solutions = 110)
Nodefile size = 20252.52 MB (13717.43 MB after compression)
 213348 116696     1091.9338   815     1140.2375     1044.0097 49522878    8.44%
 213526 116714     1108.4403   704     1140.2375     1044.2444 49525511    8.42%
 213709 117511     1073.8435   906     1140.2375     1044.2643 49978402    8.42%
 213945 117338     1092.5538   970     1140.2375     1044.2747 49865529    8.42%
 214155 117350     1110.3945   895     1140.2375     1044.3020 49868090    8.41%
 214359 117809     1097.0366   838     1140.2375     1044.3198 50128621    8.41%
 214548 117480     1134.9716   818     1140.2375     1044.3871 49956522    8.41%
 214734 118230     1074.7611   845     1140.2375     1044.4005 50334949    8.40%
 214922 117121     1128.5231   753     1140.2375     1044.4488 49748219    8.40%
 215096 117715     1119.8371   818     1140.2375     1044.4507 50081937    8.40%
Elapsed time = 16759.26 sec. (2459287.46 ticks, tree = 22534.04 MB, solutions = 110)
Nodefile size = 20457.46 MB (13858.53 MB after compression)
 215258 117492     1122.5130   804     1140.2375     1044.4699 49966856    8.40%
 215456 118797     1136.8774   751     1140.2375     1044.4820 50634778    8.40%
 215657 117383     1086.5047   960     1140.2375     1044.4984 49888629    8.40%
 215853 118202     1137.7160   789     1140.2375     1044.5197 50321219    8.39%
 216066 118560     1118.3055   866     1140.2375     1044.5389 50496579    8.39%
 216260 118100     1129.7750   754     1140.2375     1044.5497 50271661    8.39%
 216499 119800     1079.5719   830     1140.2375     1044.6417 51170048    8.38%
 216714 119809     1097.5044   697     1140.2375     1044.6865 51172679    8.38%
 216896 119018     1131.7419   889     1140.2375     1044.6985 50770407    8.38%
 217069 120195     1134.9332   803     1140.2375     1044.7109 51380577    8.38%
Elapsed time = 17034.54 sec. (2497616.35 ticks, tree = 23149.02 MB, solutions = 110)
Nodefile size = 21078.28 MB (14284.14 MB after compression)
 217239 119366     1089.6227   778     1140.2375     1044.7616 50919170    8.37%
 217456 118960     1101.8662   841     1140.2375     1044.7616 50715475    8.37%
 217623 120014     1098.5159   853     1140.2375     1044.7722 51274098    8.37%
 217795 119507     1098.7698   835     1140.2375     1044.7880 51014335    8.37%
 217966 120548     1102.6097   919     1140.2375     1044.8016 51543381    8.37%
 218147 119637     1119.2869   810     1140.2375     1044.8244 51103776    8.37%
 218348 120326     1122.3719   726     1140.2375     1044.8700 51457377    8.36%
 218516 119982     1136.4542   788     1140.2375     1044.8942 51260475    8.36%
 218720 121003     1123.7091   898     1140.2375     1044.9497 51779395    8.36%
 218944 120189     1135.6921   734     1140.2375     1044.9583 51373488    8.36%
Elapsed time = 17300.36 sec. (2535970.88 ticks, tree = 23147.28 MB, solutions = 110)
Nodefile size = 21061.66 MB (14273.03 MB after compression)
 219147 120288     1117.4023  1000     1140.2375     1045.0114 51435244    8.35%
 219356 120711     1080.7588   899     1140.2375     1045.0348 51617433    8.35%
 219534 120836     1106.2100   958     1140.2375     1045.0738 51670500    8.35%
 219737 120782     1060.1142   888     1140.2375     1045.0738 51648398    8.35%
 219913 121343     1129.2132   756     1140.2375     1045.0894 51972442    8.34%
 220096 121048        cutoff           1140.2375     1045.0932 51797446    8.34%
 220300 121290     1119.9241   937     1140.2375     1045.1292 51950088    8.34%
 220468 121183     1070.7878   836     1140.2375     1045.1517 51887784    8.34%
 220644 121455     1114.9314   893     1140.2375     1045.2079 52041873    8.33%
 220841 122055     1086.5429   933     1140.2375     1045.2567 52368969    8.33%
Elapsed time = 17591.79 sec. (2574315.49 ticks, tree = 23615.04 MB, solutions = 110)
Nodefile size = 21544.03 MB (14604.73 MB after compression)
 221015 123129     1124.3782   911     1140.2375     1045.3060 52913486    8.33%
 221194 122538     1133.1023   866     1140.2375     1045.3060 52629251    8.33%
 221343 122079     1140.0081   811     1140.2375     1045.3745 52377059    8.32%
 221514 123461     1124.5677   827     1140.2375     1045.3924 53097030    8.32%
 221659 122720     1120.0544   832     1140.2375     1045.3924 52724555    8.32%
 221831 123887     1103.2382   837     1140.2375     1045.4384 53348040    8.31%
 222008 122730     1129.1711   826     1140.2375     1045.4384 52729406    8.31%
 222183 123034        cutoff           1140.2375     1045.4869 52874548    8.31%
 222326 123478     1087.2284   850     1140.2375     1045.4869 53110484    8.31%
 222528 124257        cutoff           1140.2375     1045.4869 53544003    8.31%
Elapsed time = 17867.12 sec. (2612659.96 ticks, tree = 23974.09 MB, solutions = 110)
Nodefile size = 21889.74 MB (14840.35 MB after compression)
 222669 124607        cutoff           1140.2375     1045.5172 53789534    8.31%
 222816 123998     1100.6935   937     1140.2375     1045.5420 53394822    8.30%
 222966 123804     1080.9339   865     1140.2375     1045.5767 53333457    8.30%
 223145 124221     1131.6615   633     1140.2375     1045.5815 53523475    8.30%
 223326 124097     1108.9734   858     1140.2375     1045.6043 53457400    8.30%
 223535 124229     1079.0892   896     1140.2375     1045.6309 53528763    8.30%
 223742 124310     1112.1796   803     1140.2375     1045.6422 53590196    8.30%
 223918 124732     1082.6694   925     1140.2375     1045.6725 53867616    8.29%
 224088 125067     1108.2079   948     1140.2375     1045.6916 54081294    8.29%
 224283 124603     1128.1723   844     1140.2375     1045.6938 53776016    8.29%
Elapsed time = 18176.44 sec. (2650938.69 ticks, tree = 23977.89 MB, solutions = 110)
Nodefile size = 21895.27 MB (14843.03 MB after compression)
 224464 125262     1098.6083   875     1140.2375     1045.7112 54206826    8.29%
 224681 125543        cutoff           1140.2375     1045.7177 54423163    8.29%
 224885 126118     1083.9597   978     1140.2375     1045.7329 54689799    8.29%
 225083 125022     1099.8218   914     1140.2375     1045.7584 54032380    8.29%
 225281 126344        cutoff           1140.2375     1045.7909 54818128    8.28%
 225440 125406     1083.9876   901     1140.2375     1045.8183 54312502    8.28%
 225639 125465     1091.7495   906     1140.2375     1045.8586 54344458    8.28%
Starting limited solution polishing.
 225816 127212     1118.8558   861     1140.2375     1045.8586 55272390    8.28%
 225967 126820     1067.8033   955     1140.2375     1045.9426 55095753    8.27%
 226142 125916     1139.9803   870     1140.2375     1045.9608 54592986    8.27%
Elapsed time = 18446.35 sec. (2689385.16 ticks, tree = 24081.50 MB, solutions = 110)
Nodefile size = 22001.03 MB (14910.29 MB after compression)
 226312 126279     1102.7270   939     1140.2375     1045.9976 54772228    8.26%
 226485 126935        cutoff           1140.2375     1045.9976 55159663    8.26%
 226637 127381     1126.3223   700     1140.2375     1046.0120 55376131    8.26%
 226796 126566     1126.5821   879     1140.2375     1046.0531 54960977    8.26%
 226958 126218     1084.2422   949     1140.2375     1046.0531 54749199    8.26%
*227068+127067                         1139.9672     1046.0963             8.23%
*227109+127067                         1139.7517     1046.0979             8.22%
 227163 127654     1101.9584   872     1139.7517     1046.1344 55529866    8.21%
 227373 127312     1097.9660   913     1139.7517     1046.1914 55326381    8.21%
 227573 127739     1131.4721   647     1139.7517     1046.1937 55908848    8.21%
 227735 127243     1096.9713   855     1139.7517     1046.2391 55298851    8.20%
 227902 127416    infeasible           1139.7517     1046.2535 55393906    8.20%
Elapsed time = 18742.25 sec. (2727792.26 ticks, tree = 24452.37 MB, solutions = 112)
Nodefile size = 22368.33 MB (15161.28 MB after compression)
 228063 127920     1121.4330   875     1139.7517     1046.2721 55688978    8.20%
*228268+127772                         1139.5061     1046.3114             8.18%
 228272 128101     1126.9543   781     1139.5061     1046.3114 55783002    8.18%
 228432 128400     1120.8342   878     1139.5061     1046.3613 56476298    8.17%
*228514+128429                         1139.4922     1046.3715             8.17%
 228584 127978     1124.6894   884     1139.4922     1046.3715 56062696    8.17%
 228734 128190     1113.9578   705     1139.4922     1046.3715 55815089    8.17%
 228895 128003     1109.4665   892     1139.4922     1046.3790 55733550    8.17%
 229047 128029     1124.2629   853     1139.4922     1046.3935 56097516    8.17%
 229219 128565     1128.2389   747     1139.4922     1046.3985 56548096    8.17%
 229372 128653     1131.6884   810     1139.4922     1046.4991 56421199    8.16%
 229545 128480     1133.7380   732     1139.4922     1046.5006 56336360    8.16%
Elapsed time = 19018.77 sec. (2766398.01 ticks, tree = 24747.25 MB, solutions = 116)
Nodefile size = 22668.59 MB (15368.23 MB after compression)
 229646 129391     1081.4383   944     1139.4922     1046.5105 57004277    8.16%
 229773 128887        cutoff           1139.4922     1046.5370 56756859    8.16%
 229916 128870     1135.3815   948     1139.4922     1046.5807 56736402    8.15%
 230090 129560     1115.7990   947     1139.4922     1046.5807 57123134    8.15%
 230260 129629     1107.3283   812     1139.4922     1046.5807 57168354    8.15%
 230401 129796     1116.7916   810     1139.4922     1046.5807 57267850    8.15%
 230569 129675     1122.0997   724     1139.4922     1046.6792 57199240    8.15%
 230717 129897     1110.4276   970     1139.4922     1046.6792 57353364    8.15%
 230891 129871     1104.6122   866     1139.4922     1046.7761 57332134    8.14%
 231043 129787     1101.3801   903     1139.4922     1046.7761 57255315    8.14%
Elapsed time = 19294.94 sec. (2804645.97 ticks, tree = 25096.71 MB, solutions = 117)
Nodefile size = 23025.30 MB (15614.83 MB after compression)
 231236 129718     1076.8242   850     1139.4922     1046.7898 57230524    8.14%
 231386 130136     1136.0373   816     1139.4922     1046.8864 57484806    8.13%
 231567 129668     1077.9851   879     1139.4922     1046.9404 57187893    8.12%
 231739 129799     1081.1354   914     1139.4922     1046.9560 57265439    8.12%
 231878 130668     1097.2372   930     1139.4922     1046.9930 57836025    8.12%
 232015 130886     1116.3661   907     1139.4922     1046.9930 57928875    8.12%
 232167 130591     1103.3284   826     1139.4922     1047.0141 57783971    8.12%
 232313 130165     1104.7083   901     1139.4922     1047.0189 57501341    8.12%
 232454 130170     1121.3702   911     1139.4922     1047.0260 57503669    8.11%
 232608 131136        cutoff           1139.4922     1047.0469 58087220    8.11%
Elapsed time = 19595.23 sec. (2843110.70 ticks, tree = 25435.67 MB, solutions = 117)
Nodefile size = 23364.88 MB (15847.67 MB after compression)
 232724 130908     1103.0876   800     1139.4922     1047.0469 57941898    8.11%
 232822 130848     1134.1695   866     1139.4922     1047.0766 57911606    8.11%
 232933 131183     1106.9841   848     1139.4922     1047.1357 58119129    8.11%
 233080 130602     1075.2672   963     1139.4922     1047.1944 57801214    8.10%
 233272 131590     1121.0667   870     1139.4922     1047.2341 58375556    8.10%
 233460 131430     1063.6586  1004     1139.4922     1047.2925 58251769    8.09%
 233658 132195     1134.8754   941     1139.4922     1047.2925 58751857    8.09%
 233810 131344     1100.2905   934     1139.4922     1047.3119 58194714    8.09%
 233970 132341        cutoff           1139.4922     1047.3152 58870259    8.09%
 234132 131366     1133.0570   857     1139.4922     1047.3214 58199290    8.09%
Elapsed time = 19831.56 sec. (2881419.88 ticks, tree = 25450.35 MB, solutions = 117)
Nodefile size = 23376.98 MB (15855.54 MB after compression)
*234259+131167                         1139.4830     1047.3214             8.09%
 234296 131923     1135.8751   688     1139.4830     1047.3425 58573451    8.09%
 234420 131487     1128.6846   914     1139.4830     1047.3481 58289849    8.09%
*234525+132742                         1139.0805     1047.4005             8.05%
 234563 132047     1116.4045   784     1139.0805     1047.4005 58639576    8.05%
 234753 132415     1075.5787   827     1139.0805     1047.4440 59295942    8.04%
 234939 131893     1138.7392   903     1139.0805     1047.4440 58555601    8.04%
 235102 132546     1128.7841   877     1139.0805     1047.4558 59349909    8.04%
 235273 132883     1122.5114   896     1139.0805     1047.4558 59536438    8.04%
 235440 132403     1087.3135   847     1139.0805     1047.5654 59248092    8.03%
 235656 132836     1103.3974   896     1139.0805     1047.5731 59516717    8.03%
 235834 133278     1110.9531   820     1139.0805     1047.5731 59770685    8.03%
Elapsed time = 20137.42 sec. (2919792.59 ticks, tree = 25562.85 MB, solutions = 119)
Nodefile size = 23488.13 MB (15926.59 MB after compression)
 235994 133373     1122.2487   908     1139.0805     1047.5808 59835193    8.03%
 236136 132463     1095.7730   899     1139.0805     1047.6264 59316412    8.03%
 236303 133288     1128.6732   836     1139.0805     1047.6264 59774247    8.03%
 236476 133644        cutoff           1139.0805     1047.6557 59988150    8.03%
 236627 133309     1104.2786   974     1139.0805     1047.6557 59797643    8.03%
 236811 132509     1123.9524   715     1139.0805     1047.6667 59350649    8.03%
 236976 133736     1120.2679   807     1139.0805     1047.6736 60056153    8.02%
 237114 133401     1098.1088   861     1139.0805     1047.6795 59853540    8.02%
 237275 133164     1136.6942   900     1139.0805     1047.7504 59704494    8.02%
 237472 133808     1087.6211   972     1139.0805     1047.7758 60084766    8.02%
Elapsed time = 20435.72 sec. (2958150.28 ticks, tree = 25689.59 MB, solutions = 119)
Nodefile size = 23612.57 MB (16011.41 MB after compression)
 237594 133343     1069.3078   864     1139.0805     1047.7758 59836333    8.02%
 237712 134262     1107.9609   789     1139.0805     1047.7758 60364773    8.02%
 237795 134106     1108.2385   865     1139.0805     1047.7758 60252522    8.02%
 237832 133629     1126.8847   859     1139.0805     1047.7758 59983571    8.02%
 237851 134041     1111.2789   827     1139.0805     1047.7758 60228815    8.02%
 237863 133876        cutoff           1139.0805     1047.7758 60137335    8.02%

GUB cover cuts applied:  26
Clique cuts applied:  13
Cover cuts applied:  53
Implied bound cuts applied:  291
Flow cuts applied:  716
Mixed integer rounding cuts applied:  1206
Zero-half cuts applied:  17
Lift and project cuts applied:  72
Gomory fractional cuts applied:  29

Root node processing (before b&c):
  Real time             =   49.23 sec. (17186.12 ticks)
Parallel b&c, 32 threads:
  Real time             = 20386.61 sec. (2966086.10 ticks)
  Sync time (average)   = 7153.35 sec.
  Wait time (average)   =    0.54 sec.
                          ------------
Total (root+branch&cut) = 20435.84 sec. (2983272.22 ticks)
Number of arguments: 7

File path: ../Data/Demo/100/C101.txt
Capacity of FEV: 600
Capacity of SEV: 50
Execution time limit: 340
Case: r

PI array:[0, 1, 1, 1, 1, 1, 1, 0, 1, 0, 1, 0, 1, 1, 0, 1, 1, 0, 0, 0, 1, 0, 1, 0]
Number of customers: 100
./Result/C101/C101-Q50-r
Feasible solution found within the time limit!
Total execution time: 20438.425476356 seconds
Total distance traveled: 1139.0804669742417
File name: C101-Q50-r
Number of customers: 100
Capacity of FEV: 10000
Capacity of Microhub: 600
Capacity of SEV: 50
Number of parkings: 24
Number of microhubs: 14
Number of robots/MM: 10
Parking generation rule: r
==========================================================================
