Version identifier: 22.1.1.0 | 2022-11-28 | 9160aff4d
CPXPARAM_TimeLimit                               20400
Tried aggregator 1 time.
MIP Presolve eliminated 1689 rows and 1426 columns.
MIP Presolve modified 11991 coefficients.
Reduced MIP has 26681 rows, 28396 columns, and 122180 nonzeros.
Reduced MIP has 14356 binaries, 14040 generals, 0 SOSs, and 0 indicators.
Presolve time = 0.13 sec. (79.78 ticks)
Probing time = 5.73 sec. (43.18 ticks)
Cover probing fixed 0 vars, tightened 16 bounds.
Tried aggregator 1 time.
Detecting symmetries...
MIP Presolve eliminated 476 rows and 476 columns.
MIP Presolve modified 2 coefficients.
Reduced MIP has 26205 rows, 27920 columns, and 120554 nonzeros.
Reduced MIP has 14354 binaries, 13566 generals, 0 SOSs, and 0 indicators.
Presolve time = 0.20 sec. (105.51 ticks)
Probing time = 7.22 sec. (18.54 ticks)
Cover probing fixed 0 vars, tightened 13 bounds.
Clique table members: 20021.
MIP emphasis: balance optimality and feasibility.
MIP search method: dynamic search.
Parallel mode: deterministic, using up to 32 threads.
Root relaxation solution time = 3.41 sec. (607.54 ticks)

        Nodes                                         Cuts/
   Node  Left     Objective  IInf  Best Integer    Best Bound    ItCnt     Gap

      0     0      743.9313   372                    743.9313       18         
      0     0      777.2725   476                   Cuts: 378     2091         
      0     0      791.2107   616                   Cuts: 240     3414         
      0     0      796.3315   619                   Cuts: 183     4382         
      0     0      799.2890   586                   Cuts: 129     4997         
      0     0      800.7355   620                    Cuts: 91     5394         
Detecting symmetries...
      0     0      802.1460   627                    Cuts: 83     5755         
      0     0      803.0482   648                    Cuts: 68     6077         
      0     0      803.5699   669                    Cuts: 64     6287         
      0     0      805.6128   634                    Cuts: 46     6476         
      0     0      805.6994   641                    Cuts: 25     6548         
      0     0      805.8318   642                    Cuts: 15     6619         
      0     0      806.0919   645                    Cuts: 18     6747         
      0     0      806.1333   636                    Cuts: 20     6797         
      0     0      806.3268   633                    Cuts: 18     6822         
      0     0      806.4675   618                    Cuts: 10     6893         
      0     0      806.5211   599                    Cuts: 14     6920         
      0     0      806.6017   614                     Cuts: 9     6978         
Detecting symmetries...
      0     2      806.6017   614                    806.6017     6978         
Elapsed time = 47.07 sec. (19163.94 ticks, tree = 0.02 MB, solutions = 0)
      6     8      807.0912   573                    806.6315     7413         
     14     5      807.4942   586                    806.6315     7362         
     22     6      815.4519   617                    807.1453     7960         
     43    41      832.2148   599                    807.2607    14709         
     70    37      817.1633   568                    808.0064    13949         
    103    58      817.1501   595                    808.0064    20991         
    120    94      818.8264   579                    809.1740    34067         
    134    35      816.1771   571                    809.1740    13548         
    143    84      866.2063   569                    809.1740    29973         
    163   133      852.6495   592                    809.1740    73496         
Elapsed time = 66.19 sec. (22400.73 ticks, tree = 0.93 MB, solutions = 0)
    202   157      850.1939   535                    809.1740   124846         
    287   229      844.5315   565                    809.1740   244735         
    401   322      880.6573   514                    809.1740   269932         
    545   400      923.2710   505                    809.1740   300540         
    685   542      913.3649   495                    809.1740   335634         
    803   696    infeasible                          809.1740   383137         
    878   730     1044.1295   480                    809.1740   401118         
    979   806      995.5114   374                    809.1740   430685         
   1167   968     1002.6766   429                    809.1740   491530         
   1361   982     1012.6167   358                    809.1740   492573         
Elapsed time = 109.06 sec. (32016.07 ticks, tree = 61.61 MB, solutions = 0)
   1577  1260      922.6939   494                    809.1740   550670         
   1860  1313     1115.0679   371                    809.1740   561197         
   2097  1507      900.7659   521                    809.1740   599535         
   2348  2009     1086.0034   345                    809.1740   687383         
   2710  1978      933.2372   481                    809.1740   683163         
   3028  2138     1080.6881   413                    809.1740   707394         
   3427  2577     1162.0757   265                    809.1740   773256         
   3794  2807     1154.2959   241                    809.1740   810271         
   4222  2907      975.8450   401                    809.1740   825180         
   4665  3575     1336.3457   253                    809.1740   915515         
Elapsed time = 152.11 sec. (41585.03 ticks, tree = 603.34 MB, solutions = 0)
   5122  3649     1204.6000   398                    809.1740   928095         
   5696  4497     1152.7470   252                    809.1740  1042140         
   6255  4727     1532.6003   110                    809.1740  1064899         
   6910  5242     1277.3058   116                    809.1740  1116491         
   7731  5550    infeasible                          809.1740  1155392         
   8606  5968     1373.5739    24                    809.1740  1207593         
   9558  6670     1473.5900   140                    809.1740  1266056         
  10524  7148     1132.5196   274                    809.1740  1307393         
  11468  8130     1205.4715   340                    809.1740  1384724         
  12165  9274     1342.5610   209                    809.1740  1452651         
Elapsed time = 194.56 sec. (51134.15 ticks, tree = 1924.24 MB, solutions = 0)
  12895  9406     1172.8313   238                    809.1740  1458337         
  13548  9679      834.7489   598                    809.8636  1489087         
  14298 10743     1408.2822   113                    809.8636  1569166         
  14996 11053     1221.3090   268                    809.8636  1584172         
  15697 11460     1610.3803    63                    809.8636  1619268         
  16369 12240     1095.0556   353                    809.8636  1678663         
  16877 12650     1784.6381   200                    809.8636  1718366         
  17361 13234     1280.8392    89                    809.8636  1776376         
  17881 13426     1287.0660   123                    809.8636  1797326         
  18314 13705     1604.3084    87                    809.8636  1825994         
Elapsed time = 241.74 sec. (60692.64 ticks, tree = 2953.07 MB, solutions = 0)
Nodefile size = 889.60 MB (594.18 MB after compression)
  18706 14183     1336.0877   115                    809.8636  1872189         
  19106 14664     1336.0877   116                    809.8636  1935588         
  19598 15035     1606.6625   188                    809.8636  1988003         
  19993 15386     1805.3057   223                    809.8636  2030334         
  20469 15394     1616.9163    70                    809.8636  2020763         
  20858 15944     1055.8677   309                    809.8636  2104024         
  21251 16106     1129.5992   357                    810.6267  2126135         
  21603 16671     1725.9109    92                    810.6267  2182842         
  21965 16983     1684.5284   161                    810.6267  2223051         
  22388 17183     1148.1942   378                    814.1621  2248498         
Elapsed time = 285.00 sec. (70261.95 ticks, tree = 3750.07 MB, solutions = 0)
Nodefile size = 1694.45 MB (1128.22 MB after compression)
  22883 17614     1338.1934   160                    814.1621  2301598         
  23312 17805    infeasible                          814.1621  2336404         
  23851 17729      857.0106   516                    814.1621  2328738         
  24336 18732     1616.9163   102                    814.1621  2423679         
  24854 18921     1767.4737   361                    814.1621  2447229         
  25452 19683     1061.5328   400                    814.1621  2500942         
  26017 19729     1101.9978   412                    814.1621  2501382         
  26198 19770     1892.5149   394                    814.1621  2511573         
  26279 20433     1750.0358    63                    814.1621  2562016         
  26361 20584      842.3995   586                    814.1621  2571744         
Elapsed time = 335.11 sec. (79841.31 ticks, tree = 4533.43 MB, solutions = 0)
Nodefile size = 2476.88 MB (1658.73 MB after compression)
  26457 20794     1594.0681   240                    814.1621  2612070         
  26723 20780     1133.4808   322                    814.1621  2606739         
  27175 20806      841.1266   536                    814.1621  2620377         
  27626 21101     1303.5642   207                    814.1621  2665442         
  28041 21155     1467.9575   125                    814.1621  2677636         
  28423 21620     1468.9444   144                    814.1621  2750231         
  28784 21975      898.8590   538                    814.1621  2805416         
  29162 22161     1469.2462   221                    814.1621  2828957         
  29591 22465     1435.9252   461                    814.1621  2881699         
  29990 22707      843.9562   553                    814.1621  2908435         
Elapsed time = 381.48 sec. (89388.77 ticks, tree = 5004.83 MB, solutions = 0)
Nodefile size = 2948.10 MB (1975.29 MB after compression)
  30449 22932     1249.9665   373                    814.1621  2935671         
  30942 23089     1506.3541   448                    814.1621  2968662         
  31368 23191     1498.8302   213                    814.1621  2975072         
  31860 23423      978.9954   452                    814.1621  3005355         
  32392 23984    infeasible                          814.1621  3067078         
  32827 24207     1004.3208   465                    814.1621  3101292         
  33317 24908     1452.9680   254                    814.1621  3172887         
  33771 24824     1714.2755   160                    814.1621  3156061         
  34256 25360     1613.4082   329                    814.3831  3223169         
  34679 25176      997.7612   498                    814.3831  3214720         
Elapsed time = 428.47 sec. (98935.71 ticks, tree = 5570.27 MB, solutions = 0)
Nodefile size = 3514.32 MB (2359.00 MB after compression)
  35047 26403     1253.1190   391                    814.3831  3325268         
  35520 26375     1566.2129   169                    814.3831  3325200         
  35896 27287     1102.5742   424                    814.3831  3423925         
  36359 27705     1017.0481   461                    814.3831  3450582         
  36756 27884      976.7805   525                    814.3831  3472342         
  37164 28466     1075.2012   458                    814.3831  3536777         
  37660 28195     1362.7312   484                    814.3831  3519672         
  38131 28575     1077.5624   444                    814.3831  3537230         
  38695 29530      838.6576   532                    814.3831  3632341         
  40679 30401     1747.8248   368                    814.3831  3702538         
Elapsed time = 489.23 sec. (111360.41 ticks, tree = 6763.42 MB, solutions = 0)
Nodefile size = 4680.89 MB (3152.55 MB after compression)
  42412 31911      850.2097   518                    814.3831  3832846         
* 43176+32974                         2091.9844      814.3831            61.07%
  43996 33381      900.4798   433     2091.9844      814.3831  4004333   61.07%
* 44362+33901                         1764.6400      814.3831            53.85%
* 44362+33901                         1736.4599      814.3831            53.10%
* 44362+33901                         1734.1362      814.3831            53.04%
* 44362+33901                         1731.3963      814.3831            52.96%
  44362 33903     1502.9313   475     1731.3963      814.3831  4057765   52.96%

Performing restart 1

Repeating presolve.
Tried aggregator 1 time.
MIP Presolve eliminated 11 rows and 128 columns.
MIP Presolve modified 262 coefficients.
Reduced MIP has 26194 rows, 27792 columns, and 120165 nonzeros.
Reduced MIP has 14237 binaries, 13555 generals, 0 SOSs, and 0 indicators.
Presolve time = 0.11 sec. (55.18 ticks)
Tried aggregator 1 time.
MIP Presolve eliminated 7 rows and 97 columns.
Reduced MIP has 26187 rows, 27695 columns, and 119881 nonzeros.
Reduced MIP has 14147 binaries, 13548 generals, 0 SOSs, and 0 indicators.
Presolve time = 0.15 sec. (76.07 ticks)
Represolve time = 11.78 sec. (305.15 ticks)
  44363     0      866.3080   659     1731.3963     Cuts: 565  4181291   49.96%
* 44363+    0                         1656.4528      866.3080            47.70%
  44363     0      895.7063   769     1656.4528     Cuts: 380  4183410   45.93%
  44363     0      909.2394   717     1656.4528    Cuts: 1085  4184562   45.11%
* 44363+    0                         1655.4200      909.2394            45.07%
* 44363+    0                         1655.3443      909.2394            45.07%
  44363     0      920.8209   781     1655.3443     Cuts: 258  4186344   44.37%
  44363     0      941.6602   768     1655.3443     Cuts: 339  4188394   43.11%
  44363     0      951.8795   866     1655.3443     Cuts: 337  4189424   42.50%
  44363     0      972.2846   807     1655.3443     Cuts: 268  4191401   41.26%
  44363     0      973.7461   826     1655.3443     Cuts: 293  4191921   41.18%
  44363     0      975.9852   857     1655.3443     Cuts: 415  4192743   41.04%
  44363     0      980.1040   853     1655.3443     Cuts: 202  4193397   40.79%
  44363     0      981.8255   834     1655.3443     Cuts: 192  4193941   40.69%
  44363     0      982.1500   868     1655.3443     Cuts: 137  4194174   40.67%
  44363     0      983.0753   856     1655.3443      Cuts: 86  4194534   40.61%
  44363     0      983.5384   850     1655.3443     Cuts: 152  4194857   40.58%
  44363     0      984.6775   831     1655.3443     Cuts: 136  4195317   40.52%
  44363     0      985.0332   861     1655.3443     Cuts: 354  4195755   40.49%
  44363     0      985.3426   869     1655.3443     Cuts: 154  4196056   40.48%
  44363     0      985.6185   854     1655.3443     Cuts: 112  4196224   40.46%
  44363     0      985.6603   883     1655.3443      Cuts: 78  4196335   40.46%
  44363     0      985.6946   879     1655.3443      Cuts: 57  4196433   40.45%
  44363     0      985.6966   879     1655.3443      Cuts: 15  4196449   40.45%
  44363     0      985.6966   879     1655.3443       Cuts: 7  4196451   40.45%
  44363     2      985.6980   874     1655.3443      985.6966  4196451   40.45%
  44364     3      989.1330   835     1655.3443      989.1961  4198083   40.24%
  44365     4      989.7424   752     1655.3443      989.7424  4199490   40.21%
  44366     3     1003.5795   759     1655.3443      989.7424  4199840   40.21%
  44369     5      990.6061   737     1655.3443      989.7424  4200343   40.21%
  44372     6     1007.2956   788     1655.3443      989.7424  4204984   40.21%
  44376    10     1008.7120   810     1655.3443      989.7583  4211866   40.21%
Elapsed time = 814.12 sec. (289831.42 ticks, tree = 0.03 MB, solutions = 8)
  44380    11      996.1078   862     1655.3443      990.6177  4215070   40.16%
  44388    17     1025.8087   810     1655.3443      993.4202  4232721   39.99%
  44399    20     1001.5120   897     1655.3443      993.4899  4244455   39.98%
  44408    32     1017.1193   821     1655.3443      996.1089  4349370   39.82%
* 44415+   25                         1375.1726      996.1089            27.56%
* 44415+   20                         1344.3668      996.1089            25.90%
  44417    41     1011.4129   841     1344.3668      996.2170  4439429   25.90%
* 44419+   23                         1211.7211     1000.1714            17.46%
* 44420+   23                         1209.5601     1000.1714            17.31%
* 44420+   23                         1207.7784     1000.1714            17.19%
* 44422+   28                         1129.4180     1000.1714            11.44%
  44429    53     1001.9021   861     1129.4180     1000.1714  4567082   11.44%
* 44433+   30                         1093.9475     1000.1714             8.57%
  44447    62     1024.5560   835     1093.9475     1000.1714  4628646    8.57%
  44472    55     1050.0705   736     1093.9475     1000.1714  4577335    8.57%
  44499    78     1022.2446   797     1093.9475     1000.9651  4726472    8.50%
  44529    91     1004.9004   905     1093.9475     1000.9651  4774336    8.50%
Elapsed time = 1067.27 sec. (332767.75 ticks, tree = 0.42 MB, solutions = 51)
  44561    97     1025.6367   842     1093.9475     1000.9651  4786521    8.50%
  44589   179     1048.8411   769     1093.9475     1000.9651  4903982    8.50%
  44633   198     1007.9748   850     1093.9475     1000.9651  4930324    8.50%
  44686   210     1015.7104   868     1093.9475     1000.9651  4950714    8.50%
  44747   235     1057.3358   810     1093.9475     1000.9651  4980934    8.50%
  44830   377     1027.2406   642     1093.9475     1000.9651  5082786    8.50%
  44997   395     1030.9148   851     1093.9475     1000.9651  5088288    8.50%
  45244   470     1047.1930   627     1093.9475     1000.9651  5108278    8.50%
  45670   659     1054.6499   849     1093.9475     1000.9651  5160801    8.50%
  46128   927     1093.2515   651     1093.9475     1000.9651  5214336    8.50%
Elapsed time = 1282.30 sec. (371300.17 ticks, tree = 82.39 MB, solutions = 51)
  46524  1120     1049.5434   595     1093.9475     1000.9651  5239873    8.50%
* 46545+  562                         1089.7667     1000.9651             8.15%
  46938  1887     1029.6477   841     1089.7667     1000.9651  5361771    8.15%
  47426  1906     1040.7811   783     1089.7667     1001.5291  5365112    8.10%
  47997  2164    infeasible           1089.7667     1002.7732  5421315    7.98%
  48444  2241     1032.2704   877     1089.7667     1002.7732  5429351    7.98%
  48922  3367     1057.0910   701     1089.7667     1002.7732  5615481    7.98%
  49434  3410     1074.2601   653     1089.7667     1002.7732  5617728    7.98%
  49866  4041     1065.0090   691     1089.7667     1002.7732  5789972    7.98%
  50400  4307     1069.1472   681     1089.7667     1002.7732  5834088    7.98%
  50976  4830     1084.0772   691     1089.7667     1002.7732  5940237    7.98%
Elapsed time = 1493.08 sec. (409503.54 ticks, tree = 646.00 MB, solutions = 57)
  51539  4758     1058.7128   769     1089.7667     1002.7732  5918168    7.98%
  52114  6006     1067.7649   760     1089.7667     1013.4354  6139567    7.00%
  52600  6231     1058.7646   811     1089.7667     1013.4354  6189428    7.00%
  53066  6912     1047.3338   737     1089.7667     1015.6031  6313284    6.81%
  53603  7214     1040.5760   746     1089.7667     1017.6670  6370869    6.62%
  54105  7416        cutoff           1089.7667     1018.1252  6413661    6.57%
  54650  8640     1078.1051   649     1089.7667     1018.9854  6644245    6.50%
  55156  8882     1039.3083   803     1089.7667     1019.1427  6695020    6.48%
  55593  9063     1050.4470   637     1089.7667     1019.1427  6722036    6.48%
  56042  9593     1057.4055   630     1089.7667     1019.6733  6849568    6.43%
Elapsed time = 1714.46 sec. (447728.03 ticks, tree = 1655.11 MB, solutions = 57)
  56708 10201     1060.7137   578     1089.7667     1020.3073  7001376    6.37%
  57299 10756     1053.4508   796     1089.7667     1020.3073  7085080    6.37%
  57829 10995     1046.6782   798     1089.7667     1020.4370  7117213    6.36%
  58352 11947     1075.7797   620     1089.7667     1021.6201  7278904    6.25%
  58851 11989     1070.9825   667     1089.7667     1021.6201  7288032    6.25%
  59459 12215     1072.9017   673     1089.7667     1021.7741  7333071    6.24%
  60100 12991     1083.1830   609     1089.7667     1021.7741  7461585    6.24%
  60660 12999     1049.6587   790     1089.7667     1021.7741  7463461    6.24%
  61247 14210     1041.9964   806     1089.7667     1021.7741  7671271    6.24%
  61855 14330     1052.9898   778     1089.7667     1022.3439  7694947    6.19%
Elapsed time = 1945.69 sec. (485933.62 ticks, tree = 2574.40 MB, solutions = 57)
Nodefile size = 520.82 MB (336.88 MB after compression)
  62473 15433     1041.3605   829     1089.7667     1023.1318  7885031    6.11%
  62948 15509     1045.9212   755     1089.7667     1023.2906  7900629    6.10%
  63567 16109     1070.0304   795     1089.7667     1023.4106  8024601    6.09%
  64209 16786     1054.1804   529     1089.7667     1023.4795  8143993    6.08%
  64749 17044     1046.1289   841     1089.7667     1023.7732  8197841    6.06%
  65364 17871     1052.5366   793     1089.7667     1023.7732  8341360    6.06%
  65949 17783        cutoff           1089.7667     1023.9732  8327491    6.04%
  66560 18718     1044.5240   700     1089.7667     1024.4876  8500811    5.99%
  67096 19660     1069.5053   741     1089.7667     1024.6984  8655305    5.97%
  67641 19159     1079.4639   629     1089.7667     1024.6984  8564749    5.97%
Elapsed time = 2178.77 sec. (524157.00 ticks, tree = 3326.18 MB, solutions = 57)
Nodefile size = 1270.76 MB (831.30 MB after compression)
  68035 19943     1073.1519   483     1089.7667     1024.6984  8699479    5.97%
  68578 20916     1039.8857   715     1089.7667     1024.6984  8923539    5.97%
  69116 21061     1068.4409   618     1089.7667     1024.6984  8960349    5.97%
  69667 21567     1078.4571   768     1089.7667     1024.7191  9057686    5.97%
  70218 21718     1075.1571   512     1089.7667     1025.2760  9076953    5.92%
  70873 22334     1051.1984   796     1089.7667     1025.5663  9202837    5.89%
  71437 22907     1051.3475   813     1089.7667     1025.6221  9301266    5.89%
  72171 23419     1064.8537   620     1089.7667     1025.6221  9394186    5.89%
  72873 24290        cutoff           1089.7667     1025.8704  9543075    5.86%
  73508 24150     1081.3069   654     1089.7667     1025.9067  9520680    5.86%
Elapsed time = 2407.90 sec. (562352.61 ticks, tree = 4219.59 MB, solutions = 57)
Nodefile size = 2157.79 MB (1421.05 MB after compression)
  74114 25407     1054.5804   666     1089.7667     1025.9067  9704264    5.86%
  74624 25344     1057.9319   740     1089.7667     1026.0350  9696632    5.85%
  75093 26529     1053.5201   707     1089.7667     1026.0350  9900956    5.85%
  75580 26950     1072.6267   680     1089.7667     1026.1137  9988128    5.84%
  76078 27140     1074.3973   752     1089.7667     1026.4716 10020387    5.81%
  76615 27377     1058.7114   802     1089.7667     1026.5370 10069850    5.80%
  77254 27603     1037.4203   875     1089.7667     1026.6222 10124274    5.79%
* 77632+28222                         1084.2566     1026.6222             5.32%
* 77720+28222                         1081.0873     1026.6222             5.04%
  77811 28266     1044.6788   774     1081.0873     1026.6222 10254908    5.04%
  78473 28850     1084.7800   349     1081.0873     1026.7598 10336501    5.03%
  79026 26848     1055.8044   793     1081.0873     1026.7598 10417612    5.03%
Elapsed time = 2624.83 sec. (600545.21 ticks, tree = 4560.26 MB, solutions = 59)
Nodefile size = 2499.74 MB (1653.82 MB after compression)
* 79578+27186                         1080.9711     1027.1750             4.98%
* 79645+27186                         1080.9066     1027.1750             4.97%
  79664 27009     1044.5276   763     1080.9066     1027.1750 10443252    4.97%
  80201 27825     1044.3932   790     1080.9066     1027.1750 10600916    4.97%
  80762 28639     1060.0030   741     1080.9066     1027.3006 10749076    4.96%
  81321 28259     1062.8033   821     1080.9066     1027.3727 10685163    4.95%
* 81774+29103                         1080.9054     1027.3727             4.95%
  81909 29721     1031.4490   773     1080.9054     1027.3727 10949234    4.95%
  82390 30218     1066.0654   476     1080.9054     1027.5663 11049723    4.93%
  82848 30019     1069.8906   558     1080.9054     1027.5672 11006758    4.93%
  83266 30912     1057.1221   734     1080.9054     1027.5672 11230728    4.93%
  83889 31162     1048.9830   817     1080.9054     1027.6387 11283487    4.93%
  84497 31436     1037.3939   799     1080.9054     1027.8650 11324725    4.91%
Elapsed time = 2853.85 sec. (638722.91 ticks, tree = 5304.81 MB, solutions = 62)
Nodefile size = 3243.29 MB (2144.82 MB after compression)
  85148 32084     1071.4890   602     1080.9054     1027.9896 11449589    4.90%
  85838 32160        cutoff           1080.9054     1027.9896 11459491    4.90%
  86440 32882     1054.2486   737     1080.9054     1028.1268 11568266    4.88%
  87003 33298     1047.7094   758     1080.9054     1028.1880 11649910    4.88%
  87674 33794     1053.6115   699     1080.9054     1028.4674 11748054    4.85%
  88407 34906     1068.4656   525     1080.9054     1028.4674 11933785    4.85%
  88978 35279     1048.1437   803     1080.9054     1028.7049 12018240    4.83%
  89643 36495     1055.1029   760     1080.9054     1028.8785 12203147    4.81%
  90273 36429     1074.4106   522     1080.9054     1028.8785 12200333    4.81%
  90830 36851        cutoff           1080.9054     1028.8785 12291726    4.81%
Elapsed time = 3080.80 sec. (676954.83 ticks, tree = 6558.29 MB, solutions = 62)
Nodefile size = 4498.55 MB (2978.20 MB after compression)
  91421 36770     1080.7192   600     1080.9054     1029.2033 12271221    4.78%
  91961 37181     1076.8318   657     1080.9054     1029.2473 12361631    4.78%
  92463 38022     1040.3631   830     1080.9054     1029.2504 12505816    4.78%
  93115 39261        cutoff           1080.9054     1029.2504 12759630    4.78%
  93686 39590     1078.1295   600     1080.9054     1029.2504 12854623    4.78%
  94273 39791     1063.3880   470     1080.9054     1029.3265 12892419    4.77%
  94903 40207     1074.8553   735     1080.9054     1029.3688 12956595    4.77%
  95545 40071     1062.1033   491     1080.9054     1029.5119 12928897    4.75%
  96067 40995     1066.7305   757     1080.9054     1029.5119 13104114    4.75%
  96373 41035     1043.1506   746     1080.9054     1029.5119 13113222    4.75%
Elapsed time = 3311.86 sec. (715165.19 ticks, tree = 7229.26 MB, solutions = 62)
Nodefile size = 5164.44 MB (3416.48 MB after compression)
  96698 42676     1070.5918   764     1080.9054     1029.5119 13407495    4.75%
* 96780+41311                         1080.8769     1029.5119             4.75%
* 96791+41311                         1080.6962     1029.5119             4.74%
  97049 42222     1078.2683   661     1080.6962     1029.5119 13315367    4.74%
  97312 42701     1041.2466   770     1080.6962     1029.5119 13413803    4.74%
  97563 43063     1051.7123   763     1080.6962     1029.5119 13463599    4.74%
  97951 43304        cutoff           1080.6962     1029.5119 13534787    4.74%
  98350 43286     1066.9708   748     1080.6962     1029.5119 13511799    4.74%
  98787 43975     1041.1728   849     1080.6962     1029.5119 13683000    4.74%
  99382 43971     1079.6378   431     1080.6962     1029.5119 13677059    4.74%
  99945 43997     1041.1768   758     1080.6962     1030.1796 13688773    4.67%
 100454 44482     1049.1290   788     1080.6962     1030.3189 13779176    4.66%
Elapsed time = 3517.78 sec. (753486.68 ticks, tree = 8062.00 MB, solutions = 66)
Nodefile size = 6004.89 MB (3974.43 MB after compression)
 100942 45685     1040.4814   822     1080.6962     1030.3691 14004770    4.66%
 101413 45990     1060.5940   679     1080.6962     1030.4401 14087148    4.65%
 101908 46575     1077.1492   639     1080.6962     1030.5154 14232244    4.64%
 102464 46915     1056.9258   795     1080.6962     1030.5240 14326316    4.64%
 102988 46614     1044.8077   795     1080.6962     1030.5240 14247087    4.64%
 103559 47504     1039.8277   780     1080.6962     1030.5886 14454487    4.64%
 104096 47610     1073.1819   637     1080.6962     1030.5886 14474529    4.64%
 104627 48591     1058.8656   769     1080.6962     1030.8163 14674285    4.62%
 105233 48399     1047.5144   841     1080.6962     1030.8172 14629772    4.62%
 105789 48427     1080.0419   692     1080.6962     1030.8172 14633306    4.62%
Elapsed time = 3733.81 sec. (791682.26 ticks, tree = 8702.14 MB, solutions = 66)
Nodefile size = 6630.56 MB (4385.04 MB after compression)
 106280 49138     1037.0003   766     1080.6962     1030.8172 14761624    4.62%
 106757 49465     1045.5330   815     1080.6962     1030.8501 14812487    4.61%
*106978+48616                         1079.6719     1030.8501             4.52%
 107319 50965     1080.2834   460     1079.6719     1030.8501 15095037    4.52%
 107862 50402     1054.0856   768     1079.6719     1031.0117 15004123    4.51%
 108537 51381     1039.8939   843     1079.6719     1031.0764 15279584    4.50%
 108997 51133     1066.0577   685     1079.6719     1031.1865 15121731    4.49%
 109580 51610     1067.3331   685     1079.6719     1031.1865 15323821    4.49%
 110058 52286     1053.2984   799     1079.6719     1031.3359 15447361    4.48%
 110594 52324     1076.4608   604     1079.6719     1031.4074 15461953    4.47%
 111136 52695     1032.6999   851     1079.6719     1031.4434 15533673    4.47%
Elapsed time = 3944.51 sec. (829861.19 ticks, tree = 9596.91 MB, solutions = 67)
Nodefile size = 7514.83 MB (4972.28 MB after compression)
 111665 53463     1039.1702   710     1079.6719     1031.4660 15726229    4.46%
 112274 53265        cutoff           1079.6719     1031.4660 15698106    4.46%
 112953 53799     1071.2204   470     1079.6719     1031.4660 15817439    4.46%
 113618 54795     1033.7834   835     1079.6719     1031.5852 16010377    4.45%
 114195 55060     1062.3391   688     1079.6719     1031.5852 16052495    4.45%
 114735 55219     1058.2900   862     1079.6719     1031.5852 16092706    4.45%
 115271 55913     1053.8686   701     1079.6719     1031.7091 16191640    4.44%
 115846 56426     1076.5332   334     1079.6719     1031.7091 16271363    4.44%
 116405 58130        cutoff           1079.6719     1031.7844 16583165    4.44%
 117038 58443     1051.0310   774     1079.6719     1031.7844 16642877    4.44%
Elapsed time = 4174.02 sec. (868080.61 ticks, tree = 10685.62 MB, solutions = 67)
Nodefile size = 8623.63 MB (5699.80 MB after compression)
 117688 58407     1042.5529   801     1079.6719     1031.7844 16635375    4.44%
 118312 59250        cutoff           1079.6719     1031.9006 16777570    4.42%
 118803 59929     1061.6776   812     1079.6719     1031.9006 16916524    4.42%
 119339 59350     1041.3189   730     1079.6719     1031.9006 16805562    4.42%
 119893 59391     1057.9368   758     1079.6719     1032.0649 16818846    4.41%
 120338 60606     1060.9828   514     1079.6719     1032.0775 17051393    4.41%
 120829 60556     1034.2790   767     1079.6719     1032.2189 17044948    4.40%
 121439 62012     1053.5108   662     1079.6719     1032.2266 17409747    4.39%
 122085 61617     1039.7347   678     1079.6719     1032.2266 17309347    4.39%
 122636 61555     1061.3672   713     1079.6719     1032.2278 17301328    4.39%
Elapsed time = 4391.21 sec. (906294.93 ticks, tree = 11226.94 MB, solutions = 67)
Nodefile size = 9158.52 MB (6048.84 MB after compression)
 123205 63389     1068.9293   573     1079.6719     1032.2278 17680181    4.39%
 123888 63368     1037.8556   738     1079.6719     1032.2411 17671333    4.39%
 124646 64003     1067.4039   651     1079.6719     1032.4571 17792429    4.37%
 125392 65012     1055.1344   736     1079.6719     1032.5020 17991308    4.37%
 126012 65065     1078.4857   682     1079.6719     1032.5020 18006056    4.37%
 126686 64200     1071.4633   748     1079.6719     1032.5020 17845282    4.37%
 127480 64630     1060.5339   452     1079.6719     1032.5020 17923308    4.37%
 128144 66555     1077.7364   656     1079.6719     1032.6452 18246537    4.36%
 128770 66196     1049.3607   757     1079.6719     1032.6452 18196782    4.36%
 129371 67109     1076.3052   620     1079.6719     1032.6452 18322453    4.36%
Elapsed time = 4614.21 sec. (944489.17 ticks, tree = 12338.07 MB, solutions = 67)
Nodefile size = 10265.50 MB (6772.63 MB after compression)
 129959 68012     1047.4736   655     1079.6719     1032.6452 18502716    4.36%
 130523 69415     1059.4546   633     1079.6719     1032.8685 18723761    4.33%
 131064 68586     1049.7690   728     1079.6719     1032.9167 18589196    4.33%
 131618 69152     1053.7048   752     1079.6719     1032.9333 18670520    4.33%
 132080 69524     1037.3170   754     1079.6719     1032.9767 18753301    4.32%
 132670 70679     1048.6102   768     1079.6719     1033.0041 19000574    4.32%
 133166 70906     1043.2311   854     1079.6719     1033.0814 19052854    4.32%
 133632 70772     1071.9806   589     1079.6719     1033.1225 19018713    4.31%
 134112 71951     1065.4144   690     1079.6719     1033.1517 19288105    4.31%
 134584 71865     1047.0148   693     1079.6719     1033.2387 19267081    4.30%
Elapsed time = 4823.29 sec. (982724.00 ticks, tree = 13359.68 MB, solutions = 67)
Nodefile size = 11298.17 MB (7451.82 MB after compression)
 135208 72483     1058.5282   711     1079.6719     1033.2821 19402541    4.30%
 135811 72824     1063.7267   755     1079.6719     1033.3045 19496891    4.29%
 136276 72719     1064.1185   709     1079.6719     1033.3485 19460744    4.29%
 136669 74112     1069.4215   686     1079.6719     1033.3764 19817128    4.29%
 137135 75098     1062.4154   644     1079.6719     1033.4200 19997063    4.28%
 137665 73628     1058.1260   726     1079.6719     1033.4455 19715099    4.28%
 138192 75367     1073.1477   690     1079.6719     1033.4653 20060809    4.28%
 138736 74450     1068.5601   616     1079.6719     1033.4653 19885851    4.28%
 139300 75037     1079.3391   566     1079.6719     1033.5157 19986794    4.28%
 139844 76707     1068.8142   542     1079.6719     1033.5629 20311127    4.27%
Elapsed time = 5049.54 sec. (1020917.12 ticks, tree = 14131.45 MB, solutions = 67)
Nodefile size = 12064.71 MB (7946.92 MB after compression)
 140380 77260     1054.0093   836     1079.6719     1033.5924 20410966    4.27%
 140961 76209     1059.3831   759     1079.6719     1033.6425 20212144    4.26%
 141384 77721        cutoff           1079.6719     1033.6726 20498337    4.26%
 141726 77187     1061.3877   655     1079.6719     1033.7199 20395742    4.26%
 142186 78060     1051.4937   743     1079.6719     1033.7414 20565905    4.25%
 142662 78071     1079.5517   648     1079.6719     1033.7531 20568780    4.25%
 143078 77829     1053.7952   816     1079.6719     1033.7651 20525021    4.25%
 143400 79801     1074.3744   612     1079.6719     1033.8013 20938834    4.25%
 143757 79660     1056.2229   755     1079.6719     1033.8213 20907204    4.25%
 144029 80090     1043.9687   750     1079.6719     1033.8213 21021573    4.25%
Elapsed time = 5266.66 sec. (1059141.90 ticks, tree = 14942.23 MB, solutions = 67)
Nodefile size = 12880.23 MB (8484.82 MB after compression)
 144335 80125     1074.7863   489     1079.6719     1033.8882 21024684    4.24%
 144692 81123     1038.3351   810     1079.6719     1033.9609 21315641    4.23%
 145036 80986     1068.6224   573     1079.6719     1033.9729 21268926    4.23%
 145394 81485     1053.7964   777     1079.6719     1033.9945 21422697    4.23%
 145772 80752        cutoff           1079.6719     1033.9945 21193736    4.23%
 146260 80892     1062.2081   747     1079.6719     1033.9949 21229583    4.23%
 146778 82026     1071.1102   595     1079.6719     1033.9949 21615642    4.23%
 147280 81713     1056.9781   606     1079.6719     1033.9949 21503887    4.23%
 147814 82521     1056.0340   724     1079.6719     1033.9949 21782264    4.23%
 148368 83446     1068.9744   473     1079.6719     1033.9949 21969711    4.23%
Elapsed time = 5483.73 sec. (1097367.42 ticks, tree = 15368.60 MB, solutions = 67)
Nodefile size = 13302.62 MB (8751.15 MB after compression)
 148879 83052     1072.5577   757     1079.6719     1034.0514 21884160    4.23%
 149417 83707     1056.2181   695     1079.6719     1034.0514 22026020    4.23%
 149863 84528     1039.2213   685     1079.6719     1034.1487 22187808    4.22%
 150318 83782     1071.0216   561     1079.6719     1034.1487 22037976    4.22%
 150712 85423     1063.2648   446     1079.6719     1034.1487 22371284    4.22%
 151232 85124        cutoff           1079.6719     1034.1487 22326293    4.22%
 151659 84827        cutoff           1079.6719     1034.2846 22266314    4.20%
 152036 85470     1066.0193   760     1079.6719     1034.3097 22378511    4.20%
 152515 85973     1058.6009   681     1079.6719     1034.3260 22485033    4.20%
 153001 86350     1069.6748   689     1079.6719     1034.3291 22572103    4.20%
Elapsed time = 5717.76 sec. (1135574.51 ticks, tree = 16079.70 MB, solutions = 67)
Nodefile size = 14008.93 MB (9220.21 MB after compression)
 153358 86323     1038.7682   656     1079.6719     1034.3313 22563351    4.20%
 153756 87938     1048.2429   769     1079.6719     1034.3313 22952287    4.20%
 154126 87108     1044.6253   571     1079.6719     1034.3335 22785839    4.20%
 154567 88535     1065.2112   702     1079.6719     1034.3335 23103955    4.20%
 155025 88894     1065.2858   405     1079.6719     1034.3335 23217230    4.20%
 155403 89356     1077.5139   581     1079.6719     1034.4742 23363412    4.19%
 155780 89403     1048.1259   721     1079.6719     1034.4938 23379788    4.18%
 156174 88680     1067.0449   576     1079.6719     1034.5280 23156497    4.18%
 156687 89862     1051.9637   862     1079.6719     1034.5495 23507193    4.18%
 157203 90454     1074.7560   416     1079.6719     1034.5606 23673114    4.18%
Elapsed time = 5934.26 sec. (1173763.86 ticks, tree = 16667.67 MB, solutions = 67)
Nodefile size = 14589.59 MB (9597.55 MB after compression)
 157651 90462     1066.2212   686     1079.6719     1034.5968 23690115    4.17%
 158237 91246     1078.1046   427     1079.6719     1034.6032 23906229    4.17%
 158855 91323     1053.6690   668     1079.6719     1034.6396 23921564    4.17%
 159399 91497     1055.3081   778     1079.6719     1034.6455 23964030    4.17%
 159928 90923     1047.9941   701     1079.6719     1034.6561 23816759    4.17%
 160445 92906     1072.2964   790     1079.6719     1034.6561 24235328    4.17%
 161016 91939     1063.7062   749     1079.6719     1034.6561 24069993    4.17%
 161482 93898     1062.1400   714     1079.6719     1034.6606 24434009    4.17%
 161926 93210     1070.7816   556     1079.6719     1034.6606 24302119    4.17%
 162393 93412     1074.3021   676     1079.6719     1034.7665 24358904    4.16%
Elapsed time = 6162.71 sec. (1211963.69 ticks, tree = 17295.35 MB, solutions = 67)
Nodefile size = 15223.94 MB (10010.50 MB after compression)
 162861 94637     1059.5191   527     1079.6719     1034.7665 24555565    4.16%
 163260 94063     1056.8744   808     1079.6719     1034.7665 24476020    4.16%
 163780 95535     1060.7399   698     1079.6719     1034.7665 24816824    4.16%
 164330 96372     1068.3791   503     1079.6719     1034.7665 24997593    4.16%
 164770 96196     1055.1728   831     1079.6719     1034.8948 24989365    4.15%
 165225 96862     1068.0532   592     1079.6719     1034.9105 25106669    4.15%
 165697 96005     1077.7096   663     1079.6719     1034.9283 24945843    4.14%
 166052 96517     1057.0052   800     1079.6719     1034.9537 25024422    4.14%
 166526 97149     1070.6999   593     1079.6719     1034.9857 25169769    4.14%
 166954 97526        cutoff           1079.6719     1034.9978 25276333    4.14%
Elapsed time = 6383.40 sec. (1250181.12 ticks, tree = 18301.91 MB, solutions = 67)
Nodefile size = 16235.35 MB (10678.64 MB after compression)
 167395 97703     1072.6616   780     1079.6719     1034.9978 25327198    4.14%
 167848 97853     1068.7141   476     1079.6719     1034.9978 25345501    4.14%
 168179 97788     1062.8922   723     1079.6719     1034.9978 25363569    4.14%
 168523 97965     1064.2424   736     1079.6719     1034.9978 25396365    4.14%
 169029 99927     1042.9785   782     1079.6719     1035.1303 25927996    4.13%
 169444 99305     1051.0418   791     1079.6719     1035.1494 25764162    4.12%
 169844 100574        cutoff           1079.6719     1035.1770 26136635    4.12%
 170307 100751     1042.3949   698     1079.6719     1035.1924 26174490    4.12%
 170709 100208     1075.5807   658     1079.6719     1035.1924 25971526    4.12%
 171173 100559     1050.0306   808     1079.6719     1035.2041 26130356    4.12%
Elapsed time = 6595.97 sec. (1288404.08 ticks, tree = 18711.40 MB, solutions = 67)
Nodefile size = 16637.93 MB (10937.73 MB after compression)
 171499 102138     1052.1740   628     1079.6719     1035.2041 26532976    4.12%
 171898 102098     1075.8757   441     1079.6719     1035.2041 26506411    4.12%
 172255 100979     1059.2271   714     1079.6719     1035.2041 26236714    4.12%
 172603 101295     1055.3649   813     1079.6719     1035.2041 26351868    4.12%
 172954 102958     1070.6243   656     1079.6719     1035.3336 26774356    4.11%
 173404 102988        cutoff           1079.6719     1035.3543 26778263    4.10%
 173733 102869     1049.0579   802     1079.6719     1035.3852 26752657    4.10%
 174070 103245     1051.2447   782     1079.6719     1035.3901 26851198    4.10%
 174492 102776     1061.0308   737     1079.6719     1035.4046 26715577    4.10%
 174845 103191     1078.1843   723     1079.6719     1035.4231 26840145    4.10%
Elapsed time = 6817.55 sec. (1326611.28 ticks, tree = 19223.65 MB, solutions = 67)
Nodefile size = 17146.46 MB (11264.00 MB after compression)
 175229 103368     1043.9086   822     1079.6719     1035.4323 26877012    4.10%
 175613 104551     1073.0757   500     1079.6719     1035.4881 27191318    4.09%
 175988 104399     1070.8525   628     1079.6719     1035.5083 27165237    4.09%
 176356 104592     1069.5195   776     1079.6719     1035.5243 27228505    4.09%
 176797 104381     1068.1203   580     1079.6719     1035.5662 27155934    4.09%
 177213 106001     1079.2119   417     1079.6719     1035.5811 27594007    4.08%
 177508 106324     1060.7916   759     1079.6719     1035.5811 27689912    4.08%
 177886 106870     1057.5825   559     1079.6719     1035.6192 27821572    4.08%
 178203 106010     1054.6381   811     1079.6719     1035.6464 27631659    4.08%
 178501 106917     1075.3329   549     1079.6719     1035.6553 27827201    4.08%
Elapsed time = 7039.17 sec. (1364856.44 ticks, tree = 20116.90 MB, solutions = 67)
Nodefile size = 18047.28 MB (11860.23 MB after compression)
 178762 107082     1078.3616   804     1079.6719     1035.6681 27904832    4.08%
 179075 106607     1077.9138   643     1079.6719     1035.6872 27784138    4.07%
 179429 106774     1056.4112   748     1079.6719     1035.6950 27820217    4.07%
 179710 108191     1046.3480   801     1079.6719     1035.7241 28254136    4.07%
 180118 108617     1078.1282   452     1079.6719     1035.7241 28412184    4.07%
 180540 108885     1067.7990   501     1079.6719     1035.7241 28478246    4.07%
 180985 107889     1051.3704   793     1079.6719     1035.7241 28168376    4.07%
 181403 108950     1073.1184   424     1079.6719     1035.7241 28482111    4.07%
 181882 109022     1078.9648   397     1079.6719     1035.7241 28485028    4.07%
 182291 109058     1053.9568   725     1079.6719     1035.7241 28575699    4.07%
Elapsed time = 7252.20 sec. (1403051.20 ticks, tree = 20292.36 MB, solutions = 67)
Nodefile size = 18215.68 MB (11962.71 MB after compression)
 182722 109324     1069.9936   774     1079.6719     1035.8545 28689111    4.06%
 183069 109932     1077.3605   687     1079.6719     1035.8693 28857144    4.06%
 183432 110265        cutoff           1079.6719     1035.8754 28907958    4.06%
 183794 110269     1058.7617   779     1079.6719     1035.9005 28910041    4.05%
 184154 111696     1057.8836   771     1079.6719     1035.9153 29308020    4.05%
 184473 111704        cutoff           1079.6719     1035.9295 29310581    4.05%
 184779 111709     1077.7353   724     1079.6719     1035.9351 29313037    4.05%
 185074 111312     1072.2667   818     1079.6719     1035.9603 29181902    4.05%
 185343 111417     1056.0460   772     1079.6719     1035.9837 29217680    4.05%
 185668 112993     1057.8535   660     1079.6719     1035.9919 29722907    4.05%
Elapsed time = 7488.92 sec. (1441280.49 ticks, tree = 21129.83 MB, solutions = 67)
Nodefile size = 19059.17 MB (12518.32 MB after compression)
 186017 112702     1062.5742   835     1079.6719     1036.0091 29634307    4.04%
 186380 112167     1062.0143   603     1079.6719     1036.0207 29461223    4.04%
 186821 112909     1063.1604   866     1079.6719     1036.0477 29702392    4.04%
 187175 113088     1065.9452   809     1079.6719     1036.0724 29759073    4.04%
 187501 114106     1041.2771   767     1079.6719     1036.0906 30083320    4.04%
 187796 113193     1048.0478   672     1079.6719     1036.1083 29810714    4.03%
 188063 114583     1069.6289   802     1079.6719     1036.1262 30224105    4.03%
 188330 113386     1056.3906   792     1079.6719     1036.1459 29888186    4.03%
 188650 114800     1070.5687   392     1079.6719     1036.1616 30280641    4.03%
 188941 113878     1061.4212   700     1079.6719     1036.1648 30020244    4.03%
Elapsed time = 7707.36 sec. (1479531.42 ticks, tree = 21343.23 MB, solutions = 67)
Nodefile size = 19274.48 MB (12661.41 MB after compression)
 189184 115067     1073.6994   612     1079.6719     1036.1982 30411371    4.03%
 189488 115813     1058.8565   738     1079.6719     1036.2564 30722371    4.02%
 189769 115942     1039.1651   730     1079.6719     1036.2712 30800260    4.02%
 190067 114978     1061.6531   653     1079.6719     1036.2871 30381671    4.02%
 190454 115227        cutoff           1079.6719     1036.3041 30492596    4.02%
 190809 115402     1054.1233   558     1079.6719     1036.3127 30555962    4.02%
 191164 115975     1051.8525   848     1079.6719     1036.3191 30811063    4.02%
 191612 116964     1065.9137   513     1079.6719     1036.3389 31171420    4.01%
 192115 116464     1064.9125   731     1079.6719     1036.3664 31002972    4.01%
 192602 116061        cutoff           1079.6719     1036.3664 30856093    4.01%
Elapsed time = 7928.10 sec. (1517728.37 ticks, tree = 21600.02 MB, solutions = 67)
Nodefile size = 19519.74 MB (12819.23 MB after compression)
 193021 118191        cutoff           1079.6719     1036.3984 31552628    4.01%
 193437 116837     1075.8448   377     1079.6719     1036.4177 31067963    4.01%
 193857 117092     1074.1204   692     1079.6719     1036.4244 31220898    4.01%
 194279 117275     1071.1153   690     1079.6719     1036.4274 31277485    4.01%
 194685 119252     1062.9941   482     1079.6719     1036.4501 31782625    4.00%
 195127 119796        cutoff           1079.6719     1036.4656 31955664    4.00%
 195528 118235     1069.6824   794     1079.6719     1036.4656 31568623    4.00%
 195956 119485     1049.4448   711     1079.6719     1036.4656 31863263    4.00%
 196341 119554     1052.1700   723     1079.6719     1036.5308 31886558    4.00%
 196772 119845     1063.8802   758     1079.6719     1036.5384 31966570    4.00%
Elapsed time = 8159.23 sec. (1556010.00 ticks, tree = 22332.80 MB, solutions = 67)
Nodefile size = 20250.60 MB (13296.08 MB after compression)
 197111 120610     1055.9360   803     1079.6719     1036.5423 32173893    3.99%
 197442 119636     1059.2672   759     1079.6719     1036.5652 31915290    3.99%
 197778 120415        cutoff           1079.6719     1036.5657 32106942    3.99%
 198132 122055     1067.0454   670     1079.6719     1036.5962 32609961    3.99%
 198499 120628     1053.0326   785     1079.6719     1036.6349 32184754    3.99%
 198985 120784     1066.2184   821     1079.6719     1036.6597 32243815    3.98%
 199403 122029        cutoff           1079.6719     1036.6652 32598847    3.98%
 199965 122274     1072.1773   772     1079.6719     1036.6712 32658901    3.98%
 200314 122938     1045.0221   809     1079.6719     1036.6831 32876199    3.98%
 200749 122909     1074.0364   854     1079.6719     1036.7246 32858709    3.98%
Elapsed time = 8377.96 sec. (1594300.37 ticks, tree = 23085.60 MB, solutions = 67)
Nodefile size = 21009.97 MB (13804.54 MB after compression)
 201085 122634     1048.9935   652     1079.6719     1036.7332 32763623    3.98%
 201485 123760     1070.7928   782     1079.6719     1036.7544 33102080    3.98%
 201873 124329     1062.3919   730     1079.6719     1036.7935 33300143    3.97%
 202201 124215     1065.7632   460     1079.6719     1036.7994 33240020    3.97%
 202555 123659     1063.4302   827     1079.6719     1036.8037 33088210    3.97%
 202834 125141     1072.4425   786     1079.6719     1036.8129 33462696    3.97%
 203221 125855     1053.6605   684     1079.6719     1036.8268 33678602    3.97%
 203577 125644     1047.3094   700     1079.6719     1036.8514 33604112    3.97%
 203810 124830     1063.9765   780     1079.6719     1036.8688 33415727    3.96%
 204094 125347        cutoff           1079.6719     1036.8930 33530578    3.96%
Elapsed time = 8596.76 sec. (1632569.77 ticks, tree = 23686.38 MB, solutions = 67)
Nodefile size = 21616.24 MB (14209.71 MB after compression)
 204461 126261     1072.0592   698     1079.6719     1036.9073 33791658    3.96%
 204797 127275     1050.2260   757     1079.6719     1036.9073 34160576    3.96%
 205141 125967     1076.7917   691     1079.6719     1036.9073 33715012    3.96%
 205553 126811     1071.1202   836     1079.6719     1036.9073 33953302    3.96%
 205955 126868     1040.9898   787     1079.6719     1036.9073 33977383    3.96%
 206423 128349     1076.2563   835     1079.6719     1036.9073 34525223    3.96%
 206910 128587        cutoff           1079.6719     1036.9073 34592660    3.96%
 207357 128600     1060.2134   779     1079.6719     1036.9371 34595454    3.96%
 207741 128990     1064.6113   701     1079.6719     1036.9371 34764864    3.96%
 208096 128282     1074.8339   745     1079.6719     1036.9371 34488301    3.96%
Elapsed time = 8823.69 sec. (1670766.33 ticks, tree = 23991.16 MB, solutions = 67)
Nodefile size = 21908.62 MB (14389.09 MB after compression)
 208473 129398     1046.5831   891     1079.6719     1036.9371 34857483    3.96%
 208883 130207        cutoff           1079.6719     1036.9777 35071923    3.95%
 209319 130111     1048.0198   790     1079.6719     1036.9777 35052621    3.95%
 209738 128977     1066.7298   609     1079.6719     1036.9777 34739953    3.95%
 210090 130037     1070.3545   557     1079.6719     1037.0781 35037973    3.95%
 210483 129896     1050.7540   724     1079.6719     1037.0904 34999012    3.94%
 210869 131082     1059.7159   744     1079.6719     1037.0912 35312277    3.94%
 211291 130727     1062.1335   677     1079.6719     1037.1130 35228389    3.94%
 211671 130529     1050.6710   809     1079.6719     1037.1183 35152834    3.94%
 212139 131327     1077.1791   679     1079.6719     1037.1571 35382223    3.94%
Elapsed time = 9041.18 sec. (1709008.62 ticks, tree = 24577.74 MB, solutions = 67)
Nodefile size = 22495.32 MB (14772.08 MB after compression)
 212608 132799     1057.4248   684     1079.6719     1037.1656 35796666    3.94%
 213008 133302     1073.9734   496     1079.6719     1037.1727 35919973    3.94%
 213422 133762     1055.7800   778     1079.6719     1037.1966 36071520    3.93%
 213782 132261     1077.1341   510     1079.6719     1037.2143 35638432    3.93%
 214121 132900     1039.4237   759     1079.6719     1037.2216 35829887    3.93%
 214476 132481     1061.4020   766     1079.6719     1037.2457 35727386    3.93%
 214872 134270     1051.3697   655     1079.6719     1037.2457 36255112    3.93%
 215298 134734     1079.3571   619     1079.6719     1037.2769 36404348    3.93%
 215723 134033     1074.8464   680     1079.6719     1037.2902 36173052    3.93%
 216180 134774     1076.6792   226     1079.6719     1037.3037 36367234    3.92%
Elapsed time = 9261.45 sec. (1747259.18 ticks, tree = 25445.03 MB, solutions = 67)
Nodefile size = 23335.57 MB (15332.55 MB after compression)
 216655 135340     1040.4761   868     1079.6719     1037.3144 36579989    3.92%
 217083 134772     1051.7768   700     1079.6719     1037.3484 36416176    3.92%
 217568 135251     1048.4756   682     1079.6719     1037.3664 36544092    3.92%
 218005 135609     1074.6348   431     1079.6719     1037.3784 36607935    3.92%
 218414 136493     1064.0269   693     1079.6719     1037.3871 36904459    3.92%
 218854 137461     1066.1928   556     1079.6719     1037.4175 37109091    3.91%
 219288 137504     1077.7267   541     1079.6719     1037.4351 37112526    3.91%
 219596 137518     1060.0422   774     1079.6719     1037.4414 37115435    3.91%
 219931 137542     1057.6663   795     1079.6719     1037.4615 37138023    3.91%
 220274 137402     1057.7847   620     1079.6719     1037.4694 37099975    3.91%
Elapsed time = 9476.40 sec. (1785564.69 ticks, tree = 26100.21 MB, solutions = 67)
Nodefile size = 24029.92 MB (15796.01 MB after compression)
 220616 138330     1050.6807   806     1079.6719     1037.4807 37331883    3.91%
 221002 137750     1056.1289   756     1079.6719     1037.5073 37211586    3.91%
 221323 137708     1064.1710   768     1079.6719     1037.5077 37194406    3.91%
 221654 140252     1054.2603   790     1079.6719     1037.5468 37906264    3.90%
 222032 140427     1055.6623   826     1079.6719     1037.5614 37980004    3.90%
 222409 140060     1075.3328   516     1079.6719     1037.5677 37888454    3.90%
 222868 139921     1073.3369   815     1079.6719     1037.5677 37821580    3.90%
 223242 140351     1063.4961   766     1079.6719     1037.5877 37941452    3.90%
 223663 139934     1075.7598   480     1079.6719     1037.6287 37780427    3.89%
 223993 139932     1060.3956   802     1079.6719     1037.6445 37829208    3.89%
Elapsed time = 9699.91 sec. (1823831.17 ticks, tree = 26281.04 MB, solutions = 67)
Nodefile size = 24201.38 MB (15895.20 MB after compression)
 224339 141113        cutoff           1079.6719     1037.6480 38237891    3.89%
 224697 142153     1070.3458   795     1079.6719     1037.6724 38565013    3.89%
 225165 140673     1076.1684   434     1079.6719     1037.6814 38046301    3.89%
 225574 141284     1078.0812   762     1079.6719     1037.6963 38266443    3.89%
 226043 143407     1071.6952   733     1079.6719     1037.7138 38893806    3.89%
 226511 142532     1054.8015   735     1079.6719     1037.7229 38680820    3.89%
 226906 142617     1045.7198   741     1079.6719     1037.7288 38704624    3.88%
 227326 142563     1049.7268   636     1079.6719     1037.7488 38685914    3.88%
 227823 143192     1060.2629   564     1079.6719     1037.7612 38792990    3.88%
 228210 143909     1061.6639   787     1079.6719     1037.7746 39027081    3.88%
Elapsed time = 9930.58 sec. (1862053.58 ticks, tree = 26969.44 MB, solutions = 67)
Nodefile size = 24893.52 MB (16343.94 MB after compression)
 228741 144880     1071.7661   705     1079.6719     1037.7899 39288789    3.88%
 229110 143363     1077.8471   732     1079.6719     1037.7992 38865008    3.88%
 229487 145958     1050.8266   625     1079.6719     1037.8178 39506453    3.88%
 229956 145822     1056.5592   856     1079.6719     1037.8178 39469515    3.88%
 230361 144984     1066.6074   810     1079.6719     1037.8223 39317289    3.88%
 230716 144931     1070.7960   590     1079.6719     1037.8624 39300948    3.87%
 231031 147193        cutoff           1079.6719     1037.8733 39842629    3.87%
 231396 147200     1071.2811   734     1079.6719     1037.9011 39844822    3.87%
 231775 147588     1054.0278   811     1079.6719     1037.9160 39949563    3.87%
 232124 148019     1040.2957   673     1079.6719     1037.9221 40064726    3.87%
Elapsed time = 10160.35 sec. (1900263.07 ticks, tree = 28014.45 MB, solutions = 67)
Nodefile size = 25945.36 MB (17047.13 MB after compression)
 232528 146770     1064.7601   776     1079.6719     1037.9393 39748946    3.87%
 232851 148462     1067.5806   796     1079.6719     1037.9466 40164666    3.86%
 233271 149075     1079.0046   590     1079.6719     1037.9727 40313415    3.86%
 233603 147501     1062.1319   837     1079.6719     1037.9929 39938392    3.86%
 233930 148816     1055.4611   778     1079.6719     1038.0075 40260704    3.86%
 234303 149184     1069.2624   718     1079.6719     1038.0276 40358334    3.86%
 234590 148403        cutoff           1079.6719     1038.0495 40159884    3.86%
 234892 149142     1065.8420   732     1079.6719     1038.0519 40342803    3.85%
 235134 150220     1051.5830   715     1079.6719     1038.0588 40677772    3.85%
 235406 149147     1066.1848   669     1079.6719     1038.0881 40331069    3.85%
Elapsed time = 10371.54 sec. (1938602.79 ticks, tree = 28280.47 MB, solutions = 67)
Nodefile size = 26208.75 MB (17222.46 MB after compression)
 235647 150530     1064.7946   746     1079.6719     1038.1047 40803654    3.85%
 236021 149492     1045.4019   728     1079.6719     1038.1129 40442660    3.85%
 236421 150211     1077.0750   744     1079.6719     1038.1410 40670829    3.85%
 236805 150222     1046.8226   592     1079.6719     1038.1597 40672621    3.84%
 237216 151744     1070.4600   540     1079.6719     1038.1816 41179039    3.84%
 237652 151458     1077.3851   407     1079.6719     1038.1868 41059235    3.84%
 238088 151954     1072.9383   516     1079.6719     1038.1917 41286908    3.84%
 238488 152054     1040.8358   773     1079.6719     1038.2157 41333936    3.84%
 238847 151791     1055.2765   674     1079.6719     1038.2358 41209974    3.84%
 239241 153320     1062.9926   731     1079.6719     1038.2526 41727770    3.84%
Elapsed time = 10597.90 sec. (1976875.40 ticks, tree = 28795.27 MB, solutions = 67)
Nodefile size = 26721.94 MB (17545.31 MB after compression)
 239688 152016     1078.0712   574     1079.6719     1038.2648 41297965    3.84%
 240050 153498     1054.8242   715     1079.6719     1038.2722 41776238    3.83%
 240385 153739     1074.3844   763     1079.6719     1038.2946 41840961    3.83%
 240721 154237        cutoff           1079.6719     1038.3004 41990462    3.83%
 241155 153664     1079.4020   598     1079.6719     1038.3059 41804733    3.83%
 241599 153119     1066.6276   348     1079.6719     1038.3165 41653010    3.83%
 242133 154136     1071.9152   634     1079.6719     1038.3252 41934857    3.83%
 242537 155379     1076.4535   776     1079.6719     1038.3335 42260102    3.83%
 243004 156100     1079.0791   649     1079.6719     1038.3576 42472760    3.83%
 243510 155924     1041.5164   696     1079.6719     1038.3623 42406707    3.83%
Elapsed time = 10812.09 sec. (2015111.68 ticks, tree = 29447.00 MB, solutions = 67)
Nodefile size = 27370.76 MB (17978.09 MB after compression)
 243954 154397     1052.7856   702     1079.6719     1038.3822 42026847    3.82%
 244405 156081     1076.3549   524     1079.6719     1038.3933 42457442    3.82%
 244811 155069     1068.2160   716     1079.6719     1038.4041 42206295    3.82%
 245228 156006     1075.4706   658     1079.6719     1038.4150 42438844    3.82%
 245620 156136     1061.3612   784     1079.6719     1038.4251 42464749    3.82%
 246011 155903     1041.1474   783     1079.6719     1038.4344 42401014    3.82%
 246394 158192     1050.2965   832     1079.6719     1038.4532 42988991    3.82%
 246854 156352        cutoff           1079.6719     1038.4589 42557839    3.82%
 247251 157618     1049.3674   827     1079.6719     1038.4849 42887777    3.81%
 247572 158074     1053.4919   507     1079.6719     1038.4849 42975432    3.81%
Elapsed time = 11034.60 sec. (2053347.60 ticks, tree = 29991.08 MB, solutions = 67)
Nodefile size = 27910.34 MB (18342.63 MB after compression)
 247874 158528        cutoff           1079.6719     1038.4849 43099499    3.81%
 248104 158377     1048.6892   795     1079.6719     1038.4849 43044005    3.81%
 248249 158385     1056.6853   768     1079.6719     1038.4849 43046766    3.81%
 248360 158559     1068.7085   800     1079.6719     1038.4849 43107892    3.81%
 248455 158972     1051.9381   758     1079.6719     1038.4849 43218064    3.81%
 248531 159484        cutoff           1079.6719     1038.4849 43348862    3.81%
 248543 159405     1072.4945   812     1079.6719     1038.4849 43332861    3.81%

Performing restart 2

Repeating presolve.
Tried aggregator 1 time.
MIP Presolve eliminated 56 rows and 253 columns.
MIP Presolve modified 188 coefficients.
Reduced MIP has 26131 rows, 27442 columns, and 118940 nonzeros.
Reduced MIP has 13939 binaries, 13503 generals, 0 SOSs, and 0 indicators.
Presolve time = 0.10 sec. (54.08 ticks)
Tried aggregator 1 time.
MIP Presolve eliminated 99 rows and 159 columns.
MIP Presolve modified 73 coefficients.
Reduced MIP has 26032 rows, 27283 columns, and 118410 nonzeros.
Reduced MIP has 13879 binaries, 13404 generals, 0 SOSs, and 0 indicators.
Presolve time = 0.20 sec. (104.16 ticks)
Represolve time = 11.96 sec. (804.71 ticks)
 248544     0      995.8340   945     1079.6719     Cuts: 220 44076588    3.80%
 248544     0      996.9937   906     1079.6719      Cuts: 78 44077063    3.80%
 248544     0     1000.3710   861     1079.6719     Cuts: 111 44077763    3.80%
 248544     0     1001.4287   912     1079.6719     Cuts: 112 44078247    3.80%
 248544     0     1001.8797   906     1079.6719     Cuts: 195 44078512    3.80%
 248544     0     1001.9500   908     1079.6719     Cuts: 105 44078643    3.80%
 248544     0     1002.1828   901     1079.6719      Cuts: 70 44078771    3.80%
 248544     0     1002.2369   900     1079.6719      Cuts: 84 44078870    3.80%
 248544     0     1002.2597   905     1079.6719      Cuts: 42 44078936    3.80%
 248544     0     1002.3028   886     1079.6719      Cuts: 77 44079044    3.80%
 248544     0     1002.3848   914     1079.6719      Cuts: 58 44079122    3.80%
 248544     2     1002.3848   914     1079.6719     1038.6013 44079122    3.80%
 248545     3     1003.5124   800     1079.6719     1038.6013 44080177    3.80%
 248546     4     1004.6725   801     1079.6719     1038.6013 44082024    3.80%
Elapsed time = 11341.39 sec. (2212180.48 ticks, tree = 0.03 MB, solutions = 67)
 248548     5     1006.6951   788     1079.6719     1038.6013 44082892    3.80%
 248550     6     1020.0849   802     1079.6719     1038.6013 44084756    3.80%
 248556     7     1024.0425   840     1079.6719     1038.6013 44085833    3.80%
 248560     9     1037.4526   803     1079.6719     1038.6013 44087766    3.80%
 248569    15     1030.5143   856     1079.6719     1038.6013 44097243    3.80%
 248584    17     1035.0579   753     1079.6719     1038.6013 44097686    3.80%
 248612    51     1042.5253   790     1079.6719     1038.6013 44201810    3.80%
 248686    66     1051.3508   781     1079.6719     1038.6013 44239061    3.80%
 248782    55     1065.1456   798     1079.6719     1038.6013 44205732    3.80%
 248890   152     1046.4338   802     1079.6719     1038.6013 44324331    3.80%
Elapsed time = 11508.04 sec. (2252719.00 ticks, tree = 2.15 MB, solutions = 67)
 249051   377     1043.9948   833     1079.6719     1038.6013 44509980    3.80%
 249292   384     1074.4945   653     1079.6719     1038.6013 44511667    3.80%
 249563   540     1051.5991   715     1079.6719     1038.6013 44559952    3.80%
 249838   836     1054.0347   731     1079.6719     1038.6013 44631204    3.80%
 250075   952     1044.4462   796     1079.6719     1038.6013 44668761    3.80%
 250413  1191     1057.7784   677     1079.6719     1038.6013 44753520    3.80%
 250905  1207     1071.2933   784     1079.6719     1038.6013 44769747    3.80%
 251495  1305     1045.3111   862     1079.6719     1038.6013 44794622    3.80%
 251976  2313     1073.0190   827     1079.6719     1038.6013 44933608    3.80%
 252499  2583        cutoff           1079.6719     1038.6013 44962163    3.80%
Elapsed time = 11714.68 sec. (2290951.49 ticks, tree = 348.66 MB, solutions = 67)
 252891  2824     1078.6111   783     1079.6719     1038.6013 44997188    3.80%
 253312  3254     1067.5535   817     1079.6719     1038.6013 45085088    3.80%
 253712  3622     1055.4392   735     1079.6719     1038.6013 45169432    3.80%
 254209  3969     1077.6107   808     1079.6719     1038.6013 45243397    3.80%
 254693  4354     1067.2044   727     1079.6719     1038.6013 45297710    3.80%
 255195  4415     1046.7067   845     1079.6719     1038.6013 45308938    3.80%
 255629  4620     1078.1449   476     1079.6719     1038.6013 45336235    3.80%
 256026  5385     1059.9232   569     1079.6719     1038.6013 45471192    3.80%
 256516  5482     1074.3766   776     1079.6719     1038.6013 45502548    3.80%
 257041  5899     1057.5843   821     1079.6719     1039.9180 45596538    3.68%
Elapsed time = 11924.08 sec. (2329155.78 ticks, tree = 761.11 MB, solutions = 67)
 257577  6459     1056.5617   629     1079.6719     1040.1951 45672337    3.66%
 258088  6302     1064.9250   765     1079.6719     1040.1951 45658395    3.66%
 258617  6703     1073.8812   761     1079.6719     1040.1951 45706743    3.66%
 259135  7417     1065.2231   770     1079.6719     1040.1951 45832037    3.66%
 259679  7816     1068.4288   434     1079.6719     1040.1951 45894955    3.66%
 260143  8055     1072.4415   693     1079.6719     1040.1951 45927615    3.66%
 260599  8669     1077.2501   667     1079.6719     1040.1951 46053805    3.66%
 261049  8547     1067.7408   600     1079.6719     1040.1951 46024429    3.66%
 261666  9269     1060.0784   853     1079.6719     1040.1951 46163890    3.66%
 262179  9263        cutoff           1079.6719     1040.1951 46163854    3.66%
Elapsed time = 12126.21 sec. (2367390.30 ticks, tree = 1274.00 MB, solutions = 67)
 262789  9784     1068.3127   519     1079.6719     1040.1951 46233041    3.66%
 263367 10393     1069.3208   439     1079.6719     1040.1951 46344382    3.66%
 263966 10741     1060.4997   543     1079.6719     1040.1951 46378545    3.66%
 264666 11475     1066.1927   428     1079.6719     1040.1951 46485873    3.66%
 265354 11665     1070.8374   673     1079.6719     1040.1951 46501002    3.66%
 266175 12522     1068.7273   791     1079.6719     1040.1951 46582721    3.66%
 267228 12520     1061.2678   535     1079.6719     1040.1951 46578308    3.66%
 268135 14040     1048.0888   573     1079.6719     1040.1951 46695660    3.66%
 269053 14818     1071.1007   395     1079.6719     1045.4492 46746404    3.17%
 270063 15817     1060.2753   339     1079.6719     1045.4492 46820353    3.17%
Elapsed time = 12327.38 sec. (2405588.63 ticks, tree = 2128.34 MB, solutions = 67)
Nodefile size = 77.00 MB (48.13 MB after compression)
 271108 15429     1075.4113   421     1079.6719     1045.4492 46792553    3.17%
 272312 16834     1063.0174   607     1079.6719     1046.0661 46890907    3.11%
 273513 18433     1049.4996   565     1079.6719     1046.0661 46973715    3.11%
 274717 18605     1064.5162   441     1079.6719     1046.0661 46978363    3.11%
 275665 19698     1060.4140   477     1079.6719     1046.6356 47034355    3.06%
 276655 20975     1071.1358   480     1079.6719     1046.6356 47095729    3.06%
 277728 21987     1073.2377   458     1079.6719     1046.6578 47168589    3.06%
 278911 23127     1051.3577   579     1079.6719     1046.6774 47236456    3.06%
 280036 23412     1071.0883   567     1079.6719     1046.6774 47247875    3.06%
 281255 25176     1074.1704   563     1079.6719     1046.6774 47331833    3.06%
Elapsed time = 12524.96 sec. (2443754.22 ticks, tree = 3759.43 MB, solutions = 67)
Nodefile size = 1701.79 MB (1121.01 MB after compression)
 282330 25260     1059.5102   581     1079.6719     1046.7350 47336560    3.05%
 283436 27654     1075.3533   494     1079.6719     1046.7350 47455419    3.05%
 284557 28526     1070.9405   425     1079.6719     1047.1491 47513131    3.01%
 285860 29473     1078.8066   510     1079.6719     1047.1491 47564242    3.01%
 287181 30374     1069.4638   487     1079.6719     1047.1491 47610420    3.01%
 288667 30685     1057.5188   572     1079.6719     1047.1491 47628680    3.01%
 290006 33076     1054.7052   615     1079.6719     1047.1491 47743201    3.01%
 291524 33391     1049.1726   613     1079.6719     1047.2016 47758361    3.01%
 293061 36141     1059.5198   593     1079.6719     1047.2656 47881235    3.00%
 294516 35601     1068.4047   418     1079.6719     1047.2656 47855609    3.00%
Elapsed time = 12730.47 sec. (2481925.69 ticks, tree = 5755.91 MB, solutions = 67)
Nodefile size = 3695.82 MB (2461.49 MB after compression)
 295820 37345     1078.0458   550     1079.6719     1047.3161 47934646    3.00%
 296963 39970     1064.9896   462     1079.6719     1047.3161 48062511    3.00%
 298275 41018     1062.5816   497     1079.6719     1047.4377 48126775    2.99%
 299675 42731     1070.1605   511     1079.6719     1047.4537 48223099    2.98%
 301173 42646     1054.8708   476     1079.6719     1047.4537 48217595    2.98%
 302648 44686     1068.3420   477     1079.6719     1047.4787 48316823    2.98%
 304084 44513     1072.9036   499     1079.6719     1047.4787 48309227    2.98%
 305661 47877     1067.2650   595     1079.6719     1047.4997 48453172    2.98%
 307174 48593     1063.5620   542     1079.6719     1047.5191 48485712    2.98%
 308635 49404     1069.7045   577     1079.6719     1047.5321 48522335    2.98%
Elapsed time = 12944.20 sec. (2520097.74 ticks, tree = 8431.35 MB, solutions = 67)
Nodefile size = 6361.62 MB (4281.87 MB after compression)
 310021 50666     1063.4245   521     1079.6719     1047.5321 48570922    2.98%
 311351 51974     1059.7470   562     1079.6719     1047.5478 48630774    2.98%
 312681 53149     1069.1294   506     1079.6719     1047.5966 48684308    2.97%
 313839 56158     1063.6911   536     1079.6719     1047.5966 48824849    2.97%
 315078 55731     1062.7811   584     1079.6719     1047.6293 48803266    2.97%
 316500 58662     1065.8897   430     1079.6719     1047.6328 48964003    2.97%
 318095 58964     1075.2769   535     1079.6719     1047.6328 48980228    2.97%
 319600 61267     1058.4952   579     1079.6719     1047.6331 49082092    2.97%
 320988 61286     1066.8479   586     1079.6719     1047.6331 49082199    2.97%
 322374 62149     1072.7768   414     1079.6719     1047.6681 49114838    2.96%
Elapsed time = 13145.97 sec. (2558283.06 ticks, tree = 10702.31 MB, solutions = 67)
Nodefile size = 8616.26 MB (5812.28 MB after compression)
 323800 63007     1060.7131   522     1079.6719     1047.6682 49157336    2.96%
 325251 64636     1070.4660   502     1079.6719     1047.6682 49228062    2.96%
 326825 66423     1059.4210   634     1079.6719     1047.7063 49306980    2.96%
 328251 66991     1051.3342   601     1079.6719     1047.7063 49332497    2.96%
 329748 70372     1077.7206   451     1079.6719     1047.7195 49484889    2.96%
 331248 70127     1062.9782   551     1079.6719     1047.7328 49473881    2.96%
 332746 72816     1070.7425   455     1079.6719     1047.7328 49614221    2.96%
 334161 74187     1079.5390   518     1079.6719     1047.7328 49674790    2.96%
 335779 76722     1048.8376   624     1079.6719     1047.7633 49789946    2.96%
 337370 76082     1073.9373   508     1079.6719     1047.7633 49764796    2.96%
Elapsed time = 13347.83 sec. (2596443.96 ticks, tree = 13398.40 MB, solutions = 67)
Nodefile size = 11319.39 MB (7663.78 MB after compression)
 338949 79078     1057.8314   677     1079.6719     1047.7752 49891600    2.95%
 340487 80388     1074.1550   554     1079.6719     1047.7880 49945982    2.95%
 341976 82226     1069.9886   559     1079.6719     1047.8058 50028941    2.95%
 343135 83867     1066.8244   539     1079.6719     1047.8058 50098213    2.95%
 344338 83860     1056.8890   466     1079.6719     1047.8058 50097444    2.95%
 345695 85605     1067.7170   581     1079.6719     1047.8227 50190516    2.95%
 347013 85155     1051.3542   611     1079.6719     1047.8321 50166013    2.95%
 348443 85862     1066.2485   525     1079.6719     1047.8321 50205305    2.95%
 350018 88823     1050.5723   585     1079.6719     1047.8463 50336363    2.95%
 351455 91043     1051.0152   627     1079.6719     1047.8463 50424766    2.95%
Elapsed time = 13552.38 sec. (2634607.28 ticks, tree = 16236.11 MB, solutions = 67)
Nodefile size = 14170.71 MB (9601.59 MB after compression)
 352979 89841     1053.3344   604     1079.6719     1047.8601 50374378    2.95%
 354657 93133     1066.1990   521     1079.6719     1047.8601 50501240    2.95%
 356397 94109     1066.6794   516     1079.6719     1047.8704 50541066    2.95%
 357891 95031     1056.6856   584     1079.6719     1047.8828 50581634    2.94%
 359283 99020     1060.0317   511     1079.6719     1047.8840 50739376    2.94%
 360601 99403     1068.8756   568     1079.6719     1047.8840 50762095    2.94%
 362170 98634     1072.8414   508     1079.6719     1047.8871 50722662    2.94%
 363679 102602     1062.2600   485     1079.6719     1047.8955 50919237    2.94%
 365185 101508     1048.5995   624     1079.6719     1047.9022 50872757    2.94%
 366654 103615     1071.0730   507     1079.6719     1047.9022 50968754    2.94%
Elapsed time = 13760.49 sec. (2672773.05 ticks, tree = 18397.87 MB, solutions = 67)
Nodefile size = 16313.64 MB (11047.92 MB after compression)
 368064 104622     1055.6061   617     1079.6719     1047.9022 51017976    2.94%
 369438 105744     1058.8857   590     1079.6719     1047.9079 51068224    2.94%
 370913 109517     1063.7772   615     1079.6719     1047.9192 51230687    2.94%
 372422 108874     1062.3220   621     1079.6719     1047.9244 51202775    2.94%
 373989 111167     1054.9532   638     1079.6719     1047.9261 51297146    2.94%
 375503 110901     1050.7156   614     1079.6719     1047.9363 51288638    2.94%
 377049 113695     1072.1891   479     1079.6719     1047.9427 51409215    2.94%
 378584 113570     1073.3136   497     1079.6719     1047.9427 51399853    2.94%
 380042 115188     1077.1714   562     1079.6719     1047.9518 51477684    2.94%
*380471+115631                         1079.6605     1047.9529             2.94%
 381421 116650     1060.7597   459     1079.6605     1047.9533 51527291    2.94%
Elapsed time = 13961.15 sec. (2710947.73 ticks, tree = 21514.51 MB, solutions = 68)
Nodefile size = 19442.82 MB (13216.24 MB after compression)
 382666 117359     1072.4728   401     1079.6605     1047.9561 51561505    2.94%
 383953 120330     1050.9612   608     1079.6605     1047.9626 51692961    2.94%
 385309 123327     1062.5445   622     1079.6605     1047.9631 51849555    2.94%
 386879 123182     1056.5603   618     1079.6605     1047.9631 51839914    2.94%
 388391 123377        cutoff           1079.6605     1047.9695 51849700    2.94%
 389996 124809     1064.2106   472     1079.6605     1047.9695 51914041    2.94%
 391434 126446        cutoff           1079.6605     1047.9695 51995302    2.94%
 392859 127361     1065.4144   547     1079.6605     1047.9851 52040605    2.93%
 394570 130598     1063.8892   545     1079.6605     1047.9948 52173809    2.93%
 396341 132700     1076.0716   531     1079.6605     1048.0023 52268909    2.93%
Elapsed time = 14174.79 sec. (2749116.37 ticks, tree = 24119.02 MB, solutions = 68)
Nodefile size = 22051.42 MB (14961.56 MB after compression)
 397905 135047     1078.4467   460     1079.6605     1048.0050 52366350    2.93%
 399361 136039     1062.7764   503     1079.6605     1048.0067 52408475    2.93%
 400703 136094     1070.1843   496     1079.6605     1048.0095 52409801    2.93%
 401998 138982     1050.4748   641     1079.6605     1048.0143 52549651    2.93%
 403550 138472     1069.7959   560     1079.6605     1048.0200 52518764    2.93%
 405171 139836        cutoff           1079.6605     1048.0271 52596265    2.93%
 406570 142766        cutoff           1079.6605     1048.0324 52719877    2.93%
 407875 144366     1052.6075   622     1079.6605     1048.0324 52786212    2.93%
 409266 143518     1075.5590   504     1079.6605     1048.0340 52745998    2.93%
 410887 146099     1052.7044   606     1079.6605     1048.0361 52859768    2.93%
Elapsed time = 14381.59 sec. (2787299.51 ticks, tree = 26065.90 MB, solutions = 68)
Nodefile size = 23995.59 MB (16241.07 MB after compression)
 412379 144991     1075.0919   408     1079.6605     1048.0413 52807421    2.93%
 413852 148488     1050.9286   580     1079.6605     1048.0468 52959000    2.93%
 415362 147447     1070.4959   558     1079.6605     1048.0504 52916203    2.93%
 416867 152823     1073.7883   478     1079.6605     1048.0519 53134855    2.93%
 418115 153263     1052.1511   620     1079.6605     1048.0562 53154719    2.93%
 419587 154445     1057.9760   482     1079.6605     1048.0670 53213977    2.93%
 420933 156546     1068.3830   482     1079.6605     1048.0759 53316903    2.93%
 422416 155468     1057.2297   563     1079.6605     1048.0759 53270817    2.93%
 423882 158805     1067.0204   474     1079.6605     1048.0759 53424618    2.93%
 425440 160792     1051.1483   556     1079.6605     1048.0789 53531301    2.93%
Elapsed time = 14577.20 sec. (2825481.65 ticks, tree = 28705.33 MB, solutions = 68)
Nodefile size = 26629.80 MB (18031.66 MB after compression)
 426977 163078     1060.8621   386     1079.6605     1048.0789 53640902    2.93%
 428555 159893     1056.5597   571     1079.6605     1048.0821 53479001    2.92%
 430027 166049     1069.0586   425     1079.6605     1048.0861 53758989    2.92%
 431475 166114     1076.2575   388     1079.6605     1048.0861 53761079    2.92%
 432912 167006     1078.3535   470     1079.6605     1048.1067 53800607    2.92%
 434482 169824     1074.6580   607     1079.6605     1048.1067 53926712    2.92%
 436104 171195     1058.8046   450     1079.6605     1048.1067 53986151    2.92%
 437430 168750     1073.0544   425     1079.6605     1048.1105 53873145    2.92%
 438906 172599     1077.9958   577     1079.6605     1048.1105 54044820    2.92%
 440378 172364     1063.6130   446     1079.6605     1048.1308 54034088    2.92%
Elapsed time = 14798.19 sec. (2863656.83 ticks, tree = 31141.97 MB, solutions = 68)
Nodefile size = 29042.44 MB (19688.47 MB after compression)
 441696 175407     1060.3545   413     1079.6605     1048.1329 54152846    2.92%
 443098 176456     1075.3331   463     1079.6605     1048.1425 54195001    2.92%
 444393 179950     1073.7923   574     1079.6605     1048.1430 54342337    2.92%
 445693 180003     1077.4333   531     1079.6605     1048.1438 54344436    2.92%
 447119 182513     1069.4559   444     1079.6605     1048.1438 54481168    2.92%
 448685 181017     1051.8539   587     1079.6605     1048.1482 54399430    2.92%
 450358 181876     1076.5684   445     1079.6605     1048.1510 54444324    2.92%
 451918 184764     1062.2584   572     1079.6605     1048.1510 54586566    2.92%
 453563 187175     1076.6349   493     1079.6605     1048.1698 54685880    2.92%
 455188 186838     1060.0009   607     1079.6605     1048.1704 54674900    2.92%
Elapsed time = 14999.42 sec. (2901839.50 ticks, tree = 33671.61 MB, solutions = 68)
Nodefile size = 31578.41 MB (21413.64 MB after compression)
 456801 190514     1064.8469   610     1079.6605     1048.1704 54820662    2.92%
 458483 189878     1070.1619   487     1079.6605     1048.1823 54791100    2.92%
 460060 193502     1050.7076   620     1079.6605     1048.1856 54938680    2.92%
 461602 195304     1060.5992   602     1079.6605     1048.1871 55013893    2.92%
 463194 197181     1068.4474   623     1079.6605     1048.1894 55091953    2.91%
 464724 197071     1055.0327   593     1079.6605     1048.1955 55089528    2.91%
 466211 197531     1059.0487   609     1079.6605     1048.2033 55106631    2.91%
 467669 201754     1062.7694   509     1079.6605     1048.2083 55270868    2.91%
 468979 203537     1051.9991   588     1079.6605     1048.2097 55360895    2.91%
 470182 202813     1049.8398   605     1079.6605     1048.2097 55326563    2.91%
Elapsed time = 15194.32 sec. (2940014.00 ticks, tree = 37208.28 MB, solutions = 68)
Nodefile size = 35135.93 MB (23877.26 MB after compression)
 471452 203139     1060.9612   544     1079.6605     1048.2182 55341472    2.91%
 472772 204779     1061.2269   515     1079.6605     1048.2222 55422597    2.91%
 474251 207411     1063.2171   536     1079.6605     1048.2222 55560613    2.91%
 475906 209131     1075.2466   473     1079.6605     1048.2333 55636013    2.91%
 477320 208484     1072.5184   465     1079.6605     1048.2342 55607703    2.91%
 478498 212026     1071.0301   607     1079.6605     1048.2342 55759502    2.91%
 479661 212968     1060.9273   479     1079.6605     1048.2412 55791566    2.91%
 480954 211834     1075.7430   448     1079.6605     1048.2492 55756307    2.91%
 482274 214924     1063.6525   511     1079.6605     1048.2492 55883521    2.91%
 483801 215739     1077.0509   459     1079.6605     1048.2492 55926786    2.91%
Elapsed time = 15411.32 sec. (2978207.42 ticks, tree = 39503.16 MB, solutions = 68)
Nodefile size = 37402.45 MB (25407.07 MB after compression)
 485435 217466     1071.1325   528     1079.6605     1048.2610 56012756    2.91%
 486969 219751     1059.1885   512     1079.6605     1048.2633 56113011    2.91%
 488399 221067     1070.3818   554     1079.6605     1048.2654 56175238    2.91%
 489772 220695     1061.4067   621     1079.6605     1048.2654 56159626    2.91%
 491171 224323     1050.8304   589     1079.6605     1048.2654 56317411    2.91%
 492659 223186     1059.9118   483     1079.6605     1048.2708 56265395    2.91%
 494284 224369     1056.8184   565     1079.6605     1048.2839 56319635    2.91%
 495845 225552     1066.9447   532     1079.6605     1048.2858 56386968    2.91%
 497208 229148     1063.1059   627     1079.6605     1048.2928 56544967    2.91%
 498669 228274        cutoff           1079.6605     1048.2966 56500002    2.90%
Elapsed time = 15628.62 sec. (3016387.68 ticks, tree = 41441.19 MB, solutions = 68)
Nodefile size = 39334.97 MB (26688.56 MB after compression)
 500207 231601     1052.6495   603     1079.6605     1048.2987 56649665    2.90%
 501693 231056     1061.5985   565     1079.6605     1048.2993 56625838    2.90%
 503223 235556     1075.8017   458     1079.6605     1048.2997 56816299    2.90%
 504667 235417     1078.3646   555     1079.6605     1048.2997 56812743    2.90%
 506309 237575     1064.8740   567     1079.6605     1048.2997 56897569    2.90%
 507805 238305     1070.7890   569     1079.6605     1048.3134 56926890    2.90%
 509499 238468     1075.5188   525     1079.6605     1048.3138 56934455    2.90%
 510955 240897     1055.7822   598     1079.6605     1048.3138 57043170    2.90%
 512385 242328     1056.1054   629     1079.6605     1048.3138 57090157    2.90%
 513740 245933     1068.7622   520     1079.6605     1048.3145 57236639    2.90%
Elapsed time = 15839.02 sec. (3054556.82 ticks, tree = 45909.51 MB, solutions = 68)
Nodefile size = 43836.28 MB (29849.44 MB after compression)
 515320 246481     1067.0155   500     1079.6605     1048.3308 57262045    2.90%
 516838 246591     1068.7170   578     1079.6605     1048.3333 57270503    2.90%
 518195 248129     1074.0273   522     1079.6605     1048.3383 57332238    2.90%
 519639 248174     1054.4169   590     1079.6605     1048.3396 57334431    2.90%
 521245 251618     1068.9814   603     1079.6605     1048.3427 57500151    2.90%
 522726 254780     1078.8981   534     1079.6605     1048.3457 57639337    2.90%
 524289 253588     1061.0238   524     1079.6605     1048.3494 57584160    2.90%
 525780 254957     1057.7297   614     1079.6605     1048.3515 57657652    2.90%
