Version identifier: 22.1.1.0 | 2022-11-28 | 9160aff4d
CPXPARAM_TimeLimit                               20400
Tried aggregator 1 time.
MIP Presolve eliminated 2169 rows and 1874 columns.
MIP Presolve modified 12487 coefficients.
Reduced MIP has 28183 rows, 30276 columns, and 129892 nonzeros.
Reduced MIP has 15428 binaries, 14848 generals, 0 SOSs, and 0 indicators.
Presolve time = 0.14 sec. (85.57 ticks)
Probing time = 6.04 sec. (46.50 ticks)
Cover probing fixed 0 vars, tightened 12 bounds.
Tried aggregator 1 time.
Detecting symmetries...
MIP Presolve eliminated 492 rows and 492 columns.
MIP Presolve modified 2 coefficients.
Reduced MIP has 27691 rows, 29784 columns, and 128218 nonzeros.
Reduced MIP has 15426 binaries, 14358 generals, 0 SOSs, and 0 indicators.
Presolve time = 0.22 sec. (112.55 ticks)
Probing time = 8.76 sec. (19.24 ticks)
Cover probing fixed 0 vars, tightened 11 bounds.
Clique table members: 31792.
MIP emphasis: balance optimality and feasibility.
MIP search method: dynamic search.
Parallel mode: deterministic, using up to 32 threads.
Root relaxation solution time = 5.39 sec. (650.96 ticks)

        Nodes                                         Cuts/
   Node  Left     Objective  IInf  Best Integer    Best Bound    ItCnt     Gap

      0     0      771.9889   411                    771.9889       19         
      0     0      817.7515   556                   Cuts: 343     1928         
      0     0      828.1275   655                   Cuts: 219     3040         
      0     0      833.8530   655                   Cuts: 143     3977         
      0     0      837.0081   703                   Cuts: 112     4532         
      0     0      839.3084   661                   Cuts: 108     5017         
Detecting symmetries...
      0     0      840.9647   674                    Cuts: 96     5349         
      0     0      841.7365   651                    Cuts: 60     5551         
      0     0      842.0323   639                    Cuts: 44     5707         
      0     0      842.2423   631                    Cuts: 34     5848         
      0     0      842.3466   625                    Cuts: 20     5919         
      0     0      842.3803   621                    Cuts: 21     5938         
      0     0      842.4284   619                    Cuts: 10     5979         
Detecting symmetries...
      0     2      842.4284   619                    842.4284     5979         
Elapsed time = 48.25 sec. (16037.35 ticks, tree = 0.02 MB, solutions = 0)
      3     4      846.5736   588                    842.4326     6504         
      5     5      844.6787   632                    842.4326     6781         
     14     9      901.1225   605                    844.6798     8744         
     36    25      893.5388   593                    845.1353    12442         
     87    50      894.3107   598                    845.1353    16662         
    125    85      895.3330   633                    845.1353    24183         
    151   135      963.8926   637                    845.3171    37184         
    168   120      921.1367   578                    845.3171    33352         
    179   147      937.5961   566                    845.3171    44361         
    202   168      958.8197   601                    845.3171    55421         
Elapsed time = 72.37 sec. (19539.85 ticks, tree = 1.17 MB, solutions = 0)
    240   236      967.8001   537                    845.3171   172837         
    300   282      992.6077   509                    845.3171   211421         
    352   320      947.8120   538                    845.3171   230482         
    394   339      941.9847   612                    845.3171   243934         
    508   411     1012.1717   516                    845.3171   313732         
    705   509    infeasible                          845.3171   336551         
    920   685     1114.3134   552                    845.3171   363961         
   1208   790     1055.9665   439                    845.3171   392766         
   1579  1238     1108.1569   500                    845.3171   456192         
   1935  1540     1252.4493   329                    845.3171   498558         
Elapsed time = 123.10 sec. (29179.09 ticks, tree = 204.24 MB, solutions = 0)
   2361  1792     1213.3104   381                    845.3171   535083         
   2714  2177     1160.1773   300                    845.3171   581592         
   3131  2144     1223.6060   457                    845.3171   573208         
   3569  2475     1388.2959   319                    845.3171   610427         
   3975  3258      997.4150   431                    845.3171   700116         
   4425  3538     1295.3759   296                    845.3171   730818         
   4904  3524     1189.4176   438                    845.3171   727217         
   5366  4093     1406.6023   344                    845.3171   801033         
   5886  4376     1603.5483   268                    845.3171   839970         
   6140  4717     1430.4329   316                    845.3171   877217         
Elapsed time = 176.69 sec. (38733.95 ticks, tree = 942.38 MB, solutions = 0)
   6379  5512     1536.2747    59                    845.3171   964987         
   6929  5605     1445.0255   316                    845.3171   979361         
   7622  5605     1056.1128   498                    845.3171   980399         
   8402  6100     1618.3912   198                    845.3171  1026997         
   9228  7015     1657.6285   183                    845.3171  1092969         
   9899  7888     1730.7628    88                    845.3171  1155734         
  10667  8490     1737.8983   239                    845.3171  1204359         
  11429  8876     1259.3453   356                    845.3171  1229889         
  12190  9652      908.5012   562                    845.3171  1280315         
  12870 10116     1554.1754    51                    845.3171  1311606         
Elapsed time = 229.54 sec. (48281.04 ticks, tree = 2277.45 MB, solutions = 0)
Nodefile size = 222.01 MB (150.76 MB after compression)
  13634 10240     1610.9477   140                    845.3171  1312172         
  14293 10920     1700.0837   257                    845.3171  1358521         
  15060 11861     1429.4625   384                    845.3171  1430802         
  15789 12232     1773.7463    94                    845.3171  1458110         
  16422 12914     1682.4756   103                    845.3171  1500988         
  16851 13578     1657.2282    58                    845.3171  1554413         
  17251 13805      977.6987   505                    845.3171  1589218         
  17617 14098      978.8554   531                    845.3171  1620255         
  18023 14528     1534.3498   322                    845.3171  1661397         
  18444 15127     1864.3834    23                    845.3171  1747748         
Elapsed time = 282.97 sec. (57833.00 ticks, tree = 3513.30 MB, solutions = 0)
Nodefile size = 1456.72 MB (983.15 MB after compression)
  18813 15444      921.7083   592                    845.3171  1786933         
  19135 15619     1410.2481   149                    845.3171  1817129         
  19476 15748     1378.2352   387                    845.3171  1838099         
  19837 16046     1075.6967   484                    845.3171  1881740         
  20227 16095     1318.6008   538                    845.9700  1890019         
  20528 16711     1125.5471   433                    846.0574  1972099         
  20782 16890     1414.8171   402                    846.0574  1995726         
  21086 17079     1389.0559   252                    846.0574  2018378         
  21463 17664     1550.9220   148                    846.0574  2097781         
  21882 17919     1411.7231   243                    846.0574  2129657         
Elapsed time = 332.91 sec. (67393.59 ticks, tree = 4086.70 MB, solutions = 0)
Nodefile size = 2030.94 MB (1364.98 MB after compression)
  22342 18150     1262.6079   224                    846.0574  2152730         
  22715 18372     1678.8909   201                    846.0574  2175348         
  22958 18397     1696.6102   173                    846.0574  2177046         
  23056 19097      990.0226   603                    846.0574  2265292         
  23182 19114     1227.5784   473                    846.4540  2274408         
  23367 19145      869.9485   564                    846.4540  2286130         
  23545 19345     1495.8034   363                    846.4540  2345261         
  23812 19400      864.6718   547                    846.4540  2354430         
  24074 19591     1246.9855   369                    846.4540  2369421         
  24295 19923      861.4801   543                    846.4540  2448779         
Elapsed time = 392.40 sec. (76983.34 ticks, tree = 4483.98 MB, solutions = 0)
Nodefile size = 2429.93 MB (1625.25 MB after compression)
  24600 19982     1146.1584   481                    846.4540  2458144         
  24942 20045     1061.8618   439                    846.4540  2469751         
  25345 20222     1784.6635   340                    846.4540  2498188         
  25659 20925     1267.3049   365                    846.4540  2570877         
  26005 20824     1825.4305   311                    846.4540  2566991         
  26316 21349     1300.8028   553                    846.4540  2646719         
  26705 21670    infeasible                          846.4540  2682886         
  27151 21957     1928.1433   154                    846.4540  2731423         
  27517 22000     1609.6903   315                    846.4540  2735598         
  27895 22444     1238.3495   393                    846.4540  2778178         
Elapsed time = 446.05 sec. (86548.15 ticks, tree = 5070.22 MB, solutions = 0)
Nodefile size = 3008.75 MB (2014.88 MB after compression)
  28251 23084    infeasible                          846.4540  2862059         
  28692 23239     1509.7124   344                    846.4540  2871559         
  29097 23834     1363.0762   386                    846.4540  2956568         
  29561 23723     1710.0992   400                    846.4540  2950395         
  30010 24376     1107.8745   499                    846.4540  3018349         
  30359 24346     1260.5633   413                    846.4540  3010625         
  30592 25014     1112.6371   530                    846.4540  3074800         
  30731 25621     1076.3042   469                    846.4540  3154198         
  30872 25529     1343.7637   331                    846.4540  3139258         
  31110 25666     1221.2240   470                    846.4540  3174108         
Elapsed time = 504.26 sec. (96110.73 ticks, tree = 5837.26 MB, solutions = 0)
Nodefile size = 3778.68 MB (2528.18 MB after compression)
  31419 25942      954.5490   509                    846.5254  3216917         
  31735 25944     1185.3395   597                    847.6621  3212469         
  32193 26054     1390.1429   309                    847.6621  3240545         
  32648 26845     1394.2014   355                    847.6621  3346477         
  33081 27024     1180.9614   443                    847.6621  3370107         
  33418 27034     1209.9063   505                    847.8094  3372189         
  33710 27333     1324.9518   414                    847.8094  3401338         
  34005 27785      881.3661   551                    847.8094  3449749         
  34362 28068     1686.1622   418                    847.8094  3497180         
  35646 29461     1128.8859   558                    847.8094  3688618         
Elapsed time = 574.94 sec. (108536.69 ticks, tree = 6689.63 MB, solutions = 0)
Nodefile size = 4633.35 MB (3105.65 MB after compression)
* 37123 30582      integral     0     2265.1090      847.8094  3820650   62.57%
  37128 30462     1217.8550   461     2265.1090      847.8094  3803460   62.57%
* 38672+31521                         2251.2282      847.8916            62.34%
  38851 31379     1324.9518   417     2251.2282      847.8916  3915598   62.34%
* 39122+31521                         2251.1558      847.8916            62.34%
* 39150+31521                         2249.1754      847.8916            62.30%
* 39293+30897                         2181.7078      847.8916            61.14%
* 39314+30897                         2172.1335      847.8916            60.97%
* 39323+31967                         2149.0919      847.8916            60.55%
* 39323+31967                         2147.3332      847.8916            60.51%
* 39323+31967                         2141.3235      847.8916            60.40%
* 39323+31967                         2132.3010      847.8916            60.24%
* 39323+31967                         2109.5109      847.8916            59.81%
* 39323+31967                         2107.6659      847.8916            59.77%
* 39323+31967                         2105.6374      847.8916            59.73%
* 39323+31967                         2104.9998      847.8916            59.72%
  39323 31969     1274.6567   330     2104.9998      847.8916  3971497   59.72%
* 39324+32124                         1608.2802      847.8916            47.28%
* 39324+32124                         1605.5560      847.8916            47.19%
* 39324+32124                         1597.7021      847.8916            46.93%
* 39324+32124                         1587.2467      847.8916            46.58%
* 39324+32124                         1579.7909      847.8916            46.33%
* 39324+32124                         1567.3663      847.8916            45.90%
* 39324+32124                         1557.4319      847.8916            45.56%
* 39324+32124                         1555.6447      847.8916            45.50%

Performing restart 1

Repeating presolve.
Tried aggregator 1 time.
MIP Presolve eliminated 29 rows and 129 columns.
MIP Presolve modified 367 coefficients.
Reduced MIP has 27662 rows, 29655 columns, and 127839 nonzeros.
Reduced MIP has 15326 binaries, 14329 generals, 0 SOSs, and 0 indicators.
Presolve time = 0.13 sec. (59.14 ticks)
Tried aggregator 1 time.
MIP Presolve eliminated 47 rows and 184 columns.
Reduced MIP has 27615 rows, 29471 columns, and 127284 nonzeros.
Reduced MIP has 15189 binaries, 14282 generals, 0 SOSs, and 0 indicators.
Presolve time = 0.19 sec. (80.57 ticks)
Represolve time = 11.56 sec. (331.23 ticks)
  39325     0      878.6879   653     1555.6447     Cuts: 730  4114678   43.52%
* 39325+    0                         1505.5280      878.6879            41.64%
  39325     0      904.9779   750     1505.5280     Cuts: 399  4116910   39.89%
  39325     0      935.8554   793     1505.5280     Cuts: 717  4120227   37.84%
* 39325+    0                         1426.5879      935.8554            34.40%
* 39325+    0                         1412.1401      935.8554            33.73%
  39325     0  -1.00000e+75     0     1412.1401      935.8554  4120227   33.73%
  39325     0      946.5368   814     1412.1401     Cuts: 494  4122237   32.97%
  39325     0      960.2347   742     1412.1401     Cuts: 386  4125102   32.00%
  39325     0      964.3003   841     1412.1401     Cuts: 477  4126123   31.71%
  39325     0      966.5837   860     1412.1401     Cuts: 308  4127100   31.55%
  39325     0      970.2294   866     1412.1401     Cuts: 236  4128193   31.29%
  39325     0      971.8047   856     1412.1401     Cuts: 256  4129154   31.18%
  39325     0      973.4873   878     1412.1401     Cuts: 222  4129907   31.06%
  39325     0      974.0240   821     1412.1401     Cuts: 216  4130316   31.02%
  39325     0      974.3618   874     1412.1401     Cuts: 101  4133133   31.00%
  39325     0      990.3815   827     1412.1401     Cuts: 604  4135132   29.87%
  39325     0      992.1960   915     1412.1401     Cuts: 309  4136035   29.74%
  39325     0      992.9762   880     1412.1401     Cuts: 186  4136667   29.68%
  39325     0      993.8896   868     1412.1401     Cuts: 102  4137144   29.62%
  39325     0      994.0619   882     1412.1401      Cuts: 89  4137471   29.61%
  39325     0      994.2500   898     1412.1401      Cuts: 52  4138363   29.59%
  39325     0      994.2911   876     1412.1401     Cuts: 216  4138564   29.59%
  39325     0      994.3216   897     1412.1401      Cuts: 60  4138677   29.59%
  39325     0      994.3484   897     1412.1401      Cuts: 23  4138783   29.59%
  39325     0      994.3764   903     1412.1401      Cuts: 18  4138853   29.58%
  39325     0      994.4026   896     1412.1401      Cuts: 21  4138938   29.58%
  39325     2      994.5424   877     1412.1401      994.4026  4138938   29.58%
  39326     3      997.4895   832     1412.1401      997.4907  4142855   29.36%
  39327     4      999.2208   847     1412.1401      999.2507  4144252   29.24%
  39329     5      999.6484   837     1412.1401      999.6538  4144579   29.21%
  39331     5     1018.6902   659     1412.1401      999.6538  4146942   29.21%
  39336    10     1023.4120   865     1412.1401      999.6929  4156274   29.21%
  39342    12     1018.2834   909     1412.1401      999.6929  4166480   29.21%
Elapsed time = 977.78 sec. (297915.57 ticks, tree = 0.25 MB, solutions = 25)
  39345    14     1026.3599   865     1412.1401      999.6929  4166875   29.21%
* 39347+   13                         1403.1695     1004.2774            28.43%
* 39347+   14                         1386.6000     1004.2774            27.57%
* 39350+   11                         1385.9256     1004.2774            27.54%
  39350    11     1009.8193   833     1385.9256     1004.2774  4162525   27.54%
  39361    24     1027.5238   916     1385.9256     1004.2774  4208312   27.54%
  39366    26     1044.7940   824     1385.9256     1006.1676  4230079   27.40%
* 39372+   17                         1383.2408     1008.6147            27.08%
* 39374+   20                         1378.8584     1008.6202            26.85%
* 39374+   20                         1370.3887     1008.6202            26.40%
* 39374+   20                         1369.3071     1008.6202            26.34%
  39374    19     1060.6018   858     1369.3071     1008.6202  4184951   26.34%
* 39378+   20                         1367.1600     1008.6202            26.23%
  39393    44     1048.9136   831     1367.1600     1008.6202  4370578   26.23%
  39404    57     1031.8008   921     1367.1600     1008.6202  4485123   26.23%
* 39415+   31                         1366.5801     1008.6202            26.19%
* 39419+   31                         1366.2551     1008.6202            26.18%
  39422    48     1036.0411   917     1366.2551     1008.6202  4395376   26.18%
* 39423+   31                         1365.0825     1008.6202            26.11%
  39440    71     1053.4114   803     1365.0825     1008.6202  4562950   26.11%
  39470   109     1029.0200   915     1365.0825     1008.6202  4681082   26.11%
Elapsed time = 1282.31 sec. (339105.16 ticks, tree = 0.72 MB, solutions = 94)
  39504   107     1029.5834   924     1365.0825     1008.6202  4673551   26.11%
  39532   119     1062.1300   806     1365.0825     1008.6202  4698316   26.11%
  39559   177     1050.5399   831     1365.0825     1008.6202  4785715   26.11%
  39587   130     1048.0730   870     1365.0825     1008.6202  4717929   26.11%
  39623   247     1033.0316   910     1365.0825     1008.6202  4886814   26.11%
  39664   264     1067.0331   855     1365.0825     1008.6202  4931458   26.11%
  39711   249     1034.5588   922     1365.0825     1008.6202  4887556   26.11%
  39778   299     1096.8887   850     1365.0825     1008.6202  4985337   26.11%
  39844   329     1037.3528   864     1365.0825     1008.6202  5004566   26.11%
  39921   369     1084.6476   798     1365.0825     1008.6202  5024092   26.11%
Elapsed time = 1543.80 sec. (377740.09 ticks, tree = 11.79 MB, solutions = 96)
  39998   477     1032.7202   860     1365.0825     1008.6202  5058952   26.11%
  40074   490     1063.0898   820     1365.0825     1008.6202  5067585   26.11%
  40157   617     1062.4714   901     1365.0825     1008.6202  5118983   26.11%
  40231   774     1042.7882   837     1365.0825     1008.6202  5230902   26.11%
  40345   815     1193.0063   703     1365.0825     1008.6202  5244193   26.11%
  40550   839     1116.3633   750     1365.0825     1008.6202  5259972   26.11%
  40810  1037     1070.1874   756     1365.0825     1008.6202  5371905   26.11%
  41161   904     1118.1773   685     1365.0825     1008.6202  5309504   26.11%
* 41268+ 1113                         1363.7515     1008.6202            26.04%
* 41364+ 1164                         1363.7515     1008.6202            26.04%
  41504  1254     1128.2701   780     1363.7515     1008.6202  5426258   26.04%
  41844  1056     1152.1421   625     1363.7515     1008.6202  5352286   26.04%
Elapsed time = 1804.24 sec. (416127.91 ticks, tree = 70.55 MB, solutions = 97)
  42183  1837     1165.9328   577     1363.7515     1008.6202  5536603   26.04%
  42490  2369     1056.9371   899     1363.7515     1008.6202  5641903   26.04%
  42932  2416     1130.0406   783     1363.7515     1008.6202  5666316   26.04%
  43460  2516     1183.2936   706     1363.7515     1008.6202  5680223   26.04%
  44040  3172     1320.2545   571     1363.7515     1008.6202  5776542   26.04%
  44412  3268     1259.0892   612     1363.7515     1008.6202  5793507   26.04%
  44838  3800     1310.7438   615     1363.7515     1008.6202  5887830   26.04%
  45198  4308     1218.1677   729     1363.7515     1008.6202  6005033   26.04%
  45447  3891     1132.5511   739     1363.7515     1012.8743  5919046   25.73%
  45595  5199     1066.1470   858     1363.7515     1012.8743  6149637   25.73%
Elapsed time = 2082.19 sec. (454382.02 ticks, tree = 989.42 MB, solutions = 97)
  45813  5130     1086.5952   902     1363.7515     1012.8743  6145042   25.73%
  46114  5547     1224.4255   660     1363.7515     1012.8743  6231126   25.73%
  46586  5997     1206.1470   686     1363.7515     1012.8743  6437914   25.73%
  47065  6263     1183.6686   620     1363.7515     1012.8743  6522784   25.73%
  47433  6644     1210.0333   710     1363.7515     1012.8743  6602659   25.73%
  47802  6668     1275.5249   644     1363.7515     1016.7678  6605239   25.44%
  48205  7772     1164.3633   689     1363.7515     1016.7678  6816199   25.44%
  48634  8093     1107.7450   876     1363.7515     1016.7678  6883484   25.44%
  49137  7916     1179.9272   821     1363.7515     1016.7678  6842544   25.44%
  49466  8408     1120.1050   841     1363.7515     1016.7678  6960168   25.44%
Elapsed time = 2358.53 sec. (492664.23 ticks, tree = 1610.06 MB, solutions = 97)
  49757  8974     1105.3678   855     1363.7515     1016.7678  7062340   25.44%
* 50074+ 9497                         1335.3311     1016.7678            23.86%
  50099  9742     1207.3163   669     1335.3311     1016.7678  7220492   23.86%
  50555  9284     1211.0732   745     1335.3311     1016.7678  7145320   23.86%
  51142  9884     1228.3869   687     1335.3311     1016.7678  7310381   23.86%
  51796  9896     1306.0371   663     1335.3311     1016.7678  7319180   23.86%
  52326 11284     1167.3624   813     1335.3311     1016.7678  7542539   23.86%
  52848 10498     1134.5508   732     1335.3311     1016.7678  7432367   23.86%
  53381 12318     1116.3276   822     1335.3311     1016.7678  7677967   23.86%
  54010 11793     1144.7207   832     1335.3311     1016.7678  7615495   23.86%
  54599 12580     1113.5697   731     1335.3311     1025.7471  7721441   23.18%
Elapsed time = 2632.54 sec. (530863.42 ticks, tree = 2578.61 MB, solutions = 98)
Nodefile size = 517.99 MB (356.23 MB after compression)
  55047 12989     1251.7526   753     1335.3311     1030.9244  7801227   22.80%
  55474 13853     1070.8255   788     1335.3311     1030.9274  7910070   22.80%
  55867 14340     1226.4193   773     1335.3311     1030.9274  7972317   22.80%
  56403 14373     1098.2973   853     1335.3311     1031.8636  7982954   22.73%
  56906 14878     1252.5355   698     1335.3311     1031.8636  8097708   22.73%
  57378 15556     1094.6844   855     1335.3311     1032.1369  8224787   22.71%
  57919 15927     1263.8347   742     1335.3311     1032.1369  8279404   22.71%
  58611 16990     1109.2045   713     1335.3311     1032.1369  8465360   22.71%
  59272 17790     1299.8388   637     1335.3311     1032.1369  8584492   22.71%
  59933 18401     1265.2773   787     1335.3311     1032.1369  8654899   22.71%
Elapsed time = 2922.84 sec. (569082.34 ticks, tree = 3927.19 MB, solutions = 98)
Nodefile size = 1872.83 MB (1292.23 MB after compression)
  60468 18529     1096.9703   921     1335.3311     1032.1369  8677899   22.71%
  60908 18874     1180.6575   727     1335.3311     1032.1369  8714206   22.71%
  61348 19429     1258.3158   706     1335.3311     1032.9787  8783806   22.64%
  61743 20028     1274.2740   657     1335.3311     1033.4395  8902255   22.61%
  62073 20327     1312.6920   707     1335.3311     1033.4395  8961548   22.61%
  62410 20772     1159.4625   783     1335.3311     1033.4395  9050969   22.61%
  62784 21527     1207.2531   686     1335.3311     1033.4395  9249755   22.61%
  63095 21283     1283.4120   792     1335.3311     1033.4395  9212168   22.61%
  63522 22142     1327.5319   741     1335.3311     1033.4395  9414653   22.61%
  63949 21873        cutoff           1335.3311     1033.4395  9328730   22.61%
Elapsed time = 3198.11 sec. (607251.87 ticks, tree = 4464.92 MB, solutions = 98)
Nodefile size = 2398.45 MB (1654.72 MB after compression)
  64308 22355     1090.1616   881     1335.3311     1033.4395  9480014   22.61%
  64630 22759     1268.2263   847     1335.3311     1033.4395  9559583   22.61%
  65005 23140     1315.5450   637     1335.3311     1033.4395  9640728   22.61%
  65403 23613     1065.6127   905     1335.3311     1033.4395  9765253   22.61%
  65781 23483     1140.9173   836     1335.3311     1033.4395  9745686   22.61%
* 65791+22444                         1325.3795     1033.4395            22.03%
  66351 24429     1174.3202   755     1325.3795     1033.4395  9944714   22.03%
  66985 24610     1234.8729   675     1325.3795     1033.4395  9984075   22.03%
* 67388+24186                         1292.4491     1033.4395            20.04%
* 67564+24186                         1291.9880     1033.4395            20.01%
  67593 24844     1188.6223   707     1291.9880     1033.4395 10023906   20.01%
* 67627+24186                         1290.9529     1034.5508            19.86%
  68147 23742     1270.2091   687     1290.9529     1035.4207 10205674   19.79%
  68592 23844     1180.2545   701     1290.9529     1035.7136 10215490   19.77%
Elapsed time = 3481.24 sec. (645537.11 ticks, tree = 4932.86 MB, solutions = 107)
Nodefile size = 2870.91 MB (1983.82 MB after compression)
* 68942+24500                         1290.6771     1035.8526            19.74%
  69079 24554     1099.3798   854     1290.6771     1035.8526 10358387   19.74%
  69601 24539     1205.0651   773     1290.6771     1035.8526 10349615   19.74%
  70096 24553     1212.5815   747     1290.6771     1035.9144 10350691   19.74%
  70565 24816     1225.3213   665     1290.6771     1036.0409 10397317   19.73%
* 70911+26302                         1289.8272     1036.0409            19.68%
  70928 26674     1233.2280   738     1289.8272     1036.0409 10673066   19.68%
* 71278+24581                         1280.1086     1036.0409            19.07%
  71316 26472     1191.0985   847     1280.1086     1036.0409 10634470   19.07%
  71654 26758     1193.1901   811     1280.1086     1036.0465 10695797   19.07%
  72093 27093     1122.4321   737     1280.1086     1036.7398 10782216   19.01%
* 72248+27419                         1280.0995     1036.7398            19.01%
  72360 26961     1175.0517   852     1280.0995     1036.7398 10938636   19.01%
  72693 27424     1252.3182   776     1280.0995     1036.7398 11019228   19.01%
Elapsed time = 3754.78 sec. (683828.50 ticks, tree = 5475.33 MB, solutions = 119)
Nodefile size = 3419.30 MB (2361.06 MB after compression)
  73084 27001     1199.3890   834     1280.0995     1036.8676 10941853   19.00%
  73413 27521     1144.6221   838     1280.0995     1037.0961 11045439   18.98%
* 73418+27462                         1279.2784     1037.0961            18.93%
* 73508+27462                         1278.7207     1037.0961            18.90%
* 73726+28397                         1278.2828     1037.1194            18.87%
  73798 28366     1149.9991   865     1278.2828     1037.1194 11209733   18.87%
  74288 28452     1130.6874   854     1278.2828     1037.1194 11229034   18.87%
  74695 28531     1119.6700   896     1278.2828     1037.3532 11214302   18.85%
  75111 28593     1165.2232   795     1278.2828     1037.4672 11284250   18.84%
  75559 29333     1074.8614   801     1278.2828     1037.4672 11425271   18.84%
  76110 29807     1244.6527   721     1278.2828     1038.0228 11525605   18.80%
  76628 30013     1235.0503   805     1278.2828     1038.0228 11567744   18.80%
  77173 30037     1263.1021   694     1278.2828     1038.0228 11570683   18.80%
Elapsed time = 4028.62 sec. (722072.17 ticks, tree = 5714.49 MB, solutions = 122)
Nodefile size = 3645.12 MB (2515.50 MB after compression)
* 77261+30320                         1277.7046     1038.0228            18.76%
  77694 30543     1259.0821   715     1277.7046     1038.0285 11655785   18.76%
  78165 31042     1052.6384   929     1277.7046     1038.0285 11750051   18.76%
  78686 31565     1249.7919   683     1277.7046     1038.3319 11825409   18.73%
  79282 33007     1098.4440   817     1277.7046     1038.3319 12091563   18.73%
  79944 32893     1254.4256   640     1277.7046     1038.3849 12062631   18.73%
  80512 33370     1225.3450   687     1277.7046     1038.3849 12165688   18.73%
  80994 34031     1120.9901   790     1277.7046     1038.9007 12283612   18.69%
  81436 33867     1141.3347   860     1277.7046     1038.9007 12258995   18.69%
  81948 35360     1172.0800   835     1277.7046     1038.9007 12473621   18.69%
  82423 35613     1240.2268   724     1277.7046     1039.1562 12521080   18.67%
Elapsed time = 4313.88 sec. (760314.60 ticks, tree = 6981.04 MB, solutions = 123)
Nodefile size = 4924.10 MB (3413.89 MB after compression)
* 82670+35027                         1277.3395     1039.1562            18.65%
  82854 36361     1113.7383   810     1277.3395     1039.1562 12629331   18.65%
  83187 36683     1186.2983   774     1277.3395     1039.5956 12684648   18.61%
  83590 36700        cutoff           1277.3395     1039.7055 12702723   18.60%
  84059 37315     1213.4166   687     1277.3395     1039.8868 12891243   18.59%
  84557 37219     1223.1076   714     1277.3395     1039.8950 12867581   18.59%
  84965 37247     1248.3639   701     1277.3395     1039.8950 12870744   18.59%
  85373 38479     1111.5125   771     1277.3395     1039.8950 13135114   18.59%
  85702 39356     1141.8260   780     1277.3395     1040.2045 13316730   18.56%
  86167 39554        cutoff           1277.3395     1040.2045 13364837   18.56%
  86704 39147     1264.6715   628     1277.3395     1040.5449 13275534   18.54%
Elapsed time = 4591.49 sec. (798558.95 ticks, tree = 7317.91 MB, solutions = 124)
Nodefile size = 5237.00 MB (3622.55 MB after compression)
  87207 40235     1185.2184   725     1277.3395     1040.5449 13511806   18.54%
  87829 40671     1109.5203   845     1277.3395     1040.5449 13576936   18.54%
  88390 40136     1151.1186   744     1277.3395     1040.5449 13500422   18.54%
  88886 40910     1228.3482   683     1277.3395     1041.0250 13618346   18.50%
  89383 42836     1127.7668   767     1277.3395     1041.1229 13948175   18.49%
  89878 42728     1140.7982   896     1277.3395     1041.1229 13923431   18.49%
  90348 42315     1124.0916   752     1277.3395     1041.1229 13869661   18.49%
  90745 43180     1063.2044   967     1277.3395     1041.5232 14029906   18.46%
* 90980+43818                         1276.8359     1041.5232            18.43%
* 90998+43818                         1271.3266     1041.5232            18.08%
* 90999+43818                         1267.6633     1041.5232            17.84%
* 91028+44071                         1240.9381     1041.5232            16.07%
  91028 43459     1178.3038   773     1240.9381     1041.5232 14098858   16.07%
* 91038+44071                         1212.7579     1041.5232            14.12%
  91302 43510     1250.5697   753     1212.7579     1042.0402 14120161   14.08%
Elapsed time = 4876.29 sec. (836818.22 ticks, tree = 8343.53 MB, solutions = 124)
Nodefile size = 6278.20 MB (4336.69 MB after compression)
  91587 43423     1160.4662   809     1212.7579     1042.0402 14092860   14.08%
  91889 44552     1113.6246   834     1212.7579     1042.0402 14307601   14.08%
* 92193+44071                         1210.2357     1042.0402            13.90%
  92195 45137     1108.7722   783     1210.2357     1042.0402 14403421   13.90%
* 92296+44071                         1208.1775     1042.0402            13.75%
  92449 45089     1118.2902   759     1208.1775     1042.0402 14392106   13.75%
  92766 30408     1141.2491   754     1208.1775     1042.0402 14524860   13.75%
  93264 31760     1141.3570   787     1208.1775     1042.0402 14488017   13.75%
  93758 31789     1144.7568   817     1208.1775     1042.5444 14501898   13.71%
  94132 30622     1184.7183   752     1208.1775     1042.5622 14581058   13.71%
  94496 30685     1105.4253   786     1208.1775     1042.8276 14612138   13.69%
  94863 31090     1138.4485   761     1208.1775     1042.8276 14710487   13.69%
Elapsed time = 5134.98 sec. (875087.43 ticks, tree = 5849.57 MB, solutions = 142)
Nodefile size = 3790.02 MB (2614.01 MB after compression)
  95104 31557     1158.1829   694     1208.1775     1042.9424 14833112   13.68%
  95421 32066     1128.3058   844     1208.1775     1042.9424 14924378   13.68%
  95754 32990     1148.3907   797     1208.1775     1043.3244 15136972   13.64%
  96189 32814     1120.4484   804     1208.1775     1043.4078 15083809   13.64%
  96601 32825        cutoff           1208.1775     1043.4078 15086717   13.64%
  96932 34110     1081.2265   915     1208.1775     1043.4078 15395771   13.64%
  97300 34413     1135.8131   777     1208.1775     1043.4078 15459090   13.64%
  97839 33788     1145.4083   816     1208.1775     1043.5041 15310242   13.63%
  98343 34193     1097.7227   711     1208.1775     1043.7030 15414303   13.61%
  98824 35508     1116.6225   845     1208.1775     1043.7842 15707067   13.61%
Elapsed time = 5419.26 sec. (913343.64 ticks, tree = 6421.20 MB, solutions = 142)
Nodefile size = 4359.07 MB (3004.82 MB after compression)
  99359 35763     1094.9688   791     1208.1775     1043.8937 15761134   13.60%
  99998 35709     1176.5807   707     1208.1775     1044.4315 15742071   13.55%
 100499 36599     1060.1121   783     1208.1775     1044.6165 15912238   13.54%
 100970 36134     1133.6692   917     1208.1775     1044.6520 15843731   13.53%
 101396 36354     1135.0733   788     1208.1775     1044.9033 15875738   13.51%
 101944 36618     1098.5100   852     1208.1775     1044.9033 15920671   13.51%
 102523 38695     1135.4583   807     1208.1775     1044.9307 16277963   13.51%
 103008 38620     1175.1695   689     1208.1775     1045.4146 16258838   13.47%
 103307 39697        cutoff           1208.1775     1045.4146 16463220   13.47%
 103714 38722     1101.1886   821     1208.1775     1045.4146 16294713   13.47%
Elapsed time = 5686.84 sec. (951560.81 ticks, tree = 7171.35 MB, solutions = 142)
Nodefile size = 5112.80 MB (3529.47 MB after compression)
 104325 39707     1082.3433   868     1208.1775     1045.5362 16469449   13.46%
 104855 39726     1103.9002   835     1208.1775     1045.7889 16472339   13.44%
 105336 41254     1205.4369   459     1208.1775     1045.7889 16773842   13.44%
 105722 40468     1135.2474   798     1208.1775     1045.7889 16595575   13.44%
 106139 42125     1120.5340   729     1208.1775     1045.8319 16908424   13.44%
 106773 41836     1194.2985   746     1208.1775     1045.8319 16857263   13.44%
 107375 41678     1149.2193   671     1208.1775     1046.1593 16846144   13.41%
 107807 42335     1069.2796   778     1208.1775     1046.5489 16940430   13.38%
 108315 43822     1130.9307   787     1208.1775     1046.6611 17230305   13.37%
 109044 43073     1067.8051   778     1208.1775     1047.0033 17095845   13.34%
Elapsed time = 5969.21 sec. (989787.97 ticks, tree = 7578.82 MB, solutions = 142)
Nodefile size = 5517.82 MB (3801.86 MB after compression)
 109681 43808     1115.0951   795     1208.1775     1047.1868 17223496   13.33%
 110128 43851     1188.7326   711     1208.1775     1047.1885 17223822   13.32%
 110533 45441     1140.1121   796     1208.1775     1047.2727 17462206   13.32%
 111017 46066     1116.0912   862     1208.1775     1047.2727 17532400   13.32%
 111446 45648     1158.3182   735     1208.1775     1047.2727 17476340   13.32%
 111797 47287     1161.8442   703     1208.1775     1047.3787 17703032   13.31%
 112088 48060     1162.7585   738     1208.1775     1047.3787 17820917   13.31%
 112391 48088     1070.0258   796     1208.1775     1047.3853 17822840   13.31%
*112536+46890                         1190.1806     1047.3853            12.00%
 112630 48900     1108.1287   878     1190.1806     1047.4437 18039423   11.99%
*112661+46890                         1189.3288     1047.4437            11.93%
*112680+46890                         1187.5360     1047.4437            11.80%
 112929 48735     1201.6975   673     1187.5360     1047.4437 18007642   11.80%
Elapsed time = 6269.80 sec. (1027998.20 ticks, tree = 8923.38 MB, solutions = 145)
Nodefile size = 6861.95 MB (4736.85 MB after compression)
 113337 48634     1203.4973   836     1187.5360     1047.4437 17963030   11.80%
*113402+44728                         1186.8325     1047.4437            11.74%
 113629 48736     1170.5390   824     1186.8325     1047.4437 18000410   11.74%
 113983 44966     1124.0698   866     1186.8325     1048.2456 18278493   11.68%
 114374 44665     1166.1465   755     1186.8325     1048.2456 18175720   11.68%
 114735 45312     1103.5025   941     1186.8325     1048.2598 18395414   11.68%
 115085 44699     1066.5693  1006     1186.8325     1048.2598 18190098   11.68%
 115362 45855     1076.7083  1024     1186.8325     1048.2598 18537350   11.68%
*115647+46286                         1186.6621     1048.2598            11.66%
 115679 46631     1116.3017   787     1186.6621     1048.2598 18705940   11.66%
 115958 46778     1146.8433   668     1186.6621     1048.2598 18743660   11.66%
 116298 47029     1142.5438   847     1186.6621     1048.2598 18876001   11.66%
Elapsed time = 6543.68 sec. (1066246.01 ticks, tree = 8270.64 MB, solutions = 147)
Nodefile size = 6209.90 MB (4287.46 MB after compression)
 116681 46694     1149.5709   715     1186.6621     1048.5634 18712523   11.64%
 116963 47104     1142.4539   864     1186.6621     1048.5634 18897124   11.64%
 117265 46985     1087.3656   989     1186.6621     1049.0434 18830269   11.60%
 117578 48106     1155.2552   679     1186.6621     1049.1038 19134843   11.59%
*117876+47462                         1183.3004     1049.1038            11.34%
 117965 48538     1167.6731   794     1183.3004     1049.1038 19258072   11.34%
 118326 48023     1088.6833   907     1183.3004     1049.1038 19367465   11.34%
 118813 48074     1117.4392   924     1183.3004     1049.1166 19131718   11.34%
 119258 47855     1171.1042   705     1183.3004     1049.1166 19309181   11.34%
 119593 48577     1132.3827   838     1183.3004     1049.1166 19482088   11.34%
 119981 47957     1140.9301   729     1183.3004     1049.1166 19348184   11.34%
Elapsed time = 6830.10 sec. (1104530.93 ticks, tree = 8365.05 MB, solutions = 149)
Nodefile size = 6291.88 MB (4343.31 MB after compression)
 120370 50024     1152.6986   804     1183.3004     1049.4869 19750214   11.31%
 120673 50075     1136.8260   838     1183.3004     1049.5680 19778735   11.30%
 120922 50012     1124.4219   760     1183.3004     1049.6400 19744846   11.30%
 121272 50605     1153.8322   780     1183.3004     1049.6400 19904067   11.30%
 121668 50818     1151.4069   836     1183.3004     1049.7691 19952408   11.28%
 122027 51105     1101.3596   898     1183.3004     1049.8432 20050667   11.28%
 122489 50947     1137.0787   685     1183.3004     1049.8432 20005133   11.28%
 122892 51796     1106.5020   922     1183.3004     1049.9054 20191564   11.27%
 123200 51071     1157.6854   904     1183.3004     1049.9222 20035716   11.27%
 123511 52862     1129.6303   820     1183.3004     1049.9843 20443542   11.27%
Elapsed time = 7138.28 sec. (1142797.50 ticks, tree = 9537.85 MB, solutions = 149)
Nodefile size = 7475.04 MB (5176.20 MB after compression)
 123947 52807     1137.0557   648     1183.3004     1049.9843 20421912   11.27%
 124389 52088     1142.9962   918     1183.3004     1049.9843 20263767   11.27%
 124830 53803     1156.3139   815     1183.3004     1049.9843 20644439   11.27%
 125204 52826     1149.7684   780     1183.3004     1049.9843 20441956   11.27%
 125450 53403     1166.1890   884     1183.3004     1049.9843 20540486   11.27%
 125671 54842     1164.8246   869     1183.3004     1050.5444 20900592   11.22%
 125933 54150     1144.3838   800     1183.3004     1050.5444 20720926   11.22%
 126154 55502     1134.0227   812     1183.3004     1050.7324 21076990   11.20%
 126396 54776     1140.4400   851     1183.3004     1050.7856 20878903   11.20%
 126687 55654     1108.2463   880     1183.3004     1050.8188 21114168   11.20%
Elapsed time = 7462.51 sec. (1181119.85 ticks, tree = 10205.85 MB, solutions = 149)
Nodefile size = 8143.29 MB (5640.89 MB after compression)
 126966 55631     1115.1774   773     1183.3004     1051.0412 21104048   11.18%
 127251 55311        cutoff           1183.3004     1051.2694 21015792   11.16%
 127541 55749     1128.3654   783     1183.3004     1051.2694 21134092   11.16%
 127826 56402     1162.6385   774     1183.3004     1051.2694 21349204   11.16%
 128203 56540     1170.4447   708     1183.3004     1051.2694 21397931   11.16%
 128498 57178     1133.4450   794     1183.3004     1051.5717 21547790   11.13%
*128515+56986                         1182.3571     1051.5717            11.06%
 128783 57230     1153.8588   821     1182.3571     1051.5717 21562025   11.06%
 129097 57471     1128.7591   791     1182.3571     1051.5717 21752795   11.06%
 129400 57800        cutoff           1182.3571     1051.7361 21826096   11.05%
 129732 57420     1120.2887   757     1182.3571     1052.1270 21639482   11.01%
Elapsed time = 7723.93 sec. (1219367.67 ticks, tree = 10446.29 MB, solutions = 150)
Nodefile size = 8368.46 MB (5796.02 MB after compression)
 129991 58387     1140.1152   828     1182.3571     1052.1270 22000846   11.01%
 130281 57347     1137.5453   786     1182.3571     1052.1763 21721040   11.01%
 130650 58292     1160.6446   911     1182.3571     1052.3346 21978981   11.00%
 130915 58405     1132.5397   816     1182.3571     1052.4839 22008691   10.98%
 131217 59286     1092.3751   856     1182.3571     1052.7469 22251332   10.96%
 131536 58683     1149.6748   755     1182.3571     1052.7608 22083749   10.96%
 131945 59722     1144.1847   818     1182.3571     1052.8177 22366530   10.96%
 132251 59789        cutoff           1182.3571     1052.8177 22413161   10.96%
 132513 60260     1138.4354   691     1182.3571     1052.8177 22559895   10.96%
 132916 60477     1123.6065   767     1182.3571     1052.8177 22620014   10.96%
Elapsed time = 8018.74 sec. (1257576.03 ticks, tree = 10854.97 MB, solutions = 150)
Nodefile size = 8790.55 MB (6087.51 MB after compression)
 133231 60458     1167.4525   721     1182.3571     1052.8177 22609129   10.96%
 133499 61248     1087.9928   835     1182.3571     1052.9904 22794169   10.94%
 133809 60312     1154.8615   662     1182.3571     1052.9904 22563580   10.94%
 134078 60943     1109.6687   803     1182.3571     1053.1638 22716185   10.93%
 134375 61139     1090.0192   948     1182.3571     1053.3161 22758814   10.91%
 134757 62385     1114.0937   824     1182.3571     1053.5118 23101833   10.90%
 135056 62048     1134.9975   751     1182.3571     1053.5118 23005928   10.90%
 135400 62367     1117.3748   851     1182.3571     1053.6500 23093430   10.89%
 135734 63201     1151.8064   795     1182.3571     1053.7292 23353491   10.88%
 136075 63698     1109.8211   908     1182.3571     1053.7910 23511666   10.87%
Elapsed time = 8311.94 sec. (1295822.46 ticks, tree = 11628.03 MB, solutions = 150)
Nodefile size = 9563.90 MB (6628.99 MB after compression)
 136379 63841     1141.8107   791     1182.3571     1053.7910 23537255   10.87%
 136676 63515     1065.2745   964     1182.3571     1053.8943 23425015   10.86%
 136908 64444     1128.2938   876     1182.3571     1053.8943 23658461   10.86%
 137093 64904     1103.4548   850     1182.3571     1053.9994 23807363   10.86%
 137350 64754     1155.0347   832     1182.3571     1053.9994 23737608   10.86%
 137626 65096     1117.9298   828     1182.3571     1053.9994 23875225   10.86%
 137898 65748     1177.6128   730     1182.3571     1054.1878 24070651   10.84%
 138119 64850     1107.2703   946     1182.3571     1054.6429 23786713   10.80%
 138330 65639     1109.9938   864     1182.3571     1054.6429 24015154   10.80%
 138503 66162     1097.7857   918     1182.3571     1054.6429 24203598   10.80%
Elapsed time = 8578.20 sec. (1334279.62 ticks, tree = 11918.43 MB, solutions = 150)
Nodefile size = 9846.59 MB (6826.90 MB after compression)
 138754 66189     1100.0759   880     1182.3571     1054.6429 24205918   10.80%
 139020 66357     1104.0443   867     1182.3571     1054.6429 24274724   10.80%
 139351 66373     1078.1038   928     1182.3571     1054.7200 24307116   10.80%
 139601 67070     1169.2662   828     1182.3571     1054.7200 24599435   10.80%
 139889 66541     1114.8665   906     1182.3571     1054.7200 24359697   10.80%
 140158 67717     1130.3365   856     1182.3571     1054.7200 24787574   10.80%
 140410 66698     1122.3623   826     1182.3571     1054.7200 24459812   10.80%
 140792 66949     1111.5555   847     1182.3571     1054.7699 24535201   10.79%
 141199 67640     1119.5926   848     1182.3571     1055.6117 24764358   10.72%
 141523 68455     1142.5748   725     1182.3571     1055.7215 25008020   10.71%
Elapsed time = 8890.46 sec. (1372568.12 ticks, tree = 12344.28 MB, solutions = 150)
Nodefile size = 10274.70 MB (7125.16 MB after compression)
 141822 67671     1158.3998   825     1182.3571     1055.7215 24769453   10.71%
 142113 67987     1172.7554   684     1182.3571     1055.7215 24862869   10.71%
 142406 68814     1128.9681   811     1182.3571     1055.8153 25103545   10.70%
 142686 68504     1067.5756   926     1182.3571     1055.8153 25031714   10.70%
 143045 68974     1119.1764   928     1182.3571     1055.8153 25160664   10.70%
 143372 69141     1151.0984   828     1182.3571     1055.8153 25225286   10.70%
 143662 70096     1103.4778   911     1182.3571     1056.1098 25481785   10.68%
 143967 70916     1155.9605   803     1182.3571     1056.1098 25722979   10.68%
 144343 70132     1142.2616   859     1182.3571     1056.5697 25502149   10.64%
 144692 70760     1120.6309   756     1182.3571     1056.5697 25678994   10.64%
Elapsed time = 9177.61 sec. (1410907.47 ticks, tree = 12906.68 MB, solutions = 150)
Nodefile size = 10832.33 MB (7516.41 MB after compression)
 144945 70776     1131.0887   824     1182.3571     1056.5697 25681445   10.64%
 145208 71797        cutoff           1182.3571     1056.5697 25982126   10.64%
 145492 71789     1097.3217   872     1182.3571     1056.5697 25966093   10.64%
 145760 70966     1120.3827   759     1182.3571     1056.5697 25720158   10.64%
 146035 71517     1161.8904   773     1182.3571     1056.6772 25876306   10.63%
 146385 71689     1150.1086   802     1182.3571     1056.6772 25931113   10.63%
 146738 72175     1137.3947   738     1182.3571     1056.8684 26058717   10.61%
 147053 72051     1106.7027   936     1182.3571     1056.8684 26041927   10.61%
 147376 74029     1167.8982   655     1182.3571     1057.2040 26586346   10.59%
 147664 73115     1174.4394   625     1182.3571     1057.2040 26368087   10.59%
Elapsed time = 9465.81 sec. (1449301.25 ticks, tree = 13472.80 MB, solutions = 150)
Nodefile size = 11406.25 MB (7915.64 MB after compression)
 147970 73557     1114.2524   722     1182.3571     1057.2040 26466155   10.59%
 148276 74288     1109.7850   952     1182.3571     1057.2040 26682131   10.59%
 148592 73597     1137.0209   671     1182.3571     1057.2040 26471325   10.59%
 148921 74467     1078.6688   803     1182.3571     1057.2609 26723071   10.58%
 149162 74543     1136.0589   904     1182.3571     1057.3671 26744300   10.57%
 149384 75276     1152.0239   740     1182.3571     1057.3671 27010398   10.57%
 149646 75252     1129.2587   786     1182.3571     1057.3671 26992364   10.57%
 149910 75416        cutoff           1182.3571     1057.3671 27032505   10.57%
 150188 76193     1123.6926   713     1182.3571     1057.6112 27273704   10.55%
 150465 76229     1150.8618   738     1182.3571     1057.9524 27294926   10.52%
Elapsed time = 9734.79 sec. (1487591.16 ticks, tree = 13947.21 MB, solutions = 150)
Nodefile size = 11878.79 MB (8246.30 MB after compression)
 150788 76878     1133.4247   647     1182.3571     1057.9524 27496360   10.52%
 151019 76478        cutoff           1182.3571     1057.9524 27350141   10.52%
 151308 77035     1144.7704   823     1182.3571     1057.9524 27553393   10.52%
 151609 77227     1118.9515   839     1182.3571     1057.9524 27611870   10.52%
 151913 77559     1105.2915   834     1182.3571     1058.0921 27752234   10.51%
 152249 77468        cutoff           1182.3571     1058.0921 27701055   10.51%
 152585 77441     1111.0588   930     1182.3571     1058.7219 27684531   10.46%
 152818 77438     1112.9985   927     1182.3571     1058.7519 27669916   10.45%
 153130 78157     1155.7702   750     1182.3571     1058.8494 27968737   10.45%
 153432 78397     1133.7433   802     1182.3571     1058.8494 28062834   10.45%
Elapsed time = 10026.55 sec. (1525827.89 ticks, tree = 14291.30 MB, solutions = 150)
Nodefile size = 12219.19 MB (8479.44 MB after compression)
 153772 78998     1157.7767   830     1182.3571     1058.8579 28220898   10.45%
 154030 79325     1126.8780   811     1182.3571     1058.8579 28337946   10.45%
 154267 79722     1160.4080   613     1182.3571     1058.8579 28440980   10.45%
 154506 79806     1104.4715   882     1182.3571     1058.8579 28458009   10.45%
 154834 79389     1170.8300   739     1182.3571     1058.8579 28345633   10.45%
 155092 80730     1141.7881   817     1182.3571     1058.8579 28747391   10.45%
 155417 81069     1133.5296   886     1182.3571     1058.9306 28841386   10.44%
 155698 80877     1135.6034   846     1182.3571     1059.2572 28782784   10.41%
 155986 79858     1161.6020   709     1182.3571     1059.2572 28470495   10.41%
 156320 80166     1137.5737   879     1182.3571     1059.2572 28595547   10.41%
Elapsed time = 10319.92 sec. (1564160.26 ticks, tree = 14720.12 MB, solutions = 150)
Nodefile size = 12645.73 MB (8777.44 MB after compression)
 156653 80701     1154.8663   786     1182.3571     1059.2572 28726482   10.41%
 156971 80995     1074.0240   911     1182.3571     1059.5277 28809602   10.39%
 157238 81589     1119.5299   910     1182.3571     1059.5277 29005424   10.39%
 157448 82535     1109.9233   747     1182.3571     1059.5277 29299017   10.39%
 157737 83118     1094.7922   951     1182.3571     1059.7607 29470086   10.37%
 158085 81472     1132.3179   862     1182.3571     1059.7607 28976292   10.37%
 158361 81803     1143.0180   821     1182.3571     1059.7607 29070170   10.37%
 158617 83044     1125.4927   788     1182.3571     1059.8973 29441155   10.36%
 158928 83762     1161.4388   728     1182.3571     1060.2056 29659287   10.33%
 159179 83233     1146.0522   652     1182.3571     1060.2056 29499695   10.33%
Elapsed time = 10616.02 sec. (1602450.14 ticks, tree = 15460.06 MB, solutions = 150)
Nodefile size = 13391.29 MB (9301.76 MB after compression)
 159447 83603     1122.0205   915     1182.3571     1060.2056 29606915   10.33%
 159641 83135     1125.4020   921     1182.3571     1060.2056 29468107   10.33%
 159886 83819     1109.6174   911     1182.3571     1060.2766 29688043   10.33%
 160138 83871     1116.0077   776     1182.3571     1060.3460 29733338   10.32%
 160489 84835     1166.6457   799     1182.3571     1060.3460 29984122   10.32%
 160882 86018     1132.8874   712     1182.3571     1060.3460 30292645   10.32%
 161115 85067     1161.3597   842     1182.3571     1060.6292 30043081   10.30%
 161438 86436     1135.9671   819     1182.3571     1060.6292 30441913   10.30%
 161754 86449     1145.4171   859     1182.3571     1060.6547 30444471   10.29%
 162007 86620     1106.6059   822     1182.3571     1060.7300 30510351   10.29%
Elapsed time = 10920.83 sec. (1640703.32 ticks, tree = 15983.38 MB, solutions = 150)
Nodefile size = 13914.75 MB (9666.74 MB after compression)
 162335 86111     1122.2086   738     1182.3571     1060.7300 30336769   10.29%
 162651 85966     1142.0755   887     1182.3571     1060.7300 30275494   10.29%
 163025 86146     1101.3846   902     1182.3571     1060.7704 30359087   10.28%
 163293 86474     1107.0970   935     1182.3571     1061.2930 30489434   10.24%
 163635 87219     1135.8157   879     1182.3571     1061.3984 30725243   10.23%
 163890 86869     1169.6617   729     1182.3571     1061.4234 30613079   10.23%
 164170 86922     1167.0448   856     1182.3571     1061.4620 30630233   10.22%
 164463 88874     1131.5957   889     1182.3571     1061.4680 31121611   10.22%
 164734 89400     1132.1258   624     1182.3571     1061.4711 31269398   10.22%
 165087 89474     1129.1428   837     1182.3571     1061.4711 31314041   10.22%
Elapsed time = 11194.98 sec. (1679025.32 ticks, tree = 16353.69 MB, solutions = 150)
Nodefile size = 14281.68 MB (9914.25 MB after compression)
 165430 89009     1150.2072   877     1182.3571     1061.4711 31167255   10.22%
 165699 89221     1140.9683   911     1182.3571     1061.4711 31220059   10.22%
 165974 89532     1082.9043   936     1182.3571     1061.4711 31341044   10.22%
 166243 89143     1137.8846   640     1182.3571     1061.4711 31192910   10.22%
 166541 90447     1119.0160   824     1182.3571     1061.4711 31674727   10.22%
 166870 89799     1140.9988   716     1182.3571     1061.7983 31450970   10.20%
 167203 90858     1171.1147   761     1182.3571     1061.9543 31799147   10.18%
 167601 90270     1113.5284   873     1182.3571     1061.9543 31595686   10.18%
 167844 89944     1124.3701   817     1182.3571     1061.9955 31517782   10.18%
 168136 91677     1133.9388   900     1182.3571     1061.9955 32048917   10.18%
Elapsed time = 11481.21 sec. (1717320.97 ticks, tree = 16889.64 MB, solutions = 150)
Nodefile size = 14818.51 MB (10290.36 MB after compression)
 168441 92105     1148.8338   852     1182.3571     1062.1864 32172302   10.16%
 168800 92513     1127.2465   895     1182.3571     1062.2585 32303766   10.16%
 169119 93224     1167.8980   835     1182.3571     1062.3295 32494271   10.15%
 169334 91228     1158.2164   688     1182.3571     1062.3295 31894600   10.15%
 169610 93749     1135.9364   788     1182.3571     1062.3482 32621572   10.15%
 169888 92144     1159.1624   770     1182.3571     1062.3482 32185510   10.15%
 170199 93070     1114.6021   886     1182.3571     1062.3482 32462953   10.15%
 170548 94103     1146.7196   609     1182.3571     1062.3482 32745054   10.15%
 170841 93114     1135.0933   755     1182.3571     1062.3482 32467963   10.15%
 171097 93765     1094.6917   861     1182.3571     1062.3482 32630473   10.15%
Elapsed time = 11795.61 sec. (1755600.31 ticks, tree = 17387.23 MB, solutions = 150)
Nodefile size = 15313.96 MB (10637.40 MB after compression)
 171381 93925     1144.3690   875     1182.3571     1062.3482 32678206   10.15%
 171690 94668     1137.6037   750     1182.3571     1062.9372 32932813   10.10%
 171924 94686     1154.9722   788     1182.3571     1062.9372 32935298   10.10%
 172136 94701     1167.9186   750     1182.3571     1062.9970 32937913   10.10%
 172335 95019     1099.9926   850     1182.3571     1062.9970 33064510   10.10%
 172528 94492     1106.1430   837     1182.3571     1062.9970 32883148   10.10%
 172737 95772     1117.7812   786     1182.3571     1062.9970 33275863   10.10%
 173020 95800     1178.6782   506     1182.3571     1062.9970 33278737   10.10%
 173335 95627     1103.0102   872     1182.3571     1062.9970 33244014   10.10%
 173615 97139     1147.1969   688     1182.3571     1062.9970 33733927   10.10%
Elapsed time = 12087.97 sec. (1793866.05 ticks, tree = 18035.63 MB, solutions = 150)
Nodefile size = 15968.01 MB (11097.76 MB after compression)
 173918 97044     1099.4587   888     1182.3571     1062.9970 33715389   10.10%
 174105 96911     1163.1858   818     1182.3571     1062.9970 33650862   10.10%
 174338 97063     1108.0418   802     1182.3571     1063.0937 33696428   10.09%
 174622 97072     1125.9178   791     1182.3571     1063.0937 33698962   10.09%
 174851 97824     1136.1946   842     1182.3571     1063.0937 34025042   10.09%
 175153 96844     1136.4330   864     1182.3571     1063.2606 33637808   10.07%
 175477 97722     1138.1095   847     1182.3571     1063.3495 33960206   10.07%
 175688 98570     1127.5909   781     1182.3571     1063.3495 34275799   10.07%
 175970 99498     1156.9785   729     1182.3571     1063.3574 34580785   10.06%
 176293 98697     1154.8068   970     1182.3571     1063.8378 34327521   10.02%
Elapsed time = 12377.69 sec. (1832085.91 ticks, tree = 18061.63 MB, solutions = 150)
Nodefile size = 15990.11 MB (11109.11 MB after compression)
 176487 98697        cutoff           1182.3571     1063.8486 34329952   10.02%
 176783 97991     1129.5846   868     1182.3571     1063.9057 34101024   10.02%
 177158 99389     1163.8898   840     1182.3571     1063.9057 34526841   10.02%
 177503 99732     1120.2535   849     1182.3571     1063.9069 34675611   10.02%
 177802 99981     1155.2159   891     1182.3571     1064.0373 34767065   10.01%
 178077 99996     1108.4939   913     1182.3571     1064.0511 34786347   10.01%
 178351 100716     1110.0938   857     1182.3571     1064.0511 35026554   10.01%
 178682 100951     1164.0203   786     1182.3571     1064.2028 35091353    9.99%
 178954 101669     1146.5813   912     1182.3571     1064.2438 35281604    9.99%
 179220 101687     1153.8871   918     1182.3571     1064.2600 35283816    9.99%
Elapsed time = 12668.49 sec. (1870347.16 ticks, tree = 18695.40 MB, solutions = 150)
Nodefile size = 16620.87 MB (11547.56 MB after compression)
 179556 100785     1142.9727   782     1182.3571     1064.3017 35036381    9.98%
 179875 100269     1097.2218   922     1182.3571     1064.3017 34865792    9.98%
 180168 102300     1144.9003   856     1182.3571     1064.3017 35448176    9.98%
 180471 100905     1126.6235   845     1182.3571     1064.3147 35064025    9.98%
 180684 103262     1124.2987   819     1182.3571     1064.5534 35746590    9.96%
 180941 103543     1109.4214   939     1182.3571     1064.5534 35835734    9.96%
 181305 103014     1135.8363   782     1182.3571     1064.7658 35658802    9.95%
 181594 102040     1160.5354   819     1182.3571     1064.7736 35371102    9.94%
 181830 102687     1094.6776   809     1182.3571     1064.8129 35574312    9.94%
 182018 103910     1156.1710   864     1182.3571     1064.8341 35959483    9.94%
Elapsed time = 12944.54 sec. (1908637.94 ticks, tree = 19233.51 MB, solutions = 150)
Nodefile size = 17158.54 MB (11928.72 MB after compression)
 182245 103752     1121.3688   865     1182.3571     1064.8341 35899330    9.94%
 182490 103251     1087.9703   885     1182.3571     1064.8341 35742230    9.94%
 182811 104796     1148.9981   749     1182.3571     1064.8341 36187781    9.94%
 183127 104944     1124.6325   914     1182.3571     1064.8341 36231195    9.94%
 183472 105572     1124.1119   772     1182.3571     1064.8341 36433068    9.94%
 183827 104440     1163.2548   875     1182.3571     1064.8341 36107872    9.94%
 184161 106030     1145.7281   831     1182.3571     1064.8341 36603130    9.94%
 184428 106556     1142.8330   813     1182.3571     1064.8341 36807595    9.94%
 184734 106855        cutoff           1182.3571     1064.8567 36874790    9.94%
 184941 106723     1112.3596   966     1182.3571     1064.8567 36855321    9.94%
Elapsed time = 13228.99 sec. (1946900.01 ticks, tree = 19916.65 MB, solutions = 150)
Nodefile size = 17845.07 MB (12416.36 MB after compression)
 185165 106060     1106.1666   869     1182.3571     1065.1767 36613397    9.91%
 185473 105577     1118.6001   862     1182.3571     1065.1767 36427923    9.91%
 185761 106507     1158.3219   869     1182.3571     1065.1767 36776465    9.91%
 186025 107970     1174.6465   743     1182.3571     1065.1767 37205886    9.91%
 186370 107566     1158.1891   696     1182.3571     1065.4741 37096069    9.89%
 186646 108572     1159.4542   790     1182.3571     1065.4741 37430561    9.89%
 186873 107983     1167.4337   870     1182.3571     1065.4741 37213024    9.89%
 187065 107957     1135.2125   863     1182.3571     1065.4741 37193803    9.89%
 187328 107995     1108.4850   912     1182.3571     1065.4741 37218292    9.89%
 187670 107409     1152.6650   757     1182.3571     1065.4741 37040187    9.89%
Elapsed time = 13543.89 sec. (1985141.85 ticks, tree = 20081.11 MB, solutions = 150)
Nodefile size = 17982.26 MB (12513.02 MB after compression)
 187947 108971     1143.6146   824     1182.3571     1065.4741 37563553    9.89%
 188191 108727     1122.6227   866     1182.3571     1065.4741 37494072    9.89%
 188442 109343     1172.2878   705     1182.3571     1065.8838 37676847    9.85%
 188685 108485     1166.6530   921     1182.3571     1065.9289 37404966    9.85%
 188928 110478     1132.5038   849     1182.3571     1065.9289 38023120    9.85%
 189175 110486     1133.4023   824     1182.3571     1065.9982 38025641    9.84%
 189382 111001     1088.9825   911     1182.3571     1066.0706 38231894    9.84%
 189579 110578     1143.1395   844     1182.3571     1066.1077 38053666    9.83%
 189770 111462     1118.1599   818     1182.3571     1066.1077 38385833    9.83%
 189975 111228     1137.0326   966     1182.3571     1066.1077 38287463    9.83%
Elapsed time = 13841.59 sec. (2023440.63 ticks, tree = 20885.43 MB, solutions = 150)
Nodefile size = 18812.98 MB (13096.72 MB after compression)
 190211 111420     1127.3116   757     1182.3571     1066.1077 38369284    9.83%
 190439 111717     1148.2373   788     1182.3571     1066.1077 38492439    9.83%
 190663 111332     1085.9835   862     1182.3571     1066.1217 38350395    9.83%
 190868 111343     1109.7473   878     1182.3571     1066.1217 38352901    9.83%
 191070 112710     1137.6857   784     1182.3571     1066.1217 38865362    9.83%
 191348 111463     1123.5466   840     1182.3571     1066.1217 38382136    9.83%
 191671 112756     1119.3408   949     1182.3571     1066.1217 38870614    9.83%
 191931 111767     1085.6916   924     1182.3571     1066.1217 38528737    9.83%
 192237 112895     1158.1756   781     1182.3571     1066.4412 38981312    9.80%
 192531 113102     1154.8934   801     1182.3571     1066.4412 39081640    9.80%
Elapsed time = 14111.44 sec. (2061766.58 ticks, tree = 20919.85 MB, solutions = 150)
Nodefile size = 18840.07 MB (13110.71 MB after compression)
 192791 112953     1110.0947   861     1182.3571     1066.4412 39014574    9.80%
 193036 112809     1170.8508   735     1182.3571     1066.4412 38907558    9.80%
 193357 113935     1136.7107   736     1182.3571     1066.4412 39351102    9.80%
 193652 113082     1096.8442   837     1182.3571     1066.4412 39070234    9.80%
 194011 113689     1157.6658   698     1182.3571     1066.4412 39240811    9.80%
 194251 113264     1133.9728   912     1182.3571     1066.4608 39146725    9.80%
 194512 114141     1089.1520   950     1182.3571     1066.9051 39408734    9.76%
 194748 115632     1147.9748   851     1182.3571     1066.9267 39949143    9.76%
 195072 114703     1133.6084   859     1182.3571     1066.9267 39667243    9.76%
 195396 114919     1131.0641   644     1182.3571     1066.9267 39723455    9.76%
Elapsed time = 14399.80 sec. (2100157.47 ticks, tree = 21330.45 MB, solutions = 150)
Nodefile size = 19240.32 MB (13386.87 MB after compression)
 195663 114827     1143.7891   732     1182.3571     1066.9912 39701399    9.76%
 195964 116208     1177.0504   851     1182.3571     1066.9945 40108463    9.76%
 196145 114572     1134.8635   862     1182.3571     1066.9949 39608953    9.76%
 196413 114592     1137.8802   900     1182.3571     1067.0241 39610686    9.75%
 196710 116211     1132.8427   883     1182.3571     1067.0721 40081889    9.75%
 196995 117417     1161.8961   665     1182.3571     1067.1245 40461728    9.75%
 197331 117355        cutoff           1182.3571     1067.1245 40436528    9.75%
 197640 117297     1131.0699   818     1182.3571     1067.2135 40414076    9.74%
 197876 117992     1117.1112   898     1182.3571     1067.2204 40635054    9.74%
 198144 117904     1148.0078   829     1182.3571     1067.2265 40563624    9.74%
Elapsed time = 14707.32 sec. (2138401.34 ticks, tree = 22073.54 MB, solutions = 150)
Nodefile size = 19987.25 MB (13913.51 MB after compression)
 198403 117487     1140.5096   724     1182.3571     1067.2598 40495136    9.73%
 198700 117355     1138.0950   776     1182.3571     1067.3512 40423642    9.73%
 198945 117175     1147.6468   549     1182.3571     1067.3512 40378190    9.73%
 199159 119085     1132.9202   821     1182.3571     1067.4477 41010302    9.72%
 199401 118243     1151.9788   758     1182.3571     1067.4715 40751996    9.72%
 199613 119342        cutoff           1182.3571     1067.5059 41092034    9.71%
 199893 120611     1165.8958   519     1182.3571     1067.5490 41438701    9.71%
 200173 119982     1137.6692   857     1182.3571     1067.5490 41252102    9.71%
*200214+120354                         1181.8656     1067.5490             9.67%
 200474 119360     1113.8455   741     1181.8656     1067.5987 41100041    9.67%
 200713 119253     1142.7854   830     1181.8656     1067.5987 41051047    9.67%
Elapsed time = 14973.22 sec. (2176723.23 ticks, tree = 22404.02 MB, solutions = 151)
Nodefile size = 20314.68 MB (14143.60 MB after compression)
 200948 120086     1131.3703   851     1181.8656     1067.5987 41284462    9.67%
 201187 120942     1124.0748   793     1181.8656     1067.5987 41555118    9.67%
 201496 121215     1099.9707   897     1181.8656     1067.5987 41708787    9.67%
 201807 121150     1120.0086   826     1181.8656     1067.5987 41685522    9.67%
 202054 121553        cutoff           1181.8656     1067.5987 41886422    9.67%
 202308 120315     1131.8424   777     1181.8656     1067.5987 41351552    9.67%
 202509 121033     1122.0743   786     1181.8656     1067.5987 41600560    9.67%
 202744 122864        cutoff           1181.8656     1067.7308 42278186    9.66%
 202937 121743     1160.1684   667     1181.8656     1067.7308 41920453    9.66%
 203190 123362     1131.3355   801     1181.8656     1068.2024 42405244    9.62%
Elapsed time = 15255.61 sec. (2215034.55 ticks, tree = 23407.88 MB, solutions = 151)
Nodefile size = 21336.20 MB (14868.61 MB after compression)
 203401 122871     1089.6180   931     1181.8656     1068.2024 42283093    9.62%
 203625 121380     1097.4934   950     1181.8656     1068.2860 41799674    9.61%
 203786 123133     1134.1748   739     1181.8656     1068.2963 42362890    9.61%
 203973 124038     1112.4551   756     1181.8656     1068.3164 42617617    9.61%
 204233 124020     1119.4074   892     1181.8656     1068.3513 42598317    9.60%
 204457 123964     1133.0022   915     1181.8656     1068.3636 42582775    9.60%
 204648 124444     1159.3362   796     1181.8656     1068.3722 42812185    9.60%
 204945 123457     1152.5591   736     1181.8656     1068.3722 42475913    9.60%
 205224 124328     1137.3851   909     1181.8656     1068.3722 42749613    9.60%
 205497 124531     1091.4124   893     1181.8656     1068.3722 42864111    9.60%
Elapsed time = 15554.52 sec. (2253355.36 ticks, tree = 23573.33 MB, solutions = 151)
Nodefile size = 21497.76 MB (14978.72 MB after compression)
 205715 124798     1150.0370   896     1181.8656     1068.3722 42962169    9.60%
 205942 124465     1146.2768   817     1181.8656     1068.3722 42805020    9.60%
 206254 124674     1153.5626   820     1181.8656     1068.3722 42944251    9.60%
 206429 124883     1161.7460   832     1181.8656     1068.3722 42992528    9.60%
 206633 124594     1148.7447   841     1181.8656     1068.3722 42875938    9.60%
 206860 125124     1141.2898   953     1181.8656     1068.6160 43083647    9.58%
 207150 125180     1180.8358   769     1181.8656     1068.6160 43142881    9.58%
 207416 124895     1144.9300   877     1181.8656     1068.7510 43003117    9.57%
 207723 126964     1161.4256   784     1181.8656     1068.7567 43771747    9.57%
 207994 125200     1167.9818   846     1181.8656     1068.9451 43124323    9.55%
Elapsed time = 15820.53 sec. (2291642.64 ticks, tree = 23603.52 MB, solutions = 151)
Nodefile size = 21505.73 MB (14982.88 MB after compression)
 208238 126673     1150.4203   815     1181.8656     1068.9828 43678012    9.55%
 208489 125753     1114.2276   836     1181.8656     1069.0454 43328486    9.55%
 208743 127293     1144.9852   890     1181.8656     1069.0454 43917743    9.55%
 209037 126064     1091.6132   920     1181.8656     1069.0456 43440073    9.55%
 209342 128334     1110.7987   784     1181.8656     1069.0456 44260941    9.55%
 209602 128348     1130.0313   759     1181.8656     1069.0456 44263520    9.55%
 209840 128469     1129.6063   778     1181.8656     1069.0456 44288656    9.55%
 210107 128944     1157.2026   711     1181.8656     1069.0456 44479963    9.55%
 210456 127432     1140.9198   863     1181.8656     1069.0456 43959265    9.55%
 210732 127818        cutoff           1181.8656     1069.0456 44090656    9.55%
Elapsed time = 16093.22 sec. (2329932.55 ticks, tree = 23932.53 MB, solutions = 151)
Nodefile size = 21838.27 MB (15211.36 MB after compression)
 211029 128570     1103.2046   830     1181.8656     1069.0456 44347592    9.55%
 211328 130136     1180.9849   669     1181.8656     1069.0456 44893484    9.55%
 211598 129223     1174.8992   667     1181.8656     1069.0456 44547140    9.55%
 211925 129315     1115.2230   893     1181.8656     1069.4841 44629091    9.51%
 212210 128651     1147.0872   639     1181.8656     1069.5369 44355299    9.50%
 212464 129239     1177.5278   761     1181.8656     1069.5820 44582762    9.50%
 212657 129258     1169.3368   812     1181.8656     1069.5939 44557140    9.50%
 212869 130098     1114.4458   902     1181.8656     1069.6181 44880362    9.50%
 213065 131358     1117.8887   954     1181.8656     1069.6181 45249290    9.50%
 213303 130986     1169.6191   620     1181.8656     1069.7099 45143607    9.49%
Elapsed time = 16377.55 sec. (2368257.93 ticks, tree = 24719.11 MB, solutions = 151)
Nodefile size = 22640.21 MB (15776.01 MB after compression)
 213568 131959     1138.1138   683     1181.8656     1069.7099 45468399    9.49%
 213925 132451     1138.0283   812     1181.8656     1069.8761 45667620    9.48%
 214146 132743     1118.8112   832     1181.8656     1069.9038 45749529    9.47%
 214417 131398     1165.1049   766     1181.8656     1069.9424 45261963    9.47%
 214684 131261     1143.0566   784     1181.8656     1069.9490 45211426    9.47%
 214956 131279     1156.0724   710     1181.8656     1070.0589 45214025    9.46%
 215191 133188        cutoff           1181.8656     1070.1143 45944859    9.46%
 215410 132507     1119.9341   776     1181.8656     1070.1143 45682570    9.46%
 215700 132076     1138.8805   758     1181.8656     1070.1143 45488848    9.46%
 216043 133210     1169.7168   755     1181.8656     1070.1143 45952461    9.46%
Elapsed time = 16668.63 sec. (2406540.84 ticks, tree = 25269.12 MB, solutions = 151)
Nodefile size = 23196.63 MB (16170.39 MB after compression)
 216343 132818     1125.4286   700     1181.8656     1070.2404 45768886    9.44%
 216634 134380     1125.5951   920     1181.8656     1070.2404 46358347    9.44%
 216861 133957     1112.4648   937     1181.8656     1070.4132 46225239    9.43%
 217018 134213     1156.0659   636     1181.8656     1070.4939 46309609    9.42%
 217226 133347     1168.5284   746     1181.8656     1070.5430 46018321    9.42%
 217407 135746     1108.3873   899     1181.8656     1070.5615 46812866    9.42%
 217564 133646        cutoff           1181.8656     1070.6005 46119063    9.41%
 217701 134017     1163.5002   780     1181.8656     1070.6005 46237829    9.41%
 217893 135356     1102.0222   866     1181.8656     1070.6295 46657176    9.41%
 218099 133580     1138.5551   835     1181.8656     1070.6399 46099849    9.41%
Elapsed time = 16955.13 sec. (2444921.63 ticks, tree = 25360.93 MB, solutions = 151)
Nodefile size = 23289.02 MB (16237.13 MB after compression)
 218320 135692     1092.9813   922     1181.8656     1070.7103 46797915    9.41%
 218606 136129     1129.6803   762     1181.8656     1070.7422 46990655    9.40%
 218896 136222     1149.3471   695     1181.8656     1070.7622 47019032    9.40%
 219137 135671     1137.1113   692     1181.8656     1070.7622 46777575    9.40%
 219378 137338     1110.5416   829     1181.8656     1070.8181 47582654    9.40%
 219699 135765        cutoff           1181.8656     1070.8181 46810393    9.40%
 219964 136937     1121.7180   927     1181.8656     1070.8181 47472551    9.40%
 220255 136613     1106.9217   877     1181.8656     1070.8181 47187785    9.40%
 220480 136758     1129.8578   891     1181.8656     1070.8181 47337045    9.40%
 220706 136354     1130.4589   818     1181.8656     1070.8181 47068957    9.40%
Elapsed time = 17273.52 sec. (2483215.14 ticks, tree = 25724.14 MB, solutions = 151)
Nodefile size = 23627.35 MB (16470.24 MB after compression)
 220941 136673     1153.9565   672     1181.8656     1070.8181 47194932    9.40%
 221209 136514     1112.8621   816     1181.8656     1070.8181 47144291    9.40%
 221434 138051     1154.6070   824     1181.8656     1070.8181 47818916    9.40%
 221694 138795     1136.3613   693     1181.8656     1070.8181 48001177    9.40%
 221954 138830     1154.4653   601     1181.8656     1070.8181 48003731    9.40%
 222225 138025     1143.0259   812     1181.8656     1071.2295 47799834    9.36%
 222531 139768     1149.7050   744     1181.8656     1071.2596 48387899    9.36%
 222786 137790     1170.3085   804     1181.8656     1071.2644 47725858    9.36%
 223022 139242     1152.6948   799     1181.8656     1071.2773 48175728    9.36%
 223264 139336     1106.7926   889     1181.8656     1071.2773 48205504    9.36%
Elapsed time = 17568.71 sec. (2521507.29 ticks, tree = 26223.34 MB, solutions = 151)
Nodefile size = 24134.76 MB (16824.08 MB after compression)
 223453 138625     1153.1521   886     1181.8656     1071.3055 47966955    9.35%
 223680 139584     1119.9424   813     1181.8656     1071.3055 48316476    9.35%
 223863 139790    infeasible           1181.8656     1071.3219 48402500    9.35%
 224060 139200     1137.5049   749     1181.8656     1071.3467 48131592    9.35%
 224276 140801     1151.0320   941     1181.8656     1071.4250 48829145    9.34%
 224499 141168     1128.5814   863     1181.8656     1071.4250 48943187    9.34%
 224728 141038     1155.4679   835     1181.8656     1071.4250 48916211    9.34%
 224975 140287     1139.2120   678     1181.8656     1071.6593 48546365    9.32%
 225335 141572     1144.2152   777     1181.8656     1071.6660 49060680    9.32%
 225573 140927     1147.2676   655     1181.8656     1071.6953 48868824    9.32%
Elapsed time = 17819.35 sec. (2559769.15 ticks, tree = 26618.41 MB, solutions = 151)
Nodefile size = 24523.23 MB (17101.54 MB after compression)
 225838 141356     1134.2292   899     1181.8656     1071.6953 49009469    9.32%
 226103 142064     1107.9779   844     1181.8656     1071.7008 49282735    9.32%
 226348 142717     1164.6193   699     1181.8656     1071.7149 49567398    9.32%
 226604 142307     1150.2675   699     1181.8656     1071.7679 49408319    9.32%
 226847 141405     1116.6269   851     1181.8656     1071.8146 49018865    9.31%
 227129 143256     1142.8514   771     1181.8656     1071.8635 49763909    9.31%
 227378 143149     1169.5177   800     1181.8656     1071.8903 49738946    9.31%
 227651 144038     1133.8653   761     1181.8656     1071.9923 49986674    9.30%
 227942 144378     1141.6899   767     1181.8656     1072.0936 50121660    9.29%
 228193 144255     1142.8468   875     1181.8656     1072.1271 50075533    9.29%
Elapsed time = 18105.14 sec. (2598069.13 ticks, tree = 27467.82 MB, solutions = 151)
Nodefile size = 25394.32 MB (17716.42 MB after compression)
 228443 143943     1132.0476   931     1181.8656     1072.1433 49966062    9.28%
 228685 143805     1162.4386   749     1181.8656     1072.2002 49913317    9.28%
 228920 144567     1098.2562   909     1181.8656     1072.2011 50188420    9.28%
 229096 143076        cutoff           1181.8656     1072.2011 49701091    9.28%
 229334 144336     1177.0422   772     1181.8656     1072.2596 50115580    9.27%
 229546 145372     1171.5538   748     1181.8656     1072.2765 50486908    9.27%
 229786 144734     1163.2355   685     1181.8656     1072.3202 50253432    9.27%
 229963 145816     1173.5708   765     1181.8656     1072.3202 50596364    9.27%
 230123 144793     1149.1188   879     1181.8656     1072.3818 50290058    9.26%
 230306 145596     1152.4493   857     1181.8656     1072.5143 50548242    9.25%
Elapsed time = 18353.35 sec. (2636372.26 ticks, tree = 27799.08 MB, solutions = 151)
Nodefile size = 25720.61 MB (17951.28 MB after compression)
Starting limited solution polishing.
 230522 145904     1166.9605   682     1181.8656     1072.5710 50627527    9.25%
 230738 146539     1099.5583   819     1181.8656     1072.6127 50938226    9.24%
 230915 145717     1140.6038   822     1181.8656     1072.6127 50583714    9.24%
 231139 146321     1160.2301   908     1181.8656     1072.6390 50830554    9.24%
 231393 147336     1158.6070   683     1181.8656     1072.6645 51269164    9.24%
 231624 147142     1161.3232   723     1181.8656     1072.6650 51139489    9.24%
 231836 146359     1156.0600   647     1181.8656     1072.6779 50810101    9.24%
 232040 147250     1162.0007   848     1181.8656     1072.7100 51225922    9.24%
 232225 147201     1146.2171   831     1181.8656     1072.7135 51173333    9.24%
 232448 147838     1159.2716   751     1181.8656     1072.7500 51521255    9.23%
Elapsed time = 18613.50 sec. (2674722.39 ticks, tree = 28362.73 MB, solutions = 151)
Nodefile size = 26285.64 MB (18353.62 MB after compression)
 232694 148613     1147.2964   751     1181.8656     1072.7615 51828861    9.23%
 232965 148293     1098.4249   921     1181.8656     1072.8057 51696367    9.23%
 233146 148199     1148.7897   680     1181.8656     1072.8367 51650337    9.23%
 233323 148314     1115.0920   820     1181.8656     1072.8367 51701273    9.23%
 233579 148240     1137.8098   750     1181.8656     1072.8509 51677164    9.22%
 233865 147671     1142.6215   758     1181.8656     1072.8509 51452011    9.22%
 234184 148540     1136.9878   802     1181.8656     1072.8850 51787457    9.22%
 234373 149311     1095.3708   965     1181.8656     1072.9127 52133809    9.22%
 234548 148680     1132.8591   798     1181.8656     1072.9303 51846575    9.22%
 234803 149677        cutoff           1181.8656     1072.9663 52265674    9.21%
Elapsed time = 18921.53 sec. (2713044.80 ticks, tree = 28824.05 MB, solutions = 151)
Nodefile size = 26749.20 MB (18684.25 MB after compression)
 235033 148487     1164.5629   660     1181.8656     1073.0302 51770492    9.21%
 235222 150098     1122.7244   905     1181.8656     1073.0487 52399489    9.21%
 235460 150650     1155.6669   792     1181.8656     1073.0854 52605920    9.20%
 235695 149844     1137.3520   885     1181.8656     1073.0854 52320763    9.20%
 235929 150815     1135.6177   938     1181.8656     1073.0854 52662504    9.20%
 236165 151271     1162.7237   779     1181.8656     1073.0854 52815157    9.20%
 236330 150312     1122.2711   878     1181.8656     1073.3040 52473256    9.19%
 236495 151289        cutoff           1181.8656     1073.3040 52820403    9.19%
 236681 151675     1109.8718   857     1181.8656     1073.3040 52978342    9.19%
 236852 150562     1172.6361   865     1181.8656     1073.3212 52541497    9.18%
Elapsed time = 19210.46 sec. (2751343.34 ticks, tree = 29038.91 MB, solutions = 151)
Nodefile size = 26965.06 MB (18838.20 MB after compression)
 237055 150276     1161.2763   854     1181.8656     1073.3212 52472101    9.18%
 237234 150294     1177.5456   764     1181.8656     1073.3212 52474801    9.18%
 237434 152411     1148.2140   656     1181.8656     1073.3212 53268743    9.18%
 237595 151242     1154.0654   966     1181.8656     1073.3212 52819248    9.18%
 237784 153123     1140.3679   733     1181.8656     1073.3212 53569915    9.18%
 237945 153422     1118.6249   875     1181.8656     1073.3212 53661546    9.18%
 238109 152110     1155.1499   693     1181.8656     1073.3212 53173626    9.18%
 238275 152089     1138.1846   755     1181.8656     1073.3212 53157872    9.18%
 238388 152933     1140.7497   763     1181.8656     1073.3212 53495512    9.18%
 238545 152132     1111.5800   868     1181.8656     1073.3212 53181192    9.18%
Elapsed time = 19493.49 sec. (2789773.01 ticks, tree = 29432.90 MB, solutions = 151)
Nodefile size = 27357.81 MB (19115.23 MB after compression)
 238762 153205     1116.1660   732     1181.8656     1073.7330 53610834    9.15%
 238938 153696     1158.6782   792     1181.8656     1073.7506 53836163    9.15%
*239102+153446                         1181.4580     1073.7506             9.12%
 239125 153911     1104.5936   923     1181.4580     1073.7506 53994160    9.12%
 239326 153834     1138.8781   861     1181.4580     1073.7506 53940195    9.12%
 239542 153292     1165.6166   849     1181.4580     1073.7506 53636021    9.12%
 239744 153637     1163.2723   794     1181.4580     1073.7506 53787228    9.12%
 239968 153969     1154.6986   823     1181.4580     1073.7506 54003280    9.12%
 240115 153801     1177.8379   910     1181.4580     1073.7506 53881648    9.12%
 240310 154900     1143.8965   700     1181.4580     1073.7506 54478555    9.12%
 240488 154932        cutoff           1181.4580     1073.7506 54496665    9.12%
Elapsed time = 19765.30 sec. (2828192.20 ticks, tree = 29669.82 MB, solutions = 152)
Nodefile size = 27597.46 MB (19275.36 MB after compression)
 240680 153816     1146.4045   708     1181.4580     1073.7506 53940801    9.12%
 240896 154351     1152.4643   796     1181.4580     1073.7506 54202727    9.12%
 241128 155010     1155.2471   816     1181.4580     1073.8524 54534223    9.11%
 241330 154225     1171.2894   797     1181.4580     1073.8524 54134476    9.11%
 241504 155404     1136.8941   826     1181.4580     1073.8524 54704724    9.11%
 241751 155890     1145.9726   778     1181.4580     1073.8524 54903700    9.11%
 241932 154923     1126.7292   856     1181.4580     1074.2229 54469504    9.08%
 242071 155999     1149.2472   708     1181.4580     1074.2229 54938109    9.08%
 242241 156436     1135.1425   833     1181.4580     1074.2229 55179493    9.08%
 242434 156779     1147.6999   805     1181.4580     1074.2229 55323776    9.08%
Elapsed time = 20013.17 sec. (2866493.90 ticks, tree = 30114.78 MB, solutions = 152)
Nodefile size = 28042.25 MB (19588.64 MB after compression)
 242671 155961     1136.9490   744     1181.4580     1074.2229 54916416    9.08%
 242835 156279     1094.0817   857     1181.4580     1074.2229 55104769    9.08%
 243080 156560     1147.6794   808     1181.4580     1074.2393 55218770    9.08%
 243320 157144     1130.3003   904     1181.4580     1074.2393 55496489    9.08%
 243536 156964     1174.2173   785     1181.4580     1074.2393 55383029    9.08%
 243778 156429     1176.5248   725     1181.4580     1074.2393 55161409    9.08%
 243974 156774     1117.2641   855     1181.4580     1074.2393 55309417    9.08%
 244179 156358     1134.7511   809     1181.4580     1074.2393 55115355    9.08%
 244332 157738     1155.1241   765     1181.4580     1074.2393 55691936    9.08%
 244519 157243     1130.1678   852     1181.4580     1074.5472 55571085    9.05%
Elapsed time = 20283.27 sec. (2904813.20 ticks, tree = 30236.97 MB, solutions = 152)
Nodefile size = 28161.42 MB (19673.76 MB after compression)
 244657 157058     1110.2550   945     1181.4580     1074.6343 55468472    9.04%
 244821 156994     1129.3609   770     1181.4580     1074.6383 55423557    9.04%
 245008 157355     1112.1337   888     1181.4580     1074.6914 55602125    9.04%
 245182 159351     1112.6699   950     1181.4580     1074.7412 56338673    9.03%
 245357 158975     1153.9298   757     1181.4580     1074.7412 56153484    9.03%
 245435 157936     1135.8328   909     1181.4580     1074.7412 55760551    9.03%
 245474 157787     1166.0979   799     1181.4580     1074.7412 55734509    9.03%
 245484 158017     1157.5240   847     1181.4580     1074.7412 55822614    9.03%

GUB cover cuts applied:  40
Clique cuts applied:  26
Cover cuts applied:  55
Implied bound cuts applied:  237
Flow cuts applied:  725
Mixed integer rounding cuts applied:  1363
Zero-half cuts applied:  18
Lift and project cuts applied:  71
Gomory fractional cuts applied:  34

Root node processing (before b&c):
  Real time             =   42.91 sec. (15790.99 ticks)
Parallel b&c, 32 threads:
  Real time             = 20390.97 sec. (2929960.02 ticks)
  Sync time (average)   = 9728.31 sec.
  Wait time (average)   =    0.50 sec.
                          ------------
Total (root+branch&cut) = 20433.88 sec. (2945751.01 ticks)
Number of arguments: 7

File path: ../Data/Demo/100/C101.txt
Capacity of FEV: 600
Capacity of SEV: 50
Execution time limit: 340
Case: r

PI array:[1, 1, 0, 1, 1, 1, 0, 1, 1, 1, 1, 1, 1, 1, 0, 1, 1, 1, 0, 0, 0, 0, 1, 0]
Number of customers: 100
./Result/C101/C101-Q50-r
Feasible solution found within the time limit!
Total execution time: 20436.349999601 seconds
Total distance traveled: 1181.458048658631
File name: C101-Q50-r
Number of customers: 100
Capacity of FEV: 10000
Capacity of Microhub: 600
Capacity of SEV: 50
Number of parkings: 24
Number of microhubs: 16
Number of robots/MM: 10
Parking generation rule: r
==========================================================================
