Version identifier: 22.1.1.0 | 2022-11-28 | 9160aff4d
CPXPARAM_TimeLimit                               20400
Tried aggregator 1 time.
MIP Presolve eliminated 2153 rows and 1858 columns.
MIP Presolve modified 12506 coefficients.
Reduced MIP has 28203 rows, 30292 columns, and 129972 nonzeros.
Reduced MIP has 15444 binaries, 14848 generals, 0 SOSs, and 0 indicators.
Presolve time = 0.14 sec. (85.64 ticks)
Probing time = 5.39 sec. (46.54 ticks)
Cover probing fixed 0 vars, tightened 10 bounds.
Tried aggregator 1 time.
Detecting symmetries...
MIP Presolve eliminated 492 rows and 492 columns.
MIP Presolve modified 2 coefficients.
Reduced MIP has 27711 rows, 29800 columns, and 128298 nonzeros.
Reduced MIP has 15442 binaries, 14358 generals, 0 SOSs, and 0 indicators.
Presolve time = 0.21 sec. (112.68 ticks)
Probing time = 8.51 sec. (19.20 ticks)
Cover probing fixed 0 vars, tightened 11 bounds.
Clique table members: 33777.
MIP emphasis: balance optimality and feasibility.
MIP search method: dynamic search.
Parallel mode: deterministic, using up to 32 threads.
Root relaxation solution time = 3.66 sec. (585.86 ticks)

        Nodes                                         Cuts/
   Node  Left     Objective  IInf  Best Integer    Best Bound    ItCnt     Gap

      0     0      862.5872   382                    862.5872       19         
      0     0      898.7333   571                   Cuts: 342     1748         
      0     0      909.6741   600                   Cuts: 240     2748         
      0     0      914.4690   642                   Cuts: 136     3595         
      0     0      921.8170   646                   Cuts: 129     4350         
      0     0      923.5874   595                   Cuts: 101     4685         
Detecting symmetries...
      0     0      925.4276   647                    Cuts: 83     4963         
      0     0      926.2479   604                    Cuts: 53     5160         
      0     0      926.9932   618                    Cuts: 34     5327         
      0     0      927.7956   618                    Cuts: 31     5489         
      0     0      928.1087   596                    Cuts: 30     5615         
      0     0      928.1490   613                    Cuts: 28     5652         
      0     0      928.2953   631                    Cuts: 18     5710         
      0     0      928.3760   632                    Cuts: 18     5765         
Detecting symmetries...
      0     2      928.3760   632                    928.3760     5765         
Elapsed time = 47.16 sec. (17910.50 ticks, tree = 0.02 MB, solutions = 0)
      1     3      930.4862   611                    928.3803     6286         
      2     4      935.1396   610                    928.3803     7284         
      4     6      939.6303   616                    928.3803     7652         
      6     6     1013.4384   610                    928.3803     8944         
     11     7     1042.6409   580                    928.3803     8998         
     15    11     1024.8300   572                    939.6322    21726         
     17    10     1046.5216   535                    939.6322    18727         
     18    15     1060.3122   541                    940.5781    29002         
     22    19      942.1282   632                    940.5781    47558         
     31    20     1052.0548   595                    940.5781    51307         
Elapsed time = 66.87 sec. (24150.32 ticks, tree = 0.03 MB, solutions = 0)
     46    35     1071.6735   620                    942.1282   166353         
     58    39     1166.3911   587                    942.1282   189625         
     82    67     1141.5060   605                    946.5238   327563         
    180    82     1163.5692   616                    950.7633   350079         
    263    82     1046.6200   547                    950.7633   345598         
    314   104     1163.7083   525                    976.9428   360505         
    370   193     1172.9413   499                    976.9428   398474         
    473   257     1266.9231   552                    976.9428   447619         
    597   403     1326.6458   527                    976.9428   491518         
    715   446     1123.7642   548                    976.9428   505943         
Elapsed time = 105.89 sec. (33789.30 ticks, tree = 12.53 MB, solutions = 0)
    841   688     1249.6850   535                    976.9428   571539         
    979   687     1186.5760   435                    976.9428   569980         
   1186  1074     1594.6209   348                    976.9428   675688         
   1399  1013     1377.6572   318                    976.9428   658325         
   1551  1228     1379.7733   513                    976.9428   704293         
   1672  1558     1265.7699   419                    976.9428   754696         
   1941  1599     1300.9181   327                    976.9428   760881         
   2303  1711     1376.9542   421                    976.9428   789490         
   2843  1962    infeasible                          976.9428   826088         
   3369  2686     1375.3934   311                    976.9428   889739         
Elapsed time = 151.92 sec. (43409.99 ticks, tree = 393.98 MB, solutions = 0)
   3926  2715     1407.1810   269                    976.9428   891587         
   4354  3331     1443.6225   311                    976.9428   946981         
   4913  3869     1623.3476   271                    976.9428  1002657         
   5452  4512     1536.4511   330                    976.9428  1072342         
   5973  5196     1847.4571   357                    976.9428  1137117         
   6467  5628     1585.0297   320                    976.9428  1192259         
   7072  5483     1778.2578   261                    976.9428  1177149         
   7667  6651     1652.7216   195                    976.9428  1310769         
   8327  6367     1926.9059   180                    976.9428  1283773         
   8908  7806     1715.1249   162                    976.9428  1431943         
Elapsed time = 193.26 sec. (52963.87 ticks, tree = 1639.34 MB, solutions = 0)
   9468  7915     1794.7224   174                    976.9428  1441847         
  10206  8555     1989.9577    58                    976.9428  1517847         
  11028  8786    infeasible                          976.9428  1540248         
  11801  9873     1816.2581   132                    976.9428  1647122         
  12607 10441     2122.3089    46                    976.9428  1700411         
  13617 10477     2187.0258    31                    976.9428  1701974         
  14425 11735    infeasible                          976.9428  1800749         
  15273 12383     1667.6022   183                    976.9428  1856999         
  16061 13282    infeasible                          976.9428  1920153         
  16863 13338     1993.3192   112                    976.9428  1928024         
Elapsed time = 241.83 sec. (62517.93 ticks, tree = 3030.14 MB, solutions = 0)
Nodefile size = 974.22 MB (652.47 MB after compression)
  17550 14164     2326.7539    45                    976.9428  1968304         
  18295 14310    infeasible                          976.9428  1986399         
  19133 14817     2187.1426    29                    976.9428  2027311         
  19846 15847     2187.0609    29                    976.9428  2105869         
  20688 16720     2374.6299    74                    976.9428  2178101         
  21436 17201     2168.2920    85                    976.9428  2195845         
  22096 17991     2265.6429    22                    976.9428  2258555         
  22628 18374     1497.7553   254                    976.9428  2291117         
  23126 18891     1782.1006    83                    977.9508  2331468         
  23744 19776     1840.7697    82                    977.9508  2405676         
Elapsed time = 290.89 sec. (72065.91 ticks, tree = 4623.34 MB, solutions = 0)
Nodefile size = 2569.13 MB (1705.33 MB after compression)
  24338 19877     1647.6932   366                    977.9508  2418391         
  24728 20047     1443.5332   274                    977.9508  2430520         
  24824 20626     1424.5248   553                    977.9508  2482300         
  24912 20619     1107.4433   597                    977.9508  2480858         
  25062 21236     1047.6445   578                    977.9508  2558733         
  25212 21372     1119.0941   529                    990.5306  2588846         
  25441 21374     1381.2249   470                    990.5306  2588126         
  25717 21458     1297.5765   587                    990.5306  2616702         
  26098 21858     1173.3065   581                    990.5306  2693773         
  26471 21958     1759.4833   228                    990.5306  2703564         
Elapsed time = 340.05 sec. (81695.68 ticks, tree = 5098.04 MB, solutions = 0)
Nodefile size = 3037.66 MB (2012.82 MB after compression)
  26895 22280     1633.5497   395                    990.5306  2749806         
  27280 22806     1313.7888   438                    990.5306  2818281         
  27749 22847     1294.7495   529                    990.5306  2822960         
  28207 22909     1382.1332   468                    990.5306  2831712         
  28689 23303     1516.2217   142                   1000.0266  2867750         
  29220 24108     1328.5909   451                   1000.1179  2960489         
  29737 24290     1245.9761   342                   1005.2394  2966561         
  30224 25531     1294.7495   529                   1005.2394  3075680         
  30763 25064     1775.0047   391                   1005.2394  3049833         
  31223 26120     1485.1931   427                   1005.2394  3144165         
Elapsed time = 386.38 sec. (91250.84 ticks, tree = 6074.72 MB, solutions = 0)
Nodefile size = 4021.10 MB (2657.24 MB after compression)
  31644 26721     1498.5097   274                   1010.2246  3191065         
  32058 26150     1539.4671   365                   1010.2246  3146579         
  32494 27491     1534.0530   286                   1010.2246  3266162         
  33040 27515     1557.9796   243                   1010.2246  3267387         
  33613 27529     1330.0806   501                   1010.2246  3270515         
  34242 28127     1371.9490   480                   1010.2246  3329534         
  34773 28498     1355.9600   456                   1010.2246  3349397         
  35231 29475     1247.3330   488                   1010.2246  3409319         
  35645 30352     1440.0726   415                   1010.2246  3480588         
  36090 30493     1212.2675   507                   1010.2246  3483627         
Elapsed time = 429.85 sec. (100797.03 ticks, tree = 6901.22 MB, solutions = 0)
Nodefile size = 4845.17 MB (3183.77 MB after compression)
  36644 30775     1149.1876   544                   1010.2246  3541181         
  37226 30826     1131.3210   544                   1010.2246  3541333         
  37877 32034     1430.7184   428                   1010.2246  3622128         
  38439 32001     1131.3210   544                   1010.2246  3618717         
  38981 32186     1392.1589   256                   1010.2246  3637738         
  39542 33272     1818.0778   212                   1010.2246  3715313         
  40082 33754     1246.5839   315                   1010.2246  3739059         
  40486 33947     1213.4864   499                   1010.2246  3741009         
  40756 34635     1494.9239   241                   1010.2246  3814907         
  41333 35914     1929.9977   148                   1010.2246  3999264         
Elapsed time = 492.53 sec. (113216.23 ticks, tree = 7643.82 MB, solutions = 0)
Nodefile size = 5589.14 MB (3641.22 MB after compression)
  42618 36653     1135.2960   515                   1026.7483  4120874         
  44358 37126     1546.9299   540                   1026.7483  4172628         
  45849 39597     1482.2636   558                   1026.7483  4439197         
  47682 40304     1221.1807   570                   1026.7483  4519422         
  49249 41879     1194.7450   550                   1026.7483  4665115         
  50604 43236     1375.3367   484                   1028.3651  4818749         
  52317 44471     1317.7414   562                   1028.3651  4959448         
  54238 46794     1246.4941   532                   1044.7529  5153776         
  55650 47520     1512.1111   487                   1044.7529  5205351         
  56800 49051     1123.8438   619                   1044.7529  5355863         
Elapsed time = 680.91 sec. (151408.62 ticks, tree = 10315.53 MB, solutions = 0)
Nodefile size = 8256.12 MB (5421.92 MB after compression)
  58587 49608     1545.3789   471                   1044.7529  5422380         
  60664 51945     1416.2988   497                   1057.5269  5618839         
  62563 53876     1767.7014   158                   1066.9174  5755587         
  64277 54894     1214.2985   599                   1075.9502  5836378         
  65752 57302     1433.3886   454                   1077.4921  6022894         
  67476 57922     1374.8288   462                   1077.4921  6088131         
  69314 60527     1370.2944   477                   1077.4921  6329577         
  70676 61817     1568.1577   350                   1079.1998  6497709         
  72168 62490    infeasible                         1084.9268  6596848         
  73806 63961     1341.9752   491                   1084.9268  6740072         
Elapsed time = 863.51 sec. (189569.07 ticks, tree = 13188.11 MB, solutions = 0)
Nodefile size = 11111.93 MB (7379.30 MB after compression)
  75791 65839     1406.4879   318                   1085.0485  6906147         
  77496 67695     1148.6991   616                   1086.3063  7089330         
  78861 68243     1321.9822   500                   1088.2007  7145341         
  80212 69775     1591.5644   514                   1089.2627  7262821         
  82299 71271     1456.3438   497                   1089.4020  7395779         
  84233 72930     1389.7878   516                   1096.8231  7541844         
  86335 75483     1729.9699   280                   1096.9658  7744286         
  88041 75925    infeasible                         1097.0828  7765993         
  90002 78075     1535.4884   386                   1097.2407  7970234         
  91931 79073     1463.1273   564                   1097.2407  8052100         
Elapsed time = 1056.87 sec. (227736.41 ticks, tree = 16721.99 MB, solutions = 0)
Nodefile size = 14651.52 MB (9844.15 MB after compression)
  93779 81604     1098.8957   635                   1097.2407  8230787         
  95728 83144     1478.0153   465                   1098.6686  8409335         
  97374 85767     1147.9806   552                   1098.6686  8608345         
  98713 87005     1415.9535   489                   1099.2350  8740133         
 100078 87682     1623.4704   422                   1100.2834  8835562         
 102295 89250     1398.0713   481                   1100.2834  8995716         
 104478 89617     1606.9476   398                   1100.4910  9026018         
 106903 93093     1365.5396   536                   1100.4910  9281790         
 109089 96232     1349.5251   444                   1100.5445  9505942         
 111406 96099     1331.4691   566                   1100.5445  9496400         
Elapsed time = 1242.63 sec. (265910.11 ticks, tree = 20267.75 MB, solutions = 0)
Nodefile size = 18189.50 MB (12283.53 MB after compression)
 113706 100033     1252.0495   632                   1101.2951  9781001         
 116297 100288     1159.5770   624                   1101.2951  9788598         
 118993 103294     1810.6273   348                   1101.2951  9974054         
 121899 105009     1225.2480   543                   1101.2951 10080673         
 124431 107265     1208.2102   546                   1101.2951 10173509         
 127078 109326     1463.2779   493                   1101.2951 10291886         
 128996 113218     1601.6633   432                   1101.2951 10494558         
 130106 116854     1705.8845   441                   1101.2951 10684521         
 131961 116754     1103.1204   556                   1101.2951 10665318         
 134559 118106     1294.7249   459                   1101.3504 10808674         
Elapsed time = 1445.79 sec. (304071.98 ticks, tree = 25388.01 MB, solutions = 0)
Nodefile size = 23311.18 MB (15857.54 MB after compression)
 137087 119577     1277.7080   528                   1101.3504 10913444         
 139339 124008     1205.9140   545                   1101.3504 11164894         
 141875 123193     1124.2971   555                   1101.3504 11144163         
 144441 127297     1241.9565   514                   1101.3504 11378820         
 147357 130937     1655.7330   405                   1101.3504 11581559         
 149607 129681     1299.9313   418                   1101.3504 11522348         
 151781 133928     1384.1202   376                   1101.3504 11733367         
 154362 135617     1905.9637   488                   1101.3504 11818373         
 156723 139989     1447.0677   568                   1101.3504 12096587         
 159746 141235     1121.6688   527                   1101.3504 12158141         
Elapsed time = 1639.17 sec. (342231.96 ticks, tree = 30816.61 MB, solutions = 0)
Nodefile size = 28716.46 MB (19622.52 MB after compression)
 162639 144577     1187.2065   531                   1101.3504 12327477         
 165109 147859     1269.9918   505                   1101.3504 12510555         
 167952 150055     1564.9160   462                   1101.3504 12631204         
 170340 149650     1296.6703   454                   1101.3504 12597436         
 173191 152270     1108.0296   547                   1101.3505 12701836         
 175814 154957     1246.8647   547                   1101.3505 12871305         
 178092 160146     1110.3412   515                   1101.3505 13135937         
 180557 162170     1456.2442   460                   1101.3512 13254090         
 183358 165132     1739.3443   525                   1101.7589 13433202         
 186563 165693     1267.0796   533                   1101.7589 13478259         
Elapsed time = 1831.88 sec. (380400.96 ticks, tree = 36592.70 MB, solutions = 0)
Nodefile size = 34503.10 MB (23685.93 MB after compression)
 189544 171014     1385.5324   592                   1102.0610 13699343         
 192838 169110     1201.2997   527                   1102.0610 13633373         
 196108 174114     1470.5234   487                   1102.0610 13844905         
 199048 177184     1468.6571   460                   1102.0613 13965673         
 201449 182299     1131.5443   503                   1102.0613 14195137         
 204731 181472     1151.4792   499                   1102.2517 14152862         
 207855 186838     1225.0645   476                   1102.2951 14441430         
 210997 186697     1115.5957   495                   1102.2951 14432783         
 213910 192730     1149.4804   451                   1102.2970 14702718         
 216516 192019     1148.4420   482                   1102.5069 14650384         
Elapsed time = 2029.41 sec. (418556.70 ticks, tree = 42892.82 MB, solutions = 0)
Nodefile size = 40749.37 MB (28045.36 MB after compression)
 219057 196302     1125.7424   464                   1102.6839 14873360         
 220974 198215     1356.1156   403                   1102.6839 15011348         
 222766 202100     1218.6012   500                   1102.6839 15191845         
 225512 204432     1331.2371   538                   1102.6839 15350801         
 228142 203620     1167.8055   509                   1103.4699 15312498         
 230963 208942     1604.4003   418                   1103.6146 15641318         
