Version identifier: 22.1.1.0 | 2022-11-28 | 9160aff4d
CPXPARAM_TimeLimit                               20400
Tried aggregator 1 time.
MIP Presolve eliminated 1202 rows and 970 columns.
MIP Presolve modified 11583 coefficients.
Reduced MIP has 25322 rows, 26652 columns, and 115196 nonzeros.
Reduced MIP has 13420 binaries, 13232 generals, 0 SOSs, and 0 indicators.
Presolve time = 0.12 sec. (74.60 ticks)
Probing time = 6.16 sec. (40.47 ticks)
Cover probing fixed 0 vars, tightened 19 bounds.
Tried aggregator 1 time.
Detecting symmetries...
MIP Presolve eliminated 460 rows and 460 columns.
MIP Presolve modified 2 coefficients.
Reduced MIP has 24862 rows, 26192 columns, and 113618 nonzeros.
Reduced MIP has 13418 binaries, 12774 generals, 0 SOSs, and 0 indicators.
Presolve time = 0.19 sec. (99.09 ticks)
Probing time = 6.19 sec. (18.12 ticks)
Cover probing fixed 0 vars, tightened 18 bounds.
Clique table members: 21008.
MIP emphasis: balance optimality and feasibility.
MIP search method: dynamic search.
Parallel mode: deterministic, using up to 32 threads.
Root relaxation solution time = 4.56 sec. (530.70 ticks)

        Nodes                                         Cuts/
   Node  Left     Objective  IInf  Best Integer    Best Bound    ItCnt     Gap

      0     0      776.1487   422                    776.1487       18         
      0     0      811.3507   461                   Cuts: 362     1597         
      0     0      828.7442   531                   Cuts: 230     3129         
      0     0      836.5664   578                   Cuts: 165     3895         
      0     0      839.1687   598                   Cuts: 135     4305         
      0     0      842.1473   595                    Cuts: 97     4892         
Detecting symmetries...
      0     0      843.3935   616                    Cuts: 94     5180         
      0     0      844.4839   605                    Cuts: 69     5404         
      0     0      845.4437   611                    Cuts: 57     5674         
      0     0      845.9177   577                    Cuts: 71     5813         
      0     0      846.1741   583                    Cuts: 28     5915         
      0     0      846.3135   599                    Cuts: 34     6010         
      0     0      846.5696   561                    Cuts: 32     6135         
      0     0      846.7187   577                    Cuts: 18     6245         
      0     0      846.8920   628                    Cuts: 22     6322         
      0     0      847.4385   599                    Cuts: 37     6398         
      0     0      847.5012   565                    Cuts: 22     6433         
      0     0      847.5660   563                     Cuts: 9     6473         
      0     0      847.5914   568                    Cuts: 15     6484         
Detecting symmetries...
      0     2      847.5914   568                    847.5914     6484         
Elapsed time = 46.92 sec. (18451.80 ticks, tree = 0.02 MB, solutions = 0)
      1     3      853.0418   565                    847.6054     7265         
      2     4      856.1016   574                    847.6054     7687         
      5     7      884.0686   502                    853.0577     9906         
     15    17      889.8214   515                    856.1235    11346         
     22    21      914.6898   568                    856.1235    12686         
     39    24      917.0493   537                    856.1235    13461         
     53    23      900.6439   557                    856.1235    13034         
     62    30      888.2294   602                    856.1235    14704         
     76    42      921.9474   591                    861.8014    20105         
    107    55     1013.0470   529                    867.0601    26454         
Elapsed time = 63.01 sec. (22293.33 ticks, tree = 0.03 MB, solutions = 0)
    122    95      960.0321   601                    867.0960   100172         
    275   145      986.7635   586                    867.0960   240947         
    377   281     1034.0016   578                    867.0960   287617         
    494   399      982.3145   520                    867.0960   331204         
    571   476      960.0838   571                    867.0960   367838         
    673   508     1075.5159   514                    867.0960   379306         
    807   641     1143.9185   500                    867.0960   425622         
    983   692     1188.1325   427                    867.0960   450670         
   1228   824     1233.8508   467                    867.0960   479688         
   1466  1203     1119.9544   468                    867.0960   562040         
Elapsed time = 106.94 sec. (31911.87 ticks, tree = 66.01 MB, solutions = 0)
   1687  1382     1152.0133   468                    867.0960   594978         
   1856  1389     1174.4772   508                    867.0960   598203         
   2193  1728     1377.3090   454                    867.0960   685506         
   2615  2112     1348.1292   259                    867.0960   747782         
   3051  2325    infeasible                          867.0960   783871         
   3591  2280     1061.7320   422                    867.0960   776094         
   4097  3105     1438.3129   463                    867.0960   887557         
   4860  2977     1343.4561   434                    867.0960   871400         
   5592  4263     1410.5377   399                    867.0960  1026712         
   6380  4532     1490.8586   402                    867.0960  1050966         
Elapsed time = 153.03 sec. (41475.62 ticks, tree = 670.95 MB, solutions = 0)
   7257  5017     1383.1585   332                    867.0960  1089154         
   8056  5968     1389.2027   228                    867.0960  1170045         
   8809  6507     1467.9523   116                    867.0960  1219220         
   9612  6770     1872.4242    97                    867.0960  1245939         
  10469  7637     1158.6540   393                    867.0960  1329976         
  11304  8267     1545.6609   137                    867.0960  1393158         
  12007  8600     1041.9968   540                    867.0960  1425141         
  12596  9464     1901.1634    54                    867.0960  1512496         
  13180  9888     1052.3055   601                    867.0960  1576219         
  13709  9783    infeasible                          867.0960  1565568         
Elapsed time = 197.63 sec. (51027.12 ticks, tree = 1847.46 MB, solutions = 0)
  14232 10254     1841.2875    18                    867.0960  1617363         
  14766 10639     1119.6525   468                    867.0960  1666535         
* 15025+10695                         1932.1213      872.0551            54.87%
* 15133+10911                         1926.4115      872.0551            54.73%
* 15171 10948      integral     0     1918.4656      872.0551  1720347   54.54%
  15259 11013     1313.4419   522     1918.4656      872.0823  1731948   54.54%
  15657 11004     1221.3149   488     1918.4656      872.0823  1730798   54.54%

Performing restart 1

Repeating presolve.
Tried aggregator 1 time.
MIP Presolve eliminated 11 rows and 123 columns.
MIP Presolve modified 241 coefficients.
Reduced MIP has 24851 rows, 26069 columns, and 113244 nonzeros.
Reduced MIP has 13306 binaries, 12763 generals, 0 SOSs, and 0 indicators.
Presolve time = 0.10 sec. (51.62 ticks)
Tried aggregator 1 time.
MIP Presolve eliminated 6 rows and 105 columns.
Reduced MIP has 24845 rows, 25964 columns, and 112933 nonzeros.
Reduced MIP has 13207 binaries, 12757 generals, 0 SOSs, and 0 indicators.
Presolve time = 0.16 sec. (70.90 ticks)
Represolve time = 10.97 sec. (285.53 ticks)
* 15829+    0                         1751.3778      872.0823            50.21%
  15829     0      945.2392   680     1751.3778    Cuts: 1672  1822521   46.03%
  15829     0      965.5170   750     1751.3778     Cuts: 382  1824147   44.87%
  15829     0      986.9448   758     1751.3778    Cuts: 1241  1825807   43.65%
* 15829+    0                         1736.1582      986.9448            43.15%
* 15829+    0                         1585.9785      986.9448            37.77%
* 15829+    0                         1583.1638      986.9448            37.66%
* 15829+    0                         1581.9559      986.9448            37.61%
  15829     0  -1.00000e+75     0     1581.9559      986.9448  1825807   37.61%
  15829     0      998.6000   778     1581.9559     Cuts: 365  1827520   36.88%
* 15829+    0                         1581.0011      998.6000            36.84%
  15829     0     1015.2967   827     1581.0011     Cuts: 993  1829714   35.78%
  15829     0     1029.5745   820     1581.0011     Cuts: 324  1831165   34.88%
  15829     0     1033.4729   841     1581.0011     Cuts: 876  1831870   34.63%
  15829     0     1037.2897   851     1581.0011     Cuts: 334  1833004   34.39%
  15829     0     1039.0233   834     1581.0011     Cuts: 303  1833670   34.28%
  15829     0     1040.2505   859     1581.0011     Cuts: 239  1834269   34.20%
  15829     0     1041.3940   890     1581.0011     Cuts: 493  1834944   34.13%
  15829     0     1042.5513   923     1581.0011     Cuts: 301  1835341   34.06%
  15829     0     1043.0370   931     1581.0011     Cuts: 136  1835671   34.03%
  15829     0     1044.3910   882     1581.0011     Cuts: 119  1836163   33.94%
  15829     0     1045.1302   884     1581.0011     Cuts: 212  1836589   33.89%
  15829     0     1045.9882   907     1581.0011     Cuts: 149  1836915   33.84%
  15829     0     1046.2026   917     1581.0011      Cuts: 97  1837104   33.83%
  15829     0     1046.3159   937     1581.0011      Cuts: 86  1837298   33.82%
  15829     0     1046.4414   936     1581.0011      Cuts: 57  1837416   33.81%
  15829     0     1046.5988   949     1581.0011      Cuts: 55  1837645   33.80%
  15829     0     1046.6829   953     1581.0011      Cuts: 87  1837816   33.80%
  15829     0     1046.7737   942     1581.0011      Cuts: 65  1837953   33.79%
  15829     0     1046.7895   941     1581.0011      Cuts: 52  1838022   33.79%
  15829     0     1046.8021   947     1581.0011      Cuts: 30  1838075   33.79%
  15829     2     1046.9206   949     1581.0011     1046.8021  1838075   33.79%
  15830     3     1049.3044   909     1581.0011     1049.4261  1839091   33.62%
  15831     3     1080.4691   783     1581.0011     1049.4261  1851149   33.62%
  15833     4     1053.2700   857     1581.0011     1049.4261  1839945   33.62%
  15834     6     1080.3040   762     1581.0011     1049.4261  1856207   33.62%
  15835     5     1080.7259   777     1581.0011     1049.4261  1852781   33.62%
Elapsed time = 497.09 sec. (226862.44 ticks, tree = 0.03 MB, solutions = 9)
  15836     7     1058.0324   905     1581.0011     1053.2822  1858325   33.38%
  15838     8     1086.4127   877     1581.0011     1053.2822  1858578   33.38%
  15841     9     1088.9884   756     1581.0011     1053.2822  1858657   33.38%
  15843     8     1096.0074   808     1581.0011     1053.2822  1858784   33.38%
  15845    10     1059.2176   901     1581.0011     1053.2822  1859897   33.38%
  15846    14     1084.9658   874     1581.0011     1058.0753  1874420   33.08%
  15849    15     1092.3856   819     1581.0011     1058.0753  1875272   33.08%
  15853    12     1087.8128   885     1581.0011     1058.0753  1872089   33.08%
  15855    16     1164.4469   764     1581.0011     1058.0753  1877769   33.08%
  15857    15     1099.0115   825     1581.0011     1058.0753  1876807   33.08%
Elapsed time = 564.69 sec. (243666.97 ticks, tree = 0.02 MB, solutions = 9)
  15860    24     1123.2222   852     1581.0011     1059.2443  1907555   33.00%
  15863    17     1103.2459   898     1581.0011     1059.2443  1878152   33.00%
  15867    25     1071.9436   864     1581.0011     1059.2443  1913921   33.00%
  15870    28     1092.6739   869     1581.0011     1059.2443  1940748   33.00%
* 15871+   17                         1521.2233     1059.2443            30.37%
  15871    27     1092.2393   875     1521.2233     1059.2443  1930188   30.37%
  15872    31     1108.7338   882     1521.2233     1059.2443  1964329   30.37%
* 15873+   16                         1420.3823     1059.2443            25.43%
* 15874+   16                         1369.8448     1059.3950            22.66%
  15877    37     1108.3882   932     1369.8448     1059.3950  2016522   22.66%
* 15878+   16                         1362.1104     1059.3950            22.22%
* 15880+   16                         1338.6288     1059.3950            20.86%
* 15881+   16                         1337.0839     1059.3950            20.77%
  15881    41     1074.3888   937     1337.0839     1059.3950  2055145   20.77%
  15885    43     1088.4439   931     1337.0839     1059.3950  2074931   20.77%
  15889    20     1093.5734   828     1337.0839     1059.3950  1889171   20.77%
Elapsed time = 650.57 sec. (257139.59 ticks, tree = 0.02 MB, solutions = 37)
  15893    47     1126.7048   840     1337.0839     1059.3950  2108140   20.77%
  15898    45     1095.4302   944     1337.0839     1063.7596  2094194   20.44%
  15902    54     1171.2844   844     1337.0839     1063.7673  2166523   20.44%
  15907    53     1126.0745   875     1337.0839     1063.7673  2156583   20.44%
* 15909+   22                         1331.5426     1063.7673            20.11%
  15911    50     1176.5167   847     1331.5426     1063.7673  2125080   20.11%
  15916    48     1127.4061   891     1331.5426     1063.7673  2108989   20.11%
  15919    46     1109.7337   883     1331.5426     1063.7673  2111519   20.11%
  15928    56     1077.3959   893     1331.5426     1063.7673  2174720   20.11%
  15934    76     1130.3839   859     1331.5426     1063.7673  2349353   20.11%
* 15940+   23                         1331.0593     1063.7673            20.08%
* 15942+   23                         1328.0504     1063.7673            19.90%
  15944    28     1100.7024   857     1328.0504     1063.7673  1940256   19.90%
Elapsed time = 714.73 sec. (268206.78 ticks, tree = 0.02 MB, solutions = 87)
  15951    73     1178.1154   816     1328.0504     1067.1694  2324965   19.64%
  15957    79     1128.9865   883     1328.0504     1067.1796  2354626   19.64%
  15964    62     1097.1474   879     1328.0504     1067.1796  2241132   19.64%
  15976    67     1096.5443   919     1328.0504     1067.1796  2300691   19.64%
  15983   103     1097.1093   903     1328.0504     1067.1796  2462577   19.64%
  15991    70     1104.5835   866     1328.0504     1067.1796  2324588   19.64%
  16004   100     1147.2733   925     1328.0504     1067.1796  2445173   19.64%
  16012   101     1106.7332   873     1328.0504     1067.1796  2454346   19.64%
  16023   106     1112.2912   944     1328.0504     1067.1796  2487593   19.64%
  16028    96     1085.0832   951     1328.0504     1067.1796  2424524   19.64%
Elapsed time = 777.32 sec. (278286.24 ticks, tree = 0.61 MB, solutions = 97)
  16039   141     1086.5324   908     1328.0504     1067.1796  2547591   19.64%
  16047   130     1173.9177   821     1328.0504     1067.1796  2538520   19.64%
  16056   116     1109.9291   860     1328.0504     1067.1796  2514424   19.64%
  16066   127     1105.7592   895     1328.0504     1067.1796  2538436   19.64%
  16076   139     1205.4002   798     1328.0504     1067.1796  2546799   19.64%
  16084   128     1139.9753   847     1328.0504     1067.1796  2533315   19.64%
  16095   145     1125.1723   892     1328.0504     1067.1796  2552936   19.64%
  16104   210     1189.1432   834     1328.0504     1067.1796  2635992   19.64%
  16120   221     1116.4108   922     1328.0504     1067.1796  2649138   19.64%
  16156   206     1134.7202   808     1328.0504     1067.1796  2630213   19.64%
Elapsed time = 860.41 sec. (291479.37 ticks, tree = 1.04 MB, solutions = 97)
  16194   245     1108.6362   891     1328.0504     1067.1796  2679708   19.64%
  16231   332     1084.1479   898     1328.0504     1067.1796  2756762   19.64%
  16282   345     1127.3155   873     1328.0504     1067.1796  2787412   19.64%
  16354   384     1243.6377   743     1328.0504     1067.1796  2847425   19.64%
  16448   442     1181.6884   787     1328.0504     1067.1796  2885585   19.64%
  16585   539     1156.8351   782     1328.0504     1067.1796  2943623   19.64%
  16731   515     1195.0894   772     1328.0504     1067.1796  2912667   19.64%
  17004   558     1182.9454   684     1328.0504     1067.1796  2945970   19.64%
  17332   721     1188.4682   710     1328.0504     1067.1796  2991392   19.64%
  17808  1033     1120.7634   792     1328.0504     1067.1796  3074732   19.64%
Elapsed time = 1088.12 sec. (329860.50 ticks, tree = 87.71 MB, solutions = 97)
* 18044+ 1045                         1324.6883     1067.1796            19.44%
  18173   977     1298.6909   783     1324.6883     1067.1796  3065500   19.44%
  18582  1470     1303.9864   613     1324.6883     1067.1796  3145271   19.44%
  18922  1780     1200.6690   776     1324.6883     1067.1796  3192646   19.44%
  19244  2794     1216.3871   725     1324.6883     1067.1796  3354996   19.44%
  19623  2426     1135.4237   850     1324.6883     1067.1796  3301987   19.44%
  19925  3206     1235.3509   538     1324.6883     1068.2338  3453178   19.36%
  20249  3181     1279.3039   715     1324.6883     1071.7329  3440723   19.10%
  20562  3167     1314.5104   664     1324.6883     1071.7329  3448254   19.10%
  21010  4048     1316.8602   617     1324.6883     1071.7329  3718966   19.10%
  21640  3982     1285.7818   678     1324.6883     1071.7329  3679738   19.10%
Elapsed time = 1332.32 sec. (368129.85 ticks, tree = 520.29 MB, solutions = 102)
  22267  4738     1269.3466   607     1324.6883     1071.7329  3904257   19.10%
  22928  5368     1255.2293   612     1324.6883     1071.7329  3972894   19.10%
  23615  5969     1175.4701   561     1324.6883     1071.7329  4053255   19.10%
  24275  6790     1252.7136   414     1324.6883     1071.7329  4159016   19.10%
  24884  7221     1252.6810   616     1324.6883     1071.7329  4222182   19.10%
  25526  6749     1220.8086   891     1324.6883     1071.7329  4159403   19.10%
  26212  8022     1282.5985   399     1324.6883     1071.7329  4308780   19.10%
  26856  8322     1237.3556   304     1324.6883     1071.7329  4348551   19.10%
  27512  9652     1244.4426   646     1324.6883     1071.7329  4517424   19.10%
  28254 10095     1265.2168   732     1324.6883     1071.7329  4599350   19.10%
Elapsed time = 1562.57 sec. (406362.55 ticks, tree = 1784.62 MB, solutions = 102)
  28921 11351     1307.5110   561     1324.6883     1071.7329  4750812   19.10%
  29504 11184     1276.6442   405     1324.6883     1071.7329  4737309   19.10%
  30241 12070     1175.4328   775     1324.6883     1071.7329  4838907   19.10%
  30919 12972     1298.8214   560     1324.6883     1071.7329  4972629   19.10%
  31641 13653     1156.9090   866     1324.6883     1071.7329  5061071   19.10%
  32421 14433     1263.7113   666     1324.6883     1071.7329  5150971   19.10%
  33136 14973     1205.5334   812     1324.6883     1071.7329  5227593   19.10%
  34010 15309     1287.6645   456     1324.6883     1071.7329  5264264   19.10%
  34808 15296     1162.9123   799     1324.6883     1071.7329  5275945   19.10%
  35514 16960     1200.7006   587     1324.6883     1071.7329  5458713   19.10%
Elapsed time = 1810.52 sec. (444570.34 ticks, tree = 3303.71 MB, solutions = 102)
Nodefile size = 1242.13 MB (823.45 MB after compression)
  36293 17436     1236.9610   364     1324.6883     1078.2265  5518424   18.61%
  37063 17557     1232.8234   685     1324.6883     1078.2265  5534380   18.61%
  37781 18397     1241.0132   338     1324.6883     1078.2265  5619751   18.61%
  38543 19840     1103.2505   891     1324.6883     1078.2265  5819875   18.61%
  39172 19450     1299.0454   351     1324.6883     1078.2265  5774924   18.61%
  39882 20522     1250.9969   707     1324.6883     1078.2265  5927632   18.61%
  40525 20999     1212.7621   670     1324.6883     1078.2265  5982838   18.61%
  41239 21798     1129.3306   862     1324.6883     1078.2265  6122800   18.61%
* 41971+22467                         1324.0139     1078.2265            18.56%
  41973 23106     1161.1222   896     1324.0139     1078.2265  6290257   18.56%
* 42001+21278                         1319.9431     1078.2265            18.31%
* 42074+21278                         1318.8489     1092.1303            17.19%
* 42129+21278                         1316.4576     1092.1303            17.04%
* 42185+21278                         1315.5528     1092.1303            16.98%
* 42376+21278                         1314.9373     1092.1303            16.94%
* 42388+23402                         1310.9530     1092.1303            16.69%
* 42433+23402                         1309.0460     1094.0267            16.43%
* 42514+23397                         1270.8058     1094.0267            13.91%
  42552 23343     1256.9585   636     1270.8058     1094.0267  6317809   13.91%
Elapsed time = 2053.65 sec. (482774.77 ticks, tree = 4712.67 MB, solutions = 112)
Nodefile size = 2650.69 MB (1759.98 MB after compression)
  43149 17972     1110.6757   877     1270.8058     1094.0267  6467735   13.91%
* 43312+23274                         1270.0519     1094.4768            13.82%
  43540 17636     1216.6105   758     1270.0519     1094.4768  6427667   13.82%
* 43596+18177                         1214.9144     1094.4768             9.91%
  43938 18333     1247.9646   679     1214.9144     1094.4768  6581481    9.91%
  44164 11263     1141.2914   894     1214.9144     1096.0367  6685762    9.78%
  44445 11567     1209.2173   722     1214.9144     1097.0588  6797125    9.70%
* 44738+11579                         1208.4944     1097.4874             9.19%
* 44757+11579                         1199.2622     1097.4874             8.49%
* 44788+11579                         1197.0045     1097.4874             8.31%
* 44797+11579                         1196.2606     1097.4874             8.26%
* 44833+11579                         1196.0718     1097.4874             8.24%
* 44853+11579                         1195.3974     1097.4874             8.19%
  44878 11536     1137.5566   866     1195.3974     1097.4874  6771111    8.19%
  45296  9480     1179.7149   687     1195.3974     1098.1384  6880102    8.14%
  45711  9643     1185.1251   875     1195.3974     1098.4150  6936145    8.11%
* 46067+ 9697                         1194.7628     1098.4150             8.06%
* 46155+ 9697                         1194.2133     1098.4150             8.02%
* 46192+ 9697                         1194.1883     1098.4150             8.02%
  46226 10249        cutoff           1194.1883     1098.4150  7090777    8.02%
  46580 10363     1185.5393   763     1194.1883     1098.4150  7172183    8.02%
Elapsed time = 2295.96 sec. (521019.17 ticks, tree = 1769.65 MB, solutions = 151)
* 46694+10169                         1193.5197     1098.4150             7.97%
* 46703+10169                         1193.0769     1098.4150             7.93%
  46951 10487     1148.2905   790     1193.0769     1099.0354  7206167    7.88%
  47368 10640     1174.4952   818     1193.0769     1099.9285  7243393    7.81%
  47696 11134     1167.1783   747     1193.0769     1099.9285  7432253    7.81%
* 48012+11141                         1192.9633     1101.1200             7.70%
  48012 11248     1163.2583   802     1192.9633     1101.1200  7471363    7.70%
* 48028+11141                         1192.2889     1101.1200             7.65%
  48365 11601     1160.3659   864     1192.2889     1101.1200  7626537    7.65%
  48723 11549     1149.3336   832     1192.2889     1101.4337  7609025    7.62%
  49164 12194     1183.5024   684     1192.2889     1101.5337  7827067    7.61%
* 49245+11938                         1171.2938     1101.5337             5.96%
* 49261+11938                         1170.5402     1101.5337             5.90%
* 49309+11938                         1170.3977     1101.5337             5.88%
* 49339+11938                         1170.2335     1101.5337             5.87%
* 49444+11938                         1169.0008     1101.5337             5.77%
* 49460+11938                         1168.3264     1101.5337             5.72%
  49683 12507     1121.9265   833     1168.3264     1101.5337  7897519    5.72%
  50214 12347     1123.7803   745     1168.3264     1101.5741  7866757    5.71%
  50642  8953     1144.3752   637     1168.3264     1103.0247  8004568    5.59%
Elapsed time = 2538.92 sec. (559256.59 ticks, tree = 1368.52 MB, solutions = 169)
  50975  9200        cutoff           1168.3264     1103.0247  8104702    5.59%
  51344  9624     1157.8704   754     1168.3264     1104.0476  8206029    5.50%
* 51447+ 9636                         1168.0826     1104.0476             5.48%
* 51519+ 9824                         1167.1022     1104.0476             5.40%
* 51524+ 9824                         1165.1951     1104.0476             5.25%
  51630  9960     1161.2521   849     1165.1951     1104.1345  8317309    5.24%
  51949  9486        cutoff           1165.1951     1104.1345  8377668    5.24%
  52244  9508     1153.9317   805     1165.1951     1104.1345  8387295    5.24%
* 52363+ 9674                         1163.9637     1104.7303             5.09%
* 52411+ 9674                         1161.8691     1104.7303             4.92%
  52435  9519     1114.5437   850     1161.8691     1104.7303  8394857    4.92%
  52650  9597        cutoff           1161.8691     1105.0785  8704430    4.89%
  52887 10136     1134.6301   832     1161.8691     1105.7409  8652947    4.83%
* 53035+ 9904                         1161.6151     1105.7409             4.81%
  53125  9940        cutoff           1161.6151     1105.7409  8880538    4.81%
  53362  9999     1131.3913   883     1161.6151     1106.0697  8944941    4.78%
Elapsed time = 2769.90 sec. (597487.30 ticks, tree = 1501.69 MB, solutions = 179)
  53658  9984     1156.3712   570     1161.6151     1106.1559  8924632    4.77%
  53854  9980     1159.5536   835     1161.6151     1106.9060  8932660    4.71%
  54068 10088        cutoff           1161.6151     1107.2545  8994320    4.68%
  54347 10505        cutoff           1161.6151     1107.4341  9210663    4.66%
  54594 10512        cutoff           1161.6151     1107.4392  9207634    4.66%
* 54767+10536                         1160.8052     1107.4392             4.60%
  54808 10824     1148.8400   822     1160.8052     1107.4392  9381131    4.60%
  54977 10656     1115.1164   841     1160.8052     1107.6138  9309997    4.58%
  55152 10895     1147.7521   842     1160.8052     1107.7192  9436458    4.57%
  55327 10806     1126.3310   835     1160.8052     1108.4484  9528485    4.51%
  55537 11108     1153.4358   874     1160.8052     1108.6171  9804808    4.50%
Elapsed time = 3003.29 sec. (635759.72 ticks, tree = 1680.47 MB, solutions = 180)
  55800 11141        cutoff           1160.8052     1108.6171  9847952    4.50%
  56021 11248     1138.0398   758     1160.8052     1109.0602  9908396    4.46%
  56276 11185     1160.2672   769     1160.8052     1109.0602  9875797    4.46%
  56518 11567     1137.4667   774     1160.8052     1109.6793 10105707    4.40%
  56785 11577        cutoff           1160.8052     1109.9262 10123915    4.38%
  57072 11578     1139.9074   826     1160.8052     1109.9262 10126792    4.38%
  57339 11936     1143.7092   957     1160.8052     1109.9262 10342779    4.38%
  57620 11818     1137.6391   834     1160.8052     1110.6324 10275322    4.32%
  57932 12181     1136.3639   829     1160.8052     1111.2734 10457412    4.27%
  58270 12268        cutoff           1160.8052     1111.2856 10530059    4.27%
Elapsed time = 3246.13 sec. (674000.01 ticks, tree = 1935.59 MB, solutions = 180)
  58508 12686     1153.5385   774     1160.8052     1111.2856 10696154    4.27%
  58736 12608     1131.9615   918     1160.8052     1111.2856 10649399    4.27%
  58942 12622     1155.3764   639     1160.8052     1111.9357 10652272    4.21%
  59191 12769        cutoff           1160.8052     1111.9357 10747122    4.21%
  59390 13170     1146.6892   886     1160.8052     1112.1787 10903860    4.19%
  59604 13253        cutoff           1160.8052     1112.1787 10960168    4.19%
  59839 13608     1152.8957   799     1160.8052     1112.8563 11240384    4.13%
  60080 13446        cutoff           1160.8052     1112.8563 11133469    4.13%
  60383 13833     1133.8433   751     1160.8052     1113.4687 11405424    4.08%
  60666 13940     1129.6972   894     1160.8052     1113.6010 11457238    4.07%
Elapsed time = 3491.09 sec. (712288.26 ticks, tree = 2146.39 MB, solutions = 180)
Nodefile size = 90.08 MB (59.86 MB after compression)
  60953 13971     1136.4684   866     1160.8052     1113.8327 11478547    4.05%
  61230 14097     1158.7902   713     1160.8052     1114.1267 11550412    4.02%
  61586 14255        cutoff           1160.8052     1114.5616 11670652    3.98%
  61846 14547     1136.2341   838     1160.8052     1114.7158 11812361    3.97%
  62112 14477     1156.5628   795     1160.8052     1114.7158 11796253    3.97%
  62428 14482     1120.4278   827     1160.8052     1114.7158 11799258    3.97%
  62669 14870     1145.3008   797     1160.8052     1115.5361 12005328    3.90%
  62950 14842     1127.8179   730     1160.8052     1115.5361 11981932    3.90%
  63181 15240     1144.1989   805     1160.8052     1116.0543 12206085    3.86%
  63461 14998     1140.4151   820     1160.8052     1116.1933 12123545    3.84%
Elapsed time = 3733.29 sec. (750540.87 ticks, tree = 2357.86 MB, solutions = 180)
Nodefile size = 307.63 MB (203.35 MB after compression)
  63758 15567     1148.2804   894     1160.8052     1116.2818 12459322    3.84%
  64053 15429     1138.9463   938     1160.8052     1116.6321 12382396    3.81%
  64329 15693     1128.4829   802     1160.8052     1116.7480 12539633    3.80%
  64597 16025     1148.8587   928     1160.8052     1116.9800 12750561    3.78%
  64910 15726        cutoff           1160.8052     1117.2861 12570469    3.75%
  65243 16116     1157.8653   958     1160.8052     1117.5285 12814430    3.73%
  65536 16388     1158.0152   779     1160.8052     1117.6341 13007562    3.72%
  65866 16272     1148.7558   613     1160.8052     1117.9267 12872906    3.69%
  66150 16397     1134.0709   761     1160.8052     1118.1501 13013469    3.67%
  66409 16617     1150.2947   721     1160.8052     1118.2566 13136701    3.67%
Elapsed time = 3975.75 sec. (788841.21 ticks, tree = 2588.56 MB, solutions = 180)
Nodefile size = 532.96 MB (350.44 MB after compression)
  66592 16799     1130.0778   776     1160.8052     1118.2566 13215640    3.67%
  66744 16908     1153.9365   926     1160.8052     1118.7711 13293644    3.62%
  66874 16860        cutoff           1160.8052     1118.8467 13276089    3.61%
  67073 17310     1156.5522   627     1160.8052     1118.9261 13595336    3.61%
  67369 17351     1147.8038   907     1160.8052     1119.2274 13686262    3.58%
  67745 17381     1153.0934   725     1160.8052     1119.2274 13714838    3.58%
  68075 17629     1144.4144   883     1160.8052     1119.2274 13815104    3.58%
  68423 17801     1137.4659   831     1160.8052     1119.2274 13901698    3.58%
  68685 17444        cutoff           1160.8052     1119.2274 13753563    3.58%
  68989 17673     1155.1757   815     1160.8052     1119.2274 13834710    3.58%
Elapsed time = 4209.94 sec. (827174.90 ticks, tree = 2725.31 MB, solutions = 180)
Nodefile size = 712.36 MB (468.33 MB after compression)
  69326 17905     1134.4308   911     1160.8052     1119.2274 13984880    3.58%
  69652 18198     1148.5859   743     1160.8052     1119.2274 14107088    3.58%
  69900 18146     1139.3132   765     1160.8052     1119.2274 14061311    3.58%
  70141 18614     1155.1518   814     1160.8052     1119.2274 14355346    3.58%
  70380 18575        cutoff           1160.8052     1119.2274 14327736    3.58%
  70608 18726        cutoff           1160.8052     1119.2274 14466868    3.58%
  70844 18635     1150.2465   780     1160.8052     1119.2274 14387805    3.58%
  71062 19030     1145.8459   811     1160.8052     1119.2274 14692472    3.58%
  71221 18881     1155.2600   819     1160.8052     1119.2274 14534967    3.58%
  71440 19006        cutoff           1160.8052     1119.2274 14674402    3.58%
Elapsed time = 4428.29 sec. (865471.39 ticks, tree = 3018.22 MB, solutions = 180)
Nodefile size = 967.76 MB (634.02 MB after compression)
  71641 19035     1141.4479   855     1160.8052     1122.2521 14687826    3.32%
  71916 19370        cutoff           1160.8052     1122.3086 14984221    3.32%
  72153 19334     1154.0832   760     1160.8052     1122.3086 14923776    3.32%
  72438 19370     1148.0620   840     1160.8052     1122.7183 15039561    3.28%
  72691 19562     1158.3877   867     1160.8052     1122.9275 15193969    3.26%
  73002 19459     1160.4339   613     1160.8052     1122.9781 15074105    3.26%
  73259 19510     1149.4023   818     1160.8052     1123.0124 15160725    3.26%
  73539 19579     1147.6882   725     1160.8052     1123.3134 15212116    3.23%
  73803 19826     1131.4549   862     1160.8052     1123.4691 15449826    3.22%
  74086 19833     1140.7617   656     1160.8052     1123.6459 15443269    3.20%
Elapsed time = 4663.45 sec. (903780.96 ticks, tree = 3109.74 MB, solutions = 180)
Nodefile size = 1045.81 MB (683.26 MB after compression)
  74389 20097     1133.0372   886     1160.8052     1123.6877 15712859    3.20%
  74694 20358     1137.8930   752     1160.8052     1123.8123 15831052    3.19%
  75019 20427     1156.6288   779     1160.8052     1123.8123 15883016    3.19%
  75260 20547     1147.4656   765     1160.8052     1123.8123 16004667    3.19%
  75471 20545     1147.7829   850     1160.8052     1123.8123 16020617    3.19%
  75720 20579     1130.2911   770     1160.8052     1123.8123 16098245    3.19%
  76034 20915        cutoff           1160.8052     1124.5951 16207474    3.12%
  76275 21056     1130.7591   859     1160.8052     1124.9203 16328368    3.09%
  76519 21060     1152.3428   837     1160.8052     1124.9384 16331435    3.09%
  76843 21012     1160.6882   552     1160.8052     1124.9384 16233726    3.09%
Elapsed time = 4896.03 sec. (942105.11 ticks, tree = 3267.39 MB, solutions = 180)
Nodefile size = 1191.36 MB (777.45 MB after compression)
  77200 21380     1146.0444   816     1160.8052     1124.9384 16588143    3.09%
  77424 21368     1146.2356   779     1160.8052     1124.9384 16465236    3.09%
  77744 21635     1140.0643   755     1160.8052     1125.4938 16740888    3.04%
  78043 21344     1150.0980   736     1160.8052     1125.5739 16529574    3.04%
  78470 21396     1155.9596   630     1160.8052     1125.6600 16587008    3.03%
  78935 21959     1145.3737   764     1160.8052     1125.8907 16982674    3.01%
  79348 21689     1155.1837   870     1160.8052     1125.9690 16808968    3.00%
  79671 21903     1129.0810   922     1160.8052     1126.0090 16925860    3.00%
  80029 22236        cutoff           1160.8052     1126.1679 17141170    2.98%
  80336 22805     1139.6559   861     1160.8052     1126.2726 17330763    2.97%
Elapsed time = 5122.18 sec. (980323.75 ticks, tree = 3589.76 MB, solutions = 180)
Nodefile size = 1532.93 MB (996.12 MB after compression)
  80592 22737     1154.8205   839     1160.8052     1126.4164 17309708    2.96%
  80865 22968     1149.9539   779     1160.8052     1126.5743 17413872    2.95%
  81177 22361        cutoff           1160.8052     1126.7533 17234223    2.93%
  81517 23133     1143.2646   579     1160.8052     1126.8921 17463402    2.92%
  81916 23185     1141.6624   645     1160.8052     1127.0423 17572731    2.91%
  82443 23227     1159.3488   618     1160.8052     1127.0513 17603220    2.91%
  83072 23341     1147.4739   456     1160.8052     1127.1425 17635380    2.90%
  83657 23535     1157.0164   734     1160.8052     1127.1425 17694454    2.90%
  84074 24327     1131.3772   892     1160.8052     1127.1425 18055736    2.90%
  84468 23687     1154.4031   763     1160.8052     1127.1425 17900160    2.90%
Elapsed time = 5351.56 sec. (1018547.11 ticks, tree = 3585.59 MB, solutions = 180)
Nodefile size = 1534.16 MB (996.67 MB after compression)
  84892 23883     1148.8955   467     1160.8052     1127.7005 17957271    2.85%
  85396 25408     1157.0015   448     1160.8052     1127.8132 18351825    2.84%
  85820 25533     1130.0342   806     1160.8052     1127.8132 18390999    2.84%
  86289 25913     1155.6179   426     1160.8052     1127.9908 18472946    2.83%
  86684 25156        cutoff           1160.8052     1128.1390 18311064    2.81%
  87101 25547     1153.5784   816     1160.8052     1128.1963 18404328    2.81%
  87462 26274     1138.7591   883     1160.8052     1128.4754 18617804    2.79%
  87802 26660     1157.8999   601     1160.8052     1128.5282 18767305    2.78%
  88259 26585     1156.2583   658     1160.8052     1128.7728 18718885    2.76%
  88629 26629     1151.0516   785     1160.8052     1128.9104 18721839    2.75%
Elapsed time = 5583.23 sec. (1056779.08 ticks, tree = 4249.80 MB, solutions = 180)
Nodefile size = 2188.49 MB (1416.04 MB after compression)
  88917 26907     1133.2969   650     1160.8052     1129.0232 18858487    2.74%
  89281 26702     1142.3781   897     1160.8052     1129.1862 18780492    2.72%
  89736 27026     1152.3799   509     1160.8052     1129.2697 18864728    2.72%
  90153 27500     1132.9825   869     1160.8052     1129.2697 19048586    2.72%
  90659 28443     1154.0407   634     1160.8052     1129.5550 19311854    2.69%
  91195 28029     1160.6943   608     1160.8052     1129.6325 19222720    2.69%
  91771 29098     1157.7645   362     1160.8052     1129.6882 19528318    2.68%
  92270 28694     1157.2450   500     1160.8052     1129.6882 19377036    2.68%
  93010 28617     1150.6862   536     1160.8052     1129.8814 19404379    2.66%
  93729 30185     1157.4049   413     1160.8052     1129.9353 19798978    2.66%
Elapsed time = 5797.53 sec. (1094993.12 ticks, tree = 4514.41 MB, solutions = 180)
Nodefile size = 2447.95 MB (1573.98 MB after compression)
  94236 30737     1144.5186   605     1160.8052     1129.9353 19900576    2.66%
  95015 29442     1144.1804   636     1160.8052     1129.9353 19632623    2.66%
  95795 29946     1158.4100   510     1160.8052     1129.9353 19750869    2.66%
  96306 30949     1139.6344   593     1160.8052     1129.9353 19943078    2.66%
  96863 31002     1154.4171   450     1160.8052     1130.3001 19947037    2.63%
  97363 33004     1154.5978   742     1160.8052     1130.3911 20265211    2.62%
  97921 32117     1135.2085   733     1160.8052     1130.3911 20096890    2.62%
  98366 31517     1135.5685   735     1160.8052     1130.5621 20043901    2.61%
  98908 33912     1133.7379   791     1160.8052     1130.6433 20422690    2.60%
  99477 33031     1141.7220   633     1160.8052     1130.6808 20265252    2.60%
Elapsed time = 6032.60 sec. (1133218.85 ticks, tree = 5202.43 MB, solutions = 180)
Nodefile size = 3133.38 MB (2015.30 MB after compression)
 100067 34914     1150.8404   574     1160.8052     1130.8270 20682406    2.58%
 100544 33638     1151.3273   494     1160.8052     1130.8635 20362854    2.58%
 101065 35559     1134.7316   677     1160.8052     1130.9006 20804871    2.58%
 101554 35626     1141.7324   449     1160.8052     1130.9771 20795933    2.57%
 101952 35118     1153.6957   324     1160.8052     1131.0777 20741932    2.56%
 102375 36023     1156.2359   504     1160.8052     1131.1243 20860562    2.56%
 102714 36709     1140.6457   526     1160.8052     1131.1988 21078104    2.55%
 103104 35802     1152.9893   469     1160.8052     1131.1988 20840377    2.55%
 103522 37748     1152.3034   534     1160.8052     1131.1988 21287446    2.55%
 103923 37483        cutoff           1160.8052     1131.1988 21224045    2.55%
Elapsed time = 6258.66 sec. (1171423.61 ticks, tree = 6023.98 MB, solutions = 180)
Nodefile size = 3963.56 MB (2552.56 MB after compression)
 104290 37815     1140.9473   552     1160.8052     1131.1988 21307853    2.55%
 104855 38115     1159.6574   675     1160.8052     1131.1988 21433639    2.55%
 105561 38371     1156.7246   330     1160.8052     1131.3816 21507535    2.53%
 106264 38573     1159.3608   822     1160.8052     1131.3816 21603848    2.53%
 107020 39421     1151.9024   699     1160.8052     1131.3816 21810748    2.53%
 107732 38139     1143.9118   566     1160.8052     1131.4497 21442752    2.53%
 108443 38882     1142.3867   584     1160.8052     1131.5241 21686900    2.52%
 109082 39984     1136.2097   687     1160.8052     1131.6116 21885421    2.51%
 109841 41181     1156.7747   405     1160.8052     1131.6116 22051039    2.51%
 110418 40457     1144.5510   523     1160.8052     1131.8792 21962691    2.49%
Elapsed time = 6500.51 sec. (1209613.29 ticks, tree = 6392.60 MB, solutions = 180)
Nodefile size = 4327.92 MB (2780.16 MB after compression)
 111077 40739     1151.0745   485     1160.8052     1131.8989 21992777    2.49%
 111611 40803        cutoff           1160.8052     1131.9361 22022629    2.49%
 112176 42238     1145.6064   623     1160.8052     1131.9658 22233818    2.48%
 112747 43223        cutoff           1160.8052     1132.1069 22351871    2.47%
 113530 42628     1157.5330   493     1160.8052     1132.1595 22292904    2.47%
 114356 43050     1151.5215   579     1160.8052     1132.2107 22333300    2.46%
 115174 44919     1158.9568   491     1160.8052     1132.2740 22585530    2.46%
 115994 43251     1158.0773   595     1160.8052     1132.3483 22352807    2.45%
 116694 44713     1152.7587   613     1160.8052     1132.4396 22543160    2.44%
 117413 46415     1145.1470   468     1160.8052     1132.5172 22830286    2.44%
Elapsed time = 6734.65 sec. (1247840.15 ticks, tree = 7826.19 MB, solutions = 180)
Nodefile size = 5765.57 MB (3712.17 MB after compression)
 117960 47609    infeasible           1160.8052     1132.5172 22968203    2.44%
 118650 45645     1144.1056   692     1160.8052     1132.6304 22705847    2.43%
 119307 46507        cutoff           1160.8052     1132.6350 22812170    2.43%
 120147 46931     1156.5830   503     1160.8052     1132.6350 22873558    2.43%
 121088 49613     1146.1858   496     1160.8052     1132.6350 23267167    2.43%
 121748 50453     1147.7193   548     1160.8052     1132.6350 23359850    2.43%
 122443 48282     1144.6341   467     1160.8052     1132.6350 23060829    2.43%
 123258 51266     1138.4579   613     1160.8052     1133.0183 23501748    2.39%
 123981 51089     1145.8838   752     1160.8052     1133.0358 23478432    2.39%
 125046 52108     1138.6750   770     1160.8052     1133.1278 23611436    2.38%
Elapsed time = 6942.50 sec. (1286018.17 ticks, tree = 8236.62 MB, solutions = 180)
Nodefile size = 6171.30 MB (3954.21 MB after compression)
 126222 53674     1159.7608   555     1160.8052     1133.1517 23836209    2.38%
 127218 54547     1148.3726   531     1160.8052     1133.2236 23902236    2.38%
 128313 55231     1137.5412   739     1160.8052     1133.2510 23992695    2.37%
 129266 55291     1149.5650   665     1160.8052     1133.2672 23995556    2.37%
 130468 56560     1147.7365   797     1160.8052     1133.3577 24105408    2.36%
 131558 57612     1142.3298   561     1160.8052     1133.3893 24212424    2.36%
 132702 56562     1156.3799   475     1160.8052     1133.4622 24096419    2.36%
 133913 58826     1150.7290   554     1160.8052     1133.5246 24300626    2.35%
 135078 59606     1157.0755   398     1160.8052     1133.5566 24357584    2.35%
 136184 58930     1149.2246   578     1160.8052     1133.5916 24305639    2.34%
Elapsed time = 7193.81 sec. (1324201.44 ticks, tree = 9602.65 MB, solutions = 180)
Nodefile size = 7493.51 MB (4794.93 MB after compression)
 137232 58003     1140.1367   590     1160.8052     1133.6229 24240668    2.34%
 138305 62104     1149.2935   625     1160.8052     1133.7016 24568788    2.33%
 139224 63165     1136.4865   733     1160.8052     1133.7548 24685600    2.33%
 140150 63825     1158.1002   549     1160.8052     1133.7775 24721789    2.33%
 141126 62969     1139.1849   701     1160.8052     1133.8130 24645747    2.33%
 142256 63464     1143.9720   608     1160.8052     1133.8823 24710548    2.32%
 143442 63373     1158.5896   523     1160.8052     1133.9094 24697435    2.32%
 144436 67904     1137.9055   595     1160.8052     1134.0018 25054287    2.31%
 145451 69465     1146.7294   482     1160.8052     1134.0420 25160263    2.31%
 146251 67356        cutoff           1160.8052     1134.0779 25003778    2.30%
Elapsed time = 7412.96 sec. (1362411.22 ticks, tree = 11592.49 MB, solutions = 180)
Nodefile size = 9523.42 MB (6117.01 MB after compression)
 147116 72342     1157.1825   626     1160.8052     1134.1132 25445226    2.30%
 148033 71460     1153.9458   600     1160.8052     1134.1361 25345667    2.30%
 148847 72190     1140.5837   592     1160.8052     1134.1863 25428888    2.29%
 149719 73806     1158.6187   378     1160.8052     1134.2066 25620339    2.29%
 150538 74364     1148.3094   599     1160.8052     1134.2619 25688204    2.29%
 151398 75079     1148.8285   648     1160.8052     1134.2619 25760502    2.29%
 152247 74156        cutoff           1160.8052     1134.3263 25642304    2.28%
 153190 73429     1145.7166   629     1160.8052     1134.3665 25593297    2.28%
 154468 75182     1137.2470   719     1160.8052     1134.3884 25766071    2.28%
 155508 77919     1140.7813   648     1160.8052     1134.4096 26055507    2.27%
Elapsed time = 7644.72 sec. (1400590.41 ticks, tree = 12580.97 MB, solutions = 180)
Nodefile size = 10496.23 MB (6705.52 MB after compression)
 156601 76011     1157.1467   427     1160.8052     1134.4377 25820150    2.27%
 157586 79026     1152.0673   569     1160.8052     1134.4722 26141869    2.27%
 158661 79294     1146.6922   543     1160.8052     1134.4844 26167386    2.27%
 160029 77871     1152.1937   566     1160.8052     1134.5149 26046497    2.26%
 161032 79583     1142.4046   560     1160.8052     1134.5449 26187111    2.26%
 162241 79410     1146.9449   557     1160.8052     1134.5468 26175175    2.26%
 163529 81458     1137.8271   699     1160.8052     1134.6034 26345620    2.26%
 164818 83722     1160.6578   740     1160.8052     1134.6141 26521882    2.26%
 165894 82104     1140.9322   684     1160.8052     1134.6533 26380931    2.25%
 167242 86029     1160.4301   493     1160.8052     1134.6797 26694963    2.25%
Elapsed time = 7896.86 sec. (1438767.55 ticks, tree = 14490.39 MB, solutions = 180)
Nodefile size = 12398.70 MB (7931.20 MB after compression)
 168375 89414     1159.2625   508     1160.8052     1134.7032 26933794    2.25%
 169491 91215     1140.0056   696     1160.8052     1134.7161 27072657    2.25%
 170545 92105     1158.6037   502     1160.8052     1134.7351 27143081    2.25%
 171740 87253     1158.6962   712     1160.8052     1134.7820 26788151    2.24%
 172909 93543     1153.8291   621     1160.8052     1134.8077 27253599    2.24%
 174227 94078     1142.2395   715     1160.8052     1134.8282 27286933    2.24%
 175571 96010     1145.9520   418     1160.8052     1134.8808 27427556    2.23%
*175606+93384                         1160.0979     1134.8849             2.17%
 176813 92961     1148.0415   624     1160.0979     1134.8849 27204609    2.17%
 178069 93779     1158.5500   562     1160.0979     1134.9107 27265480    2.17%
 179529 97331     1157.1203   402     1160.0979     1134.9336 27523330    2.17%
Elapsed time = 8121.81 sec. (1476945.60 ticks, tree = 17161.10 MB, solutions = 181)
Nodefile size = 15084.32 MB (9689.81 MB after compression)
 180817 97376     1139.0839   738     1160.0979     1134.9684 27526361    2.17%
 181840 97241     1143.3728   680     1160.0979     1135.0001 27642313    2.16%
 182895 100536     1159.7120   385     1160.0979     1135.0309 27872727    2.16%
 183812 97573     1148.5690   386     1160.0979     1135.0413 27661529    2.16%
 184699 104037     1151.9208   510     1160.0979     1135.0757 28126856    2.16%
 185637 99951     1143.4518   651     1160.0979     1135.0855 27846468    2.16%
 186563 100040     1154.4075   512     1160.0979     1135.0946 27849355    2.16%
 187511 102562     1137.1911   618     1160.0979     1135.0984 27995670    2.15%
 188668 102947        cutoff           1160.0979     1135.1317 28041979    2.15%
 190088 105950     1146.1792   501     1160.0979     1135.1571 28309757    2.15%
Elapsed time = 8324.97 sec. (1515140.51 ticks, tree = 18615.09 MB, solutions = 181)
Nodefile size = 16522.87 MB (10604.74 MB after compression)
 191260 106024     1146.8820   617     1160.0979     1135.1802 28331884    2.15%
 192556 109518     1159.9254   544     1160.0979     1135.1861 28647721    2.15%
 193987 109544     1144.8433   575     1160.0979     1135.2167 28649905    2.14%
 195493 109846     1154.0001   609     1160.0979     1135.2280 28685972    2.14%
 196790 112758     1157.7548   689     1160.0979     1135.2458 28924501    2.14%
 198042 111486     1137.8502   735     1160.0979     1135.2523 28824862    2.14%
 199450 113872     1150.2428   563     1160.0979     1135.2981 29009956    2.14%
 200816 112676     1159.2070   430     1160.0979     1135.3274 28916811    2.14%
 201956 117474     1145.8566   504     1160.0979     1135.3427 29243449    2.13%
 203421 119444     1137.8027   601     1160.0979     1135.3560 29362487    2.13%
Elapsed time = 8577.79 sec. (1553315.39 ticks, tree = 20893.78 MB, solutions = 181)
Nodefile size = 18816.17 MB (12068.27 MB after compression)
 204973 121241     1153.6863   406     1160.0979     1135.3738 29480317    2.13%
 206319 116885     1144.0517   691     1160.0979     1135.3956 29200690    2.13%
 207607 116957     1151.6026   646     1160.0979     1135.3988 29203203    2.13%
 208761 120049     1143.7334   493     1160.0979     1135.3988 29408167    2.13%
 209828 124047     1155.0290   469     1160.0979     1135.4626 29674656    2.12%
 211301 126099     1152.7533   589     1160.0979     1135.4795 29805058    2.12%
 212564 122940     1148.9233   454     1160.0979     1135.4894 29606093    2.12%
 213776 126796     1151.0076   622     1160.0979     1135.5009 29862213    2.12%
 214987 130827     1150.4739   778     1160.0979     1135.5251 30141110    2.12%
 216089 127751     1153.1765   560     1160.0979     1135.5259 29934516    2.12%
Elapsed time = 8789.10 sec. (1591482.99 ticks, tree = 22941.71 MB, solutions = 181)
Nodefile size = 20831.90 MB (13387.93 MB after compression)
 217340 133254     1157.9741   862     1160.0979     1135.5674 30328577    2.11%
 218662 129162     1149.2966   638     1160.0979     1135.5895 30032473    2.11%
 220041 128907     1156.1518   675     1160.0979     1135.6144 30023321    2.11%
 221657 136544     1146.7205   503     1160.0979     1135.6380 30555146    2.11%
 223167 135131     1152.4225   607     1160.0979     1135.6631 30446951    2.11%
 224597 132077     1140.8815   672     1160.0979     1135.6671 30231321    2.11%
 225887 136202     1157.1395   590     1160.0979     1135.7033 30530944    2.10%
 227054 141735     1138.1369   749     1160.0979     1135.7500 30898802    2.10%
 228204 136744     1145.1921   633     1160.0979     1135.7655 30580214    2.10%
 229356 137562     1136.9041   556     1160.0979     1135.7855 30636289    2.10%
Elapsed time = 9030.48 sec. (1629664.43 ticks, tree = 25307.05 MB, solutions = 181)
Nodefile size = 23226.29 MB (14952.30 MB after compression)
 230371 143096     1136.9431   710     1160.0979     1135.7980 30987168    2.09%
 231506 145769     1156.5759   574     1160.0979     1135.8130 31185459    2.09%
 232242 142416     1145.9893   582     1160.0979     1135.8533 30943224    2.09%
 232990 148511     1147.2010   627     1160.0979     1135.8564 31415356    2.09%
 234133 148346     1157.9956   497     1160.0979     1135.8564 31399605    2.09%
 235305 145481     1142.6875   475     1160.0979     1135.8564 31164616    2.09%
 236456 149367     1155.7989   639     1160.0979     1135.8564 31509069    2.09%
 237824 147243     1142.9154   473     1160.0979     1135.8564 31297495    2.09%
 239134 149106     1146.8549   591     1160.0979     1135.8564 31477174    2.09%
 240632 152353     1139.3170   689     1160.0979     1135.9426 31809349    2.08%
Elapsed time = 9257.94 sec. (1667827.08 ticks, tree = 27321.20 MB, solutions = 181)
Nodefile size = 25225.33 MB (16205.16 MB after compression)
 242170 152215     1150.6731   603     1160.0979     1135.9426 31793002    2.08%
 243680 151540     1147.4723   581     1160.0979     1135.9426 31722563    2.08%
 244877 156346     1149.2789   522     1160.0979     1135.9426 32069136    2.08%
 246223 154302     1156.1350   603     1160.0979     1135.9426 31944518    2.08%
 247546 153383     1139.4174   468     1160.0979     1136.0468 31885711    2.07%
 248952 156799     1138.5211   652     1160.0979     1136.0707 32108640    2.07%
 250421 161140     1141.6215   680     1160.0979     1136.0790 32391063    2.07%
 252059 162610     1147.8872   597     1160.0979     1136.0994 32482013    2.07%
 253375 165173     1154.1773   584     1160.0979     1136.1079 32640459    2.07%
 254695 165972     1139.3702   603     1160.0979     1136.1218 32693749    2.07%
Elapsed time = 9477.28 sec. (1705997.56 ticks, tree = 30539.28 MB, solutions = 181)
Nodefile size = 28451.84 MB (18305.49 MB after compression)
 256156 166024     1150.5359   494     1160.0979     1136.1351 32696599    2.07%
 257773 164810     1157.4838   530     1160.0979     1136.1533 32618066    2.06%
 259391 167181     1143.0567   750     1160.0979     1136.1637 32784067    2.06%
 261101 166550     1137.8433   713     1160.0979     1136.1732 32730848    2.06%
 262637 167580     1152.9425   512     1160.0979     1136.1880 32818838    2.06%
 264130 169266     1140.3093   720     1160.0979     1136.2068 32916248    2.06%
 265446 176139     1156.2915   593     1160.0979     1136.2278 33326256    2.06%
 266979 177255     1150.7994   347     1160.0979     1136.2495 33407285    2.06%
 268613 180504     1142.4663   647     1160.0979     1136.2563 33607072    2.06%
 269957 180567     1148.2266   618     1160.0979     1136.2582 33609859    2.05%
Elapsed time = 9711.99 sec. (1744166.95 ticks, tree = 34125.23 MB, solutions = 181)
Nodefile size = 32032.29 MB (20649.63 MB after compression)
 271449 175043     1141.4665   682     1160.0979     1136.2633 33258358    2.05%
 273115 179886     1149.2972   682     1160.0979     1136.2794 33571766    2.05%
 274674 180136     1138.4922   694     1160.0979     1136.2890 33591302    2.05%
 276033 186713     1139.3545   700     1160.0979     1136.3078 33993493    2.05%
 277531 188951     1140.0911   602     1160.0979     1136.3135 34115935    2.05%
 279149 182816     1149.6489   451     1160.0979     1136.3166 33758843    2.05%
 280422 187216     1152.1999   410     1160.0979     1136.3429 34017724    2.05%
 281797 186481     1141.7586   627     1160.0979     1136.3489 33971551    2.05%
 283130 192523     1146.5426   567     1160.0979     1136.3696 34325036    2.05%
 284342 193071     1142.4433   637     1160.0979     1136.3790 34355160    2.04%
Elapsed time = 9954.63 sec. (1782334.43 ticks, tree = 37196.86 MB, solutions = 181)
Nodefile size = 35093.17 MB (22655.10 MB after compression)
 285543 190423     1138.3978   725     1160.0979     1136.3849 34195294    2.04%
 286517 191687     1142.2626   673     1160.0979     1136.3916 34268183    2.04%
 287518 197754     1146.1930   584     1160.0979     1136.3954 34660409    2.04%
 288862 198390     1147.9491   489     1160.0979     1136.4115 34705927    2.04%
 290315 196166     1156.3104   540     1160.0979     1136.4262 34550892    2.04%
 291419 200374     1151.6465   601     1160.0979     1136.4385 34823408    2.04%
 292612 199683     1156.7543   553     1160.0979     1136.4391 34783663    2.04%
 293700 199532     1146.3580   525     1160.0979     1136.4444 34769883    2.04%
 294768 199722     1151.1903   503     1160.0979     1136.4614 34790138    2.04%
 296094 204688     1156.4030   540     1160.0979     1136.4696 35175443    2.04%
Elapsed time = 10152.02 sec. (1820516.07 ticks, tree = 39137.41 MB, solutions = 181)
Nodefile size = 37042.34 MB (23903.41 MB after compression)
 297484 203880     1147.7052   594     1160.0979     1136.4711 35124030    2.04%
 298817 203178     1156.6176   412     1160.0979     1136.4711 35068951    2.04%
 300420 206799     1155.0227   462     1160.0979     1136.4711 35327652    2.04%
 301762 207261     1147.4740   491     1160.0979     1136.4711 35377874    2.04%
 303045 212865        cutoff           1160.0979     1136.4711 35720695    2.04%
 304353 210751     1141.4294   709     1160.0979     1136.5297 35585384    2.03%
 306158 210603     1143.3165   645     1160.0979     1136.5350 35577798    2.03%
 307815 210064     1149.3566   648     1160.0979     1136.5401 35552706    2.03%
 309302 215341     1143.6087   648     1160.0979     1136.5436 35861492    2.03%
 311261 217916     1155.6189   584     1160.0979     1136.5516 36013243    2.03%
Elapsed time = 10415.43 sec. (1858681.18 ticks, tree = 41745.36 MB, solutions = 181)
Nodefile size = 39662.51 MB (25584.38 MB after compression)
 312802 215129     1151.9692   555     1160.0979     1136.5694 35846200    2.03%
 314435 220376     1150.8346   714     1160.0979     1136.5805 36134300    2.03%
 316115 223003     1140.5387   645     1160.0979     1136.5877 36271567    2.03%
 317659 223586     1153.8223   536     1160.0979     1136.5930 36303582    2.03%
 319325 221762     1145.1459   816     1160.0979     1136.5939 36217898    2.03%
 320776 224097     1139.1211   663     1160.0979     1136.5957 36336440    2.03%
 322306 226477     1150.1169   515     1160.0979     1136.6171 36467144    2.02%
 323930 224859     1141.8049   709     1160.0979     1136.6206 36382902    2.02%
 325397 230145     1145.9694   586     1160.0979     1136.6284 36679031    2.02%
 326972 233913     1149.9267   531     1160.0979     1136.6381 36883326    2.02%
Elapsed time = 10645.47 sec. (1896850.19 ticks, tree = 45679.69 MB, solutions = 181)
Nodefile size = 43589.22 MB (28159.14 MB after compression)
 328673 235444     1151.2172   447     1160.0979     1136.6431 36969685    2.02%
 330420 233386     1147.0592   555     1160.0979     1136.6536 36863860    2.02%
