Version identifier: 22.1.1.0 | 2022-11-28 | 9160aff4d
CPXPARAM_TimeLimit                               20400
Tried aggregator 1 time.
MIP Presolve eliminated 2355 rows and 2052 columns.
MIP Presolve modified 12552 coefficients.
Reduced MIP has 28508 rows, 30700 columns, and 131600 nonzeros.
Reduced MIP has 15650 binaries, 15050 generals, 0 SOSs, and 0 indicators.
Presolve time = 0.14 sec. (86.86 ticks)
Probing time = 5.86 sec. (46.99 ticks)
Cover probing fixed 0 vars, tightened 11 bounds.
Tried aggregator 1 time.
Detecting symmetries...
MIP Presolve eliminated 496 rows and 496 columns.
MIP Presolve modified 2 coefficients.
Reduced MIP has 28012 rows, 30204 columns, and 129914 nonzeros.
Reduced MIP has 15648 binaries, 14556 generals, 0 SOSs, and 0 indicators.
Presolve time = 0.22 sec. (114.17 ticks)
Probing time = 7.43 sec. (19.44 ticks)
Cover probing fixed 0 vars, tightened 11 bounds.
Clique table members: 28508.
MIP emphasis: balance optimality and feasibility.
MIP search method: dynamic search.
Parallel mode: deterministic, using up to 32 threads.
Root relaxation solution time = 5.19 sec. (705.89 ticks)

        Nodes                                         Cuts/
   Node  Left     Objective  IInf  Best Integer    Best Bound    ItCnt     Gap

      0     0      911.2397   400                    911.2397       23         
      0     0      947.1861   581                   Cuts: 362     1518         
      0     0      960.7126   657                   Cuts: 261     2676         
      0     0      970.8441   641                   Cuts: 171     3521         
      0     0      977.0745   679                   Cuts: 181     4284         
      0     0      979.6118   652                   Cuts: 116     4687         
Detecting symmetries...
      0     0      983.6380   686                   Cuts: 110     5188         
      0     0      984.6785   672                    Cuts: 70     5394         
      0     0      986.2330   692                    Cuts: 63     5632         
      0     0      987.3928   690                    Cuts: 44     5959         
      0     0      987.5655   687                    Cuts: 34     6039         
      0     0      987.6999   694                    Cuts: 15     6078         
      0     0      987.8412   699                     Cuts: 9     6097         
      0     0      987.8977   705                     Cuts: 8     6118         
      0     0      988.0383   703                    Cuts: 11     6158         
      0     0      988.0943   706                     Cuts: 6     6163         
Detecting symmetries...
      0     2      988.0943   706                    988.0943     6163         
Elapsed time = 49.79 sec. (19446.78 ticks, tree = 0.02 MB, solutions = 0)
      2     3      988.7525   680                    988.0943     6594         
      4     6      991.6703   671                    988.1277     6990         
      7     9      992.9790   671                    988.2958     7576         
     11     5      989.7156   662                    988.2958     7157         
     14    13      993.8992   694                    988.2958     8367         
     17    18      992.1948   665                    988.2958     9731         
     21    16     1030.6616   665                    988.2958     9920         
     30     9     1051.3978   536                    988.3019     9013         
     37    29      997.5483   679                    988.8119    17908         
     76    58     1001.4960   621                    989.9834    81298         
Elapsed time = 66.27 sec. (22974.67 ticks, tree = 0.36 MB, solutions = 0)
    102    64     1103.0407   622                    989.9834   100890         
    122    31     1136.2778   562                    990.0088    20351         
    171   133     1109.1938   648                    990.0088   270884         
    307   190     1152.6752   592                    990.0088   284623         
    403   272     1128.8044   579                    990.0088   299848         
    487   146     1130.7111   641                    990.0088   276971         
    598   436     1068.9554   589                    990.0088   361367         
    720   594     1144.0538   552                    990.0088   412732         
    834   686     1171.0652   561                    990.0088   447287         
    961   820     1204.9623   515                    990.0088   487704         
Elapsed time = 111.30 sec. (32908.45 ticks, tree = 7.64 MB, solutions = 0)
   1053   916     1193.2520   451                    990.0088   520830         
   1144  1015     1003.9988   641                    990.0088   559255         
   1217  1048     1196.9215   503                    990.0088   576951         
   1310  1077     1196.7028   536                    990.0088   593458         
   1387  1139     1194.9828   427                    990.0088   617018         
   1474  1257     1199.6539   459                    990.0088   672673         
   1558  1308     1181.9292   544                    990.0088   695933         
   1650  1372     1267.8679   494                    990.0088   734009         
   1746  1554     1172.7652   509                    990.0088   818549         
   1839  1502     1129.0868   543                    990.0088   791935         
Elapsed time = 157.79 sec. (42601.76 ticks, tree = 18.18 MB, solutions = 0)
   1931  1681     1319.3236   490                    990.0088   869012         
   2021  1699     1132.0534   551                    990.0088   874527         
   2118  1899     1307.7459   546                    990.0088   956291         
   2221  1932     1269.3241   467                    990.0088   974943         
   2351  1934     1289.4589   481                    990.0088   976913         
   2485  1971     1227.7609   502                    990.0088   993040         
   2609  2237     1206.7667   450                    990.0088  1079174         
   2765  2386     1408.2770   350                    990.0088  1131966         
   2898  2322     1170.1301   338                    990.0088  1106441         
   3009  2582     1403.5406   425                    990.0088  1201039         
Elapsed time = 207.20 sec. (52237.21 ticks, tree = 40.90 MB, solutions = 0)
   3092  2647     1202.8574   444                    990.0088  1226304         
   3187  2571     1367.6387   448                    990.0088  1199261         
   3262  2986     1231.2674   463                    990.0088  1332518         
   3364  2947     1444.1285   370                    990.0088  1315054         
   3497  3101     1573.8750   290                    990.0088  1383749         
   3602  3020     1396.8293   506                    990.0088  1349281         
   3726  3149     1226.8404   448                    990.0088  1406206         
   3843  3255     1217.8792   446                    990.0088  1447090         
   3963  3458     1431.7382   364                    990.0088  1522411         
   4072  3437    infeasible                          990.0088  1514313         
Elapsed time = 254.81 sec. (61876.29 ticks, tree = 62.84 MB, solutions = 0)
   4210  3649     1390.9021   403                    990.0088  1600182         
   4383  3531     1014.0914   594                    990.0088  1551732         
   4540  3604     1475.7742   380                    990.0088  1578157         
   4696  3978     1240.1337   437                    990.0088  1715687         
   4837  3894     1469.5640   272                    990.0088  1690886         
   4996  4273     1493.3843   316                    990.0088  1805784         
   5160  4289     1164.0531   545                    990.0088  1817289         
   5302  4255    infeasible                          990.0088  1799901         
   5459  4733     1015.3217   593                    990.0088  1970922         
   5638  4693     1376.8162   464                    990.0088  1953553         
Elapsed time = 300.73 sec. (71494.51 ticks, tree = 102.90 MB, solutions = 0)
   5814  5085     1476.4267   336                    990.0088  2065322         
   5975  4731    infeasible                          990.0088  1965534         
   6158  5097     1496.6548   316                    990.0088  2069861         
   6360  5460     1251.2264   455                    990.0088  2192824         
   6545  5494     1588.1902   357                    990.0088  2207543         
   6738  5571     1673.1519   258                    990.0088  2233201         
   6898  5848     1461.3365   248                    990.0088  2330819         
   7064  6090     1712.9460   316                    990.0088  2405548         
   7250  5890     1654.1553   188                    990.0088  2341776         
   7431  6129     1482.8153   240                    990.0088  2423239         
Elapsed time = 343.79 sec. (81072.52 ticks, tree = 151.47 MB, solutions = 0)
   7664  6590     2146.8359   106                    990.0088  2572197         
   7923  6616     2146.8359   106                    990.0088  2576625         
   8261  6878     1426.7779   398                    990.0088  2671756         
   8608  7149     1524.4262   272                    990.0088  2750317         
   8970  7566     1714.8765   190                    990.0088  2841865         
   9291  7099     1656.5922   171                    990.0088  2732722         
   9605  7134     1517.1213   259                    990.0088  2745021         
   9889  7811     1215.9735   611                    990.0088  2879334         
  10312  8441     2107.0169   172                    990.0088  3032535         
  10719  8073     1702.2727   251                    990.0088  2945769         
Elapsed time = 385.28 sec. (90626.50 ticks, tree = 220.33 MB, solutions = 0)
  11120  8632     2073.0096   212                    990.0088  3071121         
  11509  9318     2197.6536    54                    990.0088  3233844         
  11915  8719     1047.3380   587                    990.0088  3099277         
  12265  9371     2227.1876    41                    990.0088  3239038         
  12624 10157     1481.1356   252                    990.0088  3378814         
  13062 10192     1132.7401   526                    990.0088  3386033         
  13521 10139     1890.1820   180                    990.0088  3368053         
  14081 11203     1520.5722   129                    990.0088  3567166         
  14709 11035     1838.3651   250                    990.0088  3538865         
  15258 11112     2226.7643   144                    990.0088  3559793         
Elapsed time = 428.12 sec. (100174.34 ticks, tree = 328.40 MB, solutions = 0)
  15724 12203     1892.7838    97                    990.0088  3747228         
  16179 12689     2397.5546   130                    990.0088  3837691         
  16606 12740     2414.6512   128                    990.0088  3839903         
  16934 13049     1392.8901   250                    990.0088  3898796         
  17339 13124     1062.9848   585                    990.0088  3915225         
  17679 13667     2397.5546   129                    990.0088  3979903         
  17924 13697     2397.5546   129                    990.0088  3982009         
  18192 14147     1105.9043   510                    990.0088  4072539         
  18529 14292     1171.3232   413                    990.0088  4083457         
  19420 15304     1196.1970   478                    990.0088  4271638         
Elapsed time = 481.81 sec. (112595.38 ticks, tree = 466.02 MB, solutions = 0)
  20285 16163     1713.4900   185                    990.0088  4504674         
  20925 16762     1838.3654   237                    991.8491  4614523         
  21678 17539     1171.5374   405                    991.8491  4801350         
  22359 17979     1817.2409   159                    991.8491  4873788         
  22978 18634     1817.2409   159                    991.8491  5009684         
  23287 19306     1249.5713   454                    991.8491  5237296         
  23605 19410     1604.7793   372                    991.8491  5281515         
  24060 19630     1664.0302   308                    991.8491  5374689         
  24657 19866     1172.8784   502                    991.8491  5493047         
  25267 20476     1553.4263   204                    991.8491  5620264         
Elapsed time = 658.25 sec. (150808.62 ticks, tree = 608.79 MB, solutions = 0)
  25774 20986     1218.2379   457                    991.8491  5771563         
  26349 21806     1276.7376   577                    991.8491  6047991         
  26962 22221     2062.7984   110                    991.8491  6181137         
  27698 22440     1363.6467   458                    993.3131  6271524         
  28524 22974     1524.4988   283                    993.3131  6412874         
  29384 23966     1460.7664   375                    993.3131  6691521         
  30272 24444     1777.1485   173                    993.3131  6856025         
  31197 25068     1696.3916   301                    993.3131  6988381         
  32113 26252     1269.3789   408                    993.3131  7250947         
  33049 26925     1927.7229   192                    993.3131  7425601         
Elapsed time = 848.82 sec. (189003.35 ticks, tree = 792.78 MB, solutions = 0)
  34077 27582     1096.8366   521                    993.3131  7583827         
  34874 28547     1504.0576   323                    993.3131  7845960         
  35565 28788     1570.2932   313                    993.3131  7916039         
  36355 29687     1754.1875   225                    994.8449  8188897         
  36872 30017     1937.4112   271                    994.8449  8254114         
  37496 31004     1345.8437   624                    995.6552  8536866         
  38407 31182     1409.1396   544                    995.6552  8559901         
  39082 31822     1988.0566   219                    995.6680  8777677         
  39601 33001     2074.1635   237                    995.6680  9012739         
  40109 33114     1153.9527   547                    995.6680  9055704         
Elapsed time = 1036.42 sec. (227190.74 ticks, tree = 960.13 MB, solutions = 0)
  40643 33764     1106.4132   534                    995.6680  9291535         
  41349 33968     1272.9166   518                    995.6680  9333732         
  41914 34362     1232.3733   494                    995.6680  9465815         
  42735 35496     1019.4451   668                    995.6680  9697234         
* 43492+35840                         2211.1932      995.6680            54.97%
  44099 35730     1458.8128   273     2211.1932      995.6680  9720975   54.97%
  45187 35178     1356.2904   437     2211.1932      995.6680  9770216   54.97%
* 45337+35092                         2092.3974      995.6680            52.41%
* 45345+35092                         2084.0165      995.6680            52.22%

Performing restart 1

Repeating presolve.
Tried aggregator 1 time.
MIP Presolve eliminated 38 rows and 162 columns.
MIP Presolve modified 359 coefficients.
Reduced MIP has 27974 rows, 30042 columns, and 129445 nonzeros.
Reduced MIP has 15524 binaries, 14518 generals, 0 SOSs, and 0 indicators.
Presolve time = 0.12 sec. (59.95 ticks)
Tried aggregator 1 time.
MIP Presolve eliminated 71 rows and 205 columns.
MIP Presolve modified 77 coefficients.
Reduced MIP has 27903 rows, 29837 columns, and 128786 nonzeros.
Reduced MIP has 15390 binaries, 14447 generals, 0 SOSs, and 0 indicators.
Presolve time = 0.26 sec. (114.60 ticks)
Represolve time = 9.80 sec. (355.30 ticks)
* 45348+    0                         2043.2961      995.6680            51.27%
  45348     0     1021.5641   726     2043.2961    Cuts: 1061 10049072   50.00%
  45348     0     1039.3949   789     2043.2961     Cuts: 662 10050990   49.13%
  45348     0     1050.5644   869     2043.2961     Cuts: 799 10052764   48.58%
* 45348+    0                         1990.5276     1050.5644            47.22%
* 45348+    0                         1955.5345     1050.5644            46.28%
  45348     0  -1.00000e+75     0     1955.5345     1050.5644 10052764   46.28%
  45348     0     1056.9793   908     1955.5345     Cuts: 765 10053820   45.95%
  45348     0     1080.2384   810     1955.5345     Cuts: 318 10056262   44.76%
  45348     0     1089.5238   937     1955.5345     Cuts: 884 10058656   44.29%
  45348     0     1097.5139   883     1955.5345     Cuts: 494 10060762   43.88%
  45348     0     1099.6188   971     1955.5345    Cuts: 1313 10061912   43.77%
  45348     0     1101.5422   980     1955.5345     Cuts: 562 10062743   43.67%
  45348     0     1103.7537   993     1955.5345     Cuts: 277 10063560   43.56%
  45348     0     1104.3139  1000     1955.5345     Cuts: 252 10064003   43.53%
  45348     0     1104.9134   995     1955.5345     Cuts: 167 10064406   43.50%
  45348     0     1105.1925  1017     1955.5345     Cuts: 165 10064875   43.48%
  45348     0     1105.4438  1017     1955.5345     Cuts: 128 10065200   43.47%
  45348     0     1105.6931  1040     1955.5345     Cuts: 175 10065480   43.46%
  45348     0     1105.8117  1032     1955.5345      Cuts: 63 10065650   43.45%
  45348     0     1105.8882  1033     1955.5345      Cuts: 56 10065756   43.45%
  45348     0     1105.9585  1049     1955.5345      Cuts: 50 10065875   43.44%
  45348     0     1106.0051  1043     1955.5345     Cuts: 112 10066003   43.44%
  45348     0     1106.0563  1037     1955.5345      Cuts: 79 10066109   43.44%
  45348     2     1106.1374  1034     1955.5345     1106.0563 10066109   43.44%
  45349     3     1113.6374   938     1955.5345     1113.6821 10070150   43.05%
  45350     4     1115.2847   924     1955.5345     1115.2925 10071247   42.97%
  45351     5     1116.8866   915     1955.5345     1116.1211 10072247   42.93%
Elapsed time = 1412.91 sec. (409992.72 ticks, tree = 0.03 MB, solutions = 6)
  45354     4     1131.7604   988     1955.5345     1116.1211 10072534   42.93%
  45356     6     1167.9419   857     1955.5345     1116.9108 10073375   42.88%
  45361     9     1134.3428   993     1955.5345     1116.9108 10086099   42.88%
  45363    12     1122.0777  1041     1955.5345     1122.0884 10095359   42.62%
  45370    16     1137.0584  1009     1955.5345     1122.0884 10100344   42.62%
* 45374+   11                         1864.6000     1122.0884            39.82%
* 45374+   13                         1856.7122     1122.0884            39.57%
* 45374+   12                         1847.0821     1122.0884            39.25%
  45374    13     1173.1005   995     1847.0821     1122.0884 10095276   39.25%
* 45376+   15                         1787.3118     1122.0884            37.22%
* 45380+   15                         1783.5461     1122.1715            37.08%
  45385    11     1172.2708   947     1783.5461     1122.1715 10103376   37.08%
  45392    17     1242.1917   942     1783.5461     1122.1715 10109152   37.08%
* 45401+   17                         1695.9118     1122.1715            33.83%
* 45403+   17                         1693.3124     1122.1715            33.73%
* 45403+   17                         1690.5397     1122.1715            33.62%
* 45406+   17                         1690.4908     1122.1715            33.62%
* 45406+   17                         1690.3285     1122.1715            33.61%
  45411    28     1178.2236   956     1690.3285     1127.8684 10186860   33.28%
  45440    51     1137.8432   983     1690.3285     1127.8684 10406485   33.28%
Elapsed time = 1614.43 sec. (459241.52 ticks, tree = 0.10 MB, solutions = 59)
  45515    41     1204.4932   924     1690.3285     1130.3405 10323513   33.13%
  45607    65     1171.2335   941     1690.3285     1130.3405 10545260   33.13%
  45706   114     1250.0818   917     1690.3285     1131.9286 10628981   33.03%
  45807   199     1210.6460   972     1690.3285     1131.9286 10711620   33.03%
  45953   356     1267.0210   843     1690.3285     1131.9286 10835758   33.03%
  46221   479     1278.9745   858     1690.3285     1131.9286 10912132   33.03%
  46533   582     1215.9179   797     1690.3285     1131.9286 10948785   33.03%
  46938   683     1290.3428   849     1690.3285     1131.9286 10973691   33.03%
  47398  1080     1227.0368   703     1690.3285     1131.9286 11047955   33.03%
  47805  1200     1462.8930   735     1690.3285     1131.9286 11081110   33.03%
Elapsed time = 1871.03 sec. (497673.05 ticks, tree = 123.23 MB, solutions = 93)
  48113  2332     1352.5174   701     1690.3285     1131.9286 11248627   33.03%
  48620  2425     1476.6346   671     1690.3285     1131.9286 11258927   33.03%
  49389  3155     1249.6820   767     1690.3285     1131.9286 11360224   33.03%
  50286  2868     1366.7123   803     1690.3285     1131.9286 11317268   33.03%
  51322  4136     1690.2540   497     1690.3285     1131.9286 11459845   33.03%
  52220  4805     1341.7613   757     1690.3285     1131.9286 11533652   33.03%
  52917  5636     1495.1774   625     1690.3285     1131.9286 11616632   33.03%
  53440  6503     1611.8650   593     1690.3285     1131.9286 11701929   33.03%
  54000  7827     1382.3116   748     1690.3285     1131.9286 11903449   33.03%
  54619  8187     1237.5795   873     1690.3285     1131.9286 11958961   33.03%
Elapsed time = 2118.38 sec. (535890.13 ticks, tree = 1747.80 MB, solutions = 93)
  55353  8309     1341.1372   671     1690.3285     1131.9286 11978226   33.03%
  56159  8964     1198.5610   895     1690.3285     1131.9286 12082740   33.03%
  56911 10481     1221.8907   746     1690.3285     1133.7272 12254038   32.93%
  57515 10112     1245.3096   854     1690.3285     1133.7272 12233846   32.93%
  58163 10877     1195.6591   876     1690.3285     1133.7304 12329173   32.93%
  58829 12200     1227.9857   921     1690.3285     1133.7304 12493717   32.93%
  59562 12340     1182.6826   855     1690.3285     1133.7304 12501130   32.93%
  60243 13450     1440.5563   363     1690.3285     1133.7304 12630699   32.93%
  61159 13853     1247.5143   741     1690.3285     1133.7304 12718664   32.93%
  62172 14328     1208.0867   849     1690.3285     1133.7304 12765420   32.93%
Elapsed time = 2378.39 sec. (574092.53 ticks, tree = 3014.05 MB, solutions = 93)
Nodefile size = 946.80 MB (619.39 MB after compression)
  63186 15825     1272.6618   887     1690.3285     1133.7304 12918409   32.93%
  64141 16456     1159.0845   927     1690.3285     1135.3014 12973410   32.84%
  65036 17505     1273.8091   798     1690.3285     1135.3014 13052294   32.84%
  66138 18011     1264.9824   668     1690.3285     1135.3014 13104416   32.84%
  67014 20185     1204.3466   842     1690.3285     1135.3014 13286135   32.84%
  67780 20511     1246.0637   776     1690.3285     1135.3014 13317617   32.84%
* 68521+19544                         1577.7421     1135.3014            28.04%
  68572 21061     1290.6230   744     1577.7421     1135.3014 13400620   28.04%
  69382 22163     1345.4878   725     1577.7421     1135.3014 13505555   28.04%
  70266 22326     1500.3572   700     1577.7421     1135.5829 13533263   28.02%
  71012 20968     1233.9574   869     1577.7421     1135.5925 13671889   28.02%
Elapsed time = 2636.25 sec. (612272.90 ticks, tree = 4540.05 MB, solutions = 99)
Nodefile size = 2483.62 MB (1632.27 MB after compression)
* 71554+21502                         1536.8532     1135.5925            26.11%
* 71561+21502                         1510.2792     1135.5925            24.81%
  71585 22114     1207.8955  1009     1510.2792     1135.5925 13809650   24.81%
  72136 22023     1439.0660   669     1510.2792     1135.5925 13799781   24.81%
* 72138+21598                         1504.3940     1135.5925            24.51%
* 72156+21598                         1504.2973     1135.5925            24.51%
* 72184+21598                         1504.2485     1135.5925            24.51%
* 72211+21598                         1502.7409     1135.5925            24.43%
* 72249+21598                         1502.2888     1135.5925            24.41%
* 72281+21598                         1502.2400     1135.5925            24.41%
  72785 20288     1219.7516   844     1502.2400     1135.5925 13879965   24.41%
  73459 20414     1165.1169   973     1502.2400     1135.5925 13935779   24.41%
* 73888+20494                         1494.8482     1135.5925            24.03%
* 73917+20494                         1494.2385     1135.5925            24.00%
  73939 21847     1326.1772   840     1494.2385     1135.5925 14134972   24.00%
* 74391+21620                         1493.7745     1135.5925            23.98%
* 74507+21620                         1493.1621     1135.5925            23.95%
* 74518+20729                         1477.1275     1135.5925            23.12%
* 74565+20729                         1476.9689     1135.5925            23.11%
* 74607+20729                         1474.6478     1135.5925            22.99%
  74692 22154     1264.4500   849     1474.6478     1135.5925 14185022   22.99%
* 74827+20729                         1474.3773     1135.5925            22.98%
* 74909+20729                         1473.5154     1135.5925            22.93%
  75500 21610     1250.2910   748     1473.5154     1135.5925 14209656   22.93%
* 76273+21954                         1471.1439     1135.5925            22.81%
  76478 21772     1276.7955   760     1471.1439     1135.5925 14225532   22.81%
* 76491+21954                         1470.5830     1135.5925            22.78%
* 76528+21954                         1470.3210     1135.5925            22.77%
* 76535+21954                         1469.7592     1135.5925            22.74%
  77282 23228     1259.6600   827     1469.7592     1135.5925 14378461   22.74%
  78245 24340     1187.9898   772     1469.7592     1135.5925 14488953   22.74%
Elapsed time = 2894.02 sec. (650458.47 ticks, tree = 5134.54 MB, solutions = 137)
Nodefile size = 3077.37 MB (2026.42 MB after compression)
* 79009+24656                         1462.8756     1135.5925            22.37%
* 79141+25057                         1443.5058     1135.5925            21.33%
  79188 24887     1276.9676   798     1443.5058     1135.5925 14530171   21.33%
* 79458+25057                         1442.9857     1135.5925            21.30%
  80064 24899     1315.6524   750     1442.9857     1136.8387 14621259   21.22%
* 80180+24643                         1420.7944     1136.8387            19.99%
* 80253+24643                         1418.3927     1136.8387            19.85%
* 80290+24643                         1418.0295     1136.8387            19.83%
* 80325+24643                         1416.9930     1136.8387            19.77%
* 80382+24643                         1416.6082     1136.8387            19.75%
* 80420+24643                         1416.5477     1136.8387            19.75%
* 80475+24643                         1412.9686     1136.8387            19.54%
* 80591+24643                         1412.4031     1136.8387            19.51%
  81068 24697     1266.2717   788     1412.4031     1136.8387 14605194   19.51%
  82178 24979     1228.7750   850     1412.4031     1136.8387 14766423   19.51%
* 83058+24158                         1412.0038     1141.2103            19.18%
* 83159+24158                         1411.4837     1141.2103            19.15%
  83184 24808     1248.3855   842     1411.4837     1141.2103 14745566   19.15%
* 83666+24705                         1408.1872     1141.2103            18.96%
* 84379+24705                         1407.6671     1141.2103            18.93%
  84455 25864     1280.2880   708     1407.6671     1141.2103 14832002   18.93%
* 84758+26894                         1407.2678     1141.2103            18.91%
* 84773+26894                         1406.7477     1141.2103            18.88%
  85820 27023     1297.9156   802     1406.7477     1144.1262 14921055   18.67%
  87152 27658     1182.5280   840     1406.7477     1144.1262 15006132   18.67%
  88605 29080     1197.1364   826     1406.7477     1144.1262 15091059   18.67%
  89955 30875     1347.8242   740     1406.7477     1150.5265 15201047   18.21%
Elapsed time = 3137.55 sec. (688635.55 ticks, tree = 6303.15 MB, solutions = 192)
Nodefile size = 4243.56 MB (2815.34 MB after compression)
  91171 31841     1216.1339   808     1406.7477     1150.5265 15273530   18.21%
  92299 34179     1287.5318   719     1406.7477     1152.9480 15425458   18.04%
  93585 35409     1263.6377   838     1406.7477     1153.3150 15529351   18.02%
  94678 35378     1273.0195   843     1406.7477     1153.3150 15527954   18.02%
  95941 37049     1227.9553   800     1406.7477     1153.6196 15655454   17.99%
* 96916+38519                         1397.6987     1154.2209            17.42%
* 97065+38519                         1393.8899     1154.2209            17.19%
  97147 38246     1235.8011   774     1393.8899     1154.2209 15745952   17.19%
* 97188+38519                         1391.0402     1154.2209            17.02%
* 97302+38519                         1390.6909     1154.2209            17.00%
* 97350+38519                         1390.0812     1154.5236            16.95%
* 97409+38519                         1389.6168     1154.5236            16.92%
* 97439+38519                         1371.2182     1154.5236            15.80%
  97742 39742     1331.5655   756     1371.2182     1154.5236 15856111   15.80%
* 97781+38543                         1359.6391     1154.5236            15.09%
* 97795+38543                         1356.7883     1154.5236            14.91%
* 97949+38543                         1330.9821     1154.5236            13.26%
  98299 40366     1258.1710   714     1330.9821     1154.5236 15896795   13.26%
* 98695+38543                         1323.5747     1154.5236            12.77%
  98753 38262     1232.7607   804     1323.5747     1154.5236 15938823   12.77%
  99313 38726     1320.6050   729     1323.5747     1154.5236 16050931   12.77%
Elapsed time = 3387.81 sec. (726836.89 ticks, tree = 7284.96 MB, solutions = 262)
Nodefile size = 5226.27 MB (3474.09 MB after compression)
 100060 37951     1193.2157   796     1323.5747     1154.5236 16104136   12.77%
*100472+34468                         1318.6775     1154.5236            12.45%
 100837 38094     1237.3075   888     1318.6775     1154.9117 16110528   12.42%
 101660 34686     1194.7817   901     1318.6775     1155.4600 16229899   12.38%
 102394 35171     1182.2470   967     1318.6775     1155.5643 16295075   12.37%
 103285 35831     1171.6868   919     1318.6775     1155.9179 16373740   12.34%
*103718+36358                         1317.4184     1155.9179            12.26%
*103930+36358                         1316.8576     1155.9179            12.22%
*103959+37244                         1313.4808     1155.9179            12.00%
*103969+37244                         1313.3449     1155.9179            11.99%
 104024 37104     1157.9753   894     1313.3449     1155.9179 16505017   11.99%
 104813 36914     1211.0698   737     1313.3449     1155.9179 16595878   11.99%
 105481 37262     1193.8517   866     1313.3449     1155.9179 16653016   11.99%
*106207+36877                         1311.5250     1155.9179            11.86%
 106314 38024     1226.1318   765     1311.5250     1155.9179 16742891   11.86%
*106864+37174                         1307.9833     1155.9179            11.63%
*107031+37174                         1307.7870     1155.9179            11.61%
 107040 37924     1272.8490   818     1307.7870     1155.9179 16769618   11.61%
Elapsed time = 3636.79 sec. (765038.37 ticks, tree = 6823.66 MB, solutions = 339)
Nodefile size = 4754.13 MB (3161.22 MB after compression)
*107065+37174                         1307.2261     1155.9179            11.57%
 107657 38125     1244.0685   805     1307.2261     1155.9179 16784695   11.57%
 108169 38902     1254.0018   759     1307.2261     1156.7930 16929611   11.51%
 108616 38964     1292.7765   819     1307.2261     1156.7930 16938693   11.51%
 109468 39991     1229.2556   841     1307.2261     1156.7930 17046598   11.51%
 110352 39814     1251.9582   823     1307.2261     1156.7930 17025231   11.51%
*111015+38524                         1306.4528     1156.8568            11.45%
 111243 40269     1263.0367   864     1306.4528     1156.8568 17076836   11.45%
*111882+42027                         1305.8431     1157.2449            11.38%
 112226 42153     1289.8707   851     1305.8431     1157.2473 17251694   11.38%
 113353 42403     1216.5319   773     1305.8431     1157.3176 17282761   11.37%
 114350 44050     1242.0731   836     1305.8431     1157.3176 17416756   11.37%
*114583+42986                         1305.2821     1157.3176            11.34%
*115125+44818                         1304.1777     1157.3176            11.26%
 115176 43674     1273.5259   781     1304.1777     1157.3176 17389568   11.26%
Elapsed time = 3876.19 sec. (803244.27 ticks, tree = 8161.69 MB, solutions = 353)
Nodefile size = 6101.39 MB (4071.22 MB after compression)
 116169 44770     1245.3326   728     1304.1777     1157.5705 17458749   11.24%
 117109 45593     1227.3045   878     1304.1777     1157.5705 17573877   11.24%
*117521+46330                         1303.1669     1157.5705            11.17%
 117654 45774     1238.7348   812     1303.1669     1157.5705 17595074   11.17%
 118339 47007     1183.2792   894     1303.1669     1158.3853 17727138   11.11%
 119467 47330     1173.3421   868     1303.1669     1158.4001 17757069   11.11%
 120375 49229     1224.9210   739     1303.1669     1158.4001 17933779   11.11%
 121360 50049     1251.5544   773     1303.1669     1158.9986 18039781   11.06%
 122106 50722     1228.1157   817     1303.1669     1159.1446 18104226   11.05%
*122197+49504                         1302.9207     1159.1446            11.03%
 122876 51325     1177.7131   943     1302.9207     1159.1446 18153880   11.03%
 123743 50835     1300.0008   720     1302.9207     1159.1446 18110239   11.03%
Elapsed time = 4133.86 sec. (841487.48 ticks, tree = 9173.43 MB, solutions = 359)
Nodefile size = 7110.15 MB (4742.52 MB after compression)
 124477 52546        cutoff           1302.9207     1159.4833 18282930   11.01%
 125159 52906     1250.4560   866     1302.9207     1159.4833 18348977   11.01%
*125801+53605                         1302.5553     1159.8390            10.96%
 125880 54241     1257.2856   757     1302.5553     1159.8390 18495483   10.96%
 126750 55100     1222.4146   757     1302.5553     1160.0384 18623802   10.94%
 127581 56142     1292.1073   718     1302.5553     1160.2522 18748085   10.92%
 128308 56384     1293.0473   820     1302.5553     1160.2990 18796094   10.92%
 128933 57004     1168.0939   983     1302.5553     1160.2990 18871849   10.92%
 129456 57908     1240.0583   731     1302.5553     1160.4588 18957813   10.91%
*129656+56269                         1301.1671     1160.4588            10.81%
*130158+58250                         1300.8253     1160.4588            10.79%
 130172 58598     1230.7269   867     1300.8253     1160.4588 19072072   10.79%
 130827 58633     1262.6521   839     1300.8253     1160.6292 19074925   10.78%
Elapsed time = 4400.24 sec. (879692.01 ticks, tree = 10480.87 MB, solutions = 362)
Nodefile size = 8419.87 MB (5614.96 MB after compression)
 131483 59189     1248.4041   804     1300.8253     1160.6292 19248054   10.78%
 132132 59566     1290.2654   842     1300.8253     1160.6292 19304782   10.78%
 132716 59658     1185.9749   913     1300.8253     1160.7903 19327509   10.77%
 133287 60170     1251.5921  1008     1300.8253     1160.7903 19378138   10.77%
 134004 60412     1212.4860   849     1300.8253     1160.8163 19417117   10.76%
 134672 61836     1194.4842   882     1300.8253     1161.1217 19633842   10.74%
 135198 61678     1272.4947   753     1300.8253     1161.1217 19604446   10.74%
 135761 62757     1247.3750   834     1300.8253     1161.1217 19773729   10.74%
 136235 63303     1278.0777   898     1300.8253     1161.2938 19850077   10.73%
*136468+62467                         1300.5729     1161.2938            10.71%
*136541+62467                         1299.4868     1161.2938            10.63%
*136751+62467                         1298.8272     1161.2938            10.59%
 136780 64736     1226.8637   881     1298.8272     1161.2938 20050514   10.59%
Elapsed time = 4658.21 sec. (917872.28 ticks, tree = 11451.83 MB, solutions = 365)
Nodefile size = 9388.91 MB (6258.54 MB after compression)
 137358 64344     1271.3644   803     1298.8272     1161.2938 20071616   10.59%
*137402+64810                         1297.1810     1161.2938            10.48%
 137892 64601     1221.0788   865     1297.1810     1161.3826 20186532   10.47%
 138581 64451     1183.6983   981     1297.1810     1161.3826 20157012   10.47%
 139152 64914     1249.0180   795     1297.1810     1161.3826 20232045   10.47%
 139727 65561     1255.0587   907     1297.1810     1161.7673 20337222   10.44%
 140412 66491     1206.2029   911     1297.1810     1161.7673 20470243   10.44%
 141244 66320     1264.8118   798     1297.1810     1161.7673 20429207   10.44%
 141995 67546     1286.8820   853     1297.1810     1162.0306 20641763   10.42%
 142576 67059        cutoff           1297.1810     1162.0306 20580366   10.42%
*142701+66814                         1296.4741     1162.0306            10.37%
 143199 67412     1287.3108   816     1296.4741     1162.0306 20623742   10.37%
Elapsed time = 4919.09 sec. (956095.95 ticks, tree = 12146.22 MB, solutions = 367)
Nodefile size = 10060.03 MB (6719.62 MB after compression)
*143328+69474                         1296.1701     1162.0410            10.35%
 143790 69710     1272.0869   753     1296.1701     1162.1929 20905159   10.34%
 144406 70097     1251.0736   781     1296.1701     1162.1929 20966765   10.34%
 144996 69754     1233.9086   769     1296.1701     1162.1929 20910752   10.34%
 145686 70312     1246.5133   841     1296.1701     1162.4438 20997076   10.32%
 146183 71055     1291.7828   888     1296.1701     1162.5227 21129487   10.31%
 146697 71369     1274.4991   811     1296.1701     1162.5258 21175417   10.31%
 147290 72830     1184.4205   938     1296.1701     1162.5258 21378145   10.31%
 147862 73242     1253.0343   839     1296.1701     1162.6051 21429509   10.30%
 148451 73116     1185.4935   961     1296.1701     1162.7165 21415638   10.30%
 149064 73241     1272.2719   816     1296.1701     1162.7165 21427448   10.30%
Elapsed time = 5175.09 sec. (994279.51 ticks, tree = 13570.87 MB, solutions = 371)
Nodefile size = 11507.52 MB (7705.73 MB after compression)
 149674 73702     1257.1553   831     1296.1701     1162.8681 21502374   10.28%
 150399 74611     1228.5637   891     1296.1701     1162.8681 21637156   10.28%
 151021 75406     1269.1184   797     1296.1701     1162.8681 21760952   10.28%
 151555 75966     1248.4556   831     1296.1701     1163.0331 21830852   10.27%
 151994 76109     1261.8511   785     1296.1701     1163.0331 21840989   10.27%
 152492 77123     1236.1549   917     1296.1701     1163.0331 21992360   10.27%
 152988 77901     1219.4560   833     1296.1701     1163.1099 22118178   10.27%
 153642 78325     1200.8125   920     1296.1701     1163.1099 22220666   10.27%
 154326 78622     1217.4861   860     1296.1701     1163.1099 22273658   10.27%
 155004 79297     1250.4582   854     1296.1701     1163.3857 22365927   10.24%
Elapsed time = 5428.58 sec. (1032463.85 ticks, tree = 14411.26 MB, solutions = 371)
Nodefile size = 12342.44 MB (8258.63 MB after compression)
 155651 79060     1243.4611   762     1296.1701     1163.3857 22321573   10.24%
*155685+78202                         1295.9133     1163.3857            10.23%
 156345 80330     1198.7212   850     1295.9133     1163.3857 22527496   10.23%
 156924 79526     1207.3241   845     1295.9133     1163.4371 22395947   10.22%
 157516 81718     1228.8374   843     1295.9133     1163.4371 22720844   10.22%
 158094 82314     1245.1104   981     1295.9133     1163.6683 22814798   10.20%
 158656 82902     1274.5185   666     1295.9133     1163.8169 22906359   10.19%
 159259 82238     1291.5019   859     1295.9133     1163.8169 22787843   10.19%
 159796 83088     1200.5064   875     1295.9133     1163.8169 22954835   10.19%
 160316 84461     1188.5278   954     1295.9133     1164.0198 23149926   10.18%
 160749 83397     1290.1682   785     1295.9133     1164.0198 23012251   10.18%
Elapsed time = 5693.03 sec. (1070726.06 ticks, tree = 15097.66 MB, solutions = 372)
Nodefile size = 13023.27 MB (8715.31 MB after compression)
 161273 84390     1229.5115   715     1295.9133     1164.0198 23123819   10.18%
 161971 85707     1222.3976   863     1295.9133     1164.3685 23371406   10.15%
 162677 86714     1202.6322   896     1295.9133     1164.3963 23533076   10.15%
 163276 87177     1282.9554   716     1295.9133     1164.5239 23607068   10.14%
 163787 86558     1278.2955   863     1295.9133     1164.5239 23515006   10.14%
 164407 87701     1248.6552   853     1295.9133     1164.5239 23673432   10.14%
 165013 87062     1283.8387   803     1295.9133     1164.5239 23582632   10.14%
 165599 88276        cutoff           1295.9133     1164.7068 23748176   10.12%
 166148 88958     1244.8985   863     1295.9133     1164.7068 23862862   10.12%
 166683 90285     1285.1843   888     1295.9133     1164.8879 24088189   10.11%
Elapsed time = 5964.42 sec. (1108907.52 ticks, tree = 16544.67 MB, solutions = 372)
Nodefile size = 14476.52 MB (9705.01 MB after compression)
 167203 90723     1195.1201   949     1295.9133     1165.1503 24153599   10.09%
 167852 90122     1185.7164   990     1295.9133     1165.1503 24046150   10.09%
 168489 92003     1194.7871   980     1295.9133     1165.1503 24352942   10.09%
 169098 91289     1274.3850   894     1295.9133     1165.1503 24222251   10.09%
 169728 92723     1252.9142   776     1295.9133     1165.1503 24448725   10.09%
 170394 91736     1277.6064   894     1295.9133     1165.2325 24301149   10.08%
 170943 93734     1274.8997   791     1295.9133     1165.3884 24607324   10.07%
 171322 93801     1262.0654   786     1295.9133     1165.3884 24621637   10.07%
 171790 94927     1241.1065  1024     1295.9133     1165.3884 24774804   10.07%
 172165 94940     1255.0496   911     1295.9133     1165.3884 24777208   10.07%
Elapsed time = 6232.74 sec. (1147131.95 ticks, tree = 17686.59 MB, solutions = 372)
Nodefile size = 15620.63 MB (10494.59 MB after compression)
 172511 95173     1239.9434   804     1295.9133     1165.6841 24803187   10.05%
 172864 95218     1277.2129   771     1295.9133     1165.7870 24805962   10.04%
 173253 96737     1283.7737   796     1295.9133     1165.7870 25102486   10.04%
 173656 96124     1266.7314   899     1295.9133     1165.8178 24979827   10.04%
 174034 96922     1207.8922   887     1295.9133     1165.8178 25146912   10.04%
 174444 97472     1259.1178   860     1295.9133     1165.8178 25265050   10.04%
 175021 97787     1265.4165   859     1295.9133     1165.8178 25348726   10.04%
 175572 98387     1245.9732   892     1295.9133     1165.9674 25468272   10.03%
 176114 98897     1240.4240   890     1295.9133     1165.9674 25540977   10.03%
 176625 97916     1195.8584   934     1295.9133     1165.9674 25371664   10.03%
Elapsed time = 6488.48 sec. (1185323.34 ticks, tree = 18136.07 MB, solutions = 372)
Nodefile size = 16051.21 MB (10788.55 MB after compression)
 177066 99854     1244.3973   848     1295.9133     1165.9674 25700565   10.03%
 177637 99668     1215.2244   923     1295.9133     1165.9674 25672051   10.03%
 178135 99223     1246.8984   768     1295.9133     1166.2791 25594397   10.00%
 178728 100620     1244.7618   925     1295.9133     1166.3312 25815862   10.00%
 179297 101060     1265.3415   739     1295.9133     1166.3312 25900675   10.00%
 179868 101906     1231.3680   917     1295.9133     1166.3572 26043096   10.00%
 180466 102667     1220.9466   858     1295.9133     1166.3572 26164307   10.00%
 180876 102036     1224.8585   939     1295.9133     1166.5819 26071676    9.98%
 181471 102727     1263.7451   811     1295.9133     1166.5819 26169842    9.98%
 182137 103902     1271.8938   804     1295.9133     1166.5819 26361009    9.98%
Elapsed time = 6755.24 sec. (1223568.81 ticks, tree = 19523.48 MB, solutions = 372)
Nodefile size = 17442.56 MB (11737.02 MB after compression)
 182742 104324     1259.1461   936     1295.9133     1166.5972 26431751    9.98%
 183232 103447     1238.0766   947     1295.9133     1166.7009 26314795    9.97%
 183760 104698     1236.6401   809     1295.9133     1166.7009 26490129    9.97%
 184291 104382     1272.1409   838     1295.9133     1166.8078 26439622    9.96%
 184723 106053     1256.8329   870     1295.9133     1166.8911 26701821    9.96%
 185299 105230     1237.5439   897     1295.9133     1167.0315 26582500    9.95%
 185796 106777     1196.5070   942     1295.9133     1167.1125 26817276    9.94%
 186261 107368     1282.9211   761     1295.9133     1167.1125 26941074    9.94%
 186651 108739     1274.3435   790     1295.9133     1167.1125 27147336    9.94%
 187082 108015     1196.0268   817     1295.9133     1167.1125 27028530    9.94%
Elapsed time = 7016.59 sec. (1261792.79 ticks, tree = 20522.28 MB, solutions = 372)
Nodefile size = 18453.46 MB (12432.93 MB after compression)
 187457 108775     1228.9402   917     1295.9133     1167.1125 27152658    9.94%
 187889 109751     1197.7955   966     1295.9133     1167.3952 27342396    9.92%
 188278 109087     1253.9026   836     1295.9133     1167.3952 27199188    9.92%
 188712 110915     1272.7761   854     1295.9133     1167.3991 27592509    9.92%
 189231 110682     1237.1316   924     1295.9133     1167.4157 27569400    9.92%
 189775 111134     1238.1747   824     1295.9133     1167.4157 27647751    9.92%
 190443 110539     1269.7318   913     1295.9133     1167.4157 27533437    9.92%
 191056 111101     1293.9252   823     1295.9133     1167.4157 27614914    9.92%
 191570 111301     1270.8479   845     1295.9133     1167.7605 27678800    9.89%
 192025 112510     1178.3799  1008     1295.9133     1167.7605 27908470    9.89%
Elapsed time = 7283.30 sec. (1300040.03 ticks, tree = 20948.72 MB, solutions = 372)
Nodefile size = 18867.41 MB (12704.15 MB after compression)
 192477 113670     1229.9837   891     1295.9133     1167.8289 28106341    9.88%
 192986 114181     1246.0318   852     1295.9133     1167.8289 28169813    9.88%
 193554 113965     1231.9072   952     1295.9133     1168.0159 28146590    9.87%
 194067 113257     1232.5242   806     1295.9133     1168.0159 28038203    9.87%
*194462+114718                         1295.8205     1168.0816             9.86%
 194484 115049     1231.5989   849     1295.8205     1168.0816 28310143    9.86%
 195013 113720     1232.0691   863     1295.8205     1168.1367 28119080    9.85%
 195517 116973     1228.6298   859     1295.8205     1168.1670 28665018    9.85%
 195898 116818     1276.2420   909     1295.8205     1168.2020 28629555    9.85%
 196289 116571     1242.7224   862     1295.8205     1168.3706 28593500    9.84%
 196756 116202     1286.7364   874     1295.8205     1168.3706 28535686    9.84%
Elapsed time = 7553.03 sec. (1338289.14 ticks, tree = 21866.18 MB, solutions = 373)
Nodefile size = 19787.82 MB (13333.23 MB after compression)
 197328 118412     1258.2750   780     1295.8205     1168.3706 28935899    9.84%
 197871 117538     1177.9620  1011     1295.8205     1168.3706 28761439    9.84%
 198381 117551     1185.7659   995     1295.8205     1168.3984 28763913    9.83%
 198956 118886     1230.6536   860     1295.8205     1168.3984 29041503    9.83%
 199459 119791     1200.8314   960     1295.8205     1168.5957 29191052    9.82%
 199961 119003     1276.4849   891     1295.8205     1168.5957 29062298    9.82%
 200469 119345     1243.8919   962     1295.8205     1168.5957 29135497    9.82%
 200857 121358     1190.1085   954     1295.8205     1168.5957 29490818    9.82%
 201308 121236     1269.3223   863     1295.8205     1168.9106 29434763    9.79%
 201636 121940     1241.8134   892     1295.8205     1168.9106 29597714    9.79%
Elapsed time = 7816.46 sec. (1376516.81 ticks, tree = 23185.58 MB, solutions = 373)
Nodefile size = 21110.09 MB (14253.38 MB after compression)
 202067 122649     1238.0497  1042     1295.8205     1168.9106 29705543    9.79%
 202460 122992     1274.4575   857     1295.8205     1168.9106 29777386    9.79%
 202852 122326     1253.0809   906     1295.8205     1168.9859 29648113    9.79%
 203332 122694     1204.5919   933     1295.8205     1169.0077 29713935    9.79%
 203755 123917     1251.7113   910     1295.8205     1169.1692 29994729    9.77%
 204201 122852     1262.6529   833     1295.8205     1169.1692 29762277    9.77%
 204682 123874     1242.5298   905     1295.8205     1169.1692 29968595    9.77%
 205266 123587     1287.8053   840     1295.8205     1169.1916 29913966    9.77%
 205726 125049     1245.9125   815     1295.8205     1169.2288 30218973    9.77%
 206274 125143     1203.8228   825     1295.8205     1169.2288 30237336    9.77%
Elapsed time = 8082.48 sec. (1414763.68 ticks, tree = 23503.87 MB, solutions = 373)
Nodefile size = 21414.65 MB (14455.90 MB after compression)
 206854 125228     1225.1692   949     1295.8205     1169.3199 30253220    9.76%
 207332 125426     1230.3123   854     1295.8205     1169.5147 30296279    9.75%
 207810 125716     1264.4786   872     1295.8205     1169.5147 30347520    9.75%
 208366 126140     1277.9629   802     1295.8205     1169.5147 30418954    9.75%
 208790 126861        cutoff           1295.8205     1169.5147 30588991    9.75%
 209305 126554     1231.7422   929     1295.8205     1169.5147 30524854    9.75%
 209721 129515     1246.7682   869     1295.8205     1169.5814 31022600    9.74%
 210209 129604     1279.1324   809     1295.8205     1169.5814 31041203    9.74%
 210615 128732     1205.6856   934     1295.8205     1169.5814 30874130    9.74%
 211100 130842     1196.8073   951     1295.8205     1169.8661 31284666    9.72%
Elapsed time = 8357.40 sec. (1452987.82 ticks, tree = 24920.53 MB, solutions = 373)
Nodefile size = 22851.18 MB (15445.26 MB after compression)
 211637 130040     1243.3749   833     1295.8205     1169.8851 31127056    9.72%
 212163 130891     1243.0182   871     1295.8205     1169.8879 31289943    9.72%
 212622 131166     1290.2286   853     1295.8205     1169.9387 31349680    9.71%
 213093 130834     1266.6489   854     1295.8205     1169.9885 31265672    9.71%
 213431 131193     1221.3640   826     1295.8205     1169.9885 31355124    9.71%
 213731 133339     1274.8003   832     1295.8205     1169.9897 31783331    9.71%
 214235 133866     1275.4695   766     1295.8205     1169.9897 31879839    9.71%
 214749 132110     1281.2015   863     1295.8205     1169.9897 31543711    9.71%
 215165 133576     1252.3089   877     1295.8205     1169.9897 31824814    9.71%
 215560 133317     1228.4769   972     1295.8205     1169.9897 31778063    9.71%
Elapsed time = 8606.73 sec. (1491292.97 ticks, tree = 25376.69 MB, solutions = 373)
Nodefile size = 23277.69 MB (15735.86 MB after compression)
 215935 133903     1277.3214   924     1295.8205     1170.0461 31886968    9.71%
 216352 134769     1289.3789   749     1295.8205     1170.1864 32079737    9.70%
 216713 134032     1249.1663   874     1295.8205     1170.1864 31916430    9.70%
 217115 135036     1232.2142   828     1295.8205     1170.3963 32188128    9.68%
 217517 135078     1254.0702   798     1295.8205     1170.3963 32190936    9.68%
 217914 136791     1218.2693   954     1295.8205     1170.3963 32539287    9.68%
 218285 137558     1292.4124   786     1295.8205     1170.3963 32674916    9.68%
 218656 136043     1264.9878   842     1295.8205     1170.4806 32404665    9.67%
 219148 137360     1253.4366   918     1295.8205     1170.4806 32626953    9.67%
 219568 138110     1221.1944   887     1295.8205     1170.4806 32797537    9.67%
Elapsed time = 8889.15 sec. (1529500.49 ticks, tree = 26113.95 MB, solutions = 373)
Nodefile size = 24039.66 MB (16251.64 MB after compression)
 220028 137671     1259.6595   881     1295.8205     1170.4806 32697217    9.67%
 220493 139049     1270.5900   808     1295.8205     1170.5529 32977635    9.67%
 220948 139123     1270.7504   800     1295.8205     1170.6073 33003511    9.66%
 221413 138847     1276.6501   875     1295.8205     1170.6073 32927390    9.66%
 221873 139586     1236.9561   856     1295.8205     1170.6073 33114011    9.66%
 222348 139212     1293.0244   915     1295.8205     1170.6112 33024072    9.66%
 222826 140916     1258.7751   929     1295.8205     1170.6112 33315615    9.66%
 223275 140407     1254.2044   872     1295.8205     1170.6359 33232206    9.66%
 223669 141017     1260.8448   873     1295.8205     1170.6359 33344141    9.66%
 224166 141663        cutoff           1295.8205     1170.6359 33499435    9.66%
Elapsed time = 9158.92 sec. (1567720.13 ticks, tree = 27007.89 MB, solutions = 373)
Nodefile size = 24924.51 MB (16865.69 MB after compression)
 224560 142705     1233.3667   919     1295.8205     1170.9597 33733793    9.64%
 224981 141703     1269.4018   831     1295.8205     1171.0552 33487781    9.63%
 225432 141897     1244.3981   932     1295.8205     1171.0676 33535975    9.63%
 225839 142618        cutoff           1295.8205     1171.0742 33709242    9.63%
 226283 144206     1214.0520   950     1295.8205     1171.1346 34006595    9.62%
 226585 144870     1245.7065   920     1295.8205     1171.1346 34174416    9.62%
 226943 144253     1282.6550   829     1295.8205     1171.1346 34012248    9.62%
 227394 143886     1275.5247   896     1295.8205     1171.1346 33968202    9.62%
 227747 145839     1291.6308   806     1295.8205     1171.1346 34444556    9.62%
 228013 145400     1267.7860   886     1295.8205     1171.1346 34298131    9.62%
Elapsed time = 9423.29 sec. (1605940.00 ticks, tree = 27790.07 MB, solutions = 373)
Nodefile size = 25720.06 MB (17410.35 MB after compression)
 228390 145581     1294.6005   953     1295.8205     1171.1346 34364703    9.62%
 228853 145886     1255.0108   882     1295.8205     1171.1346 34466872    9.62%
 229267 147066     1271.1061   751     1295.8205     1171.1346 34720679    9.62%
 229667 147497     1274.3597   725     1295.8205     1171.1346 34820660    9.62%
 230112 147292     1224.5551   912     1295.8205     1171.1346 34757734    9.62%
 230631 146822     1272.1591   764     1295.8205     1171.3418 34665502    9.61%
 231055 147774     1269.4391   827     1295.8205     1171.3418 34893844    9.61%
 231443 148179     1231.8207   976     1295.8205     1171.4014 35026745    9.60%
 231876 147442     1251.9723   918     1295.8205     1171.4142 34803175    9.60%
 232365 149513     1257.8198   900     1295.8205     1171.4142 35321065    9.60%
Elapsed time = 9693.34 sec. (1644172.29 ticks, tree = 28319.43 MB, solutions = 373)
Nodefile size = 26244.29 MB (17757.49 MB after compression)
 232881 150064     1243.5810   857     1295.8205     1171.4142 35433621    9.60%
 233289 150298     1260.3166   864     1295.8205     1171.4142 35466593    9.60%
 233779 150224     1273.7292   818     1295.8205     1171.4142 35455162    9.60%
 234319 150727     1225.5996   848     1295.8205     1171.4142 35551756    9.60%
 234906 150903     1268.4891   734     1295.8205     1171.5310 35569611    9.59%
 235460 152008     1271.0704   812     1295.8205     1171.5310 35800558    9.59%
 235934 150606     1233.7744   901     1295.8205     1171.5310 35545052    9.59%
 236415 152639     1260.7411   937     1295.8205     1171.5310 35908930    9.59%
 236844 151805     1231.2779   809     1295.8205     1171.6474 35763214    9.58%
 237402 152398     1279.1161   891     1295.8205     1171.6474 35865978    9.58%
Elapsed time = 9974.06 sec. (1682372.04 ticks, tree = 29033.92 MB, solutions = 373)
Nodefile size = 26944.89 MB (18241.93 MB after compression)
 237965 152583     1224.1111   933     1295.8205     1171.9055 35902535    9.56%
 238521 153603     1213.9243   938     1295.8205     1171.9125 36078321    9.56%
 239020 153650     1226.8478   870     1295.8205     1171.9125 36080738    9.56%
 239566 153841     1249.5561   787     1295.8205     1171.9125 36112641    9.56%
 240085 154821     1215.6554   846     1295.8205     1171.9125 36272117    9.56%
 240591 155254     1263.4563   897     1295.8205     1171.9125 36354287    9.56%
 241040 154847     1273.1265   792     1295.8205     1171.9469 36278671    9.56%
 241577 157719     1280.9261   961     1295.8205     1171.9469 36773611    9.56%
 242010 157646     1239.8220   915     1295.8205     1172.0579 36759990    9.55%
 242277 158639     1254.9158   924     1295.8205     1172.2721 36957074    9.53%
Elapsed time = 10226.69 sec. (1720589.12 ticks, tree = 30547.56 MB, solutions = 373)
Nodefile size = 28477.85 MB (19293.43 MB after compression)
 242716 158107     1289.2880   793     1295.8205     1172.2721 36847713    9.53%
 243095 159134     1251.7841   851     1295.8205     1172.3117 37069660    9.53%
 243523 159154     1292.9646   763     1295.8205     1172.3117 37072772    9.53%
 243791 159109     1237.8197   891     1295.8205     1172.3117 37061349    9.53%
 244072 159874     1279.6875   799     1295.8205     1172.3117 37164813    9.53%
 244476 160409     1255.4052  1014     1295.8205     1172.3117 37294141    9.53%
 244897 160700     1265.5864   834     1295.8205     1172.3117 37364276    9.53%
 245376 161167     1256.1239   829     1295.8205     1172.4358 37519062    9.52%
 245848 161934     1247.7193   850     1295.8205     1172.4358 37689809    9.52%
 246270 162276     1238.4896   850     1295.8205     1172.5411 37758899    9.51%
Elapsed time = 10486.14 sec. (1758834.96 ticks, tree = 30710.28 MB, solutions = 373)
Nodefile size = 28639.46 MB (19387.68 MB after compression)
 246807 161491     1240.4534   915     1295.8205     1172.5411 37593441    9.51%
 247359 161156     1264.2199   837     1295.8205     1172.5411 37514364    9.51%
 247878 163409     1248.1392   849     1295.8205     1172.5411 38021930    9.51%
 248331 163113     1282.1901   759     1295.8205     1172.7140 37946906    9.50%
 248715 162218     1265.3509   930     1295.8205     1172.7337 37756812    9.50%
 249147 163130     1246.8898   782     1295.8205     1172.7784 37935703    9.50%
 249586 163475     1231.5057   881     1295.8205     1172.7826 38032882    9.49%
 250139 163561     1255.0051   906     1295.8205     1172.8073 38051349    9.49%
 250650 163581     1268.8513   898     1295.8205     1172.8335 38053684    9.49%
 251095 165248     1251.6648   903     1295.8205     1172.8681 38350155    9.49%
Elapsed time = 10762.38 sec. (1797118.31 ticks, tree = 31454.66 MB, solutions = 373)
Nodefile size = 29376.17 MB (19892.60 MB after compression)
 251507 164832     1257.2469   850     1295.8205     1172.8996 38277576    9.49%
 251970 165835     1251.4623   912     1295.8205     1172.9153 38467064    9.48%
 252393 166503     1279.0559   805     1295.8205     1172.9862 38569891    9.48%
 252894 167458     1240.0382   842     1295.8205     1173.0180 38784364    9.48%
 253313 167716     1285.2727   929     1295.8205     1173.0580 38859013    9.47%
 253787 167076     1283.1808   828     1295.8205     1173.0876 38707209    9.47%
 254094 168768     1271.6326   867     1295.8205     1173.0876 39071700    9.47%
 254577 167535     1262.9596   827     1295.8205     1173.1327 38814352    9.47%
 255094 169769     1265.8050   875     1295.8205     1173.1327 39259270    9.47%
 255488 170610     1269.3644   886     1295.8205     1173.1327 39464016    9.47%
Elapsed time = 11026.15 sec. (1835349.23 ticks, tree = 32818.32 MB, solutions = 373)
Nodefile size = 30745.65 MB (20827.40 MB after compression)
 255886 169709     1236.7474   811     1295.8205     1173.1327 39248551    9.47%
 256436 170427     1267.6413   825     1295.8205     1173.1327 39420664    9.47%
 256840 169543     1260.0694   886     1295.8205     1173.1327 39202126    9.47%
 257199 171724     1219.9367   909     1295.8205     1173.4460 39703926    9.44%
 257566 172326     1232.6190   817     1295.8205     1173.5294 39801563    9.44%
 257951 172583     1252.8937   890     1295.8205     1173.5294 39881090    9.44%
 258307 173166     1200.4861   972     1295.8205     1173.5373 40021178    9.44%
 258732 173441     1260.7540   825     1295.8205     1173.5373 40073166    9.44%
 259145 172014     1272.4855   851     1295.8205     1173.5373 39765099    9.44%
 259619 172498     1266.3199   927     1295.8205     1173.5373 39863585    9.44%
Elapsed time = 11286.23 sec. (1873578.63 ticks, tree = 33272.65 MB, solutions = 373)
Nodefile size = 31204.41 MB (21141.94 MB after compression)
 260155 174067     1277.1995   785     1295.8205     1173.5373 40246103    9.44%
 260566 174981     1282.6026   761     1295.8205     1173.7293 40435625    9.42%
 260998 174733     1242.6890   799     1295.8205     1173.7293 40393846    9.42%
 261496 175358     1275.1905   819     1295.8205     1173.7293 40508168    9.42%
 261968 175377     1232.3267   990     1295.8205     1173.7293 40510911    9.42%
 262407 175720     1223.4188   853     1295.8205     1173.7293 40584683    9.42%
 262903 175100     1255.4932   900     1295.8205     1173.7609 40448814    9.42%
 263470 176380     1219.1080   936     1295.8205     1174.0022 40740554    9.40%
 263976 176752     1269.1628   891     1295.8205     1174.0180 40809116    9.40%
 264470 176240     1280.7099   903     1295.8205     1174.0608 40729440    9.40%
Elapsed time = 11555.75 sec. (1911818.44 ticks, tree = 33437.22 MB, solutions = 373)
Nodefile size = 31345.42 MB (21224.51 MB after compression)
 264855 177272     1264.9131   778     1295.8205     1174.0742 40927857    9.40%
 265321 176549     1246.4183   964     1295.8205     1174.0742 40781807    9.40%
 265765 177223     1265.5263   844     1295.8205     1174.0742 40900916    9.40%
 266239 179787     1230.8574   904     1295.8205     1174.0742 41412424    9.40%
 266784 178423     1291.2876   748     1295.8205     1174.0742 41166812    9.40%
 267174 180277     1247.1023   744     1295.8205     1174.0742 41464585    9.40%
 267646 181062     1215.0564   957     1295.8205     1174.2250 41671766    9.38%
 268140 179476     1272.4643   873     1295.8205     1174.3451 41340887    9.37%
 268545 180756     1223.1572   871     1295.8205     1174.3493 41574328    9.37%
 268975 180767     1244.4005   885     1295.8205     1174.3769 41577033    9.37%
Elapsed time = 11832.55 sec. (1950098.90 ticks, tree = 34581.63 MB, solutions = 373)
Nodefile size = 32493.37 MB (22012.83 MB after compression)
 269433 181661     1265.3818   870     1295.8205     1174.4122 41793615    9.37%
 269814 180941     1183.1008   941     1295.8205     1174.4351 41647005    9.37%
 270261 182366     1265.3488   882     1295.8205     1174.4453 41949014    9.37%
 270635 183137     1293.7528   728     1295.8205     1174.4881 42099790    9.36%
 271016 184462     1256.2883   858     1295.8205     1174.5327 42383791    9.36%
 271274 183784     1233.8833   828     1295.8205     1174.5839 42215825    9.36%
 271580 183838     1244.6934   934     1295.8205     1174.6412 42236000    9.35%
 272018 184038     1261.7291   636     1295.8205     1174.6433 42254249    9.35%
 272448 184721     1223.1712   933     1295.8205     1174.6433 42437786    9.35%
 272909 185708     1284.6876   811     1295.8205     1174.6433 42684357    9.35%
Elapsed time = 12091.41 sec. (1988356.34 ticks, tree = 35679.92 MB, solutions = 373)
Nodefile size = 33604.15 MB (22770.09 MB after compression)
 273210 185420        cutoff           1295.8205     1174.6488 42582663    9.35%
 273617 185672     1271.9067   835     1295.8205     1174.6488 42647793    9.35%
 273912 187074     1265.5073   900     1295.8205     1174.6488 42960845    9.35%
 274344 187449     1239.9684   816     1295.8205     1174.7600 43021053    9.34%
 274780 187659     1254.0745   900     1295.8205     1174.7600 43071236    9.34%
 275293 186720        cutoff           1295.8205     1174.7600 42883154    9.34%
 275683 188218     1291.2487   864     1295.8205     1174.7600 43213836    9.34%
 276082 187316     1231.7008   893     1295.8205     1174.8382 43013978    9.34%
 276489 188711     1228.9576   853     1295.8205     1174.8382 43297745    9.34%
 277073 188372     1286.1567   777     1295.8205     1174.8460 43240473    9.34%
Elapsed time = 12354.91 sec. (2026599.17 ticks, tree = 35916.22 MB, solutions = 373)
Nodefile size = 33831.03 MB (22917.53 MB after compression)
 277433 189814     1266.4125   847     1295.8205     1174.9514 43554096    9.33%
 277865 188239     1272.4891   753     1295.8205     1174.9514 43210217    9.33%
 278347 189163        cutoff           1295.8205     1174.9514 43439396    9.33%
 278798 189911     1217.8574   900     1295.8205     1175.0743 43578095    9.32%
 279315 189973     1238.2619   815     1295.8205     1175.0743 43580509    9.32%
 279830 190639     1239.6584   902     1295.8205     1175.0743 43700899    9.32%
 280296 191463        cutoff           1295.8205     1175.0743 43865167    9.32%
 280764 191812     1239.3138   820     1295.8205     1175.1719 43932016    9.31%
 281193 190832     1228.8723   947     1295.8205     1175.1921 43726927    9.31%
 281618 193069     1281.0061   854     1295.8205     1175.2514 44192734    9.30%
Elapsed time = 12620.76 sec. (2064834.88 ticks, tree = 37110.31 MB, solutions = 373)
Nodefile size = 35038.98 MB (23747.88 MB after compression)
 282121 192076     1206.4258   968     1295.8205     1175.2946 44009239    9.30%
 282633 191974     1276.4388   898     1295.8205     1175.3302 43993622    9.30%
 283160 192160     1242.8810   830     1295.8205     1175.3320 44014397    9.30%
 283618 193345     1270.2888   810     1295.8205     1175.3320 44256924    9.30%
 284113 193640     1286.3478   812     1295.8205     1175.3922 44309611    9.29%
 284625 195624     1279.1988   840     1295.8205     1175.4485 44669275    9.29%
 285040 194554     1230.5916   884     1295.8205     1175.4990 44461404    9.29%
 285534 194716     1287.9567   857     1295.8205     1175.5062 44504093    9.28%
 286051 196590     1232.9512   976     1295.8205     1175.5883 44894258    9.28%
 286654 195973     1245.8036   853     1295.8205     1175.5883 44751744    9.28%
Elapsed time = 12869.92 sec. (2103042.93 ticks, tree = 37474.88 MB, solutions = 373)
Nodefile size = 35404.80 MB (23994.76 MB after compression)
 287162 196785     1246.0007   835     1295.8205     1175.6097 44976121    9.28%
 287624 197373     1265.9894   898     1295.8205     1175.6384 45081748    9.27%
 288193 198203     1214.0447   875     1295.8205     1175.6591 45191408    9.27%
 288682 196932     1238.4041   915     1295.8205     1175.7078 45004025    9.27%
 289278 199688     1213.1523   901     1295.8205     1175.7660 45467687    9.26%
 289786 199340     1261.7127   831     1295.8205     1175.7782 45399555    9.26%
 290392 199749     1294.7035   208     1295.8205     1175.7873 45454481    9.26%
 290888 200557     1264.8858   850     1295.8205     1175.7957 45636606    9.26%
 291336 200171     1187.5962   970     1295.8205     1175.7978 45533282    9.26%
 291740 201502        cutoff           1295.8205     1175.7978 45824833    9.26%
Elapsed time = 13152.44 sec. (2141269.37 ticks, tree = 38069.04 MB, solutions = 373)
Nodefile size = 35997.31 MB (24377.52 MB after compression)
 292274 201451     1285.1645   882     1295.8205     1175.7978 45810353    9.26%
 292849 201178     1194.3035   972     1295.8205     1175.7978 45742785    9.26%
 293353 201217     1244.0402   854     1295.8205     1175.7978 45763614    9.26%
 293839 203487     1227.3753   825     1295.8205     1176.0530 46157731    9.24%
 294270 202589     1208.7380  1030     1295.8205     1176.0535 45999942    9.24%
 294704 203229     1259.4594   922     1295.8205     1176.0961 46109534    9.24%
 295229 204282     1269.3133   792     1295.8205     1176.1258 46325904    9.24%
 295724 205190     1236.6964   916     1295.8205     1176.1928 46487624    9.23%
 296202 206512     1294.1365   780     1295.8205     1176.1928 46736387    9.23%
 296649 205690     1246.5813   754     1295.8205     1176.2305 46546255    9.23%
Elapsed time = 13426.37 sec. (2179488.08 ticks, tree = 39125.48 MB, solutions = 373)
Nodefile size = 37037.84 MB (25092.33 MB after compression)
 297137 204676     1243.2848   812     1295.8205     1176.2305 46392877    9.23%
 297653 206395     1228.8733   828     1295.8205     1176.2305 46710290    9.23%
 298074 207843     1200.9546   950     1295.8205     1176.2305 46999285    9.23%
 298573 206831     1201.6585   788     1295.8205     1176.2305 46799053    9.23%
 299076 207170     1289.3450   832     1295.8205     1176.2409 46868796    9.23%
 299466 207280     1283.1738   841     1295.8205     1176.2409 46903653    9.23%
 299812 207947     1267.8589   847     1295.8205     1176.3624 47029678    9.22%
 300174 208750     1231.6854   843     1295.8205     1176.3624 47162685    9.22%
 300583 210474     1282.7808   781     1295.8205     1176.3624 47464566    9.22%
 300988 210200     1267.5793   884     1295.8205     1176.3624 47404544    9.22%
Elapsed time = 13673.20 sec. (2217754.64 ticks, tree = 40140.58 MB, solutions = 373)
Nodefile size = 38068.75 MB (25804.09 MB after compression)
 301406 211127     1291.3972   806     1295.8205     1176.5050 47618656    9.21%
 301774 211349     1224.6928   968     1295.8205     1176.5050 47697520    9.21%
 302135 210399     1230.7488   906     1295.8205     1176.5050 47440983    9.21%
 302581 211381     1258.6424   889     1295.8205     1176.5050 47702618    9.21%
 303077 211518     1200.1271   966     1295.8205     1176.5347 47743923    9.21%
 303582 210751     1253.3635   953     1295.8205     1176.5347 47546633    9.21%
 303984 212905     1200.7694   985     1295.8205     1176.7574 48063768    9.19%
 304452 213593     1249.9037   887     1295.8205     1176.7574 48222541    9.19%
 304843 214404     1248.2550   951     1295.8205     1176.7968 48377899    9.19%
 305248 213983     1284.5384   867     1295.8205     1176.7968 48274414    9.19%
Elapsed time = 13950.26 sec. (2256024.68 ticks, tree = 40471.76 MB, solutions = 373)
Nodefile size = 38395.15 MB (26014.41 MB after compression)
 305615 214875     1278.3742   830     1295.8205     1176.8691 48472826    9.18%
 305940 215269     1280.4502   859     1295.8205     1176.8953 48561554    9.18%
 306365 215030     1261.0786   913     1295.8205     1176.9059 48513225    9.18%
 306755 215349     1243.7883   877     1295.8205     1176.9326 48583235    9.17%
*306786+213472                         1295.5523     1176.9326             9.16%
 307122 216343     1276.2984   874     1295.5523     1176.9963 48825168    9.15%
 307515 215153     1291.5161   875     1295.5523     1177.0197 48540619    9.15%
 307828 216978     1252.8372   910     1295.5523     1177.0325 48986087    9.15%
 308223 215458     1291.6420   929     1295.5523     1177.0780 48610268    9.14%
 308582 216190     1248.2436   861     1295.5523     1177.1010 48765266    9.14%
 308932 217079     1208.3715   894     1295.5523     1177.1010 49024640    9.14%
Elapsed time = 14212.74 sec. (2294315.36 ticks, tree = 41254.91 MB, solutions = 374)
Nodefile size = 39176.69 MB (26551.76 MB after compression)
 309368 216378     1257.0694   920     1295.5523     1177.1068 48838973    9.14%
 309831 218576     1292.8917   835     1295.5523     1177.1068 49375188    9.14%
 310274 218488     1253.7963   817     1295.5523     1177.1068 49346989    9.14%
 310653 218138     1208.0919  1012     1295.5523     1177.1068 49261045    9.14%
 311078 219452     1276.5822   867     1295.5523     1177.1068 49571525    9.14%
 311608 219745     1249.3233   830     1295.5523     1177.1068 49630996    9.14%
 312096 218404     1275.6719   750     1295.5523     1177.2693 49300959    9.13%
 312495 218410     1187.1293  1011     1295.5523     1177.2906 49303618    9.13%
 312861 221042     1283.7041   886     1295.5523     1177.2929 49942908    9.13%
 313208 220868     1232.5104   987     1295.5523     1177.2929 49890564    9.13%
Elapsed time = 14479.76 sec. (2332547.65 ticks, tree = 42221.57 MB, solutions = 374)
Nodefile size = 40149.01 MB (27222.43 MB after compression)
 313497 221056     1226.2855   859     1295.5523     1177.2929 49948265    9.13%
 313852 221621     1249.8577   910     1295.5523     1177.2929 50057841    9.13%
 314403 222032     1286.6691   949     1295.5523     1177.2929 50173078    9.13%
 314862 221463     1247.6740   869     1295.5523     1177.2929 50025604    9.13%
 315166 221888     1276.3816   830     1295.5523     1177.2929 50126501    9.13%
 315521 223863     1272.9707   858     1295.5523     1177.4838 50587161    9.11%
 315814 221972     1253.2273   963     1295.5523     1177.4838 50163241    9.11%
 316199 222297    infeasible           1295.5523     1177.4838 50234395    9.11%
 316573 224260     1257.4524   849     1295.5523     1177.4838 50667779    9.11%
 316893 223144     1271.6646   750     1295.5523     1177.4838 50437731    9.11%
Elapsed time = 14741.97 sec. (2370842.04 ticks, tree = 42718.13 MB, solutions = 374)
Nodefile size = 40645.86 MB (27562.60 MB after compression)
 317199 224480     1249.3282   881     1295.5523     1177.4838 50729554    9.11%
 317475 225407     1201.0432   930     1295.5523     1177.4838 51020259    9.11%
 317794 224663     1244.3997   907     1295.5523     1177.5604 50772072    9.11%
 318116 225223     1214.9025   987     1295.5523     1177.5604 50951766    9.11%
 318463 225336     1250.1945   901     1295.5523     1177.6815 50970639    9.10%
 318819 225512     1256.9722  1000     1295.5523     1177.6815 51052395    9.10%
 319203 226084     1267.7786   829     1295.5523     1177.6815 51184693    9.10%
 319604 225354     1253.6932   933     1295.5523     1177.6815 50997487    9.10%
 319989 227529     1292.3341   834     1295.5523     1177.9023 51611177    9.08%
 320306 226285     1230.9791   970     1295.5523     1177.9248 51244328    9.08%
Elapsed time = 15017.52 sec. (2409105.29 ticks, tree = 42824.26 MB, solutions = 374)
Nodefile size = 40733.89 MB (27608.07 MB after compression)
 320649 227543     1209.8235  1057     1295.5523     1177.9248 51616311    9.08%
 321042 228204     1278.8399   927     1295.5523     1177.9482 51797305    9.08%
 321394 226939     1256.1963   807     1295.5523     1177.9559 51434903    9.08%
 321779 228458     1259.0951   836     1295.5523     1177.9559 51872346    9.08%
 322195 227948        cutoff           1295.5523     1177.9559 51714389    9.08%
 322629 229603     1254.0306   985     1295.5523     1177.9559 52167163    9.08%
 323063 228325     1274.5232   810     1295.5523     1177.9559 51825405    9.08%
 323414 229523     1210.9695   962     1295.5523     1177.9559 52142730    9.08%
 323725 230350     1263.3951   868     1295.5523     1177.9559 52310448    9.08%
 324099 230811     1192.3587   954     1295.5523     1178.0012 52444757    9.07%
Elapsed time = 15295.25 sec. (2447314.86 ticks, tree = 43932.74 MB, solutions = 374)
Nodefile size = 41861.13 MB (28383.05 MB after compression)
 324482 230747     1233.3087   861     1295.5523     1178.2300 52430478    9.06%
 324808 231037        cutoff           1295.5523     1178.2495 52485591    9.05%
 325254 230455     1258.1651   776     1295.5523     1178.2784 52338724    9.05%
 325725 231964     1263.3032   913     1295.5523     1178.2968 52728770    9.05%
 326078 232756     1253.7747   829     1295.5523     1178.3370 52895147    9.05%
 326455 231437        cutoff           1295.5523     1178.3552 52589125    9.05%
 326737 233057     1264.6315   861     1295.5523     1178.3865 52955972    9.04%
 327029 232556     1250.8974   976     1295.5523     1178.3865 52866897    9.04%
 327341 233457     1250.3395   988     1295.5523     1178.4570 53072625    9.04%
 327563 234023     1289.0423   923     1295.5523     1178.5438 53251630    9.03%
Elapsed time = 15568.82 sec. (2485576.21 ticks, tree = 44749.82 MB, solutions = 374)
Nodefile size = 42677.21 MB (28943.71 MB after compression)
 327813 234320     1273.8081   753     1295.5523     1178.5766 53329759    9.03%
 328061 234706     1198.4278   962     1295.5523     1178.6232 53437931    9.03%
 328273 234492     1229.5814   961     1295.5523     1178.6688 53369849    9.02%
 328481 234578     1231.7458   909     1295.5523     1178.6784 53389232    9.02%
 328702 234759     1223.5975   805     1295.5523     1178.6784 53443543    9.02%
 329027 234597     1246.7617   950     1295.5523     1178.7188 53390473    9.02%
 329340 234566     1287.7179   823     1295.5523     1178.7188 53379564    9.02%
 329506 234686     1220.5203   850     1295.5523     1178.7188 53415181    9.02%
 329733 235972        cutoff           1295.5523     1178.7188 53951212    9.02%
 329967 235397     1284.9070   873     1295.5523     1178.7188 53683061    9.02%
Elapsed time = 15831.52 sec. (2523906.09 ticks, tree = 44973.08 MB, solutions = 374)
Nodefile size = 42902.59 MB (29096.48 MB after compression)
 330199 235795     1253.2124   840     1295.5523     1178.7188 53906346    9.02%
 330451 235802     1283.2253   832     1295.5523     1178.7188 53908532    9.02%
 330795 236021     1226.5872   928     1295.5523     1178.7188 53940754    9.02%
 331156 236301     1274.2220   880     1295.5523     1178.7188 54023540    9.02%
 331633 236161     1267.0317   866     1295.5523     1178.7188 53998112    9.02%
 332110 237864     1262.2042   898     1295.5523     1178.7188 54512988    9.02%
 332495 237205     1285.2536   825     1295.5523     1178.7188 54332300    9.02%
 332887 237046     1270.2201   776     1295.5523     1178.7188 54245279    9.02%
 333209 238118     1250.9282   899     1295.5523     1178.7188 54609805    9.02%
 333595 237420     1223.7693   904     1295.5523     1178.7188 54399036    9.02%
Elapsed time = 16108.28 sec. (2562139.21 ticks, tree = 45083.27 MB, solutions = 374)
Nodefile size = 42999.01 MB (29153.31 MB after compression)
 333971 238092     1279.0768   906     1295.5523     1178.9013 54579137    9.00%
