Version identifier: 22.1.1.0 | 2022-11-28 | 9160aff4d
CPXPARAM_TimeLimit                               20400
Tried aggregator 1 time.
MIP Presolve eliminated 2253 rows and 1958 columns.
MIP Presolve modified 12389 coefficients.
Reduced MIP has 28093 rows, 30192 columns, and 129472 nonzeros.
Reduced MIP has 15344 binaries, 14848 generals, 0 SOSs, and 0 indicators.
Presolve time = 0.14 sec. (85.25 ticks)
Probing time = 6.90 sec. (46.17 ticks)
Cover probing fixed 0 vars, tightened 12 bounds.
Tried aggregator 1 time.
Detecting symmetries...
MIP Presolve eliminated 492 rows and 492 columns.
MIP Presolve modified 2 coefficients.
Reduced MIP has 27601 rows, 29700 columns, and 127798 nonzeros.
Reduced MIP has 15342 binaries, 14358 generals, 0 SOSs, and 0 indicators.
Presolve time = 0.22 sec. (112.14 ticks)
Probing time = 7.00 sec. (19.35 ticks)
Cover probing fixed 0 vars, tightened 12 bounds.
Clique table members: 21369.
MIP emphasis: balance optimality and feasibility.
MIP search method: dynamic search.
Parallel mode: deterministic, using up to 32 threads.
Root relaxation solution time = 4.75 sec. (668.83 ticks)

        Nodes                                         Cuts/
   Node  Left     Objective  IInf  Best Integer    Best Bound    ItCnt     Gap

      0     0      821.7675   410                    821.7675       21         
      0     0      864.6710   551                   Cuts: 341     2229         
      0     0      878.6490   631                   Cuts: 228     3365         
      0     0      885.6244   634                   Cuts: 171     4146         
      0     0      895.6875   654                   Cuts: 128     5001         
      0     0      897.7975   640                    Cuts: 86     5696         
Detecting symmetries...
      0     0      898.9284   630                    Cuts: 69     6031         
      0     0      899.3410   636                    Cuts: 56     6299         
      0     0      899.6600   616                    Cuts: 49     6531         
      0     0      900.1443   631                    Cuts: 48     6750         
      0     0      900.2182   598                    Cuts: 40     6874         
      0     0      900.2672   590                    Cuts: 31     6944         
      0     0      900.3904   615                    Cuts: 19     7073         
      0     0      900.5056   635                    Cuts: 16     7134         
Detecting symmetries...
      0     2      900.5056   635                    900.5056     7134         
Elapsed time = 49.02 sec. (18520.99 ticks, tree = 0.02 MB, solutions = 0)
      2     4      922.4331   625                    900.5444     7634         
      7     7      923.3372   625                    900.5444     7881         
     19    21      905.0735   604                    903.3304    10102         
     52    43      929.0368   564                    903.3304    12852         
     78    75      923.9141   614                    903.3304    18901         
    105    85      931.3039   559                    903.8380    22690         
    125    26      950.7223   584                    903.8380    11363         
    145   116      935.4147   574                    903.8380    37739         
    159   126      908.3441   657                    903.8836    47596         
    187   145      930.8116   605                    903.8836    70707         
Elapsed time = 69.03 sec. (22005.23 ticks, tree = 1.56 MB, solutions = 0)
    204   168      956.1412   548                    903.8836   102849         
    352   279      973.5517   580                    903.8836   182914         
    519   340     1000.6002   607                    903.8836   193570         
    663   569      984.3434   609                    903.8836   242534         
    846   669      995.9365   605                    903.8836   257574         
   1066   763      985.3033   499                    903.8836   273313         
   1229  1023      976.6574   528                    903.8836   309979         
   1401  1137     1101.1310   399                    903.8836   333282         
   1683  1268      986.4202   535                    903.8836   361260         
   1992  1589      951.2650   503                    903.8836   405062         
Elapsed time = 119.12 sec. (31611.74 ticks, tree = 146.77 MB, solutions = 0)
   2257  1828     1081.1703   434                    903.8836   437662         
   2539  2155     1094.1341   393                    903.8836   493176         
   2805  2129     1146.5352   368                    903.8836   488918         
   3131  2556     1070.4056   436                    903.8836   555775         
   3505  2864     1332.5468   396                    903.8836   602914         
   3873  2795     1092.5702   550                    903.8836   592313         
   4217  3433     1395.5235   301                    903.8836   671900         
   4571  3601     1276.3807   461                    903.8836   696229         
   4953  3959     1234.9010   332                    903.8836   744282         
   5372  4636     1064.4527   443                    903.8836   832375         
Elapsed time = 169.29 sec. (41188.64 ticks, tree = 848.22 MB, solutions = 0)
   5860  4904    infeasible                          903.8836   856555         
   6378  5441     1049.8525   471                    903.8836   924685         
   6957  5940    infeasible                          903.8836   965797         
   7551  5768     1426.6689    65                    903.8836   952541         
   8188  6365     1432.1054   304                    903.8836  1014216         
   8980  7588     1553.9310   184                    903.8836  1122653         
   9854  8109     1492.4216   164                    903.8836  1162655         
  10831  8329     1189.0897   411                    903.8836  1177191         
  11714  9395     1582.4674    59                    903.8836  1238510         
* 11752+ 8641                         1581.6106      903.8836            42.85%
  12592  9139     1525.9647   186     1581.6106      903.8836  1217891   42.85%
Elapsed time = 218.28 sec. (50745.69 ticks, tree = 1954.87 MB, solutions = 1)
  13241  9198     1442.1248   151     1581.6106      903.8836  1274133   42.85%
* 13297+ 9502                         1556.8276      903.8836            41.94%
* 13313+ 9500                         1537.8372      903.8836            41.22%
  13457  9342      910.5891   606     1537.8372      903.8836  1297151   41.22%

Performing restart 1

Repeating presolve.
Tried aggregator 1 time.
MIP Presolve eliminated 17 rows and 134 columns.
MIP Presolve modified 480 coefficients.
Reduced MIP has 27584 rows, 29566 columns, and 127399 nonzeros.
Reduced MIP has 15225 binaries, 14341 generals, 0 SOSs, and 0 indicators.
Presolve time = 0.12 sec. (58.84 ticks)
Tried aggregator 1 time.
MIP Presolve eliminated 26 rows and 126 columns.
Reduced MIP has 27558 rows, 29440 columns, and 127033 nonzeros.
Reduced MIP has 15125 binaries, 14315 generals, 0 SOSs, and 0 indicators.
Presolve time = 0.16 sec. (80.93 ticks)
Represolve time = 9.77 sec. (301.71 ticks)
* 13458+    0                         1488.9620      903.8836            39.29%
  13458     0      940.9152   725     1488.9620     Cuts: 679  1394161   36.81%
  13458     0      953.0506   738     1488.9620     Cuts: 529  1396034   35.99%
  13458     0      966.0773   800     1488.9620     Cuts: 316  1398107   35.12%
* 13458+    0                         1465.5997      966.0773            34.08%
* 13458+    0                         1443.7873      966.0773            33.09%
* 13458+    0                         1441.6964      966.0773            32.99%
* 13458+    0                         1441.6895      966.0773            32.99%
* 13458+    0                         1441.0666      966.0773            32.96%
  13458     0  -1.00000e+75     0     1441.0666      966.0773  1398107   32.96%
  13458     0      978.6743   836     1441.0666     Cuts: 572  1400798   32.09%
  13458     0      990.4346   851     1441.0666    Cuts: 1209  1403392   31.27%
  13458     0      996.8257   919     1441.0666     Cuts: 252  1404899   30.83%
  13458     0      999.6795   904     1441.0666     Cuts: 258  1406093   30.63%
  13458     0     1006.4541   907     1441.0666     Cuts: 186  1407101   30.16%
  13458     0     1009.6486   870     1441.0666     Cuts: 329  1408337   29.94%
  13458     0     1011.8962   897     1441.0666     Cuts: 460  1409377   29.78%
  13458     0     1014.4349   964     1441.0666     Cuts: 220  1410093   29.61%
  13458     0     1015.9155   953     1441.0666     Cuts: 233  1410757   29.50%
  13458     0     1016.5158   974     1441.0666     Cuts: 210  1411294   29.46%
  13458     0     1016.7387   974     1441.0666     Cuts: 267  1411555   29.45%
  13458     0     1017.0616   983     1441.0666     Cuts: 159  1412034   29.42%
  13458     0     1017.2738   986     1441.0666     Cuts: 154  1412542   29.41%
  13458     0     1017.4012   997     1441.0666     Cuts: 195  1412757   29.40%
  13458     0     1017.5506   984     1441.0666      Cuts: 80  1412973   29.39%
  13458     0     1017.6499   985     1441.0666      Cuts: 50  1413184   29.38%
  13458     0     1017.7039   990     1441.0666      Cuts: 56  1413306   29.38%
  13458     0     1017.7994   994     1441.0666      Cuts: 31  1413416   29.37%
  13458     0     1017.8513   976     1441.0666      Cuts: 33  1413513   29.37%
  13458     0     1017.9368   980     1441.0666      Cuts: 35  1413611   29.36%
  13458     2     1017.9464   975     1441.0666     1017.9368  1413611   29.36%
  13459     3     1019.2752   886     1441.0666     1019.3324  1415221   29.27%
  13460     4     1019.8717   875     1441.0666     1019.9585  1416041   29.22%
  13461     5     1022.1837   930     1441.0666     1019.9585  1417233   29.22%
  13462     3     1024.9716   843     1441.0666     1019.9585  1417958   29.22%
  13463     6     1022.9704   934     1441.0666     1019.9585  1417417   29.22%
  13464     4     1029.4593   897     1441.0666     1019.9585  1417583   29.22%
  13465     5     1021.6717   935     1441.0666     1019.9585  1417585   29.22%
Elapsed time = 523.34 sec. (226286.46 ticks, tree = 0.02 MB, solutions = 9)
  13467     6     1026.7691   899     1441.0666     1019.9585  1417630   29.22%
  13468     8     1029.5713   849     1441.0666     1019.9585  1423771   29.22%
  13471    11     1032.0957   886     1441.0666     1021.6806  1433294   29.10%
  13475    11     1043.0313   876     1441.0666     1022.2414  1432164   29.06%
  13476     9     1035.0727   923     1441.0666     1022.2414  1429786   29.06%
  13479    12     1043.2985   833     1441.0666     1022.2414  1433068   29.06%
  13481    18     1043.0600   895     1441.0666     1022.2414  1452560   29.06%
  13483    20     1051.2970   880     1441.0666     1022.4018  1466542   29.05%
  13485    17     1046.0716   879     1441.0666     1022.4018  1452916   29.05%
  13486    19     1037.4826   942     1441.0666     1022.4018  1457018   29.05%
Elapsed time = 617.21 sec. (248573.20 ticks, tree = 0.25 MB, solutions = 9)
  13491    16     1036.2313   913     1441.0666     1022.4018  1448224   29.05%
  13495    17     1041.1985   917     1441.0666     1026.7699  1453370   28.75%
  13497    22     1048.2053   925     1441.0666     1026.7796  1472777   28.75%
  13499    24     1036.3255   929     1441.0666     1029.5737  1481401   28.55%
  13502    29     1046.2861   864     1441.0666     1029.5737  1539056   28.55%
  13504    33     1034.3801   947     1441.0666     1029.5737  1574968   28.55%
  13505    32     1043.1097   900     1441.0666     1029.5737  1564428   28.55%
  13506    31     1042.8410   962     1441.0666     1029.5737  1555058   28.55%
  13509    25     1044.2378   905     1441.0666     1033.8328  1494180   28.26%
* 13514+   21                         1403.5267     1033.8328            26.34%
  13514    38     1042.3416   905     1403.5267     1033.8328  1617272   26.34%
Elapsed time = 715.16 sec. (261506.31 ticks, tree = 0.03 MB, solutions = 9)
* 13517+   27                         1392.4395     1033.8328            25.75%
  13517    43     1037.3993   912     1392.4395     1033.8328  1668718   25.75%
  13518    49     1043.2928   858     1392.4395     1033.8376  1715835   25.75%
* 13521+   27                         1387.0592     1033.8376            25.47%
  13524    47     1039.0396   948     1387.0592     1033.8376  1697983   25.47%
  13528    53     1044.4329   906     1387.0592     1033.8376  1757257   25.47%
  13529    26     1045.4219   917     1387.0592     1033.8376  1502584   25.47%
  13535    55     1038.9445   952     1387.0592     1033.8376  1780233   25.47%
  13539    59     1038.1645   913     1387.0592     1033.8376  1816081   25.47%
* 13541+   19                         1386.5036     1033.8376            25.44%
  13543    21     1055.6501   894     1386.5036     1033.8376  1469869   25.44%
  13547    55     1048.9475   949     1386.5036     1033.8376  1791173   25.44%
  13551    30     1039.4383   975     1386.5036     1033.8376  1547046   25.44%
Elapsed time = 793.70 sec. (274063.76 ticks, tree = 0.02 MB, solutions = 30)
  13559    73     1054.1458   819     1386.5036     1033.8376  1922445   25.44%
  13564    64     1050.4407   927     1386.5036     1033.8376  1842774   25.44%
  13570    63     1048.1912   958     1386.5036     1034.3981  1832147   25.40%
  13580    79     1041.4202   945     1386.5036     1034.3981  1997045   25.40%
  13583    59     1045.6211   909     1386.5036     1034.3981  1811864   25.40%
  13594    71     1061.4358   842     1386.5036     1034.3981  1891298   25.40%
  13601    76     1049.4825   843     1386.5036     1034.3981  1953011   25.40%
  13607    82     1040.6073   959     1386.5036     1034.3981  2023905   25.40%
  13613    95     1069.1396   856     1386.5036     1034.3981  2064479   25.40%
  13615   102     1047.8920   918     1386.5036     1034.3981  2073233   25.40%
Elapsed time = 886.88 sec. (286209.57 ticks, tree = 0.50 MB, solutions = 35)
  13624   115     1039.2498   927     1386.5036     1034.3981  2101263   25.40%
  13630   105     1052.8588   956     1386.5036     1034.3981  2086730   25.40%
  13636   118     1066.7451   901     1386.5036     1034.3981  2104172   25.40%
  13641   128     1061.5871   848     1386.5036     1034.3981  2114208   25.40%
  13646   110     1039.8757   932     1386.5036     1034.3981  2091142   25.40%
  13655   122     1057.5985   873     1386.5036     1034.3981  2107951   25.40%
  13661   156     1054.2209   887     1386.5036     1034.3981  2143819   25.40%
  13667   151     1065.2957   897     1386.5036     1034.3981  2138003   25.40%
  13673   126     1057.1349   824     1386.5036     1034.3981  2114959   25.40%
  13694   146     1057.1136   938     1386.5036     1034.3981  2135349   25.40%
Elapsed time = 991.56 sec. (300408.02 ticks, tree = 0.53 MB, solutions = 35)
  13718   155     1077.2772   737     1386.5036     1034.3981  2144298   25.40%
  13751   228     1069.2185   904     1386.5036     1034.3981  2324894   25.40%
  13784   254     1077.2265   817     1386.5036     1034.3981  2366505   25.40%
  13816   293     1043.6178   929     1386.5036     1034.3981  2407885   25.40%
  13858   311     1074.6970   842     1386.5036     1034.3981  2423184   25.40%
  13943   348     1111.5281   787     1386.5036     1034.3981  2473044   25.40%
  14038   334     1092.5565   769     1386.5036     1034.3981  2444668   25.40%
  14151   403     1083.7123   748     1386.5036     1034.3981  2518313   25.40%
  14248   368     1097.0858   681     1386.5036     1034.3981  2493745   25.40%
  14389   536     1055.4290   936     1386.5036     1034.3981  2573419   25.40%
Elapsed time = 1255.91 sec. (339538.39 ticks, tree = 30.54 MB, solutions = 35)
  14625   471     1101.5925   680     1386.5036     1034.3981  2541146   25.40%
  14874   928     1128.4606   657     1386.5036     1034.3981  2695547   25.40%
  15159   870     1103.3199   663     1386.5036     1034.3981  2677213   25.40%
  15424  1325     1073.6373   901     1386.5036     1034.3981  2803548   25.40%
  15740  1551     1125.1812   808     1386.5036     1034.3981  2843422   25.40%
  16101  1348     1091.7163   886     1386.5036     1034.3981  2807542   25.40%
  16536  1439     1136.1448   489     1386.5036     1034.3981  2820573   25.40%
* 16756+ 1955                         1385.3061     1034.3981            25.33%
  17082  2602     1153.2241   671     1385.3061     1034.3981  3020638   25.33%
  17505  2836     1164.3753   493     1385.3061     1034.3981  3049848   25.33%
* 17580+ 1782                         1385.3061     1034.3981            25.33%
  17986  3373     1242.3020   750     1385.3061     1034.3981  3125315   25.33%
Elapsed time = 1506.23 sec. (377757.99 ticks, tree = 429.26 MB, solutions = 39)
* 18116+ 3074                         1353.7672     1034.3981            23.59%
* 18157+ 3074                         1316.4344     1034.3981            21.42%
* 18212+ 3074                         1315.6590     1034.3981            21.38%
  18517  2939     1253.3955   655     1315.6590     1034.3981  3058437   21.38%
  19068  4025     1170.3962   506     1315.6590     1034.3981  3249439   21.38%
  19658  3639     1242.3957   430     1315.6590     1034.3981  3180000   21.38%
  20114  4649     1044.3703   955     1315.6590     1034.3981  3342608   21.38%
  20544  5651     1241.4986   567     1315.6590     1034.3981  3485474   21.38%
  20865  6083     1259.9894   568     1315.6590     1034.3981  3583726   21.38%
  21147  6218     1090.5162   887     1315.6590     1034.3981  3621621   21.38%
  21415  5950     1083.2624   861     1315.6590     1034.3981  3572399   21.38%
  21814  6923     1143.6226   788     1315.6590     1037.4159  3778935   21.15%
  22347  7109     1169.1627   558     1315.6590     1037.4159  3802332   21.15%
Elapsed time = 1765.35 sec. (415982.81 ticks, tree = 1296.12 MB, solutions = 42)
  22826  7455     1200.5280   857     1315.6590     1037.4159  3885554   21.15%
  23454  7467     1299.8930   580     1315.6590     1037.7154  3893332   21.13%
  24019  8170     1213.3290   510     1315.6590     1038.3912  4011191   21.07%
  24562  8942     1114.6720   862     1315.6590     1038.3912  4145369   21.07%
  24967  9103     1075.2682   902     1315.6590     1038.3912  4175739   21.07%
  25669 10400     1191.9607   510     1315.6590     1038.3912  4409333   21.07%
  26134 10254     1126.6164   865     1315.6590     1038.3912  4382971   21.07%
  26534 11345     1226.3994   761     1315.6590     1038.3912  4531575   21.07%
* 27073+12007                         1314.6777     1038.3912            21.02%
  27141 11668     1125.8124   728     1314.6777     1038.3912  4589269   21.02%
  27668 11852     1087.3429   804     1314.6777     1038.9048  4620580   20.98%
Elapsed time = 2034.54 sec. (454185.64 ticks, tree = 2278.85 MB, solutions = 43)
Nodefile size = 225.85 MB (153.18 MB after compression)
  28436 12186     1302.5728   502     1314.6777     1038.9048  4692315   20.98%
  29170 13156     1075.1971   916     1314.6777     1039.7527  4843025   20.91%
  29818 13046     1087.2107   825     1314.6777     1039.7527  4827017   20.91%
  30306 13734     1137.7415   722     1314.6777     1040.7042  4917792   20.84%
  31007 15465     1082.5405   780     1314.6777     1040.7042  5134865   20.84%
  31729 15387     1151.0651   744     1314.6777     1041.1335  5127762   20.81%
  32456 15522     1229.2121   728     1314.6777     1041.1335  5140474   20.81%
  33153 16338     1245.4214   799     1314.6777     1041.1335  5242168   20.81%
  33576 16777     1243.0634   731     1314.6777     1043.2979  5315301   20.64%
  34090 18638     1050.8989   888     1314.6777     1043.2979  5553022   20.64%
Elapsed time = 2313.41 sec. (492368.90 ticks, tree = 3578.08 MB, solutions = 43)
Nodefile size = 1525.48 MB (1038.04 MB after compression)
  34660 19069     1071.6387   937     1314.6777     1043.5845  5627820   20.62%
  35296 19532     1083.8773   938     1314.6777     1044.1281  5677214   20.58%
  35968 20247     1222.5030   676     1314.6777     1044.2254  5779855   20.57%
  36814 19705    infeasible           1314.6777     1044.2254  5701281   20.57%
  37428 20452     1205.7395   890     1314.6777     1044.2254  5803153   20.57%
  37949 21280     1283.9937   775     1314.6777     1044.2254  5908699   20.57%
  38481 22389     1286.4184   605     1314.6777     1044.2254  6043300   20.57%
  38950 22459     1091.9966   884     1314.6777     1044.3288  6059329   20.56%
* 39320+22132                         1306.3489     1044.3288            20.06%
  39509 23581     1247.3364   862     1306.3489     1044.8818  6244813   20.02%
* 39594+22132                         1296.0210     1044.8818            19.38%
* 39724+22132                         1276.3348     1044.8818            18.13%
* 39877+23504                         1229.4327     1044.8818            15.01%
  40058 23019     1094.3795   785     1229.4327     1044.8818  6184683   15.01%
Elapsed time = 2592.00 sec. (530580.37 ticks, tree = 4217.03 MB, solutions = 47)
Nodefile size = 2160.72 MB (1469.18 MB after compression)
  40711 23789     1235.1010   635     1229.4327     1044.8818  6267465   15.01%
* 40981+23955                         1218.0009     1044.8818            14.21%
* 41050+23955                         1215.5237     1044.8818            14.04%
* 41165+23955                         1211.0170     1045.1845            13.69%
* 41202+23955                         1210.5880     1045.1845            13.66%
  41223 18953     1150.5123   712     1210.5880     1045.1845  6359440   13.66%
  41584 19357     1114.5841   712     1210.5880     1045.1845  6456267   13.66%
* 41829+17738                         1210.0745     1045.1845            13.63%
  42065 18292     1097.4134   829     1210.0745     1045.1845  6679085   13.63%
  42584 17937     1106.8173   877     1210.0745     1045.1845  6610387   13.63%
  43139 19004     1090.2851   859     1210.0745     1045.2394  6819407   13.62%
* 43281+18473                         1209.9869     1045.2394            13.62%
* 43400+19397                         1207.2352     1046.1550            13.34%
  43588 19432     1097.1110   908     1207.2352     1046.1550  6896149   13.34%
* 43768+18645                         1207.2352     1046.1550            13.34%
  44166 19758     1102.2475   859     1207.2352     1046.1697  6944401   13.34%
  44705 19832     1095.3879   820     1207.2352     1046.1697  6969067   13.34%
* 44870+19610                         1207.1904     1046.1697            13.34%
  44978 20228     1107.3690   812     1207.1904     1046.1697  7026984   13.34%
Elapsed time = 2864.67 sec. (568823.19 ticks, tree = 3775.60 MB, solutions = 66)
Nodefile size = 1715.38 MB (1177.59 MB after compression)
* 45632+19641                         1207.0475     1046.1697            13.33%
  45654 20814     1144.2935   865     1207.0475     1046.1697  7104575   13.33%
  46074 21045     1067.8184   922     1207.0475     1046.4258  7147154   13.31%
  46385 21410     1159.1281   799     1207.0475     1046.4258  7211196   13.31%
* 46546+21115                         1207.0475     1046.4571            13.30%
* 46637+20830                         1204.6119     1046.4571            13.13%
  46758 21473     1124.9092   899     1204.6119     1046.4571  7221170   13.13%
* 47137+22297                         1202.9865     1046.4571            13.01%
* 47210+22533                         1202.9865     1046.4571            13.01%
  47268 21754     1058.1322   880     1202.9865     1046.4571  7262062   13.01%
  47850 22515     1113.8405   860     1202.9865     1047.2837  7464125   12.94%
  48345 23010        cutoff           1202.9865     1047.4597  7534170   12.93%
* 48530+23380                         1202.8436     1047.4876            12.92%
  48701 23111     1087.4359   832     1202.8436     1047.4876  7543615   12.92%
  49113 23245     1082.1252   883     1202.8436     1047.4876  7572885   12.92%
  49475 23771     1085.0406   840     1202.8436     1047.4876  7661038   12.92%
Elapsed time = 3142.00 sec. (607010.04 ticks, tree = 4317.55 MB, solutions = 78)
Nodefile size = 2250.68 MB (1547.67 MB after compression)
* 49834+23321                         1202.5591     1047.4876            12.90%
  49945 24917     1107.1682   802     1202.5591     1047.4876  7856490   12.90%
* 50062+24949                         1200.6114     1047.4876            12.75%
  50332 24863     1181.9576   656     1200.6114     1047.4876  7878005   12.75%
  50786 24931     1098.7199   839     1200.6114     1048.4439  7892662   12.67%
  51178 24879     1085.3235   855     1200.6114     1048.4439  7884049   12.67%
  51608 25614     1089.0241   861     1200.6114     1048.4439  8005820   12.67%
  51979 26267     1093.9120   873     1200.6114     1048.4919  8104318   12.67%
  52444 26655     1154.3231   681     1200.6114     1048.4919  8174303   12.67%
  53010 26949     1082.2281   889     1200.6114     1048.5607  8246415   12.66%
  53566 27734     1169.5156   782     1200.6114     1048.5607  8396057   12.66%
  53985 27921     1063.6773   971     1200.6114     1048.5607  8415287   12.66%
Elapsed time = 3418.23 sec. (645281.18 ticks, tree = 4966.24 MB, solutions = 81)
Nodefile size = 2910.25 MB (2008.97 MB after compression)
  54433 28549     1173.2205   865     1200.6114     1048.7754  8487020   12.65%
  54906 29198     1124.8687   799     1200.6114     1048.8570  8583734   12.64%
  55438 28730     1078.3180   879     1200.6114     1048.8570  8516880   12.64%
  55780 29990     1130.5758   913     1200.6114     1049.3766  8741933   12.60%
  56267 29831     1155.7627   670     1200.6114     1049.5221  8714046   12.58%
  56845 30675     1086.7722   866     1200.6114     1049.5221  8845555   12.58%
  57574 31398     1115.9212   860     1200.6114     1049.7047  8966723   12.57%
  58011 31252     1080.2373   855     1200.6114     1049.7047  8941188   12.57%
  58549 32345     1084.4304   927     1200.6114     1049.9585  9108907   12.55%
  59085 32391     1088.2960   903     1200.6114     1049.9585  9111353   12.55%
Elapsed time = 3703.38 sec. (683511.60 ticks, tree = 5967.03 MB, solutions = 81)
Nodefile size = 3898.33 MB (2694.41 MB after compression)
  59548 33186     1112.3371   892     1200.6114     1050.2818  9232565   12.52%
  60028 33158     1085.1396   958     1200.6114     1050.2818  9218031   12.52%
  60503 33592     1085.0597   833     1200.6114     1050.2818  9283968   12.52%
  60787 34520     1105.7213   922     1200.6114     1050.2818  9446593   12.52%
  61332 34327     1118.4838   856     1200.6114     1050.4716  9406023   12.51%
  61958 34574     1125.1056   837     1200.6114     1050.8100  9451619   12.48%
  62345 35593     1098.4608   917     1200.6114     1050.8100  9624927   12.48%
  62692 35859     1083.0283   885     1200.6114     1050.8100  9677533   12.48%
  63091 36632     1135.6698   714     1200.6114     1050.9499  9792562   12.47%
  63638 37551     1118.8776   836     1200.6114     1050.9499  9958889   12.47%
Elapsed time = 3985.81 sec. (721744.04 ticks, tree = 6606.78 MB, solutions = 81)
Nodefile size = 4545.69 MB (3140.33 MB after compression)
  64116 37429     1082.5903   926     1200.6114     1050.9499  9938942   12.47%
* 64286+37718                         1195.4753     1050.9499            12.09%
* 64345+37718                         1190.0668     1050.9499            11.69%
  64354 37474     1087.2090   882     1190.0668     1050.9499  9941557   11.69%
* 64412+37718                         1189.3173     1050.9499            11.63%
* 64429+37718                         1189.1682     1050.9499            11.62%
* 64636+37718                         1187.2424     1050.9748            11.48%
  64652 38661     1107.1544   821     1187.2424     1050.9748 10149992   11.48%
* 64704+37909                         1174.4017     1050.9748            10.51%
* 64791+37801                         1172.5405     1050.9748            10.37%
  64880 38590     1093.1676   837     1172.5405     1050.9748 10137431   10.37%
  65237 38764     1086.3567   893     1172.5405     1050.9748 10173607   10.37%
  65504 38731     1089.8949   889     1172.5405     1050.9748 10183407   10.37%
  65881 38663     1119.3570   942     1172.5405     1051.2974 10246621   10.34%
  66626 37246     1106.7185   883     1172.5405     1051.6149 10361820   10.31%
  67266 36889     1114.6058   808     1172.5405     1051.6149 10304832   10.31%
  67805 37855     1093.5960   745     1172.5405     1051.6342 10460204   10.31%
Elapsed time = 4250.32 sec. (760022.80 ticks, tree = 6735.44 MB, solutions = 122)
Nodefile size = 4659.86 MB (3240.53 MB after compression)
  68294 38238     1086.8907   857     1172.5405     1051.6342 10522334   10.31%
  68816 38105     1088.8958   908     1172.5405     1051.6342 10512458   10.31%
  69385 38708     1102.3356   926     1172.5405     1052.0031 10612446   10.28%
  70080 40158     1095.6329   830     1172.5405     1052.1180 10802084   10.27%
  70429 40865     1071.6610   936     1172.5405     1052.5087 10885770   10.24%
  70703 41389     1095.3045   919     1172.5405     1052.7751 10972579   10.21%
  71099 41108     1080.9343   927     1172.5405     1052.9096 10915411   10.20%
  71580 42479     1087.3653   900     1172.5405     1052.9250 11159487   10.20%
  72171 42438     1089.1807   887     1172.5405     1052.9250 11154739   10.20%
  72650 43148     1164.0300   335     1172.5405     1052.9250 11314447   10.20%
Elapsed time = 4530.76 sec. (798257.53 ticks, tree = 7392.83 MB, solutions = 122)
Nodefile size = 5329.97 MB (3699.47 MB after compression)
  73129 42750     1166.8315   269     1172.5405     1052.9250 11181830   10.20%
  73536 43191     1166.7232   312     1172.5405     1052.9250 11317497   10.20%
  73920 44250     1099.3500   913     1172.5405     1052.9250 11474381   10.20%
  74416 44903     1123.7175   861     1172.5405     1052.9250 11561455   10.20%
  74974 45226     1105.5837   795     1172.5405     1053.1981 11631307   10.18%
  75562 45674     1089.5124   875     1172.5405     1053.1981 11691841   10.18%
  75991 45642     1141.6320   660     1172.5405     1053.6162 11688328   10.14%
  76486 46589     1101.1319   883     1172.5405     1053.9790 11878046   10.11%
  77068 46137     1087.9293   952     1172.5405     1054.0010 11798939   10.11%
  77586 46783     1086.2274   939     1172.5405     1054.1978 11898565   10.09%
Elapsed time = 4819.95 sec. (836484.89 ticks, tree = 8248.81 MB, solutions = 122)
Nodefile size = 6178.18 MB (4293.48 MB after compression)
  78070 47719     1092.4943  1020     1172.5405     1054.1978 12039395   10.09%
  78469 48173     1093.0174   929     1172.5405     1054.1978 12083254   10.09%
  78883 48359     1103.1309   953     1172.5405     1054.1978 12144476   10.09%
  79173 48374     1114.7223   821     1172.5405     1054.1978 12157474   10.09%
  79489 49183     1101.5714   867     1172.5405     1054.3134 12286778   10.08%
  79833 50282     1115.9792   920     1172.5405     1054.3134 12453538   10.08%
  80247 50729     1086.1897   847     1172.5405     1054.3134 12553268   10.08%
  80715 50461     1137.1200   582     1172.5405     1054.3134 12478586   10.08%
  81144 50871     1091.3936   824     1172.5405     1054.3134 12604265   10.08%
  81718 51701     1161.5265   297     1172.5405     1054.3134 12746878   10.08%
Elapsed time = 5095.89 sec. (874746.90 ticks, tree = 9083.79 MB, solutions = 122)
Nodefile size = 7024.14 MB (4888.32 MB after compression)
  82129 52077     1146.7416   620     1172.5405     1054.3134 12842713   10.08%
  82478 51065     1129.0982   746     1172.5405     1054.6740 12644889   10.05%
  83073 52560     1143.0243   676     1172.5405     1054.6740 12924267   10.05%
  83544 53398     1136.4460   668     1172.5405     1054.6740 13055825   10.05%
  83934 53060     1162.7053   455     1172.5405     1054.9777 13018290   10.03%
  84406 54208     1138.2655   829     1172.5405     1054.9777 13201186   10.03%
  84863 53812     1109.3968   883     1172.5405     1054.9777 13121608   10.03%
  85607 54299     1099.5948   852     1172.5405     1054.9777 13215700   10.03%
  86000 55471     1075.5872   853     1172.5405     1055.1484 13444387   10.01%
  86519 55665     1087.0640   844     1172.5405     1055.1484 13468223   10.01%
Elapsed time = 5389.48 sec. (912990.14 ticks, tree = 9905.26 MB, solutions = 122)
Nodefile size = 7845.67 MB (5466.87 MB after compression)
  87176 56309     1147.8004   857     1172.5405     1055.1484 13553586   10.01%
  87630 55845     1143.6699   670     1172.5405     1055.1484 13482187   10.01%
  88102 57259     1083.1801   903     1172.5405     1055.6728 13697870    9.97%
  88660 57680     1146.9297   841     1172.5405     1055.6728 13774524    9.97%
  89124 56799     1102.3639   950     1172.5405     1055.6728 13629427    9.97%
  89544 58388     1100.6649   886     1172.5405     1055.6728 13892785    9.97%
  90082 58001     1132.2141   843     1172.5405     1056.1203 13821599    9.93%
  90786 59771     1089.0972   842     1172.5405     1056.1902 14127449    9.92%
  91274 60319     1107.4096   888     1172.5405     1056.3056 14204735    9.91%
  91675 60635     1063.2585   930     1172.5405     1056.3971 14265390    9.91%
Elapsed time = 5670.96 sec. (951226.26 ticks, tree = 11103.06 MB, solutions = 122)
Nodefile size = 9042.27 MB (6325.18 MB after compression)
  92040 60110     1106.2434   921     1172.5405     1056.3971 14177314    9.91%
  92492 60406     1084.6739   936     1172.5405     1056.4486 14237040    9.90%
  93201 60590     1154.9687   859     1172.5405     1056.4705 14264252    9.90%
  93682 62223     1139.0727   866     1172.5405     1056.6186 14533749    9.89%
  94102 61552     1109.4412   924     1172.5405     1056.6186 14398330    9.89%
  94558 62827     1108.5841   877     1172.5405     1056.8062 14632122    9.87%
  94936 63112     1112.0256   910     1172.5405     1056.8062 14689335    9.87%
  95412 63147     1118.1029   861     1172.5405     1056.8062 14691780    9.87%
  95907 63610     1118.6157   867     1172.5405     1056.8949 14762388    9.86%
  96347 65046     1109.2997   926     1172.5405     1056.8949 15016663    9.86%
Elapsed time = 5948.13 sec. (989437.34 ticks, tree = 11750.99 MB, solutions = 122)
Nodefile size = 9676.68 MB (6775.83 MB after compression)
  96798 64223     1111.2310   935     1172.5405     1056.8949 14860510    9.86%
  97236 65775     1115.4717   805     1172.5405     1056.8949 15154995    9.86%
  97777 65121        cutoff           1172.5405     1056.9476 15045092    9.86%
  98080 66052     1118.9561   833     1172.5405     1056.9476 15235696    9.86%
  98554 65919     1096.7996   921     1172.5405     1057.2209 15212663    9.84%
  99093 67183     1130.3588   868     1172.5405     1057.2917 15404746    9.83%
  99510 67645     1169.6211   803     1172.5405     1057.3299 15502112    9.83%
  99996 68682     1133.8712   859     1172.5405     1057.4675 15674762    9.81%
 100398 67749     1117.8613   873     1172.5405     1057.4675 15530696    9.81%
 100981 69762     1083.2614   935     1172.5405     1057.5082 15860194    9.81%
Elapsed time = 6242.10 sec. (1027681.20 ticks, tree = 12672.28 MB, solutions = 122)
Nodefile size = 10606.78 MB (7433.73 MB after compression)
 101609 70320     1109.4521   920     1172.5405     1057.5082 15974912    9.81%
 101942 68870     1147.9898   784     1172.5405     1057.5496 15707921    9.81%
 102371 70487     1114.0270   844     1172.5405     1057.5496 16003576    9.81%
 102793 71374     1139.0151   782     1172.5405     1057.6739 16141376    9.80%
 103261 72097     1097.0558   949     1172.5405     1057.6739 16249395    9.80%
 103753 70604     1124.5007   883     1172.5405     1057.6933 16036385    9.79%
 104351 72143     1106.6099   884     1172.5405     1057.6933 16254475    9.79%
 104690 72502     1108.6447   828     1172.5405     1057.6933 16365970    9.79%
 105129 72166     1109.9416   905     1172.5405     1058.0871 16285967    9.76%
 105585 72441     1079.4257   886     1172.5405     1058.0871 16362803    9.76%
Elapsed time = 6535.36 sec. (1065922.59 ticks, tree = 13325.38 MB, solutions = 122)
Nodefile size = 11257.29 MB (7900.34 MB after compression)
 106073 72801     1113.3282   870     1172.5405     1058.1535 16433289    9.76%
 106435 74567     1091.3447   919     1172.5405     1058.2144 16727519    9.75%
 106747 75311     1101.4959   877     1172.5405     1058.2144 16855927    9.75%
 107147 75155     1134.9689   870     1172.5405     1058.2144 16833485    9.75%
 107563 75527     1139.9554   853     1172.5405     1058.2144 16889613    9.75%
 107891 74532     1146.2415   868     1172.5405     1058.2144 16707397    9.75%
 108268 75787     1111.4656   884     1172.5405     1058.4789 16944274    9.73%
 108557 76929     1150.6139   781     1172.5405     1058.4789 17176566    9.73%
 108850 76793     1078.6016   911     1172.5405     1058.5069 17152697    9.73%
 109121 77628     1070.6161   854     1172.5405     1058.5069 17303781    9.73%
Elapsed time = 6807.35 sec. (1104179.94 ticks, tree = 14064.79 MB, solutions = 122)
Nodefile size = 12003.20 MB (8416.65 MB after compression)
 109449 78022     1100.0645   826     1172.5405     1058.5391 17392938    9.72%
 109842 78134     1151.0297   813     1172.5405     1058.5391 17445991    9.72%
 110299 78224     1120.9920   847     1172.5405     1058.5391 17462768    9.72%
 110854 78153     1092.0014   867     1172.5405     1058.6260 17399688    9.72%
 111152 78383     1155.3344   782     1172.5405     1058.6260 17503277    9.72%
 111487 78537     1080.6647   821     1172.5405     1058.8883 17540130    9.69%
 111936 79245     1103.5930   853     1172.5405     1058.8953 17667416    9.69%
 112380 79940     1084.0398   918     1172.5405     1058.9768 17800599    9.69%
 112849 80219     1113.1470   884     1172.5405     1058.9768 17879189    9.69%
 113276 80629     1103.8419   896     1172.5405     1059.0605 17955561    9.68%
Elapsed time = 7089.55 sec. (1142379.25 ticks, tree = 14722.52 MB, solutions = 122)
Nodefile size = 12654.76 MB (8879.41 MB after compression)
 113703 81240     1161.4561   746     1172.5405     1059.0605 18067646    9.68%
 114026 80995     1146.4246   713     1172.5405     1059.0605 18032207    9.68%
 114319 79963     1146.0407   755     1172.5405     1059.0605 17824014    9.68%
 114630 81180     1117.6189   831     1172.5405     1059.0605 18046844    9.68%
 114864 81521     1097.6136   968     1172.5405     1059.0605 18129783    9.68%
 114951 81476     1099.6491   924     1172.5405     1059.0605 18112649    9.68%

Performing restart 2

Repeating presolve.
Tried aggregator 1 time.
MIP Presolve eliminated 28 rows and 215 columns.
MIP Presolve modified 454 coefficients.
Reduced MIP has 27530 rows, 29225 columns, and 126218 nonzeros.
Reduced MIP has 14936 binaries, 14289 generals, 0 SOSs, and 0 indicators.
Presolve time = 0.12 sec. (57.69 ticks)
Tried aggregator 1 time.
MIP Presolve eliminated 43 rows and 61 columns.
Reduced MIP has 27487 rows, 29164 columns, and 126042 nonzeros.
Reduced MIP has 14918 binaries, 14246 generals, 0 SOSs, and 0 indicators.
Presolve time = 0.19 sec. (79.77 ticks)
Represolve time = 13.61 sec. (946.06 ticks)
 114964     0     1032.3025  1051     1172.5405     Cuts: 371 18615172    9.67%
 114964     0     1032.7216  1024     1172.5405      Cuts: 93 18615526    9.67%
 114964     0     1033.0315  1051     1172.5405     Cuts: 271 18615860    9.67%
 114964     0     1033.2019  1033     1172.5405      Cuts: 82 18616129    9.67%
 114964     0     1033.3445  1066     1172.5405     Cuts: 137 18616373    9.67%
 114964     0     1033.6180  1046     1172.5405     Cuts: 170 18616654    9.67%
 114964     0     1033.7293  1058     1172.5405     Cuts: 209 18616845    9.67%
 114964     0     1034.0310  1029     1172.5405     Cuts: 147 18617254    9.67%
 114964     0     1034.1596  1048     1172.5405     Cuts: 147 18617422    9.67%
 114964     0     1034.3351  1001     1172.5405      Cuts: 61 18617724    9.67%
 114964     0     1034.9360  1047     1172.5405     Cuts: 215 18618276    9.67%
 114964     2     1034.9439  1055     1172.5405     1059.2082 18618276    9.67%
 114965     3     1037.3322   994     1172.5405     1059.2082 18619487    9.67%
 114966     4     1039.3161   971     1172.5405     1059.2082 18620267    9.67%
 114967     5     1046.0334   926     1172.5405     1059.2082 18621539    9.67%
Elapsed time = 7625.62 sec. (1346313.59 ticks, tree = 0.03 MB, solutions = 122)
 114969     6     1071.3254   841     1172.5405     1059.2082 18622833    9.67%
 114972     5     1046.9373   924     1172.5405     1059.2082 18621695    9.67%
 114975     8     1072.3603   934     1172.5405     1059.2082 18626716    9.67%
 114978     9     1052.6345   999     1172.5405     1059.2082 18627656    9.67%
 114983    15     1053.1165   963     1172.5405     1059.2082 18644620    9.67%
 114992    16     1074.2616   943     1172.5405     1059.2082 18651116    9.67%
 115026    54     1077.3038   949     1172.5405     1059.2082 18778679    9.67%
 115091    65     1108.7307   868     1172.5405     1059.2082 18793992    9.67%
 115146    30     1108.7724   789     1172.5405     1059.2082 18718295    9.67%
 115216   188     1089.8735   880     1172.5405     1059.2082 18916290    9.67%
Elapsed time = 7826.61 sec. (1392181.69 ticks, tree = 1.05 MB, solutions = 122)
 115283   224     1109.7292   824     1172.5405     1059.2082 18951257    9.67%
 115393   368     1127.4439   837     1172.5405     1059.2082 19075722    9.67%
 115565   337     1091.7811   880     1172.5405     1059.2082 19061389    9.67%
 115807   559     1153.1234   775     1172.5405     1059.2082 19126083    9.67%
 115975   687     1135.8420   704     1172.5405     1059.2082 19168206    9.67%
 116158   779     1106.3390   847     1172.5405     1059.2082 19208521    9.67%
 116386  1154     1098.9366   855     1172.5405     1059.2082 19340376    9.67%
 116663  1188     1123.4299   746     1172.5405     1059.2082 19351123    9.67%
 116920  1383     1131.6123   767     1172.5405     1059.2082 19405380    9.67%
 117257  1532     1072.1258   867     1172.5405     1059.2082 19433518    9.67%
Elapsed time = 8073.48 sec. (1430611.80 ticks, tree = 153.65 MB, solutions = 122)
 117534  1724     1131.3932   744     1172.5405     1059.2082 19483458    9.67%
 117782  1980        cutoff           1172.5405     1059.2082 19539471    9.67%
 118017  2217     1086.0403   795     1172.5405     1059.2082 19586363    9.67%
 118337  2399     1077.4820   902     1172.5405     1059.2082 19646382    9.67%
 118810  2656     1158.8078   651     1172.5405     1059.2082 19737746    9.67%
 119291  3211     1116.8383   828     1172.5405     1059.2082 19855113    9.67%
 119781  3645     1129.6972   721     1172.5405     1059.2082 19923825    9.67%
 120389  3837     1099.3823   911     1172.5405     1059.2082 19948150    9.67%
 120933  3868     1070.8335   844     1172.5405     1059.2082 19954542    9.67%
 121486  5100     1120.6840   867     1172.5405     1059.2082 20105188    9.67%
Elapsed time = 8326.79 sec. (1468907.53 ticks, tree = 850.27 MB, solutions = 122)
 122041  5377     1071.5323   917     1172.5405     1059.2082 20145548    9.67%
 122816  5562     1080.9668   810     1172.5405     1059.2082 20160487    9.67%
 123666  6380     1107.1778   821     1172.5405     1059.2082 20248285    9.67%
 124512  7627     1081.2992   906     1172.5405     1059.2082 20351829    9.67%
 125447  8430     1082.5661   880     1172.5405     1059.2082 20415489    9.67%
 126023  9372     1115.4774   844     1172.5405     1059.2082 20483509    9.67%
 126579  9722     1136.1490   776     1172.5405     1059.2082 20520621    9.67%
 127215 10221     1085.4136   845     1172.5405     1059.2082 20567013    9.67%
 127662 10984     1163.0691   830     1172.5405     1062.8136 20669367    9.36%
 128041 11293     1112.0947   830     1172.5405     1062.8136 20694034    9.36%
Elapsed time = 8589.93 sec. (1507128.76 ticks, tree = 1769.03 MB, solutions = 122)
 128613 11825     1086.8073   854     1172.5405     1062.8136 20800423    9.36%
 129177 12034     1077.7769   893     1172.5405     1062.8136 20839343    9.36%
 129693 12483     1123.0886   764     1172.5405     1062.8136 20870069    9.36%
 130077 13389     1106.3464   855     1172.5405     1064.8529 20993103    9.18%
 130466 13777     1115.8503   755     1172.5405     1064.8529 21048266    9.18%
 130981 13929     1102.7642   910     1172.5405     1064.8529 21093718    9.18%
 131707 14497     1097.4663   909     1172.5405     1064.8529 21164437    9.18%
 132296 15431     1097.3001   930     1172.5405     1064.8529 21247381    9.18%
 132875 15946     1084.4954   863     1172.5405     1065.2167 21323903    9.15%
 133664 16264     1075.0144   845     1172.5405     1065.2167 21350080    9.15%
Elapsed time = 8855.58 sec. (1545378.11 ticks, tree = 2698.66 MB, solutions = 122)
Nodefile size = 644.97 MB (453.14 MB after compression)
 134472 17074     1133.2671   781     1172.5405     1065.2167 21432862    9.15%
 135211 17857     1086.2998   854     1172.5405     1065.2167 21500005    9.15%
 136030 17974     1105.4075   912     1172.5405     1065.2167 21508473    9.15%
 136795 18430     1139.6029   796     1172.5405     1065.2167 21553419    9.15%
 137534 20338     1118.2106   877     1172.5405     1065.2167 21721538    9.15%
 138113 19797     1073.4740   950     1172.5405     1066.9083 21659240    9.01%
 138820 21288     1090.6842   936     1172.5405     1067.0137 21818478    9.00%
 139621 20549     1109.9964   858     1172.5405     1067.0137 21744840    9.00%
 140304 22916     1087.6246   913     1172.5405     1067.0137 21948818    9.00%
 140834 23472     1126.5480   932     1172.5405     1067.6722 21992263    8.94%
Elapsed time = 9119.27 sec. (1583573.45 ticks, tree = 3942.50 MB, solutions = 122)
Nodefile size = 1887.34 MB (1361.52 MB after compression)
 141615 23284     1118.5196   881     1172.5405     1067.6722 21978374    8.94%
 142197 23973     1091.8347   902     1172.5405     1068.1779 22049663    8.90%
 142763 24588     1101.8370   988     1172.5405     1068.1779 22128729    8.90%
 143387 25424     1158.0276   746     1172.5405     1068.1779 22210076    8.90%
 143977 25878     1107.5443   863     1172.5405     1068.2542 22247939    8.89%
 144564 26276     1137.3620   739     1172.5405     1068.3430 22297873    8.89%
 145262 27309     1083.9218   913     1172.5405     1068.6992 22400117    8.86%
 145842 27690     1090.8843   875     1172.5405     1068.6992 22447726    8.86%
 146500 28224     1108.6803   915     1172.5405     1068.6992 22498623    8.86%
 147292 29223     1090.0135   828     1172.5405     1069.1504 22594188    8.82%
Elapsed time = 9381.40 sec. (1621775.56 ticks, tree = 4898.39 MB, solutions = 122)
Nodefile size = 2843.99 MB (2062.07 MB after compression)
 147869 29175     1123.7087   938     1172.5405     1069.4464 22592917    8.79%
 148304 30186     1101.2308   807     1172.5405     1069.4464 22675104    8.79%
 148938 29988     1125.5921   835     1172.5405     1069.4464 22658805    8.79%
 149774 30927     1084.0256   781     1172.5405     1069.4464 22770990    8.79%
 150478 32249     1088.7524   781     1172.5405     1069.4796 22872644    8.79%
 151233 33078     1169.6613   842     1172.5405     1070.1692 22951680    8.73%
 151982 33591     1121.2843   927     1172.5405     1070.1692 22998069    8.73%
 152669 33574     1096.3036   837     1172.5405     1070.1697 22997364    8.73%
 153452 34538     1107.9350   835     1172.5405     1070.1697 23078574    8.73%
 154142 35028     1126.5223   806     1172.5405     1070.1697 23115145    8.73%
Elapsed time = 9633.64 sec. (1660102.71 ticks, tree = 5942.63 MB, solutions = 122)
Nodefile size = 3885.59 MB (2829.68 MB after compression)
 154792 36222     1099.0409   974     1172.5405     1070.6771 23223206    8.69%
 155362 36034     1108.6680   900     1172.5405     1070.6771 23209035    8.69%
 155911 36975     1138.4001   779     1172.5405     1070.8755 23305159    8.67%
 156388 38246     1144.0605   795     1172.5405     1070.8755 23452482    8.67%
 156849 38291     1086.5086   764     1172.5405     1071.0059 23458029    8.66%
 157500 38703     1098.9099   863     1172.5405     1071.0955 23520242    8.65%
 158255 39537     1125.3600   819     1172.5405     1071.2970 23646571    8.63%
 158823 39057     1105.2664   906     1172.5405     1071.2970 23577454    8.63%
 159400 39404     1104.9650   901     1172.5405     1071.3895 23631793    8.63%
 160102 40906     1110.2416   888     1172.5405     1071.5128 23770993    8.62%
Elapsed time = 9899.08 sec. (1698303.27 ticks, tree = 6804.54 MB, solutions = 122)
Nodefile size = 4740.02 MB (3447.03 MB after compression)
 160648 40909     1120.9385   776     1172.5405     1071.5128 23777885    8.62%
 161280 41879     1147.6897   789     1172.5405     1071.5128 23894852    8.62%
 161861 42952     1125.0428   820     1172.5405     1071.5128 23999389    8.62%
 162426 42679     1112.1086   841     1172.5405     1071.6892 23973315    8.60%
 163046 43320     1167.2380   601     1172.5405     1071.6892 24059310    8.60%
 163556 43505     1086.1001   826     1172.5405     1071.6892 24082820    8.60%
 164005 44034     1145.5461   908     1172.5405     1072.1046 24154133    8.57%
 164530 44965        cutoff           1172.5405     1072.1046 24261162    8.57%
 165095 45280     1128.8162   598     1172.5405     1072.1836 24297406    8.56%
 165670 46216     1118.6376   823     1172.5405     1072.3406 24439451    8.55%
Elapsed time = 10160.23 sec. (1736490.85 ticks, tree = 7501.93 MB, solutions = 122)
Nodefile size = 5439.46 MB (3948.13 MB after compression)
 166231 46888     1108.2954   913     1172.5405     1072.3444 24527152    8.55%
 166696 46545     1138.2927   868     1172.5405     1072.3444 24484761    8.55%
 167120 47037     1128.9971   905     1172.5405     1072.3444 24551953    8.55%
 167636 47722     1146.9291   882     1172.5405     1072.6463 24641567    8.52%
 168047 48230     1143.4889   861     1172.5405     1072.6929 24727821    8.52%
 168476 49162     1124.3111   819     1172.5405     1072.6929 24870829    8.52%
 168925 49119     1142.8327   770     1172.5405     1072.7124 24869949    8.51%
 169392 49698     1107.3292   831     1172.5405     1072.7124 24979257    8.51%
 169996 50397     1137.2864   770     1172.5405     1072.9967 25116698    8.49%
 170572 50972     1105.6851   914     1172.5405     1073.0308 25175454    8.49%
Elapsed time = 10426.62 sec. (1774695.65 ticks, tree = 8358.45 MB, solutions = 122)
Nodefile size = 6301.07 MB (4571.45 MB after compression)
 171139 50826        cutoff           1172.5405     1073.0308 25163540    8.49%
 171581 51115     1121.6215   834     1172.5405     1073.0417 25184014    8.49%
 172049 51258     1109.2698   937     1172.5405     1073.0417 25203275    8.49%
 172588 52871     1152.7113   772     1172.5405     1073.0417 25442228    8.49%
 173246 52877     1110.3457   912     1172.5405     1073.1238 25439601    8.48%
 173892 52740     1135.1546   792     1172.5405     1073.1238 25413565    8.48%
 174435 53171     1097.3256   935     1172.5405     1073.2900 25489293    8.46%
 174910 54603     1143.6978   807     1172.5405     1073.2942 25653221    8.46%
 175598 55200     1097.8122   912     1172.5405     1073.3385 25726677    8.46%
 176223 55284     1117.9935   855     1172.5405     1073.3851 25744005    8.46%
Elapsed time = 10702.44 sec. (1812902.07 ticks, tree = 9407.62 MB, solutions = 122)
Nodefile size = 7338.72 MB (5332.48 MB after compression)
 176765 55234     1107.0753   858     1172.5405     1073.4068 25738941    8.45%
 177383 55786     1149.4072   780     1172.5405     1073.4207 25818319    8.45%
 177948 57491     1117.6303   833     1172.5405     1073.4559 26026418    8.45%
 178411 58062     1140.9738   793     1172.5405     1073.4559 26109120    8.45%
 178930 57971     1136.3524   764     1172.5405     1073.5367 26090604    8.44%
 179398 58248     1125.1909   776     1172.5405     1073.5546 26132763    8.44%
 179892 58276     1134.2037   689     1172.5405     1073.5794 26134980    8.44%
 180316 58794     1125.6128   830     1172.5405     1073.6103 26221389    8.44%
 180810 60503     1157.8396   771     1172.5405     1073.7491 26480611    8.43%
 181281 59953     1125.7477   832     1172.5405     1073.7491 26389412    8.43%
Elapsed time = 10959.54 sec. (1851116.06 ticks, tree = 10366.32 MB, solutions = 122)
Nodefile size = 8301.31 MB (6035.76 MB after compression)
 181903 60177        cutoff           1172.5405     1073.7491 26418021    8.43%
 182544 60697     1137.0911   885     1172.5405     1073.8180 26525289    8.42%
 183097 61330     1157.0414   806     1172.5405     1073.8180 26609044    8.42%
 183639 61487     1139.2058   784     1172.5405     1073.9522 26629274    8.41%
 184298 62278     1139.3703   808     1172.5405     1074.0097 26722121    8.40%
 184856 63587     1120.2224   832     1172.5405     1074.0572 26875050    8.40%
 185325 64346     1157.6568   845     1172.5405     1074.1336 26985293    8.39%
 185900 63392     1146.0860   904     1172.5405     1074.1569 26853507    8.39%
 186488 64844     1113.2333   945     1172.5405     1074.1780 27051320    8.39%
 187016 64797     1170.9194   663     1172.5405     1074.1780 27039991    8.39%
Elapsed time = 11230.00 sec. (1889320.35 ticks, tree = 11327.80 MB, solutions = 122)
Nodefile size = 9253.20 MB (6725.25 MB after compression)
 187614 65538     1131.1409   833     1172.5405     1074.1902 27151438    8.39%
 188144 65971     1117.9296   946     1172.5405     1074.2607 27192103    8.38%
 188561 67125     1128.7489   751     1172.5405     1074.2607 27322654    8.38%
 189047 66741     1103.5099   996     1172.5405     1074.2801 27264501    8.38%
 189514 67821     1152.6883   859     1172.5405     1074.2801 27412759    8.38%
 189941 68247     1116.0104   915     1172.5405     1074.4986 27496159    8.36%
 190369 67998     1126.4048   807     1172.5405     1074.4986 27455872    8.36%
 190814 68713     1116.9607   846     1172.5405     1074.4986 27566619    8.36%
 191336 69346     1144.2087   702     1172.5405     1074.4986 27682013    8.36%
 191827 70511     1168.9559   692     1172.5405     1074.4986 27877636    8.36%
Elapsed time = 11491.28 sec. (1927540.29 ticks, tree = 12217.88 MB, solutions = 122)
Nodefile size = 10159.16 MB (7379.66 MB after compression)
 192299 69743     1122.3650   838     1172.5405     1074.4986 27754379    8.36%
 192867 71101     1134.5732   741     1172.5405     1074.4986 27978662    8.36%
 193468 71582     1088.6439   945     1172.5405     1074.6094 28044214    8.35%
 194069 71863     1137.0557   696     1172.5405     1074.6094 28082815    8.35%
 194556 71500     1123.2153   840     1172.5405     1074.6094 28027798    8.35%
 195075 71678     1133.3572   769     1172.5405     1074.6355 28050145    8.35%
 195616 73062     1123.9026   878     1172.5405     1074.6355 28235806    8.35%
 196313 73281     1115.3906   889     1172.5405     1074.8097 28276907    8.33%
 196930 73271     1165.8403   584     1172.5405     1074.8097 28263737    8.33%
 197573 74949     1117.9236   814     1172.5405     1074.9558 28492866    8.32%
Elapsed time = 11759.34 sec. (1965736.98 ticks, tree = 13300.18 MB, solutions = 122)
Nodefile size = 11238.37 MB (8175.03 MB after compression)
 198135 75538        cutoff           1172.5405     1074.9558 28565857    8.32%
 198604 74890     1113.3677   895     1172.5405     1074.9558 28490519    8.32%
 199058 76697     1103.2670   916     1172.5405     1075.0088 28707262    8.32%
 199638 77193     1121.6112   930     1172.5405     1075.0212 28790763    8.32%
 200154 76472     1115.0666   899     1172.5405     1075.0394 28678079    8.32%
 200613 78238     1122.2978   849     1172.5405     1075.1314 28937796    8.31%
 201057 78257     1134.4872   832     1172.5405     1075.1314 28940059    8.31%
 201484 78252     1122.6375   882     1172.5405     1075.1314 28953318    8.31%
 201992 79215     1113.8509   875     1172.5405     1075.1314 29104109    8.31%
 202468 78921     1131.8754   961     1172.5405     1075.1314 29053021    8.31%
Elapsed time = 12021.35 sec. (2003962.98 ticks, tree = 13758.48 MB, solutions = 122)
Nodefile size = 11688.81 MB (8492.63 MB after compression)
 203006 79765     1123.0675   820     1172.5405     1075.1492 29187154    8.31%
 203503 80194     1134.8298   622     1172.5405     1075.1492 29229894    8.31%
 203939 80254        cutoff           1172.5405     1075.3030 29247654    8.29%
 204401 80358     1113.9103   878     1172.5405     1075.3042 29275276    8.29%
 204960 82114     1120.0810   794     1172.5405     1075.4042 29545929    8.28%
 205522 81831     1087.9372   944     1172.5405     1075.4042 29504419    8.28%
 206014 83034     1128.4095   810     1172.5405     1075.4389 29688713    8.28%
 206450 83126     1117.3680   844     1172.5405     1075.4389 29699006    8.28%
 206938 83467     1157.7754   843     1172.5405     1075.5141 29770984    8.27%
 207300 84123     1123.1050   818     1172.5405     1075.5509 29842055    8.27%
Elapsed time = 12280.62 sec. (2042182.12 ticks, tree = 14969.60 MB, solutions = 122)
Nodefile size = 12908.27 MB (9389.33 MB after compression)
 207653 84394     1164.0203   712     1172.5405     1075.5629 29885363    8.27%
 208058 84489     1129.2306   889     1172.5405     1075.6244 29915353    8.27%
 208407 84401     1100.8172   847     1172.5405     1075.6244 29890344    8.27%
 208827 84731     1129.2972   858     1172.5405     1075.6685 29968602    8.26%
 209271 85720     1129.7248   855     1172.5405     1075.6685 30131653    8.26%
 209799 85414     1103.9785   874     1172.5405     1075.7787 30090841    8.25%
 210286 86264     1139.2892   814     1172.5405     1075.7787 30230226    8.25%
 210777 86995     1129.5187   809     1172.5405     1075.7787 30333569    8.25%
 211278 87711     1107.3691   905     1172.5405     1075.8188 30469008    8.25%
 211864 87963     1143.2561   715     1172.5405     1075.9371 30494422    8.24%
Elapsed time = 12536.63 sec. (2080389.42 ticks, tree = 15341.85 MB, solutions = 122)
Nodefile size = 13272.78 MB (9642.70 MB after compression)
 212351 88278     1116.0962   865     1172.5405     1075.9371 30550819    8.24%
 212756 88365     1100.0999   885     1172.5405     1076.0288 30567464    8.23%
 213250 88415     1122.8252   800     1172.5405     1076.0288 30579091    8.23%
 213826 88741     1106.0491   887     1172.5405     1076.0291 30636910    8.23%
 214394 90378     1140.1920   767     1172.5405     1076.0291 30846605    8.23%
 214870 90817     1127.0761   805     1172.5405     1076.0707 30907435    8.23%
 215416 90456     1142.2069   806     1172.5405     1076.0707 30860206    8.23%
 215884 90303     1140.4391   800     1172.5405     1076.0707 30835785    8.23%
 216452 92585     1125.6818   872     1172.5405     1076.0707 31144864    8.23%
 217168 91859     1129.9508   837     1172.5405     1076.1436 31049747    8.22%
Elapsed time = 12796.31 sec. (2118581.21 ticks, tree = 16294.93 MB, solutions = 122)
Nodefile size = 14220.48 MB (10341.05 MB after compression)
 217772 93341     1143.4410   846     1172.5405     1076.1436 31236154    8.22%
 218253 93285     1130.2154   824     1172.5405     1076.1436 31228559    8.22%
 218765 94166     1121.8351   745     1172.5405     1076.3438 31343619    8.20%
 219264 95204     1130.1662   781     1172.5405     1076.4393 31449437    8.20%
 219819 95491     1126.3498   799     1172.5405     1076.4393 31505210    8.20%
 220368 94769     1117.6409   843     1172.5405     1076.4393 31418828    8.20%
 220885 95561     1129.6876   926     1172.5405     1076.4393 31513986    8.20%
 221370 96926     1118.0227   897     1172.5405     1076.5453 31692174    8.19%
 221906 97141     1122.2291   828     1172.5405     1076.5453 31723876    8.19%
 222564 96979     1117.0533   801     1172.5405     1076.5453 31706181    8.19%
Elapsed time = 13063.84 sec. (2156805.35 ticks, tree = 17541.59 MB, solutions = 122)
Nodefile size = 15479.52 MB (11268.23 MB after compression)
 223069 96538     1156.2210   819     1172.5405     1076.5632 31646847    8.19%
 223458 98846     1151.3943   915     1172.5405     1076.6000 31973468    8.18%
 223923 98077     1119.9111   827     1172.5405     1076.6000 31840585    8.18%
 224498 99940     1120.5349   822     1172.5405     1076.6000 32136235    8.18%
 225069 99048     1113.2388   858     1172.5405     1076.6510 31989303    8.18%
 225504 99070     1124.3502   770     1172.5405     1076.6510 31991453    8.18%
 226008 100426     1145.2281   738     1172.5405     1076.8072 32206471    8.16%
 226474 101694     1127.5438   824     1172.5405     1076.8072 32420789    8.16%
 226993 101073     1131.7596   886     1172.5405     1076.8072 32337195    8.16%
 227500 101400     1157.0972   798     1172.5405     1076.8072 32398240    8.16%
Elapsed time = 13329.06 sec. (2195049.20 ticks, tree = 18020.03 MB, solutions = 122)
Nodefile size = 15955.07 MB (11599.76 MB after compression)
 228059 101302     1138.3203   727     1172.5405     1076.8497 32362769    8.16%
 228574 103251     1128.3296   890     1172.5405     1076.8497 32660831    8.16%
 229009 103695     1135.2441   812     1172.5405     1076.9784 32699750    8.15%
 229561 104162     1120.9739   820     1172.5405     1077.0413 32760190    8.14%
 230089 104729        cutoff           1172.5405     1077.0653 32864605    8.14%
 230666 104021     1132.0176   781     1172.5405     1077.0728 32747795    8.14%
 231216 105324     1128.3106   902     1172.5405     1077.1099 32933620    8.14%
 231850 104676     1137.8654   846     1172.5405     1077.1633 32848674    8.13%
 232355 106519     1103.2601   934     1172.5405     1077.1650 33103381    8.13%
 232902 107222     1147.0588   846     1172.5405     1077.1665 33180262    8.13%
Elapsed time = 13602.49 sec. (2233265.22 ticks, tree = 19443.43 MB, solutions = 122)
Nodefile size = 17381.19 MB (12647.88 MB after compression)
 233489 107705     1112.5401  1010     1172.5405     1077.1665 33229660    8.13%
 233942 106947     1122.3732   858     1172.5405     1077.1665 33154329    8.13%
 234395 107848     1148.5344   814     1172.5405     1077.1665 33254634    8.13%
 234845 108315     1109.8896   843     1172.5405     1077.2262 33308526    8.13%
 235258 108634     1111.5203   999     1172.5405     1077.2262 33351164    8.13%
 235668 108712     1136.0024   827     1172.5405     1077.2262 33364933    8.13%
 235945 110100     1140.5013   911     1172.5405     1077.2505 33581285    8.13%
 236386 110596     1152.7760   850     1172.5405     1077.2563 33655114    8.13%
 236888 111242     1120.1445   864     1172.5405     1077.2891 33768584    8.12%
 237355 111030     1112.0994   854     1172.5405     1077.2891 33724960    8.12%
Elapsed time = 13845.92 sec. (2271521.16 ticks, tree = 19803.19 MB, solutions = 122)
Nodefile size = 17735.55 MB (12896.92 MB after compression)
 237755 111472     1130.8349   827     1172.5405     1077.2891 33831763    8.12%
 238206 111783     1127.9786   786     1172.5405     1077.2891 33899759    8.12%
 238708 112227     1133.6154   771     1172.5405     1077.2891 33972546    8.12%
 239271 113064     1124.4058   838     1172.5405     1077.3934 34106053    8.11%
 239722 112967     1095.4695   897     1172.5405     1077.3934 34093775    8.11%
 240211 113543     1104.8253   940     1172.5405     1077.4260 34183413    8.11%
 240743 113625     1139.9203   840     1172.5405     1077.4260 34198226    8.11%
 241232 114793     1161.8393   909     1172.5405     1077.4260 34375418    8.11%
 241664 114353     1124.1488   874     1172.5405     1077.4493 34312617    8.11%
 242141 115986     1125.1487   926     1172.5405     1077.5341 34537731    8.10%
Elapsed time = 14100.53 sec. (2309726.24 ticks, tree = 20867.41 MB, solutions = 122)
Nodefile size = 18802.08 MB (13676.45 MB after compression)
 242612 115938     1112.3311  1003     1172.5405     1077.5747 34528303    8.10%
 243199 116934     1119.9601   845     1172.5405     1077.5747 34665279    8.10%
 243684 117054     1144.0823   866     1172.5405     1077.5747 34688850    8.10%
 244063 116998     1147.2609   741     1172.5405     1077.6547 34669534    8.09%
 244426 117653        cutoff           1172.5405     1077.6745 34800850    8.09%
 244786 118701     1132.7162   872     1172.5405     1077.6745 34954559    8.09%
 245236 118375     1115.5650   909     1172.5405     1077.6745 34911889    8.09%
 245694 118714     1127.9322   799     1172.5405     1077.6745 34950451    8.09%
 246207 117589     1122.6757   920     1172.5405     1077.6745 34785998    8.09%
 246680 118961     1135.0605   703     1172.5405     1077.8061 35000511    8.08%
Elapsed time = 14363.54 sec. (2347917.52 ticks, tree = 21602.67 MB, solutions = 122)
Nodefile size = 19524.44 MB (14208.17 MB after compression)
 247128 118457     1135.9607   898     1172.5405     1077.8461 34920297    8.08%
 247504 120721     1118.5898   865     1172.5405     1077.8545 35270061    8.08%
 247987 120967     1141.1390   833     1172.5405     1077.8580 35297294    8.07%
 248416 121708     1148.6521   906     1172.5405     1077.8736 35434979    8.07%
 248754 122005     1120.5410   869     1172.5405     1077.8851 35485196    8.07%
 249109 121016     1108.1807   910     1172.5405     1077.8915 35303895    8.07%
 249496 122694     1120.3169   973     1172.5405     1077.8962 35600608    8.07%
 249852 122659     1139.9663   774     1172.5405     1077.8974 35589463    8.07%
 250275 122805     1151.9057   808     1172.5405     1077.8974 35632367    8.07%
 250675 123823        cutoff           1172.5405     1077.8974 35838926    8.07%
Elapsed time = 14626.37 sec. (2386142.57 ticks, tree = 22228.24 MB, solutions = 122)
Nodefile size = 20162.96 MB (14662.98 MB after compression)
 251134 123380     1121.4663   898     1172.5405     1077.8974 35718861    8.07%
 251680 124014     1111.9938   898     1172.5405     1077.8974 35890662    8.07%
 252356 124355     1122.2597   911     1172.5405     1077.8974 35953344    8.07%
 252907 123941     1118.2815   856     1172.5405     1077.9041 35833519    8.07%
 253347 125951     1125.1455   932     1172.5405     1077.9165 36202576    8.07%
 253880 125484        cutoff           1172.5405     1078.0514 36138470    8.06%
 254395 126717     1103.3553   957     1172.5405     1078.0514 36282029    8.06%
 254861 125200     1115.2842   939     1172.5405     1078.0530 36097354    8.06%
 255418 127297     1110.7956   941     1172.5405     1078.0530 36347182    8.06%
 255946 127598     1131.9038   871     1172.5405     1078.0530 36402022    8.06%
Elapsed time = 14898.43 sec. (2424360.16 ticks, tree = 23106.42 MB, solutions = 122)
Nodefile size = 21023.07 MB (15295.06 MB after compression)
 256396 128544     1123.0758   916     1172.5405     1078.0530 36539895    8.06%
 256875 128186     1126.2688   879     1172.5405     1078.0530 36483875    8.06%
 257408 128446     1121.9424   864     1172.5405     1078.0848 36521803    8.06%
 257960 129808     1145.6114   624     1172.5405     1078.0848 36716738    8.06%
 258488 128334     1156.2255   755     1172.5405     1078.2246 36517586    8.04%
 259005 130815     1138.5513   861     1172.5405     1078.2287 36858760    8.04%
 259605 131444     1135.6536   873     1172.5405     1078.2287 36951853    8.04%
 260207 131102     1133.1909   893     1172.5405     1078.2287 36902831    8.04%
 260670 129774     1105.1724   944     1172.5405     1078.2287 36717738    8.04%
 261122 132172     1155.5032   724     1172.5405     1078.2287 37065632    8.04%
Elapsed time = 15153.25 sec. (2462561.75 ticks, tree = 24233.72 MB, solutions = 122)
Nodefile size = 22158.31 MB (16139.89 MB after compression)
 261617 133604     1104.7670  1031     1172.5405     1078.2287 37264356    8.04%
 262223 133223     1129.5953   943     1172.5405     1078.3329 37199532    8.03%
 262755 132858     1133.9669   991     1172.5405     1078.3413 37147975    8.03%
 263251 134373     1129.2684   943     1172.5405     1078.3646 37371279    8.03%
 263780 132802     1125.5512   916     1172.5405     1078.3727 37139010    8.03%
 264310 133315     1135.3418   951     1172.5405     1078.3829 37207896    8.03%
 264821 133901     1134.5003   899     1172.5405     1078.4022 37316283    8.03%
 265382 136923     1118.7055   871     1172.5405     1078.4240 37716360    8.03%
 265785 137099     1121.4445   884     1172.5405     1078.4365 37744230    8.03%
 266227 134820     1141.3129   937     1172.5405     1078.4456 37424446    8.02%
Elapsed time = 15418.26 sec. (2500811.84 ticks, tree = 24891.52 MB, solutions = 122)
Nodefile size = 22796.03 MB (16613.26 MB after compression)
 266645 137026     1127.9697   812     1172.5405     1078.4827 37736587    8.02%
 267195 138431     1124.8095   885     1172.5405     1078.4998 37926499    8.02%
 267671 138523     1129.6748   948     1172.5405     1078.5207 37943450    8.02%
 268021 138878     1150.2689   805     1172.5405     1078.5491 37995831    8.02%
 268385 137820     1113.7248   924     1172.5405     1078.5491 37850167    8.02%
 268827 140534     1140.1576   839     1172.5405     1078.5491 38269635    8.02%
 269265 139128     1098.6990  1000     1172.5405     1078.5491 38039562    8.02%
 269603 139598     1131.8652   894     1172.5405     1078.5491 38125158    8.02%
 270006 139170     1110.2580   924     1172.5405     1078.5491 38043533    8.02%
 270402 142126     1148.2198   871     1172.5405     1078.5491 38541495    8.02%
Elapsed time = 15674.95 sec. (2539102.53 ticks, tree = 25992.19 MB, solutions = 122)
Nodefile size = 23922.63 MB (17435.05 MB after compression)
 270753 140624     1124.9784   786     1172.5405     1078.6332 38279854    8.01%
 271162 141604     1153.2990   678     1172.5405     1078.6332 38469250    8.01%
 271521 143081     1134.1781   901     1172.5405     1078.6332 38737542    8.01%
 272069 142533     1144.1369   812     1172.5405     1078.6332 38637289    8.01%
 272574 143046     1141.7273   651     1172.5405     1078.6332 38730131    8.01%
 273087 144080     1122.0272   896     1172.5405     1078.6450 38931660    8.01%
 273614 143746     1143.8527   794     1172.5405     1078.6450 38878834    8.01%
 274098 143110     1164.4610   919     1172.5405     1078.6697 38736770    8.01%
 274519 143867     1156.7515   849     1172.5405     1078.7747 38897704    8.00%
 274904 145597     1100.7838   990     1172.5405     1078.7747 39160285    8.00%
Elapsed time = 15948.52 sec. (2577330.95 ticks, tree = 26823.62 MB, solutions = 122)
Nodefile size = 24753.56 MB (18039.87 MB after compression)
 275407 145068     1140.0620   845     1172.5405     1078.7747 39078471    8.00%
 275964 145443     1139.6275   843     1172.5405     1078.7747 39137397    8.00%
 276395 146742     1116.7371   917     1172.5405     1078.7747 39313005    8.00%
 276821 147047     1144.0612   788     1172.5405     1078.8664 39371642    7.99%
 277337 146317     1115.2752   858     1172.5405     1078.9463 39240243    7.98%
 277786 147795     1128.5495   730     1172.5405     1078.9526 39480115    7.98%
 278131 148373     1119.8902   982     1172.5405     1078.9948 39565388    7.98%
 278560 147170     1122.3957   802     1172.5405     1078.9948 39394451    7.98%
 278950 148302     1159.4909   873     1172.5405     1079.0577 39555654    7.97%
 279426 148875     1118.0737   855     1172.5405     1079.0649 39652123    7.97%
Elapsed time = 16196.49 sec. (2615544.65 ticks, tree = 27615.41 MB, solutions = 122)
Nodefile size = 25544.93 MB (18621.78 MB after compression)
 279807 149184     1093.9325  1041     1172.5405     1079.1091 39698388    7.97%
 280114 149840     1125.0387   975     1172.5405     1079.1327 39796513    7.97%
 280405 148937     1144.8904   901     1172.5405     1079.1327 39658697    7.97%
 280741 149584     1119.8424   885     1172.5405     1079.1327 39760365    7.97%
 281114 151298     1124.1550   833     1172.5405     1079.1327 40036604    7.97%
 281548 150040     1118.2593   884     1172.5405     1079.1437 39834806    7.97%
 281949 150977     1120.8412   832     1172.5405     1079.1437 39980530    7.97%
 282281 152143     1130.1130   926     1172.5405     1079.1437 40177506    7.97%
 282707 152160     1134.4054   906     1172.5405     1079.1437 40179773    7.97%
 283126 151915     1141.2379   852     1172.5405     1079.1962 40151845    7.96%
Elapsed time = 16441.09 sec. (2653799.10 ticks, tree = 27917.27 MB, solutions = 122)
Nodefile size = 25832.15 MB (18821.93 MB after compression)
 283506 152250     1133.4023   940     1172.5405     1079.1962 40214887    7.96%
 283937 153476     1142.2802   860     1172.5405     1079.2030 40497890    7.96%
 284541 153898     1091.2062   947     1172.5405     1079.2262 40575501    7.96%
 284980 153914     1119.3414   909     1172.5405     1079.2262 40577693    7.96%
 285477 154865     1124.2298   931     1172.5405     1079.2262 40725585    7.96%
 286047 153486     1142.6915   620     1172.5405     1079.3463 40490427    7.95%
 286555 155429        cutoff           1172.5405     1079.3498 40849359    7.95%
 286993 155609     1117.9995   839     1172.5405     1079.3639 40865299    7.95%
 287401 156834     1144.2598   848     1172.5405     1079.3839 41060473    7.94%
 287837 156932     1084.6301   834     1172.5405     1079.3929 41078838    7.94%
Elapsed time = 16720.73 sec. (2692022.02 ticks, tree = 28879.59 MB, solutions = 122)
Nodefile size = 26803.21 MB (19523.06 MB after compression)
 288376 155982     1131.1771   884     1172.5405     1079.3929 40927484    7.94%
 288816 158179     1159.0595   946     1172.5405     1079.4570 41286182    7.94%
 289183 158745     1113.8250   887     1172.5405     1079.4798 41380460    7.94%
 289695 159274     1106.9296   902     1172.5405     1079.5078 41440409    7.93%
 290225 157838     1113.3421  1006     1172.5405     1079.5567 41234906    7.93%
 290704 157853     1126.1842   983     1172.5405     1079.5712 41237025    7.93%
 291213 158654        cutoff           1172.5405     1079.5757 41375716    7.93%
 291538 159550     1120.5425   939     1172.5405     1079.5762 41474977    7.93%
 291923 159788     1135.6349   923     1172.5405     1079.5919 41516829    7.93%
 292440 160365     1157.9341   826     1172.5405     1079.5919 41591468    7.93%
Elapsed time = 16992.86 sec. (2730245.62 ticks, tree = 29740.97 MB, solutions = 122)
Nodefile size = 27652.00 MB (20147.30 MB after compression)
 292886 160372        cutoff           1172.5405     1079.5919 41593869    7.93%
 293273 162171     1169.5395   676     1172.5405     1079.5919 41906661    7.93%
 293658 162504     1136.4593   833     1172.5405     1079.5919 41953842    7.93%
 294000 162618     1124.5759   895     1172.5405     1079.5919 41987529    7.93%
 294296 162426     1110.8250   900     1172.5405     1079.5919 41945010    7.93%
 294701 163127        cutoff           1172.5405     1079.6799 42084727    7.92%
 295095 164081     1113.9999   930     1172.5405     1079.6882 42266343    7.92%
 295569 162806     1103.1673   975     1172.5405     1079.7096 42027360    7.92%
 295937 164726        cutoff           1172.5405     1079.7096 42391045    7.92%
 296294 163450     1154.2579   835     1172.5405     1079.7564 42134924    7.91%
Elapsed time = 17249.29 sec. (2768548.79 ticks, tree = 30520.26 MB, solutions = 122)
Nodefile size = 28432.18 MB (20717.09 MB after compression)
 296674 165030     1101.5477   968     1172.5405     1079.7821 42451210    7.91%
 296980 165956     1147.8944   767     1172.5405     1079.7901 42618009    7.91%
 297301 165524     1119.1700   863     1172.5405     1079.8099 42526372    7.91%
 297633 166741     1109.9739   952     1172.5405     1079.8265 42778618    7.91%
 297941 166554     1165.1249   762     1172.5405     1079.8461 42749886    7.91%
 298298 166903     1165.3923   853     1172.5405     1079.8461 42813471    7.91%
 298645 166390     1124.3911   848     1172.5405     1079.8461 42688477    7.91%
 298956 167839     1166.3579   839     1172.5405     1079.8461 43028934    7.91%
 299216 168201     1116.9937   923     1172.5405     1079.8461 43109338    7.91%
 299568 166982     1130.9471   945     1172.5405     1079.8461 42852073    7.91%
Elapsed time = 17484.67 sec. (2806793.56 ticks, tree = 31406.19 MB, solutions = 122)
Nodefile size = 29339.65 MB (21382.85 MB after compression)
 299887 168186     1157.7651   791     1172.5405     1079.8461 43095899    7.91%
 300172 167871     1158.7692   808     1172.5405     1079.9058 43037110    7.90%
 300506 168192     1137.5260   967     1172.5405     1079.9058 43100416    7.90%
 300923 168853        cutoff           1172.5405     1079.9058 43261689    7.90%
 301333 169845     1137.3836   916     1172.5405     1079.9556 43541534    7.90%
 301808 168695     1121.1409   876     1172.5405     1079.9556 43215123    7.90%
 302307 169954     1146.5748   612     1172.5405     1079.9556 43581019    7.90%
 302761 169977     1161.6151   520     1172.5405     1079.9556 43583198    7.90%
 303180 169900     1114.8183   895     1172.5405     1079.9613 43548466    7.90%
 303638 171695     1146.5322   846     1172.5405     1079.9985 43865554    7.89%
Elapsed time = 17758.20 sec. (2844995.20 ticks, tree = 31945.24 MB, solutions = 122)
Nodefile size = 29869.60 MB (21751.41 MB after compression)
 304127 171094        cutoff           1172.5405     1079.9985 43780600    7.89%
 304545 172124     1132.2930   829     1172.5405     1080.0021 43959139    7.89%
 304898 170893     1120.8059   896     1172.5405     1080.0940 43737702    7.88%
 305329 171111     1144.0128   941     1172.5405     1080.0963 43787416    7.88%
 305775 173477     1128.4040   980     1172.5405     1080.1048 44169662    7.88%
 306281 171688     1123.2845   802     1172.5405     1080.1048 43862400    7.88%
 306654 172233        cutoff           1172.5405     1080.1267 43969047    7.88%
 307066 174012     1115.3199   928     1172.5405     1080.1380 44266365    7.88%
 307433 175375     1132.4918   799     1172.5405     1080.1697 44480624    7.88%
 307811 175688     1123.9378   919     1172.5405     1080.1918 44546043    7.88%
Elapsed time = 18027.35 sec. (2883209.70 ticks, tree = 32968.11 MB, solutions = 122)
Nodefile size = 30896.97 MB (22502.33 MB after compression)
 308205 175529     1122.9576   855     1172.5405     1080.1918 44518404    7.88%
 308631 174919     1127.7975   897     1172.5405     1080.2188 44428723    7.87%
 309059 176040     1123.2209   855     1172.5405     1080.2347 44592695    7.87%
 309444 176955     1143.5293   919     1172.5405     1080.2518 44774738    7.87%
 309839 176714     1133.1627   931     1172.5405     1080.2786 44747037    7.87%
 310257 177525     1157.1791   893     1172.5405     1080.2851 44899963    7.87%
 310644 176313        cutoff           1172.5405     1080.3120 44668928    7.87%
 310983 177981     1120.0865   971     1172.5405     1080.3300 44997778    7.86%
 311334 177848     1111.1513   912     1172.5405     1080.3320 44967862    7.86%
 311743 177705     1151.0928   831     1172.5405     1080.3479 44922686    7.86%
Elapsed time = 18289.28 sec. (2921463.67 ticks, tree = 33466.85 MB, solutions = 122)
Nodefile size = 31378.34 MB (22856.51 MB after compression)
 312097 177937     1134.9363   936     1172.5405     1080.3576 44989752    7.86%
 312518 177823     1115.4777   926     1172.5405     1080.3845 44940109    7.86%
 312983 179942     1156.3764   805     1172.5405     1080.3852 45378424    7.86%
Starting limited solution polishing.
 313425 180381     1111.7467   840     1172.5405     1080.4152 45453855    7.86%
 313770 180814        cutoff           1172.5405     1080.4277 45533953    7.86%
 314102 179073     1158.0913   885     1172.5405     1080.4348 45201450    7.86%
 314390 179828     1143.8186   754     1172.5405     1080.4374 45356778    7.86%
*314624+180419                         1170.1233     1080.4374             7.66%
 314665 180203     1107.5505  1025     1170.1233     1080.4374 45437454    7.66%
*314683+180419                         1169.9435     1080.4374             7.65%
*314712+180419                         1168.7842     1080.4374             7.56%
*314729+180419                         1168.4587     1080.4374             7.53%
*314745+180419                         1167.9907     1080.4374             7.50%
*314786+180419                         1166.5563     1080.4374             7.38%
 314973 181279     1122.2111   929     1166.5563     1080.4589 45629321    7.38%
 315339 181785     1116.5780   886     1166.5563     1080.5048 45718748    7.38%
Elapsed time = 18542.43 sec. (2959687.83 ticks, tree = 34500.28 MB, solutions = 128)
Nodefile size = 32426.12 MB (23625.91 MB after compression)
 315581 181876     1137.3918   813     1166.5563     1080.5141 45734246    7.38%
 315885 181352     1131.3124   917     1166.5563     1080.5141 45901231    7.38%
 316245 181847     1135.6276   635     1166.5563     1080.5141 45993013    7.38%
 316516 180987     1141.0437   825     1166.5563     1080.5141 45848239    7.38%
 316789 182332     1131.0634   815     1166.5563     1080.5141 46109735    7.38%
 317057 181934     1123.3365   857     1166.5563     1080.5141 46012800    7.38%
 317259 182811     1116.0947   879     1166.5563     1080.5735 46247058    7.37%
*317339+182097                         1164.9633     1080.5735             7.24%
 317469 183261     1128.4033   924     1164.9633     1080.5735 46359771    7.24%
 317692 183350     1157.9212   876     1164.9633     1080.5735 46393741    7.24%
 317989 182519     1145.2213   861     1164.9633     1080.5735 46440078    7.24%
Elapsed time = 18772.08 sec. (2998106.53 ticks, tree = 34480.67 MB, solutions = 129)
Nodefile size = 32411.80 MB (23629.53 MB after compression)
 318330 182860     1133.1429   913     1164.9633     1080.5735 46523908    7.24%
 318609 183109     1162.5148   744     1164.9633     1080.5735 46323299    7.24%
 318863 182605     1135.3316   791     1164.9633     1080.6762 46462328    7.24%
 319159 183206     1116.7770   897     1164.9633     1080.6762 46640295    7.24%
 319432 184066     1128.6145   872     1164.9633     1080.6762 46883997    7.24%
 319722 184083     1137.6417   788     1164.9633     1080.6762 46886029    7.24%
 320015 184469     1144.5791   944     1164.9633     1080.6762 46984648    7.24%
 320358 184406     1133.4981   952     1164.9633     1080.6762 46972531    7.24%
 320701 183547     1161.4455   825     1164.9633     1080.6762 46712103    7.24%
 320917 183552     1161.1588   816     1164.9633     1080.7266 46731452    7.23%
Elapsed time = 19026.25 sec. (3036436.27 ticks, tree = 34536.52 MB, solutions = 129)
Nodefile size = 32451.38 MB (23650.79 MB after compression)
 321146 183988     1150.8995   882     1164.9633     1080.7266 46884152    7.23%
 321379 185519     1136.2105   907     1164.9633     1080.8368 47253078    7.22%
 321728 184650     1120.0441   832     1164.9633     1080.8368 47051117    7.22%
 322013 185048        cutoff           1164.9633     1080.8537 47153754    7.22%
 322301 184957     1147.0810   883     1164.9633     1080.8586 47123474    7.22%
 322584 185406     1137.4762   975     1164.9633     1080.8586 47231536    7.22%
 322922 186312     1135.1233   858     1164.9633     1080.8586 47440620    7.22%
 323243 185579     1127.7427   825     1164.9633     1080.8586 47262110    7.22%
 323529 186902     1121.2581   865     1164.9633     1080.8586 47593387    7.22%
 323886 187190     1121.5715   815     1164.9633     1080.8586 47651438    7.22%
Elapsed time = 19283.57 sec. (3074738.20 ticks, tree = 35337.50 MB, solutions = 129)
Nodefile size = 33258.84 MB (24239.78 MB after compression)
*323983+186146                         1164.5219     1080.8586             7.18%
*324040+186145                         1163.3880     1080.8586             7.09%
*324077+186145                         1161.6663     1080.8586             6.96%
*324098+186145                         1161.4841     1080.8586             6.94%
 324201 187300     1150.2780   699     1161.4841     1080.8586 47676217    6.94%
 324504 185138     1106.6549  1052     1161.4841     1080.8586 47838810    6.94%
 324809 187161     1127.8324   882     1161.4841     1080.8586 47640348    6.94%
 325101 185807     1105.7735   802     1161.4841     1081.0388 48015033    6.93%
 325429 185655     1139.2917   901     1161.4841     1081.0388 47990615    6.93%
*325557+185824                         1153.7087     1081.0388             6.30%
 325767 185563     1128.6906   899     1153.7087     1081.0388 47955414    6.30%
 326053 175330     1122.5639   774     1153.7087     1081.0782 48090563    6.30%
 326303 185633     1096.8287   937     1153.7087     1081.0782 47978711    6.30%
 326622 185316     1145.0204   948     1153.7087     1081.0782 47887098    6.30%
 326914 185938     1135.5124   787     1153.7087     1081.0782 48033148    6.30%
Elapsed time = 19528.76 sec. (3113011.87 ticks, tree = 35118.54 MB, solutions = 138)
Nodefile size = 33036.17 MB (24088.92 MB after compression)
 327205 185686     1118.8896   816     1153.7087     1081.0782 47984878    6.30%
*327313+175566                         1153.5734     1081.0782             6.28%
 327558 176159     1121.6992   807     1153.5734     1081.0782 48322564    6.28%
 327850 175417     1107.3396   939     1153.5734     1081.0782 48116866    6.28%
 328091 175607     1140.9741   706     1153.5734     1081.0840 48149482    6.28%
 328366 177447     1138.7386   891     1153.5734     1081.2619 48632300    6.27%
 328625 177532     1105.5042   965     1153.5734     1081.2619 48645179    6.27%
 328900 177459     1122.0550   868     1153.5734     1081.2971 48636777    6.27%
 329175 176767     1122.8002   966     1153.5734     1081.2971 48445305    6.27%
 329472 178045        cutoff           1153.5734     1081.3382 48797323    6.26%
 329722 178193     1130.7986   783     1153.5734     1081.3498 48828312    6.26%
Elapsed time = 19766.31 sec. (3151326.35 ticks, tree = 33586.55 MB, solutions = 140)
Nodefile size = 31517.91 MB (23024.55 MB after compression)
 329925 178694     1143.1549   843     1153.5734     1081.3559 48980388    6.26%
 330138 178777     1134.1090   618     1153.5734     1081.3686 48996860    6.26%
 330524 177982     1137.0509   909     1153.5734     1081.3829 48795605    6.26%
 330803 179014     1132.7957   925     1153.5734     1081.3867 49077103    6.26%
 331063 179574     1143.7837   842     1153.5734     1081.3999 49242853    6.26%
 331314 179651     1132.6257   920     1153.5734     1081.4228 49298154    6.25%
 331631 179413     1128.0190   829     1153.5734     1081.4228 49183164    6.25%
 331911 179603     1111.3392   948     1153.5734     1081.4266 49249265    6.25%
 332141 179628     1117.5090   838     1153.5734     1081.4266 49251348    6.25%
 332396 180083     1146.6370   761     1153.5734     1081.4266 49429677    6.25%
Elapsed time = 19998.74 sec. (3189587.37 ticks, tree = 33740.46 MB, solutions = 140)
Nodefile size = 31660.47 MB (23117.66 MB after compression)
 332692 180880     1118.0930   953     1153.5734     1081.4266 49613519    6.25%
 332986 181124     1092.1507  1008     1153.5734     1081.4266 49707316    6.25%
 333272 179885     1115.2349   875     1153.5734     1081.4266 49380095    6.25%
 333533 180969     1109.6972   851     1153.5734     1081.4266 49650663    6.25%
 333823 181763     1093.3591   926     1153.5734     1081.4266 49920772    6.25%
 334106 181824     1122.6192   866     1153.5734     1081.5471 49939308    6.24%
 334440 181837     1140.0706   793     1153.5734     1081.5471 49941267    6.24%
 334731 181320     1115.7148   933     1153.5734     1081.5936 49797285    6.24%
 335018 181809     1127.0040   724     1153.5734     1081.6280 49930555    6.24%
 335414 181498     1119.4553   838     1153.5734     1081.6294 49840917    6.24%
Elapsed time = 20256.26 sec. (3227842.93 ticks, tree = 33811.97 MB, solutions = 140)
Nodefile size = 31726.77 MB (23154.33 MB after compression)
 335713 182356     1113.5637   889     1153.5734     1081.6294 50053027    6.24%
 336038 182351     1140.8373   915     1153.5734     1081.6741 50039688    6.23%
 336323 183765     1131.3499   930     1153.5734     1081.7335 50401509    6.23%
 336600 183479     1090.3855  1069     1153.5734     1081.7397 50327911    6.23%
 336883 182506     1141.3516   896     1153.5734     1081.7397 50101436    6.23%
 337174 183387     1151.3903   907     1153.5734     1081.7543 50300238    6.23%
 337368 183249     1104.0079   974     1153.5734     1081.7543 50274464    6.23%

GUB cover cuts applied:  26
Clique cuts applied:  6
Cover cuts applied:  49
Implied bound cuts applied:  183
Flow cuts applied:  592
Mixed integer rounding cuts applied:  667
Zero-half cuts applied:  30
Lift and project cuts applied:  61
Gomory fractional cuts applied:  25

Root node processing (before b&c):
  Real time             =   45.74 sec. (18222.41 ticks)
Parallel b&c, 32 threads:
  Real time             = 20384.38 sec. (3238508.76 ticks)
  Sync time (average)   = 5486.81 sec.
  Wait time (average)   =    1.14 sec.
                          ------------
Total (root+branch&cut) = 20430.12 sec. (3256731.17 ticks)
Number of arguments: 7

File path: ../Data/Demo/100/C101.txt
Capacity of FEV: 600
Capacity of SEV: 50
Execution time limit: 340
Case: r

PI array:[1, 0, 1, 1, 1, 0, 1, 1, 1, 1, 1, 1, 1, 1, 1, 1, 1, 1, 1, 1, 1, 1, 1, 1]
Number of customers: 100
./Result/C101/C101-Q50-r
Feasible solution found within the time limit!
Total execution time: 20432.571376671 seconds
Total distance traveled: 1153.5733738263066
File name: C101-Q50-r
Number of customers: 100
Capacity of FEV: 10000
Capacity of Microhub: 600
Capacity of SEV: 50
Number of parkings: 24
Number of microhubs: 22
Number of robots/MM: 10
Parking generation rule: r
==========================================================================
