Version identifier: 22.1.1.0 | 2022-11-28 | 9160aff4d
CPXPARAM_TimeLimit                               20400
Tried aggregator 1 time.
MIP Presolve eliminated 1625 rows and 1362 columns.
MIP Presolve modified 12048 coefficients.
Reduced MIP has 26753 rows, 28460 columns, and 122500 nonzeros.
Reduced MIP has 14420 binaries, 14040 generals, 0 SOSs, and 0 indicators.
Presolve time = 0.13 sec. (80.03 ticks)
Probing time = 5.86 sec. (43.46 ticks)
Cover probing fixed 0 vars, tightened 16 bounds.
Tried aggregator 1 time.
Detecting symmetries...
MIP Presolve eliminated 476 rows and 476 columns.
MIP Presolve modified 2 coefficients.
Reduced MIP has 26277 rows, 27984 columns, and 120874 nonzeros.
Reduced MIP has 14418 binaries, 13566 generals, 0 SOSs, and 0 indicators.
Presolve time = 0.20 sec. (105.85 ticks)
Probing time = 7.66 sec. (18.78 ticks)
Cover probing fixed 0 vars, tightened 13 bounds.
Clique table members: 27737.
MIP emphasis: balance optimality and feasibility.
MIP search method: dynamic search.
Parallel mode: deterministic, using up to 32 threads.
Root relaxation solution time = 3.99 sec. (581.87 ticks)

        Nodes                                         Cuts/
   Node  Left     Objective  IInf  Best Integer    Best Bound    ItCnt     Gap

      0     0      894.3674   405                    894.3674       21         
      0     0      934.3790   555                   Cuts: 364     1955         
      0     0      972.2525   585                   Cuts: 229     3390         
      0     0      985.4489   667                   Cuts: 171     4381         
      0     0      993.3878   644                   Cuts: 150     4840         
      0     0      996.1533   697                    Cuts: 89     5339         
Detecting symmetries...
      0     0     1000.8736   662                    Cuts: 96     5740         
      0     0     1001.9927   666                    Cuts: 77     6076         
      0     0     1003.4844   633                    Cuts: 70     6523         
      0     0     1004.9199   628                    Cuts: 65     6992         
      0     0     1005.4053   657                    Cuts: 48     7131         
      0     0     1005.6581   662                    Cuts: 45     7283         
      0     0     1006.0278   633                    Cuts: 45     7451         
      0     0     1006.3197   651                    Cuts: 45     7593         
      0     0     1006.4443   647                    Cuts: 36     7676         
      0     0     1006.5419   664                    Cuts: 22     7730         
Detecting symmetries...
      0     2     1006.5419   664                   1006.5419     7730         
Elapsed time = 53.52 sec. (23321.51 ticks, tree = 0.02 MB, solutions = 0)
      3     5     1008.6644   662                   1008.3974     8011         
      5     5     1016.7649   615                   1008.3974     8797         
      7     9     1018.7874   655                   1008.3974     9974         
     11    11     1021.5865   615                   1008.3974    10240         
     19    18     1020.3848   631                   1008.6645    14589         
     55    42     1106.5734   618                   1008.6645    20616         
    129    56     1084.1398   633                   1008.6645    25158         
    178   134     1104.5042   635                   1008.6645    37112         
    234   203     1120.0544   585                   1008.6645    48704         
    307   269     1076.7469   628                   1008.6645    68280         
Elapsed time = 75.75 sec. (27416.87 ticks, tree = 1.87 MB, solutions = 0)
    370   340     1109.4088   662                   1017.9134   108209         
    406   351     1037.6917   635                   1017.9134   118906         
    448   414     1128.6253   566                   1017.9134   208498         
    475   431     1141.4160   591                   1017.9134   223209         
    500   388     1157.6691   589                   1017.9134   173378         
    524   484     1097.1495   540                   1017.9134   305756         
    565   519     1221.5479   563                   1017.9134   359622         
    621   554     1250.8527   512                   1017.9134   399290         
    672   578     1190.9403   594                   1017.9134   417994         
    754   666     1251.7523   564                   1017.9134   482190         
Elapsed time = 130.22 sec. (37258.46 ticks, tree = 8.73 MB, solutions = 0)
    822   638     1295.3408   568                   1017.9134   463221         
    932   785     1303.8073   555                   1017.9134   568050         
   1058   809     1353.9546   505                   1017.9134   579197         
   1210   828     1362.4112   452                   1017.9134   581110         
   1368  1113     1407.6111   397                   1017.9134   665776         
   1612  1064     1381.1308   377                   1017.9134   653155         
   1772  1280     1340.6630   466                   1017.9134   736715         
   1880  1212     1355.5130   546                   1017.9134   715802         
   2128  1645     1467.2642   368                   1017.9134   812459         
   2489  1595     1412.9310   452                   1017.9134   807717         
Elapsed time = 185.05 sec. (46869.58 ticks, tree = 108.79 MB, solutions = 0)
   2976  1710     1521.9803   346                   1017.9134   825325         
   3559  1977     1501.8853   421                   1017.9134   859743         
   4117  2930     1508.9115   424                   1017.9134   971199         
   4645  3392     1511.5016   307                   1017.9134  1010921         
   5179  2738     1592.2562   348                   1017.9134   948361         
   5692  4167    infeasible                         1017.9134  1107783         
   6284  3884     1650.5734   453                   1017.9134  1084771         
   6900  5056     1830.9805   343                   1017.9134  1211896         
   7643  4923     1488.6394   322                   1017.9134  1195306         
   8480  5806     1409.8231   408                   1017.9134  1285295         
Elapsed time = 232.81 sec. (56417.21 ticks, tree = 1053.45 MB, solutions = 0)
   9232  5967     1775.1182   340                   1017.9134  1296438         
  10020  7045     1819.4891   197                   1017.9134  1387254         
  10680  7489     1699.3971   232                   1017.9134  1421676         
  11418  8042    infeasible                         1017.9134  1466408         
  12148  8636     1765.0136   169                   1017.9134  1521175         
  13124  9783     1958.6661   179                   1017.9134  1620448         
  13993  9859     1632.2055   253                   1017.9134  1625067         
  14715 10450     1724.4513   195                   1017.9134  1674106         
  15477 11170     1806.4719   133                   1017.9134  1726022         
  16326 11277     1955.0908    50                   1017.9134  1732155         
Elapsed time = 285.81 sec. (65974.40 ticks, tree = 2356.16 MB, solutions = 0)
Nodefile size = 303.25 MB (204.01 MB after compression)
  17139 12139     2162.8055   173                   1017.9134  1800012         
  17899 12876     1698.6890   285                   1017.9134  1858877         
* 18485 13229      integral     0     2017.0140     1017.9134  1885702   49.53%
  18564 13679     1799.0585    66     2017.0140     1017.9134  1914005   49.53%
  18978 13898     1701.2812   233     2017.0140     1028.7457  1923475   49.00%
  19053 12227     1211.5214   614     2017.0140     1028.7457  1953902   49.00%

Performing restart 1

Repeating presolve.
Tried aggregator 1 time.
MIP Presolve eliminated 47 rows and 205 columns.
MIP Presolve modified 918 coefficients.
Reduced MIP has 26230 rows, 27779 columns, and 120275 nonzeros.
Reduced MIP has 14260 binaries, 13519 generals, 0 SOSs, and 0 indicators.
Presolve time = 0.11 sec. (55.42 ticks)
Tried aggregator 1 time.
MIP Presolve eliminated 66 rows and 157 columns.
Reduced MIP has 26164 rows, 27622 columns, and 119814 nonzeros.
Reduced MIP has 14169 binaries, 13453 generals, 0 SOSs, and 0 indicators.
Presolve time = 0.16 sec. (75.75 ticks)
Represolve time = 9.98 sec. (290.71 ticks)
* 19056+    0                         1822.8041     1028.7457            43.56%
  19056     0     1053.0147   713     1822.8041     Cuts: 335  2060932   42.23%
  19056     0     1075.1967   747     1822.8041     Cuts: 361  2063320   41.01%
  19056     0     1095.1270   765     1822.8041     Cuts: 449  2065461   39.92%
* 19056+    0                         1806.3135     1095.1270            39.37%
* 19056+    0                         1803.1024     1095.1270            39.26%
* 19056+    0                         1800.3843     1095.1270            39.17%
* 19056+    0                         1797.7797     1095.1270            39.08%
  19056     0     1113.3385   801     1797.7797     Cuts: 626  2067355   38.07%
  19056     0     1119.0779   811     1797.7797     Cuts: 345  2068670   37.75%
  19056     0     1132.1805   824     1797.7797     Cuts: 367  2071113   37.02%
  19056     0     1141.8682   852     1797.7797     Cuts: 332  2073172   36.48%
  19056     0     1147.2942   852     1797.7797     Cuts: 357  2075181   36.18%
  19056     0     1150.4241   887     1797.7797     Cuts: 634  2076307   36.01%
  19056     0     1152.3323   921     1797.7797     Cuts: 262  2077237   35.90%
  19056     0     1153.4213   957     1797.7797     Cuts: 217  2078080   35.84%
  19056     0     1154.0799   982     1797.7797     Cuts: 164  2078657   35.81%
  19056     0     1154.5695   961     1797.7797     Cuts: 185  2079068   35.78%
  19056     0     1154.9063   977     1797.7797     Cuts: 106  2079398   35.76%
  19056     0     1155.1047   972     1797.7797      Cuts: 98  2079595   35.75%
  19056     0     1155.3212   948     1797.7797      Cuts: 90  2079787   35.74%
  19056     0     1155.4609   957     1797.7797      Cuts: 81  2080000   35.73%
  19056     0     1155.5385   986     1797.7797      Cuts: 90  2080166   35.72%
  19056     0     1155.6343   977     1797.7797      Cuts: 50  2080314   35.72%
  19056     0     1155.7218   968     1797.7797      Cuts: 51  2080406   35.71%
  19056     0     1155.7675   989     1797.7797      Cuts: 29  2080507   35.71%
  19056     2     1155.7677   976     1797.7797     1155.7675  2080507   35.71%
  19057     3     1158.9145   931     1797.7797     1158.9145  2083509   35.54%
  19058     4     1159.0449   924     1797.7797     1158.9145  2084597   35.54%
  19059     3     1169.4368   846     1797.7797     1158.9145  2084209   35.54%
  19060     4     1159.5979   926     1797.7797     1158.9145  2084607   35.54%
Elapsed time = 590.37 sec. (223674.83 ticks, tree = 0.02 MB, solutions = 7)
  19061     5     1159.0450   928     1797.7797     1158.9145  2084608   35.54%
  19064     8     1160.4332   919     1797.7797     1159.0449  2090081   35.53%
  19067     7     1160.7993   924     1797.7797     1159.0449  2089869   35.53%
  19071     9     1238.3032   865     1797.7797     1159.0617  2091334   35.53%
  19073    12     1171.0864   907     1797.7797     1159.0827  2097256   35.53%
  19078    17     1173.4167   820     1797.7797     1160.4389  2102072   35.45%
  19079    14     1167.3800   916     1797.7797     1160.4389  2100651   35.45%
  19083    14     1185.7575   864     1797.7797     1160.4389  2100474   35.45%
  19086    15     1185.6408   852     1797.7797     1160.4389  2100626   35.45%
  19089    20     1171.1265   896     1797.7797     1160.4389  2109802   35.45%
Elapsed time = 661.36 sec. (240506.09 ticks, tree = 0.03 MB, solutions = 7)
  19091    19     1239.9093   881     1797.7797     1160.4389  2106123   35.45%
  19094    17     1238.9511   865     1797.7797     1160.4389  2105219   35.45%
  19101    18     1239.9105   881     1797.7797     1162.1389  2107465   35.36%
  19106    28     1171.9968   942     1797.7797     1162.1389  2142601   35.36%
  19111    28     1255.1409   874     1797.7797     1162.1389  2149029   35.36%
  19119    20     1258.9525   820     1797.7797     1162.1389  2112844   35.36%
  19127    37     1190.4917   896     1797.7797     1162.1810  2182771   35.35%
* 19129+   30                         1776.9682     1162.1810            34.60%
* 19129+   28                         1775.6726     1162.1810            34.55%
* 19129+   30                         1775.4388     1162.1810            34.54%
* 19129+   30                         1774.7426     1162.1810            34.52%
* 19130+   30                         1774.4192     1162.1810            34.50%
* 19131+   30                         1774.2020     1162.1810            34.50%
* 19131+   28                         1773.6500     1162.1810            34.48%
  19131    31     1200.1285   854     1773.6500     1162.1810  2156978   34.48%
* 19132+   29                         1770.9116     1162.1810            34.37%
  19138    38     1167.5642   979     1770.9116     1165.1288  2189509   34.21%
* 19140+   31                         1770.4875     1165.1288            34.19%
  19143    19     1240.1851   883     1770.4875     1165.1288  2114943   34.19%
Elapsed time = 730.69 sec. (252196.40 ticks, tree = 0.03 MB, solutions = 14)
* 19146+   31                         1770.1498     1165.1288            34.18%
  19150    52     1262.0722   776     1770.1498     1165.1288  2289430   34.18%
  19156    63     1200.3630   867     1770.1498     1165.1288  2351952   34.18%
  19165    65     1209.7197   895     1770.1498     1165.1288  2362543   34.18%
  19169    67     1263.5245   872     1770.1498     1165.1785  2381572   34.18%
  19177    70     1193.9706   947     1770.1498     1165.1785  2394338   34.18%
  19186    52     1177.8619   782     1770.1498     1165.1785  2263710   34.18%
  19196    58     1176.0302   966     1770.1498     1165.1785  2313012   34.18%
  19202    90     1192.9606   843     1770.1498     1165.1785  2469821   34.18%
  19214    86     1204.8303   856     1770.1498     1165.1785  2461222   34.18%
  19223    77     1195.9935   908     1770.1498     1165.1785  2446452   34.18%
Elapsed time = 806.75 sec. (263114.00 ticks, tree = 0.20 MB, solutions = 19)
  19227   109     1193.3282   909     1770.1498     1165.1785  2498375   34.18%
  19236    82     1215.3445   786     1770.1498     1165.1785  2452690   34.18%
  19243   108     1265.3789   893     1770.1498     1165.1785  2493881   34.18%
  19253   110     1194.4464   919     1770.1498     1165.1785  2499689   34.18%
  19256   147     1263.3463   870     1770.1498     1165.1785  2545976   34.18%
  19268   159     1229.9644   845     1770.1498     1165.1785  2562361   34.18%
  19280   118     1194.3948   931     1770.1498     1165.1785  2511589   34.18%
  19286   120     1177.9372   898     1770.1498     1165.1785  2515494   34.18%
  19294   157     1210.8119   927     1770.1498     1165.1785  2557213   34.18%
  19335   201     1212.4541   911     1770.1498     1165.1785  2638403   34.18%
Elapsed time = 901.60 sec. (277030.44 ticks, tree = 1.76 MB, solutions = 23)
  19374   211     1198.5249   880     1770.1498     1165.1785  2644098   34.18%
  19407   255     1240.1426   784     1770.1498     1165.1785  2677476   34.18%
  19444   312     1208.7195   830     1770.1498     1165.1785  2718210   34.18%
  19489   343     1263.8416   881     1770.1498     1165.1785  2735779   34.18%
  19567   316     1204.7379   818     1770.1498     1165.1785  2720720   34.18%
  19645   414     1269.7937   808     1770.1498     1165.1785  2790806   34.18%
  19730   471     1227.3794   620     1770.1498     1165.1785  2820270   34.18%
  19814   501     1245.6856   795     1770.1498     1165.1785  2833258   34.18%
  19924   579     1260.2017   843     1770.1498     1165.1785  2860513   34.18%
  20051   764     1281.7857   791     1770.1498     1165.1785  2939935   34.18%
Elapsed time = 1166.12 sec. (315830.16 ticks, tree = 49.29 MB, solutions = 23)
  20230   653     1267.5749   690     1770.1498     1165.1785  2891901   34.18%
  20427   779     1321.6284   744     1770.1498     1165.1785  2945539   34.18%
  20685  1074     1272.1789   695     1770.1498     1165.1785  3066064   34.18%
  20936   924     1344.2019   633     1770.1498     1165.1785  3014472   34.18%
  21190  1530     1418.6395   522     1770.1498     1165.1785  3218989   34.18%
  21470  1732     1325.0309   537     1770.1498     1165.1785  3269711   34.18%
  21903  1698     1365.7217   670     1770.1498     1165.1785  3257084   34.18%
  22423  2115     1278.1006   636     1770.1498     1165.1785  3408808   34.18%
  23131  2918     1479.6724   492     1770.1498     1165.1785  3554760   34.18%
  23750  3235     1482.5270   556     1770.1498     1165.1785  3625646   34.18%
Elapsed time = 1419.23 sec. (354047.77 ticks, tree = 545.04 MB, solutions = 23)
  24367  3522     1350.6980   607     1770.1498     1165.1785  3671296   34.18%
  25122  4277     1655.0629   526     1770.1498     1165.1785  3761615   34.18%
  25830  3809     1587.7326   449     1770.1498     1165.1785  3712598   34.18%
  26452  5143     1748.9767   494     1770.1498     1165.1785  3856524   34.18%
  27058  5448     1696.1511   492     1770.1498     1165.1785  3874465   34.18%
  27626  6123     1280.1545   766     1770.1498     1165.1785  3972851   34.18%
  28098  7497     1694.8849   362     1770.1498     1165.1785  4132774   34.18%
  28583  7649     1427.0232   566     1770.1498     1165.1785  4146862   34.18%
  29073  8803     1510.5617   603     1770.1498     1165.1785  4388590   34.18%
  29624  8877     1681.7696   504     1770.1498     1165.1785  4390823   34.18%
Elapsed time = 1660.61 sec. (392265.55 ticks, tree = 1659.46 MB, solutions = 23)
* 29794+ 8946                         1770.0029     1165.1785            34.17%
  30279  9463     1635.2759   383     1770.0029     1165.1785  4505907   34.17%
  31037  9617     1585.0922   348     1770.0029     1165.1785  4532501   34.17%
  31990 10014     1490.3224   527     1770.0029     1165.1785  4586247   34.17%
  32992 11041     1550.2001   341     1770.0029     1165.1785  4716866   34.17%
  33957 12120     1587.6805   397     1770.0029     1165.1785  4843972   34.17%
  34649 11985     1228.2655   878     1770.0029     1170.0730  4841221   33.89%
  35291 13844     1605.2976   379     1770.0029     1170.0730  5013134   33.89%
  35902 14851     1615.0019   406     1770.0029     1170.0730  5137710   33.89%
  36624 14789     1394.9980   610     1770.0029     1170.0730  5135523   33.89%
  37302 15560     1546.4806   559     1770.0029     1171.1398  5244567   33.83%
Elapsed time = 1914.93 sec. (430455.88 ticks, tree = 3139.55 MB, solutions = 24)
Nodefile size = 1077.07 MB (699.67 MB after compression)
  37764 15721     1316.0146   747     1770.0029     1171.1398  5270951   33.83%
  38216 17113     1585.7491   394     1770.0029     1171.1398  5423859   33.83%
  38787 17639     1390.3261   690     1770.0029     1171.1398  5495752   33.83%
  39496 18084     1342.3447   713     1770.0029     1171.1398  5551122   33.83%
  40127 18362     1749.3033   355     1770.0029     1173.5985  5588917   33.70%
* 40712+18804                         1763.8185     1173.5985            33.46%
  40911 19617     1491.0732   543     1763.8185     1173.5985  5766943   33.46%
  41605 19642     1763.0930   254     1763.8185     1173.5985  5760895   33.46%
  42185 19917     1615.3133   228     1763.8185     1173.5985  5807075   33.46%
  42828 21271     1391.2306   723     1763.8185     1176.5842  6028546   33.29%
  43547 21380     1692.8648   249     1763.8185     1176.5842  6045615   33.29%
Elapsed time = 2179.80 sec. (468663.21 ticks, tree = 4087.91 MB, solutions = 26)
Nodefile size = 2024.57 MB (1315.25 MB after compression)
  44241 22430     1701.4950   236     1763.8185     1177.1281  6178048   33.26%
  45027 22893     1437.5316   497     1763.8185     1178.3420  6246231   33.19%
  45718 23219     1360.2062   614     1763.8185     1178.3420  6306823   33.19%
  46307 24454     1232.2783   855     1763.8185     1178.3420  6474777   33.19%
  46925 25053     1738.8703   394     1763.8185     1178.3420  6559864   33.19%
  47397 25591     1386.6932   647     1763.8185     1178.3420  6659660   33.19%
  48009 26366     1721.1342   445     1763.8185     1180.0516  6808919   33.10%
* 48269+25618                         1660.2334     1180.0516            28.92%
  48720 26295     1575.1111   375     1660.2334     1180.0516  6783222   28.92%
* 49270+21850                         1652.2251     1180.0516            28.58%
  49435 26858     1544.4652   446     1652.2251     1180.0516  6893810   28.58%
  50071 21850     1542.5090   349     1652.2251     1182.3541  6943999   28.44%
Elapsed time = 2431.99 sec. (506873.97 ticks, tree = 4126.67 MB, solutions = 51)
Nodefile size = 2048.19 MB (1348.31 MB after compression)
* 50274+21745                         1630.9652     1182.3541            27.51%
* 50311+21745                         1619.9524     1182.3541            27.01%
  50662 21003     1349.3972   656     1619.9524     1182.7190  7124039   26.99%
  51143 21028     1495.0164   617     1619.9524     1183.6635  7133624   26.93%
  51683 21622     1537.6003   420     1619.9524     1183.6635  7250374   26.93%
  52390 21989     1579.5573   352     1619.9524     1183.6635  7307207   26.93%
* 52516+21731                         1553.7425     1183.6635            23.82%
* 52658+21731                         1544.2783     1183.7355            23.35%
* 52665+21727                         1534.8095     1183.7355            22.87%
* 52680+21727                         1531.0733     1183.7355            22.69%
  52892 22273     1231.8046   808     1531.0733     1183.7355  7373972   22.69%
  53421 18221     1267.7908   901     1531.0733     1187.8382  7609196   22.42%
  53981 18802     1312.3163   740     1531.0733     1187.8382  7732811   22.42%
  54644 18525     1463.9899   549     1531.0733     1189.6570  7666824   22.30%
  55109 18906     1387.1823   678     1531.0733     1192.4648  7739118   22.12%
* 55123+18667                         1530.7285     1192.4648            22.10%
  55576 19432     1273.1193   763     1530.7285     1193.1174  7905717   22.06%
Elapsed time = 2700.03 sec. (545084.62 ticks, tree = 3403.46 MB, solutions = 67)
Nodefile size = 1347.82 MB (897.78 MB after compression)
  56184 19690     1479.7360   364     1530.7285     1193.1174  7925466   22.06%
* 56490+20775                         1530.2653     1193.1174            22.03%
* 56604+20768                         1523.6085     1193.1174            21.69%
* 56737+20768                         1518.2805     1193.1174            21.42%
  56748 21118     1341.7122   712     1518.2805     1193.1174  8173264   21.42%
  57524 20732     1329.8504   738     1518.2805     1193.1174  8117502   21.42%
  58299 20682     1516.2050   575     1518.2805     1193.1174  8272495   21.42%
  59024 22124     1349.0486   663     1518.2805     1193.1288  8465739   21.42%
  59637 22267     1345.3012   714     1518.2805     1193.1288  8501139   21.42%
* 59987+20585                         1464.0652     1194.1173            18.44%
  60256 23070     1303.1450   609     1464.0652     1194.2244  8596534   18.43%
  60763 23584     1425.9999   620     1464.0652     1194.3136  8657821   18.42%
  61158 23599     1478.6884   663     1464.0652     1194.8232  8652495   18.39%
* 61190+22998                         1463.2703     1194.8232            18.35%
* 61407+20150                         1457.6364     1194.8232            18.03%
  61435 20106     1240.3583   879     1457.6364     1194.8232  8835820   18.03%
Elapsed time = 2967.17 sec. (583353.81 ticks, tree = 3604.16 MB, solutions = 76)
Nodefile size = 1547.55 MB (1042.46 MB after compression)
  61690 20002     1274.0373   824     1457.6364     1195.2555  8818280   18.00%
* 61825+19946                         1436.3636     1195.2555            16.79%
* 61839+19946                         1435.1060     1195.2555            16.71%
  61889 19999     1346.1821   639     1435.1060     1195.2555  8945371   16.71%
  62146 18523     1340.2339   632     1435.1060     1195.2555  9101890   16.71%
  62539 18738     1352.6380   609     1435.1060     1195.4001  9143087   16.70%
  62843 18550     1356.3714   595     1435.1060     1195.4001  9108199   16.70%
  63266 19199     1316.1155   894     1435.1060     1195.4001  9310476   16.70%
  63671 19403     1363.0750   541     1435.1060     1195.4001  9366843   16.70%
  64138 19492     1343.9890   754     1435.1060     1195.4001  9381333   16.70%
  64620 20619     1267.4291   911     1435.1060     1196.5040  9628582   16.63%
  65025 20111     1334.9968   690     1435.1060     1196.5040  9537907   16.63%
Elapsed time = 3245.79 sec. (621710.77 ticks, tree = 3461.40 MB, solutions = 79)
Nodefile size = 1402.48 MB (942.95 MB after compression)
  65359 20983     1428.3619   541     1435.1060     1196.5040  9674463   16.63%
  65820 21270     1405.9643   503     1435.1060     1196.5040  9757218   16.63%
  66307 21276     1234.9744   857     1435.1060     1197.5055  9774017   16.56%
  66743 21906     1378.1908   499     1435.1060     1197.5055  9936046   16.56%
  67271 22693     1429.9713   520     1435.1060     1197.7069 10098605   16.54%
  67677 22951     1391.2821   664     1435.1060     1197.8418 10161986   16.53%
  68043 23701     1339.2572   595     1435.1060     1197.9907 10302815   16.52%
  68482 23792     1387.5393   611     1435.1060     1197.9907 10346220   16.52%
  68906 23650     1226.6716   887     1435.1060     1197.9907 10295135   16.52%
  69246 23945     1353.2964   518     1435.1060     1198.1698 10395607   16.51%
Elapsed time = 3519.26 sec. (659991.37 ticks, tree = 4300.34 MB, solutions = 79)
Nodefile size = 2242.40 MB (1514.18 MB after compression)
  69655 25085     1392.3893   406     1435.1060     1198.1698 10659316   16.51%
  70052 24764     1327.4276   659     1435.1060     1198.6439 10600437   16.48%
  70292 25282     1301.3204   682     1435.1060     1198.6439 10725342   16.48%
  70536 25482     1343.5714   800     1435.1060     1198.6655 10786097   16.48%
* 70700+26301                         1432.7136     1199.1357            16.30%
* 70733+26249                         1432.6470     1199.1357            16.30%
* 70761+26249                         1431.3063     1199.1357            16.22%
  70786 25669     1330.7313   816     1431.3063     1199.1357 10838004   16.22%
* 70850+26249                         1425.5091     1199.1357            15.88%
* 70852+26249                         1425.3179     1199.1357            15.87%
* 70859+26249                         1420.4292     1199.1357            15.58%
  70979 26223     1346.5739   842     1420.4292     1199.2768 10965065   15.57%
* 70980+26481                         1418.8792     1199.2768            15.48%
* 70997+26481                         1418.5403     1199.2768            15.46%
* 71012+26481                         1418.3468     1199.2768            15.45%
  71205 26946     1312.3092   814     1418.3468     1199.2768 11194547   15.45%
* 71325+26514                         1415.1484     1199.2768            15.25%
* 71336+26514                         1414.0383     1199.2768            15.19%
  71380 26799     1300.8849   668     1414.0383     1199.2768 11136569   15.19%
  71552 27238     1295.0944   917     1414.0383     1199.2768 11280337   15.19%
  71805 27320     1350.0227   666     1414.0383     1199.2768 11310706   15.19%
Elapsed time = 3799.19 sec. (698243.27 ticks, tree = 4944.41 MB, solutions = 79)
Nodefile size = 2886.27 MB (1947.12 MB after compression)
  72029 27432     1218.6073   910     1414.0383     1199.2768 11329384   15.19%
  72160 27226     1250.8360   937     1414.0383     1199.2768 11270393   15.19%
  72312 25440     1395.2352   861     1414.0383     1199.2768 11487604   15.19%
  72470 26851     1318.1198   720     1414.0383     1199.2768 11465119   15.19%
  72682 25497     1377.8144   629     1414.0383     1199.2768 11501835   15.19%
* 72742+25375                         1413.0063     1199.2768            15.13%
* 72923+25376                         1413.0063     1199.2768            15.13%
  72962 25542     1259.4926   800     1413.0063     1199.2768 11532970   15.13%
  73318 25746     1308.5146   679     1413.0063     1199.2768 11754314   15.13%
* 73641+25284                         1412.3606     1199.2768            15.09%
  73704 25498     1372.9578   637     1412.3606     1199.2768 11677273   15.09%
  74191 26071     1353.4050   646     1412.3606     1199.2768 11856436   15.09%
  74619 25756     1267.9566   809     1412.3606     1199.2768 11762307   15.09%
Elapsed time = 4034.82 sec. (736558.97 ticks, tree = 4339.03 MB, solutions = 180)
Nodefile size = 2317.71 MB (1568.44 MB after compression)
  74806 26611     1321.4663   813     1412.3606     1199.6396 11985583   15.06%
* 75036+26722                         1412.2577     1200.4379            15.00%
  75051 27086     1328.4070   702     1412.2577     1200.4379 12112876   15.00%
  75308 26866     1306.6623   943     1412.2577     1200.4379 12049182   15.00%
* 75487+26448                         1412.2577     1200.4379            15.00%
  75603 27358     1314.0385   787     1412.2577     1200.4379 12188103   15.00%
  76007 27508     1368.6843   588     1412.2577     1201.3789 12270548   14.93%
  76367 27744     1342.9848   673     1412.2577     1201.4214 12352849   14.93%
  76675 28254     1340.2616   702     1412.2577     1201.4214 12510809   14.93%
  76972 28395     1332.1899   600     1412.2577     1201.4214 12562840   14.93%
  77234 28333        cutoff           1412.2577     1201.4214 12524963   14.93%
  77376 29459     1293.1112   747     1412.2577     1201.4214 12846740   14.93%
Elapsed time = 4317.23 sec. (774793.61 ticks, tree = 4888.23 MB, solutions = 187)
Nodefile size = 2830.77 MB (1913.13 MB after compression)
  77636 29478     1331.8080   754     1412.2577     1201.4214 12849694   14.93%
  77976 29818     1391.3474   465     1412.2577     1201.4214 12930066   14.93%
  78507 29709     1409.7044   530     1412.2577     1201.4214 12919026   14.93%
  78970 30007        cutoff           1412.2577     1201.4214 13017583   14.93%
* 79069+29941                         1406.3347     1201.4214            14.57%
* 79100+29941                         1401.1184     1201.4214            14.25%
  79247 28623     1366.5520   398     1401.1184     1201.4214 13161555   14.25%
  79521 28696     1397.7592   680     1401.1184     1201.4593 13174619   14.25%
  79884 30418     1320.7204   611     1401.1184     1202.2890 13122958   14.19%
  80410 29505     1324.5418   691     1401.1184     1202.2890 13405572   14.19%
  80813 29520     1275.3663   902     1401.1184     1202.2890 13412423   14.19%
  81151 29349     1380.6517   693     1401.1184     1202.3884 13361496   14.18%
Elapsed time = 4584.20 sec. (813040.00 ticks, tree = 4954.97 MB, solutions = 192)
Nodefile size = 2886.04 MB (1958.44 MB after compression)
  81542 30313     1333.3709   714     1401.1184     1202.3884 13551910   14.18%
  81896 29875     1357.1839   741     1401.1184     1202.6738 13485072   14.16%
* 81918+28780                         1393.3057     1202.6738            13.68%
  82228 30704     1321.6328   734     1393.3057     1202.6738 13665967   13.68%
* 82230+29415                         1393.2027     1202.6738            13.68%
  82598 29430     1352.8102   800     1393.2027     1203.0630 13842160   13.65%
  82832 30941     1208.8793   893     1393.2027     1203.0630 13709015   13.65%
  83026 29707     1302.7845   678     1393.2027     1203.0630 13918219   13.65%
  83247 30524     1295.5242   773     1393.2027     1203.0973 14141099   13.65%
  83488 30086     1319.6103   727     1393.2027     1203.1462 14015767   13.64%
  83745 30221     1306.8667   888     1393.2027     1203.1462 14049554   13.64%
  84096 30732     1322.6728   599     1393.2027     1203.1462 14221870   13.64%
Elapsed time = 4854.00 sec. (851261.75 ticks, tree = 5077.31 MB, solutions = 196)
Nodefile size = 3014.65 MB (2046.40 MB after compression)
  84622 31157     1360.4133   481     1393.2027     1203.8386 14405093   13.59%
* 84678+30519                         1390.2673     1203.8676            13.41%
  85059 31694     1377.5771   522     1390.2673     1203.9788 14549176   13.40%
* 85345+30519                         1380.8579     1203.9788            12.81%
  85473 31678     1299.8001   597     1380.8579     1203.9788 14597439   12.81%
* 85582+30519                         1376.3693     1203.9788            12.53%
  85860 32102     1336.8175   691     1376.3693     1203.9788 14696901   12.53%
* 86063+27989                         1372.5128     1203.9788            12.28%
* 86068+27989                         1367.2122     1203.9788            11.94%
  86321 28022     1318.1201   657     1367.2122     1203.9788 14749368   11.94%
* 86599+31851                         1366.6559     1204.2447            11.88%
  86644 25606     1334.9158   792     1366.6559     1204.2447 14774037   11.88%
  86906 25984     1262.2996   899     1366.6559     1204.2447 14880101   11.88%
* 86973+26305                         1365.6438     1204.2447            11.82%
  87136 26008     1280.0855   924     1365.6438     1204.3852 14893844   11.81%
  87342 26356     1301.3284   836     1365.6438     1204.3852 15066873   11.81%
  87532 26304     1286.5151   777     1365.6438     1204.6844 15048319   11.79%
Elapsed time = 5135.08 sec. (889520.18 ticks, tree = 4346.97 MB, solutions = 208)
Nodefile size = 2287.72 MB (1559.16 MB after compression)
  87719 26326     1329.1795   786     1365.6438     1205.1077 15051390   11.76%
* 87751+26143                         1363.0103     1205.1077            11.58%
  87843 26108     1297.2490   755     1363.0103     1205.1090 15328491   11.58%
  87975 26477     1253.1391   845     1363.0103     1205.2246 15506312   11.58%
  88165 26210     1340.3411   814     1363.0103     1205.2246 15379446   11.58%
  88415 26138     1273.2149   893     1363.0103     1205.2246 15347196   11.58%
  88692 26639     1295.4621   699     1363.0103     1205.2246 15649929   11.58%
  88933 26687     1236.0989   838     1363.0103     1205.5981 15675444   11.55%
  89172 26709     1283.3513   797     1363.0103     1205.5981 15688958   11.55%
  89472 26815     1306.9073   695     1363.0103     1205.5981 15759018   11.55%
  89708 27131     1241.2125   899     1363.0103     1206.0703 15883104   11.51%
Elapsed time = 5425.88 sec. (927820.07 ticks, tree = 4388.21 MB, solutions = 209)
Nodefile size = 2326.31 MB (1584.02 MB after compression)
  89916 27609     1283.3078   814     1363.0103     1206.3527 16074361   11.49%
  90170 27503     1352.8583   612     1363.0103     1206.3702 16014765   11.49%
  90401 27857     1305.5900   743     1363.0103     1206.3702 16154607   11.49%
* 90645+26980                         1361.6360     1206.5950            11.39%
  90666 28453    infeasible           1361.6360     1206.7194 16410018   11.38%
  90891 28110     1333.0713   638     1361.6360     1206.7194 16434069   11.38%
  91089 28402     1307.4986   685     1361.6360     1206.7194 16404249   11.38%
  91376 28186        cutoff           1361.6360     1206.8695 16484446   11.37%
  91600 28721     1242.9519   865     1361.6360     1206.8695 16697238   11.37%
  91857 29171     1302.3776   719     1361.6360     1207.4149 16896102   11.33%
  92133 28902     1302.7602   732     1361.6360     1207.5485 16752013   11.32%
Elapsed time = 5715.00 sec. (966106.41 ticks, tree = 4817.95 MB, solutions = 210)
Nodefile size = 2743.65 MB (1872.52 MB after compression)
  92406 29281     1246.0156   897     1361.6360     1207.5485 16950372   11.32%
  92564 29117     1227.2265   865     1361.6360     1207.8460 16880724   11.29%
  92769 29428     1256.9021   877     1361.6360     1207.8460 17005433   11.29%
  92938 29884     1314.2946   908     1361.6360     1207.8460 17199586   11.29%
  93154 30092     1265.8090   851     1361.6360     1207.9248 17277625   11.29%
  93326 29910     1286.0293   784     1361.6360     1207.9248 17230753   11.29%
  93537 30646     1354.9378   703     1361.6360     1207.9248 17552555   11.29%
  93668 30359     1271.5833   880     1361.6360     1207.9248 17433147   11.29%
  93826 30766     1328.4398   809     1361.6360     1207.9248 17618582   11.29%
  94033 30614     1336.2119   651     1361.6360     1207.9248 17548296   11.29%
Elapsed time = 6005.09 sec. (1004539.27 ticks, tree = 5055.44 MB, solutions = 210)
Nodefile size = 2991.90 MB (2042.97 MB after compression)
  94272 31224     1354.2921   589     1361.6360     1208.7337 17868483   11.23%
  94515 31267     1330.6726   673     1361.6360     1208.8057 17880994   11.22%
  94744 31340     1265.3501   785     1361.6360     1208.8813 17930582   11.22%
  95072 31468     1310.1812   732     1361.6360     1208.8813 17983706   11.22%
  95306 31987     1249.1435   939     1361.6360     1209.1308 18169593   11.20%
  95499 32036     1307.6902   802     1361.6360     1209.1522 18198602   11.20%
  95780 31624     1311.6308   769     1361.6360     1209.3021 18054710   11.19%
  96028 31842     1297.1635   688     1361.6360     1209.3021 18110221   11.19%
  96232 31955     1241.8585   921     1361.6360     1209.5233 18168066   11.17%
  96456 32761     1316.7369   767     1361.6360     1209.5233 18492870   11.17%
Elapsed time = 6294.43 sec. (1042934.86 ticks, tree = 5452.14 MB, solutions = 210)
Nodefile size = 3388.47 MB (2315.31 MB after compression)
  96714 32279     1286.0903   843     1361.6360     1209.5233 18304317   11.17%
  96976 32577     1330.5077   672     1361.6360     1209.5825 18408891   11.17%
  97255 32885     1350.6339   695     1361.6360     1209.8440 18525101   11.15%
  97454 33479     1265.5409   887     1361.6360     1209.8440 18777178   11.15%
  97631 33853        cutoff           1361.6360     1209.8440 18957879   11.15%
  97837 34121     1310.0898   712     1361.6360     1210.0286 19018873   11.13%
  98008 33785     1263.5132   852     1361.6360     1210.2249 18936934   11.12%
  98214 34435     1296.8545   787     1361.6360     1210.2876 19185993   11.12%
  98432 34214     1328.4815   673     1361.6360     1210.5790 19085058   11.09%
  98657 34624        cutoff           1361.6360     1210.5790 19328087   11.09%
Elapsed time = 6577.52 sec. (1081129.27 ticks, tree = 5853.83 MB, solutions = 210)
Nodefile size = 3794.71 MB (2594.52 MB after compression)
  98881 34616     1353.4844   636     1361.6360     1210.8017 19318255   11.08%
  99093 35139        cutoff           1361.6360     1210.8017 19589584   11.08%
  99226 35259     1346.7138   740     1361.6360     1210.8017 19649596   11.08%
  99407 35652     1279.0852   836     1361.6360     1210.9032 19872383   11.07%
  99660 35545     1320.9356   758     1361.6360     1210.9638 19803157   11.07%
  99905 35760     1319.8680   742     1361.6360     1211.1356 19922230   11.05%
 100124 36087     1342.5049   706     1361.6360     1211.1356 20098896   11.05%
 100320 36380     1276.6105   742     1361.6360     1211.5139 20241782   11.03%
 100514 36477     1319.2156   741     1361.6360     1211.5139 20259390   11.03%
 100804 36264     1268.6667   769     1361.6360     1211.5139 20206745   11.03%
Elapsed time = 6873.57 sec. (1119403.99 ticks, tree = 6013.89 MB, solutions = 210)
Nodefile size = 3952.50 MB (2700.16 MB after compression)
 101085 36899     1306.0693   694     1361.6360     1211.5139 20464710   11.03%
 101322 36715     1327.5587   872     1361.6360     1211.5139 20397442   11.03%
 101620 36632     1312.7402   655     1361.6360     1211.7519 20343264   11.01%
 101877 37410     1323.4040   615     1361.6360     1212.5018 20668578   10.95%
 102109 37627     1242.0399   883     1361.6360     1212.5018 20785717   10.95%
 102452 37077     1323.1107   740     1361.6360     1212.5018 20553570   10.95%
 102778 37888     1347.3070   635     1361.6360     1212.5018 20893135   10.95%
 103012 38111     1251.0430   866     1361.6360     1212.5018 20971697   10.95%
 103190 38664     1240.8563   919     1361.6360     1212.5541 21138851   10.95%
 103361 37856     1247.9675   898     1361.6360     1212.5647 20870260   10.95%
Elapsed time = 7162.80 sec. (1157665.05 ticks, tree = 6374.28 MB, solutions = 210)
Nodefile size = 4313.36 MB (2950.31 MB after compression)
 103571 37989     1287.3571   797     1361.6360     1212.5647 20930653   10.95%
 103845 39020     1309.8454   683     1361.6360     1212.5647 21283601   10.95%
 104105 39110     1331.0592   749     1361.6360     1213.3354 21326400   10.89%
 104280 39001     1316.2541   704     1361.6360     1213.4330 21273367   10.88%
 104439 39891     1240.7659   831     1361.6360     1213.4541 21751042   10.88%
 104651 39269     1296.8042   740     1361.6360     1213.4541 21366353   10.88%
 104911 39710     1311.6360   873     1361.6360     1213.4541 21676736   10.88%
 105177 39895     1306.3793   691     1361.6360     1213.4541 21744723   10.88%
 105555 40680     1312.8796   826     1361.6360     1213.7485 22062232   10.86%
*105804+40672                         1360.0836     1213.7485            10.76%
 105893 40446     1356.3990   215     1360.0836     1213.7485 22149777   10.76%
Elapsed time = 7453.07 sec. (1195946.00 ticks, tree = 6671.88 MB, solutions = 211)
Nodefile size = 4608.58 MB (3150.53 MB after compression)
 106152 40786     1248.8874   833     1360.0836     1213.7485 22130710   10.76%
 106414 40238     1323.9851   676     1360.0836     1213.7485 21884441   10.76%
 106686 40470     1256.0315   853     1360.0836     1214.1465 22158005   10.73%
 106829 40941     1331.3072   810     1360.0836     1214.1465 22381292   10.73%
 107002 41711     1342.9862   744     1360.0836     1214.1465 22586532   10.73%
 107155 41195     1357.6606   775     1360.0836     1214.2824 22477470   10.72%
 107357 41129     1318.9660   857     1360.0836     1214.2824 22450752   10.72%
 107567 41438     1338.4435   724     1360.0836     1214.5069 22513531   10.70%
 107808 42220     1352.9622   534     1360.0836     1214.5069 22866212   10.70%
 107979 42167     1329.3763   698     1360.0836     1214.5069 22814662   10.70%
Elapsed time = 7744.75 sec. (1234235.20 ticks, tree = 7068.93 MB, solutions = 211)
Nodefile size = 4995.18 MB (3419.40 MB after compression)
 108132 42323     1276.3637   736     1360.0836     1214.5069 22933134   10.70%
 108278 42386     1320.2925   910     1360.0836     1214.7420 22982983   10.69%
 108492 42323     1281.7737   845     1360.0836     1214.7420 22924503   10.69%
 108818 42394     1327.8027   867     1360.0836     1214.9807 22987271   10.67%
 109043 42728     1255.2209   895     1360.0836     1214.9807 23099559   10.67%
 109237 43250     1285.8453   837     1360.0836     1215.1172 23345052   10.66%
 109388 43598     1290.4396   721     1360.0836     1215.1172 23520858   10.66%
 109616 43533     1229.7201   852     1360.0836     1215.1372 23487813   10.66%
 109843 43494     1337.2794   870     1360.0836     1215.1372 23456953   10.66%
*109977+43185                         1357.0819     1215.1372            10.46%
 110048 44169     1301.2146   715     1357.0819     1215.1372 23787598   10.46%
Elapsed time = 8035.44 sec. (1272625.59 ticks, tree = 7398.62 MB, solutions = 211)
Nodefile size = 5335.63 MB (3656.65 MB after compression)
*110073+43185                         1356.9528     1215.1372            10.45%
 110177 44183     1342.5274   711     1356.9528     1215.3717 23790568   10.43%
 110341 43291     1338.9301   650     1356.9528     1215.3717 23878833   10.43%
 110541 43995     1269.0383   852     1356.9528     1215.3717 23728033   10.43%
 110734 43909     1352.9797   594     1356.9528     1215.3717 23660212   10.43%
 110925 44190     1340.9661   832     1356.9528     1216.1365 23823566   10.38%
 111091 43656     1328.2463   705     1356.9528     1216.1365 24074316   10.38%
 111254 43551     1242.2004   911     1356.9528     1216.1365 24043415   10.38%
 111457 43626     1325.4939   771     1356.9528     1216.1365 24062994   10.38%
 111632 44598     1246.5673   830     1356.9528     1216.3039 24564189   10.37%
 111844 44742     1306.7316   665     1356.9528     1216.3363 24654258   10.36%
Elapsed time = 8313.80 sec. (1310883.90 ticks, tree = 7433.05 MB, solutions = 213)
Nodefile size = 5365.03 MB (3678.84 MB after compression)
 112012 44771     1259.7759   900     1356.9528     1216.8821 24690850   10.32%
 112263 44538     1275.7478   800     1356.9528     1216.8892 24519800   10.32%
 112525 44576     1295.3398   798     1356.9528     1216.8892 24556677   10.32%
 112840 44765     1311.9838   561     1356.9528     1216.9806 24649554   10.32%
 113109 45123     1270.5461   734     1356.9528     1216.9806 24927587   10.32%
 113319 45367     1294.5459   807     1356.9528     1216.9806 24998373   10.32%
 113598 45404        cutoff           1356.9528     1216.9806 25000083   10.32%
 113821 45015     1278.4175   840     1356.9528     1216.9806 24862326   10.32%
 114115 46313     1322.2769   710     1356.9528     1217.0914 25409443   10.31%
 114395 46009     1263.0237   861     1356.9528     1217.0914 25247186   10.31%
Elapsed time = 8604.25 sec. (1349174.06 ticks, tree = 7730.84 MB, solutions = 213)
Nodefile size = 5666.42 MB (3887.25 MB after compression)
 114600 46283     1265.2153   785     1356.9528     1217.5536 25398523   10.27%
 114790 47087     1254.6214   762     1356.9528     1217.7533 25698975   10.26%
 115070 46588     1342.0085   677     1356.9528     1217.7903 25563025   10.26%
 115319 47550     1294.8582   652     1356.9528     1217.8243 25908662   10.25%
 115515 47418     1355.5796   619     1356.9528     1217.8749 25837477   10.25%
 115792 48039     1348.6571   432     1356.9528     1217.8749 26089048   10.25%
 116041 48077     1324.0492   704     1356.9528     1217.8749 26108554   10.25%
 116256 46991     1310.5660   815     1356.9528     1217.8749 25680285   10.25%
 116467 47491     1335.5347   518     1356.9528     1217.8749 25887193   10.25%
 116671 48536     1342.4934   624     1356.9528     1217.8749 26304535   10.25%
Elapsed time = 8894.25 sec. (1387467.65 ticks, tree = 8211.81 MB, solutions = 213)
Nodefile size = 6151.91 MB (4220.80 MB after compression)
 116864 48362     1276.5592   905     1356.9528     1217.9356 26249896   10.24%
 117097 48211        cutoff           1356.9528     1218.3216 26193327   10.22%
 117336 48282     1260.2018   903     1356.9528     1218.4259 26215085   10.21%
 117505 48826     1268.9988   799     1356.9528     1218.4259 26520323   10.21%
 117661 48562     1305.2710   684     1356.9528     1218.4259 26373019   10.21%
 117822 49055        cutoff           1356.9528     1218.4259 26605469   10.21%
 118080 49066     1347.8389   740     1356.9528     1218.4259 26646503   10.21%
 118321 49690     1312.3825   746     1356.9528     1218.6249 26967862   10.19%
 118496 49766     1356.5937   817     1356.9528     1218.6249 27034606   10.19%
 118707 49607     1327.5439   874     1356.9528     1219.3509 26928943   10.14%
Elapsed time = 9186.86 sec. (1425867.78 ticks, tree = 8251.06 MB, solutions = 213)
Nodefile size = 6185.38 MB (4240.08 MB after compression)
 118919 49334        cutoff           1356.9528     1219.3555 26798022   10.14%
 119174 49782     1328.7498   862     1356.9528     1219.4049 27043199   10.14%
 119394 50871     1327.6613   741     1356.9528     1219.5363 27566914   10.13%
 119560 50909     1284.1185   791     1356.9528     1219.6196 27590231   10.12%
 119685 51014     1326.0832   669     1356.9528     1219.6281 27651053   10.12%
 119835 50812     1346.2749   742     1356.9528     1219.8798 27535885   10.10%
 120002 50891     1344.4062   631     1356.9528     1219.9108 27578256   10.10%
 120265 51560     1324.8443   672     1356.9528     1219.9335 27927609   10.10%
 120455 51040     1330.3053   823     1356.9528     1219.9631 27682636   10.10%
 120711 51215     1258.6893   808     1356.9528     1220.1650 27766166   10.08%
Elapsed time = 9476.25 sec. (1464176.04 ticks, tree = 8558.02 MB, solutions = 213)
Nodefile size = 6488.67 MB (4451.50 MB after compression)
 121008 52068     1307.4016   686     1356.9528     1220.1650 28224527   10.08%
 121259 51808     1297.0211   740     1356.9528     1220.3320 28094911   10.07%
 121467 52161     1280.7280   862     1356.9528     1220.4139 28328486   10.06%
 121817 52865     1331.9109   686     1356.9528     1220.6503 28637425   10.04%
 122145 51889     1265.3127   802     1356.9528     1220.6701 28125531   10.04%
 122437 52971     1334.7538   843     1356.9528     1220.6898 28661701   10.04%
 122671 53056     1351.5457   663     1356.9528     1220.6898 28701332   10.04%
 122912 52704     1259.6017   841     1356.9528     1220.8252 28589356   10.03%
 123050 53267     1320.2683   813     1356.9528     1220.8881 28790900   10.03%
 123263 52722     1310.4164   800     1356.9528     1220.8881 28595565   10.03%
Elapsed time = 9770.88 sec. (1502483.22 ticks, tree = 8908.08 MB, solutions = 213)
Nodefile size = 6831.79 MB (4691.83 MB after compression)
 123477 54115        cutoff           1356.9528     1220.8881 29087585   10.03%
 123725 53012     1319.9166   725     1356.9528     1220.8881 28697796   10.03%
 123926 54191        cutoff           1356.9528     1220.8881 29133621   10.03%
 124120 54500     1265.5689   813     1356.9528     1220.8881 29291037   10.03%
 124361 54317     1311.7429   826     1356.9528     1220.8881 29160479   10.03%
 124641 54959     1317.2378   845     1356.9528     1221.0699 29543647   10.01%
 124824 54214     1318.6515   590     1356.9528     1221.0699 29142726   10.01%
 125075 55011     1293.0459   757     1356.9528     1221.6714 29567471    9.97%
 125305 55570        cutoff           1356.9528     1221.7641 29758323    9.96%
 125594 55810     1316.6419   768     1356.9528     1221.7641 29891646    9.96%
Elapsed time = 10060.66 sec. (1540764.24 ticks, tree = 9626.69 MB, solutions = 213)
Nodefile size = 7562.97 MB (5196.86 MB after compression)
 125846 55726     1297.5826   741     1356.9528     1221.8367 29849234    9.96%
 126089 55449     1341.6452   795     1356.9528     1221.8367 29724911    9.96%
 126242 55767     1354.3313   660     1356.9528     1221.8367 29878903    9.96%
 126388 56378     1305.8694   866     1356.9528     1221.8367 30228661    9.96%
 126595 55783     1333.7866   814     1356.9528     1221.8367 29861203    9.96%
 126797 57154        cutoff           1356.9528     1221.8367 30561363    9.96%
 126917 56742     1322.4208   809     1356.9528     1221.8367 30378111    9.96%
 127041 57428     1337.9016   625     1356.9528     1221.8367 30656831    9.96%
 127144 57225     1255.3854   886     1356.9528     1221.8367 30589244    9.96%
 127287 56752        cutoff           1356.9528     1221.8367 30386799    9.96%
Elapsed time = 10344.39 sec. (1579062.14 ticks, tree = 9647.91 MB, solutions = 213)
Nodefile size = 7580.33 MB (5206.17 MB after compression)
 127424 56740     1258.2198   768     1356.9528     1221.8367 30366257    9.96%
 127672 57077     1344.5659   536     1356.9528     1221.8367 30528987    9.96%
 127980 57695     1321.3491   756     1356.9528     1221.8367 30892729    9.96%
 128172 57691     1320.2087   836     1356.9528     1221.8367 30918024    9.96%
 128397 58053     1334.9101   762     1356.9528     1221.8367 31104336    9.96%
 128692 57522     1296.4780   840     1356.9528     1221.8367 30779232    9.96%
 128999 58690     1352.4175   304     1356.9528     1221.8367 31288346    9.96%
 129199 58072     1338.1998   696     1356.9528     1221.8367 31134442    9.96%
 129433 58720     1324.8798   757     1356.9528     1221.8367 31367480    9.96%
 129660 58908     1314.6031   752     1356.9528     1223.3137 31459398    9.85%
Elapsed time = 10628.85 sec. (1617425.76 ticks, tree = 9925.93 MB, solutions = 213)
Nodefile size = 7862.43 MB (5395.80 MB after compression)
 129893 59162     1324.6425   707     1356.9528     1223.3137 31551157    9.85%
 130091 58660     1284.8291   739     1356.9528     1223.3137 31348419    9.85%
 130303 59638        cutoff           1356.9528     1223.6271 31773640    9.83%
 130495 59225     1356.8306   705     1356.9528     1223.7215 31581428    9.82%
 130732 59132     1329.9255   701     1356.9528     1223.7215 31542328    9.82%
 130912 59498     1314.0988   754     1356.9528     1223.7526 31715810    9.82%
 131114 59668     1280.8738   857     1356.9528     1223.7713 31785233    9.81%
 131291 60083     1294.6020   833     1356.9528     1223.7713 31992597    9.81%
 131474 60051     1281.4066   770     1356.9528     1223.8423 31970081    9.81%
 131670 59949        cutoff           1356.9528     1223.9214 31897095    9.80%
Elapsed time = 10931.70 sec. (1655801.07 ticks, tree = 10182.73 MB, solutions = 213)
Nodefile size = 8114.75 MB (5572.12 MB after compression)
 132023 60957     1324.2622   867     1356.9528     1224.0605 32428522    9.79%
 132312 60978        cutoff           1356.9528     1224.0966 32432045    9.79%
 132483 60810     1269.4716   850     1356.9528     1224.1161 32319334    9.79%
 132658 61193     1323.4203   635     1356.9528     1224.1171 32532064    9.79%
 132905 60744     1317.7514   855     1356.9528     1224.1171 32305308    9.79%
 133165 60679     1262.2554   822     1356.9528     1224.2325 32260572    9.78%
 133390 61842     1337.6796   657     1356.9528     1224.4360 32837288    9.77%
 133611 62376     1354.4857   734     1356.9528     1224.5412 33144046    9.76%
 133901 61375     1310.4318   713     1356.9528     1224.6392 32692352    9.75%
 134220 62092     1310.9713   844     1356.9528     1224.6885 33033797    9.75%
Elapsed time = 11224.21 sec. (1694125.17 ticks, tree = 10691.95 MB, solutions = 213)
Nodefile size = 8629.16 MB (5930.44 MB after compression)
 134450 61753     1323.9329   843     1356.9528     1224.7884 32827752    9.74%
 134632 63134     1273.8506   786     1356.9528     1224.8259 33501418    9.74%
 134758 62109     1300.8841   933     1356.9528     1224.8496 33043010    9.74%
 134884 62974     1303.5460   754     1356.9528     1224.8542 33433566    9.73%
 135082 62719     1246.5745   965     1356.9528     1224.8542 33298516    9.73%
 135284 63208     1322.3818   890     1356.9528     1224.8542 33535286    9.73%
 135539 63767     1332.2922   754     1356.9528     1225.1974 33771469    9.71%
 135684 64243     1305.4104   860     1356.9528     1225.1974 34034411    9.71%
 135883 64256     1340.7853   783     1356.9528     1225.3872 34037369    9.70%
 136124 64490     1325.6875   701     1356.9528     1225.3872 34189556    9.70%
Elapsed time = 11517.07 sec. (1732491.93 ticks, tree = 11102.57 MB, solutions = 213)
Nodefile size = 9035.16 MB (6209.06 MB after compression)
 136333 64134     1323.0612   655     1356.9528     1225.4262 33952109    9.69%
 136491 64589     1340.6400   625     1356.9528     1225.4262 34267407    9.69%
 136653 64013     1296.3682   912     1356.9528     1225.4262 33913585    9.69%
 136877 65075     1334.1166   833     1356.9528     1225.4262 34518311    9.69%
 137078 64748     1333.5872   686     1356.9528     1225.4262 34343219    9.69%
 137192 64355     1250.7618   964     1356.9528     1225.4262 34074716    9.69%
 137315 64662     1286.2392   880     1356.9528     1225.4262 34303988    9.69%
 137496 65192     1315.3603   920     1356.9528     1225.9935 34630752    9.65%
 137670 65734     1332.0104   742     1356.9528     1226.0384 34896292    9.65%
 137896 65767        cutoff           1356.9528     1226.0384 34945826    9.65%
Elapsed time = 11799.48 sec. (1770866.66 ticks, tree = 11202.92 MB, solutions = 213)
Nodefile size = 9137.40 MB (6275.59 MB after compression)
 138133 65092     1309.2880   836     1356.9528     1226.0384 34537933    9.65%
 138399 65660     1340.1051   598     1356.9528     1226.1030 34845628    9.64%
 138574 65981     1310.4885   905     1356.9528     1226.1581 35046462    9.64%
 138761 65989     1342.0955   858     1356.9528     1226.1581 35049354    9.64%
 138978 66607     1339.7272   510     1356.9528     1226.3507 35357561    9.62%
 139213 65970     1296.4127   783     1356.9528     1226.3507 35029969    9.62%
 139454 66916     1325.0811   686     1356.9528     1226.5527 35511176    9.61%
 139679 67043        cutoff           1356.9528     1226.5527 35582303    9.61%
 139878 66191     1293.0331   818     1356.9528     1226.5694 35154450    9.61%
 140053 67382     1313.3125   752     1356.9528     1226.6508 35791060    9.60%
Elapsed time = 12081.48 sec. (1809181.13 ticks, tree = 11589.82 MB, solutions = 213)
Nodefile size = 9513.87 MB (6541.30 MB after compression)
 140262 66957        cutoff           1356.9528     1226.6962 35523417    9.60%
 140402 67228     1313.8188   658     1356.9528     1226.6962 35688791    9.60%
 140559 66770     1318.9003   827     1356.9528     1226.7637 35503181    9.59%
 140780 67471        cutoff           1356.9528     1226.8678 35853355    9.59%
 140988 67571     1321.7112   788     1356.9528     1226.8678 35895198    9.59%
 141166 68284        cutoff           1356.9528     1226.8678 36205027    9.59%
 141334 68159     1306.6488   855     1356.9528     1226.8678 36157733    9.59%
 141579 68185     1348.4871   722     1356.9528     1226.8678 36160844    9.59%
 141753 68369        cutoff           1356.9528     1226.8678 36288937    9.59%
 141912 68325     1321.7842   711     1356.9528     1226.8678 36239274    9.59%
Elapsed time = 12374.11 sec. (1847518.04 ticks, tree = 11799.22 MB, solutions = 213)
Nodefile size = 9733.55 MB (6692.38 MB after compression)
 142085 68133     1318.3955   849     1356.9528     1226.8678 36119388    9.59%
 142272 68377     1337.4193   666     1356.9528     1227.2116 36297072    9.56%
 142452 68614        cutoff           1356.9528     1227.2116 36478355    9.56%
 142576 69728     1315.5183   824     1356.9528     1227.2116 37002555    9.56%
 142691 68896     1335.4613   833     1356.9528     1227.2116 36660470    9.56%
 142850 70148     1247.4417   960     1356.9528     1227.5912 37327188    9.53%
 143002 69210     1339.9973   807     1356.9528     1227.5912 36790320    9.53%
 143145 69643     1313.3716   697     1356.9528     1227.5912 36958993    9.53%
 143319 70226        cutoff           1356.9528     1227.5912 37438661    9.53%
 143605 69682     1315.4008   932     1356.9528     1227.5912 36964941    9.53%
Elapsed time = 12663.22 sec. (1885972.78 ticks, tree = 12095.72 MB, solutions = 213)
Nodefile size = 10028.08 MB (6897.42 MB after compression)
 143829 69966     1332.0834   849     1356.9528     1227.5912 37152907    9.53%
 143985 70462     1276.9873   727     1356.9528     1227.5912 37568501    9.53%
 144182 71141        cutoff           1356.9528     1227.5912 37953208    9.53%
 144503 70420    infeasible           1356.9528     1228.1871 37520300    9.49%
 144754 71355     1341.3645   610     1356.9528     1228.1871 38114832    9.49%
 144901 70949     1303.3174   758     1356.9528     1228.1871 37804919    9.49%
 145030 71897     1304.3973   816     1356.9528     1228.2156 38376313    9.49%
 145235 71345     1350.3249   852     1356.9528     1228.2156 38097186    9.49%
 145435 71164     1268.1859   838     1356.9528     1228.2156 37969717    9.49%
 145643 71174     1296.8315   681     1356.9528     1228.2156 37972630    9.49%
Elapsed time = 12951.09 sec. (1924354.69 ticks, tree = 12134.11 MB, solutions = 213)
Nodefile size = 10060.86 MB (6915.50 MB after compression)
 145868 71399     1290.2532   853     1356.9528     1228.2156 38157373    9.49%
 146093 71347     1337.5145   751     1356.9528     1228.2156 38055924    9.49%
 146223 71479     1288.3739   734     1356.9528     1228.2156 38190369    9.49%
 146431 72365     1317.2705   674     1356.9528     1228.5872 38608662    9.46%
 146623 71890     1326.6811   836     1356.9528     1228.5872 38375799    9.46%
 146833 73089     1327.5139   598     1356.9528     1228.8121 39107447    9.44%
 147041 72172     1299.4730   926     1356.9528     1228.8321 38534153    9.44%
 147369 72888     1340.6158   841     1356.9528     1228.8321 38927998    9.44%
 147562 72905        cutoff           1356.9528     1228.8321 38959791    9.44%
 147676 72723     1346.1957   746     1356.9528     1228.8321 38851424    9.44%
Elapsed time = 13245.50 sec. (1962713.04 ticks, tree = 12408.77 MB, solutions = 213)
Nodefile size = 10337.40 MB (7105.54 MB after compression)
 147796 72969     1337.9303   693     1356.9528     1228.8321 38993910    9.44%
 147960 73034     1324.0698   836     1356.9528     1229.1077 39102077    9.42%
 148090 73995     1286.9207   796     1356.9528     1229.1077 39604059    9.42%
 148250 73896     1328.1177   862     1356.9528     1229.1077 39535558    9.42%
 148476 73359     1290.0148   725     1356.9528     1229.3156 39208674    9.41%
 148683 73489     1354.5027   638     1356.9528     1229.3156 39290917    9.41%
 148922 74384     1351.6237   543     1356.9528     1229.3156 39830846    9.41%
 149133 74037     1243.6916   917     1356.9528     1229.5282 39643932    9.39%
 149395 73945        cutoff           1356.9528     1229.5409 39550214    9.39%
 149617 74047     1288.5160   834     1356.9528     1229.5409 39649340    9.39%
Elapsed time = 13536.10 sec. (2001062.83 ticks, tree = 12727.26 MB, solutions = 213)
Nodefile size = 10657.00 MB (7331.36 MB after compression)
 149816 74312     1336.3578   802     1356.9528     1229.5409 39759979    9.39%
 149995 74069     1355.5369   724     1356.9528     1229.7808 39655154    9.37%
 150097 74944     1349.9748   742     1356.9528     1229.8730 40070116    9.37%
 150266 75073     1352.7295   510     1356.9528     1229.8785 40138447    9.36%
 150420 75661     1326.8739   581     1356.9528     1229.9382 40444902    9.36%
 150650 76066     1327.5001   916     1356.9528     1230.1097 40637849    9.35%
 150831 75038     1347.1736   724     1356.9528     1230.1546 40120493    9.34%
 150976 75305     1262.5401   925     1356.9528     1230.1683 40236267    9.34%
 151142 75480     1265.5588   911     1356.9528     1230.1796 40345159    9.34%
 151362 75312     1285.3625   881     1356.9528     1230.1871 40239395    9.34%
Elapsed time = 13829.24 sec. (2039542.61 ticks, tree = 13019.82 MB, solutions = 213)
Nodefile size = 10949.53 MB (7535.65 MB after compression)
 151523 76323     1327.9396   732     1356.9528     1230.2737 40784642    9.34%
 151673 75674     1326.3495   866     1356.9528     1230.3818 40432109    9.33%
 151834 76214     1329.9232   759     1356.9528     1230.4428 40735118    9.32%
 152054 77008        cutoff           1356.9528     1230.5214 41071653    9.32%
 152237 77464     1313.0804   648     1356.9528     1230.5483 41351411    9.32%
 152430 77735     1258.8316   896     1356.9528     1230.7529 41547374    9.30%
 152592 77488     1249.1883   860     1356.9528     1230.7890 41357024    9.30%
 152715 77680        cutoff           1356.9528     1230.7930 41473679    9.30%
 152902 77117     1353.1240   856     1356.9528     1230.8307 41183697    9.29%
 153144 77820     1347.1968   751     1356.9528     1230.8307 41601949    9.29%
Elapsed time = 14114.04 sec. (2077921.89 ticks, tree = 13455.14 MB, solutions = 213)
Nodefile size = 11384.57 MB (7838.55 MB after compression)
 153396 78214     1332.1614   693     1356.9528     1230.8629 41792750    9.29%
 153591 77293     1308.0310   780     1356.9528     1230.9659 41286716    9.28%
 153730 77715     1295.7826   901     1356.9528     1230.9754 41518628    9.28%
 153861 78184    infeasible           1356.9528     1231.0392 41787439    9.28%
 154083 78490     1318.7109   743     1356.9528     1231.0827 41944749    9.28%
 154292 78197     1330.4588   838     1356.9528     1231.0827 41793424    9.28%
 154417 78073     1320.8922   620     1356.9528     1231.2268 41748706    9.27%
 154600 79087     1306.8227   892     1356.9528     1231.2386 42279871    9.26%
 154841 79411     1345.5170   843     1356.9528     1231.2706 42514167    9.26%
 155108 78349     1327.7158   712     1356.9528     1231.2799 41873886    9.26%
Elapsed time = 14416.31 sec. (2116299.65 ticks, tree = 13477.06 MB, solutions = 213)
Nodefile size = 11400.32 MB (7846.58 MB after compression)
 155298 79552     1343.1533   742     1356.9528     1231.3665 42601039    9.26%
 155483 79124     1291.1080   820     1356.9528     1231.3665 42318489    9.26%
 155613 78712     1318.7623   793     1356.9528     1231.4145 42087330    9.25%
 155837 79396     1349.6073   764     1356.9528     1231.4546 42499544    9.25%
 156088 80259     1295.0707   893     1356.9528     1231.4546 42998260    9.25%
 156369 80427     1335.9950   627     1356.9528     1231.4921 43059837    9.25%
 156565 80432     1245.5583   885     1356.9528     1231.4921 43062698    9.25%
 156756 80337     1332.1080   743     1356.9528     1231.4921 43034464    9.25%
 156921 80640     1356.0899   880     1356.9528     1231.4921 43224130    9.25%
 157110 80511     1323.8229   548     1356.9528     1231.4921 43071330    9.25%
Elapsed time = 14708.01 sec. (2154774.98 ticks, tree = 13791.00 MB, solutions = 213)
Nodefile size = 11701.03 MB (8052.37 MB after compression)
 157248 81284     1349.3883   796     1356.9528     1231.7753 43522837    9.22%
 157436 80373        cutoff           1356.9528     1231.8046 43044697    9.22%
 157623 80583     1328.1471   775     1356.9528     1231.8265 43135558    9.22%
 157791 81355     1290.5947   748     1356.9528     1231.8265 43562374    9.22%
 158036 80677        cutoff           1356.9528     1231.9870 43240302    9.21%
 158369 81744     1343.7588   779     1356.9528     1232.0177 43777944    9.21%
 158551 82104     1325.8799   742     1356.9528     1232.0668 43963558    9.20%
 158732 81466     1329.3903   799     1356.9528     1232.0668 43663195    9.20%
 158879 82814     1314.9991   737     1356.9528     1232.1769 44354254    9.20%
 159036 82827     1348.4208   879     1356.9528     1232.2474 44389562    9.19%
Elapsed time = 14997.74 sec. (2193072.89 ticks, tree = 14340.85 MB, solutions = 213)
Nodefile size = 12273.62 MB (8455.87 MB after compression)
 159223 82014     1344.2438   606     1356.9528     1232.2631 43881620    9.19%
 159390 82891     1316.3226   749     1356.9528     1232.2932 44426676    9.19%
 159531 82450     1315.5679   869     1356.9528     1232.3140 44152695    9.19%
 159763 82070     1315.6117   825     1356.9528     1232.3140 43950594    9.19%
 160036 82009     1311.3411   769     1356.9528     1232.3674 43923408    9.18%
 160290 83682     1351.4470   681     1356.9528     1232.4818 44837676    9.17%
 160499 83292     1304.1943   766     1356.9528     1232.5036 44616344    9.17%
 160624 82952     1337.5011   884     1356.9528     1232.6170 44473181    9.16%
 160770 84053     1341.1304   888     1356.9528     1232.6671 45116105    9.16%
 160897 83755     1305.8002   852     1356.9528     1232.6816 44879870    9.16%
Elapsed time = 15277.17 sec. (2231387.40 ticks, tree = 14563.83 MB, solutions = 213)
Nodefile size = 12498.14 MB (8613.37 MB after compression)
 161049 83695     1339.2909   885     1356.9528     1232.7828 44851866    9.15%
 161203 83318        cutoff           1356.9528     1232.8093 44631199    9.15%
 161357 83177     1325.5390   866     1356.9528     1232.9007 44575472    9.14%
 161511 84731     1268.1999   839     1356.9528     1232.9266 45495190    9.14%
 161692 83926     1343.2219   786     1356.9528     1232.9392 44952761    9.14%
 161984 84780     1325.4335   601     1356.9528     1232.9800 45500938    9.14%
 162221 84863        cutoff           1356.9528     1233.0548 45594991    9.13%
 162353 84767     1323.4564   731     1356.9528     1233.1529 45537623    9.12%
 162538 84085     1317.3253   893     1356.9528     1233.1859 45143441    9.12%
 162745 84399     1325.5647   841     1356.9528     1233.1965 45326985    9.12%
Elapsed time = 15566.57 sec. (2269724.02 ticks, tree = 14707.18 MB, solutions = 213)
Nodefile size = 12640.15 MB (8714.51 MB after compression)
 162959 84305     1344.3846   792     1356.9528     1233.2568 45240557    9.12%
 163083 85488     1305.2110   885     1356.9528     1233.3290 45959321    9.11%
 163234 84907     1313.2378   776     1356.9528     1233.3645 45611695    9.11%
 163418 84814     1303.9153   691     1356.9528     1233.3745 45553819    9.11%
 163716 85276     1326.4208   809     1356.9528     1233.3929 45807012    9.11%
 163949 86329     1344.9756   635     1356.9528     1233.3929 46542513    9.11%
 164256 85588     1326.7807   878     1356.9528     1233.4527 46066902    9.10%
 164561 85938     1309.7354   674     1356.9528     1233.4960 46290382    9.10%
 164953 85973     1329.3658   613     1356.9528     1233.6756 46293323    9.08%
 165242 86073     1269.1819   907     1356.9528     1233.7229 46423572    9.08%
Elapsed time = 15858.35 sec. (2308156.21 ticks, tree = 14734.15 MB, solutions = 213)
Nodefile size = 12665.95 MB (8727.43 MB after compression)
 165366 86240     1338.2920   795     1356.9528     1233.7229 46492659    9.08%
 165495 87559     1314.1360   831     1356.9528     1233.7685 47142552    9.08%
 165668 87795        cutoff           1356.9528     1233.8340 47241850    9.07%
 165875 86275        cutoff           1356.9528     1233.8537 46534522    9.07%
 166057 86709        cutoff           1356.9528     1233.8810 46761945    9.07%
 166187 86620     1258.1357   812     1356.9528     1233.9270 46669542    9.07%
 166353 87959     1328.1975   686     1356.9528     1233.9270 47353759    9.07%
 166531 87269     1317.3556   694     1356.9528     1233.9844 47006882    9.06%
 166729 88017     1308.2982   918     1356.9528     1233.9844 47423872    9.06%
 166868 88152     1319.1616   899     1356.9528     1234.0507 47487621    9.06%
Elapsed time = 16160.09 sec. (2346578.99 ticks, tree = 15040.84 MB, solutions = 213)
Nodefile size = 12962.85 MB (8925.16 MB after compression)
 167018 87868        cutoff           1356.9528     1234.2405 47295446    9.04%
 167167 87987     1317.4605   662     1356.9528     1234.2942 47360225    9.04%
 167378 88069     1344.3449   427     1356.9528     1234.2998 47363394    9.04%
 167544 87870     1260.4820   886     1356.9528     1234.2998 47303850    9.04%
 167696 89412     1350.8017   667     1356.9528     1234.4251 48120668    9.03%
 167836 89426     1321.7316   802     1356.9528     1234.4419 48156846    9.03%
 167980 89619     1333.1239   759     1356.9528     1234.4420 48351847    9.03%
 168192 89536     1356.5769   600     1356.9528     1234.5073 48294305    9.02%
 168377 89301     1350.9944   762     1356.9528     1234.5886 48068939    9.02%
 168569 89335     1350.5840   545     1356.9528     1234.6019 48040600    9.02%
Elapsed time = 16453.33 sec. (2384949.91 ticks, tree = 15322.81 MB, solutions = 213)
Nodefile size = 13225.96 MB (9109.15 MB after compression)
 168767 89447     1330.9194   632     1356.9528     1234.6395 48136380    9.01%
 168995 90217     1315.5314   731     1356.9528     1234.7437 48673798    9.01%
 169307 89636     1318.8163   812     1356.9528     1234.7931 48368874    9.00%
 169492 89983     1283.6725   891     1356.9528     1234.8527 48497632    9.00%
 169689 90251     1299.5072   670     1356.9528     1234.8527 48749830    9.00%
 169866 90046     1334.7063   751     1356.9528     1234.9400 48556937    8.99%
 170011 91212     1292.8863   653     1356.9528     1234.9854 49362095    8.99%
 170171 90425        cutoff           1356.9528     1235.0840 48943818    8.98%
 170368 90445     1303.5577   727     1356.9528     1235.1257 48912310    8.98%
 170582 90698     1291.4329   856     1356.9528     1235.1531 49082085    8.98%
Elapsed time = 16732.06 sec. (2423294.40 ticks, tree = 15653.59 MB, solutions = 213)
Nodefile size = 13586.08 MB (9361.89 MB after compression)
 170721 91356     1330.7020   870     1356.9528     1235.1531 49439271    8.98%
 170837 91508     1341.2876   875     1356.9528     1235.2110 49544198    8.97%
 170955 90421     1293.6608   782     1356.9528     1235.2347 48891399    8.97%
 171074 90920     1252.8304   905     1356.9528     1235.3311 49192263    8.96%
 171178 90709     1299.1523   815     1356.9528     1235.3392 49095946    8.96%
 171382 91287     1314.8392   748     1356.9528     1235.3392 49387765    8.96%
 171578 92392     1329.6804   715     1356.9528     1235.4966 50028416    8.95%
 171821 91680     1339.0741   868     1356.9528     1235.5050 49628631    8.95%
 172008 91591     1301.1286   748     1356.9528     1235.5050 49599207    8.95%
 172136 92185     1335.5767   698     1356.9528     1235.5050 49912450    8.95%
Elapsed time = 17011.35 sec. (2461775.34 ticks, tree = 15975.56 MB, solutions = 213)
Nodefile size = 13905.88 MB (9585.88 MB after compression)
 172235 92482     1323.0533   842     1356.9528     1235.6930 50145080    8.94%
 172346 92246        cutoff           1356.9528     1235.7176 49985956    8.93%
 172454 92089     1338.0668   839     1356.9528     1235.7390 49887634    8.93%
 172598 92408     1327.7568   842     1356.9528     1235.7476 50049061    8.93%
 172700 92268     1356.4959   654     1356.9528     1235.7855 49995075    8.93%
 172848 92476        cutoff           1356.9528     1235.8042 50123894    8.93%
 173031 92477     1331.3015   794     1356.9528     1235.8389 50126929    8.93%
 173170 93083     1343.9682   769     1356.9528     1235.9306 50603259    8.92%
 173314 93801        cutoff           1356.9528     1235.9816 51128814    8.91%
 173494 93483        cutoff           1356.9528     1236.0235 50816043    8.91%
Elapsed time = 17308.85 sec. (2500160.50 ticks, tree = 16012.61 MB, solutions = 213)
Nodefile size = 13929.19 MB (9597.55 MB after compression)
 173658 93758     1310.9428   784     1356.9528     1236.0600 51061251    8.91%
 173822 94044     1276.1459   851     1356.9528     1236.0600 51457247    8.91%
 173953 94031     1298.7520   785     1356.9528     1236.0703 51425640    8.91%
 174139 94371     1318.9916   797     1356.9528     1236.2088 51776133    8.90%
 174338 94070     1318.9294   764     1356.9528     1236.2311 51498940    8.90%
 174527 93917     1347.2100   659     1356.9528     1236.2509 51251988    8.90%
 174657 93858     1335.5754   798     1356.9528     1236.2509 51186457    8.90%
 174762 94250     1252.9703   852     1356.9528     1236.2509 51677766    8.90%
 174904 94571     1297.5450   818     1356.9528     1236.4149 51917940    8.88%
 175032 94637     1353.0604   674     1356.9528     1236.4174 51957705    8.88%
Elapsed time = 17606.88 sec. (2538661.24 ticks, tree = 16106.20 MB, solutions = 213)
Nodefile size = 14035.01 MB (9667.01 MB after compression)
 175149 94457        cutoff           1356.9528     1236.4262 51855486    8.88%
 175267 94863     1314.6763   887     1356.9528     1236.4262 52141019    8.88%
 175399 95399     1356.1756   820     1356.9528     1236.6009 52455969    8.87%
 175526 94778     1315.0321   911     1356.9528     1236.6390 52074583    8.87%
 175652 95239     1272.4912   830     1356.9528     1236.6390 52368924    8.87%
 175808 95550     1301.8550   678     1356.9528     1236.7106 52547413    8.86%
 176030 95296        cutoff           1356.9528     1236.7830 52401402    8.86%
 176235 95188     1294.8343   780     1356.9528     1236.8453 52345122    8.85%
 176488 94611     1331.9768   722     1356.9528     1236.8453 51935254    8.85%
 176664 94784     1319.9086   516     1356.9528     1236.8699 52012378    8.85%
Elapsed time = 17895.00 sec. (2576996.35 ticks, tree = 16141.50 MB, solutions = 213)
Nodefile size = 14040.53 MB (9671.06 MB after compression)
 176839 95552     1312.4814   889     1356.9528     1236.9107 52525682    8.85%
 177065 96374     1321.0652   871     1356.9528     1236.9421 53078343    8.84%
 177197 95225     1347.2715   628     1356.9528     1236.9883 52356903    8.84%
 177389 95957     1342.1711   769     1356.9528     1237.0227 52925464    8.84%
 177610 95937     1297.5689   724     1356.9528     1237.0971 52839611    8.83%
 177785 96447     1317.7787   803     1356.9528     1237.1500 53116404    8.83%
 177957 96490     1320.5474   840     1356.9528     1237.1786 53152081    8.83%
 178129 96314     1326.4995   611     1356.9528     1237.2362 53012940    8.82%
 178290 96058        cutoff           1356.9528     1237.2362 52990035    8.82%
 178447 96296     1297.7587   811     1356.9528     1237.2659 53044224    8.82%
Elapsed time = 18195.71 sec. (2615294.18 ticks, tree = 16485.94 MB, solutions = 213)
Nodefile size = 14410.73 MB (9928.02 MB after compression)
 178707 96307     1323.2850   734     1356.9528     1237.2903 53047171    8.82%
 178835 97611     1356.3918   841     1356.9528     1237.3898 53846948    8.81%
 178950 96385        cutoff           1356.9528     1237.4408 53081647    8.81%
 179093 97155        cutoff           1356.9528     1237.4676 53486274    8.81%
 179203 96705        cutoff           1356.9528     1237.4676 53312060    8.81%
 179396 97555     1278.2070   735     1356.9528     1237.6166 53781756    8.79%
 179636 97286     1352.3447   858     1356.9528     1237.6166 53600962    8.79%
Starting limited solution polishing.
 179906 97433     1355.2123   505     1356.9528     1237.6166 53551132    8.79%
 180130 97784     1336.4385   849     1356.9528     1237.7505 53943950    8.78%
 180271 97652     1344.3028   765     1356.9528     1237.8164 53869322    8.78%
Elapsed time = 18486.14 sec. (2653627.85 ticks, tree = 16818.54 MB, solutions = 213)
Nodefile size = 14738.19 MB (10160.73 MB after compression)
 180466 97942     1354.4895   845     1356.9528     1237.8164 54059130    8.78%
 180618 97328     1298.2464   859     1356.9528     1237.8340 53613385    8.78%
 180729 98363     1278.0226   862     1356.9528     1237.8450 54313991    8.78%
 180886 98234     1356.3561   683     1356.9528     1237.8992 54246008    8.77%
 181094 98466        cutoff           1356.9528     1237.9184 54393190    8.77%
 181195 97956     1283.5272   786     1356.9528     1237.9421 54073564    8.77%
 181311 98139        cutoff           1356.9528     1238.0024 54180611    8.77%
 181411 97885     1355.2707   857     1356.9528     1238.0024 54007187    8.77%
 181596 99644     1312.5617   768     1356.9528     1238.1268 55123485    8.76%
 181844 99182     1321.4210   662     1356.9528     1238.1335 54794538    8.76%
Elapsed time = 18780.47 sec. (2692075.58 ticks, tree = 17195.31 MB, solutions = 213)
Nodefile size = 15117.51 MB (10425.39 MB after compression)
 182068 99255     1316.6397   747     1356.9528     1238.1560 54836411    8.75%
 182196 99843     1303.0206   892     1356.9528     1238.2206 55318989    8.75%
 182378 99530     1339.5002   822     1356.9528     1238.2964 55025535    8.74%
 182567 99630     1318.5534   732     1356.9528     1238.3086 55099553    8.74%
 182756 100190     1306.6538   683     1356.9528     1238.3086 55574421    8.74%
 182933 99708     1300.4287   857     1356.9528     1238.3445 55180976    8.74%
 183121 99980     1331.9539   845     1356.9528     1238.3810 55437629    8.74%
 183266 100980     1339.3533   666     1356.9528     1238.4075 56079971    8.74%
 183395 99768     1340.9299   851     1356.9528     1238.4075 55267182    8.74%
 183518 100150        cutoff           1356.9528     1238.4075 55552094    8.74%
Elapsed time = 19064.81 sec. (2730535.84 ticks, tree = 17415.69 MB, solutions = 213)
Nodefile size = 15349.26 MB (10588.96 MB after compression)
 183701 101194     1351.3110   621     1356.9528     1238.4568 56235481    8.73%
 183835 100960     1329.4944   817     1356.9528     1238.5001 56014594    8.73%
 183955 100887     1338.4199   720     1356.9528     1238.5433 55977758    8.73%
 184084 100215     1336.1509   810     1356.9528     1238.6016 55520407    8.72%
 184181 100257     1327.5251   737     1356.9528     1238.6016 55602588    8.72%
 184308 101309        cutoff           1356.9528     1238.7816 56333334    8.71%
 184409 101208        cutoff           1356.9528     1238.7931 56238328    8.71%
 184523 100754     1351.5332   881     1356.9528     1238.8188 55928708    8.71%
 184639 101044     1349.5236   716     1356.9528     1238.8188 56149273    8.71%
 184752 100974     1306.9423   809     1356.9528     1238.8188 56038160    8.71%
Elapsed time = 19336.82 sec. (2769037.31 ticks, tree = 17612.71 MB, solutions = 213)
Nodefile size = 15542.76 MB (10724.56 MB after compression)
 184875 102270     1339.6359   666     1356.9528     1239.0041 57157581    8.69%
 184993 101625     1304.6312   706     1356.9528     1239.0477 56601258    8.69%
*185004+101782                         1356.9206     1239.0477             8.69%
 185183 101585     1336.4991   549     1356.9206     1239.0582 56534752    8.69%
 185335 101702     1326.0240   708     1356.9206     1239.0897 56572386    8.68%
 185492 101499     1355.0235   728     1356.9206     1239.0960 56514550    8.68%
 185671 102371     1335.5221   569     1356.9206     1239.0960 57199871    8.68%
 185878 102640     1344.2700   706     1356.9206     1239.0960 57484848    8.68%
 186048 102007     1327.6055   729     1356.9206     1239.0960 56917253    8.68%
 186216 102109     1314.5150   844     1356.9206     1239.0960 57035246    8.68%
 186350 103002     1319.7622   642     1356.9206     1239.1822 57748932    8.68%
Elapsed time = 19623.00 sec. (2807398.28 ticks, tree = 17688.12 MB, solutions = 214)
Nodefile size = 15613.14 MB (10766.46 MB after compression)
 186488 102220     1348.7411   646     1356.9206     1239.1822 57137632    8.68%
 186648 102951        cutoff           1356.9206     1239.1822 57674091    8.68%
 186854 103021     1329.9538   577     1356.9206     1239.1822 57750548    8.68%
 187007 102659     1329.2040   772     1356.9206     1239.1822 57502830    8.68%
 187129 103134        cutoff           1356.9206     1239.1822 57903778    8.68%
 187304 103442        cutoff           1356.9206     1239.1822 58210413    8.68%
 187484 103050     1320.4390   818     1356.9206     1239.1822 57812802    8.68%
 187594 103793     1313.9427   698     1356.9206     1239.1822 58438253    8.68%
 187703 103703     1320.0935   801     1356.9206     1239.1822 58358277    8.68%
 187811 104023     1284.0535   794     1356.9206     1239.1822 58626593    8.68%
Elapsed time = 19903.18 sec. (2845814.45 ticks, tree = 17793.67 MB, solutions = 214)
Nodefile size = 15722.33 MB (10839.38 MB after compression)
 188018 103463     1337.3886   716     1356.9206     1239.1822 58224815    8.68%
 188238 103314     1330.4611   638     1356.9206     1239.8014 58070694    8.63%
 188469 103315     1325.0701   828     1356.9206     1239.8345 58117077    8.63%
 188614 103323     1347.6254   743     1356.9206     1239.8345 58076401    8.63%
 188756 104909     1346.0721   758     1356.9206     1239.9092 59127105    8.62%
 188889 103501     1325.1965   741     1356.9206     1239.9092 58266614    8.62%
 189075 104124     1336.3767   557     1356.9206     1239.9125 58684877    8.62%
 189238 104771     1355.3558   640     1356.9206     1239.9125 59044106    8.62%
 189385 104001     1348.4747   914     1356.9206     1239.9427 58571316    8.62%
 189518 104146     1345.1132   536     1356.9206     1239.9444 58687418    8.62%
Elapsed time = 20179.62 sec. (2884167.15 ticks, tree = 17820.53 MB, solutions = 214)
Nodefile size = 15734.95 MB (10848.62 MB after compression)
 189637 104623     1269.8501   844     1356.9206     1240.0061 58969462    8.62%
 189822 105593     1331.3815   743     1356.9206     1240.0555 59611335    8.61%
 190002 104621     1314.6296   932     1356.9206     1240.0555 58941364    8.61%
 190180 105533     1329.3819   807     1356.9206     1240.0601 59585096    8.61%
 190363 105755     1338.5297   737     1356.9206     1240.1124 59734596    8.61%
 190521 106156     1337.0364   795     1356.9206     1240.1333 59934642    8.61%
 190636 105986     1300.3697   801     1356.9206     1240.1333 59805011    8.61%
 190748 105184     1293.5525   859     1356.9206     1240.1333 59351625    8.61%
 190826 105038     1324.8511   817     1356.9206     1240.1333 59235710    8.61%
 190846 105749     1315.9193   918     1356.9206     1240.1333 59704220    8.61%
Elapsed time = 20428.49 sec. (2923244.01 ticks, tree = 18218.07 MB, solutions = 214)
Nodefile size = 16139.46 MB (11133.71 MB after compression)
 190855 105756     1334.7047   780     1356.9206     1240.1333 59707238    8.61%

GUB cover cuts applied:  42
Clique cuts applied:  51
Cover cuts applied:  31
Implied bound cuts applied:  312
Flow cuts applied:  763
Mixed integer rounding cuts applied:  1138
Zero-half cuts applied:  15
Lift and project cuts applied:  82
Gomory fractional cuts applied:  33

Root node processing (before b&c):
  Real time             =   50.17 sec. (22984.21 ticks)
Parallel b&c, 32 threads:
  Real time             = 20378.44 sec. (2905513.24 ticks)
  Sync time (average)   = 3694.50 sec.
  Wait time (average)   =    0.43 sec.
                          ------------
Total (root+branch&cut) = 20428.61 sec. (2928497.45 ticks)
Number of arguments: 7

File path: ../Data/Demo/100/C101.txt
Capacity of FEV: 600
Capacity of SEV: 50
Execution time limit: 340
Case: r

PI array:[0, 0, 1, 1, 0, 1, 0, 0, 0, 1, 0, 1, 1, 0, 1, 1, 0, 1, 1, 0]
Number of customers: 100
./Result/C101/C101-Q50-r
Feasible solution found within the time limit!
Total execution time: 20431.046367205 seconds
Total distance traveled: 1356.9206238011218
File name: C101-Q50-r
Number of customers: 100
Capacity of FEV: 10000
Capacity of Microhub: 600
Capacity of SEV: 50
Number of parkings: 20
Number of microhubs: 10
Number of robots/MM: 10
Parking generation rule: r
==========================================================================
