Version identifier: 22.1.1.0 | 2022-11-28 | 9160aff4d
CPXPARAM_TimeLimit                               20400
Tried aggregator 1 time.
MIP Presolve eliminated 2189 rows and 1894 columns.
MIP Presolve modified 12472 coefficients.
Reduced MIP has 28161 rows, 30256 columns, and 129792 nonzeros.
Reduced MIP has 15408 binaries, 14848 generals, 0 SOSs, and 0 indicators.
Presolve time = 0.13 sec. (85.50 ticks)
Probing time = 6.34 sec. (46.42 ticks)
Cover probing fixed 0 vars, tightened 12 bounds.
Tried aggregator 1 time.
Detecting symmetries...
MIP Presolve eliminated 492 rows and 492 columns.
MIP Presolve modified 2 coefficients.
Reduced MIP has 27669 rows, 29764 columns, and 128118 nonzeros.
Reduced MIP has 15406 binaries, 14358 generals, 0 SOSs, and 0 indicators.
Presolve time = 0.22 sec. (112.54 ticks)
Probing time = 7.67 sec. (19.12 ticks)
Cover probing fixed 0 vars, tightened 12 bounds.
Clique table members: 29307.
MIP emphasis: balance optimality and feasibility.
MIP search method: dynamic search.
Parallel mode: deterministic, using up to 32 threads.
Root relaxation solution time = 4.92 sec. (648.25 ticks)

        Nodes                                         Cuts/
   Node  Left     Objective  IInf  Best Integer    Best Bound    ItCnt     Gap

      0     0      809.2789   409                    809.2789       22         
      0     0      853.9993   527                   Cuts: 327     1586         
      0     0      864.1546   618                   Cuts: 235     2501         
      0     0      871.6196   632                   Cuts: 162     3224         
      0     0      874.6053   589                   Cuts: 114     3688         
      0     0      877.0878   626                    Cuts: 93     4050         
Detecting symmetries...
      0     0      878.8190   603                    Cuts: 84     4326         
      0     0      880.6812   652                    Cuts: 66     4605         
      0     0      881.6153   649                    Cuts: 69     4756         
      0     0      882.2630   651                    Cuts: 58     4931         
      0     0      882.4648   649                    Cuts: 36     5058         
      0     0      882.7892   646                    Cuts: 41     5149         
      0     0      883.0084   615                    Cuts: 31     5216         
      0     0      883.1562   593                    Cuts: 17     5278         
      0     0      883.2022   585                    Cuts: 26     5314         
      0     0      883.2957   600                    Cuts: 20     5370         
Detecting symmetries...
      0     2      883.2957   600                    883.2957     5370         
Elapsed time = 48.32 sec. (17038.92 ticks, tree = 0.02 MB, solutions = 0)
      1     3      883.3147   598                    883.3147     5371         
      2     3      931.9384   546                    883.3147     6903         
      4     4      921.0524   522                    883.3147     6608         
     15    11      921.8609   619                    888.1995     9129         
     45     8      921.4507   542                    888.1995     8988         
     79    50      931.1098   605                    890.9392    13588         
     98    76      945.5229   588                    890.9392    20511         
    113    73      941.1690   597                    890.9392    19959         
    126   108      944.0456   635                    890.9392    30752         
    155   112      946.2924   591                    892.6116    34197         
Elapsed time = 67.36 sec. (20882.11 ticks, tree = 6.79 MB, solutions = 0)
    175   110     1037.6247   591                    892.6116    33906         
    212   192     1038.8385   558                    892.6116   139059         
    244   222     1034.1135   558                    892.6116   215240         
    291   273     1037.6610   575                    892.6116   280544         
    493   337     1048.9857   525                    892.6116   294675         
    683   404     1039.4167   535                    892.6116   314011         
    833   714     1042.2893   518                    892.6116   380158         
    971   741     1087.2295   447                    892.6116   384142         
   1094   952     1091.5003   377                    892.6116   455910         
   1209   804     1057.4543   566                    892.6116   413675         
Elapsed time = 118.49 sec. (30542.91 ticks, tree = 26.58 MB, solutions = 0)
   1321  1066     1117.6398   427                    892.6116   494867         
   1483  1128     1099.7555   554                    892.6116   522608         
   1630  1393     1142.6636   382                    892.6116   598915         
   1749  1408     1112.3867   420                    892.6116   603776         
   1819  1695     1149.8283   419                    892.6116   684053         
   1952  1697     1113.9401   418                    892.6116   683597         
   2117  1808     1124.2578   445                    892.6116   726286         
   2273  1928     1168.4423   448                    892.6116   764115         
   2481  2092     1223.6103   303                    892.6116   799916         
   2672  2018     1352.0062   365                    892.6116   786920         
Elapsed time = 173.74 sec. (40179.37 ticks, tree = 51.95 MB, solutions = 0)
   2875  2409     1191.2928   271                    892.6116   895358         
   3052  2497     1247.3807   311                    892.6116   915748         
   3222  2764     1214.0911   356                    892.6116   987571         
   3411  2810     1182.6096   446                    892.6116  1000194         
   3563  2858    infeasible                          892.6116  1010490         
   3737  3202    infeasible                          892.6116  1124973         
   3930  3209     1256.3191   374                    892.6116  1126793         
   4155  3491     1328.0774   362                    892.6116  1224238         
   4391  3833     1345.6926   346                    892.6116  1322099         
   4630  3533     1339.6414   398                    892.6116  1237062         
Elapsed time = 225.83 sec. (49796.90 ticks, tree = 96.85 MB, solutions = 0)
   4853  3798     1473.7381   316                    892.6116  1311015         
   5114  3966     1236.8885   504                    892.6116  1360630         
   5369  4066     1439.3752   328                    892.6116  1392571         
   5650  4873     1288.4616   369                    892.6116  1607112         
   5954  4554     1464.4740   300                    892.6116  1519208         
   6207  5281     1348.4238   338                    892.6116  1709962         
   6445  5639    infeasible                          892.6116  1793987         
   6715  5633     1326.9463   312                    892.6116  1792045         
   6997  5820     1463.1250   109                    892.6116  1847256         
   7299  6094     1324.7928   238                    892.6116  1919920         
Elapsed time = 275.59 sec. (59365.74 ticks, tree = 184.64 MB, solutions = 0)
   7592  6104     1334.2278   214                    892.6116  1921767         
   7982  6726     1366.5424   286                    892.6116  2087826         
   8399  6434     1575.5604   296                    892.6116  2015342         
   8796  7110     1367.3974   176                    892.6116  2191747         
   9323  7509     1913.5059   165                    892.6116  2268104         
   9950  7770     1545.4271   221                    892.6116  2333642         
  10326  8183     1563.4414   152                    892.6116  2403242         
  10872  7901     1624.6190    90                    892.6116  2366905         
  11362  8746     1825.9661    45                    892.6116  2509297         
  11841  8656     1417.5308   173                    892.6116  2495075         
Elapsed time = 324.35 sec. (68914.30 ticks, tree = 276.43 MB, solutions = 0)
  12283  9075     1579.8183   183                    892.6116  2578992         
  12648  9299     1607.6855   288                    892.6116  2628801         
  12893  9329     1607.6855   212                    892.6116  2630607         
  13068  9816    infeasible                          892.6116  2687917         
  13202 10341     1406.5079   145                    892.6116  2781229         
  13447 10391     1487.8150   256                    892.6116  2816878         
  13762 10489     1651.5858    65                    892.6116  2854830         
  14097 10584     1417.2457   104                    892.6116  2874979         
  14434 10697     1733.8891    52                    892.6116  2901914         
  14819 11221     1100.9965   433                    893.6237  3017765         
Elapsed time = 376.64 sec. (78486.90 ticks, tree = 363.16 MB, solutions = 0)
  15101 11308     1511.1865   255                    893.6237  3034968         
  15312 10859     1047.1237   495                    893.6237  2948360         
  15599 11510     1548.4260    61                    893.6237  3081640         
  15887 11903     1594.9873   163                    893.6237  3155267         
  16218 12154      982.4542   511                    893.6237  3224386         
  16432 12056      978.4461   540                    893.6237  3190523         
  16668 12241     1574.5455   289                    893.6237  3227832         
  16931 12548     1564.9549   165                    893.6237  3260796         
  17149 12935     1028.0625   471                    893.6237  3357203         
  17380 12960     1028.0625   471                    893.6237  3357333         
Elapsed time = 427.15 sec. (88068.14 ticks, tree = 414.02 MB, solutions = 0)
  17693 13218     1185.2752   451                    893.6237  3440168         
  17949 13182      966.0523   512                    893.6237  3431155         
  18243 13202     1216.3606   412                    893.6237  3439003         
  18516 13761     1200.0881   550                    893.6237  3540318         
  18757 14028      948.0032   544                    893.6237  3577052         
  18993 14100     1073.5878   476                    893.6237  3607334         
  19280 14065     1474.3903   132                    893.6237  3580131         
  19485 14566     1014.0207   494                    893.6237  3709790         
  19662 14555     1309.8228   409                    893.6237  3704371         
  19946 14794     1589.6750   160                    893.6237  3749255         
Elapsed time = 479.99 sec. (97637.72 ticks, tree = 465.66 MB, solutions = 0)
  20226 14945     1053.2618   458                    893.6237  3790029         
  20476 14950     1011.0358   531                    893.6237  3812153         
  20783 15098     1200.4690   565                    893.6237  3849261         
  21039 15588     1152.6649   471                    893.6237  3938871         
  21302 15776     1589.6750   160                    893.6237  3965676         
  21599 15698      921.0158   521                    893.6237  3966634         
  21840 15885     1127.5458   562                    893.6237  3991515         
  22100 16378     1589.6750   160                    893.6237  4074879         
  22360 16405     1589.6750   160                    893.6237  4075095         
  23105 17355     1355.1291   186                    893.6237  4291038         
Elapsed time = 550.01 sec. (110074.89 ticks, tree = 524.90 MB, solutions = 0)
  23522 17612     1325.7251   372                    893.6237  4353787         
  24189 17970     1191.8908   449                    893.6237  4518988         
  25133 18323     1148.6712   425                    893.6237  4632316         
  26312 19023     1540.1260   409                    893.6237  4834396         
  27594 19200     1210.9428   435                    893.6237  4898248         
  28786 19744     1540.1260   409                    893.6237  5085319         
  30094 20200     1540.1260   409                    893.6237  5229834         
  31021 20564     1540.1260   409                    894.8652  5358416         
  31822 21280     1081.8458   476                    894.8652  5610924         
  32621 21304     1540.1260   409                    894.8652  5626427         
Elapsed time = 745.95 sec. (148280.83 ticks, tree = 614.40 MB, solutions = 0)
  33499 21701     1064.4753   581                    894.8652  5780111         
  34361 22042     1540.1260   409                    894.8652  5908478         
  35107 22452     1540.1260   409                    894.8652  6051862         
  35480 22978      996.5813   529                    894.8652  6274202         
  35823 23237      991.9483   554                    894.8652  6413990         
  36240 23394     1210.4690   487                    894.8652  6485647         

Performing restart 1

Repeating presolve.
Tried aggregator 1 time.
MIP Presolve eliminated 1 rows and 75 columns.
MIP Presolve modified 18 coefficients.
Reduced MIP has 27668 rows, 29689 columns, and 127892 nonzeros.
Reduced MIP has 15332 binaries, 14357 generals, 0 SOSs, and 0 indicators.
Presolve time = 0.11 sec. (56.25 ticks)
Tried aggregator 1 time.
MIP Presolve eliminated 0 rows and 123 columns.
Reduced MIP has 27668 rows, 29566 columns, and 127523 nonzeros.
Reduced MIP has 15209 binaries, 14357 generals, 0 SOSs, and 0 indicators.
Presolve time = 0.16 sec. (77.45 ticks)
Represolve time = 8.58 sec. (305.05 ticks)
  36452     0      926.1298   749                   Cuts: 577  6736652         
  36452     0      943.4983   803                   Cuts: 638  6738542         
  36452     0      969.3876   858                   Cuts: 589  6740808         
  36452     0     1023.6138   841                   Cuts: 570  6744288         
  36452     0     1031.9618   874                   Cuts: 466  6745591         
  36452     0     1035.3604   888                   Cuts: 261  6746393         
  36452     0     1037.7495   902                   Cuts: 296  6747027         
  36452     0     1042.8534   930                   Cuts: 227  6747758         
  36452     0     1044.7783   940                   Cuts: 244  6748625         
  36452     0     1045.7166   901                   Cuts: 557  6749093         
  36452     0     1046.5686   957                   Cuts: 254  6749524         
  36452     0     1047.5666   960                   Cuts: 194  6749891         
  36452     0     1048.0154   940                   Cuts: 195  6750308         
  36452     0     1048.1956   918                   Cuts: 142  6750571         
  36452     0     1048.4715   923                   Cuts: 101  6750839         
  36452     0     1048.5650   940                   Cuts: 118  6751040         
  36452     0     1048.8947   951                    Cuts: 79  6751270         
  36452     0     1049.1794   965                   Cuts: 111  6751507         
  36452     0     1049.3216   972                   Cuts: 108  6751726         
  36452     0     1049.5180   976                    Cuts: 90  6751981         
  36452     0     1049.7141   972                    Cuts: 83  6752162         
  36452     0     1049.7572   966                    Cuts: 61  6752244         
  36452     0     1049.8828   968                    Cuts: 77  6752402         
  36452     0     1049.9395   972                    Cuts: 68  6752543         
  36452     0     1049.9855   968                    Cuts: 54  6752656         
* 36452+    0                         7642.7115     1049.9855            86.26%
  36452     2     1049.9855   968     7642.7115     1049.9855  6752656   86.26%
  36454     4     1052.1202   941     7642.7115     1052.1403  6753473   86.23%
  36455     5     1053.6843   896     7642.7115     1053.7142  6753992   86.21%
  36456     6     1054.5205   892     7642.7115     1054.5239  6754337   86.20%
Elapsed time = 1172.05 sec. (334326.64 ticks, tree = 0.03 MB, solutions = 1)
  36460     5     1060.1938   894     7642.7115     1054.5239  6754614   86.20%
  36463     7     1055.4458   887     7642.7115     1055.5529  6754557   86.19%
  36466    12     1082.4463   849     7642.7115     1055.5529  6770244   86.19%
  36470     7     1072.4275   844     7642.7115     1055.5529  6756703   86.19%
  36476    13     1089.6338   872     7642.7115     1055.5529  6773953   86.19%
  36486    16     1092.9082   818     7642.7115     1055.5529  6786285   86.19%
  36500    13     1073.6143   907     7642.7115     1058.4875  6776341   86.15%
  36536    18     1077.5257   887     7642.7115     1058.4875  6789138   86.15%
  36612    64     1079.3332   901     7642.7115     1058.4875  6920246   86.15%
  36660    75     1145.4909   789     7642.7115     1058.4875  6933192   86.15%
Elapsed time = 1405.37 sec. (382197.25 ticks, tree = 1.31 MB, solutions = 1)
  36715    95     1081.8828   883     7642.7115     1061.7344  6953309   86.11%
  36767   117     1112.0142   785     7642.7115     1063.1608  6970306   86.09%
  36845   220     1105.4046   843     7642.7115     1063.1608  7100354   86.09%
  36960   396     1092.7472   899     7642.7115     1063.1608  7248715   86.09%
  37109   403     1199.5056   729     7642.7115     1063.1608  7249022   86.09%
  37338   695     1241.0133   763     7642.7115     1063.1608  7354481   86.09%
  37583   650     1219.8839   611     7642.7115     1063.1608  7346529   86.09%
  37881  1009     1283.8720   621     7642.7115     1063.1608  7450618   86.09%
  38251  1263     1440.6440   513     7642.7115     1063.1608  7518224   86.09%
  38821  1625     1544.2904   578     7642.7115     1063.1608  7591765   86.09%
Elapsed time = 1663.70 sec. (420528.35 ticks, tree = 126.51 MB, solutions = 1)
  39612  1862     1277.9528   563     7642.7115     1063.1608  7632759   86.09%
  40557  2690     1536.9630   569     7642.7115     1063.1608  7705094   86.09%
  41576  3139     1422.1372   627     7642.7115     1063.1608  7743519   86.09%
  42563  3621     1409.8162   777     7642.7115     1063.1608  7795078   86.09%
  43303  4542     1384.6523   262     7642.7115     1063.1608  7850941   86.09%
* 43495+ 4861                         3091.6002     1063.1608            65.61%
* 43647+ 4861                         3036.5970     1063.1608            64.99%
* 43696+ 5005                         2071.3145     1063.1608            48.67%
* 43708+ 4923                         1995.6247     1063.1608            46.73%
* 43832+ 5651                         1677.6821     1063.1608            36.63%
  43833  5787     1219.9706   832     1677.6821     1063.1608  7942751   36.63%
* 43939+ 5651                         1603.4708     1063.1608            33.70%
* 43984+ 5651                         1597.0065     1063.1608            33.43%
* 43995+ 5651                         1563.4762     1063.1608            32.00%
* 44008+ 5651                         1562.8091     1063.1608            31.97%
* 44029+ 5651                         1560.6822     1063.1608            31.88%
* 44076+ 5651                         1557.4035     1063.1608            31.74%
* 44187+ 5344                         1442.5068     1063.1608            26.30%
* 44221+ 5344                         1435.2640     1063.1608            25.93%
* 44234+ 5344                         1387.5272     1063.1608            23.38%
* 44280+ 5344                         1380.5977     1063.1608            22.99%
* 44287+ 5344                         1377.0698     1063.1608            22.80%
* 44303+ 5344                         1374.8437     1063.1608            22.67%
* 44331+ 5344                         1345.9078     1063.1608            21.01%
  44337  6201     1728.9763   279     1345.9078     1063.1608  7975374   21.01%
* 44390+ 5344                         1336.2504     1063.1608            20.44%
* 44408+ 5344                         1330.8435     1063.1608            20.11%
* 44423+ 5344                         1329.4490     1063.1608            20.03%
* 44475+ 5344                         1324.1847     1063.1608            19.71%
* 44483+ 5344                         1302.9047     1063.1608            18.40%
* 44495+ 5344                         1297.0788     1063.1608            18.03%
  44784  6741     1305.2174   406     1297.0788     1063.1608  8017294   18.03%
* 44999+ 5344                         1294.5632     1063.1608            17.87%
  45169  7349     1472.5588   337     1294.5632     1063.1608  8061676   17.87%
* 45272+ 5203                         1288.7809     1063.1608            17.51%
  45644  7927     1320.9635   347     1288.7809     1063.1608  8119397   17.51%
Elapsed time = 1898.05 sec. (458727.89 ticks, tree = 1712.37 MB, solutions = 1)
  46074  8016     1666.6027   299     1288.7809     1063.1608  8127845   17.51%
* 46304+ 5344                         1286.8736     1063.1608            17.38%
  46513  8312     1565.3889   242     1286.8736     1063.1608  8147572   17.38%
  46979  8521     1257.4241   409     1286.8736     1063.1608  8173115   17.38%
  47234  2580     1136.6057   832     1286.8736     1063.1634  8208998   17.38%
  47457  2637     1084.1079   917     1286.8736     1063.1634  8251740   17.38%
  47788  2725     1265.5788   728     1286.8736     1063.1634  8288116   17.38%
  48072  2830     1255.7988   758     1286.8736     1063.1634  8312605   17.38%
  48392  3252     1219.6672   847     1286.8736     1063.1634  8406670   17.38%
  48678  3652     1114.3300   881     1286.8736     1063.1634  8481050   17.38%
  49029  3481     1135.1139   800     1286.8736     1063.1634  8446908   17.38%
Elapsed time = 2142.62 sec. (496959.93 ticks, tree = 568.79 MB, solutions = 102)
  49312  4175     1155.3071   899     1286.8736     1063.1634  8593563   17.38%
  49638  4412     1084.8460   900     1286.8736     1063.1634  8653253   17.38%
  50031  4455     1126.0639   801     1286.8736     1063.1634  8661991   17.38%
  50358  4479     1097.5016   896     1286.8736     1063.1634  8669623   17.38%
  50660  5140     1111.9437   865     1286.8736     1063.1634  8787133   17.38%
  51065  5161     1156.7024   785     1286.8736     1063.1634  8790051   17.38%
  51519  5456     1093.7970   907     1286.8736     1063.1634  8866164   17.38%
  51966  6124     1105.3636   862     1286.8736     1063.1634  8984326   17.38%
  52396  5981     1161.9136   738     1286.8736     1063.1634  8954108   17.38%
  52885  6613     1153.0836   866     1286.8736     1063.1634  9055494   17.38%
Elapsed time = 2378.57 sec. (535215.24 ticks, tree = 1271.57 MB, solutions = 135)
  53342  7055     1144.3676   802     1286.8736     1063.1634  9112693   17.38%
  53797  7170     1125.1730   882     1286.8736     1063.1634  9134883   17.38%
  54194  8332     1257.3355   813     1286.8736     1063.1634  9300351   17.38%
  54708  8598     1111.4812   914     1286.8736     1063.1634  9351999   17.38%
* 55239+ 8215                         1236.9138     1063.1634            14.05%
  55245  9224     1179.7053   838     1236.9138     1063.1634  9445565   14.05%
* 55466+ 8215                         1233.6087     1063.1634            13.82%
  55893  8471     1085.7206   995     1233.6087     1063.1634  9330743   13.82%
  56476  9547     1173.5453   749     1233.6087     1063.1634  9490269   13.82%
* 56829+ 9176                         1217.3382     1063.1634            12.66%
  56975  7623     1110.2899   826     1217.3382     1063.1634  9604625   12.66%
  57405  7654     1162.3415   849     1217.3382     1063.1634  9616029   12.66%
  57996  7885     1165.7690   850     1217.3382     1063.1634  9635721   12.66%
Elapsed time = 2607.93 sec. (573451.61 ticks, tree = 1553.99 MB, solutions = 228)
* 58156+ 7647                         1210.0152     1063.1634            12.14%
* 58448+ 7989                         1209.9696     1063.1634            12.13%
  58478  7671     1104.2248   936     1209.9696     1063.1634  9682580   12.13%
* 58601+ 7989                         1209.4946     1063.1634            12.10%
* 58709+ 7989                         1209.1470     1063.1634            12.07%
  58952  8358     1116.5777   945     1209.1470     1063.1634  9834122   12.07%
* 59422+ 8567                         1208.0914     1063.1634            12.00%
  59443  8120     1131.2167   847     1208.0914     1063.1634  9809778   12.00%
  59991  8965     1165.5593   781     1208.0914     1063.1634  9923725   12.00%
* 60110+ 9527                         1207.2688     1063.1634            11.94%
* 60173+ 9699                         1207.2688     1063.1634            11.94%
  60522  9027     1098.7470   845     1207.2688     1063.1634  9939896   11.94%
  60967  9123     1172.8373   850     1207.2688     1063.1634  9956517   11.94%
  61362  9979     1179.8617   746     1207.2688     1063.1634 10091314   11.94%
  61942 11071     1182.6825   884     1207.2688     1063.1634 10256253   11.94%
* 62405+11165                         1206.9282     1063.1634            11.91%
  62425 11609     1132.2279   814     1206.9282     1063.1634 10336121   11.91%
* 62427+11165                         1206.0207     1063.1634            11.85%
  62911 11886     1137.8071   856     1206.0207     1063.1634 10385066   11.85%
Elapsed time = 2860.93 sec. (611683.36 ticks, tree = 2473.05 MB, solutions = 302)
Nodefile size = 415.28 MB (272.98 MB after compression)
  63475 11543     1148.3049   835     1206.0207     1063.1634 10313746   11.85%
  64039 12618     1204.8394   811     1206.0207     1063.1634 10509558   11.85%
  64510 12989     1163.7390   828     1206.0207     1063.1634 10562384   11.85%
  64973 12745     1112.7217   837     1206.0207     1063.1634 10531638   11.85%
  65531 14180        cutoff           1206.0207     1063.1634 10765987   11.85%
  66005 14753     1192.7473   848     1206.0207     1063.1634 10859904   11.85%
  66533 14758     1120.1370   886     1206.0207     1063.1634 10862731   11.85%
  67005 15134     1142.2101   826     1206.0207     1063.1634 10924664   11.85%
  67479 15624     1130.1298   904     1206.0207     1063.1634 11000901   11.85%
  67936 15932     1182.9962   679     1206.0207     1063.1634 11056424   11.85%
Elapsed time = 3107.81 sec. (649914.81 ticks, tree = 3239.30 MB, solutions = 318)
Nodefile size = 1172.83 MB (769.07 MB after compression)
  68466 16163     1125.0496   951     1206.0207     1063.1634 11085399   11.85%
  68903 16769     1104.0136   829     1206.0207     1063.1634 11214085   11.85%
  69296 17267     1115.3306   830     1206.0207     1063.1634 11311405   11.85%
  69799 17453     1108.6441   897     1206.0207     1063.1634 11339645   11.85%
  70312 17511        cutoff           1206.0207     1063.1634 11353682   11.85%
  70778 18206     1093.7782   971     1206.0207     1063.1634 11475743   11.85%
  71270 19217     1152.6065   806     1206.0207     1087.1658 11651379    9.86%
  71653 19255     1164.9206   742     1206.0207     1087.1658 11654271    9.86%
  71969 19379     1117.3582   930     1206.0207     1087.1658 11684785    9.86%
  72181 19593     1154.1359   845     1206.0207     1087.1658 11728916    9.86%
Elapsed time = 3350.85 sec. (688218.87 ticks, tree = 3881.68 MB, solutions = 329)
Nodefile size = 1807.11 MB (1182.72 MB after compression)

Performing restart 2

Repeating presolve.
Tried aggregator 1 time.
MIP Presolve eliminated 22 rows and 220 columns.
MIP Presolve modified 350 coefficients.
Reduced MIP has 27646 rows, 29346 columns, and 126658 nonzeros.
Reduced MIP has 15002 binaries, 14344 generals, 0 SOSs, and 0 indicators.
Presolve time = 0.12 sec. (57.67 ticks)
Tried aggregator 1 time.
MIP Presolve eliminated 9 rows and 9 columns.
Reduced MIP has 27637 rows, 29337 columns, and 126640 nonzeros.
Reduced MIP has 15002 binaries, 14335 generals, 0 SOSs, and 0 indicators.
Presolve time = 0.19 sec. (79.34 ticks)
Represolve time = 11.10 sec. (859.29 ticks)
  72205     0     1056.2485  1018     1206.0207     Cuts: 308 12118512    9.81%
  72205     0     1056.4970  1011     1206.0207      Cuts: 71 12118888    9.81%
  72205     0     1058.4281   880     1206.0207      Cuts: 80 12119654    9.81%
* 72205+    0                         1205.9562     1087.6566             9.81%
  72205     0     1059.6351   923     1205.9562     Cuts: 506 12120874    9.81%
  72205     0     1061.0033   950     1205.9562     Cuts: 292 12121548    9.81%
  72205     0     1061.5842   972     1205.9562     Cuts: 202 12122012    9.81%
  72205     0     1061.9481   959     1205.9562     Cuts: 125 12122333    9.81%
  72205     0     1062.8510   955     1205.9562      Cuts: 85 12122774    9.81%
  72205     0     1063.4387   984     1205.9562     Cuts: 112 12123122    9.81%
  72205     2     1063.4568   952     1205.9562     1087.6566 12123122    9.81%
  72206     3     1063.6872   934     1205.9562     1087.6566 12123921    9.81%
  72209     6     1089.8331   887     1205.9562     1087.6566 12130118    9.81%
  72214     9     1095.1484   935     1205.9562     1087.6566 12133391    9.81%
  72222     9     1091.6025   912     1205.9562     1087.6566 12136890    9.81%
  72229    14     1109.4110   842     1205.9562     1087.6566 12141308    9.81%
  72236    13     1092.7135   882     1205.9562     1087.6566 12142035    9.81%
  72266    42     1094.1422   859     1205.9562     1087.6566 12190850    9.81%
  72331    56     1123.5673   883     1205.9562     1087.6566 12204516    9.81%
  72407    77     1169.8432   763     1205.9562     1087.6566 12221520    9.81%
Elapsed time = 3811.13 sec. (863631.14 ticks, tree = 4.19 MB, solutions = 330)
  72476   159     1118.0723   864     1205.9562     1087.6566 12253380    9.81%
  72531   139     1169.4710   738     1205.9562     1087.6566 12249559    9.81%
  72595   320     1156.7348   720     1205.9562     1087.6566 12398660    9.81%
  72670   348     1152.4094   754     1205.9562     1087.6566 12432929    9.81%
  72812   382     1185.2508   745     1205.9562     1087.6566 12484072    9.81%
  73012   420     1130.9429   775     1205.9562     1087.6566 12523321    9.81%
  73237   635     1154.6689   799     1205.9562     1087.6566 12632498    9.81%
  73469   798     1159.6649   673     1205.9562     1087.6566 12692543    9.81%
  73676   897     1113.0178   899     1205.9562     1087.6566 12727580    9.81%
  73958  1224     1163.7783   674     1205.9562     1087.6566 12863612    9.81%
Elapsed time = 4062.09 sec. (902128.83 ticks, tree = 139.23 MB, solutions = 330)
  74228  1273     1143.3994   850     1205.9562     1087.6566 12874143    9.81%
  74423  1589     1154.9447   806     1205.9562     1087.6566 12981383    9.81%
  74586  1818     1193.6776   782     1205.9562     1087.6566 13073056    9.81%
  74790  1743     1124.8042   800     1205.9562     1087.6566 13044951    9.81%
  75074  1930     1170.7857   811     1205.9562     1087.6566 13135553    9.81%
  75370  2158     1128.7802   779     1205.9562     1087.6566 13248998    9.81%
  75699  2621     1156.5788   931     1205.9562     1087.6566 13394885    9.81%
  76039  2659     1125.2197   859     1205.9562     1087.6566 13401342    9.81%
  76393  3001     1106.0613   970     1205.9562     1087.6566 13519496    9.81%
  76735  2979    infeasible           1205.9562     1087.6566 13502429    9.81%
Elapsed time = 4312.75 sec. (940436.63 ticks, tree = 451.56 MB, solutions = 330)
  77031  3156     1124.4768   944     1205.9562     1087.6566 13560188    9.81%
  77388  3627     1135.7598   856     1205.9562     1087.6566 13669401    9.81%
  77820  4327     1201.1405   654     1205.9562     1087.6566 13822708    9.81%
  78284  4464     1147.7857   785     1205.9562     1087.6566 13850180    9.81%
  78764  4546     1163.2497   825     1205.9562     1087.6566 13867596    9.81%
  79183  4905     1147.3919   872     1205.9562     1087.6566 13934421    9.81%
  79598  5374     1137.8759   898     1205.9562     1087.6566 14036297    9.81%
  80022  6120     1149.7540   899     1205.9562     1087.6566 14167376    9.81%
  80433  6693     1162.4398   934     1205.9562     1087.6566 14283606    9.81%
  80864  6918    infeasible           1205.9562     1087.6566 14321125    9.81%
Elapsed time = 4573.56 sec. (978637.25 ticks, tree = 1344.75 MB, solutions = 330)
  81242  7492     1159.6179   939     1205.9562     1087.6566 14435343    9.81%
  81590  7375     1117.1541   947     1205.9562     1089.0274 14419126    9.70%
  81941  7570     1145.7831   907     1205.9562     1089.0274 14459097    9.70%
  82451  8607     1154.8731   938     1205.9562     1089.0274 14662339    9.70%
  82931  8951     1193.4719   902     1205.9562     1089.0274 14722285    9.70%
  83394  8952     1183.6213   753     1205.9562     1089.0274 14721014    9.70%
  83749  9536     1180.7457   904     1205.9562     1089.0274 14819377    9.70%
  84084  9699     1142.2016   825     1205.9562     1089.9305 14850075    9.62%
  84493 10461     1163.7953   854     1205.9562     1089.9305 15021795    9.62%
  84886 10894     1197.1458   416     1205.9562     1089.9305 15131466    9.62%
Elapsed time = 4842.42 sec. (1016851.35 ticks, tree = 2267.79 MB, solutions = 330)
Nodefile size = 211.68 MB (146.04 MB after compression)
  85232 10726     1149.5024   866     1205.9562     1089.9305 15107501    9.62%
  85624 11624     1195.0824   765     1205.9562     1089.9305 15302031    9.62%
  86015 11474     1188.7868   795     1205.9562     1095.2360 15270937    9.18%
  86403 11762     1138.6653   806     1205.9562     1095.2360 15344754    9.18%
  86796 12159     1127.6679   889     1205.9562     1096.1193 15429454    9.11%
  87174 13046     1157.1227   837     1205.9562     1096.1193 15609318    9.11%
  87593 13382     1160.7538   834     1205.9562     1096.1193 15688253    9.11%
  88007 13490     1184.0682   829     1205.9562     1096.1193 15704774    9.11%
  88485 13700     1162.9911   901     1205.9562     1096.1193 15756972    9.11%
  88905 14271     1164.8404   926     1205.9562     1096.1193 15866572    9.11%
Elapsed time = 5108.45 sec. (1055125.79 ticks, tree = 3059.31 MB, solutions = 330)
Nodefile size = 1002.53 MB (712.81 MB after compression)
  89338 15052        cutoff           1205.9562     1096.1193 16013713    9.11%
  89722 15164     1198.1192   843     1205.9562     1096.1193 16038161    9.11%
  90173 15225     1178.0253   859     1205.9562     1096.1193 16051302    9.11%
  90536 15828     1145.6064   856     1205.9562     1096.1193 16165706    9.11%
  90924 16582     1174.6486   770     1205.9562     1097.5094 16331269    8.99%
  91269 16496     1118.3023   883     1205.9562     1097.5094 16318549    8.99%
  91614 17085        cutoff           1205.9562     1098.8006 16452332    8.89%
  91961 17051     1186.5609   853     1205.9562     1099.1826 16441746    8.85%
  92438 17253     1188.1111   739     1205.9562     1099.1826 16489585    8.85%
  92926 18129     1121.3259   807     1205.9562     1099.3002 16681697    8.84%
Elapsed time = 5376.22 sec. (1093317.99 ticks, tree = 3957.37 MB, solutions = 330)
Nodefile size = 1901.48 MB (1361.07 MB after compression)
  93376 18026     1136.9750   873     1205.9562     1099.4477 16650447    8.83%
  93814 18215     1179.6709   880     1205.9562     1099.4477 16705966    8.83%
  94238 19065     1162.6895   892     1205.9562     1099.4477 16843263    8.83%
  94618 19863     1166.2141   869     1205.9562     1099.4477 17003714    8.83%
  94984 20164     1169.7446   806     1205.9562     1099.4477 17075550    8.83%
  95382 19876     1163.9686   909     1205.9562     1099.7787 17015950    8.80%
  95774 20742     1124.8959   870     1205.9562     1099.9618 17214287    8.79%
  96161 20920     1144.6570   812     1205.9562     1099.9618 17254501    8.79%
  96555 20916     1175.0915   836     1205.9562     1100.9453 17245104    8.71%
  96899 22020     1161.7516   897     1205.9562     1100.9453 17493234    8.71%
Elapsed time = 5640.86 sec. (1131559.73 ticks, tree = 4871.37 MB, solutions = 330)
Nodefile size = 2816.17 MB (2025.66 MB after compression)
  97285 22105     1177.2486   812     1205.9562     1101.0909 17529737    8.70%
  97652 22167     1186.5255   840     1205.9562     1101.3134 17555960    8.68%
  98012 22375     1175.5184   765     1205.9562     1102.0905 17609840    8.61%
  98354 22611     1180.4033   833     1205.9562     1102.0905 17660393    8.61%
  98710 22979     1137.3186   826     1205.9562     1102.1711 17739391    8.61%
  99052 23736     1159.8439   796     1205.9562     1102.2825 17925427    8.60%
  99371 23998     1144.2039   924     1205.9562     1102.4554 17996042    8.58%
  99713 24502     1169.4222   867     1205.9562     1102.5092 18120120    8.58%
 100005 24157     1188.3136   811     1205.9562     1102.5092 18051558    8.58%
 100313 24943        cutoff           1205.9562     1103.0804 18256835    8.53%
Elapsed time = 5907.79 sec. (1169747.43 ticks, tree = 5557.83 MB, solutions = 330)
Nodefile size = 3501.61 MB (2522.80 MB after compression)
*100361+25095                         1205.7084     1103.0804             8.51%
*100391+24536                         1205.6667     1103.0804             8.51%
*100413+24536                         1203.4496     1103.0804             8.34%
 100590 25309     1116.5005   804     1203.4496     1103.0804 18345665    8.34%
 100889 25398     1146.5198   892     1203.4496     1103.5585 18386729    8.30%
 101236 25377     1146.5691   797     1203.4496     1103.6555 18382987    8.29%
 101582 25897     1121.7013   835     1203.4496     1103.7932 18571362    8.28%
 101945 26262     1138.7890   909     1203.4496     1103.7932 18664797    8.28%
 102336 26735     1164.2257   705     1203.4496     1103.7932 18767036    8.28%
 102744 26942     1175.6314   852     1203.4496     1103.7932 18801625    8.28%
 103059 26796     1141.3583   839     1203.4496     1103.7932 18772020    8.28%
 103481 27338     1194.8354   781     1203.4496     1103.7932 18912373    8.28%
 103794 27588        cutoff           1203.4496     1103.7932 18961929    8.28%
Elapsed time = 6160.76 sec. (1207960.70 ticks, tree = 5998.77 MB, solutions = 333)
Nodefile size = 3936.57 MB (2835.50 MB after compression)
*104077+27774                         1203.2155     1104.2239             8.23%
 104091 27724     1169.5270   831     1203.2155     1104.2239 18985896    8.23%
*104213+28512                         1203.2019     1104.2239             8.23%
*104359+27822                         1202.0076     1104.2239             8.14%
 104371 28607     1159.1383   797     1202.0076     1104.2239 19212018    8.14%
*104396+27822                         1201.9940     1104.2239             8.13%
*104470+27822                         1201.4205     1104.2239             8.09%
 104690 28680     1122.4718   866     1201.4205     1105.1353 19283845    8.01%
 105068 28949    infeasible           1201.4205     1105.2517 19357928    8.00%
*105384+28889                         1201.1727     1105.2517             7.99%
 105429 28772     1131.1527   903     1201.1727     1105.2517 19309892    7.99%
 105762 29435     1176.8592   678     1201.1727     1105.3131 19471024    7.98%
 106114 29821     1173.3734   720     1201.1727     1105.3131 19567141    7.98%
 106441 29434     1163.2953   782     1201.1727     1105.3131 19467028    7.98%
 106764 29735     1164.4300   861     1201.1727     1105.4266 19542778    7.97%
 107077 30692     1177.2740   843     1201.1727     1105.4266 19779590    7.97%
Elapsed time = 6425.04 sec. (1246181.31 ticks, tree = 6728.59 MB, solutions = 341)
Nodefile size = 4665.45 MB (3362.72 MB after compression)
 107387 31058     1192.7468   822     1201.1727     1105.4266 19872562    7.97%
 107755 31153     1151.5956   692     1201.1727     1105.9611 19896802    7.93%
 108167 31172     1140.1250   798     1201.1727     1105.9921 19899696    7.92%
 108530 31788     1143.3140   811     1201.1727     1105.9921 20071925    7.92%
 108874 32315     1129.4498   838     1201.1727     1106.5412 20218040    7.88%
 109238 32304     1164.2313   653     1201.1727     1106.5412 20204784    7.88%
 109505 32500     1165.9258   781     1201.1727     1106.5412 20246919    7.88%
 109838 33092     1152.2460   830     1201.1727     1107.1361 20399006    7.83%
 110140 32978     1171.9525   768     1201.1727     1107.1361 20367198    7.83%
 110477 33145        cutoff           1201.1727     1107.1361 20404064    7.83%
Elapsed time = 6683.74 sec. (1284461.63 ticks, tree = 7278.94 MB, solutions = 341)
Nodefile size = 5220.09 MB (3763.90 MB after compression)
 110813 33829     1192.1348   768     1201.1727     1107.2014 20613809    7.82%
 111122 33936     1149.0763   842     1201.1727     1107.2204 20645213    7.82%
 111412 34127     1164.6046   827     1201.1727     1107.3848 20703492    7.81%
 111756 34082     1169.5668   785     1201.1727     1107.3848 20698804    7.81%
 112037 34703     1121.9694   914     1201.1727     1107.7301 20882711    7.78%
 112398 35203     1142.1181   767     1201.1727     1107.7301 21027128    7.78%
 112726 35144     1156.6987   828     1201.1727     1107.8553 21004287    7.77%
 113081 36035     1197.1445   784     1201.1727     1107.8553 21265825    7.77%
 113464 35673     1168.5052   820     1201.1727     1108.0970 21168281    7.75%
 113860 36451     1162.9985   861     1201.1727     1108.1859 21387081    7.74%
Elapsed time = 6954.11 sec. (1322733.40 ticks, tree = 7843.37 MB, solutions = 341)
Nodefile size = 5783.90 MB (4167.64 MB after compression)
 114201 36871     1156.4440   833     1201.1727     1108.1920 21490155    7.74%
 114568 36545     1193.4367   876     1201.1727     1108.1920 21409200    7.74%
 114972 36900     1192.0844   679     1201.1727     1108.1920 21478333    7.74%
 115316 37106     1156.7305   755     1201.1727     1108.5336 21553508    7.71%
 115577 37997     1150.9237   852     1201.1727     1108.6270 21769387    7.70%
 115841 38240     1151.0049   916     1201.1727     1108.6769 21824970    7.70%
 116100 38346     1144.2232   882     1201.1727     1108.7746 21855254    7.69%
 116429 39105     1160.4429   857     1201.1727     1108.9147 22086124    7.68%
 116772 38896     1167.7678   765     1201.1727     1109.0756 22006339    7.67%
 117104 39185     1188.0153   785     1201.1727     1109.0756 22109021    7.67%
Elapsed time = 7215.71 sec. (1361023.43 ticks, tree = 8476.65 MB, solutions = 341)
Nodefile size = 6416.87 MB (4625.24 MB after compression)
 117366 39331     1138.5625   867     1201.1727     1109.0756 22172358    7.67%
 117622 39793     1128.2246   840     1201.1727     1109.0756 22303260    7.67%
 117847 39676     1172.6701   899     1201.1727     1109.0756 22276308    7.67%
 118096 40223     1172.3569   803     1201.1727     1109.1424 22445890    7.66%
 118422 40882     1159.7221   787     1201.1727     1109.1660 22673494    7.66%
 118748 40420     1159.7679   761     1201.1727     1109.2405 22498537    7.65%
 119145 40610     1195.2796   773     1201.1727     1109.5215 22588905    7.63%
 119495 41351     1168.6666   803     1201.1727     1109.5215 22835342    7.63%
 119777 41975     1159.8446   870     1201.1727     1109.6451 23024491    7.62%
 120057 41546     1155.6137   849     1201.1727     1109.6451 22894081    7.62%
Elapsed time = 7480.68 sec. (1399309.32 ticks, tree = 8764.81 MB, solutions = 341)
Nodefile size = 6698.29 MB (4821.44 MB after compression)
 120382 42157     1166.8824   877     1201.1727     1109.6451 23068849    7.62%
 120729 42506     1186.8762   885     1201.1727     1109.6451 23168096    7.62%
 121047 42338     1171.7018   876     1201.1727     1109.6451 23110755    7.62%
 121406 43451     1170.7112   874     1201.1727     1109.9109 23454692    7.60%
 121715 43470     1178.6430   854     1201.1727     1110.0165 23457378    7.59%
 122049 43557     1171.8623   790     1201.1727     1110.0165 23489993    7.59%
 122373 44325     1172.4501   820     1201.1727     1110.1437 23695302    7.58%
 122643 44361     1145.1968   854     1201.1727     1110.2612 23718340    7.57%
 122906 43776     1168.4591   955     1201.1727     1110.3588 23541206    7.56%
 123272 44643     1154.7812   744     1201.1727     1110.5007 23791288    7.55%
Elapsed time = 7740.28 sec. (1437522.04 ticks, tree = 9492.82 MB, solutions = 341)
Nodefile size = 7429.78 MB (5351.58 MB after compression)
 123571 44574     1132.1200   755     1201.1727     1110.5007 23765427    7.55%
 123881 45544     1155.9150   752     1201.1727     1110.5939 24066491    7.54%
 124257 45796     1167.6354   778     1201.1727     1110.6135 24132282    7.54%
 124619 45387     1165.7655   857     1201.1727     1110.7409 24009377    7.53%
 124978 46514     1155.0278   779     1201.1727     1110.7409 24336272    7.53%
 125324 45936     1177.1457   879     1201.1727     1110.7409 24183364    7.53%
 125629 46395     1170.6991   784     1201.1727     1110.8168 24299248    7.52%
 125950 47178     1134.2763   868     1201.1727     1110.8168 24522134    7.52%
 126281 47498     1162.1419   779     1201.1727     1111.0633 24629100    7.50%
 126659 47357     1150.0183   872     1201.1727     1111.0633 24575843    7.50%
Elapsed time = 8006.97 sec. (1475784.41 ticks, tree = 10134.34 MB, solutions = 341)
Nodefile size = 8075.12 MB (5820.84 MB after compression)
 127017 48004     1175.5714   869     1201.1727     1111.0633 24775873    7.50%
 127376 47928     1177.9930   795     1201.1727     1111.0955 24759421    7.50%
 127664 48087     1168.0412   939     1201.1727     1111.0955 24802918    7.50%
 127920 48920     1196.4004   861     1201.1727     1111.3248 25009328    7.48%
 128185 48576        cutoff           1201.1727     1111.3248 24914657    7.48%
 128453 49467        cutoff           1201.1727     1111.4074 25202963    7.47%
 128680 48951     1157.4402   802     1201.1727     1111.4074 25016626    7.47%
 128976 49915     1157.5588   785     1201.1727     1111.4074 25350313    7.47%
 129297 49995     1118.2507   976     1201.1727     1111.5293 25375471    7.46%
 129577 49955     1185.7758   776     1201.1727     1111.5293 25354475    7.46%
Elapsed time = 8262.30 sec. (1514063.73 ticks, tree = 10441.05 MB, solutions = 341)
Nodefile size = 8368.72 MB (6028.51 MB after compression)
 129852 50616     1149.0729   825     1201.1727     1111.5702 25608812    7.46%
 130179 50801     1166.8456   754     1201.1727     1111.6745 25677989    7.45%
 130459 50948     1149.3707   717     1201.1727     1111.6745 25722072    7.45%
 130763 50777     1166.7475   802     1201.1727     1111.9594 25662155    7.43%
 131054 50797     1153.8052   784     1201.1727     1111.9594 25675247    7.43%
 131413 51542     1191.0697   782     1201.1727     1111.9594 25921716    7.43%
 131678 51884     1189.0638   673     1201.1727     1111.9594 26014522    7.43%
 131907 51922     1168.8857   776     1201.1727     1111.9985 26028983    7.42%
 132155 51709     1173.5195   872     1201.1727     1112.0383 25961055    7.42%
 132430 52790     1180.2436   855     1201.1727     1112.0693 26319300    7.42%
Elapsed time = 8520.40 sec. (1552308.35 ticks, tree = 11110.13 MB, solutions = 341)
Nodefile size = 9047.85 MB (6519.97 MB after compression)
 132735 52800     1189.9158   786     1201.1727     1112.0693 26321938    7.42%
 133105 52587     1177.8163   752     1201.1727     1112.0693 26255020    7.42%
 133452 53551     1174.3291   764     1201.1727     1112.2843 26570785    7.40%
 133749 53230     1149.1689   849     1201.1727     1112.2843 26469800    7.40%
 134022 53327     1168.8638   740     1201.1727     1112.2843 26494007    7.40%
 134309 53564     1165.7849   831     1201.1727     1112.2843 26579797    7.40%
 134555 54408     1176.3455   746     1201.1727     1112.2843 26830942    7.40%
 134800 54574     1185.6681   819     1201.1727     1112.6316 26867746    7.37%
 135081 54201     1188.7287   839     1201.1727     1112.6316 26761206    7.37%
 135291 54790     1160.2814   691     1201.1727     1112.6945 26945900    7.37%
Elapsed time = 8785.35 sec. (1590659.81 ticks, tree = 11580.62 MB, solutions = 341)
Nodefile size = 9517.98 MB (6859.29 MB after compression)
 135614 55013        cutoff           1201.1727     1112.7222 27003297    7.36%
 135885 55245     1168.9972   862     1201.1727     1112.7222 27085811    7.36%
 136175 55840     1154.4872   913     1201.1727     1112.7875 27294648    7.36%
*136362+54492                         1195.7072     1112.7875             6.93%
 136558 55499     1199.0767   775     1195.7072     1112.7875 27179383    6.93%
 136902 55652     1182.6773   772     1195.7072     1112.7875 27248447    6.93%
*137062+55693                         1195.5707     1112.7875             6.92%
*137071+55693                         1195.3229     1112.7875             6.90%
 137167 55917     1193.7526   649     1195.3229     1112.7875 27309351    6.90%
 137444 56113     1166.6047   830     1195.3229     1113.1095 27397673    6.88%
 137747 56240     1167.7146   902     1195.3229     1113.1095 27450802    6.88%
 138046 56709     1172.0457   739     1195.3229     1113.2873 27870468    6.86%
 138280 56476     1165.4587   874     1195.3229     1113.2873 27812777    6.86%
Elapsed time = 9045.47 sec. (1628948.28 ticks, tree = 11982.96 MB, solutions = 346)
Nodefile size = 9918.50 MB (7160.29 MB after compression)
 138522 56063     1191.3180   792     1195.3229     1113.2873 27716295    6.86%
 138762 56853     1160.0275   876     1195.3229     1113.2873 27921927    6.86%
 138984 57322     1155.5035   749     1195.3229     1113.2873 28109583    6.86%
 139256 57539     1176.8583   696     1195.3229     1113.2873 28176912    6.86%
 139493 57200     1160.0179   640     1195.3229     1113.5433 28054673    6.84%
 139687 57935        cutoff           1195.3229     1113.5433 28331648    6.84%
 139883 58081     1142.6746   840     1195.3229     1113.6110 28396042    6.84%
 140121 58480     1155.9787   875     1195.3229     1113.6110 28518099    6.84%
 140375 58167        cutoff           1195.3229     1113.6709 28414491    6.83%
 140634 58708     1146.3464   817     1195.3229     1113.6709 28626580    6.83%
Elapsed time = 9294.78 sec. (1667195.45 ticks, tree = 12377.84 MB, solutions = 346)
Nodefile size = 10316.05 MB (7445.26 MB after compression)
 140887 58704     1181.7209   860     1195.3229     1113.6709 28616368    6.83%
 141162 59165     1180.9991   808     1195.3229     1113.7220 28809341    6.83%
 141397 58880        cutoff           1195.3229     1113.7220 28691060    6.83%
 141670 58973     1133.5441   728     1195.3229     1113.9306 28756151    6.81%
 142016 59460     1161.5100   744     1195.3229     1114.0119 28895823    6.80%
 142346 59924     1171.8432   860     1195.3229     1114.0119 29096853    6.80%
 142602 59491     1136.6113   747     1195.3229     1114.1129 28929544    6.79%
 142935 59891     1176.2150   691     1195.3229     1114.1129 29088279    6.79%
 143249 60263     1153.8180   864     1195.3229     1114.1129 29194733    6.79%
 143551 60411     1137.4248   835     1195.3229     1114.1695 29236699    6.79%
Elapsed time = 9555.04 sec. (1705483.10 ticks, tree = 12680.80 MB, solutions = 346)
Nodefile size = 10615.35 MB (7659.57 MB after compression)
 143844 61241     1185.3302   870     1195.3229     1114.2271 29484055    6.78%
 144186 61605     1146.3723   754     1195.3229     1114.2271 29636370    6.78%
 144487 61487     1190.1394   911     1195.3229     1114.2271 29596530    6.78%
 144813 61304     1135.7486   879     1195.3229     1114.2271 29513427    6.78%
 145106 61306     1149.5176   784     1195.3229     1114.2271 29500558    6.78%
 145391 61418     1130.2347   812     1195.3229     1114.5751 29557162    6.76%
 145711 62767     1175.6936   853     1195.3229     1114.5751 29992980    6.76%
 145985 62785        cutoff           1195.3229     1114.5751 29995600    6.76%
 146323 63323     1185.4543   830     1195.3229     1114.5751 30167720    6.76%
 146638 63453     1172.2242   881     1195.3229     1114.5751 30212552    6.76%
Elapsed time = 9822.97 sec. (1743781.45 ticks, tree = 13406.48 MB, solutions = 346)
Nodefile size = 11339.42 MB (8183.54 MB after compression)
 146921 63734     1182.6084   892     1195.3229     1114.9004 30317544    6.73%
 147215 64221     1130.8768   887     1195.3229     1114.9086 30472223    6.73%
 147505 64348     1183.1986   882     1195.3229     1114.9146 30514487    6.73%
 147802 63512     1125.8520   862     1195.3229     1114.9146 30237732    6.73%
 148091 64199     1125.2189   943     1195.3229     1114.9169 30467250    6.73%
 148418 64655     1191.4137   748     1195.3229     1114.9169 30605946    6.73%
 148703 64910     1170.3676   805     1195.3229     1114.9169 30694358    6.73%
 148957 64559     1191.9525   766     1195.3229     1114.9169 30583566    6.73%
 149260 64933     1143.3113   884     1195.3229     1115.1239 30699774    6.71%
 149519 66107     1134.4459   948     1195.3229     1115.1619 31140374    6.71%
Elapsed time = 10086.89 sec. (1781982.54 ticks, tree = 14036.84 MB, solutions = 346)
Nodefile size = 11974.29 MB (8639.28 MB after compression)
 149765 66228     1151.5069   852     1195.3229     1115.1619 31171261    6.71%
 150013 66276     1139.3500   772     1195.3229     1115.3366 31187769    6.69%
 150313 66161     1178.1014   830     1195.3229     1115.3366 31147733    6.69%
 150618 67062     1126.8931   934     1195.3229     1115.3368 31462560    6.69%
 150918 66487     1186.8491   881     1195.3229     1115.3368 31257078    6.69%
 151208 67226     1138.5189   875     1195.3229     1115.3368 31526358    6.69%
 151485 66939     1170.4654   587     1195.3229     1115.3368 31429867    6.69%
 151714 67279     1159.2694   796     1195.3229     1115.3368 31546067    6.69%
 151959 67374     1172.0928   838     1195.3229     1115.4527 31593417    6.68%
 152273 67539     1183.6954   874     1195.3229     1115.4527 31625416    6.68%
Elapsed time = 10346.19 sec. (1820307.85 ticks, tree = 14309.98 MB, solutions = 346)
Nodefile size = 12245.75 MB (8833.43 MB after compression)
 152556 68065     1171.0904   777     1195.3229     1115.4527 31825362    6.68%
 152848 68291     1144.0663   884     1195.3229     1115.6263 31928942    6.67%
 153169 69149     1156.1702   911     1195.3229     1115.6263 32254887    6.67%
 153428 69244     1188.1501   778     1195.3229     1115.6263 32302075    6.67%
 153729 68432     1172.7805   903     1195.3229     1115.9133 31966727    6.64%
 154078 68793     1169.6076   712     1195.3229     1115.9133 32105740    6.64%
 154324 69621     1157.0826   784     1195.3229     1115.9133 32401930    6.64%
 154568 69650     1176.5694   713     1195.3229     1115.9133 32404735    6.64%
 154821 70552     1165.7214   747     1195.3229     1115.9133 32702450    6.64%
 155147 70027     1183.7826   686     1195.3229     1115.9133 32525831    6.64%
Elapsed time = 10612.66 sec. (1858565.60 ticks, tree = 14620.59 MB, solutions = 346)
Nodefile size = 12548.88 MB (9046.14 MB after compression)
 155407 71024     1144.4413   893     1195.3229     1116.2986 32869454    6.61%
 155637 70879     1171.6575   874     1195.3229     1116.2986 32822521    6.61%
 155881 70235     1132.3908   969     1195.3229     1116.3493 32590039    6.61%
 156113 71342     1180.9715   836     1195.3229     1116.3787 32993291    6.60%
 156325 71380     1176.7235   770     1195.3229     1116.4850 33013088    6.60%
 156555 71361     1181.6495   777     1195.3229     1116.5195 32997935    6.59%
 156853 71672     1152.1264   841     1195.3229     1116.5582 33162372    6.59%
 157139 71406     1150.7989   882     1195.3229     1116.5963 33021128    6.59%
 157434 71513     1181.1374   856     1195.3229     1116.6259 33071562    6.58%
 157762 72204     1179.8167   725     1195.3229     1116.6940 33385102    6.58%
Elapsed time = 10880.59 sec. (1896856.90 ticks, tree = 15137.74 MB, solutions = 346)
Nodefile size = 13065.44 MB (9420.24 MB after compression)
 158106 73076     1168.6677   780     1195.3229     1116.8105 33726521    6.57%
 158407 72558     1170.2694   843     1195.3229     1116.8250 33538818    6.57%
 158670 72320     1151.0628   911     1195.3229     1116.8715 33425194    6.56%
 158943 73024     1181.3687   803     1195.3229     1116.9259 33718497    6.56%
 159271 73301        cutoff           1195.3229     1116.9343 33803737    6.56%
 159575 73199     1127.0763   936     1195.3229     1116.9645 33774281    6.56%
 159885 74088     1180.4235   854     1195.3229     1116.9778 34073504    6.55%
 160146 73873     1183.9865   773     1195.3229     1117.0404 34012123    6.55%
 160458 73876     1130.0973   865     1195.3229     1117.0789 34014714    6.55%
 160720 74421     1135.0689   845     1195.3229     1117.1049 34185297    6.54%
Elapsed time = 11145.68 sec. (1935193.03 ticks, tree = 15672.52 MB, solutions = 346)
Nodefile size = 13606.31 MB (9812.64 MB after compression)
 160969 75199     1170.8352   831     1195.3229     1117.1616 34436574    6.54%
 161201 75212     1186.1684   812     1195.3229     1117.1675 34439321    6.54%
 161451 75781     1179.7894   948     1195.3229     1117.2024 34642789    6.54%
 161699 76034     1161.7946   875     1195.3229     1117.2284 34729967    6.53%
 161938 76379     1156.9777   836     1195.3229     1117.2583 34868293    6.53%
 162204 76059     1166.2832   799     1195.3229     1117.2809 34749733    6.53%
 162480 76648     1189.0825   645     1195.3229     1117.3006 34973404    6.53%
 162705 76349     1171.1407   869     1195.3229     1117.3422 34858109    6.52%
 162904 76572        cutoff           1195.3229     1117.3514 34961079    6.52%
 163134 77075     1163.8277   753     1195.3229     1117.3710 35136792    6.52%
Elapsed time = 11395.39 sec. (1973567.44 ticks, tree = 16113.60 MB, solutions = 346)
Nodefile size = 14041.01 MB (10124.25 MB after compression)
 163412 77511     1143.8139   848     1195.3229     1117.4310 35372358    6.52%
 163703 76889     1120.4013   871     1195.3229     1117.4310 35036913    6.52%
 163973 77230     1171.1238   793     1195.3229     1117.4552 35249734    6.51%
 164258 77957     1118.2884   818     1195.3229     1117.4552 35554310    6.51%
 164520 77519     1173.4604   836     1195.3229     1117.4552 35366625    6.51%
 164781 78374     1157.1089   879     1195.3229     1117.4552 35734130    6.51%
 165061 77493     1192.0651   809     1195.3229     1117.4552 35352645    6.51%
 165334 78417     1191.8529   880     1195.3229     1117.4552 35739709    6.51%
 165600 79115     1175.8585   874     1195.3229     1117.6162 36026370    6.50%
 165852 79478        cutoff           1195.3229     1117.7619 36143785    6.49%
Elapsed time = 11661.17 sec. (2011822.22 ticks, tree = 16568.98 MB, solutions = 346)
Nodefile size = 14504.20 MB (10458.13 MB after compression)
 166086 78434     1179.9844   909     1195.3229     1117.7619 35747840    6.49%
 166292 79763        cutoff           1195.3229     1117.8084 36240546    6.48%
 166490 78941     1150.6896   727     1195.3229     1117.8092 35947983    6.48%
 166798 79270        cutoff           1195.3229     1117.8092 36074486    6.48%
 167052 79836     1154.7718   837     1195.3229     1117.8092 36269442    6.48%
 167237 80240     1162.9637   794     1195.3229     1117.8092 36441422    6.48%
 167465 80470     1159.9140   816     1195.3229     1117.8092 36537049    6.48%
 167735 81069     1184.7373   833     1195.3229     1117.8092 36746756    6.48%
 168037 80873     1162.8786   997     1195.3229     1117.8092 36669459    6.48%
 168321 80507     1178.5702   860     1195.3229     1118.0643 36563596    6.46%
Elapsed time = 11911.76 sec. (2050174.85 ticks, tree = 16812.04 MB, solutions = 346)
Nodefile size = 14742.64 MB (10630.72 MB after compression)
 168590 81444     1165.7514   870     1195.3229     1118.0643 36882349    6.46%
 168887 81538     1178.1107   871     1195.3229     1118.0643 36922207    6.46%
 169143 80945        cutoff           1195.3229     1118.0643 36697563    6.46%
 169371 81829     1169.9621   710     1195.3229     1118.0643 37026514    6.46%
 169619 81604     1178.1597   941     1195.3229     1118.0643 36945752    6.46%
 169872 82092     1182.9227   845     1195.3229     1118.2981 37162282    6.44%
 170151 82093     1181.3664   702     1195.3229     1118.2981 37129528    6.44%
 170408 82859     1179.4344   860     1195.3229     1118.2981 37413529    6.44%
 170642 82908     1159.1786   823     1195.3229     1118.2981 37432751    6.44%
 170921 82116     1142.9413   842     1195.3229     1118.3228 37173131    6.44%
Elapsed time = 12181.96 sec. (2088477.66 ticks, tree = 17195.25 MB, solutions = 346)
Nodefile size = 15125.01 MB (10905.12 MB after compression)
 171269 83723     1168.0729   803     1195.3229     1118.3228 37759266    6.44%
 171595 83117     1188.5537   894     1195.3229     1118.3228 37507823    6.44%
 171860 83609     1180.5392   876     1195.3229     1118.3228 37703007    6.44%
 172122 84597     1129.4874   819     1195.3229     1118.5810 38082905    6.42%
 172372 83488        cutoff           1195.3229     1118.5810 37673480    6.42%
 172598 83977    infeasible           1195.3229     1118.6509 37863176    6.41%
 172850 83978     1124.3615   863     1195.3229     1118.6509 37865830    6.41%
 173097 85125     1176.8947   790     1195.3229     1118.6509 38275024    6.41%
 173397 84157     1154.5331   773     1195.3229     1118.6509 37931340    6.41%
 173695 84599        cutoff           1195.3229     1118.8539 38081243    6.40%
Elapsed time = 12439.85 sec. (2126766.44 ticks, tree = 17790.59 MB, solutions = 346)
Nodefile size = 15715.14 MB (11331.56 MB after compression)
 173961 86145     1167.6811   877     1195.3229     1118.8776 38635617    6.40%
 174259 86005        cutoff           1195.3229     1118.8967 38585864    6.39%
 174507 85658        cutoff           1195.3229     1118.8985 38460221    6.39%
 174770 85924     1181.1907   823     1195.3229     1118.9349 38550610    6.39%
 175069 85983     1186.6060   765     1195.3229     1118.9798 38572658    6.39%
 175340 86405     1161.1573   833     1195.3229     1119.0075 38725265    6.38%
 175587 86033     1149.1068   825     1195.3229     1119.0525 38599079    6.38%
 175843 86807     1154.0661   829     1195.3229     1119.1337 38905262    6.37%
 176101 87155     1170.5853   831     1195.3229     1119.1377 39006846    6.37%
 176305 87445     1190.2291   823     1195.3229     1119.1377 39130213    6.37%
Elapsed time = 12703.39 sec. (2165012.08 ticks, tree = 18473.46 MB, solutions = 346)
Nodefile size = 16407.92 MB (11833.19 MB after compression)
 176509 87660     1182.2382   793     1195.3229     1119.2102 39213521    6.37%
 176687 86700     1134.8970   905     1195.3229     1119.2561 38835739    6.36%
 176913 87321     1178.7482   780     1195.3229     1119.3078 39075247    6.36%
 177121 88563     1175.0927   718     1195.3229     1119.3479 39567546    6.36%
 177365 88651     1178.1881   766     1195.3229     1119.4379 39612785    6.35%
 177616 89265     1145.9746   992     1195.3229     1119.4657 39948588    6.35%
 177901 88652     1167.0255   708     1195.3229     1119.4700 39598035    6.35%
 178190 88796     1184.3361   765     1195.3229     1119.4722 39684541    6.35%
 178496 89445     1189.3598   786     1195.3229     1119.5018 40039757    6.34%
 178810 89146     1182.0527   843     1195.3229     1119.5018 39874092    6.34%
Elapsed time = 12964.38 sec. (2203287.62 ticks, tree = 18647.18 MB, solutions = 346)
Nodefile size = 16570.73 MB (11946.61 MB after compression)
 179075 90046     1180.1716   908     1195.3229     1119.5018 40247193    6.34%
 179346 89019     1148.5174   901     1195.3229     1119.5018 39794738    6.34%
 179601 89188     1160.4654   816     1195.3229     1119.5018 39901421    6.34%
 179888 89472     1160.7800   847     1195.3229     1119.5018 40052906    6.34%
 180174 89455     1156.6348   766     1195.3229     1119.5018 40034849    6.34%
 180415 90594     1130.9920   804     1195.3229     1119.5018 40488436    6.34%
 180695 90300     1173.9546   757     1195.3229     1119.7632 40388896    6.32%
 180954 90290     1143.4231   808     1195.3229     1119.7900 40371294    6.32%
 181200 90298     1149.4360   762     1195.3229     1119.8091 40352373    6.32%
 181502 91540     1186.8853   722     1195.3229     1119.8448 40838838    6.31%
Elapsed time = 13235.33 sec. (2241573.81 ticks, tree = 19030.59 MB, solutions = 346)
Nodefile size = 16957.43 MB (12222.06 MB after compression)
 181747 91815     1157.0742   935     1195.3229     1119.8569 40945294    6.31%
 182023 91091     1160.6634   930     1195.3229     1119.8745 40647928    6.31%
 182304 91803     1177.4706   896     1195.3229     1119.8745 40928633    6.31%
 182561 91326        cutoff           1195.3229     1119.8745 40741128    6.31%
 182806 91778     1181.2754   881     1195.3229     1120.0662 40916049    6.30%
 183066 92739     1138.4027   892     1195.3229     1120.0721 41297102    6.30%
 183364 92347     1150.1264   854     1195.3229     1120.0721 41131769    6.30%
 183611 92361     1157.9695   808     1195.3229     1120.0721 41134303    6.30%
 183878 93016     1158.4760   905     1195.3229     1120.0721 41467389    6.30%
 184153 93303     1179.3322   827     1195.3229     1120.2796 41555483    6.28%
Elapsed time = 13501.23 sec. (2279859.68 ticks, tree = 19450.74 MB, solutions = 346)
Nodefile size = 17375.42 MB (12524.66 MB after compression)
 184440 93038     1145.4825   879     1195.3229     1120.2858 41473126    6.28%
 184758 94399     1144.5298   800     1195.3229     1120.2915 41951255    6.28%
 185043 94233     1193.3396   591     1195.3229     1120.3178 41885863    6.27%
 185298 93328     1182.7847   816     1195.3229     1120.3551 41566326    6.27%
 185571 93565     1191.2647   970     1195.3229     1120.3861 41680081    6.27%
 185811 95367     1170.0707   564     1195.3229     1120.4109 42303422    6.27%
 186141 94794     1175.0547   797     1195.3229     1120.4487 42110471    6.26%
 186400 95507     1169.0089   917     1195.3229     1120.4779 42371605    6.26%
 186693 95469     1183.5904   847     1195.3229     1120.5722 42352124    6.25%
 186938 95591     1154.0869   938     1195.3229     1120.5923 42399678    6.25%
Elapsed time = 13766.75 sec. (2318122.79 ticks, tree = 20004.19 MB, solutions = 346)
Nodefile size = 17929.29 MB (12925.15 MB after compression)
 187197 96291     1180.8896   863     1195.3229     1120.6093 42718389    6.25%
 187466 96018     1177.6318   784     1195.3229     1120.6425 42608649    6.25%
 187744 96226     1152.1818   870     1195.3229     1120.6785 42679445    6.24%
 188034 95945     1149.0411   936     1195.3229     1120.7421 42569905    6.24%
 188289 96712     1159.2652   922     1195.3229     1120.7655 42879263    6.24%
 188605 96116     1182.9420   746     1195.3229     1120.8032 42638459    6.23%
 188860 97999     1142.6514   796     1195.3229     1120.8563 43371723    6.23%
 189081 97889     1149.5135   940     1195.3229     1120.8563 43331599    6.23%
 189393 97579     1172.6108   788     1195.3229     1120.9351 43178900    6.22%
 189619 98442     1145.1063   925     1195.3229     1120.9501 43532973    6.22%
Elapsed time = 14028.31 sec. (2356399.69 ticks, tree = 20686.54 MB, solutions = 346)
Nodefile size = 18619.85 MB (13426.09 MB after compression)
 189844 97393     1176.5387   888     1195.3229     1121.0011 43116640    6.22%
 190089 97770        cutoff           1195.3229     1121.0697 43274282    6.21%
 190334 98228        cutoff           1195.3229     1121.1061 43452180    6.21%
 190660 97793     1177.2831   749     1195.3229     1121.1061 43278552    6.21%
 190954 97850     1154.0410   781     1195.3229     1121.1061 43303810    6.21%
 191235 99446     1126.2293   842     1195.3229     1121.1847 43936769    6.20%
 191487 99673     1192.4948   749     1195.3229     1121.2112 44005147    6.20%
 191777 99974     1185.2522   656     1195.3229     1121.2246 44144261    6.20%
 192120 100413     1174.6986   711     1195.3229     1121.2776 44332653    6.19%
 192429 99555     1146.4247   801     1195.3229     1121.2870 43967991    6.19%
Elapsed time = 14294.73 sec. (2394655.91 ticks, tree = 20956.91 MB, solutions = 346)
Nodefile size = 18873.81 MB (13610.97 MB after compression)
 192715 100356     1155.9285   779     1195.3229     1121.3435 44293496    6.19%
 193054 100799     1169.2462   790     1195.3229     1121.3900 44452279    6.19%
 193380 99749        cutoff           1195.3229     1121.4237 44042597    6.18%
 193624 100197     1153.0821   836     1195.3229     1121.4237 44230768    6.18%
 193872 100392     1158.5861   718     1195.3229     1121.4976 44304509    6.18%
 194116 101185     1181.0391   971     1195.3229     1121.5194 44568974    6.17%
 194325 100601     1178.3523   844     1195.3229     1121.5418 44395794    6.17%
 194554 100740     1145.4537   766     1195.3229     1121.5998 44446205    6.17%
 194800 101907     1163.8204   783     1195.3229     1121.5998 44850819    6.17%
 194993 102984     1185.6496   819     1195.3229     1121.6288 45247281    6.17%
Elapsed time = 14554.55 sec. (2432944.95 ticks, tree = 21723.21 MB, solutions = 346)
Nodefile size = 19652.70 MB (14172.12 MB after compression)
 195197 103120     1181.6330   763     1195.3229     1121.6517 45288721    6.16%
 195390 101742     1172.4448   817     1195.3229     1121.6708 44797375    6.16%
 195574 102901     1175.7847   692     1195.3229     1121.7096 45204601    6.16%
 195798 102211     1145.4156   730     1195.3229     1121.7514 44994598    6.15%
 196071 103012        cutoff           1195.3229     1121.7773 45261781    6.15%
 196283 104015     1164.1411   726     1195.3229     1121.8046 45713718    6.15%
*196505+103222                         1195.2325     1121.8365             6.14%
 196554 104211     1192.6005   817     1195.2325     1121.8444 45817243    6.14%
 196822 104265        cutoff           1195.2325     1121.8539 45905017    6.14%
 197095 104273     1156.7681   844     1195.2325     1121.9005 45907629    6.14%
 197394 104276     1130.1041   817     1195.2325     1121.9421 45910521    6.13%
Elapsed time = 14794.26 sec. (2471224.08 ticks, tree = 21736.46 MB, solutions = 347)
Nodefile size = 19664.61 MB (14176.40 MB after compression)
*197548+104798                         1194.7162     1121.9495             6.09%
 197655 103775     1163.1480   773     1194.7162     1121.9598 45585121    6.09%
 197898 104250     1166.6534   891     1194.7162     1121.9851 45830961    6.09%
 198165 104841        cutoff           1194.7162     1121.9851 46271523    6.09%
 198409 104684     1188.6018   788     1194.7162     1121.9851 46219349    6.09%
 198701 104838     1178.7799   715     1194.7162     1122.0846 46269633    6.08%
 199009 105380     1164.0488   813     1194.7162     1122.1183 46506390    6.08%
 199207 104753     1167.3328   856     1194.7162     1122.1525 46250847    6.07%
 199464 104882     1154.2843   835     1194.7162     1122.1525 46285834    6.07%
 199701 105341     1159.8881   857     1194.7162     1122.1803 46488798    6.07%
 199991 105975     1152.3291   910     1194.7162     1122.1832 46737392    6.07%
Elapsed time = 15065.48 sec. (2509532.76 ticks, tree = 22001.55 MB, solutions = 348)
Nodefile size = 19925.78 MB (14361.75 MB after compression)
 200298 105880     1146.8726   737     1194.7162     1122.2071 46692218    6.07%
 200539 106639     1160.1579   763     1194.7162     1122.2419 46984934    6.07%
 200751 105327     1177.2510   753     1194.7162     1122.2419 46474442    6.07%
 200998 106936     1127.8765   913     1194.7162     1122.3251 47116807    6.06%
 201190 106182     1153.7245   891     1194.7162     1122.3321 46822252    6.06%
 201407 106992     1187.0871   881     1194.7162     1122.3321 47147348    6.06%
 201628 106194     1177.6193   802     1194.7162     1122.4089 46827887    6.05%
 201881 106842     1181.9962   789     1194.7162     1122.4317 47077096    6.05%
 202161 106736     1168.9127   798     1194.7162     1122.4317 47029881    6.05%
 202416 108328     1171.1405   743     1194.7162     1122.4317 47690822    6.05%
Elapsed time = 15339.69 sec. (2547872.41 ticks, tree = 22565.91 MB, solutions = 348)
Nodefile size = 20494.76 MB (14771.55 MB after compression)
 202646 107510     1157.7224   788     1194.7162     1122.5064 47349708    6.04%
 202917 107535     1177.7168   644     1194.7162     1122.5246 47352628    6.04%
 203243 107595     1187.3364   682     1194.7162     1122.5595 47380830    6.04%
 203455 108999     1172.7142   773     1194.7162     1122.6007 48011114    6.04%
 203713 109121     1166.9834   811     1194.7162     1122.6050 48083595    6.04%
 204028 108408     1166.2717   741     1194.7162     1122.6614 47707485    6.03%
 204335 108414     1182.9928   750     1194.7162     1122.6713 47740473    6.03%
 204614 108504     1164.1947   839     1194.7162     1122.7089 47795206    6.03%
 204901 108461     1164.9142   859     1194.7162     1122.7269 47771829    6.03%
 205159 110057        cutoff           1194.7162     1122.7405 48413110    6.02%
Elapsed time = 15601.42 sec. (2586257.32 ticks, tree = 22981.98 MB, solutions = 348)
Nodefile size = 20909.09 MB (15068.55 MB after compression)
 205411 109015     1140.6284   865     1194.7162     1122.7453 48028121    6.02%
 205703 110839        cutoff           1194.7162     1122.7671 48668357    6.02%
 205948 109684     1165.8050   832     1194.7162     1122.8003 48302323    6.02%
 206185 110211     1169.5097   852     1194.7162     1122.8604 48472740    6.01%
 206467 111269     1159.1510   859     1194.7162     1122.8792 48881866    6.01%
 206719 111037     1146.9924   835     1194.7162     1122.9082 48757205    6.01%
 206973 110582     1179.5777   755     1194.7162     1122.9508 48610402    6.01%
 207213 111461     1129.6300   956     1194.7162     1122.9508 48966416    6.01%
 207473 110895     1165.6425   759     1194.7162     1123.0162 48687261    6.00%
 207723 111510     1142.1200   939     1194.7162     1123.0513 48997702    6.00%
Elapsed time = 15853.44 sec. (2624528.62 ticks, tree = 23338.08 MB, solutions = 348)
Nodefile size = 21261.06 MB (15321.38 MB after compression)
 208002 111255        cutoff           1194.7162     1123.0643 48872279    6.00%
 208270 111732     1185.3885   695     1194.7162     1123.1037 49082487    5.99%
 208501 112570     1177.3691   680     1194.7162     1123.1379 49390856    5.99%
 208730 113397     1144.3332   848     1194.7162     1123.1403 49722737    5.99%
 208977 112751     1190.8615   777     1194.7162     1123.2233 49473825    5.98%
 209222 112189     1172.4927   938     1194.7162     1123.2461 49247745    5.98%
 209480 113087        cutoff           1194.7162     1123.2911 49598087    5.98%
 209758 113716     1153.4637   812     1194.7162     1123.3030 49908422    5.98%
 210017 113579        cutoff           1194.7162     1123.3119 49812550    5.98%
 210292 113110        cutoff           1194.7162     1123.3188 49606473    5.98%
Elapsed time = 16117.93 sec. (2662763.30 ticks, tree = 23719.61 MB, solutions = 348)
Nodefile size = 21634.78 MB (15590.45 MB after compression)
 210532 113383     1155.1829   900     1194.7162     1123.3928 49714809    5.97%
 210760 114933     1166.9222   820     1194.7162     1123.4234 50401165    5.97%
 211041 113922     1178.6513   702     1194.7162     1123.4337 50002208    5.97%
 211297 114952     1171.4627   823     1194.7162     1123.4893 50406680    5.96%
 211503 115010     1174.0302   873     1194.7162     1123.4893 50434576    5.96%
 211698 113903     1155.3698   927     1194.7162     1123.5236 49983369    5.96%
 211916 114251     1175.4662   790     1194.7162     1123.5337 50145201    5.96%
 212179 115971     1137.8193   778     1194.7162     1123.5532 50859915    5.96%
 212455 114885     1135.8108   789     1194.7162     1123.5647 50393943    5.96%
 212735 114892     1190.4574   657     1194.7162     1123.5990 50368628    5.95%
Elapsed time = 16373.63 sec. (2701038.76 ticks, tree = 24124.94 MB, solutions = 348)
Nodefile size = 22051.80 MB (15892.16 MB after compression)
 212934 116287     1175.3418   807     1194.7162     1123.5990 51030735    5.95%
 213231 115950     1152.3384   803     1194.7162     1123.5990 50842896    5.95%
 213494 115957     1173.9610   824     1194.7162     1123.6305 50845623    5.95%
 213744 116124     1186.2773   888     1194.7162     1123.6305 50937240    5.95%
 214037 116284     1174.9582   826     1194.7162     1123.6305 51018887    5.95%
 214231 116137     1193.5349   600     1194.7162     1123.6305 50942850    5.95%
 214497 116546     1162.3793   837     1194.7162     1123.6305 51159568    5.95%
 214728 116153     1160.0804   807     1194.7162     1123.6305 50973619    5.95%
 214937 117607     1179.6674   860     1194.7162     1123.6305 51585445    5.95%
 215206 117243     1170.7372   860     1194.7162     1123.6305 51386918    5.95%
Elapsed time = 16626.94 sec. (2739357.19 ticks, tree = 24469.33 MB, solutions = 348)
Nodefile size = 22389.27 MB (16132.79 MB after compression)
 215425 116714     1153.2604   856     1194.7162     1123.6305 51226783    5.95%
 215669 117394        cutoff           1194.7162     1123.6305 51479799    5.95%
 215925 117300     1168.1678   754     1194.7162     1123.8518 51423784    5.93%
 216235 117321        cutoff           1194.7162     1123.8895 51426628    5.93%
 216464 117972     1187.1824   751     1194.7162     1123.9104 51710751    5.93%
 216740 119137     1160.9987   826     1194.7162     1123.9104 52270443    5.93%
 217006 119456     1159.2913   833     1194.7162     1123.9522 52442312    5.92%
 217265 119079     1142.9812   812     1194.7162     1123.9844 52246373    5.92%
 217511 119179     1150.6892   832     1194.7162     1123.9986 52307292    5.92%
 217719 119054     1160.2477   977     1194.7162     1124.0128 52226014    5.92%
Elapsed time = 16901.19 sec. (2777720.49 ticks, tree = 24625.31 MB, solutions = 348)
Nodefile size = 22546.69 MB (16238.44 MB after compression)
 217977 118831     1185.4768   834     1194.7162     1124.0274 52117339    5.92%
 218283 120432     1161.1552   691     1194.7162     1124.0289 52892697    5.92%
 218570 120560     1146.6537   811     1194.7162     1124.0921 52950031    5.91%
 218775 120125     1189.4960   697     1194.7162     1124.1077 52752054    5.91%
 219001 121007     1179.4303   881     1194.7162     1124.1159 53154182    5.91%
 219254 121290     1170.5548   729     1194.7162     1124.1430 53272737    5.91%
 219505 120781     1178.3413   927     1194.7162     1124.1677 53043411    5.91%
 219738 120671        cutoff           1194.7162     1124.1992 52991395    5.90%
 220002 120418        cutoff           1194.7162     1124.2291 52882839    5.90%
 220290 121945     1175.8879   890     1194.7162     1124.2781 53600968    5.90%
Elapsed time = 17164.51 sec. (2816090.54 ticks, tree = 25315.44 MB, solutions = 348)
Nodefile size = 23239.64 MB (16734.84 MB after compression)
 220618 121957     1138.7116   947     1194.7162     1124.2867 53603700    5.90%
 220843 120735        cutoff           1194.7162     1124.3119 53028569    5.89%
 221121 122092     1126.2258   860     1194.7162     1124.3448 53696570    5.89%
 221392 121826     1180.5753   952     1194.7162     1124.3805 53553985    5.89%
 221671 121109     1154.1844   826     1194.7162     1124.4024 53210681    5.89%
 221991 122718     1173.4446   715     1194.7162     1124.4222 53902923    5.88%
 222307 121492     1188.6747   830     1194.7162     1124.4510 53361303    5.88%
 222562 122118     1165.8471   838     1194.7162     1124.4651 53710032    5.88%
 222843 122862     1151.8306   782     1194.7162     1124.4963 53969740    5.88%
 223148 122130        cutoff           1194.7162     1124.5484 53715403    5.87%
Elapsed time = 17430.90 sec. (2854367.88 ticks, tree = 25358.61 MB, solutions = 348)
Nodefile size = 23273.64 MB (16759.55 MB after compression)
 223467 123267     1179.3656   783     1194.7162     1124.5716 54146066    5.87%
 223706 123359     1184.7265   820     1194.7162     1124.5868 54177377    5.87%
 223990 123370     1142.4533   842     1194.7162     1124.5933 54211579    5.87%
 224269 123282     1169.0756   779     1194.7162     1124.6010 54154163    5.87%
 224542 123288     1185.5187   750     1194.7162     1124.6157 54156899    5.87%
 224793 123489     1176.6597   770     1194.7162     1124.6471 54247314    5.86%
 225053 125307     1171.1875   846     1194.7162     1124.6936 54954611    5.86%
 225313 124987     1163.3579   843     1194.7162     1124.7060 54837112    5.86%
 225606 126015     1166.5804   811     1194.7162     1124.7478 55202550    5.86%
 225863 124954     1179.7453   806     1194.7162     1124.7478 54812659    5.86%
Elapsed time = 17691.49 sec. (2892604.49 ticks, tree = 26047.87 MB, solutions = 348)
Nodefile size = 23964.16 MB (17258.01 MB after compression)
 226130 125021     1186.4139   706     1194.7162     1124.7478 54845814    5.86%
 226379 125240     1179.6307   821     1194.7162     1124.8230 54939341    5.85%
 226617 125603     1140.4992   943     1194.7162     1124.8503 55059878    5.85%
 226882 126842     1159.5280   933     1194.7162     1124.8618 55479101    5.85%
 227133 125527     1172.0399   837     1194.7162     1124.8725 55034864    5.85%
 227417 125950        cutoff           1194.7162     1124.9010 55166707    5.84%
 227640 125359        cutoff           1194.7162     1124.9079 54982450    5.84%
 227831 125802     1153.1028   782     1194.7162     1124.9594 55115978    5.84%
 228066 126434     1181.6552   854     1194.7162     1124.9827 55348365    5.84%
 228297 127879     1167.0777   714     1194.7162     1124.9828 55883426    5.84%
Elapsed time = 17955.54 sec. (2930849.64 ticks, tree = 26753.89 MB, solutions = 348)
Nodefile size = 24681.19 MB (17774.37 MB after compression)
 228514 128303        cutoff           1194.7162     1125.0065 56105850    5.83%
 228708 128201     1152.7544   945     1194.7162     1125.0111 56015724    5.83%
 228906 127623     1187.9965   698     1194.7162     1125.0853 55769268    5.83%
 229104 127868     1173.6672   775     1194.7162     1125.1025 55862413    5.83%
 229314 128488        cutoff           1194.7162     1125.1189 56209245    5.83%
 229549 129101        cutoff           1194.7162     1125.1189 56494129    5.83%
 229843 128717     1172.8787   718     1194.7162     1125.1349 56307546    5.82%
 230063 129442     1190.2461   784     1194.7162     1125.1405 56656199    5.82%
 230347 128400     1148.0187   786     1194.7162     1125.1891 56187396    5.82%
 230615 128931     1189.3318   757     1194.7162     1125.2051 56410783    5.82%
Elapsed time = 18204.25 sec. (2969206.71 ticks, tree = 26834.11 MB, solutions = 348)
Nodefile size = 24752.66 MB (17824.26 MB after compression)
 230981 129639     1170.1187   757     1194.7162     1125.2195 56748441    5.82%
 231203 129148     1166.3361   953     1194.7162     1125.2458 56509448    5.81%
 231497 129467     1156.0112   785     1194.7162     1125.2803 56669988    5.81%
 231703 129679     1148.0558   890     1194.7162     1125.3154 56755997    5.81%
 231930 130964     1187.3210   762     1194.7162     1125.3460 57413534    5.81%
 232197 130166     1187.6387   806     1194.7162     1125.3460 57007401    5.81%
Starting limited solution polishing.
 232397 130967     1171.2465   889     1194.7162     1125.3460 57419182    5.81%
 232668 131056     1175.1325   782     1194.7162     1125.4212 57450094    5.80%
 232932 131856    infeasible           1194.7162     1125.4537 57734572    5.80%
 233224 130065     1170.0749   770     1194.7162     1125.4621 56950711    5.80%
Elapsed time = 18464.00 sec. (3007485.82 ticks, tree = 26852.62 MB, solutions = 348)
Nodefile size = 24767.00 MB (17830.84 MB after compression)
 233465 131769     1127.0515   820     1194.7162     1125.4621 57709607    5.80%
 233733 131650     1160.5534   811     1194.7162     1125.4744 57647551    5.80%
 233991 130694     1148.0268   964     1194.7162     1125.5178 57320952    5.79%
 234253 131946     1170.6261   714     1194.7162     1125.5295 57779069    5.79%
 234481 132454     1184.9324   793     1194.7162     1125.5411 57995064    5.79%
 234714 132592     1155.8419   758     1194.7162     1125.5807 58081265    5.79%
 234923 132462     1147.8007   854     1194.7162     1125.5807 57999212    5.79%
 235151 132481     1161.3420   814     1194.7162     1125.6132 58001741    5.78%
 235435 131748     1175.4589   812     1194.7162     1125.6631 57695958    5.78%
 235698 133054     1171.0132   964     1194.7162     1125.6679 58296227    5.78%
Elapsed time = 18715.38 sec. (3045740.60 ticks, tree = 27457.76 MB, solutions = 348)
Nodefile size = 25382.54 MB (18263.27 MB after compression)
 236006 134118     1182.3180   815     1194.7162     1125.6864 58697426    5.78%
 236266 132611     1186.1749   855     1194.7162     1125.6864 58068187    5.78%
 236509 133055     1152.1227   803     1194.7162     1125.6864 58274455    5.78%
 236721 133585     1167.1229   689     1194.7162     1125.7425 58497039    5.77%
 236999 132735     1171.1164   793     1194.7162     1125.7618 58131228    5.77%
 237214 133724     1181.0161   808     1194.7162     1125.7768 58560179    5.77%
 237441 133269     1173.3858   803     1194.7162     1125.7768 58377956    5.77%
 237649 133591     1174.2725   717     1194.7162     1125.7768 58498344    5.77%
 237848 135237     1177.7757   839     1194.7162     1125.7768 59089417    5.77%
 238138 133538        cutoff           1194.7162     1125.7768 58470154    5.77%
Elapsed time = 18961.83 sec. (3084025.72 ticks, tree = 27574.25 MB, solutions = 348)
Nodefile size = 25486.99 MB (18337.83 MB after compression)
 238405 134739     1167.7150   746     1194.7162     1125.8277 58917679    5.77%
 238597 134909     1136.6097   889     1194.7162     1125.9256 58980023    5.76%
 238828 134592     1150.3566   862     1194.7162     1125.9412 58867422    5.76%
 239098 136104        cutoff           1194.7162     1125.9412 59446940    5.76%
 239364 135937     1180.3036   773     1194.7162     1125.9616 59410292    5.75%
 239557 135619     1157.5264   861     1194.7162     1125.9813 59248340    5.75%
 239834 135006     1160.9370   745     1194.7162     1125.9858 59016329    5.75%
 240040 135129     1191.0111   823     1194.7162     1125.9858 59071356    5.75%
 240223 135952     1161.2185   844     1194.7162     1126.0114 59416942    5.75%
 240438 136895     1192.2353   738     1194.7162     1126.0545 59773772    5.75%
Elapsed time = 19202.75 sec. (3122347.78 ticks, tree = 28401.44 MB, solutions = 348)
Nodefile size = 26328.91 MB (18940.76 MB after compression)
 240668 136649     1166.8194   784     1194.7162     1126.0807 59679697    5.74%
 240896 135831     1172.4824   777     1194.7162     1126.0976 59360815    5.74%
 241125 136051     1145.8835   796     1194.7162     1126.1370 59446165    5.74%
 241376 138687        cutoff           1194.7162     1126.1927 60433753    5.74%
 241574 136676     1168.3940   860     1194.7162     1126.1927 59690411    5.74%
 241772 138447        cutoff           1194.7162     1126.2146 60345842    5.73%
 241977 138508     1164.0083   917     1194.7162     1126.2257 60376009    5.73%
 242193 137334     1139.9348   728     1194.7162     1126.2257 59910340    5.73%
 242394 138187     1176.3439   851     1194.7162     1126.2459 60247252    5.73%
 242573 138706     1152.9976   869     1194.7162     1126.2720 60448667    5.73%
Elapsed time = 19440.86 sec. (3160667.44 ticks, tree = 28818.56 MB, solutions = 348)
Nodefile size = 26744.79 MB (19241.60 MB after compression)
 242729 139179     1180.8254   817     1194.7162     1126.2780 60661960    5.73%
 242912 137977     1174.4878   762     1194.7162     1126.2938 60125773    5.73%
 243135 139767        cutoff           1194.7162     1126.3499 60904720    5.72%
 243304 139689     1134.8686   794     1194.7162     1126.3499 60878494    5.72%
 243560 139705     1161.1586   735     1194.7162     1126.3499 60881091    5.72%
 243791 139201     1167.4176   856     1194.7162     1126.3499 60676179    5.72%
 244020 140343     1163.1205   819     1194.7162     1126.4868 61167411    5.71%
 244281 140587     1172.1319   883     1194.7162     1126.4953 61261070    5.71%
 244537 139609     1174.3384   708     1194.7162     1126.4953 60829830    5.71%
 244798 140273     1159.4640   905     1194.7162     1126.5094 61143905    5.71%
Elapsed time = 19681.13 sec. (3199018.58 ticks, tree = 28847.55 MB, solutions = 348)
Nodefile size = 26770.93 MB (19254.89 MB after compression)
 245106 139970     1170.9413   774     1194.7162     1126.5377 61017660    5.71%
 245360 141440     1169.2344   785     1194.7162     1126.5674 61664634    5.70%
 245615 141330     1136.7852   936     1194.7162     1126.5855 61620272    5.70%
 245874 141137        cutoff           1194.7162     1126.5916 61561954    5.70%
 246072 139994     1173.4747   902     1194.7162     1126.5954 61029059    5.70%
 246261 142139        cutoff           1194.7162     1126.6184 61940273    5.70%
 246514 140796     1179.8020   883     1194.7162     1126.6211 61366373    5.70%
 246755 142314     1163.3190   767     1194.7162     1126.6247 62022338    5.70%
 246970 141852     1173.1020   714     1194.7162     1126.6247 61860932    5.70%
 247313 141637     1173.7345   889     1194.7162     1126.6501 61767704    5.70%
Elapsed time = 19943.46 sec. (3237380.32 ticks, tree = 28940.55 MB, solutions = 348)
Nodefile size = 26860.03 MB (19313.16 MB after compression)
 247590 141090     1185.8485   751     1194.7162     1126.6930 61520631    5.69%
 247766 142417     1169.1396   840     1194.7162     1126.6930 62061838    5.69%
 247943 141507     1182.2678   939     1194.7162     1126.6930 61690235    5.69%
 248161 141883     1160.9982   686     1194.7162     1126.6930 61874072    5.69%
 248446 142535     1166.3782   763     1194.7162     1126.6930 62117829    5.69%
 248711 142541     1172.2768   791     1194.7162     1126.6930 62120698    5.69%
 248912 142830     1161.2754   809     1194.7162     1126.6930 62231408    5.69%
 249137 144051     1138.1663   852     1194.7162     1126.6930 62751873    5.69%
 249333 143331     1193.6349   782     1194.7162     1126.6930 62445938    5.69%
 249591 142680     1179.0991   807     1194.7162     1126.6930 62151795    5.69%
Elapsed time = 20196.80 sec. (3275604.21 ticks, tree = 29195.79 MB, solutions = 348)
Nodefile size = 27098.87 MB (19482.95 MB after compression)
 249828 143347     1152.2620   780     1194.7162     1126.6930 62451550    5.69%
 250049 142719     1154.6082   922     1194.7162     1126.8931 62215739    5.68%
 250258 143559     1165.3904   838     1194.7162     1126.8931 62548092    5.68%
 250477 144976     1177.2473   851     1194.7162     1126.9095 63059810    5.68%
 250700 143583     1184.5451   775     1194.7162     1126.9344 62553503    5.67%
 250912 143989     1163.8472   830     1194.7162     1126.9684 62745584    5.67%
 251103 144146     1180.4884   897     1194.7162     1126.9815 62775944    5.67%
 251357 145176     1148.4246   890     1194.7162     1126.9815 63122963    5.67%
 251587 145182     1163.1141   794     1194.7162     1126.9973 63125573    5.67%
 251703 145309        cutoff           1194.7162     1126.9973 63164438    5.67%
Elapsed time = 20418.40 sec. (3313964.18 ticks, tree = 29846.17 MB, solutions = 348)
Nodefile size = 27755.27 MB (19954.04 MB after compression)
 251763 144882     1159.8155   899     1194.7162     1126.9973 63054401    5.67%
 251779 144635     1152.6730   748     1194.7162     1126.9973 62973671    5.67%

GUB cover cuts applied:  14
Clique cuts applied:  18
Cover cuts applied:  70
Implied bound cuts applied:  214
Flow cuts applied:  782
Mixed integer rounding cuts applied:  502
Zero-half cuts applied:  17
Lift and project cuts applied:  86
Gomory fractional cuts applied:  23

Root node processing (before b&c):
  Real time             =   44.28 sec. (16855.47 ticks)
Parallel b&c, 32 threads:
  Real time             = 20388.69 sec. (3305478.88 ticks)
  Sync time (average)   = 4243.39 sec.
  Wait time (average)   =    1.02 sec.
                          ------------
Total (root+branch&cut) = 20432.96 sec. (3322334.35 ticks)
Number of arguments: 7

File path: ../Data/Demo/100/C101.txt
Capacity of FEV: 600
Capacity of SEV: 50
Execution time limit: 340
Case: r

PI array:[0, 1, 0, 0, 1, 1, 1, 1, 1, 1, 1, 1, 1, 1, 1, 0, 1, 1, 1, 0, 1, 0, 1, 1]
Number of customers: 100
./Result/C101/C101-Q50-r
Feasible solution found within the time limit!
Total execution time: 20435.396610447 seconds
Total distance traveled: 1194.7162406835591
File name: C101-Q50-r
Number of customers: 100
Capacity of FEV: 10000
Capacity of Microhub: 600
Capacity of SEV: 50
Number of parkings: 24
Number of microhubs: 18
Number of robots/MM: 10
Parking generation rule: r
==========================================================================
