Version identifier: 22.1.1.0 | 2022-11-28 | 9160aff4d
CPXPARAM_TimeLimit                               19800
Tried aggregator 1 time.
MIP Presolve eliminated 1389 rows and 958 columns.
MIP Presolve modified 37801 coefficients.
Reduced MIP has 38437 rows, 26764 columns, and 151372 nonzeros.
Reduced MIP has 13432 binaries, 13232 generals, 0 SOSs, and 0 indicators.
Presolve time = 0.15 sec. (95.03 ticks)
Probing time = 6.36 sec. (71.60 ticks)
Cover probing fixed 0 vars, tightened 13 bounds.
Tried aggregator 1 time.
Detecting symmetries...
MIP Presolve eliminated 462 rows and 460 columns.
MIP Presolve modified 2 coefficients.
Reduced MIP has 37975 rows, 26304 columns, and 149788 nonzeros.
Reduced MIP has 13430 binaries, 12774 generals, 0 SOSs, and 0 indicators.
Presolve time = 0.23 sec. (126.45 ticks)
Probing time = 7.85 sec. (28.66 ticks)
Cover probing fixed 0 vars, tightened 10 bounds.
Clique table members: 89800.
MIP emphasis: balance optimality and feasibility.
MIP search method: dynamic search.
Parallel mode: deterministic, using up to 32 threads.
Root relaxation solution time = 7.06 sec. (970.20 ticks)

        Nodes                                         Cuts/
   Node  Left     Objective  IInf  Best Integer    Best Bound    ItCnt     Gap

      0     0     1102.9309   472                   1102.9309       31         
      0     0     1137.8345   546                   Cuts: 675     2922         
      0     0     1149.4059   593                   Cuts: 596     4868         
      0     0     1154.4821   561                   Cuts: 702     5980         
      0     0     1157.3614   662                   Cuts: 735     7308         
      0     0     1159.2139   661                   Cuts: 594     8365         
Detecting symmetries...
      0     0     1163.0452   644                   Cuts: 564     9684         
      0     0     1164.3108   632                   Cuts: 319    10199         
      0     0     1165.0208   661                   Cuts: 239    10610         
      0     0     1166.0815   660                   Cuts: 235    11166         
      0     0     1166.4787   651                   Cuts: 299    11417         
      0     0     1166.8513   641                   Cuts: 193    11681         
      0     0     1167.2919   660                   Cuts: 346    11921         
      0     0     1167.6060   613                   Cuts: 312    12127         
      0     0     1167.8891   630                   Cuts: 167    12304         
      0     0     1167.9753   612                   Cuts: 316    12403         
      0     0     1168.1684   620                    Cuts: 21    12565         
      0     0     1168.2605   632                    Cuts: 60    12653         
      0     0     1168.3930   625                    Cuts: 30    12720         
Detecting symmetries...
      0     2     1168.3930   625                   1168.3930    12720         
Elapsed time = 83.52 sec. (39386.53 ticks, tree = 0.02 MB, solutions = 0)
      1     3     1181.5636   649                   1168.4130    18715         
      2     4     1192.0479   645                   1168.4130    20578         
      3     5     1195.3684   649                   1168.4130    21530         
      4     3     1208.4073   606                   1168.4130    25909         
      5     7     1208.6115   590                   1184.2642    35030         
      6     4     1238.4127   610                   1184.2642    23353         
      8     8     1208.8041   578                   1184.2642    36224         
     10    10     1209.5911   579                   1192.0491    41821         
     14     5     1228.1717   576                   1192.0491    25438         
     20    14    infeasible                         1192.0491    54692         
Elapsed time = 115.16 sec. (55337.39 ticks, tree = 0.02 MB, solutions = 0)
     22    15     1209.7811   565                   1192.0491    55470         
     25    15     1213.4483   592                   1192.0491    57483         
     26    14     1208.6451   635                   1192.0491    56177         
     32    20     1212.5165   593                   1197.8447    69789         
     35    19     1213.2833   565                   1197.8447    77624         
     41    23     1209.9098   567                   1197.8447    86114         
     44    22     1260.5133   614                   1197.8447    71781         
     46    22     1274.0007   623                   1197.8447    74107         
     61    53     1213.5942   618                   1203.5200   314716         
     77    47     1211.0895   623                   1203.5200   289691         
Elapsed time = 166.59 sec. (65910.83 ticks, tree = 0.32 MB, solutions = 0)
     98    58     1220.4674   578                   1203.5200   321590         
    148    66     1220.1066   574                   1203.5200   322501         
    201    56     1254.0940   640                   1203.5200   323043         
    256    73     1236.1287   592                   1203.5200   337791         
    296    91     1249.3651   550                   1210.0439   340823         
    327   151     1249.8223   563                   1210.0439   406396         
    353   197     1243.7905   587                   1210.0446   432774         
    409   255     1311.7012   547                   1210.0446   471171         
    443   260     1314.4693   521                   1210.0446   471927         
    487   397     1240.5612   576                   1210.0446   543626         
Elapsed time = 215.12 sec. (75573.72 ticks, tree = 48.17 MB, solutions = 0)
    527   439     1248.1551   581                   1210.0446   564717         
    575   439     1248.2334   585                   1210.0446   565563         
    648   473     1357.1308   517                   1210.0446   585016         
    701   418     1323.5973   509                   1210.0446   561634         
    758   586     1304.8814   608                   1210.0446   663418         
    837   669     1335.2012   556                   1210.0446   703543         
    905   666     1246.2534   538                   1210.0446   701366         
    996   635     1369.1529   511                   1210.0446   682387         
   1072   705     1436.0017   459                   1210.0446   720245         
   1125   746     1397.4097   455                   1210.0446   731105         
Elapsed time = 266.16 sec. (85339.65 ticks, tree = 57.59 MB, solutions = 0)
   1220   942     1400.9913   462                   1210.0446   823155         
   1294   845     1257.9293   533                   1210.0446   780683         
   1384  1092     1279.2253   591                   1210.0446   883128         
   1449  1069     1404.9273   482                   1210.0446   867232         
   1536  1133     1284.9414   503                   1210.0446   903908         
   1654  1105     1356.3761   522                   1210.0446   890441         
   1775  1152     1309.6176   498                   1210.0446   905633         
   1859  1194     1349.5902   531                   1210.0446   936925         
   1948  1213    infeasible                         1210.0446   943412         
   2023  1409     1378.3827   487                   1210.0446  1000120         
Elapsed time = 319.47 sec. (94985.44 ticks, tree = 109.07 MB, solutions = 0)
   2107  1603    infeasible                         1210.0446  1068563         
   2178  1673     1262.5238   493                   1210.0446  1086911         
   2256  1521     1371.6180   483                   1210.0446  1037888         
   2347  1798     1340.3907   522                   1210.0446  1116425         
   2502  1965    infeasible                         1210.0446  1165585         
   2670  1932     1416.2350   413                   1210.0446  1151307         
   2883  1943     1348.2916   369                   1210.0446  1149361         
   3080  2003    infeasible                         1210.0446  1174719         
   3306  2012     1364.9316   425                   1210.0446  1187308         
   3519  2033     1459.5693   468                   1210.0446  1191695         
Elapsed time = 374.19 sec. (104548.39 ticks, tree = 278.43 MB, solutions = 0)
   3692  2430     1475.4330   363                   1210.0446  1277509         
   3907  2693     1372.7129   382                   1210.0446  1344855         
   4071  2355     1484.3712   450                   1210.0446  1259334         
   4288  3023     1419.4727   417                   1210.0446  1398057         
   4509  2672     1657.5847   337                   1210.0446  1342359         
   4756  3441     1391.5572   369                   1210.0446  1482829         
   4948  2776     1459.5610   403                   1210.0446  1362551         
   5132  3067     1513.2205   345                   1210.0446  1405238         
   5370  3535     1505.8915   447                   1210.0446  1507294         
   5581  3972     1657.8513   291                   1210.0446  1603391         
Elapsed time = 425.53 sec. (114127.59 ticks, tree = 871.13 MB, solutions = 0)
   5799  4148     1644.4507   363                   1210.0446  1625606         
   6031  4425     1538.1524   412                   1210.0446  1682003         
   6233  4579     1543.4672   281                   1210.0446  1712924         
   6456  4133     1600.5534   233                   1210.0446  1624521         
   6650  4876    infeasible                         1210.0446  1779387         
   6849  5128     1440.8820   304                   1210.0446  1820507         
   7041  4743     1327.4656   400                   1210.0446  1752664         
   7255  5466    infeasible                         1210.0446  1895188         
   7482  5440     1435.7654   306                   1210.0446  1883174         
   7679  5628    infeasible                         1210.0446  1938113         
Elapsed time = 477.41 sec. (123706.38 ticks, tree = 1410.20 MB, solutions = 0)
   7887  5488     1398.5048   382                   1210.0446  1902501         
   8109  5951     1902.9085   198                   1210.0446  2014472         
   8344  5775     1474.3337   191                   1210.0446  1959161         
   8560  5906     1799.2916   269                   1210.0446  1994360         
   8765  5979     1939.7983   188                   1210.0446  2018194         
   9029  6156     1544.0515   370                   1210.0446  2051176         
   9280  7099     1610.2983   323                   1210.0446  2244068         
   9525  7172     1492.9935   193                   1210.0446  2258128         
   9795  6738     1637.5118   237                   1210.0446  2174952         
  10069  7196     1528.1143   154                   1210.0446  2261254         
Elapsed time = 529.10 sec. (133268.76 ticks, tree = 1921.05 MB, solutions = 0)
  10371  7467     1908.4661   132                   1210.0446  2311162         
  10731  8146     1716.5330   197                   1210.0446  2447513         
  11061  7505     1958.2756    53                   1210.0446  2314493         
  11470  7987     1990.5873   151                   1210.0446  2408038         
* 11536  7905      integral     0     2118.8864     1210.0446  2391126   42.89%
  11807  8455     1974.2410    17     2118.8864     1210.0446  2477197   42.89%
  12133  8509     1974.2410    17     2118.8864     1210.0446  2477386   42.89%
  12496  8707     1938.0869   299     2118.8864     1210.0446  2523242   42.89%
  12865  9089     1894.2091   135     2118.8864     1210.0446  2581424   42.89%
  13162  9187    infeasible           2118.8864     1210.0446  2605850   42.89%
  13936 10011     1400.8835   522     2118.8864     1210.0446  2714732   42.89%
Elapsed time = 594.58 sec. (145736.10 ticks, tree = 2842.83 MB, solutions = 1)
Nodefile size = 783.43 MB (536.02 MB after compression)

Performing restart 1

Repeating presolve.
Tried aggregator 1 time.
MIP Presolve eliminated 250 rows and 218 columns.
MIP Presolve modified 259 coefficients.
Reduced MIP has 37725 rows, 26086 columns, and 148412 nonzeros.
Reduced MIP has 13216 binaries, 12770 generals, 0 SOSs, and 0 indicators.
Presolve time = 0.11 sec. (63.52 ticks)
Tried aggregator 1 time.
MIP Presolve eliminated 36 rows and 34 columns.
MIP Presolve modified 420 coefficients.
Reduced MIP has 37689 rows, 26052 columns, and 148298 nonzeros.
Reduced MIP has 13209 binaries, 12743 generals, 0 SOSs, and 0 indicators.
Presolve time = 0.21 sec. (89.52 ticks)
Represolve time = 11.21 sec. (356.39 ticks)
* 13945+    0                         2015.5868     1210.0446            39.97%
  13945     0     1203.5098   772     2015.5868     Cuts: 910  2891121   39.97%
  13945     0     1222.2031   755     2015.5868     Cuts: 508  2892847   39.36%
  13945     0     1226.6573   819     2015.5868     Cuts: 438  2893698   39.14%
* 13945+    0                         1643.1730     1226.6573            25.35%
* 13945+    0                         1642.4979     1226.6573            25.32%
* 13945+    0                         1639.8996     1226.6573            25.20%
  13945     0  -1.00000e+75     0     1639.8996     1226.6573  2893698   25.20%
  13945     0     1231.2220   794     1639.8996     Cuts: 710  2894339   24.92%
  13945     0     1236.8405   815     1639.8996     Cuts: 446  2895572   24.58%
  13945     0     1239.3793   842     1639.8996     Cuts: 551  2896241   24.42%
  13945     0     1241.1432   820     1639.8996     Cuts: 492  2896852   24.32%
  13945     0     1241.8921   834     1639.8996     Cuts: 428  2897713   24.27%
  13945     0     1243.1711   879     1639.8996     Cuts: 609  2898529   24.19%
  13945     0     1244.1463   858     1639.8996     Cuts: 273  2899313   24.13%
  13945     0     1244.9247   902     1639.8996     Cuts: 464  2899797   24.09%
  13945     0     1245.3567   850     1639.8996     Cuts: 210  2900138   24.06%
  13945     0     1245.7373   878     1639.8996     Cuts: 218  2900347   24.04%
  13945     0     1245.9645   895     1639.8996     Cuts: 153  2900460   24.02%
  13945     0     1246.1726   879     1639.8996     Cuts: 108  2900568   24.01%
  13945     0     1246.2937   926     1639.8996      Cuts: 72  2900704   24.00%
  13945     0     1246.6114   855     1639.8996      Cuts: 50  2900851   23.98%
  13945     0     1246.7201   885     1639.8996     Cuts: 131  2900971   23.98%
  13945     0     1246.8127   871     1639.8996      Cuts: 29  2901050   23.97%
  13945     0     1246.8563   902     1639.8996      Cuts: 34  2901121   23.97%
  13945     0     1246.9456   896     1639.8996      Cuts: 54  2901294   23.96%
  13945     0     1246.9927   882     1639.8996      Cuts: 96  2901404   23.96%
* 13945+    0                         1633.7771     1246.9927            23.67%
* 13945+    0                         1632.4574     1246.9927            23.61%
* 13945+    0                         1626.8320     1246.9927            23.35%
* 13945+    0                         1611.8994     1246.9927            22.64%
  13945     0  -1.00000e+75     0     1611.8994     1246.9927  2901404   22.64%
  13945     2     1246.9927   882     1611.8994     1246.9927  2901404   22.64%
  13946     3     1248.8363   828     1611.8994     1248.8550  2903039   22.52%
  13947     3     1249.8583   832     1611.8994     1249.8583  2903947   22.46%
  13948     2     1278.3815   824     1611.8994     1249.8583  2908872   22.46%
  13952     4     1249.8674   836     1611.8994     1249.8741  2904115   22.46%
  13955     5     1313.1750   807     1611.8994     1249.8741  2914323   22.46%
  13958     6     1347.2948   750     1611.8994     1249.8741  2918243   22.46%
  13961     6     1254.2091   806     1611.8994     1249.9004  2917599   22.46%
  13965     7     1302.0490   795     1611.8994     1249.9004  2919930   22.46%
  13973     9     1299.1071   822     1611.8994     1249.9004  2923010   22.46%
Elapsed time = 1030.68 sec. (378633.84 ticks, tree = 0.32 MB, solutions = 9)
  13979    15     1390.5985   753     1611.8994     1249.9004  2942188   22.46%
  13989     8     1315.0650   815     1611.8994     1249.9004  2923246   22.46%
* 14002+   15                         1577.9038     1249.9004            20.79%
  14002    39     1296.1214   825     1577.9038     1255.7229  3034039   20.42%
* 14004+   15                         1576.4993     1255.7229            20.35%
* 14008+   15                         1571.9861     1255.7229            20.12%
* 14008+   15                         1564.9496     1255.7229            19.76%
* 14010+   13                         1559.0172     1255.7229            19.45%
* 14012+   13                         1557.1436     1255.7229            19.36%
* 14012+   13                         1555.7400     1255.7229            19.28%
* 14013+   13                         1555.4188     1255.7229            19.27%
* 14013+   13                         1553.9774     1255.7229            19.19%
* 14014+   13                         1553.7712     1255.7229            19.18%
  14022    47     1421.2738   730     1553.7712     1255.7229  3043275   19.18%
* 14024+   14                         1551.8613     1255.7229            19.08%
* 14025+   14                         1549.5642     1255.7229            18.96%
* 14025+   14                         1548.8749     1255.7229            18.93%
  14055    46     1358.1104   767     1548.8749     1255.7229  3043930   18.93%
* 14063+   22                         1540.5264     1255.7229            18.49%
* 14081+   22                         1518.8762     1255.7229            17.33%
  14109    55     1275.4871   754     1518.8762     1255.7229  3071383   17.33%
* 14130+   22                         1443.1575     1255.7229            12.99%
* 14138+   22                         1442.7595     1255.7229            12.96%
* 14149+   22                         1442.4240     1255.7229            12.94%
  14155   129     1324.1563   777     1442.4240     1255.7229  3161215   12.94%
* 14164+   22                         1442.0337     1255.7229            12.92%
  14218    55     1403.8807   695     1442.0337     1258.3613  3071984   12.74%
  14302   145        cutoff           1442.0337     1258.3613  3189757   12.74%
  14363   230        cutoff           1442.0337     1258.3613  3288598   12.74%
Elapsed time = 1239.68 sec. (417584.45 ticks, tree = 2.00 MB, solutions = 85)
  14435   287     1334.3022   817     1442.0337     1258.3613  3368424   12.74%
  14528   217     1321.9798   787     1442.0337     1258.3613  3278789   12.74%
  14625   406     1327.7869   836     1442.0337     1258.3613  3478891   12.74%
  14771   394     1346.1172   651     1442.0337     1258.3613  3455621   12.74%
  14923   621     1296.1330   806     1442.0337     1258.3613  3558351   12.74%
  15071   605     1413.3757   785     1442.0337     1258.3613  3556096   12.74%
  15217   874     1381.6813   648     1442.0337     1258.3613  3650275   12.74%
  15349   929     1310.5978   836     1442.0337     1258.3613  3681204   12.74%
  15512   966     1424.1646   701     1442.0337     1258.3613  3710138   12.74%
  15733  1086     1347.3814   774     1442.0337     1258.3613  3784563   12.74%
Elapsed time = 1454.63 sec. (456186.75 ticks, tree = 55.49 MB, solutions = 88)
  16046  1180     1348.4774   698     1442.0337     1258.3613  3818613   12.74%
  16358  1566        cutoff           1442.0337     1258.3613  3899191   12.74%
  16671  1556     1290.0945   592     1442.0337     1258.3613  3893515   12.74%
  17028  1872     1292.6003   653     1442.0337     1258.3613  3947039   12.74%
  17508  1927     1283.6360   718     1442.0337     1258.3613  3948998   12.74%
  17963  2669     1295.1207   576     1442.0337     1263.3888  4057867   12.39%
  18619  2617     1281.9389   712     1442.0337     1263.3888  4052152   12.39%
  19134  2885     1296.1849   675     1442.0337     1263.3888  4087588   12.39%
  19764  3736     1334.5977   730     1442.0337     1263.3888  4171178   12.39%
  20493  4481     1385.4942   490     1442.0337     1263.3888  4222383   12.39%
Elapsed time = 1673.99 sec. (494407.82 ticks, tree = 970.18 MB, solutions = 88)
  21234  4508     1389.0322   464     1442.0337     1263.3888  4222935   12.39%
  21951  6190     1434.3348   643     1442.0337     1263.3888  4356633   12.39%
  22874  6450     1393.4684   643     1442.0337     1263.3888  4376438   12.39%
  23563  6673     1300.8753   648     1442.0337     1263.3888  4398123   12.39%
  24258  7276     1386.6713   551     1442.0337     1263.3888  4431369   12.39%
  24889  8683     1335.4634   502     1442.0337     1263.3888  4532121   12.39%
  25495  9201     1293.4225   723     1442.0337     1263.3888  4572891   12.39%
  26135 10290     1320.4260   522     1442.0337     1263.3888  4677851   12.39%
  26662 10350     1306.5273   606     1442.0337     1263.5951  4685587   12.37%
  27011 10578     1356.0734   764     1442.0337     1263.5951  4721846   12.37%
Elapsed time = 1911.49 sec. (532630.67 ticks, tree = 2935.50 MB, solutions = 88)
Nodefile size = 877.23 MB (653.84 MB after compression)
  27499 11580     1376.4945   672     1442.0337     1263.5951  4807028   12.37%
  28125 12038     1344.3732   557     1442.0337     1263.5951  4861216   12.37%
  28884 12348     1343.5092   761     1442.0337     1263.5951  4896952   12.37%
  29587 12358     1288.3424   720     1442.0337     1263.5951  4898910   12.37%
  30341 13699     1304.9487   678     1442.0337     1263.5951  4998751   12.37%
  31005 14023     1356.3150   599     1442.0337     1263.5951  5017875   12.37%
  31769 14621     1399.5250   348     1442.0337     1263.5951  5060153   12.37%
  32453 15241     1350.2678   503     1442.0337     1263.5951  5110988   12.37%
  33245 16677     1321.6295   574     1442.0337     1263.5951  5215510   12.37%
  34001 16281     1330.0048   617     1442.0337     1263.5951  5187861   12.37%
Elapsed time = 2143.58 sec. (570799.82 ticks, tree = 4807.97 MB, solutions = 88)
Nodefile size = 2730.08 MB (2049.76 MB after compression)
  34570 17692     1369.9435   482     1442.0337     1263.5951  5307978   12.37%
  35172 17638     1343.0106   614     1442.0337     1263.5951  5305088   12.37%
  35893 18336     1399.3118   640     1442.0337     1263.5951  5365312   12.37%
* 36198+18760                         1390.0276     1263.5951             9.10%
* 36219+18760                         1387.9127     1263.5951             8.96%
* 36241+18744                         1375.0603     1263.5951             8.11%
  36592 14486     1349.4535   440     1375.0603     1263.5951  5485724    8.11%
  37336 14745     1309.3472   681     1375.0603     1270.5463  5523782    7.60%
  38174 15501     1327.9301   643     1375.0603     1270.5463  5608608    7.60%
  38868 15857     1311.7913   596     1375.0603     1272.3083  5656788    7.47%
  39799 16328     1370.8986   491     1375.0603     1278.9118  5703074    6.99%
  40612 16356     1373.9544   466     1375.0603     1278.9118  5704616    6.99%
* 40657+16635                         1370.4930     1278.9118             6.68%
* 41078+17037                         1367.4018     1278.9118             6.47%
  41078 17781     1320.1940   571     1367.4018     1278.9118  5806131    6.47%
Elapsed time = 2376.92 sec. (609036.35 ticks, tree = 5315.92 MB, solutions = 92)
Nodefile size = 3248.85 MB (2460.91 MB after compression)
* 41152+17037                         1367.3125     1278.9118             6.47%
* 41212+17037                         1367.1272     1278.9118             6.45%
  41538 17812     1300.3805   704     1367.1272     1278.9118  5865796    6.45%
* 41694+17851                         1366.5556     1278.9118             6.41%
* 42080+17658                         1352.7907     1278.9118             5.46%
  42116 17924     1360.7779   624     1352.7907     1278.9118  5906767    5.46%
* 42245+17658                         1351.2775     1278.9118             5.36%
* 42333+17658                         1351.0845     1278.9118             5.34%
* 42372+17658                         1350.7513     1278.9118             5.32%
* 42388+17658                         1341.8694     1278.9118             4.69%
* 42483+17658                         1339.3618     1278.9118             4.51%
* 42548+17658                         1339.3554     1278.9118             4.51%
* 42556+17658                         1339.0991     1278.9118             4.49%
* 42589+17658                         1338.8799     1278.9118             4.48%
  42751 18049     1301.8995   724     1338.8799     1278.9118  5926572    4.48%
  43475 14664     1295.8680   695     1338.8799     1279.8606  5978175    4.41%
  44214 15102     1303.3596   690     1338.8799     1280.8564  6035363    4.33%
  45029 15135     1315.3195   689     1338.8799     1281.2873  6037464    4.30%
* 45235+15302                         1338.6199     1281.2873             4.28%
  45833 15576     1327.6385   660     1338.6199     1281.9814  6085655    4.23%
  46657 16195     1336.7275   581     1338.6199     1281.9814  6146920    4.23%
  47401 16675     1320.8209   651     1338.6199     1281.9814  6196608    4.23%
* 47921+16904                         1337.9053     1281.9814             4.18%
  48147 17592     1334.8300   549     1337.9053     1281.9814  6275922    4.18%
Elapsed time = 2604.70 sec. (647250.04 ticks, tree = 5309.07 MB, solutions = 115)
Nodefile size = 3236.68 MB (2457.93 MB after compression)
  48854 18219     1294.5938   657     1337.9053     1281.9814  6341937    4.18%
  49629 18863     1298.7611   660     1337.9053     1283.1630  6417076    4.09%
* 49856+18816                         1337.6698     1283.1630             4.07%
  50269 19050     1310.0526   708     1337.6698     1283.4462  6435781    4.05%
  50962 19881     1326.2968   539     1337.6698     1283.9063  6515800    4.02%
  51656 19402     1287.1682   729     1337.6698     1283.9063  6468082    4.02%
  52220 21571     1328.9546   540     1337.6698     1283.9063  6671357    4.02%
  52925 21416     1296.1177   645     1337.6698     1283.9063  6659722    4.02%
* 53612+21524                         1336.3462     1284.0311             3.91%
  53613 22578     1304.1297   779     1336.3462     1284.0311  6765442    3.91%
* 53882+22322                         1336.0863     1284.0311             3.90%
* 53914+22382                         1336.0863     1284.0311             3.90%
* 53938+22495                         1335.8071     1284.0311             3.88%
  54149 22425     1303.2622   619     1335.8071     1284.0311  6835405    3.88%
  54771 22568     1311.4612   633     1335.8071     1284.3629  6878002    3.85%
Elapsed time = 2828.14 sec. (685464.87 ticks, tree = 6848.00 MB, solutions = 127)
Nodefile size = 4781.54 MB (3619.05 MB after compression)
  55402 22484     1303.5625   569     1335.8071     1284.3629  6865042    3.85%
  55937 22835     1325.7876   546     1335.8071     1284.3629  6903475    3.85%
  56481 24061     1323.1580   618     1335.8071     1284.3629  7034989    3.85%
  57050 23728        cutoff           1335.8071     1284.3629  7015054    3.85%
  57659 24749     1298.2479   741     1335.8071     1284.3629  7116636    3.85%
* 57782+23892                         1335.4375     1284.3629             3.82%
  58196 25011     1326.1969   504     1335.4375     1284.3629  7143842    3.82%
* 58259+25197                         1334.1686     1284.3629             3.73%
  58870 24557     1332.4145   712     1334.1686     1284.3629  7224161    3.73%
  59670 25430     1330.2610   570     1334.1686     1284.3629  7304774    3.73%
  60362 25850     1328.6229   513     1334.1686     1284.3629  7348999    3.73%
  61022 25648     1293.0745   671     1334.1686     1284.3629  7323773    3.73%
Elapsed time = 3063.63 sec. (723671.34 ticks, tree = 7656.10 MB, solutions = 130)
Nodefile size = 5577.39 MB (4198.56 MB after compression)
* 61635+26146                         1334.0813     1284.3629             3.73%
  61701 26466     1329.8429   697     1334.0813     1284.3629  7424629    3.73%
  62314 26923     1321.6809   630     1334.0813     1284.3629  7457220    3.73%
* 62369+27486                         1334.0813     1284.3629             3.73%
  62890 27678     1329.9579   573     1334.0813     1284.3629  7510595    3.73%
  63420 27779     1321.4935   603     1334.0813     1284.3629  7536922    3.73%
  63844 29026     1328.1766   473     1334.0813     1284.3629  7685615    3.73%
  64358 28557        cutoff           1334.0813     1284.3629  7636983    3.73%
  64803 29394     1324.7093   383     1334.0813     1284.3629  7717107    3.73%
  65138 29661     1329.3831   523     1334.0813     1284.3629  7754835    3.73%
  65357 30335     1325.9525   550     1334.0813     1284.3629  7865806    3.73%
  65759 30630     1333.9626   396     1334.0813     1284.3629  7886586    3.73%
Elapsed time = 3290.72 sec. (761915.75 ticks, tree = 9169.11 MB, solutions = 133)
Nodefile size = 7131.55 MB (5353.51 MB after compression)
* 65920+29875                         1333.7784     1284.3629             3.70%
  66154 30628     1292.7051   782     1333.7784     1284.3629  7904341    3.70%
  66518 30845     1324.7112   637     1333.7784     1284.3629  7939153    3.70%
  67011 31027     1331.3382   627     1333.7784     1284.3629  7994954    3.70%
  67416 31032     1313.7555   738     1333.7784     1284.3629  7997019    3.70%
  67833 31192     1322.4055   595     1333.7784     1284.3629  8010146    3.70%
  68334 31626     1333.0255   520     1333.7784     1284.3629  8089806    3.70%
  68809 31827     1318.8981   650     1333.7784     1284.3629  8126933    3.70%
  69367 32675     1325.3512   726     1333.7784     1284.3629  8235885    3.70%
  69886 32991     1306.6813   628     1333.7784     1284.3629  8286115    3.70%
  70348 33022     1310.6157   596     1333.7784     1284.3629  8287917    3.70%
Elapsed time = 3530.57 sec. (800162.04 ticks, tree = 9741.38 MB, solutions = 134)
Nodefile size = 7656.73 MB (5741.54 MB after compression)
  70767 34094     1304.3779   674     1333.7784     1286.9602  8440316    3.51%
  71177 34370     1299.9251   710     1333.7784     1287.3864  8497324    3.48%
  71625 34213     1315.4275   529     1333.7784     1287.6805  8443697    3.46%
  72200 34441     1323.8879   669     1333.7784     1287.6805  8523134    3.46%
  72900 34462     1323.8684   569     1333.7784     1287.7783  8518939    3.45%
  73493 35469     1293.2425   714     1333.7784     1287.7783  8659041    3.45%
  74131 36011     1318.2914   653     1333.7784     1287.7783  8748999    3.45%
  74685 36136     1315.8314   512     1333.7784     1287.7783  8753927    3.45%
  75326 37226     1326.1945   583     1333.7784     1287.7783  8869300    3.45%
  75936 38069     1329.9859   514     1333.7784     1287.7783  8946516    3.45%
Elapsed time = 3766.00 sec. (838355.53 ticks, tree = 11080.70 MB, solutions = 134)
Nodefile size = 9012.43 MB (6742.11 MB after compression)
  76593 37934     1328.9771   582     1333.7784     1287.7783  8925025    3.45%
  77095 38242     1319.3521   687     1333.7784     1287.7783  8985050    3.45%
  77552 39103     1302.9718   698     1333.7784     1287.7783  9094092    3.45%
  78124 39613     1324.6548   522     1333.7784     1288.2310  9158791    3.41%
  78693 39954     1322.1215   628     1333.7784     1288.4755  9201048    3.40%
  79346 40178        cutoff           1333.7784     1288.4755  9227498    3.40%
  80034 40057     1310.4630   659     1333.7784     1288.5992  9204710    3.39%
  80785 40205     1293.8136   699     1333.7784     1288.5992  9231283    3.39%
  81416 40786     1314.9440   520     1333.7784     1288.7222  9294820    3.38%
  82160 42715     1315.9583   516     1333.7784     1288.7222  9500830    3.38%
Elapsed time = 4003.00 sec. (876539.67 ticks, tree = 12650.34 MB, solutions = 134)
Nodefile size = 10582.88 MB (7927.05 MB after compression)
  82957 42047     1318.5664   549     1333.7784     1288.7222  9413986    3.38%
  83781 42543     1325.8507   567     1333.7784     1288.7222  9486139    3.38%
  84517 42947     1322.9026   608     1333.7784     1288.7222  9536678    3.38%
  85156 44143     1299.6875   739     1333.7784     1288.7222  9630494    3.38%
  85937 45695     1332.2652   569     1333.7784     1289.0621  9806506    3.35%
  86553 45788     1323.1501   721     1333.7784     1289.0621  9812469    3.35%
  87128 45816        cutoff           1333.7784     1289.2404  9814458    3.34%
  87730 45658        cutoff           1333.7784     1289.2404  9800536    3.34%
  88347 47722     1303.7758   714     1333.7784     1289.2404 10015857    3.34%
  88947 48451     1322.9140   521     1333.7784     1289.3255 10079812    3.33%
Elapsed time = 4245.37 sec. (914748.41 ticks, tree = 14596.13 MB, solutions = 134)
Nodefile size = 12525.45 MB (9393.17 MB after compression)
  89695 48502     1326.9132   519     1333.7784     1289.3255 10081400    3.33%
  90530 48564     1329.9455   462     1333.7784     1289.6117 10083072    3.31%
  91550 48863     1311.9543   562     1333.7784     1289.6117 10121930    3.31%
  92474 50882     1331.3911   523     1333.7784     1289.6477 10301530    3.31%
  93355 49685     1317.2378   524     1333.7784     1289.6477 10235392    3.31%
  94036 51651     1323.6881   546     1333.7784     1289.6477 10379205    3.31%
  94565 52850        cutoff           1333.7784     1289.7689 10463646    3.30%
  95087 53615     1326.1795   689     1333.7784     1289.7689 10522233    3.30%
  95715 52057     1330.4020   575     1333.7784     1289.7689 10404208    3.30%
  96255 54250     1329.0896   464     1333.7784     1289.8458 10559617    3.29%
Elapsed time = 4481.75 sec. (952948.99 ticks, tree = 16530.63 MB, solutions = 134)
Nodefile size = 14454.51 MB (10858.51 MB after compression)
  96781 54962     1331.5469   588     1333.7784     1289.8923 10631229    3.29%
  97275 55192     1332.8095   634     1333.7784     1289.8923 10675859    3.29%
  97883 55891     1332.3351   506     1333.7784     1290.1217 10749513    3.27%
  98459 56282     1326.0219   617     1333.7784     1290.1898 10808030    3.27%
  99174 56959     1333.1270   564     1333.7784     1290.2003 10892103    3.27%
  99764 56639     1305.5348   644     1333.7784     1290.2003 10854692    3.27%
 100328 56427     1313.8673   526     1333.7784     1290.2909 10821150    3.26%
 100920 58241     1310.6822   668     1333.7784     1290.3336 11052788    3.26%
 101601 57874        cutoff           1333.7784     1290.3452 11013443    3.26%
 102299 58294     1326.3033   523     1333.7784     1290.3922 11056831    3.25%
Elapsed time = 4724.02 sec. (991132.96 ticks, tree = 17250.28 MB, solutions = 134)
Nodefile size = 15159.10 MB (11357.72 MB after compression)
 103061 59241     1300.5373   732     1333.7784     1290.5182 11168618    3.24%
 103633 60051     1330.1668   586     1333.7784     1290.5182 11252963    3.24%
 104185 59208     1332.2515   665     1333.7784     1290.5182 11159830    3.24%
 104681 60379     1313.2745   610     1333.7784     1290.5513 11283660    3.24%
 105201 61374     1306.4029   571     1333.7784     1290.5634 11401623    3.24%
 105783 61084     1315.2750   749     1333.7784     1290.5634 11344922    3.24%
 106327 62017     1322.6193   613     1333.7784     1290.5634 11459698    3.24%
 106995 63282     1325.3722   487     1333.7784     1290.5634 11591326    3.24%
 107700 63542     1320.2099   505     1333.7784     1290.7758 11607829    3.22%
 108350 62993     1312.4361   559     1333.7784     1290.7890 11569095    3.22%
Elapsed time = 4934.09 sec. (1029347.47 ticks, tree = 18632.01 MB, solutions = 134)
Nodefile size = 16556.95 MB (12406.38 MB after compression)
 109125 64250     1305.2003   585     1333.7784     1290.7952 11694432    3.22%
 109844 63641     1318.2023   675     1333.7784     1290.7952 11612686    3.22%
 110637 65184     1320.3882   491     1333.7784     1290.7952 11803818    3.22%
 111254 66003     1319.4777   560     1333.7784     1290.8407 11840588    3.22%
 111959 65317     1324.4297   467     1333.7784     1290.8407 11806566    3.22%
 112596 67248     1331.0722   606     1333.7784     1290.8407 11955914    3.22%
 113148 66759     1310.9260   698     1333.7784     1290.9185 11901883    3.21%
 113795 69101     1326.2037   540     1333.7784     1291.0636 12112140    3.20%
 114570 68958     1328.1288   601     1333.7784     1291.0636 12093671    3.20%
 115391 68768     1332.6497   573     1333.7784     1291.0907 12078805    3.20%
Elapsed time = 5143.64 sec. (1067523.37 ticks, tree = 19692.30 MB, solutions = 134)
Nodefile size = 17591.09 MB (13142.72 MB after compression)
 115956 69493     1328.2769   527     1333.7784     1291.1385 12161800    3.20%
 116648 72184     1330.9726   641     1333.7784     1291.1667 12396427    3.19%
 117354 70857     1313.8232   652     1333.7784     1291.1667 12306578    3.19%
 118058 70592     1324.9583   531     1333.7784     1291.1667 12282502    3.19%
 118866 71403     1305.9152   638     1333.7784     1291.1776 12347195    3.19%
 119559 72992     1310.9846   564     1333.7784     1291.1776 12504805    3.19%
 120302 75125     1328.7071   512     1333.7784     1291.1776 12662384    3.19%
 120946 75597     1332.7205   590     1333.7784     1291.1776 12715288    3.19%
 121462 75481     1326.0426   599     1333.7784     1291.1776 12705266    3.19%
 121872 75871     1322.5234   672     1333.7784     1291.1776 12739843    3.19%
Elapsed time = 5339.08 sec. (1105702.69 ticks, tree = 21804.76 MB, solutions = 134)
Nodefile size = 19728.66 MB (14745.54 MB after compression)
 122334 76408     1325.6172   648     1333.7784     1291.1776 12804388    3.19%
 122765 76006     1310.2167   606     1333.7784     1291.1776 12759463    3.19%
 123269 76009     1316.0132   576     1333.7784     1291.1776 12752534    3.19%
 123815 78057     1325.6636   560     1333.7784     1291.1776 13027646    3.19%
 124518 77759    infeasible           1333.7784     1291.1776 12996680    3.19%
 125163 77484     1321.4456   627     1333.7784     1291.5300 12978823    3.17%
 125873 79358     1314.3812   690     1333.7784     1291.5300 13193619    3.17%
 126667 79855     1298.5760   695     1333.7784     1291.5543 13238533    3.17%
 127323 79066     1309.3151   642     1333.7784     1291.6652 13166332    3.16%
 128044 81679     1317.6987   528     1333.7784     1291.6652 13362313    3.16%
Elapsed time = 5563.19 sec. (1143899.09 ticks, tree = 22953.25 MB, solutions = 134)
Nodefile size = 20873.96 MB (15570.79 MB after compression)
 128751 81888     1303.7162   653     1333.7784     1291.6652 13390056    3.16%
 129589 81501        cutoff           1333.7784     1291.6652 13343533    3.16%
 130392 80468     1317.8033   632     1333.7784     1291.6685 13295620    3.16%
 131160 83438     1324.2020   622     1333.7784     1291.6685 13532508    3.16%
 131943 82484     1330.7787   506     1333.7784     1291.6685 13418532    3.16%
 132798 84173     1325.8443   423     1333.7784     1291.6765 13576347    3.16%
 133650 83920     1319.0478   739     1333.7784     1291.6765 13570498    3.16%
 134459 86194     1308.6861   538     1333.7784     1291.7050 13756700    3.15%
 135180 85856     1310.9461   796     1333.7784     1291.7050 13732255    3.15%
 135973 88537     1326.7105   672     1333.7784     1291.8529 13931248    3.14%
Elapsed time = 5768.63 sec. (1182106.95 ticks, tree = 25295.67 MB, solutions = 134)
Nodefile size = 23212.31 MB (17334.85 MB after compression)
 136695 87572     1302.2850   705     1333.7784     1291.8529 13842881    3.14%
 137265 86514     1318.8708   503     1333.7784     1291.8529 13780160    3.14%
 137824 88447     1328.6027   634     1333.7784     1291.8529 13931110    3.14%
 138519 89444     1305.9747   759     1333.7784     1291.9193 14013187    3.14%
 139255 88950     1329.6247   592     1333.7784     1291.9313 13980069    3.14%
 140052 90618     1315.1198   518     1333.7784     1291.9313 14085796    3.14%
 140842 90868     1316.7071   532     1333.7784     1291.9313 14107608    3.14%
 141594 93009     1322.4870   456     1333.7784     1291.9529 14310218    3.14%
 142423 91466     1332.2090   372     1333.7784     1291.9529 14191106    3.14%
 143137 92637     1329.2776   457     1333.7784     1291.9583 14296142    3.14%
Elapsed time = 5974.49 sec. (1220311.36 ticks, tree = 26692.62 MB, solutions = 134)
Nodefile size = 24573.59 MB (18368.18 MB after compression)
 143921 92851     1319.1571   553     1333.7784     1291.9583 14304840    3.14%
 144481 95446     1321.9795   601     1333.7784     1291.9583 14497821    3.14%
 144933 94987     1316.0751   660     1333.7784     1292.0247 14465539    3.13%
 145406 94773     1308.6101   555     1333.7784     1292.0247 14441690    3.13%
 145970 96361     1317.6827   397     1333.7784     1292.0247 14544119    3.13%
 146433 97632     1314.1005   670     1333.7784     1292.0247 14658880    3.13%
 147133 97657     1326.7725   648     1333.7784     1292.0402 14660834    3.13%
 147873 97823     1329.3852   552     1333.7784     1292.1147 14683425    3.12%
 148788 98226     1318.9774   571     1333.7784     1292.1147 14715353    3.12%
 149643 99182     1329.5633   393     1333.7784     1292.1147 14784281    3.12%
Elapsed time = 6181.90 sec. (1258502.05 ticks, tree = 28943.03 MB, solutions = 134)
Nodefile size = 26817.11 MB (20063.01 MB after compression)
 150390 100799     1310.9049   792     1333.7784     1292.1147 14912937    3.12%
 151112 99903     1311.4004   577     1333.7784     1292.1147 14850357    3.12%
 151804 102624     1333.4166   564     1333.7784     1292.2074 15026117    3.12%
 152402 102544     1331.3156   348     1333.7784     1292.2074 15008854    3.12%
 152942 103371     1321.0247   432     1333.7784     1292.2377 15072362    3.11%
 153532 101792        cutoff           1333.7784     1292.2377 14971395    3.11%
 154007 103129     1327.6582   625     1333.7784     1292.2377 15068339    3.11%
 154503 104663     1318.1183   582     1333.7784     1292.2377 15205390    3.11%
 154908 104893     1322.0956   635     1333.7784     1292.3302 15234225    3.11%
 155358 104708     1300.9402   682     1333.7784     1292.3302 15208310    3.11%
Elapsed time = 6360.42 sec. (1296729.23 ticks, tree = 30245.58 MB, solutions = 134)
Nodefile size = 28159.57 MB (21059.07 MB after compression)
 155847 106399     1325.2162   536     1333.7784     1292.3302 15413644    3.11%
 156470 105509     1311.4491   561     1333.7784     1292.3302 15303370    3.11%
 157112 105603     1319.0563   536     1333.7784     1292.3813 15305105    3.10%
 157678 107066     1311.2585   579     1333.7784     1292.3813 15520905    3.10%
 158302 107747     1323.4360   453     1333.7784     1292.3813 15594558    3.10%
 158946 107382     1315.6693   625     1333.7784     1292.3813 15585079    3.10%
 159499 107402     1325.6477   635     1333.7784     1292.3813 15587102    3.10%
 160267 108154     1318.9524   632     1333.7784     1292.3813 15637905    3.10%
 161019 110320     1305.0674   721     1333.7784     1292.3813 15840231    3.10%
 161743 110133     1311.1437   648     1333.7784     1292.3813 15815456    3.10%
Elapsed time = 6578.07 sec. (1334922.96 ticks, tree = 31258.54 MB, solutions = 134)
Nodefile size = 29165.41 MB (21777.37 MB after compression)
 162417 110597     1312.6575   541     1333.7784     1292.5087 15863688    3.09%
 163166 112726     1306.3655   630     1333.7784     1292.5623 16034648    3.09%
 163973 113044     1333.0710   584     1333.7784     1292.5623 16074874    3.09%
 164952 112595     1316.2770   543     1333.7784     1292.5623 16011472    3.09%
 165819 114077     1318.4059   583     1333.7784     1292.6125 16152463    3.09%
 166704 115106     1321.9995   557     1333.7784     1292.6125 16230286    3.09%
 167417 115080     1317.2424   686     1333.7784     1292.6125 16220979    3.09%
 168122 117113     1317.3143   510     1333.7784     1292.7082 16367387    3.08%
 168769 115339     1314.5472   589     1333.7784     1292.7082 16244940    3.08%
 169446 114751     1301.2320   668     1333.7784     1292.7082 16200167    3.08%
Elapsed time = 6784.70 sec. (1373112.27 ticks, tree = 32847.66 MB, solutions = 134)
Nodefile size = 30749.86 MB (22978.38 MB after compression)
 170267 115226     1313.6807   559     1333.7784     1292.7082 16228038    3.08%
 171080 118666     1331.3327   517     1333.7784     1292.7082 16468299    3.08%
 171921 117479     1309.7700   475     1333.7784     1292.7153 16399307    3.08%
 172681 118705     1322.3373   642     1333.7784     1292.7153 16472196    3.08%
 173484 120801     1316.4392   572     1333.7784     1292.7153 16665243    3.08%
 174255 121085     1323.1897   486     1333.7784     1292.7825 16694880    3.07%
 175000 119877     1309.0671   633     1333.7784     1292.7825 16607254    3.07%
 175763 120733     1306.8323   724     1333.7784     1292.8637 16658124    3.07%
 176314 123186     1329.5561   534     1333.7784     1292.8661 16834214    3.07%
 176815 121932     1323.6624   553     1333.7784     1292.8926 16760680    3.07%
Elapsed time = 6992.35 sec. (1411325.70 ticks, tree = 35315.82 MB, solutions = 134)
Nodefile size = 33196.66 MB (24835.54 MB after compression)
 177335 123231     1309.8444   709     1333.7784     1292.8926 16837948    3.07%
 177857 124898     1312.8555   629     1333.7784     1292.8926 16976063    3.07%
 178409 125743     1304.1807   692     1333.7784     1292.9156 17059930    3.06%
 178892 126148     1321.6562   467     1333.7784     1292.9156 17076859    3.06%
 179468 126216     1323.2697   490     1333.7784     1292.9156 17078600    3.06%
 180075 126279     1329.0347   448     1333.7784     1292.9156 17080534    3.06%
 180636 126350     1333.5916   459     1333.7784     1292.9156 17082268    3.06%
 181284 128637     1316.2955   681     1333.7784     1292.9240 17388768    3.06%
 181841 129533     1324.3689   542     1333.7784     1292.9240 17470118    3.06%
 182430 128014     1326.2713   644     1333.7784     1293.0732 17306241    3.05%
Elapsed time = 7185.97 sec. (1449597.19 ticks, tree = 37100.51 MB, solutions = 134)
Nodefile size = 35002.05 MB (26201.08 MB after compression)
 183009 128632     1323.1523   471     1333.7784     1293.0732 17372018    3.05%
 183617 128726     1326.1563   461     1333.7784     1293.0732 17373746    3.05%
 184276 130205     1326.6857   516     1333.7784     1293.1334 17524561    3.05%
 184881 132141     1319.9225   686     1333.7784     1293.1334 17756071    3.05%
 185585 132497     1327.1074   590     1333.7784     1293.1334 17807180    3.05%
 186315 131886     1306.3862   629     1333.7784     1293.1438 17717833    3.05%
 187053 132025     1327.9547   493     1333.7784     1293.1438 17738733    3.05%
 187716 132564     1301.1858   683     1333.7784     1293.1515 17812668    3.05%
 188428 134088     1333.1431   460     1333.7784     1293.1515 17910851    3.05%
 189059 132389     1307.9064   727     1333.7784     1293.1515 17783369    3.05%
Elapsed time = 7401.15 sec. (1487803.45 ticks, tree = 37696.81 MB, solutions = 134)
Nodefile size = 35566.97 MB (26585.41 MB after compression)
 189755 133291     1307.7311   565     1333.7784     1293.1515 17861095    3.05%
 190392 135093     1323.8914   442     1333.7784     1293.1515 18020880    3.05%
 191044 135865     1331.7402   614     1333.7784     1293.1515 18124378    3.05%
 191772 137684     1332.1958   586     1333.7784     1293.2458 18272837    3.04%
 192412 137290     1314.9280   616     1333.7784     1293.2458 18246357    3.04%
 193094 136958     1309.0368   688     1333.7784     1293.2458 18218074    3.04%
 193597 138797     1330.2408   405     1333.7784     1293.2458 18352445    3.04%
 194147 138064     1327.9578   673     1333.7784     1293.2458 18308862    3.04%
 194870 138103     1322.4653   517     1333.7784     1293.2505 18318818    3.04%
 195503 140634     1328.5407   528     1333.7784     1293.2505 18559024    3.04%
Elapsed time = 7613.82 sec. (1526001.53 ticks, tree = 40565.33 MB, solutions = 134)
Nodefile size = 38449.24 MB (28766.12 MB after compression)
