Version identifier: 22.1.1.0 | 2022-11-28 | 9160aff4d
CPXPARAM_TimeLimit                               19800
Tried aggregator 1 time.
MIP Presolve eliminated 1389 rows and 958 columns.
MIP Presolve modified 37816 coefficients.
Reduced MIP has 38437 rows, 26764 columns, and 151372 nonzeros.
Reduced MIP has 13432 binaries, 13232 generals, 0 SOSs, and 0 indicators.
Presolve time = 0.15 sec. (95.02 ticks)
Probing time = 7.21 sec. (71.52 ticks)
Cover probing fixed 0 vars, tightened 13 bounds.
Tried aggregator 1 time.
Detecting symmetries...
MIP Presolve eliminated 462 rows and 460 columns.
MIP Presolve modified 2 coefficients.
Reduced MIP has 37975 rows, 26304 columns, and 149788 nonzeros.
Reduced MIP has 13430 binaries, 12774 generals, 0 SOSs, and 0 indicators.
Presolve time = 0.23 sec. (126.48 ticks)
Probing time = 7.71 sec. (28.65 ticks)
Cover probing fixed 0 vars, tightened 10 bounds.
Clique table members: 89800.
MIP emphasis: balance optimality and feasibility.
MIP search method: dynamic search.
Parallel mode: deterministic, using up to 32 threads.
Root relaxation solution time = 6.81 sec. (870.99 ticks)

        Nodes                                         Cuts/
   Node  Left     Objective  IInf  Best Integer    Best Bound    ItCnt     Gap

      0     0     1084.9678   450                   1084.9678       25         
      0     0     1128.0357   557                   Cuts: 809     2038         
      0     0     1138.5533   641                   Cuts: 441     3201         
      0     0     1146.5691   669                   Cuts: 827     4420         
      0     0     1148.3295   668                   Cuts: 458     4988         
      0     0     1151.6359   628                   Cuts: 270     5638         
Detecting symmetries...
      0     0     1154.0452   648                   Cuts: 436     6124         
      0     0     1154.9259   645                   Cuts: 151     6419         
      0     0     1155.3415   655                   Cuts: 257     6688         
      0     0     1155.6460   671                    Cuts: 87     6919         
      0     0     1156.2831   657                    Cuts: 86     7480         
      0     0     1156.4016   678                   Cuts: 171     7622         
      0     0     1156.6026   650                    Cuts: 64     7777         
      0     0     1156.8510   633                    Cuts: 49     7944         
      0     0     1156.9696   663                    Cuts: 50     8004         
Detecting symmetries...
      0     2     1156.9696   663                   1156.9696     8004         
Elapsed time = 61.01 sec. (24878.80 ticks, tree = 0.02 MB, solutions = 0)
      1     3     1157.6517   658                   1156.9706     8502         
      2     4     1160.0170   627                   1156.9706     9687         
      3     4     1172.7191   630                   1156.9706    10618         
      4     6     1173.3385   645                   1156.9706    12022         
      6     8     1188.1707   658                   1156.9706    14729         
      8     6     1205.1660   606                   1156.9797    14033         
     11     9     1189.3680   648                   1156.9797    17446         
     12    10     1199.6303   591                   1160.0253    26511         
     14     7     1209.9456   623                   1160.0253    14032         
     17    12     1166.7662   648                   1160.0253    32486         
Elapsed time = 79.61 sec. (32487.68 ticks, tree = 0.32 MB, solutions = 0)
     18    11     1205.1754   616                   1160.0253    27285         
     22    18     1210.0198   621                   1166.1376    55636         
     32    14     1224.0200   621                   1167.1432    37418         
     36    24     1205.5971   608                   1167.1432    99973         
     44    29     1223.0736   608                   1167.4386   152033         
     50    38     1230.4428   638                   1167.4386   225100         
     58    28     1215.0356   635                   1167.4386   145743         
     67    25     1215.5699   611                   1167.4386   106924         
     77    60     1226.9090   565                   1167.4386   369054         
     96    72     1233.4510   674                   1167.4386   443241         
Elapsed time = 134.43 sec. (43850.22 ticks, tree = 0.22 MB, solutions = 0)
    128    84     1235.6724   604                   1171.1387   476948         
    164    57     1249.0978   607                   1171.1387   353115         
    189    92     1258.8126   616                   1171.1387   498703         
    217    99     1305.0257   583                   1171.1387   511998         
    256   111     1243.3900   607                   1171.1387   545744         
    284   161     1235.2107   603                   1171.1387   592979         
    324   180     1267.5288   581                   1171.1387   618088         
    366   240     1273.3564   584                   1171.1387   702206         
    406   278     1337.6466   520                   1171.1387   748059         
    461   236     1270.0055   556                   1171.1387   694085         
Elapsed time = 183.43 sec. (53657.78 ticks, tree = 1.76 MB, solutions = 0)
    509   395     1296.5730   496                   1171.1387   806409         
    583   323     1284.3050   472                   1171.1387   782499         
    662   330     1288.6731   415                   1171.1387   783480         
    711   423     1361.1738   551                   1171.1387   836060         
    745   440     1277.7777   480                   1171.1387   839000         
    776   542    infeasible                         1171.1387   875750         
    802   578     1285.4968   423                   1171.1387   889314         
    836   721     1353.6977   465                   1171.1387   986439         
    901   753     1249.1721   456                   1171.1387  1005694         
    943   718     1372.2389   509                   1171.1387   985266         
Elapsed time = 239.65 sec. (63393.62 ticks, tree = 53.19 MB, solutions = 0)
    988   774     1284.7428   437                   1171.1387  1019006         
   1042   795     1400.9641   504                   1171.1387  1025597         
   1094   850     1396.3802   536                   1171.1387  1061409         
   1179   908     1335.9821   405                   1171.1387  1116774         
   1249  1003     1409.9183   555                   1171.1387  1202656         
   1332   950     1316.7794   423                   1171.1387  1175382         
   1435   901     1422.0982   550                   1171.1387  1132050         
   1555  1015     1314.8376   434                   1171.1387  1192820         
   1623  1201     1265.4353   438                   1171.1387  1276465         
   1739  1199     1307.2068   378                   1171.1387  1273852         
Elapsed time = 288.47 sec. (73056.62 ticks, tree = 93.74 MB, solutions = 0)
   1871  1340    infeasible                         1171.1387  1304839         
   2014  1246     1338.7168   432                   1171.1387  1284940         
   2146  1368     1420.0485   462                   1171.1387  1310168         
   2295  1509     1463.3835   509                   1171.1387  1366882         
   2427  1520     1465.6427   464                   1171.1387  1367788         
   2552  1905     1370.5488   413                   1171.1387  1470580         
   2646  1694     1483.1620   413                   1171.1387  1412096         
   2725  2032     1481.0865   442                   1171.1387  1510282         
   2849  2310     1422.2867   391                   1171.1387  1583311         
   2955  2294     1455.8853   318                   1171.1387  1572079         
Elapsed time = 339.34 sec. (82691.00 ticks, tree = 405.47 MB, solutions = 0)
   3074  2211     1369.9350   388                   1171.1387  1560385         
   3193  2432     1436.2733   478                   1171.1387  1637348         
   3345  2365     1443.2685   510                   1171.1387  1606759         
   3516  2340     1370.8388   510                   1171.1387  1591476         
   3678  2438     1408.8197   448                   1171.1387  1632258         
   3831  3012    infeasible                         1171.1387  1815503         
   3979  2792    infeasible                         1171.1387  1758147         
   4156  3082     1406.5622   333                   1171.1387  1836763         
   4317  3011     1505.1794   330                   1171.1387  1809569         
   4474  2875     1375.4225   334                   1171.1387  1782649         
Elapsed time = 393.10 sec. (92292.95 ticks, tree = 577.04 MB, solutions = 0)
   4648  3028     1370.0070   413                   1171.1387  1820631         
   4832  3350     1572.1947   274                   1171.1387  1897510         
   5050  3277     1497.0484   250                   1171.1387  1890578         
   5235  3791     1541.1131   311                   1171.1387  2011398         
   5427  4231     1616.9501   223                   1171.1387  2117899         
   5649  3829     1475.8247   364                   1171.1387  2021026         
   5863  4577    infeasible                         1171.1387  2206864         
   6074  4256     1625.4344   191                   1171.1387  2122649         
   6350  4523     1672.4984   260                   1171.1387  2195113         
   6626  4857     1300.5590   448                   1171.1387  2278235         
Elapsed time = 444.94 sec. (101862.14 ticks, tree = 1205.54 MB, solutions = 0)
   6898  4557     1714.1837   206                   1171.1387  2197795         
   7212  5447     1488.9090   365                   1171.1387  2406016         
   7570  5669     1693.6386    90                   1171.1387  2441431         
   7864  5211     1671.2332   164                   1171.1387  2341136         
   8111  5313     1439.4952   353                   1171.1387  2377939         
   8389  6275    infeasible                         1171.1387  2551334         
   8682  6199     1742.0715   163                   1171.1387  2531351         
   8977  6339     1365.8649   340                   1171.1387  2569734         
   9303  6837     1708.8645    27                   1171.1387  2597246         
   9620  7155     1830.3314   152                   1183.8294  2680774         
Elapsed time = 498.15 sec. (111451.12 ticks, tree = 1941.97 MB, solutions = 0)
   9957  7443     1898.8107    46                   1184.6104  2726505         
  10230  7176     1720.7511   238                   1184.6104  2690059         
  10550  8018     1597.0200   154                   1184.6104  2807086         
  10826  7883     1479.7541   278                   1184.6104  2785871         
  11114  8126     2218.6477    41                   1184.6104  2818358         
  11383  8751     1485.0453   278                   1184.6104  2937419         
  11599  8849     1526.5812   110                   1184.6104  2955164         
  11951  8451     1764.8363   167                   1184.6104  2876364         
  12282  8614     1369.9347   524                   1184.6104  2919115         
  13083  9753     1388.9103   510                   1184.6104  3117104         
Elapsed time = 571.68 sec. (123894.58 ticks, tree = 2783.64 MB, solutions = 0)
Nodefile size = 725.00 MB (490.67 MB after compression)
  13870 10735     1845.6516   168                   1184.6104  3275607         
  14930 11111    infeasible                         1184.6104  3356665         
  16114 11883    infeasible                         1184.6104  3464427         
  17019 12226     1337.9965   369                   1184.6104  3542030         
  18077 13808     1992.1158    96                   1184.6104  3820451         
  19281 13807     1743.2612    75                   1184.6104  3841597         
  20428 15603     2179.6359    97                   1184.6104  4106489         
  21394 16464     2298.5511    81                   1184.6104  4239334         
  22319 16956     2187.7186    52                   1184.6104  4328756         
  23258 17874     2187.7345    52                   1184.6104  4463686         
Elapsed time = 774.87 sec. (162076.26 ticks, tree = 4952.18 MB, solutions = 0)
Nodefile size = 2885.39 MB (1934.82 MB after compression)
  24183 18144     1441.7656   384                   1184.6104  4575423         
  24697 18905     1512.1115   356                   1190.6349  4741310         
  25276 19210     1285.8659   503                   1190.6349  4830014         
  26048 19983     1305.0785   478                   1195.1837  5039596         
  26731 20455     1427.5429   348                   1195.1837  5127032         
  27206 20889     1401.8019   197                   1195.1837  5229016         
  27418 21340     1716.6777   177                   1195.3099  5330459         
  28028 21494     1375.6326   408                   1195.3099  5437224         
  28517 22105    infeasible                         1204.7925  5616425         
  28962 22249     1396.1526   475                   1204.7925  5647315         
Elapsed time = 987.41 sec. (200309.54 ticks, tree = 5756.14 MB, solutions = 0)
Nodefile size = 3690.07 MB (2467.52 MB after compression)
  29368 22938     1274.5963   550                   1204.7925  5850485         
  29753 23004     1615.7189   134                   1204.7925  5881167         
  30189 23550     1445.0725   543                   1204.7925  6107756         
  30697 24076     2001.8482   118                   1204.7925  6236849         
  31431 24403     1420.0814   382                   1204.7925  6352782         
  32068 24810     1567.0016   259                   1204.7925  6481815         
  32703 25199     1420.0869   374                   1204.7925  6513006         
  33411 25373     1777.1291   244                   1204.7925  6575746         
  34067 26175     1426.7036   446                   1204.7925  6710890         
  34466 26997     1466.3452   424                   1204.7925  6885199         
Elapsed time = 1201.58 sec. (238520.63 ticks, tree = 6995.96 MB, solutions = 0)
Nodefile size = 4927.98 MB (3321.62 MB after compression)
  34760 27401     1503.3654   408                   1204.7925  7016235         
  35185 27650     1600.6435   263                   1204.7925  7115014         
  35603 28118     1700.0269   277                   1204.7925  7267176         
  36105 28284     1261.4925   417                   1204.7925  7324404         
  36693 28852     1342.5824   466                   1204.7925  7489936         
  37340 29404     1600.5642   501                   1204.7925  7579815         
  38096 29880     1596.0517   171                   1204.7925  7689234         
  38849 30408     1400.8167   469                   1204.7925  7824865         
  39537 30916     1784.5310   349                   1204.7925  7934714         
  40133 31546     1478.9551   480                   1204.7925  8056873         
Elapsed time = 1407.06 sec. (276739.47 ticks, tree = 8033.74 MB, solutions = 0)
Nodefile size = 5977.20 MB (4048.90 MB after compression)
  40706 31878     1400.4953   482                   1204.7925  8155265         
  41248 32474     1633.0778   534                   1204.7925  8291380         
  41873 32977     1245.8171   508                   1204.7925  8464850         
  42669 32898     1240.3873   515                   1204.7925  8457751         
  43649 34133     1516.1307   465                   1204.7925  8646149         
  44572 34263     1585.1923   192                   1204.7925  8681389         
  45419 34600     1277.0401   453                   1211.9892  8745541         
  46068 35431     1637.3170   160                   1216.5440  8852332         
  46745 37033     1242.4636   549                   1216.5487  9086855         
  47493 36796     1466.7058   358                   1216.5487  9047016         
Elapsed time = 1591.39 sec. (314948.76 ticks, tree = 9248.35 MB, solutions = 0)
Nodefile size = 7175.92 MB (4881.22 MB after compression)
  48170 38045     1740.6325   142                   1216.5796  9303423         
  48747 38386     1245.1742   540                   1216.5796  9361718         
  49111 38642     1386.0899   427                   1216.5796  9444361         
  49592 39665     1288.4998   476                   1216.7534  9631913         
  50440 39694     1610.1267   332                   1216.7534  9629322         
  51276 39976     1534.7221    53                   1216.7534  9707930         
  51987 41123     1579.1642    61                   1216.7534  9890667         
  52988 40818     1408.9016   484                   1217.1003  9840588         
  53766 42413     1375.0526   476                   1217.2544 10112622         
  54577 42041     1266.3022   402                   1217.2544 10052423         
Elapsed time = 1780.15 sec. (353150.91 ticks, tree = 10508.42 MB, solutions = 0)
Nodefile size = 8433.18 MB (5765.60 MB after compression)
  55441 43913     1236.7963   511                   1217.2544 10343434         
  56391 43906     1504.9727   546                   1217.2544 10338266         
  57319 44833     1522.1636   459                   1217.2544 10510972         
  58135 45235     1380.4130   481                   1217.2544 10588493         
  59020 45316     1479.6064   325                   1217.2544 10606297         
  59811 46987     1365.2569   580                   1217.2544 10826515         
  60653 47334     1381.7344   520                   1217.6300 10890033         
  61529 47947     1458.1799   442                   1217.6300 11005709         
  62352 49962     1632.3201   507                   1217.6300 11286272         
  63055 49043     1233.1211   533                   1217.6300 11127691         
Elapsed time = 1975.70 sec. (391352.40 ticks, tree = 12714.43 MB, solutions = 0)
Nodefile size = 10633.06 MB (7349.19 MB after compression)
  63745 50156     1249.9103   416                   1217.6300 11316450         
  64589 50635     1496.4986   354                   1217.6300 11401601         
  65431 51412     1452.2355   474                   1217.6300 11576268         
  66193 52304     1241.6965   529                   1217.6423 11729960         
  67178 52226     1232.7701   570                   1217.6423 11703397         
  68210 53633     1253.0658   591                   1217.6858 12016989         
  69108 54858     1449.9602   551                   1217.6858 12194846         
  69975 55511     1595.7429   541                   1217.6858 12305892         
  70938 55554     1602.2928   526                   1217.6858 12309230         
  71824 55742     1231.9205   555                   1217.6858 12356131         
Elapsed time = 2184.84 sec. (429543.93 ticks, tree = 14816.85 MB, solutions = 0)
Nodefile size = 12738.66 MB (8866.03 MB after compression)
  72713 56913     1488.8925   503                   1217.6858 12514648         
  73584 57208     1471.8606   408                   1217.6858 12588048         
  74435 57639     1362.9282   505                   1217.6962 12670495         
  75248 58974     1404.2218   462                   1217.6962 12870693         
  75966 59718     1259.4430   453                   1217.6962 13022939         
  76806 61065     1432.1753   468                   1217.6962 13260925         
  77716 61568     1555.2992   530                   1217.6991 13373593         
  78613 61212     1657.1223   388                   1217.6991 13297996         
  79346 62454     1570.7848   387                   1217.6991 13546785         
  80075 62696     1352.9520   392                   1217.6991 13599951         
Elapsed time = 2394.98 sec. (467779.54 ticks, tree = 16997.29 MB, solutions = 0)
Nodefile size = 14927.05 MB (10442.00 MB after compression)
  80845 62965     1351.8250   384                   1217.6991 13643294         
  81716 63694     1456.4256   597                   1217.6991 13794739         
  82395 63857     1434.6058   539                   1217.6991 13841844         
  83246 65608     1572.4576   387                   1217.7538 14187565         
  83872 66519     1504.3212   380                   1217.7538 14352443         
  84611 65876     1247.4309   569                   1217.8179 14227630         
  85320 66534     1321.3195   502                   1217.8179 14347963         
  85573 66845     1263.9775   484                   1217.8179 14458586         
  85987 67657     1440.0375   539                   1217.8179 14614513         
  86449 68997     1349.1637   557                   1217.8179 14938358         
Elapsed time = 2611.06 sec. (505991.17 ticks, tree = 18996.24 MB, solutions = 0)
Nodefile size = 16924.74 MB (11879.99 MB after compression)
  87000 68598     1549.8690   484                   1217.8261 14812009         
  87646 68965     1304.5881   558                   1217.8261 14927935         
  88188 69562     1251.9458   556                   1217.8261 15152013         
  88743 70413     1240.3703   545                   1217.8261 15375559         
  89136 70105     1532.3886   543                   1217.8261 15275708         
  89549 70764     1336.2344   554                   1217.8261 15467338         
  90126 71303     1573.9747   521                   1217.8261 15577240         
  90578 71454     1562.2658   309                   1217.8261 15616057         
  91112 71458     1260.9609   560                   1217.8261 15650325         
  91764 71875     1549.4630   458                   1217.8261 15788367         
Elapsed time = 2822.20 sec. (544190.72 ticks, tree = 19771.59 MB, solutions = 0)
Nodefile size = 17676.98 MB (12417.15 MB after compression)
  92440 72876     1591.5777   312                   1217.8261 16157660         
  93302 73445     1359.9143   486                   1217.8261 16290016         
  94002 72823     1310.2671   521                   1217.8261 16151867         
  95075 73423     1663.7629   519                   1217.8261 16263009         
  95878 74052     1376.8031   551                   1217.8261 16442597         
  96685 74082     1360.9268   536                   1217.8261 16456765         
  97445 74465     1697.1826   524                   1218.3254 16540426         
  98203 76289     1416.0172   534                   1218.3254 16912675         
  99117 76134     1245.6275   490                   1218.3254 16879931         
  99939 77062     1543.2537   556                   1218.3254 17068297         
Elapsed time = 3037.78 sec. (582390.02 ticks, tree = 21339.57 MB, solutions = 0)
Nodefile size = 19260.44 MB (13544.24 MB after compression)
 100809 78678     1433.9755   363                   1218.3254 17385684         
 101433 79368     1421.5288   532                   1218.3254 17498534         
 102002 79758     1400.8849   579                   1218.3254 17611287         
 102607 78986     1246.9969   567                   1218.3254 17439629         
 103345 81036     1431.0622   522                   1218.3254 17888448         
 104108 80704     1773.8743   521                   1218.3254 17813133         
 105144 81562     1552.1685   535                   1218.3254 18037342         
 105998 81213     1511.3835   498                   1219.0462 17924784         
 106742 81697    infeasible                         1219.0462 18085001         
 107469 83272     1341.0553   566                   1219.0472 18415797         
Elapsed time = 3254.69 sec. (620607.76 ticks, tree = 23315.62 MB, solutions = 0)
Nodefile size = 21238.87 MB (14961.40 MB after compression)
 108453 83304     1373.2419   440                   1219.0472 18419519         
 109223 84849     1262.9132   490                   1219.0929 18709765         
 110145 85339     1578.1597   475                   1219.0929 18830119         
 110957 85919     1243.2868   548                   1219.2041 18919279         
 111847 85323     1575.7343   545                   1219.2041 18823152         
 112726 85611     1692.4970   367                   1219.2041 18867965         
 113593 88183     1394.9678   509                   1219.2125 19363737         
 114372 88208     1437.9248   542                   1219.3512 19367566         
 115002 88564     1322.0931   552                   1219.5273 19453248         
 115889 88220     1530.3100   510                   1219.5273 19335131         
Elapsed time = 3462.26 sec. (658801.98 ticks, tree = 24887.21 MB, solutions = 0)
Nodefile size = 22733.50 MB (16046.50 MB after compression)
 116787 88878     1556.3620   569                   1219.6654 19524713         
 117551 89496     1693.2035   566                   1219.7922 19678974         
 118200 89158     1444.5466   529                   1219.7922 19600708         
 118883 90560     1242.5884   586                   1219.7922 19876728         
 119844 92305     1406.4785   543                   1219.7922 20210640         
 120976 93114     1804.5587   400                   1219.8140 20350558         
 121920 92253     1260.1145   532                   1219.8140 20206687         
 122709 92827     1378.6021   529                   1220.0514 20318097         
 123438 94158     1398.9647   414                   1220.0514 20572643         
 123975 94007     1688.7979   395                   1220.0514 20533230         
Elapsed time = 3679.65 sec. (697016.16 ticks, tree = 26720.52 MB, solutions = 0)
Nodefile size = 24604.56 MB (17408.07 MB after compression)
 124550 95807     1397.5106   495                   1220.0514 20855588         
 125107 95158     1386.4338   547                   1220.2353 20774434         
 125550 97047     1324.9046   562                   1220.2353 21101491         
 125871 98102     1620.2316   464                   1220.2353 21321573         
 126290 98438     1433.5002   537                   1220.2391 21440451         
 126903 98464     1477.1210   451                   1220.2391 21453396         
 127949 98882     1470.4061   295                   1220.2391 21603213         
 128986 98491     1253.6466   521                   1220.2391 21451367         
 129950 98567     1645.8411   432                   1220.2391 21477371         
 130892 98572     1330.4500   542                   1220.2391 21481329         
Elapsed time = 3897.51 sec. (735268.18 ticks, tree = 28162.96 MB, solutions = 0)
Nodefile size = 26049.84 MB (18455.59 MB after compression)
 131875 100469     1647.9160   501                   1220.2391 21941560         
 132754 101678     1287.7270   529                   1220.2391 22178000         
 133634 101288     1389.1999   570                   1220.2391 22111881         
 134433 103154     1598.7648   217                   1220.2391 22427176         
 135233 103361     1550.6786   453                   1220.2502 22459912         
 136190 104525     1632.5026   339                   1220.2502 22677221         
 137182 105055     1400.2904   445                   1220.2502 22813304         
 138147 105090     1378.8443   593                   1220.4591 22847789         
 139396 104604     1563.4855   412                   1220.7664 22719129         
 140506 107229     1547.9314   426                   1220.7664 23228331         
Elapsed time = 4116.10 sec. (773442.49 ticks, tree = 30942.66 MB, solutions = 0)
Nodefile size = 28835.02 MB (20459.38 MB after compression)
 141811 105819     1418.2364   419                   1220.7664 22998913         
 142818 106670     1433.3173   276                   1220.7664 23124452         
 143832 107679     1269.7506   519                   1220.7664 23307897         
 144794 108064     1420.2472   489                   1220.7664 23399064         
 145718 110797     1712.6342   259                   1220.7664 23859194         
 146700 111588     1560.7021   339                   1220.7664 23987925         
 147912 110875     1787.4370   227                   1220.7664 23869326         
 149026 113270    infeasible                         1221.5382 24303178         
 150055 113486     1503.6869   353                   1221.5382 24340615         
 151145 114265     1334.6380   472                   1221.5382 24527038         
Elapsed time = 4321.04 sec. (811628.70 ticks, tree = 33193.18 MB, solutions = 0)
Nodefile size = 31104.32 MB (22085.75 MB after compression)
 151896 115268     1606.2853   316                   1221.5612 24705899         
 152798 116003     1522.3544   335                   1221.5612 24874535         
 153723 116368     1565.8739   474                   1221.5612 24926742         
 154688 115159     1347.8440   511                   1221.7980 24699491         
 155780 115548     1514.9105   328                   1221.7980 24787609         
 156578 117904     1971.5527   170                   1221.7980 25254122         
 157492 119251    infeasible                         1221.7980 25510047         
 158619 117992    infeasible                         1221.7980 25274028         
 159404 119822     1725.8871   264                   1221.7980 25617388         
 160249 119223     1358.3200   528                   1221.8944 25502831         
Elapsed time = 4534.30 sec. (849801.07 ticks, tree = 34786.30 MB, solutions = 0)
Nodefile size = 32689.71 MB (23219.09 MB after compression)
 161247 121163     1692.9113   194                   1221.8944 25918683         
 162415 119864     1484.9640   404                   1221.8944 25637310         
 163568 120041     1481.4752   564                   1221.8944 25657395         
 164775 120951     1397.2683   410                   1221.8944 25877407         
 165985 122751     1382.0960   484                   1221.8944 26225648         
 167098 123271     1636.4098   217                   1221.8944 26301305         
 168261 122999     1318.0738   414                   1221.8944 26262883         
 169348 124144     1493.1246   497                   1221.8944 26464333         
 170319 126154     1832.0635   199                   1221.8944 26819794         
 171514 125862     1636.8154   314                   1221.8944 26762837         
Elapsed time = 4742.87 sec. (887972.28 ticks, tree = 36909.70 MB, solutions = 0)
Nodefile size = 34802.48 MB (24738.47 MB after compression)
 172536 128828     1245.4451   592                   1221.8944 27206335         
 173488 128198     1497.9738   540                   1221.9255 27108630         
 174630 127018     1404.9035   558                   1221.9255 26940297         
 175594 130739     1323.9966   491                   1221.9255 27555600         
 176492 131453     1693.9093   374                   1221.9255 27649071         
 177118 130155    infeasible                         1221.9255 27440802         
 177917 131636     1398.7215   358                   1221.9398 27691964         
 178859 133530     1586.9582   330                   1221.9398 28093700         
 179725 133643     1420.9487   477                   1221.9867 28113674         
 180802 134120     1427.3536   507                   1221.9867 28239600         
Elapsed time = 4949.06 sec. (926168.72 ticks, tree = 39605.86 MB, solutions = 0)
Nodefile size = 37520.62 MB (26688.86 MB after compression)
 181746 134353     1523.6307   472                   1222.2782 28300000         
 182643 133793     1533.5154   366                   1222.5389 28143176         
 183522 134695     1905.7409   249                   1222.5389 28346687         
 184535 135368     1391.3600   543                   1222.5389 28498800         
 185590 136586     1242.2996   484                   1223.3787 28719007         
 186511 136328     1678.6012   491                   1223.3787 28684805         
 187344 136909     1376.5013   537                   1223.3787 28778974         
 188191 139563     1338.8442   531                   1223.3787 29332086         
 189151 138249     1868.8811   120                   1223.3787 29031532         
 189982 139994     1244.0768   449                   1223.4812 29446952         
Elapsed time = 5159.08 sec. (964379.23 ticks, tree = 41515.67 MB, solutions = 0)
Nodefile size = 39426.82 MB (28060.24 MB after compression)
 190825 140239     1237.0289   489                   1223.4812 29509811         
 191948 139651     1640.7342   445                   1223.5343 29347841         
 192945 142487    infeasible                         1223.5343 29935725         
 194039 142815     1285.0019   474                   1223.5343 30038083         
 195005 142559     1298.0847   457                   1223.5343 29901584         
 196004 142803    infeasible                         1223.5444 30011547         
 196989 142945     1530.4263   385                   1223.5444 30066582         
 197748 146377     1617.3123   226                   1223.5444 30550917         
 198366 146199     1272.7467   596                   1223.5444 30519872         
 199369 147587     1480.6738   355                   1223.5543 30830907         
Elapsed time = 5358.57 sec. (1002548.82 ticks, tree = 43988.02 MB, solutions = 0)
Nodefile size = 41901.92 MB (29847.38 MB after compression)
 200176 146459     1231.4164   587                   1223.5543 30581191         
 201050 146743    infeasible                         1223.5543 30667697         
 201822 147142     1535.0099   463                   1223.5547 30741746         
 202817 149201     1262.8829   468                   1223.5547 31149693         
 203582 149389     1244.0087   463                   1223.5547 31191460         
 204374 150308     1526.1135   533                   1223.5547 31369625         
 205137 150437     1333.8564   598                   1223.5547 31402555         
 205586 151146    infeasible                         1223.6691 31595813         
