Version identifier: 22.1.1.0 | 2022-11-28 | 9160aff4d
CPXPARAM_TimeLimit                               7200
Tried aggregator 1 time.
MIP Presolve eliminated 1289 rows and 958 columns.
MIP Presolve modified 14794 coefficients.
Reduced MIP has 36837 rows, 26764 columns, and 148172 nonzeros.
Reduced MIP has 13432 binaries, 13232 generals, 0 SOSs, and 0 indicators.
Presolve time = 0.14 sec. (90.85 ticks)
Probing time = 2.28 sec. (46.77 ticks)
Cover probing fixed 0 vars, tightened 28 bounds.
Tried aggregator 1 time.
Detecting symmetries...
MIP Presolve eliminated 462 rows and 460 columns.
MIP Presolve modified 446 coefficients.
Reduced MIP has 36375 rows, 26304 columns, and 146588 nonzeros.
Reduced MIP has 13430 binaries, 12774 generals, 0 SOSs, and 0 indicators.
Presolve time = 0.24 sec. (121.82 ticks)
Probing time = 1.76 sec. (20.19 ticks)
Cover probing fixed 0 vars, tightened 27 bounds.
Clique table members: 20954.
MIP emphasis: balance optimality and feasibility.
MIP search method: dynamic search.
Parallel mode: deterministic, using up to 32 threads.
Root relaxation solution time = 5.64 sec. (921.97 ticks)

        Nodes                                         Cuts/
   Node  Left     Objective  IInf  Best Integer    Best Bound    ItCnt     Gap

      0     0     1099.3657   405                   1099.3657       29         
      0     0     1141.9711   590                   Cuts: 508     2643         
      0     0     1166.8727   659                   Cuts: 370     4247         
      0     0     1180.3029   700                   Cuts: 298     5657         
      0     0     1185.1147   731                   Cuts: 295     6505         
      0     0     1189.0952   710                   Cuts: 261     7478         
Detecting symmetries...
      0     0     1192.4389   678                   Cuts: 210     8084         
      0     0     1193.6963   712                   Cuts: 182     8578         
      0     0     1194.8504   693                   Cuts: 142     9000         
      0     0     1196.0641   698                   Cuts: 110     9628         
      0     0     1196.9987   681                    Cuts: 75     9946         
      0     0     1197.4937   709                    Cuts: 89    10145         
      0     0     1197.6151   674                    Cuts: 47    10251         
      0     0     1197.6743   699                    Cuts: 44    10340         
      0     0     1197.6951   701                    Cuts: 21    10416         
Detecting symmetries...
      0     2     1197.6951   701                   1197.6951    10416         
Elapsed time = 70.17 sec. (42602.87 ticks, tree = 0.02 MB, solutions = 0)
      1     3     1198.6827   688                   1197.6952    11114         
      2     4     1198.7284   687                   1197.6952    11265         
      3     5     1198.9746   691                   1197.6952    11459         
      5     3     1203.2155   566                   1197.7138    12584         
      6     6     1199.4121   699                   1197.7138    11671         
      8     8     1203.3593   555                   1198.6847    14130         
     11     8     1217.9919   594                   1198.6847    15693         
     13     7     1234.0758   667                   1198.6847    14036         
     18    14     1218.1950   612                   1199.0031    22553         
     26    22     1204.0667   581                   1199.4479    38362         
Elapsed time = 81.77 sec. (48988.53 ticks, tree = 0.03 MB, solutions = 0)
     37    23     1232.5229   678                   1199.4479    39796         
     50    32     1204.8546   705                   1200.5389    73351         
     59    38     1250.5815   566                   1200.5793    97575         
     71    40     1236.5970   681                   1200.5793   107235         
     75    61     1238.8577   601                   1200.5793   197971         
     88    43     1247.1068   650                   1200.5793   120268         
    104    86     1221.3401   609                   1200.5793   293745         
    140   108     1239.2768   557                   1204.1300   339443         
    172   113     1242.7550   526                   1204.1300   341004         
    191   126     1231.3130   611                   1204.1300   365563         
Elapsed time = 108.17 sec. (59228.31 ticks, tree = 0.53 MB, solutions = 0)
    218   171     1284.7493   663                   1204.1300   417847         
    233   137     1227.5268   556                   1204.1300   383313         
    247   195     1250.7227   606                   1204.1300   464237         
    261   205     1231.7683   579                   1204.1300   481910         
    274   153     1310.2354   570                   1204.1300   408210         
    294   221     1221.1568   639                   1204.1300   503071         
    316   197     1285.1294   641                   1204.1300   470918         
    343   292     1254.5850   685                   1204.1300   616965         
    364   278     1263.4603   617                   1204.1300   590856         
    393   363     1303.8289   527                   1204.1300   684626         
Elapsed time = 131.40 sec. (69430.68 ticks, tree = 4.08 MB, solutions = 0)
    421   341     1281.5224   592                   1204.1300   673024         
    447   375     1300.1180   632                   1204.1300   734645         
    475   371     1358.1061   653                   1204.1300   732625         
    510   365     1318.0964   628                   1204.1300   705430         
    539   426     1307.2500   545                   1204.1300   786856         
    575   415     1279.7559   553                   1204.1300   773177         
    624   459     1278.0286   520                   1204.1300   811173         
    665   469     1271.0498   512                   1204.1300   823398         
    703   519     1281.3733   470                   1204.1300   863951         
    750   572     1310.3192   568                   1204.1300   909005         
Elapsed time = 155.32 sec. (79178.20 ticks, tree = 5.58 MB, solutions = 0)
    794   662     1340.8380   615                   1204.1300   979248         
    828   747     1275.2980   622                   1204.1300  1025294         
    886   683     1240.3318   556                   1204.1300   994036         
    944   775     1379.6095   493                   1204.1300  1051879         
   1013   771     1297.3024   455                   1204.1300  1036128         
   1072   786     1382.5655   467                   1204.1300  1054151         
   1122   888     1304.7586   499                   1204.1300  1111710         
   1194   914     1296.1566   454                   1204.1300  1121745         
   1258   966     1289.2476   531                   1204.1300  1144330         
   1328   973     1263.6164   569                   1204.1300  1153821         
Elapsed time = 178.71 sec. (88925.86 ticks, tree = 11.05 MB, solutions = 0)
   1383  1030     1296.5572   437                   1204.1300  1191174         
   1428  1054     1349.3462   440                   1204.1300  1203287         
   1499  1017     1264.5334   496                   1204.1300  1179029         
   1564  1241     1291.4063   506                   1204.1300  1298706         
   1638  1372    infeasible                         1204.1300  1363163         
   1707  1159     1334.9370   603                   1204.1300  1269506         
   1772  1128     1310.6258   550                   1204.1300  1231838         
   1830  1303     1392.2785   474                   1204.1300  1323276         
   1890  1551     1264.5357   542                   1204.1300  1457481         
   1949  1472     1315.5828   567                   1204.1300  1410201         
Elapsed time = 200.45 sec. (98584.78 ticks, tree = 20.67 MB, solutions = 0)
   2005  1437     1322.3905   481                   1204.1300  1398361         
   2066  1602     1375.7815   388                   1204.1300  1484466         
   2119  1586     1311.4666   397                   1204.1300  1478460         
   2181  1690     1321.8737   414                   1204.1300  1521894         
   2237  1798     1393.0701   457                   1204.1300  1598122         
   2283  1849     1403.0480   459                   1204.1300  1627669         
   2341  1883     1319.5256   551                   1204.1300  1647368         
   2411  1881     1322.2057   369                   1204.1300  1644055         
   2471  1769     1278.9616   541                   1204.1300  1579211         
   2540  1892    infeasible                         1204.1300  1650358         
Elapsed time = 222.64 sec. (108230.31 ticks, tree = 29.60 MB, solutions = 0)
   2606  2094     1362.7245   401                   1204.1300  1785216         
   2676  2139    infeasible                         1204.1300  1817766         
   2724  2136     1323.6817   401                   1204.1300  1813567         
   2800  2041     1456.6191   602                   1204.1300  1744556         
   2853  2081     1287.3262   421                   1204.1300  1766793         
   2922  2131     1400.4428   425                   1204.1300  1809033         
   2993  2141     1355.8712   407                   1204.1300  1817449         
   3047  2424     1401.1170   478                   1204.1300  1977955         
   3102  2240    infeasible                         1204.1300  1865778         
   3174  2410     1498.2178   426                   1204.1300  1946228         
Elapsed time = 244.58 sec. (117918.48 ticks, tree = 42.44 MB, solutions = 0)
   3233  2635     1368.1983   366                   1204.1300  2099285         
   3306  2589     1356.2315   415                   1204.1300  2073065         
   3362  2617     1300.1960   412                   1204.1300  2086017         
   3424  2538    infeasible                         1204.1300  2034926         
   3492  2715     1348.3490   482                   1204.1300  2141161         
   3580  2943     1402.0491   465                   1204.1300  2281436         
   3664  2908     1330.7246   476                   1204.1300  2259072         
   3732  2973     1553.6184   333                   1204.1300  2293018         
   3820  2815     1311.1259   327                   1204.1300  2206421         
   3886  2830     1393.4883   571                   1204.1300  2227424         
Elapsed time = 265.89 sec. (127559.91 ticks, tree = 52.46 MB, solutions = 0)
   3963  3034     1392.4552   392                   1204.1300  2321927         
   4053  3114     1465.2487   318                   1204.1300  2370637         
   4120  3224     1474.1336   536                   1204.1300  2444679         
   4197  2965     1425.5654   406                   1204.1300  2287504         
   4287  3127     1474.9695   301                   1204.1300  2375045         
   4354  3179     1586.4475   500                   1204.1300  2406724         
   4419  3595     1483.6408   297                   1204.1300  2624668         
   4505  3267     1327.5482   289                   1204.1300  2459301         
   4583  3438     1299.5798   405                   1204.1300  2552383         
   4866  3546     1334.7106   334                   1204.1300  2601646         
Elapsed time = 294.41 sec. (140174.75 ticks, tree = 73.24 MB, solutions = 0)
   5181  4262     1453.0572   291                   1204.1300  2974412         
   5496  4180     1424.1642   251                   1204.1300  2931773         
   5715  4679     1525.2420   189                   1204.1300  3199835         
   5912  4888     1503.7048   351                   1204.1300  3311950         
   6216  5043     1443.0390   494                   1204.1300  3414120         
   6554  5302     1543.5649   349                   1204.1300  3570553         
   6915  5426     1504.4856   263                   1204.1300  3648872         
   7327  6061     1440.9045   233                   1204.1300  3965053         
   7727  6326     1810.9653   324                   1204.1300  4112706         
   8030  6151     1447.6420   248                   1204.1300  4018777         
Elapsed time = 383.82 sec. (178377.77 ticks, tree = 159.21 MB, solutions = 0)
   8419  6861     1403.7532   330                   1204.1300  4371879         
   8858  6967     1890.5041   310                   1204.1300  4427061         
   9424  7382     1753.5903    54                   1204.1300  4639937         
  10096  7615     1720.4264   173                   1204.1300  4740428         
  10778  8390     1812.9345    90                   1204.1300  5019027         
  11508  8963     1663.2032   142                   1204.1300  5228718         
  12331  9425     1942.1791    68                   1204.1300  5354209         
  13127  9923     1815.4352   141                   1204.1300  5536345         
  13892 10831     1927.4422   149                   1204.1300  5808881         
  14773 10996     1759.1763   151                   1204.1300  5860837         
Elapsed time = 471.73 sec. (216574.56 ticks, tree = 329.10 MB, solutions = 0)
  15532 11632     1223.6809   553                   1204.1300  6089042         
  16207 12778     1974.9859   152                   1204.1300  6443081         
  16849 12840     2181.8301   135                   1204.1300  6459268         
  17508 13678     2081.5481    55                   1204.1300  6727756         
  18129 13866     1587.7328   242                   1204.1300  6838454         
  18904 14612     1460.1559   388                   1204.1300  7056221         
  19372 13814     1283.7874   539                   1204.1300  6825015         
  19804 15607     1385.2167   297                   1204.1300  7360545         
  20172 15748     1922.3039   176                   1204.1300  7407979         
  20611 15994     1248.1336   401                   1204.1300  7529219         
Elapsed time = 558.69 sec. (254762.05 ticks, tree = 497.47 MB, solutions = 0)
  20992 16419     1215.9278   523                   1204.1300  7718738         
  21416 16382     1233.3203   524                   1204.1300  7709515         
  21815 16893     1527.9142   501                   1204.1300  7900614         
  22248 17429     2348.7580   114                   1204.1300  8115397         
  22725 17739     1247.9716   564                   1204.1300  8252490         
  23100 18113     1287.3821   427                   1204.1300  8388492         
  23632 18017     1224.7415   578                   1204.1300  8365186         
  24205 18298     1357.0871   288                   1204.1300  8460679         
  24531 18588     1234.9438   520                   1204.1300  8589618         
  24731 19735     1341.5798   283                   1204.1300  8910912         
Elapsed time = 648.55 sec. (293002.71 ticks, tree = 608.62 MB, solutions = 0)
  24950 19865     1825.9036   216                   1205.1223  8998343         
  25251 19912     1398.8862   461                   1205.1223  9038936         
  25578 20100     1450.9503   308                   1205.1223  9189168         
  25912 20101     1627.6931   324                   1205.1223  9179671         
  26275 20270     1241.8500   586                   1205.1223  9274035         
  26636 20656     1257.3378   559                   1205.1223  9516248         
  26975 21060     1654.9961   318                   1205.1223  9697855         
  27391 21386     1479.3512   136                   1205.1223  9860207         
  27802 21508     1218.3461   634                   1205.1223  9933514         
  28222 21966     1373.8094   201                   1205.1223 10120970         
Elapsed time = 736.59 sec. (331247.78 ticks, tree = 680.60 MB, solutions = 0)
  28671 22354     1367.6589   289                   1205.1223 10323394         
  29106 22526     1718.5258   299                   1205.1223 10376869         
  29608 22950     1697.8674   314                   1205.1223 10574102         
  30059 23516     1427.9059   148                   1205.1223 10822949         
  30599 23167     1506.0138   356                   1205.1223 10690601         
  31215 24090     2273.7943    92                   1205.1223 11063623         
  31684 23847     1788.4606   222                   1205.1223 10970434         
  32046 24262     1673.0773   172                   1205.1223 11126025         
  32314 24859     1221.0799   565                   1207.8874 11370506         
  32526 25032     1350.9209   457                   1207.8874 11438100         
Elapsed time = 829.74 sec. (369460.57 ticks, tree = 781.20 MB, solutions = 0)
  32835 25642     1444.9064   392                   1207.8874 11740383         
  33245 25463     1226.8375   618                   1207.8874 11622286         
  33725 25747     1634.9911   142                   1207.8874 11776433         
  34141 26339     1237.4654   601                   1207.8874 12030150         
  34400 26796     1351.2011   202                   1207.8874 12211558         
  34624 26593     1791.3341   278                   1207.8874 12155239         
  34897 27221     1325.2890   433                   1207.8874 12436326         
  35168 26988     1399.4584   649                   1207.8874 12316155         
  35464 27327     1792.0764   268                   1207.8874 12492191         
  35736 27827     1793.3802   283                   1207.8874 12771614         
Elapsed time = 916.77 sec. (407771.73 ticks, tree = 864.93 MB, solutions = 0)
  35972 27227     1371.9364   671                   1207.8874 12457174         
  36243 28265     1260.3430   443                   1207.8874 13040276         
  36506 28365     1370.1590   380                   1207.8874 13087976         
  36903 28446     2194.6420   159                   1207.8874 13089483         
  37221 28991     1401.2664   373                   1207.8874 13402110         
  37570 29010     1422.7905   318                   1207.8874 13409133         
  37917 29520     1361.8894   379                   1207.8874 13667860         
  38334 29748     1918.2905   236                   1207.8874 13785461         
  38731 29447     1324.8917   399                   1207.8874 13615772         
  39050 30009     1429.2997   325                   1207.8874 13915558         
Elapsed time = 1004.05 sec. (446096.67 ticks, tree = 926.22 MB, solutions = 0)
  39424 30399     1357.9446   448                   1207.8874 14064589         
  39717 30867     1389.7863   512                   1207.8874 14282313         
  40030 31073     1216.6445   609                   1207.8874 14365333         
  40375 31028     1348.9858   279                   1207.8874 14342712         
  40768 31520     1361.9962   549                   1207.8874 14601647         
  41136 31974     1676.7203   272                   1207.8874 14793428         
  41518 32280     1237.6388   551                   1207.8874 14937990         
  41796 32350     1380.0606   482                   1207.8874 14963617         
  41999 32739     1237.1282   566                   1209.4328 15146695         
  42261 32795     1258.4537   552                   1209.5941 15161885         
Elapsed time = 1092.88 sec. (484322.79 ticks, tree = 1003.07 MB, solutions = 0)
  42523 33103     1343.1519   579                   1209.5941 15310765         
  42787 33040     1323.7181   494                   1209.5941 15269213         
  43049 33135     1348.6859   543                   1209.5941 15326225         
  43381 33354     1468.0471   480                   1209.5941 15458323         
  43664 33606     1234.9573   582                   1209.5941 15579506         
  43971 34189     1456.8228   419                   1209.5941 15870044         
  44227 34391     1210.5453   624                   1209.5941 15977435         
  44453 34726    infeasible                         1209.5941 16115549         
  44623 34543    infeasible                         1209.9893 16054328         
  44807 34414     1302.8202   442                   1209.9893 16000036         
Elapsed time = 1184.10 sec. (522587.35 ticks, tree = 1046.31 MB, solutions = 0)
  45082 35481    infeasible                         1210.0616 16538236         
  45362 35439     1378.2683   480                   1210.0616 16489448         
  45632 35453     1394.7007   383                   1210.0616 16493349         
  45963 35552     1374.8112   266                   1210.0616 16561372         
  46241 36162     1385.6672   248                   1210.0616 16848332         
  46471 36440     1245.9164   548                   1210.0616 17003153         
  46727 36642     1502.1282   219                   1210.0616 17100331         
  46986 36726     1338.2096   505                   1210.0616 17151219         
  47227 36801     1419.8730   373                   1210.0616 17167468         
  47495 37431     1413.7355   375                   1210.0616 17523257         
Elapsed time = 1272.29 sec. (560902.17 ticks, tree = 1124.08 MB, solutions = 0)
  47770 37077     1400.1616   552                   1210.0616 17324171         
  48029 37727     1548.1969   580                   1210.0616 17689424         
  48354 37849     1426.0431   549                   1210.0616 17742774         
  48690 37972     1252.4401   595                   1210.0616 17807437         
  49012 37845     1327.9284   553                   1210.0616 17737174         
  49361 38616     1740.4905   491                   1210.0616 18072354         
  49789 38597     1367.8401   328                   1210.0616 18067942         
  50142 39164     1235.9949   575                   1210.0616 18308188         
  50538 39256     1451.3387   599                   1210.0616 18376853         
  50928 39753     1757.7402   485                   1210.0616 18548866         
Elapsed time = 1361.92 sec. (599224.51 ticks, tree = 1184.11 MB, solutions = 0)
  51261 40425     1385.1416   577                   1210.0616 18798026         
  51598 40513     1346.2547   424                   1210.2782 18833159         
  51898 40407     1536.6196   647                   1210.2782 18792981         
  52211 41324     1213.1419   638                   1210.2991 19158678         
  52541 41635     1448.0283   568                   1210.2991 19292136         
  52889 41896     1457.1927   540                   1210.2991 19402679         
  53167 41631     1238.7399   695                   1210.4659 19285128         
  53393 42012     1218.0157   645                   1210.4659 19458210         
  53696 42167     1600.9910   483                   1210.4659 19493888         
  53920 42796     1643.3116   497                   1210.4659 19787754         
Elapsed time = 1451.08 sec. (637493.15 ticks, tree = 1264.31 MB, solutions = 0)
  54152 42794     1438.5288   400                   1210.4659 19808079         
  54397 42674     1724.9028   467                   1210.4659 19746236         
  54625 43412     1662.8937   543                   1210.4659 20109587         
  54851 43679     1480.9607   325                   1210.4659 20226821         
  55039 43287    infeasible                         1210.4659 20031046         
  55293 43639     1229.5612   550                   1210.4659 20202168         
  55540 44053     1294.5047   398                   1210.4659 20463421         
  55835 44517     1321.6577   497                   1210.4659 20741341         
  56131 44334     1322.8996   383                   1210.7891 20645099         
  56457 44856     1224.1294   645                   1210.7891 20924506         
Elapsed time = 1538.85 sec. (675854.37 ticks, tree = 1314.09 MB, solutions = 0)
  56824 45306     1506.9028   502                   1210.7891 21133776         
  57101 44998     1334.2226   575                   1210.7891 21007433         
  57409 45045     1648.9711   510                   1210.7891 21043179         
  57743 45910     1791.9262   446                   1210.7891 21407124         
  57999 45441     1482.7841   395                   1210.7891 21191405         
  58219 46619     1338.8834   542                   1210.7891 21761728         
  58437 46705     1404.2990   407                   1210.7891 21811642         
  58661 46137     1391.3164   494                   1210.7891 21527025         
  58869 47064     1226.3631   615                   1210.7891 21982459         
  59149 47192     1543.9108   349                   1210.7891 22048238         
Elapsed time = 1628.28 sec. (714090.04 ticks, tree = 1375.15 MB, solutions = 0)
  59423 47525     1386.6757   482                   1210.7891 22264910         
  59704 47395     1504.1174   436                   1210.7891 22176823         
  59971 47563     1601.6774   338                   1210.7891 22306693         
  60274 47934     1311.6845   463                   1210.7891 22486452         
  60569 47687     1468.5549   503                   1210.7891 22377293         
  60848 48821     1630.2385   491                   1210.7891 22918078         
  61170 48730     1368.0128   444                   1210.7891 22876667         
  61497 48584     1485.7268   393                   1210.7891 22793090         
  61781 48986     1285.9160   566                   1210.7891 22990108         
  62106 49237     1445.5647   538                   1210.7891 23104822         
Elapsed time = 1717.78 sec. (752424.91 ticks, tree = 1425.55 MB, solutions = 0)
  62452 49334     1490.3944   502                   1210.7891 23140136         
  62754 50017     1314.1010   511                   1210.7891 23506048         
  63072 50116     1541.5693   474                   1211.0477 23546831         
  63411 50815     1244.4653   585                   1211.0477 23815964         
  63627 50866     1345.4678   411                   1211.0477 23837488         
  63832 51261     1307.7574   475                   1211.0477 24035679         
  64019 51574     1221.6349   585                   1211.0477 24169600         
  64239 51332     1222.7595   627                   1211.0477 24081850         
  64425 51320     1321.8709   288                   1211.0477 24047588         
  64627 52078     1455.4986   481                   1211.0477 24443677         
Elapsed time = 1815.27 sec. (790655.11 ticks, tree = 1497.55 MB, solutions = 0)
  64856 52204     1297.2308   532                   1211.0477 24545837         
  65070 52446     1271.2910   584                   1211.0477 24639858         
  65302 52451     1277.9097   579                   1211.0477 24643078         
  65542 52453     1567.8417   464                   1211.0477 24611953         
  65816 52374     1286.4153   620                   1211.0477 24598370         
  66148 52751     1527.6634   423                   1211.0477 24797654         
  66450 52714     1416.5723   436                   1211.0477 24789083         
  66737 53115     1581.1325   264                   1211.1405 25028107         
  66995 53298     1485.8772   469                   1211.1405 25159095         
  67238 54162     1459.7648   497                   1211.1405 25529497         
Elapsed time = 1903.21 sec. (828907.28 ticks, tree = 1551.58 MB, solutions = 0)
  67495 53452     1314.4918   412                   1211.1405 25222912         
  67774 53797     1462.6343   307                   1211.1405 25371661         
  68082 54708     1325.1308   372                   1211.1405 25834270         
  68331 54312     1230.9356   568                   1211.1405 25578933         
  68582 54604     1551.5201   221                   1211.1405 25750855         
  68893 55660     1346.6733   361                   1211.1405 26295138         
  69200 55466    infeasible                         1211.1405 26199406         
  69475 55940     1384.4758   239                   1211.1405 26449203         
  69732 55983     1378.0465   494                   1211.1405 26502529         
  70003 55610     1353.4416   470                   1211.1405 26275520         
Elapsed time = 1992.21 sec. (867145.44 ticks, tree = 1588.44 MB, solutions = 0)
  70285 56073     1436.7865   413                   1211.3917 26563975         
  70581 56085     1453.2552   384                   1211.3917 26568312         
  70876 57395     1555.4743   501                   1211.5993 27215490         
  71170 57683     1562.4661   479                   1211.5993 27314940         
  71521 57359     1519.8835   271                   1211.5993 27207109         
  71811 57477     1323.4443   562                   1211.6665 27266103         
  72107 58302     1223.4034   640                   1211.6665 27676616         
  72393 58292     1390.5443   228                   1211.6665 27658966         
  72619 58508     1390.0833   515                   1211.6665 27801463         
  72868 58914     1485.5552   315                   1211.6665 27989880         
Elapsed time = 2081.61 sec. (905449.89 ticks, tree = 1674.52 MB, solutions = 0)
  73087 58934     1495.0510   257                   1211.6665 27995105         
  73363 58497     1482.1148   348                   1211.6665 27777542         
  73660 59327     1477.6022   493                   1211.6665 28198307         
  73989 59391     1386.9949   358                   1211.6665 28241584         
  74350 59139     1346.8027   480                   1211.6665 28122173         
  74712 59805     1584.3912   210                   1211.6665 28437669         
  75016 59657     1218.9111   641                   1211.6665 28361383         
  75415 60190     1369.0716   386                   1211.6665 28611890         
  75795 60749     1342.3399   410                   1211.6665 28900547         
  76173 61236     1647.9831   106                   1211.6665 29103488         
Elapsed time = 2167.26 sec. (943709.99 ticks, tree = 1736.13 MB, solutions = 0)
  76515 60491     1391.0706   488                   1211.6665 28781115         
  76865 61913     1389.7555   289                   1211.6811 29413707         
  77181 61294     1214.8810   630                   1211.6811 29121049         
  77520 62240     1262.8825   600                   1211.6811 29551131         
  77828 61563     1300.9482   597                   1211.6811 29274325         
  78138 62579     1255.2534   608                   1211.6811 29684578         
  78451 62423     1354.8330   265                   1211.6811 29619392         
  78770 63622     1682.5098   194                   1211.6811 30190080         
  79042 63631     1701.5396   203                   1211.6811 30196185         
  79345 63991     1377.3130   522                   1211.6811 30376685         
Elapsed time = 2252.87 sec. (982054.60 ticks, tree = 1812.34 MB, solutions = 0)
  79617 64243     1242.4758   567                   1211.6811 30468241         
  79865 64234     1277.1068   377                   1211.7033 30448643         
  80131 64937     1243.6809   430                   1211.7033 30812091         
  80408 64868     1260.3154   560                   1211.7033 30775932         
  80657 64657     1559.3014   495                   1211.7033 30674203         
  80944 64683     1413.4583   412                   1211.7033 30721056         
  81237 64998     1418.7453   536                   1211.7033 30807939         
  81523 65456     1425.1592   371                   1211.7033 31086971         
  81780 65439     1354.7275   542                   1211.7033 31066444         
  82073 66042     1442.4812   372                   1211.7033 31391091         
Elapsed time = 2336.42 sec. (1020441.25 ticks, tree = 1862.20 MB, solutions = 0)
  82420 66268     1387.4332   576                   1211.7033 31496868         
  82713 66502     1348.4038   451                   1211.7033 31669401         
  83069 66667     1422.6986   243                   1211.7033 31748897         
  83441 67242     1250.8940   565                   1211.7033 32057180         
  83753 67027     1343.6264   429                   1211.7033 31951825         
  84092 67601     1351.3232   413                   1211.7033 32223498         
  84410 67589     1339.9677   223                   1211.7033 32209191         
  84717 67539     1371.1085   257                   1211.7033 32174084         
  85076 68747     1404.2774   326                   1211.7033 32714718         
  85396 67687     1539.8202   432                   1211.7033 32260424         
Elapsed time = 2422.76 sec. (1058770.62 ticks, tree = 1902.61 MB, solutions = 0)
  85677 69152     1517.2350   515                   1211.7033 32933185         
  86024 69130     1412.0077   228                   1211.7033 32874136         
  86341 69423     1217.1916   589                   1212.0363 33046740         
  86748 69157     1462.6939   249                   1212.0363 32885832         
  87082 69966     1492.9430   508                   1212.0363 33319371         
  87361 70748     1343.0457   448                   1212.0363 33690107         
  87656 70713     1508.8517   229                   1212.0374 33673253         
  87998 69839     1465.4332   302                   1212.0374 33267432         
  88339 70783     1360.2699   340                   1212.0374 33720979         
  88673 71153     1612.9459   344                   1212.0374 33866576         
Elapsed time = 2503.88 sec. (1097123.64 ticks, tree = 2001.26 MB, solutions = 0)
  89024 71785     1231.1481   614                   1212.0815 34186422         
  89348 72523     1392.6678   308                   1212.0815 34503102         
  89612 72615     1213.3707   680                   1212.0815 34539098         
  89873 72320     1440.3869   489                   1212.0815 34405340         
  90132 73145     1413.6652   551                   1212.0815 34800765         
  90380 72635     1299.2614   483                   1212.0815 34569212         
  90609 72853     1292.8964   516                   1212.0815 34738951         
  90875 72664     1255.4088   626                   1212.1112 34555394         
  91148 74085     1260.4708   581                   1212.1112 35324972         
  91403 74160     1333.2642   403                   1212.1112 35353788         
Elapsed time = 2589.02 sec. (1135427.91 ticks, tree = 2081.79 MB, solutions = 0)
Nodefile size = 32.45 MB (9.41 MB after compression)
  91677 74229     1346.2432   377                   1212.1112 35399854         
  91945 74313     1526.4092   504                   1212.1112 35453496         
  92250 74393     1333.7068   447                   1212.1112 35530423         
  92516 74841     1526.9094   272                   1212.1112 35724121         
  92759 74208     1365.7318   415                   1212.1112 35376203         
  93005 74300     1223.9265   595                   1212.1112 35444403         
  93246 75744     1392.1624   354                   1212.1112 36215059         
  93471 74717     1345.4621   573                   1212.1187 35681517         
  93643 76235     1330.5863   424                   1212.1187 36466998         
  93804 76243     1330.6436   380                   1212.1187 36468391         
Elapsed time = 2700.40 sec. (1173827.49 ticks, tree = 2138.73 MB, solutions = 0)
Nodefile size = 89.66 MB (26.31 MB after compression)
  94020 76751     1392.2948   480                   1212.1187 36776437         
  94234 76001     1288.2165   557                   1212.1187 36330286         
  94429 76884     1232.9752   548                   1212.1187 36848599         
  94696 76282     1351.4661   401                   1212.1187 36488052         
  94909 76170     1251.9085   586                   1212.1642 36410153         
  95153 77371     1507.5867   437                   1212.1642 37165091         
  95456 76933     1416.9264   548                   1212.1642 36898105         
  95761 77021     1441.5125   396                   1212.1642 36924928         
  96086 77184     1297.1056   476                   1212.1642 37056048         
  96427 77433     1541.2354   255                   1212.1642 37183374         
Elapsed time = 2779.62 sec. (1212055.21 ticks, tree = 2171.44 MB, solutions = 0)
Nodefile size = 120.13 MB (35.34 MB after compression)
  96780 78339     1503.3493   370                   1212.1642 37684879         
  97184 78788     1412.9525   593                   1212.1642 37919627         
  97595 78202     1701.4954   136                   1212.1642 37603941         
  97991 79042     1657.2831   162                   1212.1642 37993024         
  98417 79061     1665.9601   207                   1212.1642 37999533         
  98803 79259     1377.1432   359                   1212.1642 38113733         
  99261 80096     1315.8315   443                   1212.1642 38494677         
  99728 80411    infeasible                         1212.1642 38611589         
 100141 80710     1300.5318   400                   1212.1642 38742081         
 100509 79707     1455.0337   508                   1212.1642 38303532         
Elapsed time = 2865.40 sec. (1250344.23 ticks, tree = 2233.48 MB, solutions = 0)
Nodefile size = 182.78 MB (53.87 MB after compression)
 100854 80686     1483.4450   104                   1212.1642 38732892         
 101167 82098     1465.9441   505                   1212.2891 39222022         
 101451 80871     1252.5485   580                   1212.2891 38792148         
 101778 81654     1491.4676   197                   1212.2891 39092462         
 102106 82268     1604.9741   330                   1212.2891 39297888         
 102469 81577     1385.1422   236                   1212.3867 39062473         
 102785 83167     1479.5379   505                   1212.3867 39753401         
 103123 82723     1640.6447   473                   1212.3867 39502445         
 103411 83480     1337.3958   530                   1212.3867 39887576         
 103732 83450     1222.8616   588                   1212.3867 39868851         
Elapsed time = 2952.39 sec. (1288621.86 ticks, tree = 2342.43 MB, solutions = 0)
Nodefile size = 292.88 MB (87.82 MB after compression)
 104048 83394     1536.0233   550                   1212.4066 39816893         
 104388 84518     1381.3239   288                   1212.4066 40361885         
 104710 84932     1382.9005   524                   1212.4066 40576784         
 105029 83892     1426.6099   460                   1212.4066 40071124         
 105383 85154     1583.9396   451                   1212.4066 40618736         
 105713 84639     1531.0390   461                   1212.4066 40402705         
 106041 85612    infeasible                         1212.4066 40844656         
 106387 86449     1242.6634   539                   1212.4066 41241637         
 106713 85712     1261.0415   540                   1212.4066 40929703         
 107107 85998    infeasible                         1212.4066 41043693         
Elapsed time = 3041.28 sec. (1326896.83 ticks, tree = 2410.95 MB, solutions = 0)
Nodefile size = 361.54 MB (109.20 MB after compression)
 107456 86463     1315.5766   528                   1212.4187 41252150         
 107801 86429     1413.3484   338                   1212.4187 41231667         
 108116 87018     1385.5310   269                   1212.4187 41469720         
 108442 87423     1318.5389   556                   1212.4187 41664860         
 108758 88689     1498.9284   502                   1212.4187 42160576         
 109072 88884     1440.2428   156                   1212.4187 42282590         
 109413 87349     1365.8263   573                   1212.4187 41623665         
 109720 88910     1467.1946   131                   1212.4187 42294240         
 109993 88931     1337.0104   435                   1212.4187 42321445         
 110297 88944     1514.6078   151                   1212.4187 42305809         
Elapsed time = 3130.54 sec. (1365152.84 ticks, tree = 2489.66 MB, solutions = 0)
Nodefile size = 437.98 MB (134.95 MB after compression)
 110645 88838     1387.1048   531                   1212.4187 42210199         
 110927 88976     1364.8777   375                   1212.5214 42336117         
 111182 90765     1268.8131   624                   1212.5214 43162659         
 111481 89596     1376.0869   449                   1212.5492 42584508         
 111771 90256     1344.3902   373                   1212.5492 42917533         
 112064 90774     1413.8392   576                   1212.5492 43172635         
 112414 91516     1425.9609   476                   1212.5492 43565442         
 112759 90290     1366.1185   242                   1212.5492 42931704         
 113049 90884     1273.0666   572                   1212.5566 43244345         
 113311 90790     1478.5773   529                   1212.5566 43186809         
Elapsed time = 3211.97 sec. (1403455.56 ticks, tree = 2536.94 MB, solutions = 0)
Nodefile size = 487.12 MB (151.22 MB after compression)
 113671 92694     1214.7577   630                   1212.5566 44087631         
 114034 92251     1395.5617   317                   1212.5566 43891117         
 114407 92266     1423.2698   309                   1212.5566 43896265         
 114786 93333     1385.5456   512                   1212.5566 44422975         
 115129 91661     1279.2937   501                   1212.5566 43654738         
 115533 92540     1639.7357   449                   1212.5566 43995048         
 115980 93895     1365.8122   577                   1212.5994 44684668         
 116384 93580     1507.4332   303                   1212.5994 44549483         
 116718 94173     1540.5635   246                   1212.5994 44816166         
 117095 94640     1647.9040   442                   1212.5994 44983920         
Elapsed time = 3297.06 sec. (1441701.14 ticks, tree = 2643.95 MB, solutions = 0)
Nodefile size = 593.36 MB (189.64 MB after compression)
 117407 94403     1350.7227   400                   1212.5994 44922643         
 117755 94686     1652.4667   446                   1212.5994 44994250         
 118151 94981     1498.0341   486                   1212.5994 45192718         
 118489 95605     1213.9796   630                   1212.5994 45405277         
 118859 94718     1220.4852   617                   1212.5994 45006508         
 119212 95801     1507.6786   270                   1212.5994 45483880         
 119533 96623     1702.6891   199                   1212.5994 45824206         
 119918 95952     1314.2636   510                   1212.5994 45549146         
 120271 96505     1322.9166   412                   1212.5994 45781168         
 120646 96773     1446.0372   507                   1212.5994 45887392         
Elapsed time = 3385.31 sec. (1479953.14 ticks, tree = 2701.68 MB, solutions = 0)
Nodefile size = 650.39 MB (210.20 MB after compression)
 121026 97518     1567.2548   538                   1212.5994 46171280         
 121428 98661     1454.6783   576                   1212.5994 46640861         
 121783 97830     1334.4541   412                   1212.5994 46332220         
 122116 98351     1569.5072   193                   1212.5994 46552633         
 122451 97904     1242.7753   563                   1212.7833 46365020         
 122800 99703     1291.5102   652                   1212.7833 47125039         
 123191 99266     1252.0337   567                   1212.7833 46887695         
 123529 100039     1298.0980   568                   1212.7833 47266102         
 123868 99245     1433.1994   226                   1212.7833 46862461         
 124232 99545     1344.8529   584                   1212.7833 46987553         
Elapsed time = 3471.08 sec. (1518176.66 ticks, tree = 2774.85 MB, solutions = 0)
Nodefile size = 723.87 MB (236.97 MB after compression)
 124636 99015     1274.6982   582                   1212.7833 46800750         
 125006 100910     1328.1395   542                   1212.7900 47656565         
 125300 99969     1308.4542   456                   1212.7900 47221769         
 125624 99997     1316.5259   416                   1212.8650 47226137         
 125956 102396     1413.7572   622                   1212.8650 48214753         
 126256 102287     1378.2459   246                   1212.8650 48140076         
 126644 101832     1637.2791   571                   1212.8650 47972612         
 127015 103483     1352.4393   413                   1212.8650 48618673         
 127398 102951     1313.2056   452                   1212.9316 48488510         
 127765 103694     1421.7486   528                   1212.9316 48683212         
Elapsed time = 3555.36 sec. (1556437.78 ticks, tree = 2886.02 MB, solutions = 0)
Nodefile size = 835.68 MB (280.29 MB after compression)
 128130 102500     1485.2408   501                   1212.9316 48237227         
 128494 102967     1629.3459   546                   1212.9316 48470482         
 128830 103743     1426.5154   547                   1212.9316 48693019         
 129233 105660     1241.9268   632                   1212.9316 49551275         
 129630 103773     1429.5930   564                   1212.9316 48700026         
 130025 104269     1506.8675   274                   1212.9915 48969484         
 130405 104294     1556.5851   324                   1212.9915 48974499         
 130794 106639     1428.1522   447                   1212.9915 49916206         
 131206 105469     1218.3729   604                   1212.9915 49474901         
 131575 107039     1600.7599   206                   1212.9915 50072033         
Elapsed time = 3642.40 sec. (1594759.48 ticks, tree = 2976.56 MB, solutions = 0)
Nodefile size = 925.69 MB (313.36 MB after compression)
 131921 107057     1623.8009   291                   1213.0050 50078512         
 132232 107581     1279.4595   583                   1213.0050 50295919         
 132623 107374     1498.7950   470                   1213.0343 50197351         
 133046 106712     1449.7067   486                   1213.0343 49939124         
 133389 108412     1336.4505   479                   1213.0367 50639373         
 133679 108347     1673.3283   543                   1213.0367 50576511         
 133966 107682     1334.0886   551                   1213.0367 50348138         
 134338 108932     1429.2475   314                   1213.0367 50855042         
 134647 108412     1676.6793   555                   1213.0367 50588739         
 134979 108954     1454.9943   274                   1213.0367 50866094         
Elapsed time = 3728.97 sec. (1632986.46 ticks, tree = 3027.76 MB, solutions = 0)
Nodefile size = 975.89 MB (332.33 MB after compression)
 135239 110057     1312.9230   540                   1213.0367 51216842         
 135506 110720     1336.1048   373                   1213.0367 51500973         
 135761 110631     1403.5006   540                   1213.0367 51442340         
 135977 111075     1214.4333   627                   1213.0367 51632068         
 136219 111659     1680.6094   494                   1213.0367 51851873         
 136469 110314     1351.9141   409                   1213.0367 51331760         
 136690 111069     1239.7371   625                   1213.0367 51612318         
 136914 112067     1585.3297   404                   1213.0367 52036863         
 137173 111349     1298.0453   448                   1213.0367 51784313         
 137386 110883     1274.4775   569                   1213.0367 51585566         
Elapsed time = 3827.05 sec. (1671346.08 ticks, tree = 3074.83 MB, solutions = 0)
Nodefile size = 1023.95 MB (350.31 MB after compression)
 137604 112109     1587.3381   446                   1213.0367 52047089         
 137813 112534     1398.9107   471                   1213.0916 52288039         
 138038 113565     1324.9077   375                   1213.0916 52775514         
 138258 113726     1327.9354   385                   1213.0916 52888322         
 138545 114187     2080.1287   206                   1213.0916 53067234         
 138780 114474     1320.9732   463                   1213.0916 53248295         
 139113 113824     1364.4004   328                   1213.1363 52949206         
 139476 114353     1362.3106   385                   1213.1363 53175475         
 139857 113781     1388.0518   544                   1213.1363 52925975         
 140220 114601     1402.3527   424                   1213.1363 53313138         
Elapsed time = 3915.90 sec. (1709642.48 ticks, tree = 3171.79 MB, solutions = 0)
Nodefile size = 1121.66 MB (388.24 MB after compression)
 140600 114612     1413.0273   410                   1213.1363 53317388         
 140935 114633     1423.6079   347                   1213.1363 53322285         
 141297 114637     1550.7270   179                   1213.1363 53308966         
 141658 115977     1317.2561   486                   1213.1363 54013476         
 141984 114670     1220.7319   614                   1213.1363 53318411         
 142355 115580     1511.0650   410                   1213.1363 53837827         
 142705 115193     1457.4768   504                   1213.1830 53618376         
 143003 116455     1475.6944   569                   1213.1830 54201146         
 143282 117790     1635.5483   564                   1213.1830 54730722         
 143607 116254     1541.5792   436                   1213.1830 54134373         
Elapsed time = 4004.38 sec. (1747934.62 ticks, tree = 3217.51 MB, solutions = 0)
Nodefile size = 1166.89 MB (405.93 MB after compression)
 143940 118593     1351.1128   382                   1213.1830 55143693         
 144258 118720     1448.5234   472                   1213.1830 55185329         
 144627 118830     1587.2080   304                   1213.1830 55241148         
 144980 118736     1452.6804   478                   1213.1830 55192448         
 145308 119061     1353.4187   409                   1213.1830 55392874         
 145681 118577     1619.7689   299                   1213.1830 55133479         
 146042 118588    infeasible                         1213.1830 55138556         
 146457 119654     1571.5426   200                   1213.1830 55665679         
 146879 119031     1343.6867   428                   1213.1830 55337306         
 147363 119045     1340.2042   448                   1213.1830 55342332         
Elapsed time = 4091.12 sec. (1786172.60 ticks, tree = 3300.73 MB, solutions = 0)
Nodefile size = 1249.24 MB (435.66 MB after compression)
 147872 119174    infeasible                         1213.1830 55427505         
 148304 119920     1522.6969   204                   1213.1946 55724220         
 148748 121122     1423.6640   536                   1213.1946 56367129         
 149060 120851     1330.5111   320                   1213.1946 56240666         
 149361 121160     1431.6792   531                   1213.1946 56374972         
 149739 120269     1331.8472   439                   1213.1946 55983506         
 150109 123022     1567.4283   619                   1213.1946 57100278         
 150518 121902     1530.5009   294                   1213.1946 56676404         
 150910 122317     1435.1466   254                   1213.1946 56767218         
 151312 122556     1303.3113   481                   1213.1946 56909003         
Elapsed time = 4180.11 sec. (1824390.46 ticks, tree = 3469.09 MB, solutions = 0)
Nodefile size = 1397.07 MB (505.29 MB after compression)
 151964 123222     1591.0773   545                   1213.1946 57111058         
 152536 122428     1548.5626   186                   1213.1946 56780915         
 153189 122628     1311.0817   513                   1213.1946 56972057         
 153852 124343     1229.8284   594                   1213.1946 57571665         
 154460 125071     1671.4331   538                   1213.1946 57696511         
 155040 123920    infeasible                         1213.1946 57325092         
 155603 126258     1472.7845   460                   1213.1946 58154486         
 156082 125285     1684.7375   514                   1213.1946 57704283         
 156558 125693     1362.8110   363                   1213.1946 58030500         
 156967 125098     1436.9491   507                   1213.1946 57808267         
Elapsed time = 4272.32 sec. (1862629.82 ticks, tree = 3888.24 MB, solutions = 0)
Nodefile size = 1835.56 MB (744.58 MB after compression)
 157505 127819     1366.7840   541                   1213.2894 58468253         
 158001 128393     1419.6684   565                   1213.2894 58646401         
 158493 129891     1464.6025   444                   1213.2894 58902613         
 159041 128296     1331.1172   384                   1213.2894 58620349         
 159525 130116     1469.6071   261                   1213.2894 58975770         
 160088 130086     1364.1905   532                   1213.3216 58945111         
 160627 130158     1494.0017   305                   1213.3216 58984559         
 161225 129061     1546.0825   382                   1213.3216 58831109         
 161902 130534     1569.7653   273                   1213.3216 59089529         
 162470 131489     1247.5360   559                   1213.3216 59412863         
Elapsed time = 4353.70 sec. (1900875.70 ticks, tree = 5147.67 MB, solutions = 0)
Nodefile size = 3086.18 MB (1420.16 MB after compression)
 162989 130224     1413.2233   494                   1213.3216 58961116         
 163678 131301     1368.4937   412                   1213.3216 59360818         
 164217 133022     1215.2097   522                   1213.3640 59661791         
 164814 131843     1474.5361   490                   1213.3640 59494886         
 165392 130718     1300.1090   412                   1213.3640 59181387         
 166247 133325     1907.2848   132                   1213.3640 59725577         
 167010 135634     1336.5294   453                   1213.3640 60379721         
 167602 134494     1216.3275   653                   1213.3640 60108588         
 168225 133859     1483.2275   319                   1213.3640 59868881         
 168877 134661     1349.0584   417                   1213.3640 60166260         
Elapsed time = 4448.49 sec. (1939074.92 ticks, tree = 5245.14 MB, solutions = 0)
Nodefile size = 3172.60 MB (1454.45 MB after compression)
 169472 135379     1556.4613   173                   1213.3640 60338220         
 170021 136064     1640.8394   519                   1213.4458 60424049         
 170563 137024     1451.0010   492                   1213.4458 60687770         
 171181 137289     1346.1619   586                   1213.5784 60755244         
 171694 138810     1276.8541   475                   1213.5784 61013551         
 172417 136124     1310.0834   550                   1213.5784 60515821         
 173285 138549     1362.9715   432                   1213.5784 60946373         
 174125 137963     1287.3184   520                   1213.5784 60861237         
 175005 139191     1554.9506   491                   1213.5784 61063084         
 175734 140921     1392.2135   489                   1213.6620 61446130         
Elapsed time = 4542.01 sec. (1977280.42 ticks, tree = 7173.80 MB, solutions = 0)
Nodefile size = 5074.89 MB (2645.99 MB after compression)
 176391 142667     1416.0252   488                   1213.6620 61763585         
 177112 139200    infeasible                         1213.6620 61111102         
 177903 143274     1342.4381   507                   1213.6620 61880304         
 178612 144684     1651.0572   324                   1213.6620 62212958         
 179369 144752     1245.0971   603                   1213.6620 62250574         
 180145 142503     1314.0998   412                   1213.6620 61749971         
 180915 143802     1427.6236   464                   1213.6894 62036784         
 181848 147034     1394.2006   481                   1213.6894 62618940         
 182582 147122     1400.4310   446                   1213.6894 62621814         
 183231 144084     1312.5407   559                   1213.8242 62094138         
Elapsed time = 4632.73 sec. (2015486.80 ticks, tree = 8163.50 MB, solutions = 0)
Nodefile size = 6041.87 MB (3270.38 MB after compression)
 184025 144212     1226.2874   551                   1213.8242 62120682         
 184863 145041     1382.5101   393                   1213.8320 62317009         
 185828 147308     1460.4196   487                   1213.8469 62634296         
 186481 151249     1284.6826   579                   1213.8702 63325006         
 187259 147999     1475.7193   488                   1213.8702 62773984         
 188025 146604     1417.5661   475                   1213.8702 62579050         
 188851 150568     1354.9150   316                   1213.8702 63197238         
 189472 150963     1373.8025   418                   1213.8702 63271059         
 190164 155351     1618.2986   557                   1213.8702 64057051         
 191013 155448     1650.3548   492                   1213.8702 64060136         
Elapsed time = 4723.93 sec. (2053670.03 ticks, tree = 11705.19 MB, solutions = 0)
Nodefile size = 9610.85 MB (5732.10 MB after compression)
 191753 152355     1391.4713   483                   1213.8702 63533928         
 192625 152799     1411.5135   468                   1213.8702 63643056         
 193533 155958     1552.6272   530                   1213.8702 64163133         
 194397 155595     1356.2148   423                   1213.8702 64102710         
 195235 158329     1407.5059   337                   1213.8702 64599709         
 196161 157519     1441.7364   154                   1213.8702 64428639         
 196871 156823     1408.4887   432                   1213.8702 64308723         
 197504 159727     1218.7324   620                   1213.8702 64849196         
 198067 161719     1512.7665   488                   1213.8702 65206404         
 198713 161150     1431.2662   606                   1213.8702 65146429         
Elapsed time = 4814.59 sec. (2091846.64 ticks, tree = 13504.11 MB, solutions = 0)
Nodefile size = 11442.85 MB (7001.91 MB after compression)
 199286 161755     1627.9866   491                   1213.8702 65213426         
 199889 162687     1279.5023   447                   1213.8702 65351238         
 200701 160371     1341.3774   308                   1213.8702 65006327         
 201492 161948     1423.7988   550                   1213.9051 65254951         
 202254 164416     1260.9448   515                   1213.9051 65591303         
 202987 163854     1321.0837   528                   1213.9051 65525009         
 203797 160761     1362.3930   323                   1213.9051 65094113         
 204647 166401     1393.2739   314                   1214.0422 65977782         
 205236 165660     1351.0548   527                   1214.0422 65816050         
 205998 165716     1370.6265   469                   1214.0422 65819258         
Elapsed time = 4907.34 sec. (2130048.40 ticks, tree = 14918.58 MB, solutions = 0)
Nodefile size = 12821.05 MB (7970.92 MB after compression)
 206751 164657     1532.3023   338                   1214.0422 65664397         
 207557 169411     1482.7375   337                   1214.0422 66503076         
 208133 168364     1238.9993   537                   1214.0422 66308541         
 208670 170322     1329.6112   450                   1214.3015 66672689         
 209255 167602     1313.3385   483                   1214.3015 66255316         
 209985 171062     1376.0469   468                   1214.3212 66786295         
 210614 170399     1393.3048   382                   1214.3266 66685961         
 211190 172947     1244.7906   588                   1214.3266 67208848         
 211955 172546     1232.4569   616                   1214.3266 67082009         
 212636 171485     1425.7689   408                   1214.3346 66825715         
Elapsed time = 4995.72 sec. (2168268.28 ticks, tree = 16744.75 MB, solutions = 0)
Nodefile size = 14599.99 MB (9229.43 MB after compression)
 213248 173513    infeasible                         1214.3346 67336631         
 213905 174123     1307.1834   424                   1214.3346 67457503         
 214596 173035     1628.8990   559                   1214.3346 67225191         
 215440 174183     1365.8836   346                   1214.3346 67467131         
 216206 173635     1427.7029   205                   1214.3346 67355206         
 216997 173221     1647.7739   533                   1214.4333 67233311         
 217778 174865     1659.5629   495                   1214.4333 67602447         
 218487 177447     1783.4399   179                   1214.4516 68107154         
 219318 175937     1458.8300   367                   1214.4516 67840048         
 220155 175825     1249.9302   547                   1214.5033 67778378         
Elapsed time = 5086.87 sec. (2206487.81 ticks, tree = 18087.43 MB, solutions = 0)
Nodefile size = 15980.09 MB (10205.81 MB after compression)
 221021 177587     1933.9473   165                   1214.5079 68128658         
 221761 177791     1744.9712   509                   1214.5291 68144471         
 222531 177868     1750.8190   530                   1214.5374 68147052         
 223279 179034     1486.3221   451                   1214.5374 68407627         
 223925 180334     1233.9133   590                   1214.5398 68678688         
 224520 183166     1775.8385   539                   1214.5398 69193228         
 225111 183258     1789.4996   529                   1214.5398 69195873         
 225772 185319     1235.7674   579                   1214.5398 69514222         
 226526 182491     1449.3200   442                   1214.5398 69140786         
 227390 184621     1659.3134   534                   1214.5398 69421262         
Elapsed time = 5180.80 sec. (2244671.56 ticks, tree = 20868.56 MB, solutions = 0)
Nodefile size = 18766.09 MB (12170.44 MB after compression)
 228101 185348     1596.9348   478                   1214.5398 69482590         
 228788 183816     1406.5202   267                   1214.5417 69327351         
 229620 183534     1405.7953   353                   1214.6625 69275257         
 230435 186105     1376.6709   523                   1214.6798 69767260         
 231391 186147     1419.9959   427                   1214.6798 69771224         
 232270 188964     1408.4493   421                   1214.6807 70297917         
 233007 188573    infeasible                         1214.6911 70284638         
 233948 187480    infeasible                         1214.6911 70105334         
 234652 186374     1506.4549   473                   1214.6911 69816707         
 235241 192287     1650.4799   523                   1214.6911 70745678         
Elapsed time = 5278.83 sec. (2282845.83 ticks, tree = 23251.75 MB, solutions = 0)
Nodefile size = 21188.57 MB (13894.49 MB after compression)
 235737 189527     1545.2581   213                   1214.6911 70424869         
 236300 193741     1392.8027   294                   1214.6911 71086367         
 236757 193501     1449.0976   465                   1214.6911 70992441         
 237207 195376    infeasible                         1214.6911 71410014         
 237779 192513     1395.9164   475                   1214.6911 70797394         
 238299 196383     1403.2054   375                   1214.7716 71601746         
 238931 192690     1248.6573   575                   1214.7716 70841372         
 239617 196625     1393.9239   347                   1214.7716 71666498         
 240229 194540     1323.8588   281                   1214.7790 71261522         
 240822 195114     1315.5878   547                   1214.7790 71359774         
Elapsed time = 5358.14 sec. (2321035.19 ticks, tree = 23814.43 MB, solutions = 0)
Nodefile size = 21743.89 MB (14277.58 MB after compression)
 241575 196379     1317.0441   452                   1214.7811 71586853         
 242566 198515     1461.5382   532                   1214.7811 71994722         
 243433 199586    infeasible                         1214.7811 72290277         
 244245 200620     1239.1407   561                   1214.7811 72462858         
 244792 200112     1517.6257   481                   1214.7811 72380178         
 245392 202060     1493.9116   281                   1214.7811 72678214         
 246035 201792     1627.7774   521                   1214.7811 72617271         
 246799 201860     1638.0473   533                   1214.7811 72619992         
 247649 200513     1737.7870   475                   1214.7811 72451453         
 248442 203357     1515.8594   314                   1214.8152 72909643         
Elapsed time = 5458.61 sec. (2359238.07 ticks, tree = 25386.66 MB, solutions = 0)
Nodefile size = 23292.62 MB (15359.73 MB after compression)
 249349 201615     1302.4530   419                   1214.8152 72601650         
 250212 203448     1436.0291   374                   1214.8152 72942893         
 251028 203769     1425.1038   361                   1214.8152 73000414         
 252051 202259     1430.2262   387                   1214.8152 72704736         
 252877 205012     1583.3660   506                   1214.8250 73245219         
 253705 205462     1245.5845   668                   1214.8250 73336413         
 254540 206737     1306.4509   501                   1214.8250 73478690         
 255207 208096     1390.5079   499                   1214.8250 73681377         
 255764 208737     1246.8831   605                   1214.8250 73787661         
 256304 207818     1425.6997   466                   1214.9278 73627368         
Elapsed time = 5562.53 sec. (2397415.32 ticks, tree = 26779.17 MB, solutions = 0)
Nodefile size = 24673.64 MB (16346.15 MB after compression)
 256993 211138     1297.4676   483                   1214.9278 74195006         
 257835 212188     1329.1272   300                   1214.9278 74316402         
 258612 212937     1554.5769   391                   1214.9278 74457725         
 259414 210531     1491.8532   490                   1214.9278 74047710         
 260059 208774     1444.7787   487                   1214.9278 73807383         
 260702 209604     1451.3728   485                   1214.9278 73897853         
 261318 214829     1323.5215   425                   1214.9278 74752726         
 261841 212551     1616.2679    92                   1214.9667 74368211         
 262384 216611     1236.3179   590                   1215.0010 75107634         
 262932 214079     1486.6442   275                   1215.0010 74603311         
Elapsed time = 5670.79 sec. (2435619.12 ticks, tree = 28760.49 MB, solutions = 0)
Nodefile size = 26633.40 MB (17738.19 MB after compression)
 263519 214778     1364.0583   414                   1215.0010 74741548         
 264265 216936     1527.1206   412                   1215.0010 75183573         
 264837 216108     1333.3628   441                   1215.0010 74984187         
 265370 218107     1383.7358   483                   1215.0010 75382233         
 266064 217458    infeasible                         1215.0010 75260213         
 266842 218934     1469.5169   397                   1215.0079 75533750         
 267537 220486     1330.2219   379                   1215.0079 75828675         
 268044 221579     1420.1580   423                   1215.0079 76040397         
 268593 220493     1515.1544   251                   1215.0658 75811006         
 269202 220038     1315.9083   462                   1215.0658 75698905         
Elapsed time = 5773.45 sec. (2473821.50 ticks, tree = 30612.61 MB, solutions = 0)
Nodefile size = 28540.57 MB (19089.01 MB after compression)
 269813 223195     1423.6925   415                   1215.0658 76377244         
 270545 223440     1444.4385   589                   1215.0658 76441015         
 271241 220765     1234.0380   576                   1215.0658 75881223         
 271951 220968     1244.1949   619                   1215.0658 75908550         
 272535 221986     1453.7046   547                   1215.0658 76114294         
 273028 224068     1390.6055   288                   1215.0658 76553834         
 273658 224502     1568.6343   478                   1215.0658 76619517         
 274382 226943     1419.5180   532                   1215.0658 77115370         
 275199 225312     1340.9604   401                   1215.0658 76755354         
 275984 227627     1238.2348   565                   1215.1449 77241036         
Elapsed time = 5858.76 sec. (2512028.29 ticks, tree = 32522.30 MB, solutions = 0)
Nodefile size = 30448.15 MB (20414.95 MB after compression)
 276618 227947     1243.8099   533                   1215.1449 77309912         
 277318 227636     1250.5641   577                   1215.1841 77248070         
 277972 228170    infeasible                         1215.1841 77390272         
 278609 226721     1431.5159   387                   1215.1841 77080325         
 279042 228824     1880.1584   322                   1215.1841 77457913         
 279792 230341     1462.6869   280                   1215.1869 77891057         
 280592 229133     1629.6460   227                   1215.2405 77565489         
 281459 230956     1275.8195   619                   1215.2405 78095174         
 282286 230225    infeasible                         1215.2405 77840514         
 283062 230683     1478.6869   250                   1215.2405 78041189         
Elapsed time = 5961.54 sec. (2550234.09 ticks, tree = 32639.33 MB, solutions = 0)
Nodefile size = 30544.48 MB (20451.97 MB after compression)
 284026 233328     1688.5736   261                   1215.2630 78526691         
 284914 232138     1358.1073   279                   1215.2630 78352194         
 285851 230918     1251.5702   534                   1215.2630 78076382         
 286892 234474     1704.9442   563                   1215.2630 78714275         
 287647 233502     1243.6184   623                   1215.2630 78568910         
 288285 232291     1495.8299   189                   1215.3125 78372308         
 289124 237427     1429.7117   459                   1215.3125 79295694         
 289941 234680     1734.8575   544                   1215.3125 78725340         
 290842 237875     1254.7060   571                   1215.3125 79369695         
 291739 238852    infeasible                         1215.3125 79520664         
Elapsed time = 6056.72 sec. (2588442.63 ticks, tree = 35216.19 MB, solutions = 0)
Nodefile size = 33128.37 MB (22270.62 MB after compression)
 292516 237927     1273.9468   600                   1215.3125 79375414         
 293183 239227     1535.2735   378                   1215.3125 79567366         
 293894 238759     1442.8968   589                   1215.3541 79464855         
 294669 238623     1381.2027   371                   1215.3967 79441514         
 295406 239538     1367.4848   431                   1215.3967 79629160         
 296232 241394     1468.3490   244                   1215.3967 79870229         
 296999 243124     1535.8579   483                   1215.3967 80215358         
 297917 243287     1328.8162   458                   1215.3967 80247169         
 298798 243187     1683.5706   356                   1215.3967 80222890         
 299651 246027     1425.8663   372                   1215.3967 80707980         
Elapsed time = 6144.58 sec. (2626643.19 ticks, tree = 37469.55 MB, solutions = 0)
Nodefile size = 35385.71 MB (23857.11 MB after compression)
 300463 242789     1455.7014   481                   1215.3967 80117159         
 301284 247845     1369.8830   444                   1215.4395 81046064         
 302059 244099     1243.0222   596                   1215.4395 80343627         
 302752 245790     1467.6166   507                   1215.4395 80630661         
 303430 248174     1552.0421   443                   1215.4395 81084246         
 304109 245925     1290.9914   524                   1215.4602 80702072         
 304891 248671     1468.0152   501                   1215.4602 81211762         
 305758 251866     1818.7533   182                   1215.4602 81746836         
 306620 247836     1334.3685   386                   1215.4602 81042830         
 307449 251932     1283.8785   484                   1215.5049 81783556         
Elapsed time = 6238.54 sec. (2664825.97 ticks, tree = 39348.40 MB, solutions = 0)
Nodefile size = 37278.65 MB (25187.35 MB after compression)
 308300 248997     1436.4067   361                   1215.5049 81285609         
 309240 250061     1328.8710   434                   1215.5049 81415884         
 310072 252646     1388.2235   333                   1215.5049 81933505         
 310978 255447     1228.1924   568                   1215.5049 82340319         
 311707 255438     1714.3029   516                   1215.5052 82309638         
 312576 253372     1448.8576   427                   1215.5234 82057253         
 313343 253122     1780.9673   244                   1215.5508 82013481         
 313968 256912     1863.4340   442                   1215.5508 82569309         
 314623 256344     1222.9183   595                   1215.5508 82487275         
 315471 256931     1435.4361   545                   1215.5508 82643992         
Elapsed time = 6336.34 sec. (2703008.60 ticks, tree = 40928.51 MB, solutions = 0)
Nodefile size = 38858.95 MB (26309.68 MB after compression)
 316074 260139     1398.4497   498                   1215.5508 83208667         
 316771 258251     1422.6999   450                   1215.5508 82882638         
 317519 259254     1223.0352   596                   1215.5508 83069860         
 318139 258342     1455.2857   446                   1215.5508 82889234         
 318677 258156     1562.7215   311                   1215.5508 82844419         
 319231 258708     1312.0082   472                   1215.5768 82964807         
 319768 263722     1549.0884   441                   1215.6185 83833185         
 320411 261009     1770.2029   514                   1215.6185 83314074         
 321235 262805     1371.2842   275                   1215.6185 83652016         
 322078 266230     1807.4204   462                   1215.6276 84227664         
Elapsed time = 6433.68 sec. (2741211.11 ticks, tree = 43849.50 MB, solutions = 0)
Nodefile size = 41764.14 MB (28392.65 MB after compression)
 322950 264187     1671.0850   541                   1215.6276 83901083         
 323909 266400     1519.5389   249                   1215.6276 84269535         
 324749 266180     1419.3607   445                   1215.6276 84210511         
 325397 264355     1310.9804   585                   1215.6276 83946215         
 325962 268559     1437.8707   598                   1215.6276 84738700         
 326567 268489     1241.9906   616                   1215.6276 84710197         
 327147 269887     1263.5099   632                   1215.6276 84963548         
 328038 266743     1511.4920   516                   1215.6448 84393400         
 328787 266955     1575.9633   316                   1215.6448 84457863         
 329380 269296     1251.2804   542                   1215.6484 84832848         
Elapsed time = 6526.08 sec. (2779422.66 ticks, tree = 44821.34 MB, solutions = 0)
Nodefile size = 42710.70 MB (29074.22 MB after compression)
 330048 271176    infeasible                         1215.6484 85138269         
 330792 271822     1736.9047   528                   1215.6484 85264597         
 331598 268752     1802.1384   500                   1215.6484 84765036         
 332258 272919     1294.1962   543                   1215.6484 85435553         
 333029 271530     1432.9475   375                   1215.6484 85218230         
 333814 275020     1852.2409   495                   1215.6484 85807270         
 334770 277033     1590.6822   484                   1215.6484 86179869         
 335643 273601     1713.1909   471                   1215.6484 85582176         
 336477 273064     1436.2530   383                   1215.7076 85486208         
 337220 277140     1347.6816   597                   1215.7076 86214467         
Elapsed time = 6617.77 sec. (2817606.70 ticks, tree = 47294.27 MB, solutions = 0)
Nodefile size = 45226.91 MB (30872.71 MB after compression)
 338045 276163     1585.6677   102                   1215.7076 86033801         
 339031 277686     1481.4221   220                   1215.7076 86337797         
 339937 277518     1311.2432   332                   1215.8051 86307458         
 340701 276963     1407.3668   546                   1215.8051 86153086         
 341266 280203     1298.5735   533                   1215.8451 86750980         
 341854 279025     1228.1218   600                   1215.8513 86566717         
 342454 278403     1371.7041   258                   1215.8513 86482351         
 343104 283049     1300.4957   519                   1215.8513 87151973         
 343798 281184     1510.9723   218                   1215.8513 86898199         
 344336 281243     1447.1417   587                   1215.8513 86952089         
Elapsed time = 6704.60 sec. (2855804.90 ticks, tree = 48599.76 MB, solutions = 0)
Nodefile size = 46528.32 MB (31796.89 MB after compression)
 344821 283155     1397.4614   372                   1215.8513 87164026         
 345106 281700     1298.1093   493                   1215.8513 87003387         
 345256 282688     1389.0766   655                   1215.8513 87145095         
 345354 283431    infeasible                         1215.8513 87233600         

Performing restart 1

Repeating presolve.
Tried aggregator 1 time.
MIP Presolve eliminated 1626 rows and 1876 columns.
MIP Presolve modified 1281 coefficients.
Reduced MIP has 34749 rows, 24428 columns, and 140699 nonzeros.
Reduced MIP has 13180 binaries, 11148 generals, 0 SOSs, and 0 indicators.
Presolve time = 0.12 sec. (62.35 ticks)
Tried aggregator 1 time.
MIP Presolve eliminated 93 rows and 132 columns.
MIP Presolve modified 2902 coefficients.
Reduced MIP has 34656 rows, 24296 columns, and 140249 nonzeros.
Reduced MIP has 13136 binaries, 11060 generals, 0 SOSs, and 0 indicators.
Presolve time = 0.17 sec. (85.23 ticks)
Represolve time = 5.96 sec. (336.50 ticks)
 345361     0     1213.4196   811                   Cuts: 567 88193037         
 345361     0     1220.9830   846                   Cuts: 489 88194563         
 345361     0     1223.5169   862                   Cuts: 531 88195572         
 345361     0     1226.3329   860                   Cuts: 404 88196388         
*345361+    0                         6994.2846     1226.3329            82.47%
 345361     0     1229.0324   798     6994.2846     Cuts: 485 88197495   82.43%
*345361+    0                         3991.4148     1229.0324            69.21%
*345361+    0                         3894.3096     1229.0324            68.44%
*345361+    0                         3831.6649     1229.0324            67.92%
*345361+    0                         3819.7045     1229.0324            67.82%
 345361     0  -1.00000e+75     0     3819.7045     1229.0324 88197495   67.82%
 345361     0     1233.2019   825     3819.7045     Cuts: 441 88198676   67.71%
 345361     0     1237.3664   834     3819.7045     Cuts: 207 88199561   67.61%
 345361     0     1238.2134   860     3819.7045     Cuts: 212 88200019   67.58%
 345361     0     1240.1535   886     3819.7045     Cuts: 189 88200727   67.53%
 345361     0     1241.1825   912     3819.7045     Cuts: 221 88201270   67.51%
 345361     0     1241.7663   901     3819.7045     Cuts: 209 88201707   67.49%
 345361     0     1242.1865   891     3819.7045     Cuts: 176 88202185   67.48%
 345361     0     1242.4758   896     3819.7045     Cuts: 145 88202496   67.47%
 345361     0     1242.5885   884     3819.7045     Cuts: 104 88202668   67.47%
 345361     0     1242.6605   904     3819.7045      Cuts: 99 88202778   67.47%
 345361     0     1242.6724   928     3819.7045      Cuts: 65 88202843   67.47%
 345361     0     1242.8265   894     3819.7045      Cuts: 21 88203012   67.46%
 345361     0     1242.8585   882     3819.7045      Cuts: 47 88203100   67.46%
 345361     0     1242.9395   912     3819.7045      Cuts: 58 88203232   67.46%
 345361     0     1242.9747   911     3819.7045      Cuts: 85 88203314   67.46%
Starting limited solution polishing.
*345361+    0                         3428.3662     1242.9747            63.74%
*345361+    0                         3382.3111     1242.9747            63.25%
*345361+    0                         3354.1348     1242.9747            62.94%
 345361     0  -1.00000e+75     0     3354.1348     1242.9747 88203314   62.94%
 345361     2     1243.0259   905     3354.1348     1242.9747 88203314   62.94%
 345362     3     1244.7094   787     3354.1348     1244.7095 88204372   62.89%
 345363     4     1244.9473   840     3354.1348     1244.9809 88204773   62.88%
*345364+    2                         3295.1028     1244.9809            62.22%
*345364+    2                         3212.1177     1244.9809            61.24%
*345364+    2                         3067.7412     1244.9809            59.42%
 345364     3     1325.7482   787     3067.7412     1244.9809 88207938   59.42%
 345365     5     1245.2943   855     3067.7412     1245.1231 88205223   59.41%
 345367     5     1325.7482   787     3067.7412     1245.1231 88208339   59.41%
Elapsed time = 7072.34 sec. (3102686.52 ticks, tree = 0.02 MB, solutions = 18)
 345368     3     1296.4181   778     3067.7412     1245.1231 88213404   59.41%
*345370+    4                         3043.3563     1245.1231            59.09%
*345370+    4                         3037.2535     1245.1231            59.00%
*345370+    4                         2887.1984     1245.1231            56.87%
 345370     6     1291.9811   792     2887.1984     1245.1231 88210238   56.87%
 345374     9     1366.4840   758     2887.1984     1245.2959 88224470   56.87%
*345376+    9                         2886.8839     1245.8987            56.84%
 345376    11     1321.7672   831     2886.8839     1245.8987 88226580   56.84%
 345382     7     1341.1689   780     2886.8839     1245.8987 88212187   56.84%
*345383+   10                         2865.7092     1245.8987            56.52%
 345387    14     1287.8687   841     2865.7092     1245.8987 88236320   56.52%
 345390    16     1326.8857   827     2865.7092     1245.8987 88239995   56.52%
*345393+   14                         2851.3054     1245.8987            56.30%
*345396+   14                         2836.0467     1245.8987            56.07%
*345396+   14                         2735.4904     1245.8987            54.45%
 345396    16     1370.0539   732     2735.4904     1245.8987 88241491   54.45%
 345406    36     1302.0526   813     2735.4904     1247.5009 88316948   54.40%
 345424    43     1349.1414   848     2735.4904     1247.5009 88352629   54.40%
Elapsed time = 7162.86 sec. (3150516.82 ticks, tree = 0.03 MB, solutions = 39)
 345456    47     1343.0055   833     2735.4904     1247.5009 88383293   54.40%
 345484    54     1340.5615   734     2735.4904     1247.5009 88407014   54.40%
 345530    23     1355.5254   801     2735.4904     1247.5009 88270740   54.40%
*345552+   26                         2719.6777     1247.5009            54.13%
*345560+   26                         2666.3382     1247.5009            53.21%
*345560+   26                         2663.7280     1247.5009            53.17%
*345569+   26                         2662.6994     1247.5009            53.15%
*345569+   26                         2643.3850     1247.5009            52.81%
 345569    74     1373.4403   775     2643.3850     1247.5009 88471274   52.81%
*345573+   26                         2642.2744     1247.5009            52.79%
*345579+   29                         2535.8516     1247.5009            50.81%
 345579    31     1329.0760   846     2535.8516     1247.5009 88298780   50.81%

GUB cover cuts applied:  10
Clique cuts applied:  13
Cover cuts applied:  13
Implied bound cuts applied:  216
Flow cuts applied:  700
Mixed integer rounding cuts applied:  483
Zero-half cuts applied:  26
Lift and project cuts applied:  47
Gomory fractional cuts applied:  14

Root node processing (before b&c):
  Real time             =   68.77 sec. (42085.17 ticks)
Parallel b&c, 32 threads:
  Real time             = 7132.07 sec. (3132617.39 ticks)
  Sync time (average)   = 2240.80 sec.
  Wait time (average)   =    0.48 sec.
                          ------------
Total (root+branch&cut) = 7200.84 sec. (3174702.56 ticks)
Number of arguments: 2

File path: ../../Data/Demo/100/C101.txt
Execution time limit: 120
../../Result/C101/C101-Q50-r
SVG path: ../../Result/C101/C101-Q50-r/C101-Q50-r-data.svg
PNG path: ../../Result/C101/C101-Q50-r/C101-Q50-r-data.png

Total execution time: 7203.370492088 seconds
Total distance traveled: 2535.8516240296244
File name: C101-Q50-r
Number of customers: 100
Capacity of FEV: 1810
Capacity of Microhub: 200
Capacity of SEV: 50
Number of parkings: 16
Number of microhubs: 10.0
Number of robots/MM: 10
Parking generation rule: r
Feasible solution found within the time limit!

total distance of 2 -> 91 -> 6 is : 70.21
total distance of 3 -> 38 -> 7 is : 49.61
total distance of 3 -> 48 -> 3 is : 19.7
total distance of 3 -> 52 -> 3 is : 25.46
total distance of 3 -> 55 -> 54 -> 3 is : 40.24
total distance of 3 -> 56 -> 53 -> 51 -> 3 is : 51.53
total distance of 3 -> 68 -> 69 -> 49 -> 3 is : 47.08
total distance of 5 -> 31 -> 113 -> 112 -> 16 is : 90.8
total distance of 5 -> 32 -> 36 -> 5 is : 18.0
total distance of 5 -> 33 -> 5 is : 20.59
total distance of 5 -> 117 -> 114 -> 8 is : 91.37
total distance of 6 -> 72 -> 109 -> 21 -> 9 is : 122.95
total distance of 6 -> 76 -> 74 -> 6 is : 16.8
total distance of 6 -> 77 -> 2 is : 29.83
total distance of 6 -> 79 -> 89 -> 107 -> 10 is : 101.89
total distance of 6 -> 111 -> 110 -> 12 is : 105.35
total distance of 7 -> 60 -> 64 -> 66 -> 7 is : 11.61
total distance of 7 -> 62 -> 59 -> 58 -> 7 is : 12.48
total distance of 7 -> 63 -> 7 is : 4.03
total distance of 7 -> 65 -> 7 is : 9.6
total distance of 7 -> 67 -> 71 -> 10 is : 38.54
total distance of 7 -> 86 -> 83 -> 84 -> 82 -> 6 is : 49.49
total distance of 8 -> 19 -> 25 -> 9 is : 38.78
total distance of 8 -> 35 -> 30 -> 5 is : 35.33
total distance of 8 -> 47 -> 45 -> 43 -> 40 -> 8 is : 24.18
total distance of 8 -> 105 -> 106 -> 103 -> 12 is : 61.2
total distance of 9 -> 23 -> 26 -> 9 is : 24.69
total distance of 9 -> 27 -> 9 is : 12.66
total distance of 9 -> 28 -> 18 -> 92 -> 12 is : 30.73
total distance of 9 -> 34 -> 29 -> 5 is : 41.75
total distance of 9 -> 44 -> 42 -> 8 is : 26.22
total distance of 10 -> 39 -> 41 -> 37 -> 8 is : 68.01
total distance of 10 -> 70 -> 75 -> 10 is : 22.84
total distance of 10 -> 73 -> 10 is : 18.03
total distance of 10 -> 81 -> 85 -> 57 -> 78 -> 6 is : 66.5
total distance of 10 -> 90 -> 94 -> 96 -> 97 -> 10 is : 99.56
total distance of 12 -> 22 -> 20 -> 24 -> 9 is : 26.91
total distance of 12 -> 46 -> 50 -> 3 is : 64.32
total distance of 12 -> 80 -> 6 is : 46.49
total distance of 12 -> 104 -> 102 -> 12 is : 34.31
total distance of 12 -> 108 -> 12 is : 15.52
total distance of 16 -> 87 -> 16 is : 48.93
total distance of 16 -> 88 -> 93 -> 16 is : 43.59
total distance of 16 -> 95 -> 98 -> 16 is : 41.84
total distance of 16 -> 100 -> 101 -> 99 -> 16 is : 43.0
total distance of 16 -> 115 -> 116 -> 61 -> 7 is : 102.36

rsync -avz tangj@129.175.109.2:/gpfs/users/tangj/2EVRPMM/Result  ~/Downloads/
