Version identifier: 22.1.1.0 | 2022-11-28 | 9160aff4d
CPXPARAM_TimeLimit                               12000
Tried aggregator 1 time.
MIP Presolve eliminated 13972 rows and 9700 columns.
MIP Presolve modified 32029 coefficients.
Reduced MIP has 19596 rows, 23052 columns, and 92482 nonzeros.
Reduced MIP has 11673 binaries, 11379 generals, 0 SOSs, and 0 indicators.
Presolve time = 0.16 sec. (83.46 ticks)
Probing fixed 371 vars, tightened 160 bounds.
Probing changed sense of 32 constraints.
Probing time = 0.76 sec. (158.05 ticks)
Tried aggregator 1 time.
Detecting symmetries...
MIP Presolve eliminated 483 rows and 531 columns.
MIP Presolve modified 40 coefficients.
Reduced MIP has 19113 rows, 22521 columns, and 89494 nonzeros.
Reduced MIP has 11302 binaries, 11219 generals, 0 SOSs, and 0 indicators.
Presolve time = 0.11 sec. (56.23 ticks)
Probing time = 0.12 sec. (13.50 ticks)
Clique table members: 66339.
MIP emphasis: balance optimality and feasibility.
MIP search method: dynamic search.
Parallel mode: deterministic, using up to 32 threads.
Root relaxation solution time = 4.19 sec. (598.58 ticks)

        Nodes                                         Cuts/
   Node  Left     Objective  IInf  Best Integer    Best Bound    ItCnt     Gap

      0     0      968.9081   352                    968.9081       26         
      0     0     1011.8292   588                  Cuts: 1014     1661         
      0     0     1026.5207   640                   Cuts: 597     2447         
      0     0     1059.1553   733                   Cuts: 466     3942         
      0     0     1086.4276   810                   Cuts: 573     5716         
      0     0     1103.9732   839                   Cuts: 566     7064         
Detecting symmetries...
      0     0     1110.2828   845                   Cuts: 446     7667         
      0     0     1114.8090   866                   Cuts: 275     8332         
      0     0     1117.4693   861                   Cuts: 165     8799         
      0     0     1118.4586   873                   Cuts: 225     9376         
      0     0     1118.8776   876                    Cuts: 95     9633         
      0     0     1119.0724   862                    Cuts: 44     9754         
      0     0     1119.2148   872                    Cuts: 35     9860         
      0     0     1119.2411   870                    Cuts: 58     9928         
      0     0     1119.2710   854                     Cuts: 8     9966         
      0     0     1119.3659   864                     Cuts: 8    10084         
Detecting symmetries...
      0     2     1119.3659   864                   1124.0918    10084         
Elapsed time = 45.51 sec. (25214.04 ticks, tree = 0.02 MB, solutions = 0)
      1     3     1120.2097   857                   1124.0918    10328         
      2     4     1120.4713   853                   1124.0918    10617         
      4     5     1122.9726   850                   1124.0918    10944         
      9    11     1126.1858   823                   1124.0918    13726         
     11    12     1128.6998   814                   1124.0918    14060         
     12    13     1132.1189   825                   1124.0918    14578         
     15    11     1129.9658   791                   1124.0918    13951         
     18    13     1134.2680   809                   1124.0918    14467         
     23     8    infeasible                         1124.0918    14681         
     40    23     1134.5479   816                   1124.0918    23945         
Elapsed time = 60.39 sec. (28864.49 ticks, tree = 0.03 MB, solutions = 0)
     79    39     1130.0861   835                   1126.1668    55691         
    119   103     1147.7636   807                   1127.1294   146055         
    202   111     1149.3641   752                   1127.1294   149208         
    278   165     1153.6333   769                   1127.2838   171425         
    345   217     1173.1224   738                   1127.2838   205146         
    419   311     1169.3000   742                   1127.2838   252576         
    478   365     1144.7334   776                   1127.2838   285470         
    525   422     1224.2951   637                   1127.2838   337860         
    580   398     1247.9055   722                   1127.2838   313403         
    659   462     1243.5368   617                   1127.2838   373550         
Elapsed time = 107.56 sec. (38642.75 ticks, tree = 4.65 MB, solutions = 0)
    808   578     1256.0858   582                   1127.2838   433612         
    925   706     1227.9284   641                   1127.2838   462013         
   1089   748     1269.0364   640                   1127.2838   474913         
   1221   788     1312.4665   592                   1127.2838   484805         
   1331  1000     1209.3391   707                   1127.2838   554758         
   1411  1061     1136.4059   860                   1127.2838   581816         
   1492  1043     1267.1502   622                   1127.2838   574829         
   1556  1078     1268.3012   693                   1127.2838   593793         
   1632  1114     1308.0883   611                   1127.8001   629746         
   1705  1163     1192.9768   772                   1127.8001   692469         
Elapsed time = 153.02 sec. (48346.18 ticks, tree = 59.17 MB, solutions = 0)
   1809  1250     1212.5510   805                   1127.8001   755502         
   1912  1209     1209.1982   757                   1127.8001   723038         
   2000  1228     1178.5257   797                   1127.8001   741886         
   2102  1283     1255.3314   801                   1127.8001   762961         
   2196  1377     1247.2457   788                   1127.8001   820324         
   2311  1419     1262.4192   798                   1127.8001   832588         
   2391  1498     1248.5656   666                   1127.8001   895030         
   2481  1607     1334.9357   645                   1127.8001   925080         
   2564  1583     1328.9472   692                   1127.8001   920442         
   2631  1617     1191.8406   725                   1127.8001   932271         
Elapsed time = 199.62 sec. (57992.33 ticks, tree = 101.08 MB, solutions = 0)
   2738  1697     1291.4699   677                   1127.8001  1002871         
   2838  1800     1371.4255   605                   1127.8001  1035287         
   2947  1745     1352.8519   709                   1127.8001  1020152         
   3074  1839     1161.8938   817                   1127.8001  1077153         
   3191  1889     1214.8135   807                   1127.8001  1088638         
   3311  1952     1246.2533   723                   1127.8001  1126475         
   3416  2215     1428.7352   679                   1127.8001  1200904         
   3518  1906     1459.8446   497                   1127.8001  1105409         
   3619  2246     1439.8383   662                   1127.8001  1202643         
   3722  2303     1141.0611   864                   1127.8001  1254873         
Elapsed time = 246.36 sec. (67606.73 ticks, tree = 187.69 MB, solutions = 0)
   3811  2418     1245.6326   768                   1127.8001  1288195         
   3938  2321     1216.0173   809                   1132.2125  1249616         
   4039  2430     1331.1368   750                   1132.2125  1303431         
   4171  2564     1282.6819   742                   1132.2125  1339935         
   4300  2574     1206.7042   702                   1132.2125  1344443         
   4413  2758     1252.7542   827                   1132.2125  1439343         
   4514  2886     1189.2301   736                   1132.2125  1475423         
   4668  2775     1217.4858   821                   1132.2125  1444791         
   4791  2990     1177.5874   760                   1132.2125  1510219         
   4912  3153     1317.7785   751                   1132.2125  1555371         
Elapsed time = 292.82 sec. (77208.02 ticks, tree = 278.67 MB, solutions = 0)
   5029  3066     1172.8965   741                   1132.2125  1543803         
   5151  3448     1381.2911   698                   1132.2125  1644216         
   5273  3418     1175.0110   880                   1132.2125  1641530         
   5387  3553     1292.5115   699                   1132.2125  1664684         
   5520  3610     1605.4482   647                   1132.2125  1668648         
   5659  3574     1306.4881   738                   1132.2125  1666552         
   5788  3730     1164.9942   874                   1132.2125  1715792         
   5921  3625     1169.7996   824                   1132.2125  1683127         
   6055  4071     1634.8355   622                   1133.9282  1816085         
   6155  3996     1463.2190   691                   1133.9282  1812344         
Elapsed time = 341.08 sec. (86837.93 ticks, tree = 372.53 MB, solutions = 0)
   6227  4121     1225.6790   751                   1133.9282  1855775         
   6287  4077     1403.9412   651                   1133.9282  1825722         
   6330  4341     1193.1982   774                   1133.9282  1942871         
   6366  4345     2053.5272   458                   1133.9282  1937530         
   6398  4599     1223.0175   797                   1133.9282  2024348         
   6455  4235     1162.2239   807                   1137.0194  1914733         
   6489  4627     1577.4770   543                   1137.5524  2052690         
   6530  4616     1161.6182   794                   1137.5524  2035352         
   6572  4641     1224.9680   768                   1137.5524  2115390         
   6610  4619    infeasible                         1137.5524  2086031         
Elapsed time = 398.90 sec. (96609.92 ticks, tree = 442.09 MB, solutions = 0)
   6651  4634     1150.7397   840                   1137.5524  2107099         
   6698  4671     1148.6781   842                   1137.5524  2143676         
   6758  4731     1156.6233   841                   1137.5524  2214637         
   6851  4818     2079.2759   475                   1137.5524  2230013         
   6958  4810     1457.1143   609                   1137.5524  2258906         
   7082  4823     1484.9060   627                   1139.5083  2255261         
   7148  4845     1166.9957   872                   1139.5083  2307877         
   7231  4841     1368.8908   730                   1139.5083  2304733         
   7319  4847     1373.3756   740                   1140.0818  2305711         
   7409  4852     1375.8648   745                   1140.0818  2306701         
Elapsed time = 450.90 sec. (106265.16 ticks, tree = 474.55 MB, solutions = 0)
   7533  5100     1311.0737   821                   1140.0818  2358836         
   7672  5309     1161.5655   815                   1140.0818  2454759         
   7786  5222     1243.6126   732                   1140.0818  2423828         
   7891  5416     1331.4510   809                   1140.0818  2489006         
   8023  5185     1303.9326   778                   1140.0818  2390750         
   8134  5577     1332.9786   758                   1140.0818  2544448         
   8248  5352     1195.6194   774                   1140.0818  2473572         
   8369  5771     1253.5750   765                   1140.0818  2596358         
   8492  5819     1231.0980   763                   1140.0818  2619602         
   8968  5837     1218.2334   681                   1140.0818  2627066         
Elapsed time = 510.79 sec. (118714.52 ticks, tree = 584.34 MB, solutions = 0)
   9478  6263     1476.5185   721                   1140.0818  2776131         
   9872  6746     1282.4486   760                   1142.6285  2946001         
  10201  7088     1256.9981   737                   1146.1424  3098038         
  10654  7123     1196.8907   861                   1146.1424  3119823         
  11200  7457     1638.3095   577                   1146.1424  3275608         
  11775  8077     1700.0431   599                   1146.1424  3435179         
  12316  8502     1774.1543   584                   1146.1424  3577716         
  12931  8554     1864.5798   542                   1146.1424  3581890         
  13642  9100     1602.4577   544                   1146.1424  3714932         
  14330 10111     2048.7215   501                   1146.1424  3916696         
Elapsed time = 695.31 sec. (156934.58 ticks, tree = 1056.26 MB, solutions = 0)
  15082 10548     1243.7684   751                   1146.1424  4027527         
  15782 11127     1182.9516   822                   1146.8715  4115218         
  16642 11396     1700.7591   616                   1148.2611  4143625         
  17055 12641     1807.7667   483                   1148.2611  4347673         
  17199 12427    infeasible                         1148.5584  4334778         
  17348 12902     1597.5378   577                   1150.8101  4558826         
  17623 12920     1198.4240   770                   1150.8101  4577324         
  18139 13117     1261.7723   794                   1150.8101  4728759         
  18632 13254     1299.9235   705                   1150.8161  4783089         
  19253 13671     1303.4866   862                   1150.8161  4875765         
Elapsed time = 894.86 sec. (195149.66 ticks, tree = 1584.75 MB, solutions = 0)
  19944 13875     1188.7996   695                   1150.8161  4987431         
  20489 15005     1213.7604   816                   1150.8161  5224931         
  20935 14714     1170.0359   866                   1150.8161  5173616         
  21434 15709     1863.6283   543                   1150.8161  5428770         
  21938 16064     2030.4897   547                   1150.8161  5517583         
  22723 16066     1502.8455   705                   1150.8161  5527546         
  23587 17426     1174.5005   805                   1150.8161  5806430         
  24584 18041     1312.8407   791                   1150.8161  5912798         
  25286 17539     2295.8208   405                   1151.4978  5857316         
  25595 18618     1207.5177   789                   1151.4978  5986282         
Elapsed time = 1097.58 sec. (233372.44 ticks, tree = 2315.89 MB, solutions = 0)
Nodefile size = 262.67 MB (203.79 MB after compression)
  25713 19527     1191.7641   793                   1155.2089  6194428         
  25846 19517     1180.1662   846                   1157.1330  6273818         
  25997 19513    infeasible                         1157.1330  6339788         
  26304 19594     1210.2232   749                   1157.1330  6468239         
  26684 19631     1358.5582   725                   1157.1330  6511485         
  27080 19977     1215.7793   830                   1159.0808  6716604         
  27503 20180     1203.6261   825                   1159.0808  6843488         
  27876 20169     1196.7682   817                   1159.6771  6835785         
  28326 20603     1185.1185   889                   1159.6771  6997631         
  28763 20829     1261.4351   725                   1159.9653  7093748         
Elapsed time = 1294.56 sec. (271702.62 ticks, tree = 2662.12 MB, solutions = 0)
Nodefile size = 609.30 MB (470.93 MB after compression)
  29172 21330     1425.1016   716                   1160.5731  7296606         
  29561 21345     1204.2784   729                   1160.8022  7318280         
  29938 21813     1203.4697   853                   1160.8292  7538269         
  30342 21815     1298.5715   821                   1160.9594  7511162         
  30782 22067     1172.7823   879                   1161.4157  7676032         
  31225 22223     1216.4385   718                   1161.4157  7755300         
  31547 22572     1240.9618   892                   1162.0482  7895226         
  31746 22639     1243.1371   797                   1162.0482  7955558         
  31907 22965    infeasible                         1162.3048  8094048         
  32217 23140     1315.6805   794                   1162.6858  8166817         
Elapsed time = 1491.86 sec. (310204.05 ticks, tree = 2966.35 MB, solutions = 0)
Nodefile size = 912.85 MB (702.75 MB after compression)
  32605 23222     1220.6766   734                   1162.7760  8385389         
  33039 23668     1888.8872   522                   1162.9190  8596212         
  33531 23541     1246.0731   772                   1162.9190  8514101         
  33906 24319     1350.9268   791                   1163.1092  8823417         
  34252 24293     1295.9833   755                   1163.1092  8819218         
  34607 24358     1189.3538   844                   1163.7272  8871372         
  35105 24836     1619.8577   658                   1163.9495  9061900         
  35488 24843     1261.6898   673                   1163.9495  9096244         
  35849 25544     1222.3879   789                   1164.1500  9382857         
  36186 25603     1251.9608   826                   1164.1500  9413956         
Elapsed time = 1684.76 sec. (348468.20 ticks, tree = 3243.37 MB, solutions = 0)
Nodefile size = 1191.71 MB (914.77 MB after compression)
  36454 25909    infeasible                         1164.2350  9558718         
  36648 25956     1176.7832   830                   1164.2350  9596876         
  36790 26117     1242.4583   777                   1164.6439  9708348         
  36987 26395     1192.9724   821                   1164.6439  9914393         
  37281 26386     1879.4567   557                   1165.9553  9849161         
  37675 26408     1229.1295   783                   1165.9553 10003698         
  38097 26412     1210.6753   709                   1166.0017 10094172         
  38542 26714     1190.8409   817                   1166.3352 10323537         
  38927 26706     1214.8508   757                   1166.6178 10295528         
  39347 27026     1277.3846   687                   1166.6178 10452104         
Elapsed time = 1888.61 sec. (386774.27 ticks, tree = 3374.30 MB, solutions = 0)
Nodefile size = 1320.63 MB (1012.16 MB after compression)
  39809 27698     1968.7569   573                   1167.2664 10739144         
  40209 27959     1390.8910   718                   1167.2664 10838579         
  40596 27470     1206.9267   838                   1167.2664 10687291         
  40900 28681     1470.0213   744                   1167.9491 11122837         
  41065 28852     1183.5196   826                   1167.9491 11223703         
  41203 28397     1259.9448   704                   1168.0124 11058114         
  41361 28991     1293.0965   788                   1168.2295 11392300         
  41575 29006     1391.1894   768                   1168.4683 11499969         
  41922 29005     1174.2187   812                   1168.4683 11538274         
  42357 29250     1414.2422   668                   1168.4884 11769871         
Elapsed time = 2095.31 sec. (425129.02 ticks, tree = 3542.65 MB, solutions = 0)
Nodefile size = 1489.66 MB (1137.10 MB after compression)
  42734 29231     1714.2709   504                   1168.4884 11764516         
  43080 29610     1218.9264   777                   1168.6706 11926762         
  43469 29809     1186.9059   836                   1168.9244 12080352         
  43871 29755     1205.8208   777                   1169.4578 12046451         
  44283 30109     1225.2908   826                   1170.1179 12203367         
  44724 30319     1204.5066   785                   1170.1179 12297135         
  45163 30351     1235.5316   861                   1170.1179 12311748         
  45620 30411     1198.6755   870                   1170.1179 12359375         
  46032 31314     1406.6230   735                   1170.2924 12798651         
  46407 31152     1215.2846   810                   1170.3190 12705266         
Elapsed time = 2285.86 sec. (463364.64 ticks, tree = 3745.05 MB, solutions = 0)
Nodefile size = 1689.90 MB (1287.04 MB after compression)
  46843 31433     1183.1592   698                   1170.3190 12868788         
  47137 31517     2164.3332   426                   1170.9648 12900235         
  47330 31940    infeasible                         1170.9648 13124416         
  47501 32263    infeasible                         1171.8391 13282281         
  47662 32409    infeasible                         1171.9781 13367975         
  47867 32425     1213.7112   737                   1172.3139 13498932         
  48167 32489     1285.7639   786                   1172.3139 13665364         
  48514 32505     1767.6985   587                   1172.3561 13627019         
  48943 32546     1454.3412   626                   1172.3561 13638131         
  49352 32653     1227.8051   705                   1172.3561 13843101         
Elapsed time = 2492.19 sec. (501585.62 ticks, tree = 3959.31 MB, solutions = 0)
Nodefile size = 1905.25 MB (1450.13 MB after compression)
  49821 32807     1310.3980   716                   1172.6266 13949045         
  50247 33293     1398.5936   744                   1172.6266 14131996         
  50630 33196     1215.9448   791                   1173.7570 14090131         
  50994 33876     1256.7012   775                   1174.0138 14359374         
  51423 33785     1206.7161   790                   1174.0138 14328186         
  51832 34321     1392.1505   745                   1174.2341 14584067         
  52240 34389     1213.4750   761                   1174.2487 14649897         
  52644 34610     1677.4989   660                   1174.4085 14761872         
  53029 34653     1180.4009   804                   1174.6790 14787411         
  53451 34769     1222.4463   723                   1174.7887 14818107         
Elapsed time = 2683.78 sec. (539916.14 ticks, tree = 4298.75 MB, solutions = 0)
Nodefile size = 2243.81 MB (1704.93 MB after compression)
  53833 35304     1244.5115   695                   1175.1010 15152422         
  54102 35277     1256.8744   774                   1175.4574 15129670         
  54315 36028     1270.0589   796                   1175.4574 15502112         
  54470 36100     1258.0651   754                   1175.4574 15541169         
  54594 36248     1330.4335   736                   1175.7957 15608649         
  54744 36110     1280.3469   799                   1176.3036 15543454         
  54934 36406     1205.0071   862                   1176.3036 15883686         
  55249 36420     1363.4794   670                   1176.5785 15900461         
  55660 36510     1498.2741   637                   1176.7209 16122736         
  56073 36509     1200.3614   773                   1176.7209 15979310         
Elapsed time = 2894.91 sec. (578241.61 ticks, tree = 4424.90 MB, solutions = 0)
Nodefile size = 2365.42 MB (1794.45 MB after compression)
  56492 36621     1258.9212   803                   1176.7209 16219016         
  56911 37264     1207.0503   793                   1176.7209 16467400         
  57338 36820     1836.5562   559                   1176.7391 16302557         
  57777 37751     1798.5271   549                   1176.7391 16645916         
  58206 37817     1199.8330   748                   1177.1744 16672133         
  58659 37824     1270.0035   723                   1177.6238 16667888         
  59081 38147     1639.9348   603                   1177.6238 16816746         
  59401 38692     1276.9696   765                   1177.6238 17031406         
  59777 38830     1211.9316   753                   1178.0795 17114666         
  60129 38851     1190.5111   783                   1178.2727 17128614         
Elapsed time = 3090.40 sec. (616442.59 ticks, tree = 4854.99 MB, solutions = 0)
Nodefile size = 2801.67 MB (2125.81 MB after compression)
  60488 39708     1399.4616   783                   1178.2727 17525848         
  60876 39753     1214.2321   806                   1178.3934 17573449         
  61229 39837     1239.7594   733                   1178.3934 17619058         
  61603 39863     1249.0952   799                   1178.3934 17651807         
  61982 39967    infeasible                         1178.9136 17744598         
  62372 40426     1506.3389   723                   1178.9136 17972253         
  62792 40915     1207.1821   816                   1178.9136 18311394         
  63196 40811     1307.4452   836                   1178.9136 18250502         
  63600 40566     1254.6712   725                   1179.1834 18105180         
  64040 41326     1206.6647   774                   1179.1834 18503153         
Elapsed time = 3283.53 sec. (654711.81 ticks, tree = 5098.55 MB, solutions = 0)
Nodefile size = 3041.82 MB (2306.02 MB after compression)
  64387 41465     1234.1483   794                   1179.3193 18599273         
  64649 41564     1195.5197   850                   1179.3277 18642121         
  64874 41722     1784.1539   642                   1180.0674 18702662         
  65074 41839     1341.5486   826                   1180.0674 18769914         
  65205 42023    infeasible                         1180.0938 18874163         
  65330 42444     1193.1037   794                   1180.2200 19235399         
  65550 42453     1510.9220   655                   1180.2200 19268721         
  65860 42473     1785.7274   672                   1180.2200 19205590         
  66137 42495     1240.2239   795                   1180.4992 19331260         
  66464 42554     1302.3583   735                   1180.4992 19547198         
Elapsed time = 3497.44 sec. (693019.59 ticks, tree = 5314.94 MB, solutions = 0)
Nodefile size = 3262.55 MB (2474.03 MB after compression)
  66800 42594     1250.9766   763                   1180.4992 19564460         
  67223 42599     1665.3592   587                   1180.7014 19485833         
  67639 43270     1210.8539   721                   1180.7014 19946559         
  68037 43042     1225.0283   800                   1181.1222 19835301         
  68474 43350     1221.8913   760                   1181.1222 19970050         
  68890 44033     1660.8029   621                   1181.1222 20367664         
  69292 43942     1585.5753   646                   1181.9440 20324765         
  69711 43561     1565.5343   661                   1182.2014 20090892         
  70109 44065     1207.0705   720                   1182.2014 20391510         
  70561 44391     1205.7570   793                   1182.3274 20531952         
Elapsed time = 3691.69 sec. (731290.53 ticks, tree = 5471.55 MB, solutions = 0)
Nodefile size = 3412.70 MB (2585.77 MB after compression)
  70983 44308     1200.0152   805                   1182.5182 20492352         
  71403 45121     1376.6334   723                   1182.5182 20871448         
  71810 45601     1236.6011   797                   1182.5182 21134329         
  72203 45142     1255.1665   833                   1182.5182 20893005         
  72612 46320     1669.4603   585                   1182.5182 21446944         
  73023 46026     1194.8065   781                   1182.5182 21323057         
  73432 46618     1505.5833   729                   1182.5182 21617585         
  73802 46273     1301.9512   756                   1182.5182 21426942         
  74136 47193     1303.2414   779                   1182.5182 21871901         
  74465 46510     1395.1827   774                   1182.5182 21527149         
Elapsed time = 3886.00 sec. (769617.82 ticks, tree = 5854.24 MB, solutions = 0)
Nodefile size = 3797.49 MB (2878.64 MB after compression)
  74808 47419     1665.2998   593                   1182.5182 21947689         
  75150 47314     1223.8092   843                   1182.5182 21918029         
  75429 47658     1196.0472   861                   1182.5182 22128282         
  75694 47934     1213.0702   832                   1182.5182 22388633         
  75885 48008    infeasible                         1183.8257 22449065         
  76053 48355    infeasible                         1183.8257 22619360         
  76207 48668     1198.9213   795                   1184.4049 22790486         
  76366 48353    infeasible                         1184.6752 22624389         
  76593 48761     1207.0631   835                   1184.6752 22875604         
  76888 48682     1258.4938   801                   1184.9377 22812556         
Elapsed time = 4099.13 sec. (808028.20 ticks, tree = 6012.96 MB, solutions = 0)
Nodefile size = 3955.31 MB (2995.65 MB after compression)
  77189 48812     1815.0271   534                   1184.9377 23060287         
  77564 48823     1245.9005   767                   1184.9377 22933766         
  77946 48951     1255.2457   781                   1185.1516 23361130         
  78376 48775     1252.1187   774                   1185.2709 23147931         
  78745 48755     1373.2434   798                   1185.2709 23209795         
  79170 49334     1304.5539   689                   1185.2709 23577137         
  79561 49865     1280.2952   689                   1185.5125 23846803         
  79942 50293     1219.8891   816                   1185.5125 24038403         
  80283 50500     1249.2422   819                   1185.5125 24111859         
  80611 50161     1223.8999   707                   1185.5125 23971006         
Elapsed time = 4296.11 sec. (846273.70 ticks, tree = 6291.30 MB, solutions = 0)
Nodefile size = 4235.30 MB (3210.06 MB after compression)
  80985 50026    infeasible                         1185.5125 23900936         
  81323 50538     1237.1707   858                   1185.5125 24122367         
  81643 50559     1254.4164   806                   1186.0683 24125766         
  81942 51172     1250.2854   766                   1186.0683 24535090         
  82396 50945     1307.8581   806                   1186.0683 24405846         
  82809 51506     1231.2846   778                   1186.0683 24846532         
  83195 51467     1245.6991   775                   1186.0683 24760800         
  83558 51515     1769.7391   655                   1186.0683 24749663         
  83917 52102     1820.3835   581                   1186.7142 25278132         
  84271 52569     1200.2766   810                   1186.7142 25469268         
Elapsed time = 4488.92 sec. (884525.64 ticks, tree = 6534.25 MB, solutions = 0)
Nodefile size = 4477.25 MB (3391.62 MB after compression)
  84580 52486     1250.2534   691                   1187.1373 25437546         
  84922 52117     1235.0181   780                   1187.1373 25287006         
  85332 52545     1239.8418   667                   1187.1373 25462828         
  85716 52490     1222.8454   794                   1187.1373 25448497         
  86056 53006     1260.1966   750                   1187.4001 25775179         
  86402 52840     1191.3965   816                   1187.4001 25619004         
  86630 53609    infeasible                         1187.4001 26141960         
  86803 53684     1220.4331   847                   1187.4893 26181464         
  86923 54126     1220.7018   740                   1187.4893 26499514         
  87040 53778    infeasible                         1187.7492 26304671         
Elapsed time = 4696.26 sec. (922911.68 ticks, tree = 6730.05 MB, solutions = 0)
Nodefile size = 4673.56 MB (3540.51 MB after compression)
  87169 54128     1245.9585   855                   1188.2786 26471244         
  87363 54299     1282.1587   841                   1188.2786 26742471         
  87623 54311    infeasible                         1188.2786 26804259         
  87916 54278     1418.1295   677                   1188.2786 26958221         
  88254 54278     1424.4728   719                   1188.2786 26947394         
  88679 54258     1251.7349   753                   1188.7996 27030414         
  89100 54375     1427.3206   793                   1188.7996 27266349         
  89460 54283     1245.0851   728                   1188.7996 27189972         
  89862 54234     1265.8322   778                   1188.7996 27082148         
  90194 54766     1197.1925   763                   1188.7996 27451945         
Elapsed time = 4901.37 sec. (961187.31 ticks, tree = 6943.51 MB, solutions = 0)
Nodefile size = 4885.49 MB (3703.39 MB after compression)
  90525 54626     1230.5794   739                   1189.0250 27397175         
  90865 55455     1213.4115   848                   1189.0250 27817189         
  91257 55242     1420.2785   727                   1189.7522 27689915         
  91637 55980     1200.4875   836                   1189.9083 28155515         
  92078 56180     1451.7197   716                   1190.0378 28222787         
  92459 56205     1582.2778   705                   1190.0378 28226667         
  92836 56432     1922.5086   547                   1190.0378 28364363         
  93232 55947     1214.6445   746                   1190.0378 28117358         
  93687 56329     1236.4130   922                   1190.1274 28329258         
  94082 57139     1378.8423   857                   1190.1274 28775246         
Elapsed time = 5094.92 sec. (999486.12 ticks, tree = 7059.74 MB, solutions = 0)
Nodefile size = 4998.70 MB (3784.50 MB after compression)
  94491 56987     1720.9618   619                   1190.1274 28664107         
  94923 56749     1213.2521   748                   1190.1274 28537227         
  95303 57580     1248.0173   793                   1190.1274 29037530         
  95750 57742     1387.5006   781                   1190.1274 29100684         
  96191 57354     1412.6554   664                   1190.7605 28893942         
  96597 58554     1236.3709   771                   1190.7605 29479531         
  96990 57754     1253.1973   826                   1190.7605 29128023         
  97405 58215     1199.5907   848                   1190.8297 29340471         
  97705 58918     1220.2963   861                   1191.3049 29677743         
  97978 58678     1253.9412   776                   1191.3049 29536266         
Elapsed time = 5298.19 sec. (1037716.13 ticks, tree = 7352.53 MB, solutions = 0)
Nodefile size = 5291.02 MB (4009.10 MB after compression)
  98208 58947     1287.2809   720                   1191.3049 29720591         
  98400 59005     1376.9894   814                   1191.3049 29706589         
  98549 60252     1433.4514   777                   1191.3049 30380374         
  98678 59412     1248.4975   844                   1191.6746 29964075         
  98810 60314     1277.9062   808                   1191.6746 30596022         
  98968 60297     1208.2875   830                   1191.6746 30659000         
  99178 60349     1439.3703   767                   1191.6746 30640251         
  99401 60191     1222.5456   829                   1191.9549 30369415         
  99690 60319     1266.4649   785                   1191.9549 30670493         
 100043 60357     1264.3985   791                   1191.9549 31041256         
Elapsed time = 5504.35 sec. (1076115.48 ticks, tree = 7602.47 MB, solutions = 0)
Nodefile size = 5571.10 MB (4224.22 MB after compression)
 100433 60343     1221.2561   680                   1192.4971 31083763         
 100899 60460     1233.4416   764                   1192.4971 31255401         
 101304 60355     1233.6213   851                   1192.4971 31135738         
 101742 60707     1330.5785   753                   1192.4971 31376966         
 102168 60440     1615.2144   714                   1192.4971 31018823         
 102537 60956     1342.0288   766                   1192.5590 31492260         
 102969 61283     1247.8174   775                   1192.8919 31670508         
 103350 60746     1237.4390   809                   1192.8919 31391255         
 103778 62109     1556.2689   731                   1192.8919 32010296         
 104200 62055     1421.3170   731                   1193.0374 31991671         
Elapsed time = 5699.70 sec. (1114350.88 ticks, tree = 7848.40 MB, solutions = 0)
Nodefile size = 5784.28 MB (4386.54 MB after compression)
 104672 61377     1261.0731   851                   1193.0374 31704546         
 105127 61983     1465.3425   679                   1193.1563 31934372         
 105524 62620     1433.2362   714                   1193.4545 32270357         
 105930 62420     1328.6738   845                   1193.4545 32140539         
 106297 62751     1237.1711   792                   1193.4545 32366720         
 106662 63007     1758.6503   572                   1194.0147 32437913         
 107034 62942     1993.3929   523                   1194.0147 32416514         
 107443 63956     1323.1839   712                   1194.0147 32981776         
 107825 64399     1277.9137   713                   1194.0147 33207002         
 108202 63733     1436.0479   727                   1194.0147 32844999         
Elapsed time = 5895.94 sec. (1152600.36 ticks, tree = 8161.02 MB, solutions = 0)
Nodefile size = 6102.17 MB (4631.69 MB after compression)
 108621 64640     1353.8771   670                   1194.0147 33362319         
 108982 64224     1650.7191   632                   1194.3411 33094668         
 109346 64150     1365.7949   740                   1194.3411 33074491         
 109720 65292     1365.5733   722                   1194.3411 33708390         
 110125 65163     1446.4936   774                   1194.5233 33556581         
 110577 65395     1208.5223   826                   1194.5233 33765760         
 110968 66155     1266.4071   777                   1195.3103 34299102         
 111297 65506     1231.0481   739                   1195.3103 33902157         
 111658 65847     1285.3413   773                   1195.3103 34106349         
 111946 66258     1993.5335   499                   1195.3151 34332176         
Elapsed time = 6099.19 sec. (1190907.55 ticks, tree = 8269.32 MB, solutions = 0)
Nodefile size = 6206.74 MB (4711.67 MB after compression)
 112258 65760     1196.1369   753                   1195.3151 34066741         
 112457 65882     1222.2996   697                   1195.3151 34165930         
 112617 66176     1260.6838   811                   1195.3151 34318403         
 112750 66745     1396.5530   773                   1195.7764 34574768         
 112890 67024     1206.7404   867                   1195.9379 34752128         
 113034 67279    infeasible                         1195.9871 34829296         
 113174 67732    infeasible                         1196.1018 35320364         
 113390 67757     1269.2138   791                   1196.1444 35300137         
 113659 67786     1486.1472   664                   1196.2973 35429585         
 113957 67777     1265.4598   764                   1196.3050 35638037         
Elapsed time = 6320.44 sec. (1229301.61 ticks, tree = 8574.85 MB, solutions = 0)
Nodefile size = 6515.57 MB (4944.81 MB after compression)
 114298 67834     1554.1123   743                   1196.3050 35415288         
 114717 67800     1228.5883   789                   1196.3050 35624189         
 115063 67875     1214.9365   780                   1196.3050 35854654         
 115423 67773     1220.0010   841                   1196.3050 35750089         
 115839 68287     1221.4408   803                   1196.3050 36093362         
 116285 68078     1220.6154   781                   1196.4088 35981113         
 116659 67881     1240.8599   759                   1196.4088 35883903         
 117041 67921     1341.4337   726                   1196.6606 35851273         
 117427 69025     1308.7833   687                   1196.6606 36534402         
 117906 67888     1214.7061   731                   1196.6606 35917992         
Elapsed time = 6518.23 sec. (1267675.78 ticks, tree = 8603.47 MB, solutions = 0)
Nodefile size = 6541.51 MB (4964.87 MB after compression)
 118261 68715     1239.2958   777                   1196.6756 36365509         
 118592 68642     1227.9893   819                   1197.2123 36319265         
 118989 69667     1222.3055   848                   1197.2970 36915707         
 119334 69048     1200.5362   788                   1197.3473 36554340         
 119649 69308     1295.2323   748                   1197.3473 36729624         
 120001 69710     1390.0543   778                   1197.3473 36926663         
 120319 69444     1712.7546   730                   1197.3473 36760613         
 120638 69554     1208.2234   871                   1197.3473 36841018         
 121024 70391     1295.9798   607                   1197.4508 37368134         
 121400 70787     1246.1322   748                   1197.4508 37570621         
Elapsed time = 6705.00 sec. (1305999.08 ticks, tree = 9032.59 MB, solutions = 0)
Nodefile size = 6969.64 MB (5294.32 MB after compression)
 121758 70161     1251.7856   772                   1197.4508 37263083         
 122125 71221     1244.0639   806                   1197.4508 37768638         
 122528 71471     1209.0434   827                   1198.0416 37891875         
 122888 71809     1395.4664   808                   1198.0416 38176202         
 123322 71875     1644.8815   647                   1198.0416 38208007         
 123752 71539     1840.6834   493                   1198.0416 37933311         
 124200 72044     1929.8540   518                   1198.0416 38424327         
 124616 72815     1274.8208   772                   1198.0416 38825543         
 125073 72006     1593.1633   749                   1198.1274 38347090         
 125510 73282     1789.1087   592                   1198.7737 38992804         
Elapsed time = 6906.80 sec. (1344237.04 ticks, tree = 9240.01 MB, solutions = 0)
Nodefile size = 7173.81 MB (5445.85 MB after compression)
 125980 73770     1329.6234   760                   1198.9576 39268568         
 126366 72636     1232.8841   826                   1199.0021 38739260         
 126802 73974     1202.5909   815                   1199.0668 39382865         
 127220 72681     1530.1119   600                   1199.1696 38768085         
 127662 74455     1472.6581   784                   1199.2490 39552314         
 128042 73297     1273.4673   670                   1199.3505 39041032         
 128369 74072     1224.4996   814                   1199.4405 39425271         
 128649 74202     1251.0870   740                   1199.5266 39480457         
 128872 74790     1446.9509   863                   1199.5266 39781500         
 129064 74365     1890.9367   567                   1199.5266 39516086         
Elapsed time = 7119.29 sec. (1382552.43 ticks, tree = 9451.29 MB, solutions = 0)
Nodefile size = 7365.34 MB (5592.95 MB after compression)
 129200 74886    infeasible                         1199.5266 39843812         
 129325 75234     1397.3490   815                   1199.5266 40018120         
 129453 75408    infeasible                         1199.6599 40104868         
 129584 76391     1244.0041   863                   1199.6599 40657381         
 129738 75618     1251.2086   867                   1199.6599 40190508         
 129943 76404     1348.7665   692                   1199.6599 40845012         
 130118 76384     1234.4688   801                   1200.2650 40687502         
 130394 76382    infeasible                         1200.3122 41052629         
 130711 76388     1240.3450   758                   1200.3899 41008895         
 131030 76369     1335.8339   702                   1200.4423 41120702         
Elapsed time = 7327.03 sec. (1420897.62 ticks, tree = 9856.98 MB, solutions = 0)
Nodefile size = 7801.32 MB (5931.02 MB after compression)
 131407 76388     1228.4883   815                   1200.4544 41037070         
 131809 76447     1354.7113   757                   1200.4544 41143333         
 132243 76495     1429.0902   709                   1200.4544 41313169         
 132656 76435     1281.7867   803                   1200.4544 41047008         
 133068 76437     1225.3038   807                   1200.4544 41186320         
 133422 76412     1219.7177   701                   1200.4544 41317409         
 133776 76545     1339.3437   698                   1200.4544 41528883         
 134084 76459     1296.8351   839                   1200.4544 41284103         
 134432 76705     1275.9644   764                   1200.4661 41622587         
 134791 76484     1223.9913   839                   1200.9174 41492551         
Elapsed time = 7514.29 sec. (1459164.48 ticks, tree = 9881.49 MB, solutions = 0)
Nodefile size = 7825.55 MB (5949.91 MB after compression)
 135160 78001     1861.1902   518                   1200.9174 42251730         
 135495 77192     1250.1656   784                   1200.9366 41833418         
 135833 78488     1274.2130   787                   1200.9366 42502445         
 136203 78665     1250.4018   839                   1200.9366 42724464         
 136581 78942     1265.9993   748                   1200.9366 42821607         
 136942 79036     1229.1850   798                   1200.9366 42985047         
 137289 79020     1244.7876   767                   1200.9366 42924228         
 137741 79354     1739.9467   582                   1200.9366 43284909         
 138199 79064     1237.8485   802                   1201.6237 42995299         
 138586 79517     1224.5036   742                   1201.6237 43355759         
Elapsed time = 7719.25 sec. (1497456.33 ticks, tree = 9979.85 MB, solutions = 0)
Nodefile size = 7941.98 MB (6038.32 MB after compression)
 139013 79038     1229.7643   810                   1201.8172 42969249         
 139470 79098     1228.9257   807                   1201.8470 43068141         
 139943 80376     1478.4817   589                   1201.9124 43846538         
 140375 80538     1206.0430   764                   1202.0209 43989397         
 140794 79526     2083.6431   542                   1202.1043 43344756         
 141223 80925    infeasible                         1202.1875 44166239         
 141614 81132     1288.1149   817                   1202.1997 44255005         
 142008 80718     1228.3343   792                   1202.1997 44058730         
 142462 80733     1309.7743   692                   1202.4700 44062477         
 142873 80550     1208.1958   810                   1202.5176 43981627         
Elapsed time = 7916.53 sec. (1535688.71 ticks, tree = 10168.06 MB, solutions = 0)
Nodefile size = 8098.06 MB (6153.36 MB after compression)
 143232 82103     1306.4689   753                   1202.6196 44805284         
 143622 80859     1315.1133   744                   1202.6811 44156315         
 144008 80859     1467.2637   670                   1202.7518 44131999         
 144473 82481     1207.0728   861                   1202.8750 45027370         
 144893 82932     1267.4070   773                   1202.8918 45247489         
 145338 82515     1325.9190   772                   1202.9947 45034624         
 145735 82090     1231.9790   808                   1202.9947 44793156         
 146120 81935     1246.4913   777                   1203.0374 44741447         
 146428 82450     1291.9315   773                   1203.0374 44981952         
 146732 83847     1352.2422   776                   1203.0374 45799337         
Elapsed time = 8117.29 sec. (1573987.77 ticks, tree = 10811.07 MB, solutions = 0)
Nodefile size = 8748.01 MB (6654.79 MB after compression)
 147012 83592     1354.9447   749                   1203.0374 45678563         
 147294 83859     1468.0937   679                   1203.0374 45802856         
 147498 83744     1210.9917   860                   1203.0374 45775739         
 147697 84516    infeasible                         1203.0374 46291736         
 147871 83452     1350.7959   842                   1203.0374 45572099         
 148019 84411     1212.3263   882                   1203.6346 46238974         
 148173 83612     1584.7360   616                   1203.7143 45724661         
 148295 84277     1280.1663   786                   1203.7143 46149316         
 148441 85064     1227.0365   881                   1203.8403 46743614         
 148565 84340     1349.9428   756                   1203.8929 46220863         
Elapsed time = 8342.03 sec. (1612323.21 ticks, tree = 10909.80 MB, solutions = 0)
Nodefile size = 8847.40 MB (6731.63 MB after compression)
 148751 84333    infeasible                         1204.0107 46223780         
 148993 85138     1309.5668   747                   1204.0107 46917369         
 149225 85115    infeasible                         1204.0107 46809747         
 149479 85220     1650.7241   706                   1204.0107 47204486         
 149743 85195     1265.5524   793                   1204.3393 46873676         
 150030 85245     2083.8736   569                   1204.4630 47212910         
 150332 85200     1369.3944   758                   1204.4630 47401808         
 150685 85220     1234.0974   775                   1204.5669 47279025         
 151046 85186     1245.4143   706                   1204.5957 47173335         
 151358 85201     1271.1582   780                   1204.5957 47213065         
Elapsed time = 8537.10 sec. (1650573.37 ticks, tree = 11079.09 MB, solutions = 0)
Nodefile size = 9016.83 MB (6863.54 MB after compression)
 151698 85216     1443.1828   651                   1204.5957 47200393         
 152072 85231     1222.5169   819                   1204.8781 47613896         
 152432 85781     2350.8457   492                   1204.9860 48128140         
 152764 85952     1227.6687   807                   1205.0735 48244270         
 153163 85518     1641.5316   591                   1205.1351 47856998         
 153583 85532     2046.0460   544                   1205.1366 47861726         
 153964 85794     1210.2779   765                   1205.1720 48142412         
 154356 85549     1393.1150   766                   1205.2694 47900046         
 154753 86758     1616.7726   614                   1205.3872 48827778         
 155236 87363     1231.8091   769                   1205.4534 49236170         
Elapsed time = 8725.40 sec. (1688837.49 ticks, tree = 11124.11 MB, solutions = 0)
Nodefile size = 9060.16 MB (6894.18 MB after compression)
 155703 87173     1271.0709   682                   1205.4895 49075745         
 156185 86573     1241.7689   701                   1205.5979 48666381         
 156627 88079     1232.6822   795                   1205.6544 49570583         
 157121 88139     1267.6469   766                   1205.7239 49668132         
 157539 87555     1280.3991   759                   1205.7503 49322723         
 157880 86966     1236.5714   744                   1205.8090 48957251         
 158299 87257    infeasible                         1205.8509 49157473         
 158672 87205     1278.3045   813                   1205.9567 49101997         
 159055 87860     1236.1658   779                   1205.9942 49496829         
 159518 89346     1374.6730   738                   1206.1407 50281277         
Elapsed time = 8928.43 sec. (1727135.82 ticks, tree = 11515.53 MB, solutions = 0)
Nodefile size = 9447.23 MB (7191.21 MB after compression)
 160000 88858     1250.2633   723                   1206.1691 50052532         
 160480 89629     1965.6755   624                   1206.2526 50432498         
 160961 88584     1233.8941   811                   1206.3276 49932363         
 161360 89747     1372.4557   677                   1206.4225 50501823         
 161811 90607     1254.6715   729                   1206.4338 50910102         
 162217 89380     1261.2466   737                   1206.4800 50271676         
 162618 89249     1274.5434   844                   1206.5552 50209023         
 163006 90115    infeasible                         1206.6350 50717345         
 163432 89611     1391.7562   730                   1206.7382 50419027         
 163882 91024     1255.0946   738                   1206.7839 51164020         
Elapsed time = 9131.94 sec. (1765376.39 ticks, tree = 11836.02 MB, solutions = 0)
Nodefile size = 9770.01 MB (7441.71 MB after compression)
 164300 91044     1321.3435   736                   1206.8572 51167800         
 164780 91138     1330.2094   771                   1206.9176 51204671         
 165228 90790     1363.1930   698                   1206.9608 51034738         
 165604 91646     1253.3779   868                   1206.9759 51454122         
 165998 90904     1595.4760   643                   1207.0694 51080697         
 166342 91552     1247.6355   830                   1207.1032 51389511         
 166640 91574     1278.5285   808                   1207.1605 51393077         
 166934 91987     1232.2369   766                   1207.1929 51608349         
 167233 92683    infeasible                         1207.2954 52076357         
 167477 92682    infeasible                         1207.3228 52079354         
Elapsed time = 9342.56 sec. (1803734.84 ticks, tree = 12172.27 MB, solutions = 0)
Nodefile size = 10109.46 MB (7705.34 MB after compression)
 167649 93986     1281.9536   726                   1207.3875 52609063         
 167761 92318    infeasible                         1207.4076 51768008         
 167902 93867     1228.8835   855                   1207.4551 52579170         
 168044 93015    infeasible                         1207.5873 52233007         
 168190 93984     1234.9281   845                   1207.5873 52618360         
 168344 93455    infeasible                         1207.7009 52456566         
 168513 94661     1235.8839   886                   1207.7784 53021652         
 168697 94817     1330.8174   822                   1207.8644 53268629         
 168962 94782     1251.6332   795                   1207.9728 53332734         
 169249 94784     1243.3299   790                   1208.0032 53609170         
Elapsed time = 9545.14 sec. (1842147.52 ticks, tree = 12616.23 MB, solutions = 0)
Nodefile size = 10557.14 MB (8053.31 MB after compression)
 169580 94809     1400.9500   726                   1208.1393 53468737         
 169890 94850     1847.8342   548                   1208.2037 53588041         
 170196 94946     1548.0341   618                   1208.3026 53985969         
 170534 94968     1761.5809   515                   1208.3453 53990193         
 170900 94978     1759.7282   643                   1208.3935 53930557         
 171243 94793     1251.9438   795                   1208.4282 53359938         
 171684 94998     1249.7453   828                   1208.4778 54108046         
 172058 95018     1575.3545   655                   1208.5952 54056670         
 172502 95286     1376.2316   702                   1208.6534 54287122         
 172871 95025     1259.1966   709                   1208.7069 54065383         
Elapsed time = 9746.43 sec. (1880460.65 ticks, tree = 12602.73 MB, solutions = 0)
Nodefile size = 10557.14 MB (8053.31 MB after compression)
 173234 95896     1256.0055   721                   1208.7351 54597514         
 173539 95033     1298.8542   705                   1208.7351 53905071         
 173946 95320     1235.6915   730                   1208.9280 54304463         
 174334 96230     1236.7079   720                   1208.9838 54835092         
 174721 96404     1234.4803   799                   1208.9838 54911128         
 175074 96999     1251.7334   863                   1208.9838 55268368         
 175450 96858     1294.2213   735                   1208.9838 55193020         
 175858 97450     1233.0766   755                   1209.1952 55530795         
 176277 96240     1319.6075   700                   1209.2560 54854548         
 176768 96377     1458.2695   740                   1209.2940 54894260         
Elapsed time = 9958.32 sec. (1918729.39 ticks, tree = 12616.19 MB, solutions = 0)
Nodefile size = 10557.14 MB (8053.31 MB after compression)
 177160 98224     1869.7948   575                   1209.3346 56045572         
 177593 97452     2136.4668   522                   1209.3725 55511710         
 178054 97689     1287.9037   741                   1209.4903 55654286         
 178479 97339     1260.2961   749                   1209.5263 55474316         
 178888 97955     1255.1331   741                   1209.5761 55893347         
 179343 98719     1290.5104   765                   1209.5966 56300741         
 179731 98469     1294.3693   746                   1209.6220 56137072         
 180124 98485     1407.8708   682                   1209.6586 56141022         
 180499 98232     1249.9118   758                   1209.6586 56040379         
 180907 98773     1266.8054   796                   1209.6586 56316548         
Elapsed time = 10152.14 sec. (1956982.64 ticks, tree = 12920.12 MB, solutions = 0)
Nodefile size = 10840.64 MB (8266.31 MB after compression)
 181293 99828     1242.2077   816                   1209.6586 56931988         
 181674 99627     1225.4219   865                   1209.6586 56741460         
 182082 99852     1245.0176   757                   1209.6586 56904073         
 182516 99641     1261.5270   769                   1209.6586 56748751         
 182899 100214     1346.1324   701                   1210.0965 57165265         
 183329 100817     1656.2394   667                   1210.1017 57416863         
 183803 99807     1336.6936   773                   1210.1955 56826483         
 184291 101737     1448.8970   697                   1210.2891 58014318         
 184675 100031     1405.6136   776                   1210.3824 57069998         
 185089 101192     2025.3969   498                   1210.4613 57704532         
Elapsed time = 10351.86 sec. (1995249.51 ticks, tree = 13410.58 MB, solutions = 0)
Nodefile size = 11335.38 MB (8649.29 MB after compression)
 185450 100993     1667.4586   641                   1210.4955 57526541         
 185893 101756     1251.0165   754                   1210.6100 58031490         
 186387 101291     1253.8151   810                   1210.6795 57751855         
 186827 102978     1692.9005   514                   1210.6915 58668112         
 187281 101576     1346.2329   764                   1210.8029 57895072         
 187715 102554     1261.2912   756                   1210.8115 58528371         
 188110 103480     1847.4718   508                   1210.8675 58890311         
 188515 103639     1854.8288   653                   1210.9614 58999337         
 188870 102376     1256.9929   676                   1211.0492 58373709         
 189305 104441     1233.5935   784                   1211.0877 59432235         
Elapsed time = 10554.93 sec. (2033465.23 ticks, tree = 14071.03 MB, solutions = 0)
Nodefile size = 12006.23 MB (9171.61 MB after compression)
 189626 103139     1296.4271   777                   1211.0877 58760126         
 189934 104441     1245.2227   744                   1211.0877 59439990         
 190349 103866     1254.6665   769                   1211.0877 59199730         
 190739 105202     1264.3071   770                   1211.0877 59908734         
 191154 104378     1217.1849   842                   1211.0877 59415281         
 191536 105165     1291.6824   811                   1211.0877 59878581         
 191910 105294     1294.8164   745                   1211.0877 59958095         
 192221 104541     1248.8323   723                   1211.0877 59498524         
 192505 105194     1241.9627   820                   1211.0877 59890261         
 192794 105243     1510.0463   645                   1211.5966 59931654         
Elapsed time = 10746.36 sec. (2071650.25 ticks, tree = 14184.36 MB, solutions = 0)
Nodefile size = 12123.95 MB (9262.86 MB after compression)
 193035 106321    infeasible                         1211.6154 60663877         
 193245 106417    infeasible                         1211.6154 60743967         
 193404 105248     1231.9898   801                   1211.6154 59943119         
 193551 106235     1286.8080   788                   1211.6154 60587742         
 193707 105616     1223.5560   758                   1211.6154 60320744         
 193858 106206     1326.7264   787                   1211.6154 60557078         
 193981 107118    infeasible                         1211.6154 61289046         
 194128 106243     1644.6990   555                   1211.6154 60599917         
 194257 107132    infeasible                         1212.1977 61504546         
 194421 106736    infeasible                         1212.2324 61077154         
Elapsed time = 10958.06 sec. (2110215.76 ticks, tree = 14163.44 MB, solutions = 0)
Nodefile size = 12123.95 MB (9262.86 MB after compression)
 194591 106689     1299.4917   696                   1212.2911 60961314         
 194789 106940     1242.5837   838                   1212.2911 61186153         
 195043 107189     1597.3696   592                   1212.4599 62026393         
 195301 107271     1537.0657   690                   1212.4599 61686690         
 195610 107182     1248.8411   758                   1212.5026 61888812         
 195934 107157     1293.0590   654                   1212.5405 62103847         
 196299 107208     1283.7340   691                   1212.5589 61895457         
 196747 107210     1277.2373   786                   1212.6150 62018739         
 197187 107209     1232.3081   725                   1212.6150 62557202         
 197693 107169     1749.9977   654                   1212.6150 62227553         
Elapsed time = 11174.87 sec. (2148579.02 ticks, tree = 14188.49 MB, solutions = 0)
Nodefile size = 12123.95 MB (9262.86 MB after compression)
 198102 107522     1240.9577   819                   1212.6150 62734224         
 198497 107798     1291.5883   826                   1212.6150 62867455         
 198928 107854     1551.5634   589                   1212.6150 62902787         
 199375 107259     1285.9601   781                   1212.6150 62326967         
 199808 107257     1233.2104   747                   1212.6150 62383417         
 200232 108552     1251.2718   789                   1212.6150 63342177         
 200628 107221     1424.3274   644                   1212.6150 62433089         
 201076 107301     1260.0906   787                   1213.3667 62622425         
 201551 107580     1254.7815   788                   1213.4116 62764583         
 201999 108347     1307.3782   674                   1213.4474 63144193         
Elapsed time = 11378.29 sec. (2186804.24 ticks, tree = 14436.68 MB, solutions = 0)
Nodefile size = 12361.45 MB (9443.33 MB after compression)
 202441 107901     1240.9919   789                   1213.5962 62902814         
 202854 108358     1281.9885   757                   1213.6355 63181397         
 203234 110726     1246.3643   836                   1213.7460 64271668         
 203657 109023     1254.0174   765                   1213.7460 63547099         
 204093 109036     1238.4814   691                   1213.8304 63550659         
 204526 109196     1252.0852   772                   1213.8953 63622394         
 204987 110226     1650.3032   697                   1213.9664 64067932         
 205333 109718     1250.7399   817                   1214.0026 63847246         
 205724 111832     1338.8745   746                   1214.1165 64852336         
 206080 109994     1495.2011   586                   1214.1763 63966946         
Elapsed time = 11570.15 sec. (2225009.11 ticks, tree = 14768.84 MB, solutions = 0)
Nodefile size = 12688.45 MB (9696.40 MB after compression)
 206452 112173     1416.6847   662                   1214.2137 65073695         
 206836 110860     1344.4131   681                   1214.2287 64339314         
 207218 112709     1253.3252   739                   1214.2287 65345923         
 207534 111427     1247.1861   868                   1214.2287 64665103         
 207917 112208     1248.4298   727                   1214.5502 65089606         
 208241 112049     1284.9039   801                   1214.6629 64992987         
 208605 111603     1217.3117   785                   1214.7024 64777097         
 208983 113053     1269.8625   776                   1214.7646 65560126         
 209333 112389     1242.7238   826                   1214.8489 65176094         
 209706 113961     1252.7941   734                   1214.9073 66172795         
Elapsed time = 11753.33 sec. (2263303.91 ticks, tree = 15236.54 MB, solutions = 0)
Nodefile size = 13174.25 MB (10072.33 MB after compression)
 210004 113604     1940.5851   503                   1214.9753 65945109         
 210343 114352     1408.9475   746                   1215.0538 66410467         
 210735 114586    infeasible                         1215.0886 66604560         
 211114 114023     1411.1241   685                   1215.0886 66186923         
 211439 114294    infeasible                         1215.1837 66387792         
 211752 114569    infeasible                         1215.2837 66612471         
 212027 113609     1225.4289   869                   1215.3383 65890010         
 212313 113697     1385.0664   750                   1215.3558 66006637         
 212560 113996     1244.2999   805                   1215.4428 66165507         
 212771 114165     1239.8758   778                   1215.5033 66320737         
Elapsed time = 11983.38 sec. (2301693.01 ticks, tree = 15242.64 MB, solutions = 0)
Nodefile size = 13174.25 MB (10072.33 MB after compression)
 212972 114442     1666.6064   633                   1215.5173 66445180         
 213092 114905     1302.3112   727                   1215.5173 66905976         
 213167 114837     1281.1145   833                   1215.5173 66825299         
 213187 114784    infeasible                         1215.5173 66758179         

Clique cuts applied:  40
Cover cuts applied:  29
Implied bound cuts applied:  3832
Flow cuts applied:  319
Mixed integer rounding cuts applied:  280
Zero-half cuts applied:  17
Lift and project cuts applied:  11
Gomory fractional cuts applied:  25

Root node processing (before b&c):
  Real time             =   41.92 sec. (24817.78 ticks)
Parallel b&c, 32 threads:
  Real time             = 11979.80 sec. (2293066.69 ticks)
  Sync time (average)   = 2865.94 sec.
  Wait time (average)   =    0.00 sec.
                          ------------
Total (root+branch&cut) = 12021.72 sec. (2317884.47 ticks)
Number of arguments: 4

File path: ../Data/Demo/100/RC102.txt
Capacity of FEV: 600
Capacity of SEV: 50
Execution time limit: 200
Number of Robots/MM: 10
Case: f

Number of customers: 100
./Result/RC102/RC102-Q50
No feasible solution found.
Version identifier: 22.1.1.0 | 2022-11-28 | 9160aff4d
CPXPARAM_TimeLimit                               8400
Tried aggregator 1 time.
MIP Presolve eliminated 3618 rows and 2551 columns.
MIP Presolve modified 9468 coefficients.
Reduced MIP has 5677 rows, 6299 columns, and 25979 nonzeros.
Reduced MIP has 3224 binaries, 3075 generals, 0 SOSs, and 0 indicators.
Presolve time = 0.04 sec. (23.27 ticks)
Probing fixed 161 vars, tightened 66 bounds.
Probing changed sense of 13 constraints.
Probing time = 0.10 sec. (24.28 ticks)
Cover probing fixed 0 vars, tightened 2 bounds.
Tried aggregator 1 time.
Detecting symmetries...
MIP Presolve eliminated 212 rows and 226 columns.
MIP Presolve modified 131 coefficients.
Reduced MIP has 5465 rows, 6073 columns, and 24683 nonzeros.
Reduced MIP has 3063 binaries, 3010 generals, 0 SOSs, and 0 indicators.
Presolve time = 0.03 sec. (14.98 ticks)
Probing fixed 1 vars, tightened 1 bounds.
Probing time = 0.06 sec. (14.16 ticks)
Clique table members: 17319.
MIP emphasis: balance optimality and feasibility.
MIP search method: dynamic search.
Parallel mode: deterministic, using up to 32 threads.
Root relaxation solution time = 0.87 sec. (219.08 ticks)

        Nodes                                         Cuts/
   Node  Left     Objective  IInf  Best Integer    Best Bound    ItCnt     Gap

      0     0      545.0115   221                    545.0115       19         
      0     0      605.4053   284                   Cuts: 338      668         
      0     0      614.1394   337                   Cuts: 191      995         
      0     0      618.7231   342                   Cuts: 140     1284         
      0     0      621.1957   308                   Cuts: 118     1467         
      0     0      623.9778   329                    Cuts: 81     1617         
Detecting symmetries...
      0     0      624.6668   354                    Cuts: 66     1753         
      0     0      624.8047   327                    Cuts: 84     1788         
      0     0      624.9310   339                    Cuts: 24     1825         
      0     0      624.9943   339                    Cuts: 74     1861         
      0     0      625.0574   330                    Cuts: 28     1881         
      0     0      625.8583   328                     Cuts: 8     1940         
      0     0      626.2599   317                    Cuts: 23     1961         
      0     0      628.9201   337                    Cuts: 19     2027         
      0     0      629.4782   340                    Cuts: 16     2082         
      0     0      630.0992   356                    Cuts: 23     2208         
      0     0      630.7661   343                    Cuts: 31     2290         
      0     0      631.0663   342                    Cuts: 10     2335         
      0     0      631.1785   329                     Cuts: 8     2352         
      0     0      631.2011   337                    Cuts: 10     2370         
Detecting symmetries...
      0     2      631.2011   329                    641.2808     2370         
Elapsed time = 10.15 sec. (3606.15 ticks, tree = 0.02 MB, solutions = 0)
     58    16      669.5603   310                    641.2808     4263         
    172   131      743.1254   306                    641.2808    23887         
    218   166      809.3663   264                    641.2808    38508         
    263   192    infeasible                          641.2808    55944         
    349   200      737.6470   285                    641.2808   101007         
    464   232    infeasible                          641.2808   157674         
    528   236      808.4383   315                    641.2808   160170         
    686   270      739.4997   289                    641.2808   184769         
    834   301      848.0198   277                    641.2808   222474         
   1195   531      680.7831   310                    641.2808   349891         
Elapsed time = 27.59 sec. (6729.61 ticks, tree = 2.19 MB, solutions = 0)
   1881   764      669.0516   312                    647.0430   464172         
   2276  1002      674.5611   335                    650.2425   537937         
   2733  1062      788.6278   266                    650.2425   662873         
   3350  1209      878.2527   274                    653.3766   754060         
   3560  1504      698.1048   324                    654.2928   938616         
   3876  1539     1364.1102   179                    655.0892  1049609         
   4707  1796      710.3193   335                    656.0151  1162846         
   5147  2180    infeasible                          656.0151  1318021         
   5392  2058    infeasible                          670.0394  1426342         
   5656  1988    infeasible                          670.3465  1482797         
Elapsed time = 68.22 sec. (16279.52 ticks, tree = 7.37 MB, solutions = 0)
   6070  1852      814.9544   345                    670.3622  1649183         
   6917  1982     1007.1020   239                    670.3622  1781213         
   7426  2116    infeasible                          690.1424  1922968         
   7790  1939    infeasible                          705.7252  1995101         
   8099  1567    infeasible                          713.9310  2126855         
   8456  1367    infeasible                          718.0565  2235015         
   8939   853    infeasible                          751.4209  2431975         
   9419   589    infeasible                          756.9312  2500878         
  10213   280     1412.2296   179                    767.5201  2685748         
  13750   575     1061.2445   244                    799.2668  2780391         
Elapsed time = 111.70 sec. (25824.12 ticks, tree = 3.17 MB, solutions = 0)
  18403  2634    infeasible                          814.5652  2892220         
  21960  7847    infeasible                          906.5239  3169919         
  23820  7055     1283.5622   194                   1187.1885  3235852         
  27628  7079     1412.7721   183                   1213.6243  3376182         
  31628  7788     1364.2718   205                   1223.3581  3447147         
  34333  9003     1331.7902   215                   1235.5711  3662356         
  36423  9495     1359.4510   231                   1254.1137  3847327         
  40831  9272     1305.0453   267                   1273.2640  3977559         
  44921 11811     1321.0609   242                   1291.3603  4186759         
  46321 13664     1336.6999   244                   1295.8060  4346739         
Elapsed time = 156.23 sec. (35368.44 ticks, tree = 98.13 MB, solutions = 0)
  48633 13332     1341.5379   201                   1304.4141  4470673         
  52753 14373     1374.2809   233                   1312.8926  4638861         
  55913 15350    infeasible                         1316.2809  4727717         
  56969 17120     1325.7337   230                   1319.1150  4877738         
  59039 16940     1338.6131   225                   1321.1953  5100928         
  63005 17737     1330.4848   222                   1322.7829  5269115         
  66083 18285     1348.2515   221                   1324.1491  5331506         
  67103 19857    infeasible                         1325.7146  5628835         
  68484 19376     1384.6671   270                   1326.9676  5786345         
  71920 19349     1402.1992   207                   1328.4479  5918188         
Elapsed time = 201.06 sec. (44910.77 ticks, tree = 143.15 MB, solutions = 0)
  75255 20123     1357.0457   207                   1330.0117  6001962         
  76422 21512     1359.9705   218                   1331.2803  6252268         
  77411 21063    infeasible                         1332.4509  6392526         
  79566 20677     1386.5730   251                   1334.0866  6525888         
  83318 20946     1358.5972   229                   1335.3117  6723879         
  85623 22165    infeasible                         1336.5902  6886499         
  86560 22383     1376.1292   211                   1338.2522  6984945         
  87595 21621     1345.7700   223                   1339.8738  7189160         
  88832 21179     1357.4542   238                   1341.0382  7289718         
  92379 20334     1392.1461   234                   1342.3355  7573427         
Elapsed time = 247.24 sec. (54453.75 ticks, tree = 149.16 MB, solutions = 0)
  96058 20691     1397.9680   178                   1343.6100  7620502         
  98031 22404    infeasible                         1345.5702  7824602         
  99125 22332    infeasible                         1347.2115  8060424         
 100099 22288    infeasible                         1348.6939  8073373         
 101977 21328    infeasible                         1350.6134  8305854         
 105534 20869     1424.4405   192                   1351.9767  8521961         
 109154 20761     1427.6768   234                   1352.9641  8505924         
 110633 23312    infeasible                         1354.5228  8854626         
 111652 22972    infeasible                         1356.5788  8930326         
 112687 22748     1371.5363   244                   1357.8631  8981763         
Elapsed time = 292.97 sec. (63998.85 ticks, tree = 167.04 MB, solutions = 0)
 114599 21503     1415.4021   208                   1359.1358  9305608         
 118135 21332     1410.4132   206                   1360.6000  9440704         
 122186 21756     1386.6429   211                   1361.5072  9490429         
 124371 24344    infeasible                         1362.9012  9758568         
 125347 24778    infeasible                         1364.7362  9807604         
 126307 24726     1430.7672   226                   1365.2868  9902168         
 127209 23283    infeasible                         1366.6656 10282978         
 128201 23304    infeasible                         1367.8334 10279183         
 130407 22317     1443.5681   214                   1369.1629 10535638         
 133852 21870     1387.1892   239                   1371.0246 10635806         
Elapsed time = 338.04 sec. (73541.95 ticks, tree = 158.10 MB, solutions = 0)
 137277 21960    infeasible                         1371.8035 10760536         
 138975 21851    infeasible                         1373.1930 10960019         
 140085 21326    infeasible                         1374.4548 11156467         
 141255 20168    infeasible                         1375.8917 11390332         
 142403 19694    infeasible                         1377.3160 11488556         
 143484 18647     1469.5408   201                   1378.8362 11670096         
 144741 17072    infeasible                         1380.8146 11960074         
 145875 17496    infeasible                         1381.8047 11883184         
 147063 15416     1402.4863   226                   1384.0167 12268287         
 148935 14735    infeasible                         1385.3048 12374815         
Elapsed time = 384.71 sec. (83088.49 ticks, tree = 96.06 MB, solutions = 0)
 152212 14198     1432.4186   206                   1387.5886 12479640         
 156102 13747     1429.8221   217                   1389.3076 12566693         
 158539 13388    infeasible                         1391.6841 12697284         
 159939 13273     1430.0003   206                   1393.4305 12748710         
 161371 12768    infeasible                         1396.1005 13062896         
 162849 12311     1549.4066   162                   1397.9378 13139623         
 164294  9793    infeasible                         1400.7968 13485236         
 165896  9298    infeasible                         1402.7185 13552962         
 167630  8129    infeasible                         1405.9727 13708258         

Clique cuts applied:  17
Cover cuts applied:  40
Implied bound cuts applied:  3336
Flow cuts applied:  197
Mixed integer rounding cuts applied:  142
Zero-half cuts applied:  30
Lift and project cuts applied:  24
Gomory fractional cuts applied:  12

Root node processing (before b&c):
  Real time             =    6.17 sec. (3562.51 ticks)
Parallel b&c, 32 threads:
  Real time             =  436.39 sec. (91011.69 ticks)
  Sync time (average)   =  148.35 sec.
  Wait time (average)   =    0.00 sec.
                          ------------
Total (root+branch&cut) =  442.57 sec. (94574.20 ticks)
Number of arguments: 4

File path: ../Data/Demo/50/RC102_50.txt
Capacity of FEV: 600
Capacity of SEV: 50
Execution time limit: 140
Number of Robots/MM: 10
Case: f

Number of customers: 48
./Result/RC102_50/RC102_50-Q50
No feasible solution found.
