Version identifier: 22.1.1.0 | 2022-11-28 | 9160aff4d
CPXPARAM_TimeLimit                               10800
Tried aggregator 1 time.
MIP Presolve eliminated 9410 rows and 4384 columns.
MIP Presolve modified 38982 coefficients.
Reduced MIP has 24158 rows, 28368 columns, and 115655 nonzeros.
Reduced MIP has 14504 binaries, 13864 generals, 0 SOSs, and 0 indicators.
Presolve time = 0.17 sec. (96.75 ticks)
Probing fixed 95 vars, tightened 3 bounds.
Probing changed sense of 18 constraints.
Probing time = 6.49 sec. (66.79 ticks)
Tried aggregator 1 time.
Detecting symmetries...
MIP Presolve eliminated 548 rows and 547 columns.
MIP Presolve modified 2 coefficients.
Reduced MIP has 23610 rows, 27821 columns, and 113416 nonzeros.
Reduced MIP has 14407 binaries, 13414 generals, 0 SOSs, and 0 indicators.
Presolve time = 0.21 sec. (104.75 ticks)
Probing fixed 178 vars, tightened 0 bounds.
Probing time = 7.95 sec. (63.55 ticks)
Clique table members: 74712.
MIP emphasis: balance optimality and feasibility.
MIP search method: dynamic search.
Parallel mode: deterministic, using up to 32 threads.
Root relaxation solution time = 6.41 sec. (703.64 ticks)

        Nodes                                         Cuts/
   Node  Left     Objective  IInf  Best Integer    Best Bound    ItCnt     Gap

      0     0      782.5537   311                    782.5537       25         
      0     0      833.4403   489                   Cuts: 414     1977         
      0     0      852.6789   518                   Cuts: 256     3039         
      0     0      861.2959   582                   Cuts: 191     3775         
      0     0      864.4913   551                   Cuts: 214     4186         
      0     0      867.9496   601                    Cuts: 91     4533         
Detecting symmetries...
      0     0      868.8786   582                    Cuts: 69     4741         
      0     0      870.0247   539                    Cuts: 78     4924         
      0     0      870.9977   513                    Cuts: 47     5145         
      0     0      871.5375   484                    Cuts: 55     5303         
      0     0      872.0079   479                    Cuts: 57     5384         
      0     0      872.2517   516                    Cuts: 23     5550         
      0     0      872.3808   506                    Cuts: 80     5630         
      0     0      872.3954   499                    Cuts: 20     5652         
      0     0      872.4015   476                    Cuts: 11     5664         
      0     0      872.4228   509                     Cuts: 7     5697         
Detecting symmetries...
      0     2      872.4228   509                    872.4228     5697         
Elapsed time = 47.75 sec. (14760.38 ticks, tree = 0.02 MB, solutions = 0)
      2     3      872.6306   533                    872.4481     5711         
      4     6      874.3884   490                    872.6492     6422         
     15    11      873.7165   541                    873.1679     7126         
     21    21      874.9958   492                    873.1679     8537         
     25    16      876.6218   508                    873.1679     8266         
     33    26      888.3940   545                    873.1679    10741         
     37    22      921.8998   494                    873.2513    10074         
     42     7      879.8121   458                    873.3342     7137         
     56    44      907.5725   510                    873.3342    29849         
    101    65      888.5668   474                    874.1035    65469         
Elapsed time = 66.34 sec. (18415.72 ticks, tree = 0.12 MB, solutions = 0)
    111    75      934.1472   500                    874.1035    87495         
    157   137      922.4065   464                    877.6837   194552         
    443   160      932.1133   436                    877.6837   197155         
    665   527      890.6673   525                    877.6837   239772         
    866   560      981.0642   446                    877.6837   251726         
   1060   710     1011.6409   468                    877.6837   293552         
   1319  1027     1098.4794   330                    877.6837   357152         
   1508  1183     1035.3110   416                    877.6837   391726         
   1746  1187     1100.6920   356                    877.6837   392765         
   1991  1469      925.9321   496                    877.6837   456577         
Elapsed time = 111.85 sec. (28029.87 ticks, tree = 173.59 MB, solutions = 0)
   2257  1637      963.8073   498                    878.4693   491316         
   2420  1749      927.0833   485                    878.7541   506987         
   2565  1825     1067.7913   432                    878.7541   528932         
   2805  1949     1198.6605   406                    878.7541   577933         
   3135  2194     1180.0253   407                    878.7541   632403         
   3463  2277     1116.1984   361                    878.7541   644117         
   3803  2576    infeasible                          879.1685   691832         
   4124  2700     1064.7638   394                    879.1685   714356         
   4522  2640      936.3701   483                    879.1685   702385         
   4823  3179      932.7207   500                    880.2299   780662         
Elapsed time = 156.76 sec. (37601.34 ticks, tree = 454.67 MB, solutions = 0)
   5202  3542      919.3916   538                    906.6074   832621         
   5587  3563      932.2879   544                    907.6824   833510         
   6049  3839      999.9287   478                    909.2498   864811         
   6413  3928     1072.5209   459                    909.2652   880100         
   6847  4648      969.9127   520                    909.2652   952469         
   7207  4618     1020.6925   498                    909.9467   952191         
   7577  5070      946.3866   546                    910.0201   996771         
   7892  5554     1038.7537   457                    910.0201  1047301         
   8097  5703     1058.9577   513                    910.0201  1056825         
   8152  5572      998.6596   474                    910.0201  1054607         
Elapsed time = 198.55 sec. (47171.72 ticks, tree = 873.38 MB, solutions = 0)

Performing restart 1

Repeating presolve.
Tried aggregator 1 time.
MIP Presolve eliminated 267 rows and 219 columns.
MIP Presolve modified 400 coefficients.
Reduced MIP has 23343 rows, 27602 columns, and 112150 nonzeros.
Reduced MIP has 14217 binaries, 13385 generals, 0 SOSs, and 0 indicators.
Presolve time = 0.11 sec. (56.27 ticks)
Tried aggregator 1 time.
MIP Presolve eliminated 137 rows and 139 columns.
MIP Presolve modified 77 coefficients.
Reduced MIP has 23206 rows, 27463 columns, and 111608 nonzeros.
Reduced MIP has 14168 binaries, 13295 generals, 0 SOSs, and 0 indicators.
Presolve time = 0.23 sec. (105.52 ticks)
Represolve time = 10.61 sec. (328.80 ticks)
   8155     0      909.2424   688                   Cuts: 836  1134580         
   8155     0      927.7553   740                   Cuts: 691  1136183         
   8155     0      955.8337   769                  Cuts: 1025  1138275         
   8155     0      963.5876   840                  Cuts: 1118  1139545         
   8155     0      979.5128   833                   Cuts: 959  1141274         
   8155     0      986.9858   875                   Cuts: 965  1142392         
   8155     0      990.1905   924                   Cuts: 687  1143548         
   8155     0      996.1301   883                  Cuts: 1586  1144886         
   8155     0      998.2328   943                  Cuts: 1176  1145644         
   8155     0     1002.2683   899                   Cuts: 638  1146679         
   8155     0     1003.3033   891                   Cuts: 317  1147286         
   8155     0     1003.9602   948                   Cuts: 439  1148067         
   8155     0     1006.1584   952                  Cuts: 1590  1149168         
   8155     0     1007.0501   958                   Cuts: 835  1150024         
   8155     0     1010.9641   950                   Cuts: 581  1151358         
   8155     0     1012.1049   966                   Cuts: 525  1151968         
   8155     0     1012.8564   976                   Cuts: 344  1152361         
   8155     0     1013.6504   991                   Cuts: 329  1152703         
   8155     0     1013.9135  1003                   Cuts: 332  1152966         
   8155     0     1014.1700  1022                   Cuts: 317  1153254         
   8155     0     1014.3941  1022                   Cuts: 303  1153534         
   8155     0     1014.7595  1034                   Cuts: 144  1153784         
   8155     0     1014.8571  1027                   Cuts: 226  1153962         
   8155     0     1014.9383  1027                   Cuts: 147  1154115         
   8155     0     1015.0130  1022                   Cuts: 149  1154307         
   8155     0     1015.1229  1023                    Cuts: 94  1154520         
   8155     2     1015.1229  1023                   1015.1229  1154520         
   8156     3     1016.0202  1013                   1016.0450  1154726         
   8157     3     1025.0690   958                   1016.0450  1156394         
   8158     4     1016.9601   988                   1016.9665  1155389         
   8159     5     1027.7779   992                   1016.9665  1157798         
   8162     6     1018.3163  1006                   1018.3238  1158378         
   8163     6     1026.3021   945                   1018.3238  1159375         
   8164     9     1027.9702   970                   1018.3238  1162571         
   8166     7     1027.7452   983                   1018.3238  1160025         
   8167     7     1035.9208   951                   1018.3238  1160401         
Elapsed time = 490.11 sec. (214188.39 ticks, tree = 0.02 MB, solutions = 0)
   8171    10     1019.3034  1021                   1019.3123  1162373         
   8172     7     1028.7606   986                   1019.3123  1159121         
   8174     8     1027.7452   988                   1019.3123  1160073         
   8177    17     1030.0448   991                   1019.3123  1171418         
   8179    11     1038.2760   963                   1019.3123  1166514         
   8182    13     1033.8756   984                   1019.3123  1169090         
   8188    18     1027.9534   980                   1019.3123  1171997         
   8190    17     1039.4181   953                   1019.3123  1172779         
   8192    19     1033.9394   939                   1019.3123  1176088         
   8193    12     1041.5167   958                   1019.3123  1168380         
Elapsed time = 573.68 sec. (233963.33 ticks, tree = 0.02 MB, solutions = 0)
   8197    14     1026.9696   992                   1019.3123  1170167         
   8199    20     1043.7246   885                   1019.3123  1177109         
   8203    15     1027.2648   983                   1020.0661  1171227         
   8209    25     1037.9386   963                   1020.0661  1181070         
   8211    21     1079.9037   896                   1020.0661  1181700         
   8215    19     1031.3640   998                   1020.0661  1176341         
   8221    26     1029.7914   983                   1020.0661  1183399         
   8229    36     1045.5173   886                   1020.0661  1205250         
   8242    53     1038.6226   998                   1020.0661  1266579         
   8250    45     1057.9807   924                   1020.0661  1233848         
Elapsed time = 646.41 sec. (246022.10 ticks, tree = 0.03 MB, solutions = 0)
   8261    63     1031.3211  1006                   1020.0661  1317881         
   8276    58     1103.6312   865                   1020.0661  1298368         
   8293    71     1044.3305   964                   1020.0661  1343452         
   8306    54     1045.1644   950                   1020.0661  1266031         
   8324    72     1034.2051   992                   1021.1270  1351842         
   8342    69     1097.6007   843                   1021.1270  1324839         
   8363    67     1065.3828   942                   1021.1394  1325793         
   8383    62     1061.1527   909                   1021.1394  1298586         
   8398    72     1060.9700   908                   1021.1394  1338361         
   8410    85     1052.6988   869                   1021.1394  1385286         
Elapsed time = 716.16 sec. (255905.36 ticks, tree = 0.30 MB, solutions = 0)
   8433   119     1074.2479   800                   1021.1394  1428232         
   8459   167     1055.6401   915                   1021.1394  1490424         
   8481   160     1051.9971   931                   1021.1394  1483529         
   8505   183     1082.8854   764                   1021.1394  1511619         
   8524   103     1049.2032   959                   1021.1394  1403901         
   8543   109     1105.7443   717                   1021.1394  1413008         
   8565   230     1167.7300   806                   1021.1394  1582168         
   8585    55     1142.0472   889                   1021.1394  1272104         
   8622   265     1085.4393   744                   1021.1394  1617833         
   8657   323     1056.1504   931                   1021.1394  1693204         
Elapsed time = 782.30 sec. (265783.66 ticks, tree = 2.49 MB, solutions = 0)
   8688   299     1086.9942   953                   1021.1394  1654023         
   8728   422     1043.2505   969                   1021.1394  1784909         
   8770   349     1112.0871   687                   1021.1394  1710728         
   8825   382     1037.3605   961                   1021.1394  1744933         
   8866   407     1225.4043   737                   1021.1394  1774854         
   8916   313     1089.6775   836                   1021.1394  1655320         
   8978   565     1193.7906   726                   1021.1394  1849542         
   9025   400     1063.7693   907                   1021.1394  1766917         
   9079   627     1085.8531   881                   1021.1394  1871137         
   9346   693     1183.1180   848                   1021.1394  1904104         
Elapsed time = 862.90 sec. (278342.31 ticks, tree = 39.09 MB, solutions = 0)
   9582   698     1215.2386   774                   1021.1394  1906903         
   9797  1038     1122.5009   679                   1021.1394  2019633         
   9993  1380     1123.3812   708                   1021.1394  2122398         
  10273  1656     1347.3304   532                   1021.1394  2226070         
  10561  1858     1133.3880   715                   1021.1394  2294915         
  10874  1837     1248.4041   637                   1021.1394  2290872         
  11271  1851     1251.8707   612                   1021.1394  2293277         
  11642  2174     1175.3841   533                   1021.1394  2383917         
  11924  2623     1182.3820   612                   1021.1394  2500253         
  12182  3087     1092.3114   895                   1021.1394  2605958         
Elapsed time = 1108.52 sec. (316668.98 ticks, tree = 409.84 MB, solutions = 0)
  12327  3096     1193.0389   870                   1021.8735  2609127         
  12431  3751     1086.0030   963                   1021.8735  2783934         
  12566  3792     1101.1773   899                   1021.8735  2808608         
  12705  3808     1262.5280   584                   1021.8735  2822947         
  12868  3964     1063.0124   936                   1021.8735  2911860         
  13059  4081     1062.4061   939                   1021.8735  2991179         
  13344  4211     1152.5684   680                   1021.8735  3050661         
  13685  4560     1139.8415   703                   1021.8735  3244138         
  14035  4349     1145.5364   781                   1021.8735  3156734         
  14372  5013     1082.4146   842                   1021.8735  3373400         
Elapsed time = 1345.22 sec. (354884.37 ticks, tree = 709.19 MB, solutions = 0)
  14866  5522     1251.2889   529                   1021.8735  3504664         
  15320  5074     1115.2109   790                   1021.8735  3391275         
  15793  6304     1173.0521   700                   1021.8735  3690182         
  16312  6099     1127.5924   886                   1021.8735  3650777         
  16711  6627     1097.7302   817                   1021.8735  3767605         
  17182  6661     1172.9993   527                   1021.8735  3760669         
  17599  7233     1221.2670   590                   1029.9787  3868039         
  18044  7809     1111.9361   757                   1029.9787  3991415         
  18578  8184     1252.8380   538                   1029.9787  4069589         
  19050  8929     1088.1765   866                   1029.9787  4233837         
Elapsed time = 1586.73 sec. (393118.73 ticks, tree = 1489.59 MB, solutions = 0)
  19427  8575     1063.8709   903                   1029.9787  4157536         
  19896  9540     1193.8192   821                   1032.6584  4359695         
  20378 10119     1108.8976   902                   1032.6584  4456491         
  20920 10797     1224.7821   725                   1036.2711  4604589         
  21460 11095     1131.1147   764                   1036.2711  4653118         
  22012 11659     1353.5490   650                   1036.2711  4734173         
  22569 11916     1245.1319   548                   1036.2711  4775935         
  23142 11854     1110.9969   857                   1036.2711  4762487         
  23635 12604     1055.0284   949                   1037.9075  4910728         
  24080 12380     1079.1063   861                   1037.9075  4872988         
Elapsed time = 1835.74 sec. (431356.71 ticks, tree = 2171.04 MB, solutions = 0)
Nodefile size = 112.06 MB (79.98 MB after compression)
  24357 13079     1104.4395   852                   1037.9075  4988141         
  24619 13426     1145.1172   602                   1037.9075  5027404         
  24673 13582     1166.2746   753                   1037.9075  5045312         

Performing restart 2

Repeating presolve.
Tried aggregator 1 time.
MIP Presolve eliminated 34 rows and 44 columns.
MIP Presolve modified 382 coefficients.
Reduced MIP has 23172 rows, 27419 columns, and 155837 nonzeros.
Reduced MIP has 14155 binaries, 13264 generals, 0 SOSs, and 0 indicators.
Presolve time = 0.15 sec. (80.29 ticks)
Tried aggregator 1 time.
MIP Presolve eliminated 43 rows and 67 columns.
Reduced MIP has 23129 rows, 27352 columns, and 155528 nonzeros.
Reduced MIP has 14131 binaries, 13221 generals, 0 SOSs, and 0 indicators.
Presolve time = 0.24 sec. (103.61 ticks)
Represolve time = 12.60 sec. (892.66 ticks)
  24676     0     1017.6144  1046                   Cuts: 480  5380923         
  24676     0     1021.2945  1016                    Cuts: 97  5381795         
  24676     0     1021.6914  1018                   Cuts: 213  5382478         
  24676     0     1024.0403  1005                   Cuts: 250  5383935         
  24676     0     1024.2272  1024                   Cuts: 608  5384359         
  24676     0     1026.9582  1014                   Cuts: 118  5386457         
  24676     0     1028.0348  1011                   Cuts: 461  5387253         
  24676     0     1028.9412   987                   Cuts: 503  5387820         
  24676     0     1029.8061   987                   Cuts: 503  5388441         
  24676     0     1030.8549  1005                   Cuts: 665  5389187         
  24676     0     1031.6519  1008                   Cuts: 188  5389696         
  24676     2     1031.6519  1008                   1042.2990  5389696         
  24680     6     1032.9962   989                   1042.2990  5391035         
  24684     9     1060.8761   880                   1042.2990  5399096         
  24691    12     1056.4737   861                   1042.2990  5404535         
  24709    13     1036.5424   980                   1042.2990  5405778         
  24790    62     1086.5619   763                   1042.2990  5490047         
  24959    68     1082.5969   946                   1042.2990  5495620         
Elapsed time = 2208.72 sec. (593224.63 ticks, tree = 2.55 MB, solutions = 0)
  25044   295     1083.6870   847                   1042.2990  5618415         
  25148   358     1083.4585   799                   1042.2990  5670724         
  25245   491     1091.6380   804                   1042.2990  5846206         
  25345   596     1092.3001   751                   1042.2990  5935228         
  25452   603     1063.8672   867                   1042.2990  5941102         
  25608   704     1083.5667   928                   1042.2990  6023777         
  25748   840     1085.6072   832                   1042.2990  6090644         
  25856   977     1071.8743   776                   1042.2990  6157269         
  25966  1083     1109.3764   776                   1042.2990  6221698         
  26133  1201     1089.6884   927                   1042.2990  6306301         
Elapsed time = 2468.28 sec. (631644.18 ticks, tree = 77.72 MB, solutions = 0)
  26371  1400     1098.1673   851                   1042.2990  6408081         
  26636  1706     1125.2854   693                   1042.2990  6524751         
  26866  1889     1128.7780   742                   1042.2990  6594441         
  27070  2110     1114.4171   731                   1042.2990  6687676         
  27276  2031     1121.4206   715                   1042.2990  6655460         
  27464  2510     1120.9322   793                   1042.2990  6852045         
  27661  2602     1116.4530   808                   1042.2990  6905631         
  27888  2535     1079.8296   894                   1042.2990  6864007         
  28097  3124     1119.6598   807                   1042.2990  7144603         
  28324  3198     1092.4752   785                   1042.2990  7172741         
Elapsed time = 2724.51 sec. (669927.35 ticks, tree = 422.66 MB, solutions = 0)
  28492  3455     1103.0483   842                   1042.2990  7301927         
  28712  3403     1072.4703   894                   1042.2990  7276561         
  28864  3626     1113.9486   814                   1042.2990  7388748         
  28963  3852    infeasible                         1042.2990  7520640         
  29075  4126     1169.6756   665                   1042.2990  7646226         
  29190  4204     1142.2091   679                   1042.2990  7706033         
  29358  4203     1166.3593   819                   1042.2990  7703276         
  29598  4398     1108.5790   765                   1042.2990  7811092         
  29810  4344     1126.2008   657                   1042.2990  7776038         
  30018  4752    infeasible                         1042.2990  7966561         
Elapsed time = 2976.76 sec. (708252.14 ticks, tree = 728.71 MB, solutions = 0)
  30269  4650     1104.0685   672                   1042.2990  7927714         
  30452  5236     1062.5572   884                   1042.2990  8186302         
  30675  5324     1096.9835   906                   1042.2990  8220153         
  30870  5336     1100.1750   900                   1042.2990  8222777         
  31062  5879     1142.2894   574                   1042.2990  8483083         
  31247  5995     1148.7035   593                   1042.2990  8540814         
  31448  6009     1117.5326   724                   1042.2990  8551099         
  31633  6110     1154.1890   903                   1042.2990  8605817         
  31838  6388     1116.4876   823                   1042.2990  8719366         
  32022  6642     1165.2532   734                   1042.2990  8865800         
Elapsed time = 3234.66 sec. (746502.30 ticks, tree = 1100.09 MB, solutions = 0)
  32208  7007     1072.6048   954                   1042.2990  9050080         
  32401  7055     1138.0369   887                   1042.2990  9074596         
  32565  7318     1084.7151   784                   1042.2990  9194487         
  32751  7396     1147.3867   606                   1042.2990  9231685         
  32948  7345     1074.9632   905                   1042.2990  9198478         
  33133  7805     1131.6244   745                   1042.2990  9460831         
  33295  7700    infeasible                         1042.2990  9409017         
  33490  8188     1172.4137   716                   1042.2990  9641138         
  33657  8120     1219.4088   644                   1042.2990  9602813         
  33828  8314     1125.4018   720                   1042.2990  9741689         
Elapsed time = 3488.52 sec. (784831.49 ticks, tree = 1429.56 MB, solutions = 0)
  33988  8453     1222.9259   604                   1042.2990  9811942         
  34147  8496     1156.1683   721                   1042.2990  9841919         
  34312  8895    infeasible                         1042.2990 10084496         
  34449  9003     1329.4360   517                   1042.2990 10147894         
  34577  9238     1231.1162   541                   1042.2990 10288596         
  34707  9138     1224.2051   746                   1042.2990 10220230         
  34872  9245     1073.5623   925                   1042.2990 10305785         
  35021  9714     1182.9241   629                   1042.2990 10613751         
  35201  9770     1123.3603   772                   1042.2990 10648073         
  35386  9775     1159.7607   766                   1042.2990 10644127         
Elapsed time = 3743.61 sec. (823256.80 ticks, tree = 1680.36 MB, solutions = 0)
  35571  9793     1161.2426   722                   1042.2990 10646894         
  35766 10371     1140.7838   733                   1042.2990 10957990         
  35959 10041     1063.0814   818                   1042.2990 10835718         
  36171 10443     1072.0437   937                   1042.2990 11013928         
  36369 10835    infeasible                         1042.2990 11196001         
  36590 11050     1140.6186   728                   1042.2990 11299155         
  36785 10729     1129.9236   904                   1042.2990 11167941         
  36941 11292     1151.4961   660                   1042.2990 11401258         
  37122 11454     1133.8911   842                   1042.2990 11475729         
  37297 11547     1119.7435   903                   1042.2990 11525111         
Elapsed time = 4001.25 sec. (861609.99 ticks, tree = 2033.69 MB, solutions = 0)
  37434 11628     1122.9421   918                   1042.2990 11577793         
  37575 12013     1160.2442   684                   1042.2990 11746206         
  37780 11938     1117.1846   761                   1042.2990 11717954         
  38017 12379     1155.2727   801                   1042.2990 11937144         
  38243 12307     1100.6664   813                   1042.2990 11906987         
  38482 12321     1109.3883   773                   1042.2990 11915621         
  38682 12856     1235.5110   669                   1042.2990 12123136         
  38881 12733     1106.4822   814                   1042.2990 12073980         
  39095 12886     1244.8702   670                   1042.2990 12129143         
  39322 13687     1072.9802   890                   1042.2990 12471425         
Elapsed time = 4257.36 sec. (899942.29 ticks, tree = 2457.39 MB, solutions = 0)
Nodefile size = 404.45 MB (283.01 MB after compression)
  39517 13331     1190.2915   594                   1042.2990 12330178         
  39699 13987     1219.5983   539                   1042.2990 12655592         
  39895 13853     1080.4794   872                   1042.2990 12580066         
  40095 14368     1119.9257   885                   1042.2990 12800149         
  40301 14455     1127.5758   704                   1042.2990 12855514         
  40529 14278     1116.6663   748                   1042.2990 12775425         
  40700 14598     1250.6480   682                   1042.2990 12941684         
  40914 14933     1135.8511   815                   1042.2990 13080802         
  41084 15131     1166.3709   732                   1042.2990 13149063         
  41258 15292     1094.4670   770                   1042.2990 13243205         
Elapsed time = 4514.05 sec. (938259.30 ticks, tree = 2772.17 MB, solutions = 0)
Nodefile size = 718.62 MB (505.64 MB after compression)
  41441 15383     1153.6559   856                   1042.2990 13275204         
  41577 15495     1135.8698   782                   1042.2990 13359414         
  41722 15685     1320.2341   625                   1042.2990 13463768         
  41869 15849     1110.0365   719                   1042.2990 13563501         
  42020 16273     1154.7954   896                   1042.2990 13818307         
  42197 16043     1154.3157   761                   1042.2990 13692638         
  42387 16509     1145.4851   778                   1042.2990 13961606         
  42600 16574     1142.0312   802                   1042.2990 13982335         
  42818 16741     1113.4762   961                   1042.2990 14106362         
  43023 17020     1264.2848   751                   1045.0968 14213157         
Elapsed time = 4766.27 sec. (976532.18 ticks, tree = 2998.37 MB, solutions = 0)
Nodefile size = 944.67 MB (664.08 MB after compression)
  43208 16832     1212.7825   625                   1045.0968 14141264         
  43405 17006     1233.7654   612                   1045.0968 14190917         
  43617 17458     1154.7938   800                   1045.0968 14444381         
  43807 17345     1096.1864   837                   1045.0968 14374608         
  44016 17468     1158.0388   791                   1045.0968 14450699         
  44216 17888     1220.7802   632                   1045.0968 14644759         
  44391 18072     1175.7507   598                   1045.0968 14737894         
  44579 18107     1225.5138   725                   1045.0968 14761920         
  44732 18551     1128.0710   857                   1045.0968 14980744         
  44910 18839     1285.6151   703                   1045.0968 15120096         
Elapsed time = 5022.27 sec. (1014846.31 ticks, tree = 3353.14 MB, solutions = 0)
Nodefile size = 1299.25 MB (915.23 MB after compression)
  45072 18772     1238.3387   593                   1045.0968 15091088         
  45244 19139     1206.1976   906                   1045.0968 15315635         
  45388 19205     1256.2022   532                   1045.1162 15348611         
  45521 19254     1338.9217   525                   1045.1162 15362198         
  45633 19383     1114.3473   669                   1045.1162 15453287         
  45714 19792     1155.2017   730                   1045.1162 15708328         
  45810 19983     1167.2415   907                   1050.3111 15848700         
  45934 19970     1200.8838   617                   1050.3111 15838547         
  46087 19962     1227.6979   773                   1050.3111 15828797         
  46271 20160     1167.8197   739                   1050.3111 15948067         
Elapsed time = 5271.99 sec. (1053181.82 ticks, tree = 3612.57 MB, solutions = 0)
Nodefile size = 1558.35 MB (1099.70 MB after compression)
  46468 20217     1104.6712   916                   1050.3111 15986252         
  46653 20158     1396.5526   477                   1050.3111 15936119         
  46864 20387     1159.3783   863                   1050.3111 16089987         
  47074 20333     1179.9581   724                   1050.3111 16056277         
  47269 20473     1137.0873   720                   1050.3111 16111710         
  47462 20619     1117.7170   809                   1050.3111 16201157         
  47660 21488     1079.3424   831                   1050.3111 16629821         
  47863 21347     1186.4727   666                   1050.3111 16548210         
  48074 21354     1216.7977   654                   1050.3111 16551927         
  48265 21625     1164.8958   819                   1050.3111 16714565         
Elapsed time = 5532.82 sec. (1091479.85 ticks, tree = 3902.27 MB, solutions = 0)
Nodefile size = 1845.15 MB (1303.97 MB after compression)
  48482 22169     1135.8335   731                   1050.3111 16980671         
  48663 22231     1104.6599   702                   1054.5659 17021938         
  48883 21873     1111.8587   861                   1054.5659 16850587         
  49041 22428     1133.0112   794                   1054.5659 17135327         
  49246 22435     1150.3065   740                   1054.5659 17138497         
  49451 22552     1101.1324   820                   1054.5659 17191045         
  49664 23014     1252.8850   703                   1054.5659 17425556         
  49885 23225     1106.6385   814                   1054.7395 17531820         
  50105 23796     1224.2381   670                   1054.7395 17791516         
  50322 23457     1154.4345   741                   1056.2794 17668264         
Elapsed time = 5789.97 sec. (1129763.79 ticks, tree = 4269.84 MB, solutions = 0)
Nodefile size = 2212.80 MB (1566.77 MB after compression)
  50536 24032     1220.2958   797                   1056.2794 17935045         
  50756 24011     1192.6266   640                   1056.2794 17924014         
  50978 24273     1125.5435   784                   1056.2794 18046634         
  51191 24026     1152.2594   618                   1056.2794 17930533         
  51385 24193     1140.5987   885                   1056.2794 18010784         
  51590 24813     1188.2971   780                   1056.2794 18286555         
  51824 24593     1184.0000   742                   1056.2794 18179576         
  52020 25436     1196.0579   805                   1056.2794 18624927         
  52222 25267     1394.4448   696                   1056.2794 18533476         
  52413 25701     1084.5844   876                   1057.9006 18768492         
Elapsed time = 6048.51 sec. (1168067.88 ticks, tree = 4711.17 MB, solutions = 0)
Nodefile size = 2655.81 MB (1883.89 MB after compression)
  52617 25763     1270.8130   722                   1057.9006 18785020         
  52815 25728     1112.4419   868                   1057.9006 18773848         
  53009 26131     1401.1392   601                   1057.9006 18958671         
  53231 26211     1168.1290   639                   1057.9006 18989713         
  53416 26311     1126.5063   954                   1057.9006 19018565         
  53621 26870     1084.3882   830                   1057.9006 19316618         
  53826 26937     1087.2883   822                   1057.9006 19379767         
  54035 26661     1219.5324   771                   1057.9006 19200922         
  54265 27038     1083.1531   839                   1057.9006 19446171         
  54489 27779     1111.6762   771                   1057.9534 19769669         
Elapsed time = 6299.07 sec. (1206301.89 ticks, tree = 5120.39 MB, solutions = 0)
Nodefile size = 3065.44 MB (2177.29 MB after compression)
  54748 27742     1259.9228   611                   1058.3315 19732716         
  54951 28078     1111.7185   830                   1058.3315 19908876         
  55192 27762     1288.0753   663                   1058.4688 19738813         
  55430 28102     1148.5190   793                   1059.2394 19914449         
  55669 28211     1146.6234   990                   1059.2394 19982230         
  55925 28667     1294.7053   612                   1059.2394 20168589         
  56198 28831     1171.2913   858                   1059.2394 20220562         
  56424 28570     1083.3935   869                   1059.2394 20136308         
  56619 29747    infeasible                         1059.2394 20589992         
  56873 29978     1231.6595   764                   1059.2394 20668919         
Elapsed time = 6560.86 sec. (1244507.13 ticks, tree = 5549.09 MB, solutions = 0)
Nodefile size = 3494.16 MB (2484.80 MB after compression)
  57132 29129     1123.7115   813                   1059.2394 20332266         
  57395 30142     1082.9114   980                   1060.1099 20729358         
  57635 29660     1241.4126   521                   1060.1099 20564235         
  57847 30916     1161.9877   897                   1060.1099 21046031         
  58065 30990     1272.2991   828                   1060.1315 21076980         
  58323 30511     1297.4518   773                   1060.1315 20861855         
  58608 31552     1286.4021   815                   1060.1315 21288500         
  58863 31010     1158.0977   705                   1060.1315 21103236         
  59097 31378     1106.5080   851                   1060.1315 21244008         
  59325 31732     1151.1943   862                   1060.1315 21358572         
Elapsed time = 6819.63 sec. (1282764.66 ticks, tree = 5899.55 MB, solutions = 0)
Nodefile size = 3838.36 MB (2732.35 MB after compression)
  59555 31679     1135.6572   856                   1060.1315 21329424         
  59753 31759     1357.3686   647                   1060.1315 21394308         
  59948 32470     1169.7469   803                   1060.1315 21653447         
  60175 32222     1098.4434   901                   1060.9629 21557702         
  60395 33098    infeasible                         1060.9629 21905696         
  60600 32782     1345.5991   497                   1060.9629 21768354         
  60828 33482     1243.6155   574                   1061.6464 22109719         
  61035 33012     1166.5758   719                   1061.6464 21892928         
  61239 33378     1075.0578   834                   1061.6756 22052135         
  61436 33660     1100.9618   806                   1061.6756 22164999         
Elapsed time = 7081.18 sec. (1321111.89 ticks, tree = 6282.20 MB, solutions = 0)
Nodefile size = 4224.60 MB (3010.42 MB after compression)
  61618 34019     1205.3870   816                   1061.6756 22263606         
  61827 34425     1213.1175   793                   1061.6756 22490005         
  61982 34349     1115.3646   827                   1061.6756 22482650         
  62108 34466     1087.0661   931                   1061.6756 22526828         
  62248 34469     1364.5718   751                   1061.6756 22498218         
  62369 35367    infeasible                         1061.6756 22971016         
  62505 34850     1210.1253   731                   1061.6756 22754779         
  62623 34856     1215.9020   696                   1061.6756 22758040         
  62755 34928     1145.5660   930                   1061.6756 22805289         
  62905 35784     1152.7552   782                   1061.6756 23184264         
Elapsed time = 7337.11 sec. (1359463.23 ticks, tree = 6698.96 MB, solutions = 0)
Nodefile size = 4643.10 MB (3310.84 MB after compression)
  63062 35746     1207.6690   900                   1061.6756 23140015         
  63274 36047     1148.9716   836                   1061.6756 23323742         
  63487 35764     1238.5950   886                   1061.6756 23145643         
  63686 36261     1110.9323   913                   1061.6756 23423709         
  63923 36501     1224.1598   814                   1061.6756 23535133         
  64178 36115     1201.4865   655                   1061.6756 23347043         
  64446 36398     1136.7664   876                   1061.6756 23501323         
  64681 36543     1293.5915   721                   1061.6756 23543281         
  64918 36423     1150.3586   840                   1061.6756 23506700         
  65105 36573    infeasible                         1061.6756 23565651         
Elapsed time = 7592.31 sec. (1397790.95 ticks, tree = 6848.63 MB, solutions = 0)
Nodefile size = 4791.99 MB (3417.70 MB after compression)
  65294 36879     1255.2599   773                   1061.6756 23664890         
  65491 38035     1125.5977  1007                   1061.6756 24165094         
  65727 37480     1228.5585   911                   1061.6756 23961462         
  65918 38532     1210.5148   791                   1061.6756 24415915         
  66181 37863     1182.6682   493                   1061.6756 24138363         
  66436 37714     1085.3549   782                   1061.6756 24073735         
  66658 38052     1267.7223   733                   1061.6756 24168612         
  66874 38592     1124.4742   801                   1061.6756 24443562         
  67103 38605     1134.8618   749                   1061.6756 24446301         
  67312 39467     1262.7362   752                   1061.6756 24807719         
Elapsed time = 7847.77 sec. (1436133.89 ticks, tree = 7210.48 MB, solutions = 0)
Nodefile size = 5152.49 MB (3671.85 MB after compression)
  67550 38849     1222.3380   732                   1061.6756 24550712         
  67762 39416     1202.6569   864                   1061.6756 24762458         
  68004 40155     1263.2334   742                   1061.6756 25066021         
  68243 39846     1179.3279   812                   1061.6756 24955794         
  68468 40242     1187.5219   752                   1062.5058 25123140         
  68682 40728     1217.1694   653                   1062.5058 25327909         
  68898 41034     1071.4892   838                   1062.5058 25470912         
  69159 40441     1211.5503   928                   1062.5058 25175301         
  69392 40831     1192.3358   674                   1063.3746 25369337         
  69613 41857     1190.8837   797                   1064.1665 25803120         
Elapsed time = 8110.22 sec. (1474414.49 ticks, tree = 7681.26 MB, solutions = 0)
Nodefile size = 5625.07 MB (4011.20 MB after compression)
  69821 41228    infeasible                         1064.1665 25574464         
  70027 41925     1139.5673   848                   1064.2305 25846419         
  70219 42023     1155.1670   831                   1064.2305 25916925         
  70402 42366     1139.4758   736                   1064.2305 26051327         
  70588 42005     1207.4165   814                   1064.2305 25870755         
  70818 42257     1171.9231   904                   1064.2305 25966917         
  71067 43169     1236.5320   757                   1064.2305 26426976         
  71328 42911     1281.6431   609                   1064.2305 26330604         
  71550 42589     1107.1727   998                   1064.2305 26133815         
  71776 42729     1122.8327   934                   1064.2305 26229656         
Elapsed time = 8369.00 sec. (1512752.95 ticks, tree = 7851.51 MB, solutions = 0)
Nodefile size = 5784.14 MB (4124.94 MB after compression)
  72008 43071     1278.5788   653                   1064.2305 26386671         
  72254 43653     1115.6538   774                   1064.2305 26654300         
  72440 43518     1186.6164   752                   1064.2305 26600372         
  72657 44393     1122.0122   909                   1064.2305 26980904         
  72862 44193     1113.5710   982                   1064.2305 26911451         
  73058 44321     1151.8329   775                   1064.2305 26951198         
  73255 44433     1153.8219   855                   1064.3056 26988696         
  73493 45013     1213.4739   656                   1064.3056 27231484         
  73707 45750     1164.4970   822                   1064.3056 27567849         
  73912 45284     1107.9835   824                   1064.7949 27363640         
Elapsed time = 8629.05 sec. (1551116.73 ticks, tree = 8360.46 MB, solutions = 0)
Nodefile size = 6301.57 MB (4497.03 MB after compression)
  74119 45493     1210.6981   790                   1065.0093 27472765         
  74332 45417     1422.8156   658                   1065.2323 27402525         
  74501 45800     1127.5708   696                   1065.2323 27597971         
  74665 46244     1122.5694   932                   1065.2323 27842450         
  74838 45730     1211.3252   842                   1065.3471 27565933         
  75009 47041     1416.7158   696                   1065.3471 28151987         
  75166 46865     1236.6831   875                   1065.3471 28084785         
  75324 47062    infeasible                         1065.3471 28157661         
  75476 46769     1323.7364   685                   1065.3471 28076999         
  75632 46742     1192.6908   645                   1065.3471 28060779         
Elapsed time = 8892.47 sec. (1589470.02 ticks, tree = 8646.26 MB, solutions = 0)
Nodefile size = 6588.46 MB (4703.64 MB after compression)
  75788 47742     1284.3315   737                   1065.3471 28602132         
  75968 47404     1347.4768   714                   1065.3471 28371751         
  76140 47867     1086.2824   764                   1065.3471 28706259         
  76328 47668     1145.6083   784                   1065.3471 28594883         
  76485 48283     1117.2242   869                   1065.3471 28989351         
  76649 48007     1083.0580   835                   1065.3471 28817957         
  76820 47785     1127.5339   821                   1065.3471 28635772         
  77008 47835     1199.6297   772                   1065.3471 28705050         
  77198 48926    infeasible                         1065.3471 29300194         
  77385 49187     1194.3377   734                   1065.3471 29464888         
Elapsed time = 9142.23 sec. (1627753.83 ticks, tree = 8957.92 MB, solutions = 0)
Nodefile size = 6899.70 MB (4923.01 MB after compression)
  77629 48382     1106.6287   843                   1065.3471 29063636         
  77860 49383     1129.2427   787                   1065.3471 29617862         
  78078 48700     1146.9240   836                   1065.3471 29202965         
  78293 49539     1187.3038   779                   1065.3471 29675542         
  78510 49538     1194.3198   924                   1065.3471 29700328         
  78722 50154     1122.6802   832                   1065.3471 29978068         
  78946 49401     1240.4060   686                   1065.6417 29615100         
  79176 49836     1103.3531   990                   1066.0048 29826482         
  79411 49848     1112.9964   965                   1066.0048 29829072         
  79624 50651     1303.9475   736                   1066.0048 30212065         
Elapsed time = 9404.92 sec. (1666026.68 ticks, tree = 9249.30 MB, solutions = 0)
Nodefile size = 7184.77 MB (5127.95 MB after compression)
  79844 50670     1336.7874   696                   1066.0048 30214801         
  80085 50533     1184.4264   757                   1066.0048 30199517         
  80298 50788     1306.6086   514                   1066.1262 30285291         
  80493 51827     1169.0099   769                   1066.3671 30751601         
  80676 51892     1240.5637   866                   1066.3671 30797775         
  80864 51512     1145.2240   867                   1066.3671 30579532         
  81056 51291     1205.1832   874                   1066.3671 30485784         
  81257 51860     1142.5590   874                   1066.3671 30743951         
  81456 51888     1141.1985   687                   1066.3671 30789915         
  81653 52119     1177.7525   696                   1066.3671 30913037         
Elapsed time = 9672.07 sec. (1704412.25 ticks, tree = 9536.48 MB, solutions = 0)
Nodefile size = 7475.67 MB (5337.61 MB after compression)
  81840 52981     1196.3637   860                   1066.3671 31268632         
  82031 52325     1090.9837   794                   1066.3671 31004230         
  82222 53302     1280.7800   545                   1066.3857 31471157         
  82405 53622     1112.8579   790                   1066.3857 31640719         
  82598 53542     1197.7702   876                   1066.3857 31600768         
  82790 54136     1112.8347   815                   1066.3857 31864827         
  82968 53322     1131.7564   832                   1066.3857 31483911         
  83159 53846     1098.8424   803                   1067.0265 31750637         
  83337 53778     1206.3707   803                   1067.0949 31735756         
  83501 54165     1099.4088   994                   1067.0949 31898411         
Elapsed time = 9933.88 sec. (1742679.32 ticks, tree = 9941.77 MB, solutions = 0)
Nodefile size = 7883.30 MB (5631.86 MB after compression)
  83648 54174     1176.9711   672                   1067.0949 31875001         
  83795 54172     1113.0049   841                   1067.0949 31904336         
  83959 54762     1101.5093   738                   1067.0949 32225994         
  84103 54385     1101.9734   704                   1067.0949 32034263         
  84269 54941     1212.2447   846                   1067.0949 32293893         
  84452 55733     1186.5117   703                   1067.0949 32811329         
  84596 56008     1129.9860   758                   1067.0949 32957379         
  84721 55234     1176.4001   867                   1067.0949 32491800         
  84848 55576    infeasible                         1067.0949 32698400         
  84987 55684     1117.2806   935                   1067.0949 32766171         
Elapsed time = 10188.56 sec. (1781085.01 ticks, tree = 10244.94 MB, solutions = 0)
Nodefile size = 8183.93 MB (5848.40 MB after compression)
  85133 55746     1204.2202   732                   1067.2435 32817797         
  85266 55938     1131.2902   639                   1067.2435 32929482         
  85437 56554     1189.4697   854                   1067.2435 33179097         
  85630 56793     1089.4637   971                   1067.2435 33318179         
  85875 56622     1110.5137   990                   1067.2435 33225853         
  86171 56941     1203.4977   756                   1067.9720 33395178         
  86440 56819     1179.7047  1006                   1067.9720 33316051         
  86745 56844     1139.6596   949                   1067.9720 33328637         
  86997 57311     1187.8240   800                   1067.9720 33560894         
  87244 57576     1136.9789   968                   1067.9720 33643214         
Elapsed time = 10451.17 sec. (1819411.40 ticks, tree = 10623.69 MB, solutions = 0)
Nodefile size = 8561.91 MB (6120.75 MB after compression)
  87481 57963     1167.2407   886                   1067.9720 33772614         
  87731 57085     1123.5051   919                   1067.9720 33473513         
  88009 58624     1083.4327   905                   1067.9720 33945043         
  88251 58503     1117.8080   792                   1067.9720 33903229         
  88488 59015     1302.9697   782                   1067.9720 34119019         
  88704 59170     1362.8574   673                   1067.9720 34162678         
  88934 58880     1267.1689   768                   1067.9720 34061053         
  89174 59782     1183.9305   857                   1067.9720 34428685         
  89407 58755     1174.3938   841                   1067.9720 34008091         
  89643 59812     1201.7115   870                   1067.9720 34433741         
Elapsed time = 10706.28 sec. (1857639.43 ticks, tree = 11066.47 MB, solutions = 0)
Nodefile size = 9002.00 MB (6438.12 MB after compression)
  89863 59548     1434.7740   696                   1067.9720 34355331         
  90044 59203     1139.8167   746                   1067.9720 34180613         
  90226 60867     1210.0229   752                   1067.9720 34832250         
  90415 60875     1218.3384   753                   1067.9720 34835228         

GUB cover cuts applied:  18
Clique cuts applied:  5
Cover cuts applied:  35
Implied bound cuts applied:  249
Flow cuts applied:  541
Mixed integer rounding cuts applied:  513
Zero-half cuts applied:  32
Lift and project cuts applied:  94
Gomory fractional cuts applied:  21

Root node processing (before b&c):
  Real time             =   43.81 sec. (14508.96 ticks)
Parallel b&c, 32 threads:
  Real time             = 10772.03 sec. (1861998.18 ticks)
  Sync time (average)   = 1682.18 sec.
  Wait time (average)   =    1.09 sec.
                          ------------
Total (root+branch&cut) = 10815.83 sec. (1876507.14 ticks)
Number of arguments: 4

File path: ../Data/Demo/100/C103.txt
Capacity of FEV: 600
Capacity of SEV: 50
Execution time limit: 180
Number of Robots/MM: 10
Case: f

Number of customers: 100
./Result/C103/C103-Q50
No feasible solution found.
Version identifier: 22.1.1.0 | 2022-11-28 | 9160aff4d
CPXPARAM_TimeLimit                               7200
Tried aggregator 1 time.
MIP Presolve eliminated 3193 rows and 1550 columns.
MIP Presolve modified 8150 coefficients.
Reduced MIP has 5586 rows, 6794 columns, and 26768 nonzeros.
Reduced MIP has 3524 binaries, 3270 generals, 0 SOSs, and 0 indicators.
Presolve time = 0.04 sec. (22.98 ticks)
Probing fixed 28 vars, tightened 0 bounds.
Probing changed sense of 3 constraints.
Probing time = 0.11 sec. (25.70 ticks)
Tried aggregator 1 time.
Detecting symmetries...
MIP Presolve eliminated 248 rows and 246 columns.
MIP Presolve modified 2 coefficients.
Reduced MIP has 5338 rows, 6548 columns, and 25841 nonzeros.
Reduced MIP has 3494 binaries, 3054 generals, 0 SOSs, and 0 indicators.
Presolve time = 0.04 sec. (24.44 ticks)
Probing fixed 79 vars, tightened 0 bounds.
Probing time = 0.09 sec. (23.59 ticks)
Clique table members: 17436.
MIP emphasis: balance optimality and feasibility.
MIP search method: dynamic search.
Parallel mode: deterministic, using up to 32 threads.
Root relaxation solution time = 0.90 sec. (215.88 ticks)

        Nodes                                         Cuts/
   Node  Left     Objective  IInf  Best Integer    Best Bound    ItCnt     Gap

      0     0      571.4005   128                    571.4005       24         
      0     0      602.5134   235                   Cuts: 238      567         
      0     0      612.7402   300                   Cuts: 169      982         
      0     0      616.1569   273                   Cuts: 141     1192         
      0     0      617.4167   270                    Cuts: 68     1318         
      0     0      619.3258   266                    Cuts: 70     1484         
Detecting symmetries...
      0     0      620.3034   258                   Cuts: 100     1559         
      0     0      620.6744   249                    Cuts: 22     1646         
      0     0      621.1085   226                    Cuts: 48     1707         
      0     0      621.5952   207                    Cuts: 19     1743         
      0     0      621.6127   213                     Cuts: 7     1755         
      0     0      621.6253   225                  MIRcuts: 4     1767         
Detecting symmetries...
      0     2      621.6253   225                    622.8308     1767         
Elapsed time = 7.93 sec. (2142.21 ticks, tree = 0.02 MB, solutions = 0)
     95    57      626.1147   235                    622.8308     7880         
    319   235      631.6030   219                    623.1186    30031         
    545   401      693.0874   194                    623.1186    57484         
    829   572      797.9220   168                    623.1186    85981         
   1305   907      892.5762   172                    623.1186   118912         
   1622  1076      850.2510   129                    623.1186   144726         
   1975  1217      670.7222   256                    623.7556   160440         
   2228  1414      843.8143   128                    623.7556   181178         
   2667  1612      735.1648   157                    624.8753   212254         
   4245  2715      763.8495   202                    626.2311   311416         
Elapsed time = 23.30 sec. (5253.91 ticks, tree = 63.36 MB, solutions = 0)
   6436  4012      675.6992   283                    627.3039   402500         
   8352  5813      669.1373   219                    627.3039   525122         
  10390  7231      798.4521   204                    628.6593   614155         
  12250  8602      730.3635   224                    628.9546   704407         
  14410 10457      716.7465   227                    630.3174   814564         
  16305 11877      663.0547   241                    630.3174   904486         
  17156 12817      643.0121   270                    631.7185   986215         
  18795 13956      671.7098   226                    632.9965  1076879         
  20837 14925      664.1033   224                    633.7136  1151266         
  23289 17272      724.0070   229                    633.8124  1285934         
Elapsed time = 60.31 sec. (14799.40 ticks, tree = 652.83 MB, solutions = 0)
  25198 18375      702.9458   194                    634.6473  1354762         
  27503 19522      743.0496   201                    634.6473  1449646         
  29891 21699      706.5126   215                    635.3742  1579332         
  32245 23580     1019.1660   250                    635.6314  1685914         
  34294 24966      681.1642   231                    635.7842  1776248         
  36363 25851      753.3710   217                    636.1857  1843845         
  38698 27716      694.2004   201                    636.5155  1952060         
  41100 29762      727.8860   196                    637.1293  2072611         
  42679 31153      773.3354   180                    637.1293  2150191         
  45078 32355      667.4242   252                    638.2227  2233172         
Elapsed time = 96.82 sec. (24338.17 ticks, tree = 1333.44 MB, solutions = 0)
  47294 34318      800.4441   143                    638.8004  2356606         
  49323 35751      701.0061   210                    639.4411  2466271         
  51875 37385      723.9442   194                    639.5776  2558248         
  54080 38354      701.8023   176                    639.5776  2620023         
  55277 40088    infeasible                          639.8189  2724290         
  57705 41162      711.3116   207                    640.1134  2810670         
  60147 42721    infeasible                          640.5536  2902025         
  62641 44187      709.7232   216                    640.9381  2998977         
  64838 46672      746.6710   186                    641.4204  3154038         
  67036 47695      705.6086   245                    641.6156  3228824         
Elapsed time = 133.48 sec. (33878.64 ticks, tree = 1995.37 MB, solutions = 0)
  69521 48995      697.4140   199                    642.1257  3312187         
  71788 50238      820.6556   223                    642.2395  3390644         
  73988 52047      705.7007   205                    642.5356  3511387         
  76146 54014      780.6232   209                    642.6430  3658214         
  78469 55403      857.6627   137                    642.8070  3750871         
  80671 56968      888.1429   171                    642.8070  3850932         
  82005 58361      714.9208   201                    643.2952  3942486         
  83134 59359      692.7757   229                    644.0852  4029624         
  85439 59629      688.1341   173                    644.1896  4072145         

Performing restart 1

Repeating presolve.
Tried aggregator 1 time.
MIP Presolve eliminated 131 rows and 106 columns.
MIP Presolve modified 214 coefficients.
Reduced MIP has 5207 rows, 6442 columns, and 25241 nonzeros.
Reduced MIP has 3405 binaries, 3037 generals, 0 SOSs, and 0 indicators.
Presolve time = 0.02 sec. (12.98 ticks)
Tried aggregator 1 time.
MIP Presolve eliminated 9 rows and 9 columns.
Reduced MIP has 5198 rows, 6433 columns, and 25208 nonzeros.
Reduced MIP has 3402 binaries, 3031 generals, 0 SOSs, and 0 indicators.
Presolve time = 0.03 sec. (16.95 ticks)
Represolve time = 0.70 sec. (85.68 ticks)
  85704     0      636.0182   315                   Cuts: 128  4204170         
  85704     0      652.9142   341                   Cuts: 139  4204830         
  85704     0      695.8048   327                   Cuts: 267  4205718         
  85704     0      720.0772   351                   Cuts: 314  4206315         
  85704     0      724.1582   374                   Cuts: 199  4206570         
  85704     0      727.6809   390                   Cuts: 167  4206824         
  85704     0      733.5277   396                   Cuts: 185  4207185         
  85704     0      734.9622   365                   Cuts: 172  4207366         
  85704     0      736.0309   427                   Cuts: 150  4207583         
  85704     0      753.2987   329                   Cuts: 108  4208432         
  85704     0      755.5310   335                   Cuts: 137  4208854         
  85704     0      755.8563   347                    Cuts: 77  4208982         
  85704     0      756.2024   295                    Cuts: 78  4209091         
  85704     0      756.2794   286                    Cuts: 42  4209141         
  85704     0      756.3558   297                    Cuts: 46  4209200         
  85704     0      756.4856   302                    Cuts: 37  4209300         
  85704     0      756.7330   300                    Cuts: 23  4209391         
  85704     0      756.8867   369                    Cuts: 70  4209503         
  85704     0      757.0091   305                    Cuts: 38  4209600         
  85704     0      757.1202   324                    Cuts: 59  4209689         
  85704     0      757.1625   350                    Cuts: 43  4209738         
  85704     0      757.2287   351                    Cuts: 21  4209777         
  85704     0      757.2657   362                    Cuts: 16  4209830         
  85704     0      757.3101   425                    Cuts: 34  4209877         
  85704     2      757.3101   419                    757.3101  4209877         
Elapsed time = 205.40 sec. (58981.16 ticks, tree = 0.02 MB, solutions = 0)
  85705     3      759.0626   281                    759.0685  4210188         
  85708     4      784.1595   364                    759.7680  4211260         
  85718     7      788.9504   367                    759.7708  4212485         
  85741    17      843.5039   306                    761.4461  4220237         
  85815    68      822.4730   277                    763.3904  4304668         
  85930    68      892.0229   276                    763.3904  4306387         
  86271   299    infeasible                          763.3904  4410584         
  86640   530      863.6550   254                    763.3904  4461768         
  86863   803      804.4520   422                    763.3904  4534484         
  87486   952      839.3025   329                    763.3904  4567257         
Elapsed time = 237.55 sec. (69032.45 ticks, tree = 15.96 MB, solutions = 0)
  87818  1525    infeasible                          779.2002  4649844         
  87985  1570      888.4164   264                    782.7263  4691539         
  88426  1630      995.9119   197                    784.7449  4711110         
  89209  2119      876.4132   250                    784.7449  4788903         
  89686  2497      856.6487   280                    793.6655  4839156         
  89800  2749      834.6143   334                    793.6655  4868856         
  89956  2986     1543.3393   129                    793.6655  4913064         
  90363  3004     1644.2534   103                    793.6655  4930374         
  90979  3252      832.8907   353                    793.6655  4997204         
  91780  3977      908.8866   310                    793.6655  5096202         
Elapsed time = 275.76 sec. (78615.40 ticks, tree = 95.44 MB, solutions = 0)
  92678  4225     1337.6316   138                    793.6655  5120743         
  93181  4669    infeasible                          793.6655  5176177         
  93403  5503    infeasible                          793.6655  5256997         
  93731  5626     1798.7997    35                    793.6655  5302553         
  94469  5688      838.9101   341                    797.4207  5344724         
  94875  5664      866.7707   358                    797.4207  5340280         

Performing restart 2

Repeating presolve.
Tried aggregator 1 time.
MIP Presolve eliminated 9 rows and 15 columns.
MIP Presolve modified 1 coefficients.
Reduced MIP has 5189 rows, 6418 columns, and 45324 nonzeros.
Reduced MIP has 3388 binaries, 3030 generals, 0 SOSs, and 0 indicators.
Presolve time = 0.04 sec. (24.43 ticks)
Tried aggregator 1 time.
MIP Presolve eliminated 7 rows and 51 columns.
Reduced MIP has 5182 rows, 6367 columns, and 44729 nonzeros.
Reduced MIP has 3337 binaries, 3030 generals, 0 SOSs, and 0 indicators.
Presolve time = 0.06 sec. (31.45 ticks)
Represolve time = 0.58 sec. (234.73 ticks)
  94877     0      758.4926   425                   Cuts: 107  5461459         
  94877     0      759.5335   395                    Cuts: 57  5461717         
  94877     0      760.3358   327                   Cuts: 158  5461897         
  94877     0      761.0695   417                   Cuts: 101  5462177         
  94877     0      762.1813   433                   Cuts: 119  5462489         
  94877     0      764.3021   377                   Cuts: 213  5462806         
  94877     0      766.7205   288                   Cuts: 146  5463125         
  94877     0      767.2584   382                   Cuts: 128  5463327         
  94877     0      767.4016   331                   Cuts: 114  5463422         
  94877     0      767.5289   431                    Cuts: 62  5463522         
  94877     0      767.7302   407                    Cuts: 48  5463648         
  94877     0      767.8746   413                   Cuts: 150  5463806         
  94877     2      767.8746   405                    797.4207  5463806         
  94879     3      793.7255   362                    797.4207  5465043         
  94882     5      795.7274   303                    797.4207  5466093         
  94897    10      792.6937   369                    797.4207  5469466         
Elapsed time = 329.48 sec. (102761.74 ticks, tree = 0.02 MB, solutions = 0)
  94937    16      775.7863   361                    797.4207  5472677         
  94983    59      842.3461   300                    797.4207  5533153         
  95067    76      877.5283   333                    797.4207  5556544         
  95241   196      783.9990   372                    797.4207  5662208         
  95473   270      836.7815   269                    797.4207  5691431         
  95694   398      823.8461   321                    797.4207  5734568         
  95868   539      832.0198   331                    797.4207  5788687         
  96140   728      876.1680   339                    797.4207  5851517         
  96478   835      895.6346   327                    797.4207  5893447         
  96738  1244      834.3250   393                    797.4207  5988802         
Elapsed time = 365.95 sec. (112325.64 ticks, tree = 24.19 MB, solutions = 0)
  97013  1245      948.9732   309                    797.4207  5985668         
  97319  1548     1017.2267   319                    797.4207  6093946         
  97515  1754     1223.4929   151                    797.4207  6147568         
  97803  1993      865.9192   294                    797.4207  6195196         
  98231  2027      845.0245   229                    797.4207  6219377         
  98597  2610      835.1372   337                    798.8085  6326166         
* 99123+ 2396                         1407.8699      798.8085            43.26%
  99157  2848     1250.4004   143     1407.8699      798.8085  6389369   43.26%
  99781  2867      849.9970   331     1407.8699      798.8085  6395439   43.26%
 100187  3681      840.5265   370     1407.8699      798.8085  6512929   43.26%
 101650  4814     1254.0902    84     1407.8699      798.8085  6747353   43.26%
Elapsed time = 415.46 sec. (124745.56 ticks, tree = 147.67 MB, solutions = 1)
 103840  6436     1304.5966    80     1407.8699      812.7615  6982057   42.27%
 105715  7492      902.7053   342     1407.8699      818.7393  7173295   41.85%
 106992  8824        cutoff           1407.8699      822.4861  7517329   41.58%
 108678  9866     1399.7499   136     1407.8699      822.7675  7751275   41.56%
 110238 10859      895.8627   358     1407.8699      828.2872  7989175   41.17%
*110896+11286                         1273.2345      830.7963            34.75%
 111527  9915        cutoff           1273.2345      830.7963  8236071   34.75%
*111676+ 9921                         1203.9087      830.7963            30.99%
*112227+ 9789                         1153.0514      830.7963            27.95%
 113295 10458      926.5424   350     1153.0514      831.7398  8549083   27.87%
 114293 11055        cutoff           1153.0514      835.0117  8739710   27.58%
 115670 11732      985.5921   239     1153.0514      836.1352  8985439   27.48%
 116853 12285    infeasible           1153.0514      836.4288  9204352   27.46%
Elapsed time = 567.45 sec. (162939.93 ticks, tree = 400.77 MB, solutions = 4)
 118056 12743    infeasible           1153.0514      839.6237  9395618   27.18%
 119640 14059      976.8488   206     1153.0514      841.3090  9792941   27.04%
 120907 14809      886.8149   216     1153.0514      843.0073 10057197   26.89%
 121912 15012      955.9903   260     1153.0514      844.4601 10231869   26.76%
 123353 15690    infeasible           1153.0514      846.5123 10538453   26.59%
*123662+15611                         1152.4191      846.7698            26.52%
 124088 16031        cutoff           1152.4191      847.7867 10765658   26.43%
*125083+16131                         1152.2130      848.4378            26.36%
 125278 16370      874.1506   124     1152.2130      848.9110 11028481   26.32%
 126630 16928     1026.2287   146     1152.2130      849.8181 11253874   26.24%
 127340 17179      890.7285   205     1152.2130      850.9884 11457565   26.14%
 128748 17305     1074.0489   258     1152.2130      852.3028 11607866   26.03%
Elapsed time = 720.19 sec. (201112.12 ticks, tree = 566.90 MB, solutions = 6)
*128851+17581                         1130.8715      852.3028            24.63%
 130044 17896      905.0575   311     1130.8715      853.8589 11858510   24.50%
 130730 18559      890.8391   289     1130.8715      854.7390 12145441   24.42%
 132025 18709      871.4403   350     1130.8715      855.1987 12324783   24.38%
 133452 19147     1018.2145   234     1130.8715      856.3805 12548325   24.27%
 134259 19809     1078.1420   220     1130.8715      857.5825 12814279   24.17%
 135318 20150      900.9268   147     1130.8715      858.0698 13161768   24.12%
 136774 20716      861.2790   287     1130.8715      859.2633 13428933   24.02%
 137879 20978      931.4657   207     1130.8715      860.1451 13583511   23.94%
 138525 21281      915.4939   271     1130.8715      860.4600 13881463   23.91%
 139610 21312      930.2732   363     1130.8715      862.2585 14105526   23.75%
Elapsed time = 874.16 sec. (239299.01 ticks, tree = 732.22 MB, solutions = 7)
 141001 21524      867.4784   275     1130.8715      863.0749 14268261   23.68%
 141719 21983      886.0178   170     1130.8715      863.8581 14460014   23.61%
 142365 22116        cutoff           1130.8715      864.1083 14666581   23.59%
 143436 22131      903.7967   335     1130.8715      865.0962 14912207   23.50%
 144648 22461        cutoff           1130.8715      866.3798 15272241   23.39%
 145412 22818     1127.8590    36     1130.8715      867.2972 15467635   23.31%
 146081 22718      906.4526   304     1130.8715      868.1828 15583304   23.23%
 146917 22703      928.4834   285     1130.8715      868.8380 15926785   23.17%
 148215 22866    infeasible           1130.8715      869.6022 16152381   23.10%
 149421 23409    infeasible           1130.8715      870.4528 16504158   23.03%
Elapsed time = 1028.67 sec. (277498.07 ticks, tree = 814.12 MB, solutions = 7)
 150129 23540      898.4684   210     1130.8715      871.1426 16686456   22.97%
 150831 23537        cutoff           1130.8715      871.1426 16722743   22.97%
 151535 23346    infeasible           1130.8715      872.0107 17111130   22.89%
 152648 23352      897.6850   313     1130.8715      873.2919 17216650   22.78%
 153903 23370      990.5023   308     1130.8715      874.0015 17380314   22.71%
 154697 23593    infeasible           1130.8715      874.8607 17635510   22.64%
 155379 23772        cutoff           1130.8715      875.5526 17858255   22.58%
 156081 23664        cutoff           1130.8715      876.3386 18030739   22.51%
 157064 23557        cutoff           1130.8715      877.3662 18233866   22.42%
 158285 23546      917.4410   229     1130.8715      878.2848 18497289   22.34%
Elapsed time = 1181.50 sec. (315728.07 ticks, tree = 818.27 MB, solutions = 7)
 159197 23681      948.7188   241     1130.8715      878.9286 18699802   22.28%
 159919 23793    infeasible           1130.8715      879.8757 19062300   22.19%
 160565 23695     1048.8496   304     1130.8715      880.8837 19279630   22.11%
 161252 23679     1000.8829   225     1130.8715      881.6023 19293878   22.04%
 161964 23444      894.1014   179     1130.8715      882.4130 19755406   21.97%
 163123 23454      941.2037   191     1130.8715      883.2457 19801290   21.90%
 164528 23300    infeasible           1130.8715      883.8625 19988065   21.84%
 165838 23526     1017.1912   257     1130.8715      884.4530 20174348   21.79%
 166625 23792    infeasible           1130.8715      885.1122 20580999   21.73%
 167349 23959      973.8568   216     1130.8715      885.8653 20973014   21.67%
Elapsed time = 1334.24 sec. (353910.99 ticks, tree = 854.13 MB, solutions = 7)
 168060 23955    infeasible           1130.8715      886.7505 20952965   21.59%
 169070 23870    infeasible           1130.8715      887.7636 21163228   21.50%
 170480 23882    infeasible           1130.8715      888.3959 21394067   21.44%
 171798 24365        cutoff           1130.8715      889.1940 21842127   21.37%
 172759 24622    infeasible           1130.8715      890.1344 22154644   21.29%
 173432 24691      949.9951   265     1130.8715      890.8936 22276745   21.22%
 174086 24474      907.4555   148     1130.8715      891.4545 22580840   21.17%
 174729 24411    infeasible           1130.8715      892.0380 22689435   21.12%
 175443 24371     1127.1774   231     1130.8715      892.8917 22777814   21.04%
 176230 24252      949.0342   273     1130.8715      893.7256 22929752   20.97%
Elapsed time = 1487.03 sec. (392125.07 ticks, tree = 860.12 MB, solutions = 7)
 177486 23809      975.1090   232     1130.8715      894.4161 23322620   20.91%
 178709 23728      999.2736   241     1130.8715      895.0390 23454426   20.85%
 179635 23668     1017.4359   165     1130.8715      895.7215 23415085   20.79%
 180302 23964        cutoff           1130.8715      896.3995 23889015   20.73%
 181019 23759      916.1253   269     1130.8715      897.2308 24270647   20.66%
 181773 23732      908.5854   326     1130.8715      897.9332 24335849   20.60%
 182581 23601      912.2534   164     1130.8715      898.6526 24536678   20.53%
 183375 23396    infeasible           1130.8715      899.8117 24642025   20.43%
 184420 23301     1027.3966   161     1130.8715      900.6137 25067331   20.36%
 185825 23282      926.2534   231     1130.8715      901.6933 25129412   20.27%
Elapsed time = 1641.91 sec. (430306.05 ticks, tree = 819.35 MB, solutions = 7)
*186357+23316                         1122.5399      901.8783            19.66%
 187089 23213      949.6575   234     1122.5399      902.2738 25513408   19.62%
*187993 23356      integral     0     1121.2745      902.9399 25431814   19.47%
 188146 23301        cutoff           1121.2745      903.1587 25691562   19.45%
 188963 23273     1012.3277   219     1121.2745      903.7663 25637681   19.40%
*189020+23547                         1115.1432      903.7663            18.96%
 189697 23546      992.5520   351     1115.1432      904.9175 26190636   18.85%
 190450 23433     1000.9372   309     1115.1432      905.3915 26199045   18.81%
 191231 23300    infeasible           1115.1432      906.4028 26473682   18.72%
 191996 23102      932.3837   226     1115.1432      907.0529 26691227   18.66%
 192910 22658      933.3142   245     1115.1432      908.0402 27052829   18.57%
 194079 22493        cutoff           1115.1432      908.7925 27174600   18.50%
 195442 22505      972.1757   133     1115.1432      909.6496 27184860   18.43%
Elapsed time = 1794.64 sec. (468519.40 ticks, tree = 762.59 MB, solutions = 10)
 196660 22292      933.9725   225     1115.1432      910.2579 27314652   18.37%
 197591 22217    infeasible           1115.1432      911.1124 27802176   18.30%
 198327 22267    infeasible           1115.1432      911.8887 27935941   18.23%
 199089 21786      930.5403   278     1115.1432      912.8671 28577840   18.14%
 199844 21624    infeasible           1115.1432      913.8571 28671275   18.05%
 200651 21828        cutoff           1115.1432      914.4892 28566661   17.99%
 201431 21133        cutoff           1115.1432      915.7274 28995967   17.88%
 202191 20790        cutoff           1115.1432      916.7598 29186091   17.79%
 202906 20336    infeasible           1115.1432      918.1367 29415389   17.67%
 203674 20351        cutoff           1115.1432      918.9538 29407330   17.59%
Elapsed time = 1950.75 sec. (506738.04 ticks, tree = 653.12 MB, solutions = 10)
 204414 20102        cutoff           1115.1432      919.8893 29574592   17.51%
 205173 19830     1005.2952   188     1115.1432      920.9785 29840424   17.41%
 205944 19629        cutoff           1115.1432      921.7810 29981539   17.34%
 206737 19467      938.2824   297     1115.1432      923.4130 30107768   17.19%
 207647 18773        cutoff           1115.1432      924.0098 30426823   17.14%
 208535 18083     1008.2894   297     1115.1432      925.0728 30758368   17.04%
 209648 17695      960.2119   164     1115.1432      926.1947 31013466   16.94%
 210978 18147      997.9669   280     1115.1432      927.0473 30741729   16.87%
 212545 17440        cutoff           1115.1432      928.4018 31133880   16.75%
 213819 17313        cutoff           1115.1432      929.4900 31246583   16.65%
Elapsed time = 2106.09 sec. (544930.92 ticks, tree = 535.65 MB, solutions = 10)
 214870 17202    infeasible           1115.1432      930.7791 31738538   16.53%
 215696 17016      971.1777   103     1115.1432      932.0840 32081002   16.42%
 216540 16982      972.2707   220     1115.1432      933.3121 32289839   16.31%
 217391 16636    infeasible           1115.1432      934.9873 32536633   16.16%
 218210 16422     1113.6442   106     1115.1432      936.2691 32645692   16.04%
 219055 15804        cutoff           1115.1432      937.4175 32920713   15.94%
 219895 15225        cutoff           1115.1432      939.0539 33220302   15.79%
 220880 15228        cutoff           1115.1432      939.9870 33224909   15.71%
 221711 14788     1001.3760   193     1115.1432      942.6771 33399354   15.47%
 222506 14502        cutoff           1115.1432      944.0291 33498336   15.34%
Elapsed time = 2262.21 sec. (583128.70 ticks, tree = 412.41 MB, solutions = 10)
 223415 14215      981.4511   267     1115.1432      945.4236 33701670   15.22%
 224597 13485     1009.4447   253     1115.1432      946.6638 34091023   15.11%
 226109 13008     1042.4742   235     1115.1432      949.4607 34430419   14.86%
 227711 12998     1007.6677   178     1115.1432      950.2241 34438989   14.79%
 228856 12541     1071.0104   295     1115.1432      955.1778 34967197   14.34%
 229766 12023      983.1750   263     1115.1432      956.0199 35254315   14.27%
 230688 11760        cutoff           1115.1432      957.5955 35347970   14.13%
 231564 11246        cutoff           1115.1432      961.6227 35560307   13.77%
 232438 11401     1050.9098   234     1115.1432      965.0183 35514465   13.46%
 233299 10514     1006.6920   253     1115.1432      967.8995 35889390   13.20%
Elapsed time = 2416.84 sec. (621308.46 ticks, tree = 269.16 MB, solutions = 10)
 234347  9938     1110.8452   244     1115.1432      973.3473 36174384   12.72%
 236064  9343     1057.4460   307     1115.1432      973.5836 36414138   12.69%
 237752  9173        cutoff           1115.1432      981.5151 36544350   11.98%
 238727  8691    infeasible           1115.1432      986.0793 36903645   11.57%
 239664  7803    infeasible           1115.1432      987.6527 37224071   11.43%
 240635  7814        cutoff           1115.1432      994.3088 37220092   10.84%
 241617  6611        cutoff           1115.1432      999.1379 37584798   10.40%
 242749  6355        cutoff           1115.1432      999.1379 37640068   10.40%
 244667  5443        cutoff           1115.1432     1014.6856 37995500    9.01%
 245892  4722        cutoff           1115.1432     1021.3159 38247905    8.41%
Elapsed time = 2570.84 sec. (659484.58 ticks, tree = 86.51 MB, solutions = 10)
 247431  3876        cutoff           1115.1432     1029.3594 38462157    7.69%
 248693  3013        cutoff           1115.1432     1046.6374 38670076    6.14%
 250598  1816        cutoff           1115.1432     1063.8644 38921426    4.60%
*250922+ 1869                         1106.2967     1063.8644             3.84%
*253581+ 1677                         1094.4863     1068.2482             2.40%
 256750  1578     1089.4056   131     1094.4863     1069.0124 38982606    2.33%
 264780  3407     1083.0526   105     1094.4863     1072.1294 39188244    2.04%
 271467  7025     1088.6977   126     1094.4863     1072.9652 39638163    1.97%
 277037  9486        cutoff           1094.4863     1078.1468 40068194    1.49%
 281918 11264        cutoff           1094.4863     1083.3156 40450782    1.02%
 286646 11305     1094.1799   127     1094.4863     1085.4576 40945961    0.82%
 292040 11074        cutoff           1094.4863     1086.9735 41313119    0.69%
Elapsed time = 2727.77 sec. (697650.77 ticks, tree = 75.54 MB, solutions = 23)
 298123 10686     1091.8382   150     1094.4863     1088.5277 41621268    0.54%
 304788  9034        cutoff           1094.4863     1090.0977 42044409    0.40%
 312468  7153     1093.5247    92     1094.4863     1091.8931 42425364    0.24%

GUB cover cuts applied:  19
Clique cuts applied:  13
Cover cuts applied:  38
Implied bound cuts applied:  421
Flow cuts applied:  199
Mixed integer rounding cuts applied:  307
Zero-half cuts applied:  32
Lift and project cuts applied:  112
Gomory fractional cuts applied:  17

Root node processing (before b&c):
  Real time             =    3.67 sec. (2111.08 ticks)
Parallel b&c, 32 threads:
  Real time             = 2795.42 sec. (710750.18 ticks)
  Sync time (average)   =  762.26 sec.
  Wait time (average)   =    0.32 sec.
                          ------------
Total (root+branch&cut) = 2799.09 sec. (712861.25 ticks)
Number of arguments: 4

File path: ../Data/Demo/50/C103_50.txt
Capacity of FEV: 600
Capacity of SEV: 50
Execution time limit: 120
Number of Robots/MM: 10
Case: f

Number of customers: 46
./Result/C103_50/C103_50-Q50
Optimal solution found!
Total execution time: 2801.37314881 seconds
Total distance traveled: 1094.486317491145
File name: C103_50-Q50
Number of customers: 46
Capacity of FEV: 10000
Capacity of Microhub: 600
Capacity of SEV: 50
Number of parkings: 16
Number of microhubs: 10
Number of robots/MM: 10
Parking generation rule: f
==========================================================================
