Version identifier: 22.1.1.0 | 2022-11-28 | 9160aff4d
CPXPARAM_TimeLimit                               7200
Tried aggregator 1 time.
MIP Presolve eliminated 4780 rows and 3102 columns.
MIP Presolve modified 7490 coefficients.
Reduced MIP has 5048 rows, 6270 columns, and 24045 nonzeros.
Reduced MIP has 3193 binaries, 3077 generals, 0 SOSs, and 0 indicators.
Presolve time = 0.05 sec. (24.23 ticks)
Probing fixed 185 vars, tightened 130 bounds.
Probing changed sense of 15 constraints.
Probing time = 0.10 sec. (20.84 ticks)
Cover probing fixed 39 vars, tightened 94 bounds.
Tried aggregator 1 time.
Detecting symmetries...
MIP Presolve eliminated 376 rows and 449 columns.
MIP Presolve modified 12 coefficients.
Reduced MIP has 4672 rows, 5821 columns, and 21927 nonzeros.
Reduced MIP has 2922 binaries, 2899 generals, 0 SOSs, and 0 indicators.
Presolve time = 0.03 sec. (14.26 ticks)
Probing time = 0.04 sec. (5.85 ticks)
Clique table members: 15898.
MIP emphasis: balance optimality and feasibility.
MIP search method: dynamic search.
Parallel mode: deterministic, using up to 32 threads.
Root relaxation solution time = 0.74 sec. (167.67 ticks)

        Nodes                                         Cuts/
   Node  Left     Objective  IInf  Best Integer    Best Bound    ItCnt     Gap

      0     0      506.6208   209                    506.6208     2872         
      0     0      556.9487   270                   Cuts: 273     3649         
      0     0      581.1301   333                   Cuts: 154     4149         
      0     0      591.8986   345                   Cuts: 140     4540         
      0     0      596.8865   358                    Cuts: 95     4797         
      0     0      598.4424   368                    Cuts: 78     5049         
Detecting symmetries...
      0     0      599.4993   359                    Cuts: 41     5249         
      0     0      599.8603   361                    Cuts: 33     5394         
      0     0      601.0570   377                    Cuts: 47     5548         
      0     0      603.0702   385                    Cuts: 38     5765         
      0     0      604.3178   393                    Cuts: 52     5878         
      0     0      604.8560   375                    Cuts: 25     5983         
      0     0      604.9752   390                    Cuts: 27     6055         
      0     0      605.4757   394                    Cuts: 11     6124         
      0     0      605.6650   378                    Cuts: 15     6186         
      0     0      610.6108   387                    Cuts: 27     6596         
      0     0      612.0986   381                    Cuts: 52     6790         
      0     0      613.0941   396                    Cuts: 45     6921         
      0     0      613.3315   404                    Cuts: 34     6964         
      0     0      613.5750   413                    Cuts: 27     7058         
      0     0      613.6436   412                    Cuts: 19     7096         
      0     0      613.7003   411                    Cuts: 12     7127         
Detecting symmetries...
      0     2      613.7003   411                    613.7003     7127         
Elapsed time = 11.46 sec. (4116.38 ticks, tree = 0.02 MB, solutions = 0)
      5     7      625.4597   297                    617.2675     8701         
     63    47      674.0222   295                    617.2731    14853         
    196   105      706.1544   312                    620.1360    34102         
    257   108      720.3921   224                    620.1618    37118         
    334    72    infeasible                          620.1618   105960         
    407    38      646.4464   339                    620.1618   133985         
    495    41     1022.8764   174                    620.1618   143002         
    848   119     1028.1180   179                    624.3347   178001         
   1256   459     1077.1862   158                    624.3910   206826         
   2772  1369     1443.3149    53                    624.3910   305460         
Elapsed time = 28.62 sec. (7277.39 ticks, tree = 24.39 MB, solutions = 0)
*  2948  1795      integral     0     1459.1386      624.3910   341119   57.21%
   3495  2031      676.8649   257     1459.1386      627.2525   438416   57.01%
   6421  3522     1168.8440   132     1459.1386      627.2525   512278   57.01%
   7738  5501     1104.5245   176     1459.1386      640.8887   641484   56.08%

Performing restart 1

Repeating presolve.
Tried aggregator 1 time.
MIP Presolve eliminated 7 rows and 8 columns.
Reduced MIP has 4665 rows, 5813 columns, and 21889 nonzeros.
Reduced MIP has 2918 binaries, 2895 generals, 0 SOSs, and 0 indicators.
Presolve time = 0.02 sec. (10.58 ticks)
Tried aggregator 1 time.
Reduced MIP has 4665 rows, 5813 columns, and 21889 nonzeros.
Reduced MIP has 2918 binaries, 2895 generals, 0 SOSs, and 0 indicators.
Presolve time = 0.03 sec. (13.78 ticks)
Represolve time = 0.27 sec. (79.55 ticks)
*  8398+    0                         1447.0154      650.4089            55.05%
   8398     0      637.7438   429     1447.0154     Cuts: 143   735705   55.05%
*  8398+    0                         1444.1283      650.4089            54.96%
   8398     0      649.0071   440     1444.1283     Cuts: 154   736269   54.96%
   8398     0      658.2937   461     1444.1283     Cuts: 173   736970   54.42%
*  8398+    0                         1437.3466      658.2937            54.20%
   8398     0      665.7954   444     1437.3466     Cuts: 179   737544   53.68%
   8398     0      672.8651   468     1437.3466     Cuts: 182   738072   53.19%
   8398     0      679.4787   487     1437.3466     Cuts: 176   738589   52.73%
   8398     0      683.5866   501     1437.3466     Cuts: 202   739027   52.44%
*  8398+    0                         1410.5520      683.5866            51.54%
   8398     0      687.2543   516     1410.5520     Cuts: 127   739455   51.28%
*  8398+    0                         1396.9981      687.2543            50.80%
*  8398+    0                         1377.0517      687.2543            50.09%
   8398     0  -1.00000e+75     0     1377.0517      687.2543   739455   50.09%
   8398     0      689.1461   544     1377.0517     Cuts: 123   739725   49.95%
   8398     0      690.7144   551     1377.0517     Cuts: 124   739987   49.84%
   8398     0      691.6507   560     1377.0517     Cuts: 107   740189   49.77%
*  8398+    0                         1357.4591      691.6507            49.05%
   8398     0      692.1436   566     1357.4591      Cuts: 62   740351   49.01%
*  8398+    0                         1349.1406      692.1436            48.70%
*  8398+    0                         1343.2827      692.1436            48.47%
   8398     0  -1.00000e+75     0     1343.2827      692.1436   740351   48.47%
   8398     0      692.3935   576     1343.2827      Cuts: 66   740499   48.46%
   8398     0      692.6567   545     1343.2827      Cuts: 44   740576   48.44%
   8398     0      692.8690   562     1343.2827      Cuts: 46   740699   48.42%
   8398     0      693.1022   562     1343.2827      Cuts: 59   740799   48.40%
*  8398+    0                         1334.0919      693.1022            48.05%
   8398     0      693.3532   586     1334.0919      Cuts: 42   740948   48.03%
*  8398+    0                         1320.7193      693.3532            47.50%
   8398     0      693.6382   588     1320.7193      Cuts: 72   741113   47.48%
   8398     0      693.8857   595     1320.7193      Cuts: 78   741234   47.46%
   8398     0      694.0373   597     1320.7193      Cuts: 38   741323   47.45%
   8398     0      694.0445   583     1320.7193      Cuts: 15   741351   47.45%
*  8398+    0                         1320.6414      694.0445            47.45%
   8398     0      694.0449   583     1320.6414       Cuts: 6   741359   47.45%
   8398     0      694.0505   574     1320.6414       Cuts: 5   741372   47.45%
   8398     0      694.0973   584     1320.6414      Cuts: 10   741418   47.44%
*  8398+    0                         1290.4346      694.0973            46.21%
*  8398+    0                         1284.2405      694.0973            45.95%
*  8398+    0                         1273.2605      694.0973            45.49%
   8398     0  -1.00000e+75     0     1273.2605      694.0973   741418   45.49%
   8398     2      694.0973   584     1273.2605      694.0973   741418   45.49%
   8399     3      696.9790   535     1273.2605      696.9820   742493   45.26%
   8400     4      697.7160   538     1273.2605      697.7176   742674   45.20%
   8403     6      717.3276   493     1273.2605      697.7176   743934   45.20%
   8409     7      720.9080   466     1273.2605      697.7183   744112   45.20%
*  8411+    3                         1272.1345      697.7183            45.15%
*  8418+    4                         1271.8631      697.7183            45.14%
   8423    14      743.2436   432     1271.8631      697.7183   752291   45.14%
*  8427+   10                         1268.9587      697.7183            45.02%
   8448    19      724.9628   407     1268.9587      701.7943   759198   44.70%
Elapsed time = 644.14 sec. (34585.70 ticks, tree = 0.02 MB, solutions = 19)
   8473    14      703.7593   536     1268.9587      703.7598   793113   44.54%
   8520    28     1024.1531   243     1268.9587      703.7598   815394   44.54%
   8649    68     1063.6366   227     1268.9587      704.2113   836966   44.50%
   9021   187     1070.4290   180     1268.9587      704.6846   857814   44.47%
   9967   980     1137.1080   135     1268.9587      704.6846   897648   44.47%
  10691  1630     1108.7039   190     1268.9587      704.6846   925390   44.47%
  12225  2239     1162.2060   157     1268.9587      704.6846   956381   44.47%
  13911  3593     1215.7828   112     1268.9587      704.6846  1000672   44.47%
  15538  5433      969.5043   264     1268.9587      704.6846  1066837   44.47%
  16401  6637     1176.9078    96     1268.9587      705.4917  1118619   44.40%
Elapsed time = 686.40 sec. (44205.56 ticks, tree = 263.23 MB, solutions = 19)
  16768  7504     1155.1207   145     1268.9587      705.4917  1199625   44.40%
  17099  7702     1034.9475   278     1268.9587      705.4917  1273284   44.40%
  17555  7925     1050.2725   259     1268.9587      705.4917  1312000   44.40%
  18281  8190     1051.0728   251     1268.9587      705.4917  1346247   44.40%
  20152  8940     1212.0343   150     1268.9587      705.4917  1397435   44.40%
  22327 11401     1100.9841   181     1268.9587      705.4917  1493283   44.40%
  23470 12737      747.1805   424     1268.9587      724.2195  1541843   42.93%
  23821 13874     1193.1724   115     1268.9587      724.2195  1654862   42.93%
  24221 14059     1079.0610   203     1268.9587      724.2195  1700839   42.93%
  25058 14497      961.0184   153     1268.9587      724.2195  1762343   42.93%
Elapsed time = 730.49 sec. (53750.90 ticks, tree = 574.03 MB, solutions = 19)
  27333 14964     1018.8590   142     1268.9587      724.2195  1790188   42.93%
  29661 17874     1140.7960   185     1268.9587      732.7598  1909674   42.26%
  31225 19478      786.4104   392     1268.9587      732.7598  1960049   42.26%
* 31321+19936                         1120.6976      735.0167            34.41%
  31532 11952     1046.2720   244     1120.6976      736.4864  2072582   34.28%
  31879 12102      938.8556   214     1120.6976      740.8940  2114151   33.89%
  32360 12431     1045.0878   254     1120.6976      750.2357  2179007   33.06%
* 33260+12883                         1104.3214      751.8830            31.91%
  33755 12532      987.2268   172     1104.3214      751.8830  2208095   31.91%
* 34536+11948                         1078.9581      751.8830            30.31%
  34868 12133      949.7363   204     1078.9581      751.8830  2300807   30.31%
* 35036+12013                         1048.8628      751.8830            28.31%
* 35064+12013                         1025.6836      751.8830            26.69%
* 35102+12013                         1025.2086      751.8830            26.66%
  35385  5983     1013.2244   104     1025.2086      755.4141  2422674   26.32%
  36092  6312      989.3619   169     1025.2086      755.8328  2488459   26.28%
Elapsed time = 774.79 sec. (63304.17 ticks, tree = 192.88 MB, solutions = 26)
* 36288+ 6328                         1016.5216      755.8328            25.65%
  36693  5820     1001.2771   134     1016.5216      759.7613  2515684   25.26%
  37139  6344      976.9611   296     1016.5216      766.4222  2619235   24.60%
  37565  6700    infeasible           1016.5216      766.4222  2714523   24.60%
  38022  6726      963.7037   163     1016.5216      766.4222  2719361   24.60%
  38884  7172     1003.7971   161     1016.5216      770.1522  2794888   24.24%
  40440  7817      991.7725   179     1016.5216      781.6479  2850822   23.11%
* 40968+ 8457                         1011.8927      781.6479            22.75%
  41502  8708      944.6809   198     1011.8927      792.3580  2900615   21.70%
* 41747+ 8671                          997.6228      792.3580            20.58%
  42131  7205      930.6594   310      997.6228      816.7780  3001733   18.13%
  42669  8173      967.8798   285      997.6228      818.9496  3114589   17.91%
* 42976+ 7586                          995.1871      834.4712            16.15%
  43179  8180      988.5795   233      995.1871      834.4712  3172792   16.15%
Elapsed time = 819.21 sec. (72855.58 ticks, tree = 241.11 MB, solutions = 38)
* 43541+ 8295                          990.8270      839.4802            15.27%
* 43557+ 8295                          990.2713      839.4802            15.23%
* 43573+ 8295                          986.5252      839.4802            14.91%
  43958  8250      988.0384   182      986.5252      839.4802  3182364   14.91%
  44825  7285      964.7100   255      986.5252      859.8720  3243783   12.84%
  45731  7667      946.8361   290      986.5252      882.0009  3298383   10.60%
  46442  9062      964.5071   268      986.5252      903.9452  3441477    8.37%
  47041  9538      960.6062   298      986.5252      908.9568  3500805    7.86%
  47957  9832      928.4693   330      986.5252      909.5925  3533987    7.80%
  48996 10189      951.6636   285      986.5252      909.9667  3567682    7.76%
  49991 12152      952.3770   303      986.5252      913.5008  3752130    7.40%
  50948 12343      981.7200   225      986.5252      914.2119  3773034    7.33%
  51615 13380      944.1754   269      986.5252      914.7175  3880229    7.28%
Elapsed time = 863.93 sec. (82405.74 ticks, tree = 429.54 MB, solutions = 41)
  52248 13799      971.9779   269      986.5252      915.0261  3930441    7.25%
  53338 14678      975.7746   222      986.5252      916.3948  4016813    7.11%
  54562 14716      936.0595   286      986.5252      916.6688  4018809    7.08%
  55651 16282      985.0404   276      986.5252      917.7314  4126412    6.97%
  56740 17736      979.7118   239      986.5252      918.3675  4254745    6.91%
  57648 18256      952.1686   281      986.5252      918.3824  4300274    6.91%
  58538 19137      946.0753   266      986.5252      919.6585  4375240    6.78%
  59217 19597      978.9786   253      986.5252      919.8309  4421802    6.76%
  59835 20830      983.2298   171      986.5252      920.0441  4534953    6.74%
* 60182+21129                          982.8756      920.4135             6.36%
  60552 20081      945.5124   255      982.8756      920.4135  4603791    6.36%
Elapsed time = 909.66 sec. (91953.19 ticks, tree = 748.08 MB, solutions = 43)
  61544 20136        cutoff            982.8756      920.9258  4606361    6.30%
  62569 21109      979.1492   245      982.8756      920.9258  4710225    6.30%
  63436 22138      949.0124   323      982.8756      921.8802  4800055    6.21%
  64412 22174      973.3549   227      982.8756      922.4121  4802652    6.15%
  65158 22760      954.2534   284      982.8756      923.0613  4871320    6.09%
  65719 23897      971.3027   283      982.8756      923.6330  4971021    6.03%
  66569 24874      953.8866   277      982.8756      923.9414  5062123    6.00%
  67489 25058      954.5686   280      982.8756      924.1445  5076250    5.98%
  68443 26019      956.6716   249      982.8756      924.4509  5159391    5.94%
  69460 27739      969.1961   244      982.8756      924.6893  5312686    5.92%
Elapsed time = 955.39 sec. (101499.44 ticks, tree = 1066.22 MB, solutions = 44)
  70437 28180      973.3237   266      982.8756      924.7686  5343199    5.91%
* 70853+27556                          981.7496      924.9879             5.78%
  71383 28287      968.2507   288      981.7496      924.9879  5358723    5.78%
  72245 28871      964.8269   236      981.7496      924.9879  5473373    5.78%
  72846 29764      936.4688   268      981.7496      925.7482  5556880    5.70%
  73385 30559      955.0032   253      981.7496      925.7482  5649623    5.70%
  74094 30930      937.2399   310      981.7496      926.1550  5690560    5.66%
  74968 31057      953.1949   329      981.7496      926.6278  5704647    5.61%
  75968 31728      965.4493   247      981.7496      926.6547  5765894    5.61%
  76885 33026      959.6865   292      981.7496      926.9002  5881458    5.59%
  79952 36088      976.8672   262      981.7496      928.0482  6213507    5.47%
Elapsed time = 1014.86 sec. (113908.38 ticks, tree = 1356.63 MB, solutions = 45)
  83069 37315      972.9273   291      981.7496      928.9447  6341534    5.38%
  86827 40015      970.4460   191      981.7496      930.2784  6600506    5.24%
  89684 44403      978.6498   213      981.7496      931.0371  7074445    5.17%
  93409 46818      945.8174   291      981.7496      931.4059  7298893    5.13%
  97392 50212      969.0840   268      981.7496      932.1133  7584770    5.06%
 100375 53210      975.2893   304      981.7496      932.4157  7885443    5.03%
 103244 54586      972.0319   244      981.7496      932.9807  8061202    4.97%
 106704 57969      976.6455   272      981.7496      933.4662  8350137    4.92%
 109880 59928      967.3058   230      981.7496      933.7987  8518677    4.88%
 112727 62827      976.5138   259      981.7496      934.2606  8811222    4.84%
Elapsed time = 1201.96 sec. (152061.55 ticks, tree = 2670.32 MB, solutions = 45)
Nodefile size = 616.45 MB (472.37 MB after compression)
 115691 65861      976.2421   233      981.7496      934.5391  9104959    4.81%
 119096 67241      950.1220   284      981.7496      935.0924  9232994    4.75%
 122277 71673      958.1065   279      981.7496      935.4433  9672427    4.72%
 125431 74871      976.9037   201      981.7496      935.7736  9993779    4.68%
 127924 76171      978.3495   168      981.7496      935.9324 10132789    4.67%
 131327 79092      974.2605   299      981.7496      936.2534 10406940    4.63%
 134278 81746      963.1099   205      981.7496      936.4872 10652378    4.61%
 137327 83145      972.5175   265      981.7496      936.6786 10784228    4.59%
 139999 85853      977.7929   172      981.7496      937.0135 11087835    4.56%
 142800 88070      957.7769   256      981.7496      937.1585 11305332    4.54%
Elapsed time = 1396.14 sec. (190218.30 ticks, tree = 3811.98 MB, solutions = 45)
Nodefile size = 1757.92 MB (1352.88 MB after compression)
 145933 91499        cutoff            981.7496      937.3839 11639628    4.52%
 149037 95164      959.0230   337      981.7496      937.7706 11982313    4.48%
 151920 96068      947.7048   263      981.7496      937.9946 12091262    4.46%
 154465 99930      968.6100   254      981.7496      938.0775 12515116    4.45%
 156935 101106      969.8136   216      981.7496      938.4542 12659494    4.41%
 160312 103318      955.7507   259      981.7496      938.6286 12883340    4.39%
 163396 105462      976.2886   310      981.7496      938.7430 13120498    4.38%
*163990+104115                          980.5787      938.7430             4.27%
*164055+104112                          979.4527      938.7430             4.16%
 165953 106892      971.3189   345      979.4527      938.7779 13554835    4.15%
 168810 109127      978.2243   270      979.4527      938.9345 13803545    4.14%
 171067 109659      976.1030   284      979.4527      939.2400 13861077    4.11%
Elapsed time = 1588.96 sec. (228378.47 ticks, tree = 4911.62 MB, solutions = 48)
Nodefile size = 2855.52 MB (2210.42 MB after compression)
 173775 112326        cutoff            979.4527      939.3889 14143834    4.09%
 176613 113865      958.3222   244      979.4527      939.5644 14303719    4.07%
 179438 118205      973.1307   256      979.4527      939.7187 14745474    4.06%
 181809 118926      951.9032   263      979.4527      939.9510 14837095    4.03%
 183958 120484      976.0247   274      979.4527      940.1285 15035058    4.01%
 186109 123858      970.7735   232      979.4527      940.2479 15484086    4.00%
 188660 124680      977.8799   275      979.4527      940.4052 15595607    3.99%
 191389 127774      967.1148   214      979.4527      940.5918 15942859    3.97%
 194054 130029      970.1487   276      979.4527      940.7295 16195566    3.95%
 196601 131732      965.0728   158      979.4527      940.8738 16429865    3.94%
Elapsed time = 1780.22 sec. (266540.44 ticks, tree = 6148.64 MB, solutions = 48)
Nodefile size = 4091.89 MB (3188.47 MB after compression)
 198756 132452      965.9254   328      979.4527      941.0339 16517412    3.92%
 200934 134424      961.3953   322      979.4527      941.1964 16766917    3.91%
 203421 136312      974.3701   236      979.4527      941.3522 17004648    3.89%
 206174 138438      963.7880   241      979.4527      941.4706 17268894    3.88%
 208890 141269      970.6213   203      979.4527      941.5790 17573630    3.87%
 211332 144585      950.9731   308      979.4527      941.7129 17988984    3.85%
 213623 146055      972.9825   245      979.4527      941.8384 18181696    3.84%
 215935 147873        cutoff            979.4527      941.9611 18410519    3.83%
 218822 150148      970.7757   180      979.4527      942.0799 18659958    3.82%
 221528 151811      978.9374   265      979.4527      942.2002 18834410    3.80%
Elapsed time = 1982.08 sec. (304699.82 ticks, tree = 7185.64 MB, solutions = 48)
Nodefile size = 5130.16 MB (4006.05 MB after compression)
 223933 154098      961.3560   272      979.4527      942.2908 19089351    3.79%
 226131 156042      974.9402   208      979.4527      942.3845 19308116    3.78%
 228758 158487      975.0767   281      979.4527      942.5253 19662695    3.77%
 231006 159497      971.9827   218      979.4527      942.6218 19791670    3.76%
 232989 162477      965.4875   250      979.4527      942.7557 20148143    3.75%
 235333 162992      964.2339   296      979.4527      942.8337 20226120    3.74%
 237785 165211      969.6442   311      979.4527      942.9742 20518258    3.72%
 240038 166979    infeasible            979.4527      943.0818 20747218    3.71%
 242622 169515      973.2592   317      979.4527      943.1355 21118372    3.71%
 245209 171220      972.5487   229      979.4527      943.3082 21301149    3.69%
Elapsed time = 2179.24 sec. (342854.04 ticks, tree = 8135.47 MB, solutions = 48)
Nodefile size = 6079.17 MB (4752.07 MB after compression)
 247378 172586      971.9457   202      979.4527      943.3898 21452100    3.68%
 249844 173988      955.1212   233      979.4527      943.4753 21628067    3.67%
 252159 176656      978.9403   183      979.4527      943.5586 21929099    3.66%
 253989 178705      960.2439   282      979.4527      943.6806 22191130    3.65%
 256355 180956      958.4432   303      979.4527      943.7674 22590723    3.64%
 258879 181261      960.7398   210      979.4527      943.7698 22639882    3.64%
 261225 184040      978.1601   167      979.4527      943.9207 23002401    3.63%
 263437 187097      978.2105   263      979.4527      944.0712 23414941    3.61%
 265683 186984      971.2933   268      979.4527      944.1634 23403636    3.60%
 267991 189731      973.5396   237      979.4527      944.2755 23734776    3.59%
Elapsed time = 2374.61 sec. (381020.99 ticks, tree = 9272.35 MB, solutions = 48)
Nodefile size = 7218.38 MB (5667.69 MB after compression)
 270168 189797      971.9786   269      979.4527      944.3668 23743473    3.58%
 272212 193247      961.7153   318      979.4527      944.4672 24188286    3.57%
 274780 194242      979.1745   285      979.4527      944.5432 24323504    3.56%
 277149 196830      965.0559   335      979.4527      944.6297 24688406    3.56%
 279484 197686      968.7520   256      979.4527      944.6969 24798764    3.55%
 281438 201305      967.5630   232      979.4527      944.7989 25260233    3.54%
 283479 201756      975.7101   201      979.4527      944.8900 25328473    3.53%
 285504 203122      973.3142   343      979.4527      944.9897 25518458    3.52%
 287703 205255      972.0347   389      979.4527      945.0484 25846532    3.51%
 290095 207755      961.5187   232      979.4527      945.1341 26208350    3.50%
Elapsed time = 2575.04 sec. (419177.80 ticks, tree = 10094.01 MB, solutions = 48)
Nodefile size = 8039.40 MB (6311.90 MB after compression)
 292581 208326      965.3853   308      979.4527      945.2184 26290006    3.50%
 295155 211005      969.8754   223      979.4527      945.2795 26623312    3.49%
 297197 214225      975.4487   243      979.4527      945.3919 27025774    3.48%
 299201 213720      975.1934   360      979.4527      945.4834 26969274    3.47%
 301276 215577      959.0959   323      979.4527      945.5606 27207507    3.46%
 303523 218868      971.2037   290      979.4527      945.6308 27688480    3.45%
 305915 219466      963.9501   213      979.4527      945.7172 27772573    3.44%
 308130 221828      970.6560   220      979.4527      945.7621 28094382    3.44%
 310585 223143      969.9348   247      979.4527      945.8513 28251421    3.43%
 312800 226281      972.1557   309      979.4527      945.9401 28650368    3.42%
Elapsed time = 2774.41 sec. (457334.43 ticks, tree = 11170.61 MB, solutions = 48)
Nodefile size = 9116.40 MB (7174.96 MB after compression)
 314430 227340      967.9118   284      979.4527      946.0132 28793490    3.41%
 316402 228409      969.4238   244      979.4527      946.0800 28950608    3.41%
 318941 229765      957.5157   312      979.4527      946.1538 29202784    3.40%
 321376 231151      962.6326   244      979.4527      946.2064 29380100    3.39%
 324111 233738      977.0484   270      979.4527      946.2744 29695911    3.39%
 326626 234439      971.5933   221      979.4527      946.3645 29776718    3.38%
 328640 238503      974.8682   254      979.4527      946.4379 30255055    3.37%
 330341 239918      969.8329   294      979.4527      946.5206 30443838    3.36%
 332464 241335      956.3958   374      979.4527      946.5995 30659377    3.35%
 334934 244118      951.9861   303      979.4527      946.6801 31054443    3.35%
Elapsed time = 2970.53 sec. (495496.96 ticks, tree = 12071.82 MB, solutions = 48)
Nodefile size = 10017.66 MB (7890.21 MB after compression)
 337260 245695      967.0510   227      979.4527      946.7336 31241120    3.34%
 339780 246145      976.4681   282      979.4527      946.7795 31303612    3.34%
 342261 247197      974.5867   177      979.4527      946.8650 31440778    3.33%
 344117 250674        cutoff            979.4527      946.9366 31871870    3.32%
 346014 252437      972.0406   213      979.4527      947.0050 32135012    3.31%
 347969 254240      972.8897   226      979.4527      947.0694 32404374    3.31%
 350242 255216      976.2431   241      979.4527      947.1161 32523519    3.30%
 352459 255785      963.1535   197      979.4527      947.1856 32601247    3.29%
 354543 257403      975.4648   325      979.4527      947.2613 32820121    3.29%
 356682 258598        cutoff            979.4527      947.3192 32999224    3.28%
Elapsed time = 3165.96 sec. (533671.61 ticks, tree = 12898.58 MB, solutions = 48)
Nodefile size = 10839.83 MB (8550.23 MB after compression)
 358706 262551      974.7790   238      979.4527      947.3761 33557131    3.27%
 360413 262514      978.8135   224      979.4527      947.4462 33553770    3.27%
 362132 264438      968.7900   240      979.4527      947.4993 33857847    3.26%
 363836 265900      976.0670   153      979.4527      947.5759 34120998    3.25%
 365985 266671      959.1449   305      979.4527      947.6085 34244048    3.25%
 368315 267904      960.2726   256      979.4527      947.6844 34424979    3.24%
 370598 270318      966.4880   252      979.4527      947.7323 34731634    3.24%
 372876 271144      964.4968   274      979.4527      947.7819 34865010    3.23%
 375175 274486      973.6569   268      979.4527      947.8451 35315618    3.23%
 376983 276624      967.8051   270      979.4527      947.8982 35620224    3.22%
Elapsed time = 3361.94 sec. (571837.21 ticks, tree = 13849.31 MB, solutions = 48)
Nodefile size = 11793.61 MB (9315.99 MB after compression)
 378922 277982      972.2687   273      979.4527      947.9600 35860665    3.22%
 380957 278675      969.1721   309      979.4527      948.0222 35952209    3.21%
 383172 281549        cutoff            979.4527      948.1005 36320620    3.20%
 385480 281773      972.6177   241      979.4527      948.1404 36350260    3.20%
 387490 284549      973.5815   233      979.4527      948.2055 36725777    3.19%
 389363 286198      971.7421   221      979.4527      948.2532 36999689    3.19%
 391419 286859      976.5283   215      979.4527      948.2955 37116641    3.18%
 393575 288738      974.4966   248      979.4527      948.3257 37441738    3.18%
 395637 289517      967.7066   281      979.4527      948.4024 37537396    3.17%
 397554 290159      976.7140   216      979.4527      948.4552 37625098    3.16%
Elapsed time = 3565.32 sec. (610001.42 ticks, tree = 14550.14 MB, solutions = 48)
Nodefile size = 12491.25 MB (9871.27 MB after compression)
 399767 293836        cutoff            979.4527      948.5280 38117907    3.16%
 402098 294238      972.0709   329      979.4527      948.5786 38160953    3.15%
 404153 296842      971.2996   237      979.4527      948.6272 38490465    3.15%
 405886 298078      965.4094   194      979.4527      948.6867 38701080    3.14%
 408054 298449        cutoff            979.4527      948.7212 38758052    3.14%
 410280 300639      963.6597   262      979.4527      948.7954 39130065    3.13%
 412593 303057      966.6649   340      979.4527      948.8532 39503365    3.12%
 414607 302670      960.7782   207      979.4527      948.9044 39465694    3.12%
 416507 305107      961.9388   181      979.4527      948.9511 39759997    3.11%
 418782 307485      969.3858   212      979.4527      949.0089 40068888    3.11%
Elapsed time = 3768.68 sec. (648173.63 ticks, tree = 15612.46 MB, solutions = 48)
Nodefile size = 13552.71 MB (10729.72 MB after compression)
 420954 309257        cutoff            979.4527      949.0711 40317883    3.10%
 422823 311194      974.6608   110      979.4527      949.1227 40563305    3.10%
 424789 312266      969.4936   170      979.4527      949.1605 40729796    3.09%
 426930 313625      962.2502   328      979.4527      949.2379 40974010    3.08%
 429285 314570        cutoff            979.4527      949.2874 41123709    3.08%
 431483 318117      972.0382   223      979.4527      949.3378 41581251    3.07%
 433476 319643    infeasible            979.4527      949.3915 41775662    3.07%
 435496 321113      971.7560   301      979.4527      949.4400 41985763    3.06%
 437948 320776      966.5372   294      979.4527      949.4889 41934693    3.06%
 440055 322314    infeasible            979.4527      949.5500 42160257    3.05%
Elapsed time = 3972.45 sec. (686341.15 ticks, tree = 16442.97 MB, solutions = 48)
Nodefile size = 14388.34 MB (11402.49 MB after compression)
 442014 324232      977.0331   313      979.4527      949.5921 42420556    3.05%
 443934 327184      958.8437   183      979.4527      949.6499 42819284    3.04%
 446045 328195      977.1157   263      979.4527      949.6792 43009868    3.04%
 448364 328637      978.0365   210      979.4527      949.7289 43083823    3.03%
 450637 331300      973.2740   220      979.4527      949.8016 43460311    3.03%
 452485 334262      977.7096   264      979.4527      949.8424 43837063    3.02%
 454403 335299      975.0962   316      979.4527      949.8991 43980070    3.02%
 456347 335016      976.3019   131      979.4527      949.9401 43939442    3.01%
 458053 337229      958.0672   244      979.4527      949.9988 44272894    3.01%
 460280 339131      975.7085   306      979.4527      950.0343 44554429    3.00%
Elapsed time = 4179.37 sec. (724499.65 ticks, tree = 17197.29 MB, solutions = 48)
Nodefile size = 15141.51 MB (12000.01 MB after compression)
 462563 340181        cutoff            979.4527      950.0782 44723853    3.00%
 464899 343079      955.8942   317      979.4527      950.1384 45119465    2.99%
 467129 342516      968.6694   293      979.4527      950.1770 45055466    2.99%
 468972 346859        cutoff            979.4527      950.2216 45632787    2.98%
 470396 346199      967.5017   315      979.4527      950.2664 45543910    2.98%
 472183 348985      971.4570   192      979.4527      950.3055 45994843    2.98%
 474242 348768      975.0855   251      979.4527      950.3679 45933834    2.97%
 476485 350913      961.4147   197      979.4527      950.4118 46327242    2.97%
 478811 351085      967.4155   338      979.4527      950.4466 46357063    2.96%
 480988 355491      972.3337   331      979.4527      950.4957 46948489    2.96%
Elapsed time = 4385.43 sec. (762656.71 ticks, tree = 18199.01 MB, solutions = 48)
Nodefile size = 16144.83 MB (12811.95 MB after compression)
 483089 356296      974.3901   241      979.4527      950.5384 47046960    2.95%
 485115 358755      972.9364   293      979.4527      950.5930 47372594    2.95%
 486595 359948      976.7648   320      979.4527      950.6423 47534901    2.94%
 488389 360911      974.7036   201      979.4527      950.6904 47697211    2.94%
 490588 362172      970.2660   259      979.4527      950.7331 47942413    2.93%
 492775 363757      968.2214   277      979.4527      950.7630 48164513    2.93%
 494939 363340      965.6746   253      979.4527      950.7996 48114443    2.93%
 497192 365963      967.1490   218      979.4527      950.8421 48449891    2.92%
 499157 367895      976.3411   214      979.4527      950.8654 48731967    2.92%
 500885 369175      966.4127   256      979.4527      950.9148 48904919    2.91%
Elapsed time = 4586.45 sec. (800823.54 ticks, tree = 19008.18 MB, solutions = 48)
Nodefile size = 16953.58 MB (13467.27 MB after compression)
 502341 370396        cutoff            979.4527      950.9570 49083158    2.91%
 504176 371931      973.7736   168      979.4527      951.0065 49384953    2.90%
 506246 373309        cutoff            979.4527      951.0510 49643281    2.90%
 508468 375177      964.6432   197      979.4527      951.0926 49919471    2.90%
 510786 375224      975.1479   210      979.4527      951.1230 49915645    2.89%
 512727 378528      968.1872   247      979.4527      951.1532 50379324    2.89%
 514526 378966        cutoff            979.4527      951.1973 50456108    2.88%
 516050 380033      973.1879   265      979.4527      951.2392 50606690    2.88%
 517721 382687      964.6232   210      979.4527      951.2633 51082784    2.88%
 519612 382723      969.0137   207      979.4527      951.2633 51089725    2.88%
Elapsed time = 4783.82 sec. (838989.29 ticks, tree = 19725.97 MB, solutions = 48)
Nodefile size = 17667.60 MB (14043.95 MB after compression)
 521774 385411      975.1812   242      979.4527      951.3730 51534392    2.87%
 523776 385220        cutoff            979.4527      951.4084 51510113    2.86%
 526043 388079      962.8607   254      979.4527      951.4443 51916505    2.86%
 527965 387813        cutoff            979.4527      951.4945 51873425    2.85%
 529766 391601        cutoff            979.4527      951.5580 52446614    2.85%
 531395 392364      967.0164   186      979.4527      951.5899 52614462    2.84%
 533066 394119      971.2781   244      979.4527      951.6424 52935827    2.84%
 534878 393271        cutoff            979.4527      951.6826 52788287    2.84%
 537069 395319      978.5404   180      979.4527      951.7149 53124065    2.83%
 539263 397835      977.0841   150      979.4527      951.7564 53468663    2.83%
Elapsed time = 4990.69 sec. (877161.41 ticks, tree = 20591.07 MB, solutions = 48)
Nodefile size = 18533.78 MB (14741.87 MB after compression)
 541383 398989      976.8315   158      979.4527      951.7862 53613111    2.82%
 543597 399613      957.0160   230      979.4527      951.8234 53705247    2.82%
 545584 401327      978.5325   221      979.4527      951.8765 53953828    2.82%
 547467 404402        cutoff            979.4527      951.9290 54370082    2.81%
 549211 406237      970.3775   260      979.4527      951.9612 54652348    2.81%
 551031 407326      966.8863   294      979.4527      952.0053 54890643    2.80%
 552814 406591      976.6447   350      979.4527      952.0404 54733547    2.80%
 554846 408474      978.9647   312      979.4527      952.0805 55055731    2.79%
 557161 408862      979.2421   252      979.4527      952.1135 55135246    2.79%
 559244 412595      971.6449   295      979.4527      952.1442 55620571    2.79%
Elapsed time = 5192.48 sec. (915326.72 ticks, tree = 21486.39 MB, solutions = 48)
Nodefile size = 19430.60 MB (15470.03 MB after compression)
 561472 413446      964.9116   282      979.4527      952.1795 55741648    2.78%
 563110 414470        cutoff            979.4527      952.2193 55885904    2.78%
 564835 416962      976.9032   310      979.4527      952.2421 56248724    2.78%
 566447 418038        cutoff            979.4527      952.2859 56484270    2.77%
 568484 417925      957.7839   309      979.4527      952.3206 56453718    2.77%
 570467 418979      969.6244   253      979.4527      952.3631 56659312    2.77%
 572208 421081      977.3733   265      979.4527      952.3880 57010115    2.76%
 574087 422867      978.1273   237      979.4527      952.4205 57282035    2.76%
 575971 423358      970.2901   234      979.4527      952.4456 57354625    2.76%
 578058 424503        cutoff            979.4527      952.4832 57526416    2.75%
Elapsed time = 5397.09 sec. (953492.44 ticks, tree = 22209.73 MB, solutions = 48)
Nodefile size = 20150.58 MB (16056.21 MB after compression)
 579803 427302      969.0880   203      979.4527      952.5130 57919017    2.75%
 581818 428161      979.2374   217      979.4527      952.5549 58056381    2.75%
 583770 430085      973.7566   234      979.4527      952.5931 58407698    2.74%
 585870 430490      974.7514   250      979.4527      952.6224 58480714    2.74%
 587883 431897      973.9950   231      979.4527      952.6573 58719117    2.74%
 589652 433073        cutoff            979.4527      952.6824 58867511    2.73%
 591529 435568      967.7887   348      979.4527      952.7200 59221570    2.73%
 593515 435760      971.4133   235      979.4527      952.7514 59250221    2.73%
 595533 437074      967.8612   278      979.4527      952.7757 59477811    2.72%
 597247 440399      973.0074   227      979.4527      952.8056 59971973    2.72%
Elapsed time = 5597.50 sec. (991655.07 ticks, tree = 23154.84 MB, solutions = 48)
Nodefile size = 21099.44 MB (16826.96 MB after compression)
 599002 441839      977.7805   258      979.4527      952.8473 60249394    2.72%
 600793 442783      975.1111   209      979.4527      952.8791 60421080    2.71%
 602607 443696        cutoff            979.4527      952.9092 60608964    2.71%
 604414 443364        cutoff            979.4527      952.9402 60545667    2.71%
 606200 445829      969.8832   227      979.4527      952.9694 60924758    2.70%
 608190 446046      973.5334   162      979.4527      953.0098 60953156    2.70%
 610315 449535      971.2596   230      979.4527      953.0390 61458530    2.70%
 612166 449861      967.3375   271      979.4527      953.0669 61504563    2.69%
 614035 450077      975.8188   306      979.4527      953.0906 61534882    2.69%
 615684 451510      970.4498   231      979.4527      953.1141 61749165    2.69%
Elapsed time = 5798.94 sec. (1029811.40 ticks, tree = 23786.81 MB, solutions = 48)
Nodefile size = 21731.28 MB (17338.18 MB after compression)
 617697 453330      973.9801   263      979.4527      953.1141 62038010    2.69%
 619737 454918        cutoff            979.4527      953.1772 62338313    2.68%
*620480+455673                          970.6727      953.1893             1.80%
 621876 455635      960.1763   248      970.6727      953.2042 62470306    1.80%
 623587 279117      965.2365   268      970.6727      953.2350 62816387    1.80%
 625294 279304      965.5332   262      970.6727      953.2635 62900485    1.79%
 627024 280401        cutoff            970.6727      953.2915 63208383    1.79%
*627659+281334                          970.1617      953.3012             1.74%
 628636 268486      959.5327   335      970.1617      953.3207 63624944    1.74%
 630185 269289      966.5993   261      970.1617      953.3472 63827335    1.73%
 631578 269722      961.3067   309      970.1617      953.3819 63961815    1.73%
 632953 270582      969.2044   287      970.1617      953.4259 64258169    1.73%
Elapsed time = 5996.35 sec. (1067980.84 ticks, tree = 14354.91 MB, solutions = 50)
Nodefile size = 12309.63 MB (9845.83 MB after compression)
 634407 270433      967.9331   177      970.1617      953.4652 64211301    1.72%
 635942 271329      964.7940   226      970.1617      953.5281 64475527    1.71%
 637507 271790        cutoff            970.1617      953.5948 64642591    1.71%
 639025 272057      961.7681   286      970.1617      953.6603 64703325    1.70%
 640459 273826        cutoff            970.1617      953.7154 65200388    1.70%
 641824 274073      967.8876   288      970.1617      953.7597 65272190    1.69%
 643182 274152        cutoff            970.1617      953.8155 65299350    1.68%
 644585 274960      963.1161   204      970.1617      953.8676 65587857    1.68%
 646050 275665      965.8606   180      970.1617      953.9294 65836505    1.67%
