Version identifier: 22.1.1.0 | 2022-11-28 | 9160aff4d
CPXPARAM_TimeLimit                               20400
Tried aggregator 1 time.
MIP Presolve eliminated 3205 rows and 1563 columns.
MIP Presolve modified 8300 coefficients.
Reduced MIP has 5574 rows, 6781 columns, and 26930 nonzeros.
Reduced MIP has 3511 binaries, 3270 generals, 0 SOSs, and 0 indicators.
Presolve time = 0.04 sec. (25.27 ticks)
Probing fixed 84 vars, tightened 1 bounds.
Probing changed sense of 12 constraints.
Probing time = 0.11 sec. (25.58 ticks)
Tried aggregator 1 time.
Detecting symmetries...
MIP Presolve eliminated 305 rows and 303 columns.
MIP Presolve modified 2 coefficients.
Reduced MIP has 5269 rows, 6478 columns, and 25387 nonzeros.
Reduced MIP has 3425 binaries, 3053 generals, 0 SOSs, and 0 indicators.
Presolve time = 0.04 sec. (24.04 ticks)
Probing fixed 79 vars, tightened 0 bounds.
Probing time = 0.08 sec. (22.46 ticks)
Clique table members: 17700.
MIP emphasis: balance optimality and feasibility.
MIP search method: dynamic search.
Parallel mode: deterministic, using up to 32 threads.
Root relaxation solution time = 0.93 sec. (238.17 ticks)

        Nodes                                         Cuts/
   Node  Left     Objective  IInf  Best Integer    Best Bound    ItCnt     Gap

      0     0      517.5222   142                    517.5222       25         
      0     0      543.5200   190                   Cuts: 234      619         
      0     0      554.2634   242                   Cuts: 163     1025         
      0     0      557.2513   218                    Cuts: 99     1275         
      0     0      559.3727   241                    Cuts: 69     1443         
      0     0      561.1133   264                    Cuts: 63     1659         
Detecting symmetries...
      0     0      562.4826   258                    Cuts: 51     1805         
      0     0      562.6370   233                    Cuts: 27     1842         
      0     0      562.6462   236                    Cuts: 24     1857         
      0     0      562.7091   229                     Cuts: 9     1871         
      0     0      575.6077   253                    Cuts: 22     2224         
      0     0      577.5897   237                    Cuts: 46     2273         
      0     0      577.9961   238                    Cuts: 25     2331         
      0     0      578.2746   224                    Cuts: 18     2351         
      0     0      578.2945   224                     Cuts: 5     2353         
Detecting symmetries...
      0     2      578.2945   213                    578.7321     2353         
Elapsed time = 8.06 sec. (2607.25 ticks, tree = 0.02 MB, solutions = 0)
     19    11      638.2964   206                    578.7321     4137         
    259   137      722.0885   210                    587.1417    24188         
    474   231      694.9588   148                    587.1417    40063         
    984   419      728.2462   170                    587.1417    70454         
   1430   667      780.5237   225                    587.1417    91451         
   1615   750      881.4089   222                    587.1417   106570         
   1986   881      845.6503   203                    587.1417   139958         
   2413  1048      755.4334   218                    593.8003   163531         
   2960  1355      710.3773   219                    593.8003   190725         
   4376  2150      973.8334   245                    613.4364   289481         
Elapsed time = 25.11 sec. (5715.44 ticks, tree = 56.19 MB, solutions = 0)
   6907  3998      829.7340   214                    613.4364   411751         

Performing restart 1

Repeating presolve.
Tried aggregator 1 time.
MIP Presolve eliminated 127 rows and 101 columns.
MIP Presolve modified 162 coefficients.
Reduced MIP has 5142 rows, 6377 columns, and 24813 nonzeros.
Reduced MIP has 3341 binaries, 3036 generals, 0 SOSs, and 0 indicators.
Presolve time = 0.02 sec. (12.78 ticks)
Tried aggregator 1 time.
MIP Presolve eliminated 13 rows and 14 columns.
Reduced MIP has 5129 rows, 6363 columns, and 24758 nonzeros.
Reduced MIP has 3335 binaries, 3028 generals, 0 SOSs, and 0 indicators.
Presolve time = 0.03 sec. (16.59 ticks)
Represolve time = 0.26 sec. (82.26 ticks)
   8068     0      620.3859   316                   Cuts: 190   492879         
   8068     0      651.7187   316                   Cuts: 203   493287         
   8068     0      665.6044   355                   Cuts: 246   493612         
   8068     0      671.6165   371                   Cuts: 193   493928         
   8068     0      675.9142   368                   Cuts: 201   494213         
   8068     0      678.3839   361                   Cuts: 136   494453         
   8068     0      693.4695   358                   Cuts: 204   494856         
   8068     0      694.9809   348                   Cuts: 204   495054         
   8068     0      696.2646   379                   Cuts: 130   495213         
   8068     0      698.7628   395                   Cuts: 137   495509         
   8068     0      699.5367   372                   Cuts: 112   495652         
   8068     0      699.6123   369                    Cuts: 98   495717         
   8068     0      699.8453   380                    Cuts: 40   495795         
   8068     0      699.9151   387                    Cuts: 42   495869         
   8068     0      699.9903   403                    Cuts: 46   495969         
   8068     0      700.1142   387                    Cuts: 42   496041         
   8068     0      700.2174   392                    Cuts: 32   496110         
   8068     0      700.2442   391                    Cuts: 57   496153         
   8068     0      700.2720   384                    Cuts: 28   496199         
   8068     0      700.4075   381                    Cuts: 46   496241         
   8068     0      700.4147   389                    Cuts: 42   496264         
   8068     0      700.4221   375                     Cuts: 7   496288         
   8068     2      700.4327   370                    700.4221   496288         
   8069     3      705.2469   362                    705.2903   496543         
   8074     4      744.6117   299                    705.6659   497399         
   8093     8      741.2400   303                    706.7716   500717         
   8120    16      721.5520   249                    708.2706   512640         
   8161    28      817.5504   202                    708.2706   539045         
   8244    58      757.3041   294                    713.3842   588181         
   8595   175      809.8312   310                    713.3842   624801         
   9004   530      749.7649   285                    713.3842   668832         
Elapsed time = 80.33 sec. (28216.02 ticks, tree = 3.86 MB, solutions = 0)
   9176   613      940.2050   227                    713.3842   706553         
   9645   687      777.5893   273                    713.3842   745467         
  10403  1107      731.3856   321                    713.3842   811704         
  10737  1686      801.9425   248                    719.4445   870358         
  10939  1713      761.6565   328                    719.4445   913528         
  11626  1760      760.0292   311                    719.4445   950037         
  12576  2444      850.9125   256                    722.6879  1026802         
  13217  2498      834.0935   266                    722.6879  1037128         
  13438  3241     1366.8744    80                    728.6332  1115739         
  13675  3343     1158.0196   180                    728.6332  1189084         
Elapsed time = 119.13 sec. (37779.09 ticks, tree = 82.34 MB, solutions = 0)
  14162  3443      908.0067   135                    728.6332  1218034         
  15183  4108    infeasible                          728.6332  1302676         
* 16068+ 4336                         1723.4528      728.6332            57.72%
  16189  4572      809.5025   302     1723.4528      728.6332  1342974   57.72%
  17284  5050      991.8005   257     1723.4528      728.6332  1377068   57.72%
* 17647+ 6388                         1699.6869      728.6332            57.13%
* 17659+ 6372                         1699.3455      728.6332            57.12%
* 17675+ 6372                         1697.6412      728.6332            57.08%
* 17685+ 6376                         1693.9158      728.6332            56.99%
* 17694+ 6376                         1693.4971      728.6332            56.97%
* 17696+ 6405                         1352.0207      728.6332            46.11%
* 17705+ 6405                         1321.8049      728.6332            44.88%
* 17712+ 6405                         1321.5887      728.6332            44.87%
* 17724+ 6405                         1292.3076      728.6332            43.62%
  17729  6278     1470.1854    97     1292.3076      728.6332  1448384   43.62%
* 17734+ 6405                         1284.7370      728.6332            43.29%
* 17750+ 6405                         1277.0803      728.6332            42.95%
* 17752+ 6405                         1276.9010      728.6332            42.94%
* 17785+ 6405                         1263.3005      728.6332            42.32%
* 17788+ 6405                         1262.6287      728.6332            42.29%
* 17791+ 6405                         1262.4429      728.6332            42.28%
* 17801+ 6405                         1260.7172      728.6332            42.20%
* 17807+ 6405                         1251.5488      728.6332            41.78%
* 17990+ 6436                         1226.6440      728.6332            40.60%
  18038  6568     1499.6747    60     1226.6440      728.6332  1492922   40.60%
* 18473+ 4699                         1197.4484      728.6332            39.15%
  18866  4715      859.2933   253     1197.4484      740.1872  1513234   38.19%
  19602  4760      834.6431   269     1197.4484      740.1872  1538947   38.19%

Performing restart 2

Repeating presolve.
Tried aggregator 1 time.
MIP Presolve eliminated 32 rows and 84 columns.
MIP Presolve modified 81 coefficients.
Reduced MIP has 5097 rows, 6279 columns, and 42853 nonzeros.
Reduced MIP has 3266 binaries, 3013 generals, 0 SOSs, and 0 indicators.
Presolve time = 0.04 sec. (23.18 ticks)
Tried aggregator 1 time.
MIP Presolve eliminated 17 rows and 27 columns.
Reduced MIP has 5080 rows, 6252 columns, and 42671 nonzeros.
Reduced MIP has 3253 binaries, 2999 generals, 0 SOSs, and 0 indicators.
Presolve time = 0.05 sec. (27.71 ticks)
Represolve time = 0.57 sec. (236.03 ticks)
* 19620+    0                         1197.0139      754.6930            36.95%
  19620     0      703.5098   402     1197.0139      Cuts: 81  1642774   36.95%
  19620     0      707.9417   353     1197.0139      Cuts: 29  1643120   36.95%
* 19620+    0                         1192.6448      754.6930            36.72%
  19620     0      710.5492   353     1192.6448     Cuts: 157  1643415   36.72%
  19620     0      712.4021   371     1192.6448     Cuts: 137  1643698   36.72%
  19620     0      713.1465   391     1192.6448     Cuts: 132  1643940   36.72%
  19620     0      714.1136   371     1192.6448      Cuts: 67  1644090   36.72%
  19620     0      714.9864   319     1192.6448     Cuts: 153  1644272   36.72%
  19620     0      716.2862   323     1192.6448      Cuts: 90  1644466   36.72%
  19620     0      716.6477   352     1192.6448     Cuts: 103  1644606   36.72%
  19620     2      716.6477   352     1192.6448      754.6930  1644606   36.72%
  19622     4      717.1365   327     1192.6448      754.6930  1646690   36.72%
Elapsed time = 311.96 sec. (58031.74 ticks, tree = 0.06 MB, solutions = 189)
  19629     6      785.5781   259     1192.6448      754.6930  1648611   36.72%
  19649    14      746.4539   248     1192.6448      754.6930  1656007   36.72%
  19682    20      757.5094   133     1192.6448      754.6930  1662484   36.72%
  19760    42      857.0993   229     1192.6448      754.6930  1688902   36.72%
  19903    99      810.9166   173     1192.6448      754.6930  1708802   36.72%
  20125   181      924.9254   135     1192.6448      754.6930  1737477   36.72%
  20450   270      762.2674   124     1192.6448      754.6930  1774240   36.72%
  20693   460        cutoff           1192.6448      754.6930  1849747   36.72%
  21169   601    infeasible           1192.6448      754.6930  1894337   36.72%
  21675   826      860.8334   129     1192.6448      754.6930  1949842   36.72%
Elapsed time = 347.96 sec. (67689.14 ticks, tree = 10.73 MB, solutions = 189)
  21973   908      821.4704   193     1192.6448      754.6930  1981729   36.72%
  22162  1141      773.1936   242     1192.6448      754.6930  2051735   36.72%
  22615  1306    infeasible           1192.6448      754.6930  2133852   36.72%
  23102  1308      952.3904   121     1192.6448      754.6930  2139663   36.72%
  23509  1625      953.2554   209     1192.6448      754.6930  2217175   36.72%
  23873  1755      844.7307   275     1192.6448      754.6930  2271632   36.72%
  24129  1983    infeasible           1192.6448      754.6930  2380197   36.72%
  24325  2044      843.7388   268     1192.6448      754.6930  2475632   36.72%
  24589  2070      802.9574   167     1192.6448      754.6930  2524914   36.72%
  24964  2071     1051.8135   174     1192.6448      766.3886  2557500   35.74%
Elapsed time = 385.39 sec. (77260.20 ticks, tree = 34.54 MB, solutions = 189)
  25365  2204      840.0129   331     1192.6448      768.8491  2639382   35.53%
  25721  2223      829.4644   248     1192.6448      768.8491  2685913   35.53%
  25916  2305      880.3359   237     1192.6448      782.1268  2809878   34.42%
  26089  2282    infeasible           1192.6448      785.2774  2831977   34.16%
  26305  2183        cutoff           1192.6448      785.2774  2872535   34.16%
  26529  2151        cutoff           1192.6448      786.3923  2968351   34.06%
  26808  2173     1135.5959    76     1192.6448      786.3923  3037207   34.06%
  27302  2142      914.2408   237     1192.6448      786.5969  3050981   34.05%
  27740  2335      855.5574   250     1192.6448      792.8746  3148205   33.52%
  28062  2373      843.8625   162     1192.6448      795.6971  3220552   33.28%
Elapsed time = 422.80 sec. (86817.32 ticks, tree = 46.77 MB, solutions = 189)
  28329  2337    infeasible           1192.6448      797.8704  3306587   33.10%
  28546  2335     1054.9162   173     1192.6448      804.3921  3317543   32.55%
  28801  2368     1156.8485    81     1192.6448      804.3921  3390666   32.55%
  29049  2200    infeasible           1192.6448      804.3921  3485654   32.55%
  29448  2197      917.5707   314     1192.6448      808.5381  3518663   32.21%
  29895  2199      921.7553   193     1192.6448      824.2490  3517093   30.89%
  30315  2207      911.5497   111     1192.6448      824.9440  3619669   30.83%
  30627  2243        cutoff           1192.6448      825.1942  3686689   30.81%
  30871  2176        cutoff           1192.6448      829.7054  3830174   30.43%
  31098  2091     1007.4573   149     1192.6448      853.6980  3879994   28.42%
Elapsed time = 461.01 sec. (96405.68 ticks, tree = 38.38 MB, solutions = 189)
  31334  2010    infeasible           1192.6448      870.9749  3922154   26.97%
  31571  1974     1057.4368   190     1192.6448      885.1951  3945928   25.78%
  31954  1809     1046.9276   258     1192.6448      897.3836  4045426   24.76%
  32441  1793        cutoff           1192.6448      920.8540  4061711   22.79%
  32733  1517        cutoff           1192.6448      936.0084  4232509   21.52%
  32965  1382     1015.6135   158     1192.6448      960.6823  4298103   19.45%
  33201  1179        cutoff           1192.6448      983.4768  4370346   17.54%
  33488   990    infeasible           1192.6448     1003.7794  4421215   15.84%
* 33821+ 1051                         1173.5046     1042.0180            11.20%
  34006  1043     1140.8848    98     1173.5046     1042.0180  4409632   11.20%
* 34511+ 1199                         1173.3868     1042.0180            11.20%
  35228  1002     1139.3878   117     1173.3868     1042.0180  4433253   11.20%
Elapsed time = 499.45 sec. (105973.00 ticks, tree = 14.75 MB, solutions = 191)
* 36902  1554      integral     0     1163.2783     1052.4990  4458056    9.52%
  37069  1125     1166.9879    38     1163.2783     1052.4990  4438288    9.52%
* 37483+ 1570                         1158.0098     1052.4990             9.11%
* 37848+ 2464                         1157.8919     1078.3986             6.87%
  39252  2133     1144.2905    50     1157.8919     1078.3986  4487324    6.87%
  41501  2912     1145.7447   104     1157.8919     1131.0168  4539127    2.32%
  44181  4129     1142.2358   109     1157.8919     1132.1277  4599108    2.23%
  46904  5804     1144.3534    89     1157.8919     1133.0796  4662619    2.14%
  49742  9369     1143.5124    61     1157.8919     1133.8915  4788803    2.07%
  52682 11147     1144.8283   117     1157.8919     1135.1178  4852444    1.97%
  55675 11738     1140.8093    38     1157.8919     1135.4916  4875785    1.93%
  58585 16399     1142.3122   124     1157.8919     1135.7954  5043164    1.91%
  69573 25737     1141.3604   129     1157.8919     1137.2417  5361434    1.78%
Elapsed time = 549.96 sec. (118374.21 ticks, tree = 365.59 MB, solutions = 198)
  78598 31871     1145.0088   108     1157.8919     1138.0924  5573457    1.71%
  89614 39687     1145.3282    86     1157.8919     1138.5688  5860567    1.67%
 100485 48873     1155.0404   118     1157.8919     1139.2117  6232532    1.61%
 109477 54784        cutoff           1157.8919     1139.6690  6460057    1.57%
 120391 60750     1151.0285    94     1157.8919     1140.0208  6720073    1.54%
 131538 70410     1146.7117    32     1157.8919     1140.3503  7086875    1.51%
 141215 77429     1146.3328   135     1157.8919     1140.6357  7413596    1.49%
 151100 81671     1150.5665    72     1157.8919     1140.9427  7585917    1.46%
 161704 90456     1153.4405   111     1157.8919     1141.1853  8010359    1.44%
 168901 94587     1147.8509    56     1157.8919     1141.2482  8224369    1.44%
Elapsed time = 709.17 sec. (156523.26 ticks, tree = 2186.17 MB, solutions = 198)
Nodefile size = 133.27 MB (82.04 MB after compression)
 173558 98568     1148.1497    56     1157.8919     1141.2482  8406078    1.44%
 182716 102988     1153.4726    84     1157.8919     1141.6935  8647177    1.40%
 191495 107735        cutoff           1157.8919     1141.8599  8905549    1.38%
 198331 112036     1150.3182    82     1157.8919     1141.9315  9086932    1.38%
 209042 117219     1147.4234    70     1157.8919     1142.2861  9352029    1.35%
 218314 124487     1146.0922   123     1157.8919     1142.4208  9770890    1.34%
 227783 128573     1155.0458   114     1157.8919     1142.6958  9961162    1.31%
 236762 134764     1150.6131   162     1157.8919     1142.9360 10351323    1.29%
 246282 140674        cutoff           1157.8919     1143.0817 10674900    1.28%
 257057 146171     1146.7647   111     1157.8919     1143.3139 11013843    1.26%
Elapsed time = 877.61 sec. (194674.05 ticks, tree = 3496.65 MB, solutions = 198)
Nodefile size = 1445.45 MB (894.79 MB after compression)
 267300 151186     1149.6683   138     1157.8919     1143.4844 11337065    1.24%
 277424 156982        cutoff           1157.8919     1143.6950 11653532    1.23%
 286227 161727     1157.0078   139     1157.8919     1143.8659 11984920    1.21%
 296306 167165     1152.9209   118     1157.8919     1144.0293 12319069    1.20%
 307230 172082     1153.8885   139     1157.8919     1144.1707 12640971    1.19%
 317791 176177     1155.6377    92     1157.8919     1144.3291 12937719    1.17%
 327642 181891        cutoff           1157.8919     1144.4787 13284191    1.16%
 337283 185630        cutoff           1157.8919     1144.6275 13572995    1.15%
 347425 192438        cutoff           1157.8919     1144.7638 14045971    1.13%
 357795 196899    infeasible           1157.8919     1144.8769 14369376    1.12%
Elapsed time = 1040.76 sec. (232824.18 ticks, tree = 4587.13 MB, solutions = 198)
Nodefile size = 2536.46 MB (1552.77 MB after compression)
 367982 201215     1149.4984   117     1157.8919     1145.0014 14753502    1.11%
 376055 203913     1153.2176   114     1157.8919     1145.1206 14948593    1.10%
 386254 208843     1154.0706   102     1157.8919     1145.2444 15373973    1.09%
 395883 211173        cutoff           1157.8919     1145.3500 15591691    1.08%
 406148 216745        cutoff           1157.8919     1145.4596 16043696    1.07%
 414993 219661     1153.3781    52     1157.8919     1145.5841 16339442    1.06%
 424497 222799     1148.2597    98     1157.8919     1145.6957 16612190    1.05%
 435116 227927     1156.4669    77     1157.8919     1145.8006 17078242    1.04%
 445483 231810     1151.3451    64     1157.8919     1145.9023 17458027    1.04%
 453817 233891     1146.2587   100     1157.8919     1146.0133 17635356    1.03%
Elapsed time = 1200.45 sec. (270976.00 ticks, tree = 5257.99 MB, solutions = 198)
Nodefile size = 3207.21 MB (1942.85 MB after compression)
 464076 237870     1154.5472   134     1157.8919     1146.1268 18033389    1.02%
 474027 241420     1151.6557   102     1157.8919     1146.2290 18450702    1.01%
 483894 243290     1153.1706   113     1157.8919     1146.3330 18604277    1.00%
 493552 247372     1152.0986   130     1157.8919     1146.4517 19050493    0.99%
 503054 250917        cutoff           1157.8919     1146.5489 19446734    0.98%
 513111 253545     1154.1175    84     1157.8919     1146.6587 19687785    0.97%
 523744 256731        cutoff           1157.8919     1146.7549 20086144    0.96%
 532547 259776     1151.9748   112     1157.8919     1146.8433 20446787    0.95%
 542663 262121        cutoff           1157.8919     1146.9517 20678168    0.94%
 553404 265011        cutoff           1157.8919     1147.0591 21036242    0.94%
Elapsed time = 1357.51 sec. (309125.15 ticks, tree = 5709.36 MB, solutions = 198)
Nodefile size = 3664.15 MB (2206.38 MB after compression)
 562293 268046     1157.5625    94     1157.8919     1147.1383 21413837    0.93%
 571921 270833     1149.5983    54     1157.8919     1147.2358 21751497    0.92%
 582714 273745     1154.4576   140     1157.8919     1147.3373 22122310    0.91%
 592205 276307     1151.2693    62     1157.8919     1147.4190 22474579    0.90%
 602107 277844        cutoff           1157.8919     1147.5154 22638289    0.90%
 611692 280810     1152.7008   130     1157.8919     1147.6141 23058480    0.89%
 621321 283353        cutoff           1157.8919     1147.6970 23412461    0.88%
 631521 285676     1154.0181    95     1157.8919     1147.7773 23716180    0.87%
 641027 288209     1156.1162   107     1157.8919     1147.8727 24121340    0.87%
 650964 289974        cutoff           1157.8919     1147.9519 24423559    0.86%
Elapsed time = 1514.68 sec. (347276.27 ticks, tree = 6005.89 MB, solutions = 198)
Nodefile size = 3975.23 MB (2380.46 MB after compression)
 660701 291860     1151.6258   117     1157.8919     1148.0446 24685181    0.85%
 671042 295118     1155.2171   109     1157.8919     1148.1255 25183083    0.84%
 680582 296622        cutoff           1157.8919     1148.2060 25484561    0.84%
 689766 297942     1153.1361   100     1157.8919     1148.2944 25691422    0.83%
 700415 299963     1156.6803    77     1157.8919     1148.3696 26016325    0.82%
 709718 302159     1151.1495   136     1157.8919     1148.4509 26411822    0.82%
 718471 304089        cutoff           1157.8919     1148.5274 26793152    0.81%
 729309 305451     1152.0933   104     1157.8919     1148.6084 27047261    0.80%
 738731 307541     1152.4624    72     1157.8919     1148.6811 27494035    0.80%
 748598 309052     1153.6082   117     1157.8919     1148.7528 27797423    0.79%
Elapsed time = 1671.12 sec. (385427.30 ticks, tree = 6194.25 MB, solutions = 198)
Nodefile size = 4186.85 MB (2496.12 MB after compression)
 757906 309965     1155.2315   114     1157.8919     1148.8431 28025326    0.78%
 767596 311611        cutoff           1157.8919     1148.9068 28398417    0.78%
 778017 312520        cutoff           1157.8919     1148.9778 28695216    0.77%
 787394 314491     1153.3547   106     1157.8919     1149.0549 29200768    0.76%
 796637 315154     1153.4083    55     1157.8919     1149.1344 29351994    0.76%
 807029 317160     1150.1144   122     1157.8919     1149.2137 29850894    0.75%
 817866 317780     1155.2817    79     1157.8919     1149.2751 30056266    0.74%
 826552 319382     1155.7257    51     1157.8919     1149.3463 30556694    0.74%
 835894 319809        cutoff           1157.8919     1149.4223 30691354    0.73%
 846893 321147        cutoff           1157.8919     1149.4993 31169550    0.72%
Elapsed time = 1827.48 sec. (423577.08 ticks, tree = 6249.31 MB, solutions = 198)
Nodefile size = 4239.78 MB (2524.83 MB after compression)
 857668 321925     1155.8820    95     1157.8919     1149.5539 31485674    0.72%
 865206 322802        cutoff           1157.8919     1149.6261 31850337    0.71%
 875666 323341        cutoff           1157.8919     1149.7052 32190853    0.71%
 885841 323807        cutoff           1157.8919     1149.7748 32398898    0.70%
 895041 324553        cutoff           1157.8919     1149.8349 32896977    0.70%
 903143 324928     1154.6798   137     1157.8919     1149.9110 33138911    0.69%
 912469 325319     1152.4984   137     1157.8919     1149.9735 33405974    0.68%
 922682 325538        cutoff           1157.8919     1150.0441 33698157    0.68%
 932299 325807    infeasible           1157.8919     1150.0956 34061538    0.67%
 939363 326073     1156.5561    64     1157.8919     1150.1571 34401032    0.67%
Elapsed time = 1985.64 sec. (461727.56 ticks, tree = 6008.09 MB, solutions = 198)
Nodefile size = 3958.51 MB (2319.48 MB after compression)
 949309 326040    infeasible           1157.8919     1150.2309 34695652    0.66%
 959508 326124        cutoff           1157.8919     1150.2930 35021627    0.66%
 966681 325926     1154.0152   126     1157.8919     1150.3412 35489621    0.65%
 976012 325829        cutoff           1157.8919     1150.4138 35636692    0.65%
 985273 325695     1155.8878   127     1157.8919     1150.4827 36024120    0.64%
 995637 325655        cutoff           1157.8919     1150.5331 36330478    0.64%
 1002695 325473        cutoff           1157.8919     1150.5974 36802129    0.63%
 1011291 325112        cutoff           1157.8919     1150.6626 36934779    0.62%
 1021704 324548        cutoff           1157.8919     1150.7303 37450209    0.62%
 1031501 324402     1157.5991    98     1157.8919     1150.7794 37701963    0.61%
Elapsed time = 2143.52 sec. (499880.09 ticks, tree = 5687.93 MB, solutions = 198)
Nodefile size = 3640.85 MB (2101.09 MB after compression)
 1038299 323954     1151.1403   120     1157.8919     1150.8370 38043322    0.61%
 1047731 323240     1155.2659   108     1157.8919     1150.9019 38274339    0.60%
 1057351 322199     1157.1169    97     1157.8919     1150.9708 38733932    0.60%
 1067735 321758     1155.0243    77     1157.8919     1151.0212 38954511    0.59%
 1075275 320419     1155.4911   110     1157.8919     1151.0838 39474808    0.59%
 1084357 319595     1153.4919   132     1157.8919     1151.1494 39719912    0.58%
 1093593 318676     1153.0023   104     1157.8919     1151.2122 40026189    0.58%
 1104100 318116     1156.5684    95     1157.8919     1151.2725 40218389    0.57%
 1113875 315990        cutoff           1157.8919     1151.3210 40840553    0.57%
 1123357 315301     1157.0344   147     1157.8919     1151.3898 41000433    0.56%
Elapsed time = 2302.46 sec. (538030.11 ticks, tree = 5323.80 MB, solutions = 198)
Nodefile size = 3291.47 MB (1879.89 MB after compression)
 1134946 313990     1156.7622    88     1157.8919     1151.4575 41565603    0.56%
 1145707 311711     1154.1552   132     1157.8919     1151.5292 42497624    0.55%
 1156138 310572     1154.5795    75     1157.8919     1151.5942 42896244    0.54%
 1167683 308691     1153.6277    74     1157.8919     1151.6682 43619450    0.54%
 1177986 306058        cutoff           1157.8919     1151.7438 44427441    0.53%
 1189205 303949        cutoff           1157.8919     1151.8131 45033616    0.52%
 1200468 302169    infeasible           1157.8919     1151.8912 45574998    0.52%
 1210978 299382     1153.9473   106     1157.8919     1151.9649 46260778    0.51%
 1222654 297719        cutoff           1157.8919     1152.0384 46679842    0.51%
 1233623 295536     1154.2637    60     1157.8919     1152.1142 47198364    0.50%
Elapsed time = 2468.63 sec. (576180.17 ticks, tree = 4623.38 MB, solutions = 198)
Nodefile size = 2728.48 MB (1539.10 MB after compression)
 1244512 292043        cutoff           1157.8919     1152.1886 47907894    0.49%
 1256585 289920        cutoff           1157.8919     1152.2596 48368441    0.49%
 1267583 286398        cutoff           1157.8919     1152.3486 49095008    0.48%
 1278608 282742        cutoff           1157.8919     1152.4235 49778301    0.47%
 1290756 280245        cutoff           1157.8919     1152.5022 50190088    0.47%
 1302009 276781     1155.0057   121     1157.8919     1152.5827 50822016    0.46%
 1313194 271183        cutoff           1157.8919     1152.6603 51741645    0.45%
 1324682 267783     1155.9492    90     1157.8919     1152.7412 52321655    0.44%
 1337428 264081     1157.6056    86     1157.8919     1152.8285 52925844    0.44%
 1349409 260476        cutoff           1157.8919     1152.9050 53464839    0.43%
Elapsed time = 2635.60 sec. (614331.55 ticks, tree = 3742.80 MB, solutions = 198)
Nodefile size = 2091.08 MB (1158.81 MB after compression)
 1361441 255162        cutoff           1157.8919     1152.9854 54165319    0.42%
 1373592 251683        cutoff           1157.8919     1153.0678 54611683    0.42%
 1385945 247468        cutoff           1157.8919     1153.1539 55119339    0.41%
 1398326 241644        cutoff           1157.8919     1153.2437 55829561    0.40%
 1410667 238099        cutoff           1157.8919     1153.3282 56218414    0.39%
 1423529 232341        cutoff           1157.8919     1153.4188 56845326    0.39%
 1436397 224698        cutoff           1157.8919     1153.5051 57602735    0.38%
 1449461 219021     1156.5729   117     1157.8919     1153.5988 58154622    0.37%
 1462772 213591     1155.1135    92     1157.8919     1153.6977 58652531    0.36%
 1476358 204245     1155.8741   116     1157.8919     1153.7942 59461499    0.35%
Elapsed time = 2803.20 sec. (652480.64 ticks, tree = 2632.87 MB, solutions = 198)
Nodefile size = 1399.71 MB (746.98 MB after compression)
 1490046 196562        cutoff           1157.8919     1153.8939 60094039    0.35%
 1503971 191701        cutoff           1157.8919     1154.0085 60460538    0.34%
 1518236 182245        cutoff           1157.8919     1154.1145 61161356    0.33%
 1532967 176334        cutoff           1157.8919     1154.2360 61575516    0.32%
 1548143 161848     1155.9428    91     1157.8919     1154.4029 62507288    0.30%
 1563533 152912     1156.8282   103     1157.8919     1154.5680 63031700    0.29%
 1579372 142961        cutoff           1157.8919     1154.7571 63574673    0.27%
 1595576 130962    infeasible           1157.8919     1154.9432 64180011    0.25%
 1612550 115999     1157.1006    98     1157.8919     1155.1593 64858670    0.24%
 1630420 101771     1157.1050    64     1157.8919     1155.3973 65409391    0.22%
Elapsed time = 2975.77 sec. (690631.51 ticks, tree = 1108.69 MB, solutions = 198)
Nodefile size = 614.83 MB (307.90 MB after compression)
 1649118 86684    infeasible           1157.8919     1155.6567 65938418    0.19%
 1669231 68937        cutoff           1157.8919     1155.9651 66464550    0.17%
 1691171 49265        cutoff           1157.8919     1156.3506 66918810    0.13%
 1715820 25004    infeasible           1157.8919     1156.9138 67318225    0.08%

GUB cover cuts applied:  14
Clique cuts applied:  22
Cover cuts applied:  50
Implied bound cuts applied:  406
Flow cuts applied:  244
Mixed integer rounding cuts applied:  224
Zero-half cuts applied:  29
Multi commodity flow cuts applied:  1
Lift and project cuts applied:  70
Gomory fractional cuts applied:  18

Root node processing (before b&c):
  Real time             =    4.23 sec. (2577.62 ticks)
Parallel b&c, 32 threads:
  Real time             = 3064.50 sec. (706304.42 ticks)
  Sync time (average)   = 1065.67 sec.
  Wait time (average)   =    2.10 sec.
                          ------------
Total (root+branch&cut) = 3068.73 sec. (708882.04 ticks)
Number of arguments: 4

File path: ../Data/Demo/50/C103_50.txt
Capacity of FEV: 600
Capacity of SEV: 50
Execution time limit: 340
Case: r

Number of customers: 46
./Result/C103_50/C103_50-Q50-r
Optimal solution found!
Total execution time: 3071.070101476 seconds
Total distance traveled: 1157.8919399741208
File name: C103_50-Q50-r
Number of customers: 46
Capacity of FEV: 10000
Capacity of Microhub: 600
Capacity of SEV: 50
Number of parkings: 16
Number of microhubs: 10.0
Number of robots/MM: 10
Parking generation rule: r
==========================================================================
