Version identifier: 22.1.1.0 | 2022-11-28 | 9160aff4d
CPXPARAM_TimeLimit                               20400
Tried aggregator 1 time.
MIP Presolve eliminated 2163 rows and 1274 columns.
MIP Presolve modified 12703 coefficients.
Reduced MIP has 7664 rows, 8098 columns, and 34798 nonzeros.
Reduced MIP has 4166 binaries, 3932 generals, 0 SOSs, and 0 indicators.
Presolve time = 0.06 sec. (29.86 ticks)
Probing fixed 73 vars, tightened 22 bounds.
Probing changed sense of 4 constraints.
Probing time = 0.19 sec. (45.10 ticks)
Tried aggregator 1 time.
Detecting symmetries...
MIP Presolve eliminated 87 rows and 95 columns.
Reduced MIP has 7577 rows, 8003 columns, and 34226 nonzeros.
Reduced MIP has 4093 binaries, 3910 generals, 0 SOSs, and 0 indicators.
Presolve time = 0.04 sec. (20.25 ticks)
Probing time = 0.05 sec. (7.37 ticks)
Clique table members: 24283.
MIP emphasis: balance optimality and feasibility.
MIP search method: dynamic search.
Parallel mode: deterministic, using up to 32 threads.
Root relaxation solution time = 1.02 sec. (262.54 ticks)

        Nodes                                         Cuts/
   Node  Left     Objective  IInf  Best Integer    Best Bound    ItCnt     Gap

      0     0      469.6619   245                    469.6619       22         
      0     0      502.9546   314                   Cuts: 639     1215         
      0     0      520.8013   389                   Cuts: 258     2001         
      0     0      537.8899   388                   Cuts: 236     2683         
      0     0      548.4240   412                   Cuts: 175     3138         
      0     0      553.5702   428                   Cuts: 152     3541         
Detecting symmetries...
      0     0      556.3587   433                   Cuts: 154     3895         
      0     0      557.6318   437                   Cuts: 120     4091         
      0     0      558.2719   434                    Cuts: 59     4174         
      0     0      558.9767   448                   Cuts: 119     4323         
      0     0      559.0620   462                    Cuts: 82     4372         
      0     0      559.1974   453                    Cuts: 24     4454         
      0     0      559.4524   459                    Cuts: 56     4519         
      0     0      559.8786   457                    Cuts: 11     4551         
      0     0      559.8992   453                     Cuts: 6     4558         
      0     0      559.9213   456                  MIRcuts: 2     4561         
Detecting symmetries...
      0     2      559.9213   456                    571.7039     4561         
Elapsed time = 12.31 sec. (5798.63 ticks, tree = 0.02 MB, solutions = 0)
     13     8      577.2705   437                    571.7039     6528         
     43    10      599.6782   415                    571.7039     7039         
    102    36      590.0855   436                    573.3421    15281         
    151    80      659.4879   410                    575.0975    33805         
    169   107      611.4675   395                    575.0975    47247         
    189   115      692.9426   379                    575.0975    52654         
    228   166      612.3105   426                    575.0975   118660         
    313   199      642.0694   439                    575.0975   143889         
    394   242      726.3968   384                    575.0975   165660         
    680   401    infeasible                          575.0975   231127         
Elapsed time = 29.30 sec. (8974.68 ticks, tree = 4.29 MB, solutions = 0)
    824   481      681.0347   365                    575.0975   287671         
   1033   578      629.1053   456                    579.7209   378048         
   1209   713      643.5655   450                    582.2237   487458         
   1471   715      630.8545   456                    589.1707   519077         
   1815   940      682.1811   453                    589.3333   644329         
   2178  1162      707.5612   414                    589.3333   744161         
   2534  1284      646.7367   411                    589.3333   788130         
   2724  1506      678.5496   413                    589.3333   856078         
   3120  1685      676.6593   366                    592.4489   930983         
   3723  1792      722.9453   357                    592.4489   994218         
Elapsed time = 69.43 sec. (18560.09 ticks, tree = 8.71 MB, solutions = 0)
   4465  2277      705.8468   364                    592.4489  1101207         
   5285  3635      647.0184   436                    592.4489  1287690         
   6073  3878      674.9944   461                    592.4489  1336296         
   7161  4907      876.3041   272                    592.4489  1473411         
   8357  5752      653.9472   485                    592.4489  1549833         
   9163  7031     1022.4014   199                    593.5937  1681327         
   9960  7384      662.1424   471                    593.5937  1735713         
  10460  8177     1401.9174   131                    594.5642  1843385         
  10758  8545      679.9359   411                    602.6798  1928922         
  11389  8833     1015.5240   171                    602.9477  2019785         
Elapsed time = 108.97 sec. (28107.53 ticks, tree = 58.85 MB, solutions = 0)
  12163  9476     1066.4759   186                    607.9359  2135744         
  12860 10078     1094.7136   193                    607.9359  2239926         
  13568 10685      691.7758   413                    607.9359  2353927         
  14335 11057     1334.3638   166                    609.8200  2428656         
  14899 11551     1435.3168   202                    611.1446  2485958         
  15082 12322      733.5666   332                    611.4010  2643127         
  15590 12488     1024.0502   213                    612.7844  2694916         
  16302 12937      670.0676   457                    612.7844  2815960         
  17340 13573     1221.0975   193                    612.7844  2904481         
  18324 14529      646.8680   463                    613.1559  3033060         
Elapsed time = 148.88 sec. (37656.89 ticks, tree = 101.35 MB, solutions = 0)
  19085 15527      779.8133   298                    613.1559  3138473         
  19802 16060      669.6632   497                    613.1559  3240952         
  20552 16534      653.1223   409                    613.1559  3330674         
  21316 17051     1023.6802   199                    613.1559  3396678         
  21782 17373      659.1163   403                    614.3782  3476025         
  22084 18382      790.7969   288                    615.3537  3611441         
  22711 18408      732.3243   398                    615.3537  3626155         
  23457 19343      979.0983   185                    617.1986  3827891         
  24429 19887      709.1190   435                    617.1986  3922519         
  25385 20259     1109.8056   185                    617.1986  3945911         
Elapsed time = 187.92 sec. (47201.12 ticks, tree = 146.03 MB, solutions = 0)
  26418 21284      987.4368   210                    617.1986  4096731         
  27281 21619      698.9384   412                    617.1986  4158367         
  28018 22583      758.1983   417                    617.9188  4276117         
  28511 23270      995.4574   238                    617.9188  4416900         
  28878 23882    infeasible                          618.2526  4571785         
  29097 23916      669.7485   489                    620.6688  4598045         
  29337 24215      713.7319   418                    620.6688  4715452         
  29869 24251      649.7347   485                    620.7780  4738414         
  30456 24971     1009.3786   199                    621.2024  4941710         
  30978 24777      700.8245   400                    621.2024  4934173         
Elapsed time = 227.67 sec. (56782.80 ticks, tree = 179.38 MB, solutions = 0)
  31455 25280      742.5964   362                    621.6476  5042303         
  31906 25903      710.9262   422                    622.1806  5245961         
  32420 25860      683.7230   474                    622.6898  5217083         
  32839 26554      676.1669   483                    622.6898  5420085         
  33324 26592      733.1235   466                    622.8240  5425996         
  33825 27014      798.3456   327                    623.0972  5564621         
  34266 27255    infeasible                          623.1757  5618369         
  34520 27713      647.4525   444                    623.1757  5770490         
  34731 28110      638.8506   479                    623.1757  5880348         
  35115 28318      687.4602   439                    623.1757  5983727         
Elapsed time = 268.02 sec. (66340.85 ticks, tree = 197.16 MB, solutions = 0)
  35631 28662      733.4403   375                    623.6680  6096230         
  36361 28646     1324.6107   189                    623.6680  6070742         
  37156 29392     1257.5277   169                    623.6680  6222349         
  37957 29854      933.6200   190                    624.4333  6345556         
  38602 31182      684.0962   451                    624.4333  6552948         
  39315 30639      769.5013   360                    625.0728  6451351         
  39882 31540      730.0732   428                    625.2574  6613978         
  40266 32495      721.6081   451                    625.5819  6810713         
  40743 32451      731.0387   397                    625.5955  6799378         
  41257 32800      789.2454   383                    626.2025  6916140         
Elapsed time = 306.06 sec. (75903.08 ticks, tree = 229.93 MB, solutions = 0)
  41704 33357     1027.4687   186                    626.2025  7059852         
  42113 33526     1163.5788   142                    626.6650  7063773         
  42294 34236      690.0488   354                    626.6650  7316698         
  42583 34267      790.8519   290                    626.6650  7377611         
  43115 34391      671.9882   472                    627.6014  7462160         
  43554 34737      747.2319   424                    627.6014  7596942         
  44155 34765      891.0284   183                    627.7353  7597338         
  44796 35356      727.1526   442                    627.7353  7731855         
  45352 35383      768.0827   417                    627.7363  7735074         
  45859 35971      714.2709   413                    628.4610  7912713         
Elapsed time = 346.31 sec. (85459.23 ticks, tree = 252.42 MB, solutions = 0)
  46407 36350      712.1274   457                    629.0709  7985974         
  46839 36498      757.0883   293                    629.0709  8024339         
  46994 36938      754.1346   374                    629.0709  8159455         

Performing restart 1

Repeating presolve.
Tried aggregator 1 time.
MIP Presolve eliminated 2 rows and 2 columns.
MIP Presolve modified 65 coefficients.
Reduced MIP has 7575 rows, 8001 columns, and 34217 nonzeros.
Reduced MIP has 4092 binaries, 3909 generals, 0 SOSs, and 0 indicators.
Presolve time = 0.03 sec. (15.72 ticks)
Tried aggregator 1 time.
MIP Presolve modified 270 coefficients.
Reduced MIP has 7575 rows, 8001 columns, and 34217 nonzeros.
Reduced MIP has 4092 binaries, 3909 generals, 0 SOSs, and 0 indicators.
Presolve time = 0.04 sec. (20.94 ticks)
Represolve time = 0.43 sec. (132.42 ticks)
  47013     0      588.7826   521                   Cuts: 336  8417094         
  47013     0      594.2436   525                   Cuts: 329  8417638         
  47013     0      596.3826   540                   Cuts: 231  8418000         
  47013     0      598.4267   539                   Cuts: 121  8418476         
  47013     0      599.7926   527                   Cuts: 433  8419120         
  47013     0      603.4094   564                   Cuts: 154  8419818         
  47013     0      606.3643   584                   Cuts: 254  8420499         
  47013     0      609.7894   596                   Cuts: 369  8421361         
  47013     0      613.0068   577                   Cuts: 213  8422076         
  47013     0      614.6187   582                   Cuts: 297  8422577         
  47013     0      615.2414   590                   Cuts: 254  8422947         
  47013     0      615.6679   613                   Cuts: 113  8423207         
  47013     2      615.6679   606                    629.0709  8423207         
  47014     3      644.2759   532                    629.0709  8424844         
  47015     3      615.7395   598                    629.0709  8423360         
  47017     4      667.6918   492                    629.0709  8426462         
  47018     5      637.7333   526                    629.0709  8426517         
  47022     6      650.4917   564                    629.0709  8426853         
  47029     8      673.8827   484                    629.0709  8431151         
Elapsed time = 417.50 sec. (131096.50 ticks, tree = 0.02 MB, solutions = 0)
  47068    37      674.6267   558                    629.0709  8481508         
  47213    61      680.2205   497                    629.0709  8593596         
  47416   132      685.6105   577                    629.0709  8766290         
  47761   161      709.0854   528                    629.0709  8813505         
  48153   594      637.6472   553                    629.0709  9081328         
  48432   670      726.7769   495                    629.0709  9240834         
  48952   843      717.3957   446                    629.0709  9373524         
  49890  1330      689.1975   531                    629.0709  9536562         
  50426  1769     1007.3292   224                    629.0709  9614873         
  51586  2371      680.7920   587                    629.0709  9836024         
Elapsed time = 583.96 sec. (169505.34 ticks, tree = 58.48 MB, solutions = 0)
  53200  3182      712.7523   523                    645.5523  9959150         
  54833  4648      777.4411   414                    645.5523 10151683         
  55450  6328      937.3167   192                    645.5523 10436037         
  56059  6549      730.2197   470                    649.2852 10500772         

Performing restart 2

Repeating presolve.
Tried aggregator 1 time.
MIP Presolve eliminated 2 rows and 0 columns.
MIP Presolve modified 2 coefficients.
Reduced MIP has 7573 rows, 8001 columns, and 68875 nonzeros.
Reduced MIP has 4092 binaries, 3909 generals, 0 SOSs, and 0 indicators.
Presolve time = 0.06 sec. (33.93 ticks)
Tried aggregator 1 time.
MIP Presolve modified 631 coefficients.
Reduced MIP has 7573 rows, 8001 columns, and 68872 nonzeros.
Reduced MIP has 4092 binaries, 3909 generals, 0 SOSs, and 0 indicators.
Presolve time = 0.14 sec. (74.24 ticks)
Represolve time = 0.85 sec. (329.30 ticks)
  56087     0      618.6197   661                   Cuts: 333 10709043         
  56087     0      619.2720   630                   Cuts: 134 10709359         
  56087     0      619.6213   635                   Cuts: 204 10709653         
  56087     0      619.7841   642                    Cuts: 78 10709864         
  56087     0      621.7822   615                    Cuts: 86 10710404         
  56087     0      622.4839   617                   Cuts: 236 10710820         
  56087     0      622.6381   615                    Cuts: 82 10710986         
  56087     0      622.8612   634                    Cuts: 97 10711219         
  56087     2      622.8612   629                    650.2738 10711219         
  56090     3      651.6517   548                    650.2738 10715305         
  56101    11      659.1176   563                    650.2738 10721590         
  56149    40      677.3586   487                    650.2738 10775717         
  56313   111      678.1068   488                    650.2738 10925314         
  56511   240    infeasible                          650.2738 11105500         
Elapsed time = 761.56 sec. (241065.70 ticks, tree = 2.40 MB, solutions = 0)
  56740   302      692.6746   575                    650.2738 11199833         
  56954   388      698.3045   540                    650.2738 11345835         
  57144   516      782.6664   417                    650.2738 11574323         
  57466   584      736.7881   421                    650.2738 11676014         
  57773   906      711.8120   532                    650.2738 11905716         
  58302   973      709.4779   524                    650.2738 11944551         
  58946  1483      755.4313   471                    650.2738 12152836         
  59613  1981     1014.6938   232                    650.2738 12276855         
  60265  2393     1021.1192   162                    650.2738 12447036         
  60725  3125      765.8760   385                    650.2738 12707972         
Elapsed time = 931.78 sec. (279298.28 ticks, tree = 151.67 MB, solutions = 0)
  61263  3390     1274.4133   227                    650.2738 12803102         
  62128  3753     1195.2426   181                    650.2738 12946285         
  63066  4441      979.6932   246                    650.2738 13133047         
  63823  5086     1043.2499   165                    650.2738 13323359         
  64166  5873      828.4896   379                    664.1238 13590239         
  64652  6214      897.9858   225                    667.0964 13829768         
  65786  6194      798.7327   517                    668.2296 13849471         
  66894  7036      785.9801   423                    668.2296 14066885         
  67972  8611     1251.1854    86                    668.2296 14361342         
  68565  9143    infeasible                          676.9492 14516156         
Elapsed time = 1102.26 sec. (317487.64 ticks, tree = 434.86 MB, solutions = 0)
  69689  9744     1049.4575   200                    676.9492 14671792         
  70867 10866      744.3779   409                    690.8059 14948318         
  71389 11598      983.5826   178                    691.8036 15097854         
  71796 11821      783.0713   359                    693.9197 15258519         
  72275 12198      889.7211   260                    693.9197 15470972         
  73571 12884     1021.3130   232                    694.8178 15687996         
  74836 13481      940.6490   200                    694.8178 15814497         
  75906 14655      978.0798   178                    695.3371 16073044         
  76449 15724     1170.3621   163                    697.2812 16381893         
  76793 15215    infeasible                          697.2812 16269026         
Elapsed time = 1272.91 sec. (355666.90 ticks, tree = 780.82 MB, solutions = 0)
  77096 15759      936.6549   166                    700.1235 16584649         
  77436 15839    infeasible                          700.1235 16731263         
  77824 16090      963.3526   232                    700.1235 17064942         
  79188 16606      973.5651   231                    702.2317 17237576         
  80544 17193      735.2500   522                    702.2317 17321570         
  82104 17876     1061.3489   129                    702.2317 17404015         
  83029 19193    infeasible                          705.0085 17697970         
  84034 20493      733.2735   411                    705.0085 17917999         
  85118 20956     1004.6924   205                    706.9333 18022336         
  85952 22105     1005.5223   184                    706.9333 18307475         
Elapsed time = 1446.21 sec. (393862.89 ticks, tree = 1106.57 MB, solutions = 0)
  86272 22508      752.6465   402                    707.6842 18529275         
  86498 22751      754.0230   455                    710.3275 18549786         
  86783 22921      808.2342   488                    710.6935 18876598         
  87034 23007    infeasible                          710.6935 19169625         
  87328 23090    infeasible                          711.9814 19254809         
  87638 23086      800.3285   329                    712.6469 19342325         
  88026 23325      936.2309   240                    712.6469 19649136         
  89176 23512     1100.0503   125                    712.6469 19711378         
  90623 24238     1095.7069   228                    714.0438 19957350         
  91690 25567     1341.7949   142                    714.0438 20155358         
Elapsed time = 1622.11 sec. (432114.52 ticks, tree = 1297.86 MB, solutions = 0)
  92519 25940      943.9077   225                    717.8652 20200175         
  93405 26814      734.6720   402                    719.0501 20533712         
  94184 27981     1160.9825   124                    720.9988 20906862         
  94702 28275     1036.7133   233                    721.3388 21074175         
  95945 28586     1141.8317   162                    721.3388 21223587         
  98360 28757     1061.4319   223                    721.3388 21190146         
 100303 30138      946.4214   254                    723.5527 21457298         
 101513 32178     1168.3618   157                    723.9566 21637656         
 102099 33582      786.1329   417                    728.0776 21954131         
 102553 34165      788.0944   426                    728.0776 22047875         
Elapsed time = 1796.14 sec. (470289.22 ticks, tree = 1805.06 MB, solutions = 0)
 102957 34665      890.9678   262                    729.3259 22436046         
 103457 34823     1027.1084   212                    729.7680 22575157         
 104762 35144      920.6794   247                    729.7680 22754303         
 107777 35249     1077.8055   144                    729.7680 22717718         
 110303 39084     1051.1176   131                    729.7680 23121146         
 112264 40774     1039.9072   138                    729.7764 23307445         
*112315+39325                         1338.4178      729.7764            45.47%
 113333 41325      814.1149   384     1338.4178      729.7764 23389864   45.47%
*113655+41014                         1289.6288      732.1521            43.23%
*113865+42092                         1278.7894      732.1521            42.75%
 114850 42349     1003.9915   162     1278.7894      735.4636 23504365   42.49%
 116451 42909     1097.3949   174     1278.7894      735.4636 23783079   42.49%
*116899+43211                         1254.5113      735.4636            41.37%
 117675 43085      777.5364   447     1254.5113      736.2587 23985850   41.31%
Elapsed time = 1972.53 sec. (508456.85 ticks, tree = 2296.88 MB, solutions = 4)
Nodefile size = 248.31 MB (181.85 MB after compression)
 118355 44137     1089.3407   177     1254.5113      736.2587 24152480   41.31%
 119465 45749     1114.7977   172     1254.5113      736.2587 24479282   41.31%
*120207+46003                         1214.7781      736.2587            39.39%
 121700 45222      992.1102   213     1214.7781      736.2587 24650730   39.39%
*122049+45272                         1207.0876      737.2282            38.93%
*122711+45272                         1178.6424      737.2282            37.45%
 124237 46411     1108.1824   194     1178.6424      737.2282 24630590   37.45%
 126011 48279      953.5969   221     1178.6424      739.4100 25080652   37.27%
*126235+47693                         1170.9519      739.4100            36.85%
 127352 47209      789.2045   391     1170.9519      739.4100 24994019   36.85%
 128643 49073     1133.5076   227     1170.9519      741.2458 25202164   36.70%
 130110 50901      928.1133   236     1170.9519      742.4875 25637692   36.59%
*130169+50377                         1169.5565      742.4875            36.52%
*130924+50868                         1162.4869      742.6388            36.12%
 131239 50966      976.6475   227     1162.4869      742.6388 25733622   36.12%
 132141 51779      827.7166   391     1162.4869      745.2521 26131105   35.89%
Elapsed time = 2151.68 sec. (546639.37 ticks, tree = 2593.77 MB, solutions = 12)
Nodefile size = 543.49 MB (398.35 MB after compression)
 132555 51540      919.7948   241     1162.4869      745.2521 26049580   35.89%
 133067 52789    infeasible           1162.4869      746.4073 26285295   35.79%
 133721 53233      914.3299   234     1162.4869      746.4073 26643363   35.79%
 135306 53204      955.5245   228     1162.4869      746.4073 26601211   35.79%
*135763+53472                         1142.5765      746.4073            34.67%
 138255 53769     1109.1562   153     1142.5765      746.4073 26784943   34.67%
*139879+53854                         1114.4056      747.7363            32.90%
 140750 53503      860.8608   376     1114.4056      747.7363 26787368   32.90%
*141205+52612                         1029.3971      747.7363            27.36%
*141231+52612                          994.1583      747.7363            24.79%
 141971 54753      882.6747   276      994.1583      747.7363 27003285   24.79%
*142487+31735                          978.2374      750.2220            23.31%
 142964 27345      785.7982   320      978.2374      751.8769 27507814   23.14%
 143766 27849      850.2847   296      978.2374      753.2923 27658062   22.99%
*144093+27553                          977.1523      753.7137            22.87%
 144819 28003      923.6127   207      977.1523      754.4297 27663363   22.79%
Elapsed time = 2325.65 sec. (584823.91 ticks, tree = 1267.95 MB, solutions = 31)
 145850 28316      950.0768   249      977.1523      755.3079 28226783   22.70%
 146355 27791    infeasible            977.1523      756.6029 28054612   22.57%
*146726+28991                          977.1060      757.6576            22.46%
*146783+28991                          976.6489      757.6576            22.42%
 146812 28576      856.7473   263      976.6489      757.8894 28354741   22.40%
*146911+28991                          973.2644      757.9870            22.12%
*146930+28991                          972.1392      757.9870            22.03%
 147310 27966      905.8439   319      972.1392      758.5475 28741335   21.97%
 147889 27974    infeasible            972.1392      759.0081 28713451   21.92%
*147990+28107                          964.0284      759.0081            21.27%
*148005+28107                          962.7348      759.0081            21.16%
 148878 25759      941.5076   243      962.7348      759.0081 29027360   21.16%
 149772 25828      881.7283   272      962.7348      759.2837 29072389   21.13%
*150620+26210                          962.0948      759.2837            21.08%
 150833 25969        cutoff            962.0948      759.2837 29163170   21.08%
 151692 27070      953.1662   265      962.0948      761.9633 29500637   20.80%
*152153+26337                          961.8037      762.4139            20.73%
 152871 27036      953.4539   296      961.8037      762.4139 29657499   20.73%
Elapsed time = 2499.75 sec. (623038.18 ticks, tree = 1227.38 MB, solutions = 41)
 153686 27593      876.4313   271      961.8037      762.6568 29935321   20.71%
 154347 27676    infeasible            961.8037      765.8707 30040965   20.37%
 155095 28378      905.9325   315      961.8037      766.6064 30229533   20.29%
 155611 28669      933.9726   237      961.8037      766.7328 30392915   20.28%
 156296 28660      835.7345   280      961.8037      766.7328 30458958   20.28%
 156912 29107      883.8120   303      961.8037      769.6275 30761309   19.98%
 157631 29064        cutoff            961.8037      769.6275 30744188   19.98%
 158846 29488      867.8064   292      961.8037      769.6275 30955780   19.98%
 160305 30740      956.2391   260      961.8037      770.3094 31302448   19.91%
 161102 30154    infeasible            961.8037      770.3890 31167489   19.90%
Elapsed time = 2671.03 sec. (661248.79 ticks, tree = 1361.29 MB, solutions = 41)
*161280+30363                          949.5211      770.3890            18.87%
 162413 30740      920.5738   220      949.5211      774.5939 31299267   18.42%
 163217 28120        cutoff            949.5211      775.8546 31907958   18.29%
 164113 28386      924.6482   321      949.5211      777.4335 32004730   18.12%
*164718+27503                          947.0097      777.9516            17.85%
 164949 28648      848.2856   374      947.0097      778.2785 32153968   17.82%
 165653 28900      911.6570   251      947.0097      779.2829 32196662   17.71%
 166252 27940      904.4245   278      947.0097      780.9354 32461903   17.54%
*166447+28532                          945.4610      781.0826            17.39%
 166721 27946        cutoff            945.4610      781.5844 32977838   17.33%
 167242 28047      903.7233   278      945.4610      781.5844 33096503   17.33%
 167863 28056      849.6752   272      945.4610      781.6480 33172780   17.33%
 168492 27954      875.0406   373      945.4610      782.3321 33258679   17.25%
Elapsed time = 2844.06 sec. (699435.55 ticks, tree = 1247.85 MB, solutions = 45)
 169136 28453      924.3923   270      945.4610      782.3321 33550807   17.25%
 170099 28664      857.9739   272      945.4610      785.0320 33687129   16.97%
 171440 28824      917.8571   213      945.4610      785.0320 33774580   16.97%
*172931+29090                          944.1673      785.8291            16.77%
 173070 29067    infeasible            944.1673      785.8291 33890354   16.77%
 174250 29732        cutoff            944.1673      785.8291 34220891   16.77%
 175113 29058    infeasible            944.1673      786.0951 33906098   16.74%
*175635+29841                          942.9230      790.0433            16.21%
 176363 30971      910.3691   209      942.9230      792.6360 34600653   15.94%
 177457 30894      929.4104   292      942.9230      794.5911 34559443   15.73%
 178571 31631      916.6147   167      942.9230      796.1978 34960295   15.56%
 179536 31658      834.0935   299      942.9230      798.1052 35121762   15.36%
Elapsed time = 3021.15 sec. (737629.95 ticks, tree = 1311.10 MB, solutions = 48)
 180330 32898      856.0005   289      942.9230      800.8777 35354022   15.06%
 181272 32923      900.8247   241      942.9230      801.7391 35333118   14.97%
 182998 34003      872.7145   265      942.9230      803.3766 35619788   14.80%
 185269 33928      853.1970   231      942.9230      803.3766 35550735   14.80%
*187468+34765                          941.9567      803.3766            14.71%
*187495+34765                          940.8472      803.3766            14.61%
 188745 35454      915.7212   272      940.8472      803.3766 35759669   14.61%
 192374 36533      908.7375   198      940.8472      804.3811 35894913   14.50%
 196071 38940      877.6837   259      940.8472      806.0512 36048006   14.33%
 200272 37358      875.3815   249      940.8472      810.3661 35968976   13.87%
*202303+36713                          940.1490      810.4474            13.80%
 204516 43435      905.1309   223      940.1490      811.0553 36346638   13.73%
 208889 43214      885.1764   232      940.1490      812.7233 36335063   13.55%
Elapsed time = 3195.46 sec. (775802.18 ticks, tree = 1647.20 MB, solutions = 51)
 213270 52734      865.1204   298      940.1490      813.2259 36844508   13.50%
 217696 50187      864.2655   267      940.1490      815.0477 36733770   13.31%
 221760 59946      862.6985   269      940.1490      816.1916 37137973   13.18%
 225211 64682      855.0052   284      940.1490      816.1916 37336387   13.18%
 229284 67071      846.7355   310      940.1490      817.7267 37423774   13.02%
 233240 66772      902.5767   308      940.1490      819.8087 37404907   12.80%
*235536+63247                          939.7733      819.9625            12.75%
*235596+63247                          938.3811      819.9625            12.62%
 238044 68001      913.9546   180      938.3811      820.4370 37468035   12.57%
 242138 74919      895.7698   276      938.3811      821.1673 37778170   12.49%
 246739 81232      912.1212   251      938.3811      821.2966 38045008   12.48%
*247526+81257                          937.8617      821.6943            12.39%
*247563+79668                          936.5019      821.6943            12.26%
*250092+86059                          935.1163      821.9875            12.10%
*250752+84563                          929.9603      821.9875            11.61%
 250850 83325      874.1355   250      929.9603      821.9875 38133743   11.61%
Elapsed time = 3395.74 sec. (813957.60 ticks, tree = 4207.70 MB, solutions = 55)
Nodefile size = 2140.20 MB (1610.24 MB after compression)
 255693 85514      925.6357   167      929.9603      822.6569 38209714   11.54%
*258541+90325                          929.6843      822.6569            11.51%
*258705+90321                          922.8580      822.6569            10.86%
*258780+90321                          921.9523      822.6569            10.77%
 260486 87963      897.4388   242      921.9523      822.6569 38349635   10.77%
 264810 90622      889.0919   261      921.9523      823.4035 38660714   10.69%
 268982 83735      874.7285   290      921.9523      823.7684 38709018   10.65%
 273303 96110      839.4456   290      921.9523      823.8830 39224700   10.64%
 278134 99312      853.0952   313      921.9523      824.5604 39355534   10.56%
 282743 104397      882.1659   298      921.9523      824.7824 39542366   10.54%
 286964 106313      857.8737   297      921.9523      824.8815 39624289   10.53%
 291103 104982      913.2170   233      921.9523      825.2443 39573282   10.49%
 295193 115579      833.6659   320      921.9523      825.4516 40001128   10.47%
Elapsed time = 3578.65 sec. (852111.01 ticks, tree = 6878.46 MB, solutions = 66)
Nodefile size = 4823.56 MB (3671.32 MB after compression)
 299046 114769      836.2026   312      921.9523      825.6360 39960521   10.45%
 303237 122556      880.7873   274      921.9523      825.8929 40338218   10.42%
 307992 122055      862.5025   270      921.9523      826.0839 40314475   10.40%
 312398 125877      885.4088   292      921.9523      826.4467 40510533   10.36%
 317183 132490      900.4647   143      921.9523      826.7085 40775573   10.33%
 321511 132593      889.2281   256      921.9523      826.8341 40779659   10.32%
 325979 140109      911.5522   218      921.9523      827.1832 41076403   10.28%
*328765+148941                          921.2113      827.2632            10.20%
 330456 143555      865.2820   287      921.2113      827.2900 41204328   10.20%
 334659 149934      871.6404   311      921.2113      827.4618 41465786   10.18%
*336813+150146                          919.7802      827.4618            10.04%
 339226 150954      888.3286   259      919.7802      827.5903 41539260   10.02%
Elapsed time = 3774.12 sec. (890267.61 ticks, tree = 8972.68 MB, solutions = 68)
Nodefile size = 6898.07 MB (5231.15 MB after compression)
 343835 156769      881.1931   279      919.7802      827.8215 41754552   10.00%
 348580 157959      866.9709   267      919.7802      827.9862 41876221    9.98%
*351945+162683                          919.0504      828.0520             9.90%
*351985+162683                          918.6875      828.0520             9.87%
 353120 161783      896.6313   256      918.6875      828.0552 42025047    9.87%
 357820 173266      863.0511   275      918.6875      828.2754 42536755    9.84%
 362329 168914      891.5711   234      918.6875      828.3806 42357673    9.83%
 367189 175372      913.2343   208      918.6875      828.3890 42620984    9.83%
 371360 183867      837.6295   317      918.6875      828.3890 42926252    9.83%
 375868 185564      853.2915   290      918.6875      828.7165 42994902    9.79%
 380502 188332      886.8750   273      918.6875      828.8374 43100322    9.78%
 384931 197263      865.9231   273      918.6875      828.9257 43472649    9.77%
Elapsed time = 3956.89 sec. (928425.95 ticks, tree = 12487.62 MB, solutions = 71)
Nodefile size = 10425.68 MB (7950.27 MB after compression)
 389135 201943      878.5635   245      918.6875      829.1081 43661600    9.75%
 393627 205879      841.7160   343      918.6875      829.1785 43830688    9.74%
 398343 211379      899.3845   276      918.6875      829.2435 44058469    9.74%
 403015 210631      907.0518   160      918.6875      829.2435 44024368    9.74%
*403738+212627                          918.5033      829.2435             9.72%
 407848 215196      876.3996   238      918.5033      829.4472 44197971    9.70%
 412490 224429      895.4200   281      918.5033      829.4810 44555711    9.69%
 417245 224907      881.8103   206      918.5033      829.6835 44572505    9.67%
 421530 229872      893.1260   257      918.5033      829.7743 44756801    9.66%
 426057 234060      912.7156   235      918.5033      829.8307 44926060    9.65%
 430846 243586      900.1962   209      918.5033      829.9312 45279149    9.64%
Elapsed time = 4156.57 sec. (966590.12 ticks, tree = 15579.99 MB, solutions = 72)
Nodefile size = 13521.19 MB (10305.54 MB after compression)
 435992 241624      876.1346   262      918.5033      829.9509 45198869    9.64%
 440474 252935      902.3505   205      918.5033      830.0164 45608152    9.63%
 445291 253424      897.0353   209      918.5033      830.1219 45624284    9.62%
 449454 255465      904.3699   243      918.5033      830.2729 45702686    9.61%
 453788 263966      883.0480   264      918.5033      830.2882 46020189    9.60%
 458616 265432      854.8954   307      918.5033      830.3851 46085667    9.59%
 463320 272946      883.6109   281      918.5033      830.4260 46394937    9.59%
 467954 271976      905.7218   189      918.5033      830.4769 46357727    9.58%
 472735 281612      899.3181   270      918.5033      830.5863 46715251    9.57%
 477754 284411      861.9423   287      918.5033      830.6259 46817546    9.57%
Elapsed time = 4348.12 sec. (1004745.47 ticks, tree = 17933.51 MB, solutions = 72)
Nodefile size = 15864.15 MB (12052.26 MB after compression)
 482253 290005      907.3313   230      918.5033      830.6518 47015987    9.56%
*483628+289647                          918.2033      830.6518             9.54%
*483754+289646                          917.7099      830.6518             9.49%
 486617 295772      850.4661   340      917.7099      830.7141 47273248    9.48%
 491469 294346      916.4562   166      917.7099      830.7392 47174559    9.48%
 495817 301477      888.3843   235      917.7099      830.8064 47466802    9.47%
 499968 305030      906.1648   250      917.7099      830.8523 47606586    9.46%
 504625 312907      896.4099   303      917.7099      830.8523 47908277    9.46%
 509394 316369      858.9233   301      917.7099      830.8995 48045784    9.46%
 513450 320632      851.2174   328      917.7099      831.0531 48213165    9.44%
 517800 326378      885.4035   235      917.7099      831.0764 48441487    9.44%
 522220 324500      880.1435   295      917.7099      831.1894 48363948    9.43%
Elapsed time = 4534.53 sec. (1042899.86 ticks, tree = 20977.57 MB, solutions = 74)
Nodefile size = 18918.38 MB (14406.81 MB after compression)
 527049 333053      891.6041   209      917.7099      831.2640 48733561    9.42%
 531356 337655      876.1310   219      917.7099      831.2640 48916050    9.42%
 536359 339337      852.5903   275      917.7099      831.2881 48987051    9.42%
 541082 348760      914.1434   186      917.7099      831.3403 49336503    9.41%
 545540 351492      869.3426   277      917.7099      831.4605 49433001    9.40%
 549945 357067      892.0439   217      917.7099      831.5320 49644936    9.39%
 554661 355583      887.0458   287      917.7099      831.6411 49591059    9.38%
 559555 363586      886.5301   235      917.7099      831.6935 49896196    9.37%
 564148 369408      880.9783   287      917.7099      831.7298 50124165    9.37%
 568303 369517      879.0430   273      917.7099      831.7534 50128732    9.37%
Elapsed time = 4733.14 sec. (1081057.56 ticks, tree = 24000.13 MB, solutions = 74)
Nodefile size = 21942.41 MB (16703.12 MB after compression)
 572594 377525      865.9841   319      917.7099      831.8177 50440558    9.36%
 576898 378713      892.7718   264      917.7099      831.8412 50499358    9.36%
 581548 384905      882.1842   253      917.7099      831.9431 50785039    9.35%
 586085 387915      908.1340   214      917.7099      831.9434 50904239    9.35%
 590751 391069      914.5106   253      917.7099      831.9654 51017063    9.34%
 595269 396727      905.4213   183      917.7099      832.0545 51228997    9.33%
 599973 403128      881.5552   260      917.7099      832.1249 51489829    9.33%
 604592 407770      898.8884   217      917.7099      832.1387 51660789    9.32%
 609240 407946      898.7188   229      917.7099      832.1387 51666275    9.32%
*612391+409903                          915.7623      832.1713             9.13%
 613555 416745      905.2836   218      915.7623      832.2603 52003604    9.12%
Elapsed time = 4924.92 sec. (1119214.94 ticks, tree = 26978.39 MB, solutions = 75)
Nodefile size = 24915.85 MB (18941.66 MB after compression)
 618348 415633      908.0250   227      915.7623      832.2726 52119651    9.12%
 623175 419231      876.5452   294      915.7623      832.2819 52262501    9.12%
*624302+416383                          912.2479      832.2819             8.77%
 627647 412171      910.5438   216      912.2479      832.3782 52554055    8.76%
 632320 410480      900.7307   130      912.2479      832.4300 52487052    8.75%
 636501 414779      893.5218   232      912.2479      832.4948 52651175    8.74%
 641181 424266      885.0085   225      912.2479      832.5353 53035683    8.74%
*642021+418000                          910.9543      832.5353             8.61%
 644865 421728        cutoff            910.9543      832.5464 53240624    8.61%
 649366 420217      902.7928   292      910.9543      832.6239 53165225    8.60%
 653905 424781      863.9824   306      910.9543      832.6469 53375146    8.60%
 658410 428495      876.1668   246      910.9543      832.7056 53519464    8.59%
Elapsed time = 5116.68 sec. (1157373.15 ticks, tree = 27694.36 MB, solutions = 79)
Nodefile size = 25619.68 MB (19456.03 MB after compression)
 663106 433986      881.5557   234      910.9543      832.7538 53756080    8.58%
 667861 436751      866.0925   276      910.9543      832.7986 53858725    8.58%
*670482+442299                          906.5274      832.8183             8.13%
 672820 445943      858.3711   279      906.5274      832.8455 54216640    8.13%
*676728+420392                          901.4657      832.8693             7.61%
 677350 446709      859.8509   265      901.4657      832.8693 54242872    7.61%
 681752 391241        cutoff            901.4657      832.8941 54593758    7.61%
*683908+390764                          897.8974      832.8941             7.24%
 685736 393191      881.2205   264      897.8974      832.8941 54674551    7.24%
 690163 370095      871.7616   282      897.8974      833.0064 54954538    7.23%
 694702 371001      896.6698   273      897.8974      833.0593 55009408    7.22%
 698824 377796      873.6697   295      897.8974      833.1141 55313595    7.21%
 703594 378641      881.4046   238      897.8974      833.1676 55347217    7.21%
Elapsed time = 5309.17 sec. (1195525.75 ticks, tree = 24273.38 MB, solutions = 82)
Nodefile size = 22200.53 MB (16827.17 MB after compression)
 708071 387251      892.7969   276      897.8974      833.2277 55723957    7.20%
 712184 390136      859.5147   304      897.8974      833.2371 55833293    7.20%
 716696 388373      869.1294   271      897.8974      833.2834 55764335    7.20%
 721184 396866      857.5590   271      897.8974      833.3702 56116829    7.19%
 725929 397747      885.5205   249      897.8974      833.4407 56155404    7.18%
 730442 407101      889.5627   221      897.8974      833.4869 56531810    7.17%
 735271 407915      875.1264   193      897.8974      833.4928 56558186    7.17%
 739353 416347      885.1429   273      897.8974      833.6314 56916204    7.16%
 743571 421041      888.9468   220      897.8974      833.6966 57117302    7.15%
 747763 422732      896.9418   170      897.8974      833.7083 57193896    7.15%
Elapsed time = 5496.83 sec. (1233679.94 ticks, tree = 27683.66 MB, solutions = 82)
Nodefile size = 25624.25 MB (19474.37 MB after compression)
 751764 424890      863.7010   250      897.8974      833.7459 57296677    7.14%
 756302 432103      863.1215   337      897.8974      833.7847 57624180    7.14%
 760651 434731      883.6936   314      897.8974      833.7911 57739153    7.14%
 765388 437338      868.2277   257      897.8974      833.9163 57849021    7.13%
 769747 439886      848.5232   274      897.8974      833.9592 57955700    7.12%
 773988 445431      866.3697   317      897.8974      833.9823 58195869    7.12%
 777951 452166      864.3699   313      897.8974      834.0717 58493204    7.11%
 782242 453006      878.5620   260      897.8974      834.1815 58531701    7.10%
 786511 454743      865.9128   276      897.8974      834.2222 58618336    7.09%
 790781 463219      891.4243   218      897.8974      834.2481 59024505    7.09%
Elapsed time = 5690.92 sec. (1271841.48 ticks, tree = 29750.97 MB, solutions = 82)
Nodefile size = 27684.61 MB (20984.81 MB after compression)
 795206 468857      890.8771   216      897.8974      834.2481 59287433    7.09%
 799802 468771      868.0558   246      897.8974      834.3319 59283951    7.08%
 804232 471144      880.8265   290      897.8974      834.3319 59378083    7.08%
 808171 476809      877.6846   286      897.8974      834.4457 59637833    7.07%
 812094 480230      889.6913   268      897.8974      834.4937 59797221    7.06%
 816480 484048      868.5316   291      897.8974      834.5465 59963694    7.06%
 820987 492039      885.0964   225      897.8974      834.6110 60362926    7.05%
 825333 495459      882.6910   302      897.8974      834.6491 60522146    7.04%
 829868 501333      884.6998   310      897.8974      834.7230 60781275    7.04%
 834082 503474      893.7492   222      897.8974      834.7600 60874870    7.03%
Elapsed time = 5883.58 sec. (1309997.07 ticks, tree = 32282.80 MB, solutions = 82)
Nodefile size = 30217.28 MB (22899.16 MB after compression)
 837929 505321      892.4439   264      897.8974      834.7901 60953167    7.03%
 841890 511561      873.6698   277      897.8974      834.8322 61258150    7.02%
 846219 516775      895.8030   221      897.8974      834.8622 61498053    7.02%
 850267 515673      884.7346   270      897.8974      834.9194 61443657    7.01%
 854462 523904      887.5616   256      897.8974      834.9854 61837805    7.01%
 858807 522107      884.5457   249      897.8974      835.0153 61753034    7.00%
 863345 526319      887.0393   240      897.8974      835.0552 61966357    7.00%
 867465 532990      891.1443   254      897.8974      835.1204 62262759    6.99%
 871682 536249      897.0556   221      897.8974      835.2063 62417691    6.98%
 876022 539180      855.5089   261      897.8974      835.2398 62545004    6.98%
Elapsed time = 6074.17 sec. (1348154.09 ticks, tree = 34402.72 MB, solutions = 82)
Nodefile size = 32339.25 MB (24492.67 MB after compression)
 880279 542449      892.2320   261      897.8974      835.2897 62697960    6.97%
 884552 552048      864.3713   249      897.8974      835.3343 63125699    6.97%
 888714 554633      897.4758   231      897.8974      835.3504 63239562    6.97%
 892821 559569        cutoff            897.8974      835.4365 63458234    6.96%
 896793 559442      888.3932   212      897.8974      835.4897 63447913    6.95%
 900397 562024      853.4871   274      897.8974      835.4971 63590995    6.95%
 904510 565547      869.3239   287      897.8974      835.5550 63773723    6.94%
 908559 569971      866.9889   261      897.8974      835.5786 63985708    6.94%
 912483 573876      874.9838   301      897.8974      835.6600 64178078    6.93%
 916747 582038      870.6973   263      897.8974      835.7106 64567756    6.93%
Elapsed time = 6266.84 sec. (1386311.94 ticks, tree = 37277.68 MB, solutions = 82)
Nodefile size = 35217.13 MB (26686.82 MB after compression)
 921417 584339      881.2398   238      897.8974      835.7319 64671472    6.92%
 926121 583639      887.3272   246      897.8974      835.7319 64639407    6.92%
 930169 589698      883.9489   212      897.8974      835.7872 64919405    6.92%
 934057 594763      885.5530   246      897.8974      835.9063 65152558    6.90%
 938206 597970      863.0270   272      897.8974      835.9598 65300029    6.90%
 942534 603621      867.0136   259      897.8974      835.9860 65626267    6.90%
 946862 609930      875.0596   245      897.8974      836.0279 65911295    6.89%
 951676 612250      878.4178   252      897.8974      836.0950 66019326    6.88%
 956028 616562      864.9416   313      897.8974      836.1561 66197765    6.88%
 960454 622365      847.9106   262      897.8974      836.1958 66473604    6.87%
Elapsed time = 6459.21 sec. (1424469.56 ticks, tree = 39904.97 MB, solutions = 82)
Nodefile size = 37844.03 MB (28679.36 MB after compression)
 964375 620123      885.0338   253      897.8974      836.2269 66360163    6.87%
 968545 625996      874.9414   275      897.8974      836.2547 66646407    6.87%
 972747 627658      872.2663   258      897.8974      836.3133 66722049    6.86%
 976782 637975      874.7926   263      897.8974      836.4011 67195362    6.85%
 980997 638126      861.0420   226      897.8974      836.4216 67202047    6.85%
 985180 645848      889.2143   268      897.8974      836.4216 67577090    6.85%
 989580 648441      883.9915   255      897.8974      836.5063 67702959    6.84%
 993742 649065      880.5031   239      897.8974      836.5770 67734151    6.83%
 998244 651733      892.9403   235      897.8974      836.6252 67884998    6.82%
 1002374 660120      865.2649   309      897.8974      836.6616 68277823    6.82%
Elapsed time = 6653.96 sec. (1462624.33 ticks, tree = 42344.75 MB, solutions = 82)
Nodefile size = 40285.19 MB (30530.73 MB after compression)
 1006194 663309      886.1454   227      897.8974      836.6828 68434536    6.82%
 1010427 668314      882.2097   234      897.8974      836.7204 68670143    6.81%
 1014652 667402      870.4015   285      897.8974      836.7915 68623315    6.81%
 1018595 670845      867.6540   292      897.8974      836.8367 68785551    6.80%
