Version identifier: 22.1.1.0 | 2022-11-28 | 9160aff4d
CPXPARAM_TimeLimit                               20400
Tried aggregator 1 time.
MIP Presolve eliminated 20497 rows and 11631 columns.
MIP Presolve modified 13950 coefficients.
Reduced MIP has 12467 rows, 20519 columns, and 68160 nonzeros.
Reduced MIP has 10429 binaries, 10090 generals, 0 SOSs, and 0 indicators.
Presolve time = 0.13 sec. (68.17 ticks)
Probing fixed 175 vars, tightened 33 bounds.
Probing changed sense of 5 constraints.
Probing time = 0.42 sec. (77.33 ticks)
Tried aggregator 1 time.
Detecting symmetries...
MIP Presolve eliminated 482 rows and 511 columns.
MIP Presolve modified 4 coefficients.
Reduced MIP has 11985 rows, 20008 columns, and 65729 nonzeros.
Reduced MIP has 10253 binaries, 9755 generals, 0 SOSs, and 0 indicators.
Presolve time = 0.12 sec. (59.16 ticks)
Probing fixed 138 vars, tightened 0 bounds.
Probing time = 0.21 sec. (69.98 ticks)
Cover probing fixed 68 vars, tightened 0 bounds.
Clique table members: 16492.
MIP emphasis: balance optimality and feasibility.
MIP search method: dynamic search.
Parallel mode: deterministic, using up to 32 threads.
Root relaxation solution time = 3.99 sec. (416.25 ticks)

        Nodes                                         Cuts/
   Node  Left     Objective  IInf  Best Integer    Best Bound    ItCnt     Gap

      0     0      893.5721   236                    893.5721       23         
      0     0      935.9996   338                   Cuts: 295     1082         
      0     0      949.9283   432                   Cuts: 154     1891         
      0     0      956.4730   431                   Cuts: 130     2337         
      0     0      958.3822   379                    Cuts: 66     2547         
      0     0      959.3178   435                    Cuts: 52     2741         
Detecting symmetries...
      0     0      959.8308   389                    Cuts: 58     2921         
      0     0      960.1886   381                    Cuts: 48     3121         
      0     0      960.2970   371                    Cuts: 25     3210         
      0     0      960.3151   372                    Cuts: 17     3226         
      0     0      960.7680   381                    Cuts: 12     3360         
      0     0      961.1049   397                    Cuts: 23     3495         
      0     0      961.2224   407                    Cuts: 21     3603         
      0     0      961.2765   406                    Cuts: 19     3654         
Detecting symmetries...
      0     2      961.2765   406                    963.0651     3654         
Elapsed time = 17.85 sec. (7165.33 ticks, tree = 0.02 MB, solutions = 0)
      3     3      999.2630   346                    963.0651     4328         
     27    16     1002.3822   297                    963.0697     5247         
     91    62     1007.9387   302                    966.2429    13467         
    187   133     1029.1828   281                    966.2429    31849         
    236   156     1143.9985   299                    968.4974    35805         
    250   132     1141.7700   334                    969.9315    33063         
    281   239     1083.3404   269                    969.9315    69672         
    321   278     1015.9555   313                    969.9315   152717         
    357   293     1028.5941   362                    969.9315   191398         
    651   440     1071.4867   291                    969.9315   325231         
Elapsed time = 34.52 sec. (10335.72 ticks, tree = 5.54 MB, solutions = 0)
   1148   727     1042.2056   295                    969.9315   411679         
   1502   938     1236.0888   251                    969.9315   463749         
   1927  1031     1116.3222   310                    972.5484   508606         
   2507  1239     1112.9640   315                    972.5484   568933         
   3096  1476     1036.0996   328                    979.6626   626752         
   3698  1996     1172.4609   340                    980.4607   737921         
   4330  2165     1499.6390   306                    980.4607   770266         
   5015  2631     1231.4946   377                    980.4607   848610         
   5781  3055     1470.5292   272                    980.4607   909662         
   6238  3511     1420.9771   374                    980.4607   965783         
Elapsed time = 77.87 sec. (19887.04 ticks, tree = 208.97 MB, solutions = 0)
   6825  4098     1512.8813   320                    980.4607  1037061         
   7651  4553     1542.2636   309                    980.4607  1085996         
   8500  4968     1087.0247   341                    980.4607  1130806         

Performing restart 1

Repeating presolve.
Tried aggregator 1 time.
MIP Presolve eliminated 100 rows and 265 columns.
MIP Presolve modified 433 coefficients.
Reduced MIP has 11885 rows, 19743 columns, and 64998 nonzeros.
Reduced MIP has 10046 binaries, 9697 generals, 0 SOSs, and 0 indicators.
Presolve time = 0.06 sec. (32.72 ticks)
Tried aggregator 1 time.
MIP Presolve eliminated 35 rows and 56 columns.
Reduced MIP has 11850 rows, 19687 columns, and 64809 nonzeros.
Reduced MIP has 10018 binaries, 9669 generals, 0 SOSs, and 0 indicators.
Presolve time = 0.08 sec. (40.87 ticks)
Represolve time = 0.88 sec. (214.81 ticks)
   8535     0     1030.8468   556                   Cuts: 240  1237975         
   8535     0     1056.9461   585                   Cuts: 289  1240126         
   8535     0     1067.7922   645                   Cuts: 299  1241645         
   8535     0     1080.2940   638                   Cuts: 332  1243138         
   8535     0     1089.2687   670                   Cuts: 257  1244783         
   8535     0     1095.8726   714                   Cuts: 282  1246390         
   8535     0     1099.5347   710                   Cuts: 237  1247121         
   8535     0     1109.2343   743                   Cuts: 219  1247953         
   8535     0     1114.4442   737                   Cuts: 218  1248614         
   8535     0     1116.4522   742                   Cuts: 177  1249084         
   8535     0     1117.2027   768                   Cuts: 161  1249350         
   8535     0     1117.7996   802                   Cuts: 119  1249650         
   8535     0     1118.3241   777                    Cuts: 80  1249940         
   8535     0     1118.6592   824                    Cuts: 75  1250216         
   8535     0     1118.8023   809                    Cuts: 67  1250399         
   8535     0     1118.8780   830                    Cuts: 44  1250506         
   8535     0     1118.9579   798                    Cuts: 48  1250645         
   8535     0     1119.0556   807                    Cuts: 44  1250783         
   8535     0     1119.2856   807                    Cuts: 45  1250956         
   8535     0     1119.3756   827                    Cuts: 29  1251087         
   8535     0     1119.4236   839                    Cuts: 25  1251216         
   8535     0     1119.5699   799                    Cuts: 42  1251366         
   8535     0     1119.5899   829                    Cuts: 39  1251437         
   8535     0     1119.6465   846                    Cuts: 23  1251522         
   8535     2     1119.6465   846                   1119.6465  1251522         
   8536     3     1121.9939   824                   1121.9948  1251754         
   8537     3     1134.2033   736                   1121.9948  1252610         
   8538     4     1123.6609   804                   1123.6965  1252918         
   8539     4     1143.8414   773                   1123.6965  1253158         
   8541     5     1155.0704   664                   1123.6965  1254229         
   8542     7     1153.9361   673                   1123.6965  1256884         
Elapsed time = 201.77 sec. (82355.14 ticks, tree = 0.02 MB, solutions = 0)
   8545     8     1139.2956   587                   1126.0113  1257519         
   8551    11     1136.3730   683                   1126.0113  1261161         
   8554    15     1170.8616   549                   1126.0113  1264519         
   8564    16     1170.4080   538                   1126.0113  1269663         
   8572    17     1170.4493   669                   1126.0113  1268070         
   8588    11     1146.8067   776                   1126.0113  1261683         
   8606    26     1178.8445   602                   1126.0479  1278900         
   8623    29     1182.2472   645                   1128.0752  1290736         
   8640    53    infeasible                         1128.0752  1422699         
   8677    52    infeasible                         1129.8455  1405184         
Elapsed time = 270.26 sec. (95281.99 ticks, tree = 0.23 MB, solutions = 0)
   8705    56    infeasible                         1129.8570  1421339         
   8739    52     1187.4339   549                   1133.4477  1453085         
   8774    55     1182.3904   659                   1133.4477  1541612         
   8814    51     1258.1200   489                   1133.4477  1502735         
   8867    74     1184.8988   726                   1133.4705  1581832         
   8965   113     1224.3957   546                   1133.4705  1630608         
   9104   159     1284.5181   595                   1133.4705  1707403         
   9219   266     1154.3005   598                   1133.4705  1764031         
   9345   205     1172.8061   704                   1133.4705  1730819         
   9455   294     1159.4205   655                   1133.4705  1784842         
Elapsed time = 336.81 sec. (104877.84 ticks, tree = 10.16 MB, solutions = 0)
   9538   403     1192.4633   437                   1133.4705  1822200         
   9617   380     1243.5979   643                   1133.4705  1819377         
   9663   630     1170.1798   533                   1133.4705  1904819         
   9707   654     1236.4982   648                   1133.4705  1920279         
   9754   671     1179.8064   633                   1133.4705  1944736         
   9843   707     1162.4653   672                   1133.4705  1990165         
   9947   704     1183.1000   607                   1133.4705  1962921         
  10089   709     1193.7316   643                   1133.4705  2010040         
  10245   823     1299.3641   602                   1133.4705  2093404         
  10380   831     1171.8341   749                   1133.4705  2104682         
Elapsed time = 402.25 sec. (114560.50 ticks, tree = 20.61 MB, solutions = 0)
  10547   900     1269.1316   428                   1133.4705  2127650         
  10683   889     1454.9883   455                   1133.4705  2109943         
  10762   971    infeasible                         1133.4705  2170426         
  10793  1152     1322.8599   452                   1133.4705  2227736         
  10844   950     1318.8958   527                   1133.4705  2165331         
  10899  1265    infeasible                         1133.4705  2256091         
  10956  1096     1247.6219   571                   1133.4705  2215536         
  11016  1340    infeasible                         1133.4705  2400336         
  11070  1337     1187.0798   573                   1133.4705  2410338         
  11133  1341    infeasible                         1133.4705  2337078         
Elapsed time = 468.45 sec. (124282.02 ticks, tree = 25.47 MB, solutions = 0)
  11208  1379     1196.0374   673                   1133.4705  2464196         
  11301  1381     1262.5745   437                   1133.4705  2460222         
  11456  1418     1448.8027   353                   1133.4705  2539658         
  11583  1388     1180.6573   693                   1133.4705  2478091         
  11736  1403     1191.0973   696                   1133.4705  2498210         
  11901  1557     1256.3197   291                   1156.2730  2611612         
  12107  1496     1329.9690   372                   1156.2730  2566023         
  12292  1621     1216.8476   513                   1156.2730  2629444         
  12440  1543     1336.4565   320                   1156.2730  2601670         
  12672  1675     1553.7949   333                   1156.2730  2657805         
Elapsed time = 525.27 sec. (133886.72 ticks, tree = 57.01 MB, solutions = 0)
  12900  1586     1231.0202   443                   1156.2730  2622495         
  13104  2295     1587.6208   208                   1156.2730  2812165         
  13413  2205     1406.4203   473                   1156.2730  2784838         
  13688  2474     1286.0942   590                   1156.2730  2851484         
  13898  2432     1202.3681   622                   1158.1185  2846331         
  14100  2340     1600.2602   224                   1158.1185  2813411         
  14216  2907     1186.4006   501                   1158.1185  2961221         
  14297  2977     1282.9389   632                   1159.7873  2981660         
  14367  3385     1201.1431   599                   1159.7873  3062013         
  14436  3422    infeasible                         1159.7873  3081680         
Elapsed time = 589.63 sec. (143523.40 ticks, tree = 105.76 MB, solutions = 0)
  14505  3459     1291.7099   679                   1159.7873  3102348         
  14565  3506     1194.8444   454                   1161.4477  3180120         
  14661  3496     1261.8528   615                   1161.4477  3172525         
  14773  3530     1556.4163   347                   1161.4477  3253191         
  14903  3522     1194.4502   547                   1161.4477  3236056         
  15161  3527     1283.1704   471                   1161.4477  3252042         
  15384  3588     1592.3178   314                   1161.4477  3255957         
  15582  3590     1188.3437   528                   1161.4477  3288672         
  15823  3727     1418.5100   617                   1161.4477  3338834         
  16626  4424     1281.3198   456                   1161.4477  3516473         
Elapsed time = 674.14 sec. (156027.97 ticks, tree = 198.84 MB, solutions = 0)
  17177  4549     1347.9316   391                   1161.4477  3536583         

Performing restart 2

Repeating presolve.
Tried aggregator 1 time.
MIP Presolve eliminated 2 rows and 3 columns.
MIP Presolve modified 64 coefficients.
Reduced MIP has 11848 rows, 19684 columns, and 68773 nonzeros.
Reduced MIP has 10017 binaries, 9667 generals, 0 SOSs, and 0 indicators.
Presolve time = 0.07 sec. (34.16 ticks)
Tried aggregator 1 time.
MIP Presolve eliminated 6 rows and 6 columns.
MIP Presolve modified 114 coefficients.
Reduced MIP has 11842 rows, 19678 columns, and 68761 nonzeros.
Reduced MIP has 10017 binaries, 9661 generals, 0 SOSs, and 0 indicators.
Presolve time = 0.10 sec. (44.49 ticks)
Represolve time = 1.81 sec. (525.74 ticks)
  17267     0     1122.3926   810                   Cuts: 114  3805655         
  17267     0     1124.2023   812                    Cuts: 84  3805982         
  17267     0     1124.7464   787                    Cuts: 71  3806311         
  17267     0     1126.4215   819                    Cuts: 77  3806644         
  17267     0     1127.0545   817                   Cuts: 111  3807013         
  17267     0     1127.3028   811                    Cuts: 79  3807233         
  17267     0     1127.4836   838                    Cuts: 78  3807447         
  17267     0     1127.7290   860                    Cuts: 67  3807677         
  17267     2     1127.7290   860                   1172.2807  3807677         
  17268     3     1130.0331   814                   1172.2807  3808981         
  17273     7     1145.6451   572                   1172.2807  3814322         
  17278    11     1156.7110   606                   1172.2807  3820799         
  17288    16     1170.7790   365                   1172.2807  3841901         
  17298    21     1206.6817   538                   1172.2807  3860820         
  17336    28    infeasible                         1172.2807  3989450         
  17373    25     1190.0022   636                   1172.2807  4221826         
  17440    49     1192.8663   500                   1172.2807  4254853         
Elapsed time = 925.53 sec. (246135.37 ticks, tree = 0.95 MB, solutions = 0)
  17552    72     1334.0199   564                   1172.2807  4316770         
  17683   139    infeasible                         1172.2807  4480122         
  17828   131    infeasible                         1172.2807  4503511         
  18049   189     1303.6511   595                   1172.2807  4678811         
  18288   246     1387.2893   541                   1172.2807  4712550         
  18537   436     1378.5624   518                   1172.2807  4935910         
  18796   562     1286.8138   485                   1172.2807  5097450         
  19046   561    infeasible                         1172.2807  5107863         
  19328   852     1533.6421   369                   1172.2807  5286727         
  19621   927     1429.4390   490                   1172.2807  5372347         
Elapsed time = 1189.86 sec. (284424.72 ticks, tree = 34.94 MB, solutions = 0)
  20026  1232     1409.2313   387                   1172.2807  5492657         
  20523  1434     1396.7479   546                   1179.8310  5619218         
  21083  1532     1245.3020   724                   1179.8310  5684451         
  21552  2258    infeasible                         1179.8310  5908920         
  22015  2457     1268.2152   693                   1179.8310  6033262         
  22433  2853     1712.8424   213                   1179.8310  6213091         
  22855  3176    infeasible                         1179.8310  6409057         
  23105  3384     1259.8221   753                   1180.6450  6477303         
  23576  3554     1339.3588   674                   1190.2187  6572415         
  24157  3734     1365.6227   666                   1190.2187  6678221         
Elapsed time = 1462.20 sec. (322641.07 ticks, tree = 210.21 MB, solutions = 0)
  24552  4337     1390.1645   725                   1193.6061  6870455         
  24967  4517     1560.1485   361                   1193.6061  6915931         
  25438  5106     1315.8515   738                   1205.5406  7230623         
  25976  5312     1480.5053   528                   1205.5406  7354002         
  26366  5318    infeasible                         1209.9868  7375744         
  26831  6204     1547.5786   502                   1221.3392  7763377         
  27277  6640     1409.9339   632                   1236.6351  7972010         
  27839  6968     1527.5158   531                   1236.6351  8119490         
  28321  6854    infeasible                         1267.5631  8085881         
  28628  7243    infeasible                         1267.5631  8223024         
Elapsed time = 1735.06 sec. (360862.25 ticks, tree = 476.37 MB, solutions = 0)
  29063  8022     1385.9759   655                   1271.8382  8559959         
  29697  8027     1460.0138   544                   1272.8240  8565905         
  30155  8149     1445.7272   542                   1272.8240  8629858         
  30657  8998     1696.9404   408                   1282.6117  8902836         
  31122  9151     1649.5914   462                   1284.2836  9005367         
  31474  9700     1493.2240   482                   1285.5152  9312390         
  31900  9983     1333.1766   504                   1285.5152  9505843         
  32366 10148     1440.5331   349                   1285.5152  9668533         
  32833 10525     1647.8036   528                   1289.0314  9832643         
  33222 10840     1367.3349   504                   1297.0268 10033737         
Elapsed time = 2012.34 sec. (399112.72 ticks, tree = 805.99 MB, solutions = 0)
  33560 10798     1520.6560   537                   1297.0268 10012420         
  33859 11231     1328.9695   631                   1299.2391 10293937         
  34276 11267    infeasible                         1299.2391 10320179         
  34701 11411     1314.4724   558                   1301.9648 10509948         
  35122 11308     1364.2546   614                   1302.6432 10424032         
  35565 11693     1305.3679   752                   1302.8899 10632744         
  36024 12126     1384.6166   645                   1305.3395 11036515         
  36514 12189     1383.1421   503                   1305.3395 11070704         
  36994 12240     1391.5910   688                   1305.3395 11144582         
  37303 12983     1379.4203   608                   1305.3395 11498249         
Elapsed time = 2289.04 sec. (437361.65 ticks, tree = 987.05 MB, solutions = 0)
  37533 13169     1408.8163   544                   1308.8790 11681882         
  37860 13060     1430.6840   530                   1308.8790 11582680         
  38268 13156     1408.2809   657                   1312.7401 11761350         
  38709 13182    infeasible                         1313.0055 11834480         
  39113 13528     1342.6158   535                   1315.6880 12226980         
  39430 13486     1441.6384   464                   1315.6880 12202725         
  39715 13783     1353.4341   668                   1316.9848 12474673         
  39999 13949     1592.0091   497                   1317.5205 12757819         
  40305 13921     1417.8206   533                   1320.3287 12732414         
  40673 14094     1528.0222   481                   1320.5182 12956787         
Elapsed time = 2570.95 sec. (475581.39 ticks, tree = 1080.01 MB, solutions = 0)
  41077 14191     1376.8303   534                   1321.0244 13085215         
  41450 14266     1443.4062   468                   1321.0244 13196235         
  41873 14471     1355.1610   690                   1323.4800 13333760         
  42299 14631     1402.1553   673                   1324.1235 13604065         
  42674 14696     1409.1366   609                   1324.3689 13633795         
  43088 15075     1534.2070   483                   1324.7016 13944361         
  43421 15081     1475.7609   555                   1324.7016 14102971         
  43707 15134     1523.4018   600                   1328.5653 14187997         
  43994 15152     1542.6580   493                   1328.5653 14140366         
  44270 15389     1507.7335   431                   1329.2755 14556088         
Elapsed time = 2846.92 sec. (513799.77 ticks, tree = 1160.88 MB, solutions = 0)
  44818 15486     1358.8991   490                   1329.2755 14651890         
  45259 15625     1647.3329   461                   1333.1606 14757954         
  45832 15792     1600.5822   481                   1334.5171 14889089         
  46289 16252     1501.5246   582                   1334.8118 15074300         
  46759 16265     1484.5983   597                   1334.8118 15099090         
  47261 16939     1378.6246   458                   1334.8118 15487066         
  47725 17110     1409.3716   534                   1340.2834 15662096         
  48242 17069     1411.7008   582                   1341.4022 15572464         
  48761 17481     1390.8707   587                   1343.2691 15886570         
  49218 17870     1621.4381   447                   1346.9262 16116716         
Elapsed time = 3119.87 sec. (552032.11 ticks, tree = 1373.42 MB, solutions = 0)
  49695 17869     1600.7939   409                   1347.3641 16107459         
  50069 18384     1929.9563   458                   1347.4873 16344634         
  50375 18930     1610.3878   435                   1347.4873 16630136         
  50740 19008     1425.6802   538                   1350.2670 16663686         
  51280 19058     1591.5965   518                   1350.4271 16769751         
  51911 19141    infeasible                         1353.1414 16939141         
  52446 19762     1597.8432   471                   1354.2249 17223048         
  52969 19892     1486.3377   463                   1355.8688 17267881         
  53492 19886     1430.2080   544                   1356.0099 17287341         
  54027 20590     1390.4391   572                   1356.0105 17583848         
Elapsed time = 3390.28 sec. (590265.60 ticks, tree = 1605.59 MB, solutions = 0)
  54562 20661     1574.2321   390                   1356.5841 17618529         
  55082 21403     1392.4224   479                   1356.6724 18030776         
  55491 21370     1444.3516   570                   1356.6724 18023889         
  55862 21324     1378.7421   513                   1360.0124 17971707         
  56218 22033     1696.9651   577                   1360.6145 18387326         
  56542 22322     1383.6826   512                   1361.1062 18655659         
  56912 22334    infeasible                         1361.1062 18681612         
  57431 22562     1402.7818   592                   1361.1062 18846534         
  57956 22793     1415.7612   621                   1361.6376 18989240         
  58600 22817     1425.5004   518                   1362.2038 18994062         
Elapsed time = 3662.56 sec. (628482.87 ticks, tree = 1739.70 MB, solutions = 0)
  59152 23681     1388.5626   623                   1363.0628 19394270         
  59788 23380    infeasible                         1364.5380 19251384         
  60338 23985     1370.1513   638                   1364.7374 19564985         
  60874 24548     1375.3268   532                   1365.4750 19826104         
  61474 23974     1383.2339   481                   1366.4769 19561654         
  62063 25017     1372.9387   526                   1366.9995 20102789         
  62641 24844     1398.2330   497                   1367.5973 19985443         
  63236 25849     1568.9311   453                   1367.8036 20489529         
  63772 25810     1578.4507   505                   1367.8100 20480116         
  64293 26474    infeasible                         1368.5121 20829161         
Elapsed time = 3928.26 sec. (666764.57 ticks, tree = 2003.82 MB, solutions = 0)
  64736 26664    infeasible                         1368.6559 20916040         
  65170 27372     1910.3099   392                   1368.7413 21218813         
  65436 27042     1709.2014   505                   1368.8211 21110319         
  65759 27156     1525.9901   624                   1368.8211 21143798         
  66166 27169     1630.3946   602                   1369.0696 21146342         
  66720 27719     1393.6733   691                   1369.5545 21500546         
  67336 27829    infeasible                         1369.6102 21548560         
  68015 27987     1675.9645   412                   1369.8654 21696630         
  68672 28476     1418.0548   528                   1369.8654 22014946         
  69236 29039     1546.4690   414                   1369.8654 22176885         
Elapsed time = 4205.09 sec. (704975.98 ticks, tree = 2299.92 MB, solutions = 0)
Nodefile size = 248.52 MB (173.07 MB after compression)
  69984 29344     1930.9822   205                   1369.8654 22258561         
  70564 29402     1946.0273   283                   1369.8654 22259919         
  71176 29711    infeasible                         1370.7586 22565995         
  71746 30660     1446.0950   541                   1370.7586 22826591         
  72484 31052     1647.1556   379                   1371.9145 23116843         
  73063 31469     1386.2544   668                   1372.4981 23231859         
  73625 31438     2588.1217   169                   1372.4981 23131287         
  74099 31686     1668.5524   451                   1372.4981 23326544         
  74463 32345    infeasible                         1372.4981 23619542         
  74804 33103    infeasible                         1372.4981 23904434         
Elapsed time = 4480.33 sec. (743216.62 ticks, tree = 2584.86 MB, solutions = 0)
Nodefile size = 531.67 MB (367.13 MB after compression)
  75206 33274     1510.7768   559                   1372.4981 23997472         
  75700 33518     1394.3571   569                   1372.4981 24085932         
  76293 33606    infeasible                         1372.4981 24158280         
  76920 33663     1380.5321   421                   1372.4981 24311008         
  77552 34659     1385.4225   571                   1372.4981 24698822         
  78185 34220     1693.5755   398                   1372.4981 24498742         
  78692 34780     1485.0875   634                   1372.4981 24782480         
  79163 35181     1414.2122   417                   1376.0067 25025455         
  79602 35893     1410.6332   561                   1376.3177 25386172         
  80177 35828     1400.4627   535                   1376.5077 25317600         
Elapsed time = 4733.77 sec. (781405.87 ticks, tree = 2819.15 MB, solutions = 0)
Nodefile size = 762.76 MB (525.19 MB after compression)
  80859 35189    infeasible                         1376.6075 25043045         
  81508 36498     1423.5025   547                   1377.0101 25809565         
  82165 36444     2438.0582   331                   1377.3087 25736544         
  82866 37351     1597.9518   481                   1377.5200 26179447         
  83579 37642     1418.9554   542                   1377.6848 26297497         
  84254 37676     1435.1775   368                   1377.6848 26324429         
  84713 38187     2575.3748   192                   1377.6848 26356781         
  85218 38995     1925.9525   403                   1377.6848 26872206         
  85633 38440     1740.7620   419                   1377.6848 26558835         
  86010 38868     1466.6960   450                   1377.6848 26818842         
Elapsed time = 5010.25 sec. (819668.52 ticks, tree = 3074.38 MB, solutions = 0)
Nodefile size = 1021.92 MB (705.44 MB after compression)
  86485 39737     1459.1593   409                   1377.6848 27086624         
  86994 39967     1676.8976   331                   1377.6848 27255653         
  87577 39929     1430.0919   577                   1377.6848 27197086         
  88171 40048    infeasible                         1377.6848 27371805         
  88775 40497     1448.7397   487                   1377.6848 27573929         
  89404 40543     1408.8943   504                   1377.6848 27600802         
  89978 41678     1473.8398   520                   1377.6848 28043101         
  90566 41553     1394.2337   634                   1377.6848 28006440         
  91179 42174     1474.2229   444                   1377.6848 28318459         
  91877 42096     1446.3447   486                   1377.6848 28281756         
Elapsed time = 5273.13 sec. (857887.17 ticks, tree = 3430.09 MB, solutions = 0)
Nodefile size = 1377.19 MB (953.41 MB after compression)
  92464 42941     1388.3213   513                   1380.1467 28650245         
  93006 43528     1659.0059   437                   1380.1467 29043297         
  93558 43149     1418.7589   594                   1380.1467 28828527         
  94151 43790     1398.4879   590                   1380.8412 29200482         
  94717 43234     1414.7903   370                   1380.9980 28885819         
  95253 44815     1554.6340   565                   1381.2631 29779405         
  95908 44107     1428.4902   590                   1381.3480 29331649         
  96489 45004     1559.7277   543                   1381.5455 29870786         
  97108 45030     2750.1942   258                   1381.7112 29855681         
  97646 45826     1398.1936   641                   1382.0548 30247286         
Elapsed time = 5549.76 sec. (896129.21 ticks, tree = 3682.05 MB, solutions = 0)
Nodefile size = 1627.63 MB (1123.56 MB after compression)
  97971 46666    infeasible                         1382.1758 30570380         
  98293 45829     1397.5933   541                   1382.2542 30280211         
  98632 46739    infeasible                         1382.5493 30589227         
  99104 46954     1613.2416   469                   1382.8149 30753238         
  99582 46825     2761.9527   254                   1382.8756 30608137         
 100220 47204     2805.8345   249                   1382.8914 31070358         
 100871 47265     1564.3138   463                   1382.8914 31235415         
 101525 47016    infeasible                         1382.8914 31074999         
 102191 47301     2748.0548   318                   1382.8914 31204753         
 102981 48126     1414.8364   412                   1382.8914 31724355         
Elapsed time = 5804.59 sec. (934364.84 ticks, tree = 3848.07 MB, solutions = 0)
Nodefile size = 1794.43 MB (1237.20 MB after compression)
 103770 47624     2855.7815   187                   1382.8914 31209111         
 104569 49858    infeasible                         1382.8914 32270832         
 105346 49490     1404.3114   630                   1382.8914 32018290         
 106091 49543     1439.1444   628                   1382.8914 32073767         
 106831 50732     3167.1322    82                   1382.8914 32515362         
 107573 49578    infeasible                         1382.8914 32133452         
 108169 51662    infeasible                         1382.8914 32868952         
 108745 52004     2737.9718   275                   1383.5684 33017874         
 109291 51510     1607.9108   492                   1383.5684 32708466         
 109762 53427     1407.9654   649                   1383.5684 33441585         
Elapsed time = 6086.99 sec. (972586.28 ticks, tree = 4318.66 MB, solutions = 0)
Nodefile size = 2264.60 MB (1548.80 MB after compression)
 110252 52728    infeasible                         1383.5684 33278883         
 110788 53902     2822.9006   258                   1383.5684 33627599         
 111316 53842     1417.4327   488                   1384.6444 33851245         
 111871 53861    infeasible                         1384.6444 33728091         
 112445 53822     1431.4575   528                   1384.9824 33700100         
 112998 54219     1415.9002   575                   1385.5646 34069825         
 113589 54287    infeasible                         1385.6753 34101862         
 114086 54999     1426.6111   578                   1385.7442 34313583         
 114569 55242     1562.2027   469                   1385.8282 34417008         
 115073 55369     1803.8271   344                   1386.1268 34498259         
Elapsed time = 6347.47 sec. (1010825.27 ticks, tree = 4526.96 MB, solutions = 0)
Nodefile size = 2475.77 MB (1691.89 MB after compression)
 115611 55963     1402.1707   516                   1386.2147 34848437         
 116164 55745     1666.9268   418                   1386.3624 34706088         
 116738 55905     1724.6333   517                   1386.4233 34812703         
 117261 57130     1396.9681   524                   1386.5692 35546434         
 117754 57171     1550.0368   490                   1386.8373 35577345         
 118331 57571     1393.7439   564                   1386.8948 35788656         
 118844 57183     1458.6712   596                   1386.9561 35586774         
 119392 57656     1411.7034   596                   1387.1065 35824094         
 119836 57871     1431.7924   515                   1387.2496 35930694         
 120194 58665     2730.6648   315                   1387.4524 36539728         
Elapsed time = 6622.41 sec. (1049084.91 ticks, tree = 4707.23 MB, solutions = 0)
Nodefile size = 2651.93 MB (1812.16 MB after compression)
 120515 58610     1465.1620   589                   1387.5695 36513561         
 120865 58728     2760.2681   291                   1387.5751 36540737         
 121182 58822    infeasible                         1387.7018 36623792         
 121502 59234     1441.5076   534                   1387.7870 37036555         
 122066 59215     1535.5761   493                   1387.8282 36993431         
 122668 59138    infeasible                         1387.8282 36876199         
 123267 59523     1402.3201   535                   1387.8282 37237045         
 123831 60074     3036.7276   217                   1387.8282 37147307         
 124424 59856     1480.9747   544                   1387.8282 37585151         
 125011 59994     1542.8541   572                   1387.8282 37672698         
Elapsed time = 6876.28 sec. (1087302.58 ticks, tree = 4825.04 MB, solutions = 0)
Nodefile size = 2773.77 MB (1896.54 MB after compression)
 125651 61248     1485.4554   495                   1387.8282 38124903         
 126266 61167     1420.2934   495                   1387.8282 38074311         
 126854 59938     2309.7321   338                   1387.8282 37607377         
 127717 61942     1613.3597   480                   1387.8282 38598443         
 128435 61175     1413.0058   615                   1389.0047 38090994         
 129110 61964     1411.2352   608                   1389.0047 38609541         
 129728 61488     1648.7919   514                   1389.0047 38316495         
 130339 62588     1621.7796   432                   1389.0047 38715138         
 130995 62838     1531.4081   561                   1389.0047 38887571         
 131743 62880    infeasible                         1389.4577 38892903         
Elapsed time = 7158.00 sec. (1125504.11 ticks, tree = 4967.90 MB, solutions = 0)
Nodefile size = 2905.81 MB (1976.26 MB after compression)
 132448 64259     2664.1037   146                   1389.4577 39312110         
 133165 64935     2426.9838   197                   1389.4577 39656442         
 133922 64736     1543.4981   500                   1389.4577 39696764         
 134678 65042     1597.2353   562                   1389.4577 39866588         
 135210 65110    infeasible                         1390.1248 40037675         
 135675 66847     2543.6875   190                   1390.2116 40515936         
 136144 65377     1409.2305   456                   1390.2116 40210907         
 136534 67213     1405.1899   514                   1390.2116 40756981         
 136874 67025    infeasible                         1390.2116 40651256         
 137225 67540     1405.8534   475                   1390.2116 40995460         
Elapsed time = 7420.57 sec. (1163745.42 ticks, tree = 5528.51 MB, solutions = 0)
Nodefile size = 3474.46 MB (2370.48 MB after compression)
 137613 67679     1412.7288   409                   1390.2116 41261635         
 138162 68129     1489.8154   406                   1390.2116 41443486         
 138725 68099     1427.0288   496                   1390.2116 41433295         
 139338 68103    infeasible                         1390.2116 41532333         
 139858 68711     2425.2618   238                   1390.7990 41371813         
 140539 68182    infeasible                         1391.3635 41774788         
 141179 68206     1426.3523   592                   1391.3635 41904776         
 141844 68231     1573.7417   456                   1391.3635 41845254         
 142508 69597     1626.1888   501                   1391.3635 42204316         
 143144 69691     1494.1603   505                   1391.3635 42299023         
Elapsed time = 7680.45 sec. (1201967.09 ticks, tree = 5601.42 MB, solutions = 0)
Nodefile size = 3551.52 MB (2421.29 MB after compression)
 143772 70059    infeasible                         1391.3635 42478039         
 144380 71513     2848.4503   110                   1391.3635 42938156         
 144992 70514    infeasible                         1391.3635 42727543         
 145565 71970     2183.5664   297                   1391.8946 43274128         
 146244 70560     1459.1687   520                   1391.8946 42796571         
 146999 70883     1955.5430   258                   1391.8946 42947355         
 147799 71669     1741.1455   346                   1391.8946 43112997         
 148443 72581     1452.7340   507                   1392.6735 43740771         
 149024 73594    infeasible                         1392.7134 44135175         
 149600 73081     2143.3992   189                   1392.7904 43832057         
Elapsed time = 7965.64 sec. (1240152.59 ticks, tree = 5972.13 MB, solutions = 0)
Nodefile size = 3893.39 MB (2650.44 MB after compression)
 150176 73672     1447.2250   531                   1392.7904 44172101         
 150714 73593     1423.1036   522                   1392.7904 44148937         
 151173 73714     1403.2124   638                   1392.7904 44212694         
 151628 75132     1397.2599   651                   1392.7904 44642782         
 152073 75935     1469.5269   471                   1392.7904 44801987         
 152640 76604     2737.1664    53                   1392.7904 45054446         
 153176 75969     1652.0192   521                   1393.1514 44895696         
 153688 76432     2519.9131    56                   1393.1514 44783257         
 154252 77414     2674.9785    60                   1393.1514 45424223         
*154815 77591      integral     0     3216.1825     1393.1514 45426680   56.68%
Elapsed time = 8206.60 sec. (1277080.76 ticks, tree = 6352.87 MB, solutions = 1)
Nodefile size = 4267.63 MB (2906.28 MB after compression)
 155340 76730     1493.4425   526     3216.1825     1393.1514 45424611   56.68%
 155881 77506    infeasible           3216.1825     1393.1514 45560745   56.68%
 156467 77318     1495.0547   489     3216.1825     1393.1514 45790973   56.68%
 157002 76935     1619.6140   543     3216.1825     1393.1514 45663237   56.68%
*157577+77883                         2985.6339     1393.1514            53.34%
*157583+77883                         2859.2264     1393.1514            51.28%
 157632 76990     1436.4622   534     2859.2264     1393.1514 45643403   51.28%
 158100 75561     1438.9088   519     2859.2264     1393.1514 46446943   51.28%
*158161+77950                         2838.3746     1393.1514            50.92%
*158429+75547                         2821.2670     1394.5155            50.57%
 158638 78060    infeasible           2821.2670     1394.5237 46291767   50.57%
*158948+75429                         2752.3418     1394.5932            49.33%
 159105 75044    infeasible           2752.3418     1394.6202 46759505   49.33%
 159659 77597     1462.5903   544     2752.3418     1394.6338 46038902   49.33%
 160197 75575     1436.3960   518     2752.3418     1394.6994 46468124   49.33%
Elapsed time = 8469.84 sec. (1315277.64 ticks, tree = 6085.39 MB, solutions = 12)
Nodefile size = 4026.45 MB (2752.74 MB after compression)
*160345+73699                         2718.7994     1394.7103            48.70%
 160916 73382     1416.2818   549     2718.7994     1394.8087 46852514   48.70%
 161480 75085     1590.8017   417     2718.7994     1395.0143 46747421   48.69%
*162047+73506                         2718.7994     1395.1652            48.68%
 162052 73254     1453.8010   596     2718.7994     1395.1652 47315458   48.68%
*162377+73592                         2717.5786     1395.2099            48.66%
 162562 73300     1403.4376   623     2717.5786     1395.2305 47342600   48.66%
*162840+73262                         2679.0472     1395.2396            47.92%
 163142 73991     1699.4236   411     2679.0472     1395.2842 47906615   47.92%
 163759 73908     1425.1688   563     2679.0472     1395.3167 47878346   47.92%
 164258 73317     1594.5625   515     2679.0472     1395.3672 47359128   47.92%
 164772 74006     1417.5761   537     2679.0472     1395.5587 47923654   47.91%
 165314 74146     1402.9416   587     2679.0472     1395.6450 48260456   47.91%
 165709 73719     1399.3833   644     2679.0472     1395.7371 48020493   47.90%
Elapsed time = 8739.62 sec. (1353481.33 ticks, tree = 6029.57 MB, solutions = 18)
Nodefile size = 3973.36 MB (2736.15 MB after compression)
 166088 74776     1411.4412   524     2679.0472     1395.8393 48671321   47.90%
*166277+75118                         2617.8221     1395.9133            46.68%
 166421 74265     1486.0149   518     2617.8221     1395.9228 48309486   46.68%
 166750 74938     1557.5992   483     2617.8221     1395.9958 48856917   46.67%
 167023 75042    infeasible           2617.8221     1396.1329 49502441   46.67%
 167298 75050     1570.6548   461     2617.8221     1396.2372 49581636   46.66%
 167602 75045     1532.3766   519     2617.8221     1396.4136 49706471   46.66%
 167919 75074     1504.4687   524     2617.8221     1396.5811 49683505   46.65%
 168213 75117     1760.6028   405     2617.8221     1396.6147 49537577   46.65%
 168512 75031     1416.4077   572     2617.8221     1396.6918 49740159   46.65%
 168817 75080    infeasible           2617.8221     1396.7691 50041115   46.64%
Elapsed time = 8993.42 sec. (1391770.46 ticks, tree = 6023.16 MB, solutions = 19)
Nodefile size = 3996.01 MB (2755.29 MB after compression)
 169177 75106     1414.5556   568     2617.8221     1396.9608 50083276   46.64%
 169611 75411     1409.7028   554     2617.8221     1397.1334 50330238   46.63%
*170006+75382                         2606.2940     1397.2176            46.39%
*170006+75382                         2600.7815     1397.2176            46.28%
 170053 74952    infeasible           2600.7815     1397.2176 49887412   46.28%
 170530 75341     1438.2252   616     2600.7815     1397.3167 50275503   46.27%
 171104 75505     1617.1583   337     2600.7815     1397.4085 50500472   46.27%
 171570 75430    infeasible           2600.7815     1397.4085 50375771   46.27%
 172133 75108     1512.0535   538     2600.7815     1397.6969 50843425   46.26%
 172652 75514     1430.3063   487     2600.7815     1397.8353 50469786   46.25%
 173239 75380    infeasible           2600.7815     1398.0125 51007850   46.25%
 173715 76318    infeasible           2600.7815     1398.1486 51572681   46.24%
Elapsed time = 9262.65 sec. (1430000.67 ticks, tree = 6189.00 MB, solutions = 21)
Nodefile size = 4132.95 MB (2851.17 MB after compression)
 174211 75113     1425.9921   464     2600.7815     1398.2380 50847053   46.24%
 174766 75432     1523.5432   529     2600.7815     1398.3612 51057104   46.23%
 175275 76914     1586.6910   555     2600.7815     1398.4503 52011850   46.23%
 175897 76883     1579.6868   485     2600.7815     1398.6001 51980622   46.22%
 176454 76474     1673.6341   392     2600.7815     1398.6409 51780660   46.22%
 176914 76790     1577.7201   431     2600.7815     1398.7275 51960794   46.22%
 177462 76921     1440.6522   544     2600.7815     1398.8566 51996796   46.21%
 177983 77964     1437.8094   481     2600.7815     1398.9015 52725973   46.21%
 178488 77813     1433.2573   615     2600.7815     1398.9556 52583163   46.21%
 178972 77177     1517.3798   442     2600.7815     1399.0344 52230586   46.21%
Elapsed time = 9528.34 sec. (1468220.19 ticks, tree = 6289.68 MB, solutions = 21)
Nodefile size = 4233.34 MB (2921.69 MB after compression)
 179356 78423    infeasible           2600.7815     1399.1741 53216404   46.20%
 179738 78854     1409.8797   542     2600.7815     1399.2841 53561353   46.20%
 180071 78049     1500.8540   544     2600.7815     1399.3784 52896197   46.19%
 180391 79115     1579.4381   500     2600.7815     1399.5137 53679020   46.19%
 180701 79207     1802.9808   494     2600.7815     1399.5695 53718798   46.19%
 181045 79582     1488.2780   394     2600.7815     1399.6128 53989628   46.18%
 181359 78638     1414.5509   687     2600.7815     1399.7242 53430451   46.18%
 181690 79941    infeasible           2600.7815     1399.8846 54553735   46.17%
 182024 79941     1441.5864   512     2600.7815     1399.8949 54403154   46.17%
 182408 79928     1584.1925   521     2600.7815     1400.1042 54307295   46.17%
Elapsed time = 9795.47 sec. (1506439.77 ticks, tree = 6335.79 MB, solutions = 21)
Nodefile size = 4289.39 MB (2961.07 MB after compression)
 182945 79833    infeasible           2600.7815     1400.2844 54274023   46.16%
 183486 79964     1410.2408   584     2600.7815     1400.3676 54645477   46.16%
*183892+80129                         2540.8006     1400.4205            44.88%
*183893+80129                         2539.4313     1400.4205            44.85%
 183977 79144    infeasible           2539.4313     1400.4305 55069882   44.85%
 184622 80097     1435.5662   538     2539.4313     1400.4761 54844479   44.85%
 185144 80032     1567.8601   505     2539.4313     1400.6068 54660878   44.85%
 185689 80449     1433.0352   579     2539.4313     1400.6569 54992130   44.84%
 186245 79566     1813.9507   380     2539.4313     1400.7898 55328848   44.84%
 186846 79144    infeasible           2539.4313     1400.8688 55097544   44.84%
 187388 79940    infeasible           2539.4313     1400.9595 55550015   44.83%
 187946 80474    infeasible           2539.4313     1401.0319 55888675   44.83%
Elapsed time = 10057.54 sec. (1544668.62 ticks, tree = 6439.00 MB, solutions = 23)
Nodefile size = 4381.13 MB (3026.49 MB after compression)
 188483 80422     1482.2872   413     2539.4313     1401.1181 55819725   44.83%
 189079 80399     1594.6243   387     2539.4313     1401.2512 55784735   44.82%
*189234+79767                         2466.4885     1401.2962            43.19%
*189240+79767                         2451.3553     1401.2962            42.84%
*189248+79767                         2414.4909     1401.2962            41.96%
*189277+79767                         2413.1679     1401.3388            41.93%
*189290+79767                         2411.9118     1401.3388            41.90%
 189552 80250     1411.5175   542     2411.9118     1401.3565 55682527   41.90%
*189950+80438                         2362.8380     1401.5198            40.68%
 190077 80886        cutoff           2362.8380     1401.5198 56315307   40.68%
 190608 81061     1444.3204   656     2362.8380     1401.5398 56514275   40.68%
 191132 78639     1533.0412   531     2362.8380     1401.7226 56668099   40.68%
 191702 78360     1416.9831   534     2362.8380     1401.7820 57157036   40.67%
*191757+78278                         2360.7327     1401.7820            40.62%
 192250 78682     1441.5271   505     2360.7327     1401.8716 57378294   40.62%
 192818 78270     1469.9969   535     2360.7327     1401.9855 57014806   40.61%
 193286 78420    infeasible           2360.7327     1402.0759 57191118   40.61%
Elapsed time = 10316.11 sec. (1582855.41 ticks, tree = 6211.38 MB, solutions = 44)
Nodefile size = 4170.69 MB (2889.41 MB after compression)
 193777 78441    infeasible           2360.7327     1402.1870 57235333   40.60%
*193836+78602                         2336.5506     1402.1870            39.99%
*193839+78602                         2333.2356     1402.1870            39.90%
*193839+78602                         2331.0706     1402.1870            39.85%
 194319 78377    infeasible           2331.0706     1402.2347 57184010   39.85%
*194507+79457                         2324.4574     1402.2347            39.67%
*194512+79457                         2323.3745     1402.2347            39.65%
 194784 79254     1597.0444   390     2323.3745     1402.3381 57917505   39.64%
 195246 79178     1458.9044   576     2323.3745     1402.4250 57826323   39.64%
*195666+78895                         2305.2902     1402.5131            39.16%
*195669+78895                         2305.1863     1402.5131            39.16%
 195673 79217     1632.4583   523     2305.1863     1402.5131 57831437   39.16%
*195675+78895                         2304.5118     1402.5131            39.14%
*195677+78895                         2303.4289     1402.5131            39.11%
 196024 79382     1425.3125   599     2303.4289     1402.6697 58502850   39.11%
 196346 79483     1571.2149   417     2303.4289     1402.7707 58610997   39.10%
 196653 79964     1654.2118   442     2303.4289     1402.9232 59256073   39.09%
*196888+79286                         2303.0889     1403.0131            39.08%
*196888+79286                         2276.9926     1403.0131            38.38%
 196914 79501    infeasible           2276.9926     1403.0328 58955909   38.38%
*197097+79850                         2256.0711     1403.0780            37.81%
 197218 79937    infeasible           2256.0711     1403.1641 59324173   37.80%
Elapsed time = 10591.29 sec. (1621148.84 ticks, tree = 6228.47 MB, solutions = 60)
Nodefile size = 4172.68 MB (2891.72 MB after compression)
 197482 79616     1432.3106   605     2256.0711     1403.1930 59520557   37.80%
 197783 79971    infeasible           2256.0711     1403.2658 59408061   37.80%
 198082 79802     1452.5228   410     2256.0711     1403.4186 59430202   37.79%
 198401 79873     1418.2670   432     2256.0711     1403.4909 59241784   37.79%
 198741 79709    infeasible           2256.0711     1403.6242 59706174   37.78%
 199183 79702     1513.1408   359     2256.0711     1403.7628 59885985   37.78%
 199629 79766     1662.6513   423     2256.0711     1403.8500 59798704   37.77%
 200076 79646     1473.0103   526     2256.0711     1403.9529 60306151   37.77%
 200537 79644    infeasible           2256.0711     1404.0087 60053171   37.77%
 201010 79663     1476.2225   506     2256.0711     1404.1054 60596654   37.76%
Elapsed time = 10852.74 sec. (1659337.38 ticks, tree = 6244.24 MB, solutions = 60)
Nodefile size = 4186.08 MB (2901.99 MB after compression)
 201574 79652     1458.3156   524     2256.0711     1404.2119 60518382   37.76%
*201658+79691                         2252.5731     1404.2459            37.66%
*201670+79691                         2252.4162     1404.2459            37.66%
*201676+79691                         2250.7507     1404.2459            37.61%
 202148 79676     1516.7062   395     2250.7507     1404.2934 60607711   37.61%
 202613 79680    infeasible           2250.7507     1404.5338 60529635   37.60%
 203218 79883     1669.4056   482     2250.7507     1404.5357 60758071   37.60%
 203715 79884    infeasible           2250.7507     1404.7466 60700156   37.59%
 204190 80525     1447.0849   583     2250.7507     1404.7722 61434387   37.59%
*204571+80624                         2241.2846     1404.8790            37.32%
 204607 80678    infeasible           2241.2846     1404.9059 61615454   37.32%
 205017 80064     1427.6697   562     2241.2846     1405.0070 60981016   37.31%
 205461 80413     1439.8936   543     2241.2846     1405.0722 61296701   37.31%
 205796 80534     1564.8185   595     2241.2846     1405.2313 61381374   37.30%
Elapsed time = 11115.84 sec. (1697634.60 ticks, tree = 6237.91 MB, solutions = 66)
Nodefile size = 4200.54 MB (2912.39 MB after compression)
 206112 80680    infeasible           2241.2846     1405.3139 61671609   37.30%
 206408 80772     1414.7395   589     2241.2846     1405.4385 61707174   37.29%
 206707 80865     1481.6473   499     2241.2846     1405.4650 61784971   37.29%
 206995 81596     2001.5412   387     2241.2846     1405.5608 62365342   37.29%
 207294 81544    infeasible           2241.2846     1405.7013 62204255   37.28%
 207583 81907     1458.6081   558     2241.2846     1405.7685 63263451   37.28%
 207872 81912     1697.8865   439     2241.2846     1405.8815 63165729   37.27%
 208160 81944     1429.9500   607     2241.2846     1405.9963 63034926   37.27%
 208464 81978     1578.1959   554     2241.2846     1406.0803 63010555   37.26%
 208741 81965    infeasible           2241.2846     1406.1407 63382575   37.26%
Elapsed time = 11376.26 sec. (1735950.02 ticks, tree = 6223.48 MB, solutions = 66)
Nodefile size = 4198.01 MB (2910.80 MB after compression)
 209044 81963    infeasible           2241.2846     1406.1615 63305019   37.26%
 209395 82010     1437.2776   521     2241.2846     1406.3799 64004861   37.25%
 209790 82022     1413.5156   515     2241.2846     1406.4242 63414558   37.25%
 210202 81998    infeasible           2241.2846     1406.5890 63445929   37.24%
 210675 82011     1688.1920   458     2241.2846     1406.7732 63606690   37.23%
 211139 82098     1439.0989   621     2241.2846     1406.8280 64353000   37.23%
 211632 82053     1473.6418   558     2241.2846     1406.9350 63875088   37.23%
 212131 82063     1445.2810   572     2241.2846     1406.9586 63905706   37.23%
 212636 82406    infeasible           2241.2846     1407.0844 64787130   37.22%
 213160 82177     1470.8564   619     2241.2846     1407.1549 64573101   37.22%
Elapsed time = 11640.25 sec. (1774153.32 ticks, tree = 6281.22 MB, solutions = 66)
Nodefile size = 4225.16 MB (2929.56 MB after compression)
 213631 82787     1647.8399   487     2241.2846     1407.2666 65267579   37.21%
 214065 82206    infeasible           2241.2846     1407.4039 64623347   37.21%
 214512 82448     1440.7440   539     2241.2846     1407.4343 64847328   37.20%
 214948 82387     1444.4525   490     2241.2846     1407.4995 64775503   37.20%
 215350 82924     1433.6505   470     2241.2846     1407.5617 65532294   37.20%
 215773 82930    infeasible           2241.2846     1407.5893 65537756   37.20%
 216103 82779     1509.6146   549     2241.2846     1407.7695 65340710   37.19%
 216469 82795     1699.2202   398     2241.2846     1407.7695 65346125   37.19%
 216782 83619    infeasible           2241.2846     1407.9194 66670058   37.18%
 217037 83070    infeasible           2241.2846     1408.0367 65784047   37.18%
Elapsed time = 11913.92 sec. (1812398.52 ticks, tree = 6293.36 MB, solutions = 66)
Nodefile size = 4266.00 MB (2957.43 MB after compression)
 217309 83064     1457.5137   534     2241.2846     1408.0643 65788512   37.18%
 217603 83269     1827.4173   354     2241.2846     1408.2020 66107878   37.17%
 217898 83460    infeasible           2241.2846     1408.2164 66444704   37.17%
 218184 83445    infeasible           2241.2846     1408.3162 66364201   37.16%
 218461 83672    infeasible           2241.2846     1408.4022 67107979   37.16%
 218736 83823     1731.3170   430     2241.2846     1408.5197 66993878   37.16%
 219027 83739     1709.9751   560     2241.2846     1408.7135 67079295   37.15%
 219305 83540     1454.6764   578     2241.2846     1408.7629 67593035   37.14%
 219580 83639     1690.2808   465     2241.2846     1408.8527 67409408   37.14%
 219837 83698     1443.7625   615     2241.2846     1408.9010 67276923   37.14%
Elapsed time = 12165.43 sec. (1850666.54 ticks, tree = 6261.80 MB, solutions = 66)
Nodefile size = 4266.00 MB (2957.43 MB after compression)
*219959+83343                         2239.0425     1408.9010            37.08%
 220110 83364    infeasible           2239.0425     1408.9847 68086457   37.07%
 220378 83360    infeasible           2239.0425     1409.1322 68243371   37.07%
 220659 83302    infeasible           2239.0425     1409.1867 68123222   37.06%
 220956 83342    infeasible           2239.0425     1409.3309 68310232   37.06%
 221356 83390    infeasible           2239.0425     1409.4234 68045042   37.05%
 221708 83271     1493.2013   475     2239.0425     1409.4448 68481451   37.05%
 222131 83273     1530.9261   556     2239.0425     1409.5652 68515758   37.05%
 222517 83269     1449.7989   720     2239.0425     1409.5906 68655760   37.04%
 222943 83291     1519.6637   597     2239.0425     1409.7418 68550876   37.04%
*223048+83230                         2236.0650     1409.7882            36.95%
*223067+83186                         2198.4413     1409.7882            35.87%
*223187+83186                         2194.2558     1409.8017            35.75%
*223188+83186                         2192.7539     1409.8017            35.71%
*223191+83186                         2191.2595     1409.8017            35.66%
*223205+83186                         2162.5740     1409.8017            34.81%
*223212+83186                         2159.8449     1409.8017            34.73%
*223217+83186                         2159.1177     1409.8017            34.70%
 223436 82949     1625.9055   610     2159.1177     1409.8207 69093914   34.70%
Elapsed time = 12425.48 sec. (1889093.12 ticks, tree = 6243.98 MB, solutions = 75)
Nodefile size = 4264.78 MB (2956.67 MB after compression)
*223648+82387                         2157.2789     1409.8772            34.65%
 223944 83111     1449.9215   406     2157.2789     1409.9937 68907780   34.64%
 224333 83207    infeasible           2157.2789     1409.9937 68779480   34.64%
 224743 82576        cutoff           2157.2789     1410.1668 69694840   34.63%
 225120 82370     1437.0825   503     2157.2789     1410.3370 69489967   34.62%
 225460 82759    infeasible           2157.2789     1410.3370 69857420   34.62%
 225823 82670     1835.1294   231     2157.2789     1410.4580 69745540   34.62%
*225828+82344                         2157.2789     1410.4580            34.62%
 226145 83110     1476.3059   446     2157.2789     1410.6384 70385195   34.61%
 226444 82546        cutoff           2157.2789     1410.7438 69715345   34.61%
 226717 83131    infeasible           2157.2789     1410.9311 70433861   34.60%
 227032 83293     1502.6874   385     2157.2789     1411.0087 70785566   34.59%
Elapsed time = 12698.28 sec. (1927408.15 ticks, tree = 6120.47 MB, solutions = 81)
Nodefile size = 4199.46 MB (2911.60 MB after compression)
 227275 82981     1432.1176   588     2157.2789     1411.0522 70196570   34.59%
*227356+83077                         2136.8180     1411.0592            33.96%
 227567 83313        cutoff           2136.8180     1411.1353 70600905   33.96%
 227834 83309        cutoff           2136.8180     1411.1353 70855877   33.96%
 228111 83121    infeasible           2136.8180     1411.2812 71181495   33.95%
 228402 83079    infeasible           2136.8180     1411.4002 71229703   33.95%
 228673 82858    infeasible           2136.8180     1411.4331 71595191   33.95%
 228979 82894        cutoff           2136.8180     1411.7510 71508505   33.93%
 229254 83070    infeasible           2136.8180     1411.8607 71289935   33.93%
 229545 82790    infeasible           2136.8180     1411.8607 71983148   33.93%
 229824 83002     1718.9475   379     2136.8180     1411.9715 71460922   33.92%
Elapsed time = 12965.45 sec. (1965695.12 ticks, tree = 6084.18 MB, solutions = 83)
Nodefile size = 4191.36 MB (2906.16 MB after compression)
 230123 82783     1419.9937   444     2136.8180     1412.0298 71856685   33.92%
 230399 82589    infeasible           2136.8180     1412.2685 72155965   33.91%
 230722 82562     1691.1498   370     2136.8180     1412.3967 72471085   33.90%
 231024 82626    infeasible           2136.8180     1412.4896 72332901   33.90%
*231354+82277                         2128.8696     1412.6314            33.64%
 231411 82623     1488.0721   542     2128.8696     1412.6480 72338284   33.64%
 231841 82216     1426.3202   706     2128.8696     1412.7042 72852533   33.64%
 232274 82144    infeasible           2128.8696     1412.8039 72965567   33.64%
 232735 82575    infeasible           2128.8696     1412.8039 72260309   33.64%
 233191 82590     1435.5781   513     2128.8696     1412.8928 72448545   33.63%
 233623 82170     1451.8252   386     2128.8696     1413.0084 73037317   33.63%
Elapsed time = 13219.36 sec. (2003955.01 ticks, tree = 6047.59 MB, solutions = 84)
Nodefile size = 4187.77 MB (2903.75 MB after compression)
 234104 82379     1446.0210   440     2128.8696     1413.1521 72712946   33.62%
 234517 82154     1459.6825   644     2128.8696     1413.2195 73069189   33.62%
 234962 82196     1612.6450   497     2128.8696     1413.4708 73073906   33.60%
 235372 82178     1458.1355   607     2128.8696     1413.5141 73059901   33.60%
 235690 82010     1496.8442   527     2128.8696     1413.6174 73202088   33.60%
 236121 81988    infeasible           2128.8696     1413.6174 73328566   33.60%
*236300+82068                         2119.2115     1413.6441            33.29%
 236464 82099    infeasible           2119.2115     1413.7702 73678010   33.29%
 236789 82276     1698.3105   511     2119.2115     1413.9053 74460228   33.28%
 237070 82162     1486.4817   392     2119.2115     1413.9930 74351457   33.28%
 237350 82221    infeasible           2119.2115     1414.1401 75004536   33.27%
Elapsed time = 13490.53 sec. (2042246.89 ticks, tree = 5946.46 MB, solutions = 85)
Nodefile size = 4180.58 MB (2898.94 MB after compression)
 237624 82142     1421.8403   528     2119.2115     1414.2749 75228542   33.26%
 237929 82253     1829.7370   384     2119.2115     1414.2860 74398657   33.26%
 238215 82191     1561.8717   427     2119.2115     1414.3634 75114796   33.26%
 238521 82222     1444.6519   649     2119.2115     1414.3634 75017154   33.26%
 238805 82024     2005.6133   430     2119.2115     1414.5041 75436257   33.25%
 239075 81926    infeasible           2119.2115     1414.7395 75707486   33.24%
 239362 81802    infeasible           2119.2115     1414.7583 75938891   33.24%
 239621 81692    infeasible           2119.2115     1414.9481 76193551   33.23%
 239911 81797     1488.8515   557     2119.2115     1415.1124 75945241   33.22%
 240205 81986     1487.1122   493     2119.2115     1415.1336 75556530   33.22%
Elapsed time = 13753.53 sec. (2080584.32 ticks, tree = 5926.07 MB, solutions = 85)
Nodefile size = 4180.58 MB (2898.94 MB after compression)
 240507 81959    infeasible           2119.2115     1415.2324 75834995   33.22%
 240860 81689    infeasible           2119.2115     1415.2467 76339620   33.22%
 241199 81707     1421.1181   573     2119.2115     1415.4017 76073321   33.21%
 241621 81362     1443.5674   688     2119.2115     1415.6221 76848754   33.20%
 242012 81495     1442.2537   641     2119.2115     1415.7067 76765922   33.20%
 242462 81334     1452.7506   408     2119.2115     1415.8875 76912896   33.19%
 242861 81666     1440.3423   345     2119.2115     1416.0740 76445755   33.18%
 243291 81291    infeasible           2119.2115     1416.0939 77091436   33.18%
 243740 81580     1507.4665   376     2119.2115     1416.1975 76594820   33.17%
 244216 81309    infeasible           2119.2115     1416.2563 76967030   33.17%
Elapsed time = 14020.87 sec. (2118893.97 ticks, tree = 5915.62 MB, solutions = 85)
Nodefile size = 4180.58 MB (2898.94 MB after compression)
 244764 81339    infeasible           2119.2115     1416.4282 76916227   33.16%
 245289 81671     1633.6834   577     2119.2115     1416.6557 78029853   33.15%
 245757 81471    infeasible           2119.2115     1416.7543 77903584   33.15%
 246225 81243     1438.0542   545     2119.2115     1416.9278 77232240   33.14%
 246664 81832     1663.2366   393     2119.2115     1417.0596 78691896   33.13%
 247050 81290     1475.1407   410     2119.2115     1417.0857 77694249   33.13%
 247418 81363     1537.2229   404     2119.2115     1417.1831 77616190   33.13%
 247784 81788    infeasible           2119.2115     1417.2409 78112828   33.12%
 248139 81787    infeasible           2119.2115     1417.4689 79053550   33.11%
 248436 81900    infeasible           2119.2115     1417.6258 79492782   33.11%
Elapsed time = 14269.28 sec. (2157098.89 ticks, tree = 5855.88 MB, solutions = 85)
Nodefile size = 4180.58 MB (2898.94 MB after compression)
 248705 81816    infeasible           2119.2115     1417.7102 78756025   33.10%
 248995 81734    infeasible           2119.2115     1417.8403 78675549   33.10%
 249283 81739     1447.1701   560     2119.2115     1417.9863 79286614   33.09%
 249573 81799    infeasible           2119.2115     1418.0929 79466626   33.08%
 249853 81720     1430.4465   511     2119.2115     1418.1521 78986503   33.08%
 250175 81802     1768.4484   403     2119.2115     1418.1610 79077771   33.08%
 250492 81874     1444.3405   534     2119.2115     1418.3868 79520505   33.07%
 250791 81985     1611.5159   494     2119.2115     1418.5386 79642242   33.06%
 251112 81945    infeasible           2119.2115     1418.6456 79714294   33.06%
 251409 81736    infeasible           2119.2115     1418.8786 80059389   33.05%
Elapsed time = 14532.48 sec. (2195329.15 ticks, tree = 5827.30 MB, solutions = 85)
Nodefile size = 4180.58 MB (2898.94 MB after compression)
 251694 81329    infeasible           2119.2115     1419.0169 80755585   33.04%
 251993 81369     1579.0648   635     2119.2115     1419.1076 80645022   33.04%
 252290 81370    infeasible           2119.2115     1419.1504 80518529   33.03%
 252577 81263    infeasible           2119.2115     1419.1773 80855771   33.03%
 252923 81338    infeasible           2119.2115     1419.3659 80686607   33.02%
 253302 81044     1483.8269   557     2119.2115     1419.5062 81329133   33.02%
 253730 81051     1640.0398   551     2119.2115     1419.6048 81492197   33.01%
*253827+81111                         2107.7770     1419.6823            32.65%
 254132 81158     1539.3535   567     2107.7770     1419.8095 81088109   32.64%
*254288+81195                         2105.3629     1419.8817            32.56%
 254552 81019     1495.4493   460     2105.3629     1419.9252 81479954   32.56%
 255077 80773     1607.1699   578     2105.3629     1420.0037 81833184   32.55%
Elapsed time = 14802.50 sec. (2233669.90 ticks, tree = 5801.76 MB, solutions = 87)
Nodefile size = 4175.20 MB (2895.34 MB after compression)
 255507 80901    infeasible           2105.3629     1420.0769 81700080   32.55%
*255870+80784                         2103.9370     1420.1261            32.50%
 256041 80705     1429.1784   526     2103.9370     1420.1261 81928396   32.50%
 256598 80759     1507.9561   406     2103.9370     1420.3954 81850568   32.49%
 257084 80801    infeasible           2103.9370     1420.5156 81907408   32.48%
 257588 80966     1486.1495   472     2103.9370     1420.6253 82459321   32.48%
 258013 81026     1509.8342   566     2103.9370     1420.8011 82591765   32.47%
 258476 81162    infeasible           2103.9370     1421.0212 82727905   32.46%
 258945 80843     1486.2033   568     2103.9370     1421.0568 82098234   32.46%
 259449 81027     1434.9928   519     2103.9370     1421.1141 82609285   32.45%
 259948 81636     1738.9493   403     2103.9370     1421.2243 83436927   32.45%
Elapsed time = 15069.96 sec. (2271926.81 ticks, tree = 5762.48 MB, solutions = 88)
Nodefile size = 4175.20 MB (2895.34 MB after compression)
 260335 81008    infeasible           2103.9370     1421.4044 82575759   32.44%
*260340+81312                         2096.2312     1421.4044            32.19%
*260649+81320                         2094.2514     1421.5473            32.12%
 260699 81750    infeasible           2094.2514     1421.5473 83486926   32.12%
 261026 81822    infeasible           2094.2514     1421.6408 83907055   32.12%
 261341 81774     1529.0596   530     2094.2514     1421.8398 83583202   32.11%
 261634 81503     1453.2046   552     2094.2514     1421.9802 83282812   32.10%
 261928 81886     1492.5358   494     2094.2514     1421.9979 84126565   32.10%
 262228 81991     1426.9082   682     2094.2514     1422.1088 84348013   32.09%
 262522 81712    infeasible           2094.2514     1422.1723 83510303   32.09%
 262816 81957    infeasible           2094.2514     1422.3603 84221233   32.08%
 263120 81918    infeasible           2094.2514     1422.5643 84672082   32.07%
Elapsed time = 15319.56 sec. (2310285.76 ticks, tree = 5712.76 MB, solutions = 92)
Nodefile size = 4173.40 MB (2894.14 MB after compression)
 263438 81825    infeasible           2094.2514     1422.6503 84797101   32.07%
 263762 81733     1450.5221   553     2094.2514     1422.8087 84888185   32.06%
 264085 81587     1490.0907   485     2094.2514     1422.8983 85206127   32.06%
 264403 81842    infeasible           2094.2514     1422.9298 84745247   32.06%
 264770 81681     1501.2950   554     2094.2514     1423.0278 85315258   32.05%
 265154 81610     1496.3161   402     2094.2514     1423.1143 85508079   32.05%
*265283+81793                         2053.7969     1423.1143            30.71%
 265615 81620     1662.7918   453     2053.7969     1423.2493 85538970   30.70%
 266077 81610     1460.9005   551     2053.7969     1423.5229 85660650   30.69%
 266710 81530     1439.2632   476     2053.7969     1423.6459 86054850   30.68%
*267055+81839                         2038.5508     1423.7397            30.16%
 267246 81578     2072.2122   376     2038.5508     1423.7967 85610857   30.16%
Elapsed time = 15570.74 sec. (2348564.91 ticks, tree = 5723.82 MB, solutions = 95)
Nodefile size = 4173.40 MB (2894.14 MB after compression)
 267764 81720    infeasible           2038.5508     1423.8377 86213669   30.15%
 268269 81591     1459.5708   532     2038.5508     1423.8377 86022382   30.15%
 268801 81641     1798.2622   473     2038.5508     1423.8377 85997543   30.15%
 269354 81856     1610.6209   582     2038.5508     1423.8377 86575210   30.15%
 269806 81647     1445.6999   536     2038.5508     1424.3013 86008727   30.13%
 270279 81922    infeasible           2038.5508     1424.3994 86809510   30.13%
 270813 82271     1612.3117   460     2038.5508     1424.4253 87361741   30.13%
 271284 82299     1431.8925   602     2038.5508     1424.4253 87496638   30.13%
 271813 81775     1441.3153   595     2038.5508     1424.8132 86476361   30.11%
 272275 82345    infeasible           2038.5508     1424.9540 87688742   30.10%
Elapsed time = 15847.37 sec. (2386797.25 ticks, tree = 5728.81 MB, solutions = 97)
Nodefile size = 4166.12 MB (2889.25 MB after compression)
 272769 82437     1439.5282   511     2038.5508     1425.0283 87913344   30.10%
 273286 82085     1482.3215   624     2038.5508     1425.0653 87166935   30.09%
 273780 82355     1480.0842   572     2038.5508     1425.2124 87569571   30.09%
 274193 82314    infeasible           2038.5508     1425.3035 87793271   30.08%
 274527 82639    infeasible           2038.5508     1425.5225 88513889   30.07%
 274858 82785     1470.9118   505     2038.5508     1425.6392 88651363   30.07%
 275191 82427    infeasible           2038.5508     1425.7736 87934455   30.06%
 275504 82575    infeasible           2038.5508     1425.9318 88252494   30.05%
 275805 82809     1519.8242   577     2038.5508     1425.9760 88759550   30.05%
 276148 82908        cutoff           2038.5508     1426.0231 88848615   30.05%
Elapsed time = 16116.27 sec. (2425103.69 ticks, tree = 5685.64 MB, solutions = 97)
Nodefile size = 4166.12 MB (2889.25 MB after compression)
 276450 82723        cutoff           2038.5508     1426.0685 88625485   30.04%
 276775 82969    infeasible           2038.5508     1426.2276 89215064   30.04%
 277097 82886        cutoff           2038.5508     1426.4373 89459586   30.03%
 277385 82868        cutoff           2038.5508     1426.4933 89519544   30.02%
 277677 82606    infeasible           2038.5508     1426.6317 89977801   30.02%
 277979 82618    infeasible           2038.5508     1426.7600 90152726   30.01%
 278268 82613     1457.7298   389     2038.5508     1426.8139 90041665   30.01%
 278610 82567    infeasible           2038.5508     1426.8733 90133391   30.01%
 278924 82613    infeasible           2038.5508     1426.9619 89990844   30.00%
 279325 82652     1476.5097   537     2038.5508     1427.1483 89824448   29.99%
Elapsed time = 16368.76 sec. (2463365.97 ticks, tree = 5681.55 MB, solutions = 97)
Nodefile size = 4166.12 MB (2889.25 MB after compression)
 279769 82604    infeasible           2038.5508     1427.3980 90179833   29.98%
 280226 82308     1720.4270   401     2038.5508     1427.4687 90631576   29.98%
*280258+82641                         2038.1850     1427.4687            29.96%
 280693 82617     1463.4065   607     2038.1850     1427.5502 90268121   29.96%
 281223 82302     1487.3297   564     2038.1850     1427.7567 90590927   29.95%
 281793 82414     1448.5103   563     2038.1850     1427.8738 90416161   29.94%
 282359 82406     1463.9952   503     2038.1850     1427.9706 90483173   29.94%
*282534+82442                         2036.9669     1427.9706            29.90%
 282834 82360    infeasible           2036.9669     1428.1200 90580957   29.89%
 283292 81959    infeasible           2036.9669     1428.1808 91491436   29.89%
 283812 81955     1440.6604   559     2036.9669     1428.4157 91496775   29.88%
 284316 81943     1520.3889   594     2036.9669     1428.6255 91595732   29.87%
Elapsed time = 16613.88 sec. (2501655.98 ticks, tree = 5630.54 MB, solutions = 99)
Nodefile size = 4070.56 MB (2823.04 MB after compression)
*284329+81946                         2035.7413     1428.6255            29.82%
 284847 82002    infeasible           2035.7413     1428.7422 91427090   29.82%
 285311 81959     1465.6047   563     2035.7413     1428.9622 91561175   29.81%
*285601+82004                         2030.2881     1429.1228            29.61%
*285635+82004                         2028.8622     1429.1228            29.56%
 285696 82018     1599.9951   385     2028.8622     1429.1228 91278660   29.56%
 286133 81943     1490.1630   501     2028.8622     1429.1693 91618460   29.56%
 286521 82594    infeasible           2028.8622     1429.3530 92792168   29.55%
 286891 82529    infeasible           2028.8622     1429.3855 92666050   29.55%
 287251 82506     1761.4414   442     2028.8622     1429.6083 92500254   29.54%
 287591 82820     1476.6884   537     2028.8622     1429.7978 93067941   29.53%
 287896 82606    infeasible           2028.8622     1429.9447 92550959   29.52%
 288180 82624    infeasible           2028.8622     1430.0438 92855919   29.51%
Elapsed time = 16881.79 sec. (2539925.36 ticks, tree = 5555.19 MB, solutions = 103)
Nodefile size = 4016.31 MB (2785.24 MB after compression)
 288472 82569    infeasible           2028.8622     1430.1748 92775584   29.51%
 288770 82774     1470.3815   548     2028.8622     1430.2692 92942522   29.50%
 289069 82686     1437.4127   672     2028.8622     1430.3570 93947815   29.50%
 289406 82663    infeasible           2028.8622     1430.4055 94003757   29.50%
 289712 82829     1461.2108   605     2028.8622     1430.5752 93737020   29.49%
 289997 82939    infeasible           2028.8622     1430.8433 93675007   29.48%
 290306 82821    infeasible           2028.8622     1431.0399 93713655   29.47%
 290618 82734    infeasible           2028.8622     1431.1752 93872122   29.46%
 290930 82651    infeasible           2028.8622     1431.2559 94048777   29.46%
 291270 81995     1513.6443   569     2028.8622     1431.2857 94787948   29.45%
Elapsed time = 17139.86 sec. (2578282.93 ticks, tree = 5421.49 MB, solutions = 103)
Nodefile size = 3904.17 MB (2707.47 MB after compression)
 291655 82464     1458.0029   508     2028.8622     1431.4241 94372486   29.45%
 292068 82040     1578.1803   584     2028.8622     1431.5231 94826289   29.44%
 292471 81864     1453.5179   392     2028.8622     1431.6107 94988969   29.44%
 292904 81906     1496.3158   528     2028.8622     1431.9962 95049800   29.42%
 293340 82019     1469.4169   427     2028.8622     1432.1297 94784052   29.41%
 293800 81676     1473.6638   521     2028.8622     1432.3397 95236159   29.40%
 294382 81657     1446.6162   589     2028.8622     1432.5234 95332414   29.39%
 294893 81317     1460.8007   580     2028.8622     1432.6087 95669660   29.39%
 295458 81920    infeasible           2028.8622     1432.7741 95000048   29.38%
 296030 81365     1853.9364   376     2028.8622     1432.8336 95679392   29.38%
Elapsed time = 17397.36 sec. (2616505.82 ticks, tree = 5373.70 MB, solutions = 103)
Nodefile size = 3841.20 MB (2663.83 MB after compression)
 296542 81925     1507.0653   687     2028.8622     1432.8741 95089775   29.38%
 297074 81387     1609.2702   503     2028.8622     1433.1083 95616682   29.36%
 297585 81353        cutoff           2028.8622     1433.3997 95733980   29.35%
 298004 81838     1474.0289   531     2028.8622     1433.6004 96459689   29.34%
 298417 81617    infeasible           2028.8622     1433.7190 96148430   29.33%
 298799 82235     1622.7055   482     2028.8622     1433.8264 96877775   29.33%
 299164 81603    infeasible           2028.8622     1433.8264 96159854   29.33%
 299499 82563    infeasible           2028.8622     1434.0044 97382403   29.32%
 299870 81731     1486.0627   437     2028.8622     1434.1140 96347138   29.31%
 300181 82709     1454.8669   537     2028.8622     1434.1460 97564137   29.31%
Elapsed time = 17649.53 sec. (2654791.10 ticks, tree = 5352.37 MB, solutions = 103)
Nodefile size = 3782.45 MB (2623.05 MB after compression)
 300494 82612    infeasible           2028.8622     1434.5189 97436258   29.29%
 300810 82196     1472.9275   446     2028.8622     1434.7478 96997148   29.28%
 301139 82529    infeasible           2028.8622     1434.8739 98001784   29.28%
 301458 82585    infeasible           2028.8622     1434.9952 97446120   29.27%
 301727 82745    infeasible           2028.8622     1435.1115 97624006   29.27%
 302052 82183     1460.4332   523     2028.8622     1435.2646 98418683   29.26%
 302369 81956    infeasible           2028.8622     1435.3665 98622511   29.25%
 302704 82127     1488.5250   406     2028.8622     1435.3665 98449579   29.25%
 303042 81914     1567.8944   501     2028.8622     1435.5762 98755107   29.24%
 303369 81896    infeasible           2028.8622     1435.9001 98815845   29.23%
Elapsed time = 17897.86 sec. (2693075.91 ticks, tree = 5293.29 MB, solutions = 103)
Nodefile size = 3712.78 MB (2574.67 MB after compression)
 303721 81872     1471.7718   614     2028.8622     1436.1478 98902911   29.21%
 304022 81956     1533.8756   522     2028.8622     1436.2623 98636358   29.21%
 304363 81800     1441.8979   607     2028.8622     1436.4278 99311315   29.20%
 304727 81750    infeasible           2028.8622     1436.4723 99081259   29.20%
 305117 81978     1452.1775   522     2028.8622     1436.6284 98645376   29.19%
 305514 81849     1716.7866   390     2028.8622     1436.7791 99273171   29.18%
 305894 81758    infeasible           2028.8622     1436.9906 99064191   29.17%
 306335 81870    infeasible           2028.8622     1437.3666 99312381   29.15%
 306826 81584    infeasible           2028.8622     1437.5474 99825161   29.15%
 307280 81596    infeasible           2028.8622     1437.8239 99739163   29.13%
Elapsed time = 18152.81 sec. (2731340.61 ticks, tree = 5313.53 MB, solutions = 103)
Nodefile size = 3653.59 MB (2533.58 MB after compression)
 307739 81688     1468.5792   503     2028.8622     1437.9916 99609917   29.12%
 308222 81242    infeasible           2028.8622     1438.0378 1.00e+08   29.12%
 308726 81369     1519.3468   557     2028.8622     1438.2198 99963240   29.11%
 309203 81451     1485.4499   463     2028.8622     1438.3358 1.00e+08   29.11%
 309668 81379     1468.1494   585     2028.8622     1438.3879 99973797   29.10%
 310129 81280     1674.6376   388     2028.8622     1438.7434 1.00e+08   29.09%
 310632 81576     1481.1818   433     2028.8622     1439.1042 1.01e+08   29.07%
 311012 81654     1484.0976   500     2028.8622     1439.1898 1.01e+08   29.06%
 311410 81837     1461.2259   557     2028.8622     1439.4058 1.02e+08   29.05%
Starting limited solution polishing.
 311802 81632     1472.0757   611     2028.8622     1439.5555 1.01e+08   29.05%
Elapsed time = 18420.25 sec. (2769549.92 ticks, tree = 5307.79 MB, solutions = 103)
Nodefile size = 3605.41 MB (2500.14 MB after compression)
 312203 81572     1481.5669   566     2028.8622     1439.6161 1.01e+08   29.04%
 312587 81664     1505.0366   615     2028.8622     1439.7551 1.01e+08   29.04%
 312947 81970     1528.6644   540     2028.8622     1439.8732 1.02e+08   29.03%
 313322 81626     1669.2177   344     2028.8622     1440.0187 1.01e+08   29.02%
 313628 81712     1478.8689   592     2028.8622     1440.4527 1.01e+08   29.00%
 313945 81881    infeasible           2028.8622     1440.6917 1.02e+08   28.99%
 314267 81668    infeasible           2028.8622     1440.9180 1.03e+08   28.98%
 314582 81897     1466.5993   577     2028.8622     1440.9180 1.02e+08   28.98%
 314906 81886    infeasible           2028.8622     1441.0426 1.02e+08   28.97%
 315217 81890     1481.7937   615     2028.8622     1441.1477 1.02e+08   28.97%
Elapsed time = 18662.93 sec. (2807818.62 ticks, tree = 5253.39 MB, solutions = 103)
Nodefile size = 3562.64 MB (2470.46 MB after compression)
 315569 81528     1670.2776   513     2028.8622     1441.2891 1.03e+08   28.96%
 315875 81499    infeasible           2028.8622     1441.3537 1.03e+08   28.96%
 316183 81967     1486.8041   643     2028.8622     1441.5477 1.03e+08   28.95%
 316499 81537     1472.5280   506     2028.8622     1441.9285 1.03e+08   28.93%
 316806 81403     1471.8352   565     2028.8622     1442.2033 1.04e+08   28.92%
 317120 81509     1518.2364   527     2028.8622     1442.3207 1.03e+08   28.91%
 317447 81187    infeasible           2028.8622     1442.4976 1.04e+08   28.90%
 317778 81101    infeasible           2028.8622     1442.4976 1.04e+08   28.90%
 318149 81508     1593.7861   457     2028.8622     1442.6976 1.03e+08   28.89%
*318458+81036                         2026.2608     1442.8959            28.79%
 318502 80931     1454.7985   460     2026.2608     1442.8959 1.04e+08   28.79%
Elapsed time = 18910.96 sec. (2846084.59 ticks, tree = 5223.39 MB, solutions = 104)
Nodefile size = 3460.73 MB (2399.88 MB after compression)
 318875 80867     1568.7730   496     2026.2608     1443.1224 1.04e+08   28.78%
 319226 80736     1929.6255   360     2026.2608     1443.4599 1.04e+08   28.76%
 319615 80705     1539.7550   381     2026.2608     1443.7166 1.05e+08   28.75%
 320052 80984     1667.8768   484     2026.2608     1443.8993 1.04e+08   28.74%
 320496 80928    infeasible           2026.2608     1443.9866 1.04e+08   28.74%
 320989 80798     1571.7295   627     2026.2608     1444.1356 1.05e+08   28.73%
*321119+81085                         2026.2608     1444.1356            28.73%
*321223+80947                         2025.2651     1444.1768            28.69%
*321236+80947                         2024.3433     1444.1768            28.66%
 321456 80938     1501.5185   546     2024.3433     1444.1768 1.04e+08   28.66%
 321983 80753     1490.5159   472     2024.3433     1444.4544 1.05e+08   28.65%
 322434 80533     1905.0229   363     2024.3433     1444.4544 1.05e+08   28.65%
*322635+80629                         2024.3053     1444.5049            28.64%
 322970 80647    infeasible           2024.3053     1444.6589 1.05e+08   28.63%
Elapsed time = 19163.28 sec. (2884364.28 ticks, tree = 5217.28 MB, solutions = 108)
Nodefile size = 3400.78 MB (2358.29 MB after compression)
 323468 80532     1471.2308   567     2024.3053     1445.0757 1.05e+08   28.61%
 323940 80808    infeasible           2024.3053     1445.2834 1.06e+08   28.60%
*324039+80673                         2022.8524     1445.3580            28.55%
 324379 80575     1673.5935   408     2022.8524     1445.4826 1.05e+08   28.54%
 324898 80590     1694.9728   402     2022.8524     1445.5932 1.05e+08   28.54%
 325314 80842     1544.5055   571     2022.8524     1445.6704 1.06e+08   28.53%
 325746 80761     1493.8790   475     2022.8524     1445.7748 1.05e+08   28.53%
*325984+81011                         2017.6567     1445.9906            28.33%
 326113 80884     1527.2118   487     2017.6567     1445.9906 1.07e+08   28.33%
 326451 80756        cutoff           2017.6567     1446.0860 1.06e+08   28.33%
 326806 80749     1505.2878   523     2017.6567     1446.2708 1.06e+08   28.32%
 327121 80963    infeasible           2017.6567     1446.7033 1.07e+08   28.30%
Elapsed time = 19419.67 sec. (2922640.60 ticks, tree = 5152.55 MB, solutions = 111)
Nodefile size = 3349.65 MB (2322.89 MB after compression)
 327429 81060    infeasible           2017.6567     1446.9575 1.07e+08   28.29%
 327718 81091    infeasible           2017.6567     1447.2031 1.07e+08   28.27%
 328047 81172     1621.3492   596     2017.6567     1447.4719 1.07e+08   28.26%
 328354 81110     1464.2569   668     2017.6567     1447.5029 1.07e+08   28.26%
 328637 81020    infeasible           2017.6567     1447.5905 1.08e+08   28.25%
*328842+80758                         2013.6611     1447.7233            28.10%
 328928 81036        cutoff           2013.6611     1447.7233 1.07e+08   28.10%
 329192 81145     1879.3053   403     2013.6611     1447.8140 1.08e+08   28.10%
 329496 81014     1497.2919   571     2013.6611     1448.3108 1.08e+08   28.08%
 329793 80624     1642.8217   577     2013.6611     1448.3851 1.08e+08   28.07%
 330110 80290     1479.3195   657     2013.6611     1448.6340 1.08e+08   28.06%
Elapsed time = 19663.47 sec. (2960928.45 ticks, tree = 5084.84 MB, solutions = 112)
Nodefile size = 3272.87 MB (2269.62 MB after compression)
 330470 80281    infeasible           2013.6611     1448.8404 1.08e+08   28.05%
 330803 80008     1468.7638   636     2013.6611     1449.0356 1.09e+08   28.04%
 331120 80652     1766.9182   340     2013.6611     1449.0996 1.08e+08   28.04%
 331452 80524    infeasible           2013.6611     1449.2483 1.08e+08   28.03%
*331633+80150                         2013.2962     1449.3904            28.01%
 331766 79961     1492.6636   404     2013.2962     1449.3904 1.09e+08   28.01%
*331965+80536                         1952.8446     1449.5600            25.77%
*331965+80536                         1939.0285     1449.5600            25.24%
*331968+80536                         1935.3469     1449.5600            25.10%
*331984+80536                         1930.0254     1449.5600            24.89%
 332120 79863     1918.7948   311     1930.0254     1449.5600 1.09e+08   24.89%
*332250+78761                         1926.8543     1449.7060            24.76%
 332489 79955    infeasible           1926.8543     1449.8992 1.09e+08   24.75%
*332582+78910                         1926.8543     1449.8992            24.75%
 332839 80058     1496.8302   599     1926.8543     1450.2108 1.09e+08   24.74%
*333018+78687                         1926.1982     1450.3396            24.70%
*333134+78576                         1924.4195     1450.5311            24.63%
 333209 79833    infeasible           1924.4195     1450.6378 1.09e+08   24.62%
*333392+78645                         1922.8841     1450.6378            24.56%
 333611 79930    infeasible           1922.8841     1450.6378 1.09e+08   24.56%
Elapsed time = 19903.46 sec. (2999198.45 ticks, tree = 5079.19 MB, solutions = 123)
Nodefile size = 3257.28 MB (2258.80 MB after compression)
*333659+78374                         1922.7795     1450.7971            24.55%
*333718+78379                         1922.7795     1450.7971            24.55%
 334019 78665     1644.1793   505     1922.7795     1450.8789 1.09e+08   24.54%
 334418 78546     1547.2592   600     1922.7795     1450.9911 1.09e+08   24.54%
 334881 78683     1573.5393   637     1922.7795     1451.1246 1.09e+08   24.53%
 335372 78273     1666.0435   538     1922.7795     1451.3272 1.10e+08   24.52%
*335758+78285                         1920.1193     1451.5211            24.40%
 335814 78514     1509.8121   490     1920.1193     1451.6297 1.09e+08   24.40%
 336305 78230     1551.6404   497     1920.1193     1452.0357 1.10e+08   24.38%
 336758 78333    infeasible           1920.1193     1452.2328 1.10e+08   24.37%
 337259 78276        cutoff           1920.1193     1452.6644 1.11e+08   24.35%
 337814 78229     1478.9836   478     1920.1193     1452.7399 1.10e+08   24.34%
 338380 78139    infeasible           1920.1193     1452.7818 1.10e+08   24.34%
Elapsed time = 20157.95 sec. (3037442.93 ticks, tree = 4964.11 MB, solutions = 129)
Nodefile size = 3151.33 MB (2184.86 MB after compression)
 338876 78177     1496.0727   610     1920.1193     1452.8944 1.10e+08   24.33%
*339067+78253                         1919.7725     1453.0239            24.31%
 339312 78238     1650.1053   438     1919.7725     1453.1014 1.10e+08   24.31%
*339685+78367                         1919.5801     1453.1580            24.30%
 339755 78403    infeasible           1919.5801     1453.1580 1.11e+08   24.30%
 340206 78574    infeasible           1919.5801     1453.4229 1.11e+08   24.28%
*340404+78235                         1916.1193     1453.4673            24.15%
 340611 78508     1770.9669   386     1916.1193     1453.7342 1.11e+08   24.13%
*340991+78575                         1912.6865     1453.9494            23.98%
 341040 78573     1617.8476   525     1912.6865     1453.9494 1.12e+08   23.98%
 341398 78542    infeasible           1912.6865     1454.1034 1.12e+08   23.98%
 341724 78445    infeasible           1912.6865     1454.2208 1.11e+08   23.97%
 342031 78544     1477.1711   554     1912.6865     1454.3196 1.11e+08   23.96%
 342398 78632     1515.1647   515     1912.6865     1454.4549 1.12e+08   23.96%
Elapsed time = 20398.84 sec. (3075703.19 ticks, tree = 4919.46 MB, solutions = 134)
Nodefile size = 3103.74 MB (2151.74 MB after compression)
 342598 78538    infeasible           1912.6865     1454.4549 1.11e+08   23.96%
 342634 78557     1499.2785   497     1912.6865     1454.4549 1.11e+08   23.96%

GUB cover cuts applied:  32
Clique cuts applied:  11
Cover cuts applied:  54
Implied bound cuts applied:  827
Flow cuts applied:  427
Mixed integer rounding cuts applied:  307
Zero-half cuts applied:  32
Lift and project cuts applied:  107
Gomory fractional cuts applied:  29

Root node processing (before b&c):
  Real time             =   14.52 sec. (7091.99 ticks)
Parallel b&c, 32 threads:
  Real time             = 20385.88 sec. (3077218.32 ticks)
  Sync time (average)   = 3418.84 sec.
  Wait time (average)   =    0.53 sec.
                          ------------
Total (root+branch&cut) = 20400.40 sec. (3084310.31 ticks)
Number of arguments: 7

File path: ../Data/Demo/100/C101.txt
Capacity of FEV: 600
Capacity of SEV: 50
Execution time limit: 340
Case: r

PI array:[1, 0, 1, 1, 1, 1, 1, 1, 1, 1, 1, 1, 1, 1, 0, 1, 1, 1, 1, 1, 1, 1, 1, 1]
Number of customers: 100
./Result/C101/C101-Q50-r
Feasible solution found within the time limit!
Total execution time: 20403.254071621 seconds
Total distance traveled: 1912.6864850761522
File name: C101-Q50-r
Number of customers: 100
Capacity of FEV: 10000
Capacity of Microhub: 600
Capacity of SEV: 50
Number of parkings: 24
Number of microhubs: 22
Number of robots/MM: 10
Parking generation rule: r
==========================================================================
