Version identifier: 22.1.1.0 | 2022-11-28 | 9160aff4d
CPXPARAM_TimeLimit                               20400
Tried aggregator 1 time.
MIP Presolve eliminated 19072 rows and 10976 columns.
MIP Presolve modified 12907 coefficients.
Reduced MIP has 11501 rows, 18846 columns, and 62510 nonzeros.
Reduced MIP has 9561 binaries, 9285 generals, 0 SOSs, and 0 indicators.
Presolve time = 0.11 sec. (62.62 ticks)
Probing fixed 144 vars, tightened 25 bounds.
Probing changed sense of 18 constraints.
Probing time = 0.29 sec. (69.83 ticks)
Cover probing fixed 87 vars, tightened 1217 bounds.
Tried aggregator 1 time.
Detecting symmetries...
MIP Presolve eliminated 673 rows and 775 columns.
MIP Presolve modified 899 coefficients.
Reduced MIP has 10828 rows, 18071 columns, and 59357 nonzeros.
Reduced MIP has 9329 binaries, 8742 generals, 0 SOSs, and 0 indicators.
Presolve time = 0.10 sec. (54.66 ticks)
Probing fixed 166 vars, tightened 29 bounds.
Probing time = 0.20 sec. (61.45 ticks)
Cover probing fixed 48 vars, tightened 107 bounds.
Clique table members: 18275.
MIP emphasis: balance optimality and feasibility.
MIP search method: dynamic search.
Parallel mode: deterministic, using up to 32 threads.
Root relaxation solution time = 1.70 sec. (375.20 ticks)

        Nodes                                         Cuts/
   Node  Left     Objective  IInf  Best Integer    Best Bound    ItCnt     Gap

      0     0      717.3305   212                    717.3305       23         
      0     0      778.8680   321                   Cuts: 290     1635         
      0     0      801.9475   422                   Cuts: 149     2523         
      0     0      814.8415   482                   Cuts: 104     3221         
      0     0      819.5210   421                    Cuts: 88     3852         
      0     0      821.2400   436                    Cuts: 62     4041         
Detecting symmetries...
      0     0      821.9547   485                    Cuts: 25     4173         
      0     0      822.7804   414                    Cuts: 22     4284         
      0     0      822.7941   445                     Cuts: 9     4288         
      0     0      822.8598   463                    Cuts: 11     4321         
Detecting symmetries...
      0     2      822.8598   463                    829.0637     4321         
Elapsed time = 13.44 sec. (5618.24 ticks, tree = 0.02 MB, solutions = 0)
      3     5      836.9964   450                    829.0637     5247         
     33    30      867.3751   409                    829.0637     9276         
    119    40      865.3017   410                    829.0637    11612         
    187   118      895.3466   344                    829.0637    29568         
    220   165    infeasible                          829.0637    45803         
    255   211      963.1324   297                    829.0637    70648         
    337   237      933.7988   375                    829.0637    90726         
    392   255     1014.2372   309                    829.0637   100965         
    446   328      987.9309   291                    829.0637   167152         
    837   530      897.0977   447                    829.0637   315872         
Elapsed time = 30.00 sec. (8746.07 ticks, tree = 6.86 MB, solutions = 0)
   1320   748      889.3415   435                    829.0637   409840         
   1654  1001    infeasible                          834.4795   508747         
   2038  1098      924.1502   390                    834.4795   566210         
   2364  1319      883.0919   433                    834.4795   636919         
   2477  1453     1001.3531   370                    834.4795   716471         
   2772  1450      855.5021   485                    846.8321   733162         
   3180  1743     1124.5076   378                    849.7521   848360         
   3676  1790      949.6857   390                    855.5803   865450         
   4161  2316      920.4627   466                    855.5803   985199         
   4678  2682     1086.1472   445                    855.6346  1069426         
Elapsed time = 68.91 sec. (18301.39 ticks, tree = 85.30 MB, solutions = 0)
   5210  2923     1023.3407   397                    855.6346  1103453         
   5612  3210     1536.7474   350                    855.6346  1143395         
   5771  3708     1224.7227   376                    855.6346  1243517         
   6059  3732      904.5643   429                    858.9549  1297016         
   6486  3848      965.1695   433                    858.9549  1337427         
   6942  4151     1377.4630   383                    864.6551  1414744         
   7403  4462      965.0254   450                    864.6551  1499276         
   7939  4792      963.3049   374                    864.6551  1577230         
   8217  4818      920.3193   393                    864.6551  1588622         

Performing restart 1

Repeating presolve.
Tried aggregator 1 time.
MIP Presolve eliminated 162 rows and 332 columns.
MIP Presolve modified 551 coefficients.
Reduced MIP has 10666 rows, 17739 columns, and 58423 nonzeros.
Reduced MIP has 9114 binaries, 8625 generals, 0 SOSs, and 0 indicators.
Presolve time = 0.07 sec. (32.73 ticks)
Tried aggregator 1 time.
MIP Presolve eliminated 75 rows and 114 columns.
MIP Presolve modified 164 coefficients.
Reduced MIP has 10591 rows, 17625 columns, and 58026 nonzeros.
Reduced MIP has 9062 binaries, 8563 generals, 0 SOSs, and 0 indicators.
Presolve time = 0.09 sec. (41.08 ticks)
Represolve time = 0.90 sec. (195.21 ticks)
   8225     0      915.3771   562                   Cuts: 280  1691285         
   8225     0      938.1839   569                   Cuts: 256  1692988         
   8225     0      952.9948   610                   Cuts: 279  1694487         
   8225     0      958.8374   613                   Cuts: 282  1695520         
   8225     0      964.2799   590                   Cuts: 229  1696627         
   8225     0      967.8887   650                   Cuts: 249  1697421         
   8225     0      971.0135   657                   Cuts: 229  1698031         
   8225     0      974.5979   657                   Cuts: 195  1698712         
   8225     0      976.2973   637                   Cuts: 121  1699136         
   8225     0      983.4776   694                   Cuts: 162  1699879         
   8225     0      987.8246   679                   Cuts: 255  1700538         
   8225     0      989.6219   640                   Cuts: 195  1700964         
   8225     0      990.1514   634                    Cuts: 92  1701202         
   8225     0      990.5577   644                    Cuts: 91  1701386         
   8225     0      990.8530   699                    Cuts: 89  1701620         
   8225     0      991.9616   688                    Cuts: 80  1701951         
   8225     0      992.1952   640                    Cuts: 65  1702126         
   8225     0      992.3787   691                    Cuts: 72  1702256         
   8225     0      992.4212   647                    Cuts: 45  1702345         
   8225     0      992.5307   647                    Cuts: 42  1702468         
   8225     0      992.7050   717                    Cuts: 69  1702569         
   8225     0      992.9256   658                    Cuts: 76  1702777         
   8225     0      993.2253   690                    Cuts: 55  1703041         
   8225     0      993.5955   704                    Cuts: 57  1703237         
   8225     0      993.7595   692                    Cuts: 32  1703400         
   8225     0      994.7647   685                    Cuts: 94  1703644         
   8225     0      994.8204   687                    Cuts: 85  1703765         
   8225     0      994.8713   679                    Cuts: 32  1703894         
   8225     0      995.0399   676                    Cuts: 41  1704051         
   8225     0      995.0604   684                    Cuts: 34  1704094         
   8225     2      995.0604   684                    995.0604  1704094         
Elapsed time = 195.31 sec. (71953.16 ticks, tree = 0.02 MB, solutions = 0)
   8226     3      996.3235   647                    996.3318  1704638         
   8227     3     1011.0372   583                    996.3318  1706119         
   8228     4      999.4849   643                    998.2425  1705485         
   8231     8     1007.6948   613                    999.4973  1711038         
   8232     5     1020.4414   608                    999.4973  1707895         
   8235     9     1012.5044   546                    999.4973  1711732         
   8240    10     1008.5152   600                   1000.3752  1713618         
   8244    12     1017.0677   633                   1000.3752  1720367         
   8251    13     1052.9514   555                   1006.2979  1717315         
   8253    15     1018.0303   628                   1006.2979  1718900         
Elapsed time = 236.42 sec. (89199.31 ticks, tree = 0.02 MB, solutions = 0)
   8256    14     1020.9859   637                   1006.2979  1718111         
   8270    22     1055.7870   546                   1006.2979  1748381         
   8275    31     1033.6737   405                   1006.2979  1795645         
   8281    23     1043.5587   436                   1006.2979  1754593         
   8290    29     1113.6555   492                   1006.5207  1792357         
   8301    31     1037.9212   569                   1010.9530  1801606         
   8324    36     1045.1173   609                   1011.1442  1858268         
   8362    57     1116.9354   494                   1011.1442  1917703         
   8410    74     1032.2774   610                   1011.1442  1936686         
   8455    70     1040.6519   559                   1011.1442  1929589         
Elapsed time = 302.80 sec. (99647.98 ticks, tree = 0.81 MB, solutions = 0)
   8507    83     1050.3999   419                   1011.1442  1943366         
   8578   136     1035.3191   537                   1011.1442  1996756         
   8643   148     1146.4407   440                   1011.1442  2002264         
   8715    82     1076.0966   562                   1011.1442  1953027         
   8823   287     1036.9039   513                   1011.1442  2059750         
   8964   366     1168.3826   413                   1011.1442  2088659         
   9098   403     1035.7570   511                   1011.1442  2104368         
   9235   386     1076.3802   472                   1011.1442  2093802         
   9395   502     1037.4357   655                   1011.1442  2133902         
   9567   628     1113.4438   493                   1011.1442  2162259         
Elapsed time = 364.87 sec. (109316.45 ticks, tree = 15.39 MB, solutions = 0)
   9763   967     1075.3005   492                   1011.1442  2265568         
   9972  1108     1171.4858   410                   1011.1442  2303383         
  10184  1007     1118.6039   451                   1011.1442  2276980         
  10364  1345     1058.7811   425                   1011.1442  2363475         
  10573  1565     1143.7383   439                   1011.1442  2409353         
  10779  1702     1300.3314   302                   1011.1442  2446149         
  10928  1599     1190.1082   451                   1011.1442  2417283         
  11027  1677     1049.3767   570                   1011.1442  2437977         
  11099  1995     1130.8529   397                   1011.1442  2518979         
  11162  1822     1296.6334   426                   1011.1442  2485661         
Elapsed time = 430.27 sec. (118921.24 ticks, tree = 87.99 MB, solutions = 0)
  11213  2272     1137.3731   588                   1015.0470  2596103         
  11275  2276     1142.9131   609                   1015.0470  2596431         
  11325  2280     1032.1757   524                   1015.0470  2621602         
  11391  2376     1210.7587   570                   1018.1586  2704068         
  11503  2336     1079.5142   521                   1019.1652  2671782         
  11613  2440     1065.5459   634                   1019.1652  2768050         
  11745  2386     1145.7928   595                   1019.1652  2700240         
  11936  2434     1194.9762   393                   1019.1652  2758809         
  12129  2492     1197.9223   590                   1019.1652  2807065         
  12317  2751     1203.3913   431                   1020.0018  2894040         
Elapsed time = 496.12 sec. (128517.91 ticks, tree = 166.38 MB, solutions = 0)
  12544  2879     1046.9585   686                   1021.4178  2925130         
  12765  2749     1092.6812   537                   1021.4178  2892567         
  12960  2862     1095.7354   585                   1021.7505  2921207         
  13156  3085     1055.8248   588                   1022.1131  2971921         
  13325  3395     1075.3208   623                   1022.1131  3054313         
  13529  3092     1044.1013   559                   1022.1131  2974393         
  13671  3301     1274.2479   548                   1022.8941  3031226         
  13777  3710     1065.9918   570                   1022.8941  3136018         
  13849  3718     1091.1054   565                   1022.8941  3137334         
  13909  3918     1059.4304   506                   1022.8941  3205607         
Elapsed time = 563.06 sec. (138125.87 ticks, tree = 257.87 MB, solutions = 0)
  13985  3868     1150.5531   536                   1023.7224  3191227         
  14044  3988     1054.2614   619                   1023.7224  3227956         
  14094  4302    infeasible                         1026.6541  3324197         
  14142  4310     1206.2198   502                   1026.9165  3348324         
  14199  4315     1303.3296   428                   1026.9165  3412614         
  14266  4348    infeasible                         1026.9165  3483749         
  14335  4359     1175.8397   358                   1026.9165  3529101         
  14448  4371     1108.1395   561                   1026.9165  3532113         
  14563  4372     1108.3912   590                   1026.9165  3546496         
  15311  4420     1229.8072   472                   1027.9752  3578822         
Elapsed time = 644.45 sec. (150680.64 ticks, tree = 283.15 MB, solutions = 0)

Performing restart 2

Repeating presolve.
Tried aggregator 1 time.
MIP Presolve eliminated 16 rows and 23 columns.
MIP Presolve modified 177 coefficients.
Reduced MIP has 10575 rows, 17602 columns, and 62040 nonzeros.
Reduced MIP has 9055 binaries, 8547 generals, 0 SOSs, and 0 indicators.
Presolve time = 0.07 sec. (31.39 ticks)
Tried aggregator 1 time.
MIP Presolve eliminated 24 rows and 24 columns.
MIP Presolve modified 172 coefficients.
Reduced MIP has 10551 rows, 17578 columns, and 61992 nonzeros.
Reduced MIP has 9055 binaries, 8523 generals, 0 SOSs, and 0 indicators.
Presolve time = 0.10 sec. (40.60 ticks)
Represolve time = 1.56 sec. (440.93 ticks)
  15440     0      997.1205   825                   Cuts: 154  3844506         
  15440     0      997.9074   742                    Cuts: 92  3844876         
  15440     0      997.9809   813                    Cuts: 78  3845031         
  15440     0      998.1029   827                    Cuts: 69  3845210         
  15440     0      998.9348   722                   Cuts: 131  3845614         
  15440     0      999.6545   731                   Cuts: 213  3845972         
  15440     0     1000.1698   750                   Cuts: 127  3846236         
  15440     0     1000.7432   783                   Cuts: 108  3846574         
  15440     2     1000.7432   783                   1028.9411  3846574         
  15442     4     1003.5678   704                   1028.9411  3848025         
  15445     6     1060.1063   590                   1028.9411  3853022         
  15451     8     1012.3948   718                   1028.9411  3857981         
  15463    16    infeasible                         1028.9411  3885313         
  15476    19    infeasible                         1028.9411  3956291         
  15511    30     1025.4071   759                   1028.9411  4072154         
  15628    31    infeasible                         1028.9411  4098115         
  15776   134     1078.2508   574                   1028.9411  4325939         
  15993   200     1048.4963   652                   1028.9411  4423494         
Elapsed time = 886.90 sec. (220651.23 ticks, tree = 2.13 MB, solutions = 0)
  16266   234     1132.0994   604                   1028.9411  4474654         
  16510   558     1238.9272   488                   1028.9411  4694727         
  16748   711     1233.2443   502                   1028.9411  4840233         
  16954   756     1062.0495   716                   1028.9411  4941917         
  17191   797     1185.9768   582                   1028.9411  5018544         
  17455  1016     1072.2853   589                   1028.9411  5245407         
  17741  1186     1664.8682   385                   1045.5204  5395870         
  18132  1301     1106.6875   614                   1045.5204  5531922         
  18453  1348     1151.4188   387                   1050.5197  5570453         
  18689  1636     1144.7284   526                   1050.5197  5778966         
Elapsed time = 1150.54 sec. (258931.38 ticks, tree = 63.74 MB, solutions = 0)
  18875  1761     1212.5462   634                   1050.5197  5928720         
  19070  1820     1117.8425   481                   1058.4592  6054624         
  19358  1842     1145.0076   606                   1058.4916  6216948         
  19677  1890     1422.9425   407                   1066.0987  6286359         
  19987  1968    infeasible                         1066.0987  6498308         
  20270  2175     1277.5374   364                   1070.8102  6732702         
  20493  2345    infeasible                         1074.3088  7028653         
  20697  2408     1123.6673   620                   1074.4150  7115043         
  20872  2355     1159.6805   661                   1074.4150  7049221         
  21043  2405    infeasible                         1075.0048  7402104         
Elapsed time = 1412.28 sec. (297162.83 ticks, tree = 109.56 MB, solutions = 0)
  21235  2425    infeasible                         1076.3427  7571371         
  21442  2430     1228.5653   469                   1076.3427  7774977         
  21718  2444     1289.8551   596                   1076.3427  7813840         
  22032  2490     1335.7201   530                   1076.3427  7930188         
  22320  2672     1386.8743   487                   1076.3427  8205651         
  22613  2581     1168.3662   478                   1076.5854  8138884         
  22872  2751     1211.0339   551                   1082.6538  8379160         
  23107  3003    infeasible                         1086.1685  8763667         
  23314  3018    infeasible                         1088.0996  8732966         
  23548  2999     1142.9686   617                   1092.2265  9000803         
Elapsed time = 1668.83 sec. (335447.00 ticks, tree = 139.35 MB, solutions = 0)
  23798  3035     1148.1610   596                   1093.2961  9083176         
  24118  3160     1365.9239   482                   1093.2961  9257293         
  24396  3208     1189.3435   592                   1093.3451  9340141         
  24661  3241     1279.9188   444                   1094.4480  9410725         
  24949  3533     1297.4460   503                   1094.4566  9750362         
  25210  3558     1131.1190   527                   1094.6385  9777246         
  25413  3787     1134.3710   559                   1094.6385 10148796         
  25600  3809    infeasible                         1110.0571 10198120         
  25789  3789    infeasible                         1110.9350 10159893         
  25998  3828     1423.3577   629                   1113.8079 10591999         
Elapsed time = 1907.83 sec. (373682.89 ticks, tree = 185.16 MB, solutions = 0)
  26212  3775    infeasible                         1113.8079 10466185         
  26382  3833     1217.3652   631                   1114.7713 10592498         
  26609  3883     1351.3500   521                   1114.7713 10876620         
  26926  3905     1161.9657   572                   1114.7713 10975772         
  27273  3902     1190.9962   521                   1114.7713 11124883         
  27558  3956    infeasible                         1114.7713 11207634         
  27803  4361     1263.4829   502                   1114.7713 11699618         
  28050  4384     1666.5473   401                   1114.7713 11798170         
  28262  4398    infeasible                         1114.7713 11871826         
  28471  4515     2960.2619   270                   1114.7713 11929676         
Elapsed time = 2135.95 sec. (412010.98 ticks, tree = 213.98 MB, solutions = 0)
  28725  4479    infeasible                         1114.7713 12285805         
  29002  4642     3049.5695   310                   1114.7713 12228107         
  29297  4462     1271.7459   511                   1114.7713 12389938         
  29604  4473     1199.3888   489                   1114.7713 12457253         
  29908  4592    infeasible                         1114.7713 12701416         
  30162  4608    infeasible                         1114.7713 12732284         
  30398  4933     3117.0218   215                   1114.7713 12912842         
  30612  4943    infeasible                         1114.7713 13114157         
  30804  5101     3152.7252   184                   1114.7713 13330940         
  31046  4914    infeasible                         1114.7713 13572331         
Elapsed time = 2363.37 sec. (450303.81 ticks, tree = 223.45 MB, solutions = 0)
  31284  4955     1298.8446   342                   1114.7713 13713582         
  31533  5002     3203.1198   182                   1114.7713 14023051         
  31748  4899    infeasible                         1114.7713 13900342         
  31978  4923    infeasible                         1114.7713 13948683         
  32191  5056    infeasible                         1114.7713 14453030         
  32409  5071     1426.1605   490                   1114.7713 14398757         
  32655  5026     1354.5253   456                   1114.7713 14540761         
  32901  5005     1593.6226   446                   1114.7713 14689204         
  33131  4998    infeasible                         1114.7713 14957544         
  33359  5046    infeasible                         1114.7713 15121903         
Elapsed time = 2591.23 sec. (488642.19 ticks, tree = 250.29 MB, solutions = 0)
  33592  4952    infeasible                         1114.7713 15358080         
  33816  5035    infeasible                         1114.7713 15168067         
  34032  4911     1303.2529   645                   1114.7713 15438808         
  34268  4902    infeasible                         1114.7713 15630120         
  34496  4911     3325.7247   169                   1114.7713 15880116         
  34734  4965     3338.6692   171                   1114.7713 15880659         
  34984  4877     1282.6624   536                   1114.7713 15957161         
  35254  4921     2130.8898   307                   1114.7713 16139318         
  35547  4917     1767.0558   322                   1114.7713 16295819         
  35911  5016     1345.1144   502                   1114.7713 16495017         
Elapsed time = 2824.69 sec. (526857.74 ticks, tree = 254.46 MB, solutions = 0)
  36265  5202     1239.2465   590                   1170.9655 16756114         
  36610  5175    infeasible                         1170.9655 16891044         
  36949  5225     1326.2327   359                   1170.9655 16765433         
  37281  5554     2397.7705   170                   1170.9655 16913548         
  37556  5551     1385.7538   416                   1170.9655 17248969         
  37767  5524    infeasible                         1189.9444 17219655         
  37973  5802     1342.3429   515                   1189.9444 17765707         
  38141  5808     1282.4073   457                   1205.3760 17558340         
  38338  5710    infeasible                         1206.6020 18000229         
  38541  5781     1436.7710   404                   1212.3654 17796808         
Elapsed time = 3039.08 sec. (565278.71 ticks, tree = 340.88 MB, solutions = 0)
  38760  5617    infeasible                         1216.4432 18312741         
  38960  5564     1277.5832   676                   1218.8317 18461197         
  39187  5620    infeasible                         1222.8884 18264006         
  39404  5573     1364.1586   441                   1225.4014 18427973         
  39606  5383    infeasible                         1227.4571 18950887         
  39804  5435     1282.8071   582                   1228.6236 18810381         
  40016  5325    infeasible                         1228.6236 19097969         
  40219  5371    infeasible                         1228.6236 19036361         
  40417  5253    infeasible                         1239.7953 19330197         
  40605  5138     1446.3141   518                   1241.6216 19670280         
Elapsed time = 3261.28 sec. (603650.50 ticks, tree = 296.68 MB, solutions = 0)
  40798  5074    infeasible                         1243.9329 19844546         
  41003  5172    infeasible                         1245.3019 19569425         
  41199  5060    infeasible                         1249.2304 19945780         
  41390  4974     1447.4092   411                   1252.2104 20109309         
  41600  4845    infeasible                         1255.7596 20336668         
  41809  4785     1309.1539   596                   1257.8659 20627754         
  42010  4689     1323.5575   442                   1261.8966 20769101         
  42242  4634    infeasible                         1264.8622 20917212         
  42457  4756     1480.6775   494                   1269.9367 20671596         
  42674  4669    infeasible                         1274.0397 20846797         
Elapsed time = 3480.80 sec. (641989.46 ticks, tree = 266.21 MB, solutions = 0)
  42888  4529    infeasible                         1276.7270 21092505         
  43084  4300    infeasible                         1278.6294 21493615         
  43302  4362     1396.5783   413                   1279.6774 21368336         
  43500  4315     1456.0302   583                   1279.6774 21488978         
  43717  4100     1379.9508   507                   1279.6774 21916749         
  43920  4113    infeasible                         1295.6840 21858315         
  44131  3870    infeasible                         1302.7465 22360008         
  44356  3839     1422.1053   468                   1308.9633 22461026         
  44571  3860     1405.6002   440                   1309.1701 22387193         
  44879  3883    infeasible                         1321.4233 22305487         
Elapsed time = 3708.81 sec. (680266.42 ticks, tree = 200.78 MB, solutions = 0)
  45205  3726     2022.1739   370                   1328.5610 22824879         
  45517  3828     2268.3886   164                   1334.8648 22758375         
  45854  3781     2042.0507   357                   1335.5327 22825768         
  46196  3499     1569.8671   550                   1335.5327 23157228         
  46565  3536     1826.4386   346                   1338.0263 23110390         
  46973  3853     2201.0938   292                   1338.0263 23377800         
  47512  3812     2083.1136   301                   1338.0263 23339120         
  48230  3775     2236.9189   228                   1338.0263 23570339         
  49337  3744     2174.6046   261                   1338.0263 23645960         
  50952  4664     2113.5775   360                   1338.0263 24053776         
Elapsed time = 3949.81 sec. (718462.56 ticks, tree = 262.13 MB, solutions = 0)
  52970  5476     2412.5440   217                   1338.0263 24107469         
  55328  5162     2191.3626   230                   1338.0263 24089242         
  57560  5344     2111.9634   244                   1338.0263 24097602         
  59694  6440     2207.8537   214                   1338.0263 24172274         
  62011 13794     2226.7946   217                   1338.0263 24545411         
  64090 14805     2327.9145   133                   1338.0263 24582533         
  65935 15327     2723.6859   114                   1338.0263 24608414         
  68125 15146     2599.0054    88                   1338.0263 24598812         
  70672 20004     2613.2693   167                   1338.0263 24936484         
  73404 23859     2337.7517   124                   1338.0263 25152827         
Elapsed time = 4146.52 sec. (756619.17 ticks, tree = 743.48 MB, solutions = 0)
  76556 21476     2785.8221    72                   1338.0263 24997207         
* 77309+20318                         2941.2034     1343.9141            54.31%
* 78256 26531      integral     0     2569.6092     1343.9141 25458573   47.70%
  81153 24317     2209.1326   266     2569.6092     1357.2255 25187790   47.18%
* 81547+25995                         2173.3299     1357.2255            37.55%
  83322 11885    infeasible           2173.3299     1361.7614 25828075   37.34%
* 84293+12428                         2157.1738     1363.0194            36.81%
  84979 12493     2057.9709   259     2157.1738     1363.0194 25998676   36.81%
* 85513+12540                         2147.4261     1413.5572            34.17%
* 85770+10572                         2142.1401     1413.5572            34.01%
* 85832+10692                         2141.5420     1413.5572            33.99%
  88161 12635     2101.1609   233     2141.5420     1413.5572 26003150   33.99%
* 89961+10845                         2140.9881     1413.5572            33.98%
* 91628+ 9904                         2140.7651     1413.5572            33.97%
  91871  9882     2104.8477   263     2140.7651     1413.5572 26248327   33.97%
* 93396+ 9946                         2140.3062     1413.5572            33.96%
  96343 11682     2120.4973   185     2140.3062     1413.5572 26171035   33.96%
* 97724+11539                         2135.5376     1413.5572            33.81%
 100817 13407     2097.6706   255     2135.5376     1469.4948 26543556   31.19%
*105007+14922                         2135.2925     1629.3230            23.70%
 105235 17050        cutoff           2135.2925     1629.3230 26803975   23.70%
Elapsed time = 4347.56 sec. (793075.36 ticks, tree = 365.38 MB, solutions = 24)
*106486+13598                         2131.5376     1629.3230            23.56%
 109588 20560     2077.6843   311     2131.5376     1680.0488 26999313   21.18%
*111452+19434                         2131.2925     1688.3062            20.78%
*112265+19883                         2129.9207     1688.3062            20.73%
 114337 23125     2071.9296   282     2129.9207     1707.9152 27126739   19.81%
*118230+21936                         2127.3905     2018.4161             5.12%
*118986+27416                         2122.0945     2018.6499             4.87%
 119214 20155        cutoff           2122.0945     2021.4347 26972453    4.74%
*123402+26682                         2121.7516     2032.2552             4.22%
 124128 28009     2127.1969   352     2121.7516     2033.0614 27395078    4.18%
 128895 25691     2064.2158   327     2121.7516     2039.8821 27233427    3.86%
*129460+24357                         2120.6138     2040.8298             3.76%
 133305 27659     2099.6674   266     2120.6138     2042.2341 27518845    3.70%
*137302+29814                         2120.5160     2045.0830             3.56%
 137774 27840     2093.5457   343     2120.5160     2045.0830 27523486    3.56%
*140634+41135                         2119.6752     2045.9022             3.48%
 142449 39684     2053.0301   302     2119.6752     2046.0882 28022115    3.47%
*145598+35800                         2118.8452     2046.0882             3.43%
 147065 36215     2100.6765   192     2118.8452     2046.9762 27864985    3.39%
*149181+45484                         2118.7474     2047.2504             3.37%
*150028+38321                         2118.1753     2047.2504             3.35%
 151618 46067     2055.7512   349     2118.1753     2047.4339 28316071    3.34%
Elapsed time = 4559.39 sec. (831226.42 ticks, tree = 1007.81 MB, solutions = 53)
*154010+51959                         2118.0775     2047.5639             3.33%
 156462 52337     2072.4412   295     2118.0775     2047.7284 28587792    3.32%
 161593 52889     2100.1746   298     2118.0775     2048.4141 28610422    3.29%
 166694 57004     2100.6980   206     2118.0775     2048.9874 28764454    3.26%
*170818+61486                         2117.7992     2049.1367             3.24%
 171842 57544     2113.9646   129     2117.7992     2049.1482 28788773    3.24%
 176184 68547     2102.5976   264     2117.7992     2049.2158 29149225    3.24%
 180305 68205     2106.5488   325     2117.7992     2049.2158 29136254    3.24%
*182317+67248                         2116.8800     2049.2158             3.20%
 184323 74529     2104.1882   315     2116.8800     2049.2158 29353095    3.20%
 189111 73578     2084.3384   309     2116.8800     2049.7931 29325733    3.17%
 193873 75873     2103.0419   153     2116.8800     2049.7931 29394299    3.17%
 198882 81576     2104.5043   162     2116.8800     2051.0281 29597032    3.11%
Elapsed time = 4815.17 sec. (869376.56 ticks, tree = 4033.60 MB, solutions = 61)
Nodefile size = 1932.45 MB (1158.70 MB after compression)
 203976 80023     2113.5018   182     2116.8800     2051.1729 29549928    3.10%
 208863 97440     2086.1856   248     2116.8800     2051.4546 30077092    3.09%
 214116 97629     2078.6718   177     2116.8800     2051.6951 30081682    3.08%
*218479+98798                         2116.0643     2051.8245             3.04%
 219419 98381     2107.3013    71     2116.0643     2051.8455 30102048    3.03%
 224680 107099     2105.2231   208     2116.0643     2052.1118 30358826    3.02%
 229670 119698     2074.9003   232     2116.0643     2052.2483 30771348    3.02%
 235045 116188     2096.4841   352     2116.0643     2052.4677 30664555    3.01%
 240026 118982     2095.6649   317     2116.0643     2052.7307 30748969    2.99%
 245433 135317     2091.8627   201     2116.0643     2052.8737 31256601    2.99%
 250822 138855     2110.1516   235     2116.0643     2053.0970 31365888    2.98%
Elapsed time = 5074.49 sec. (907530.96 ticks, tree = 10826.26 MB, solutions = 62)
Nodefile size = 8760.22 MB (5649.55 MB after compression)
 256128 136104     2086.4768   209     2116.0643     2053.2683 31279233    2.97%
 261385 148587     2070.8788   261     2116.0643     2053.3936 31645065    2.96%
 266667 155777     2099.5264   175     2116.0643     2053.5066 31844157    2.96%
 271839 153065     2080.4203   275     2116.0643     2053.5993 31773030    2.95%
 277098 160039     2070.3537   315     2116.0643     2053.7300 31962085    2.95%
 282258 158749     2079.3080   275     2116.0643     2053.8400 31925308    2.94%
 287238 176512     2090.4865   237     2116.0643     2053.9351 32444700    2.94%
 292128 178799     2079.5337   215     2116.0643     2054.0429 32512922    2.93%
 297067 182975        cutoff           2116.0643     2054.1425 32653021    2.93%
 301732 190889     2080.9107   240     2116.0643     2054.2056 32909859    2.92%
Elapsed time = 5338.10 sec. (945685.18 ticks, tree = 16969.82 MB, solutions = 62)
Nodefile size = 14910.79 MB (9739.41 MB after compression)
 306555 188415     2069.0091   309     2116.0643     2054.2687 32831689    2.92%
 311256 198037        cutoff           2116.0643     2054.3599 33141473    2.92%
 316381 200346     2083.8652   272     2116.0643     2054.4307 33216538    2.91%
 321252 209017     2107.9512   302     2116.0643     2054.5117 33504912    2.91%
 326118 207022     2097.9076   250     2116.0643     2054.5721 33440180    2.91%
 330991 213108     2069.9751   275     2116.0643     2054.6556 33636801    2.90%
 335686 214346     2068.7425   293     2116.0643     2054.7318 33677571    2.90%
 340547 222223     2063.9792   294     2116.0643     2054.7816 33929087    2.90%
 345346 228948     2060.7983   301     2116.0643     2054.8497 34156813    2.89%
 350277 226431     2065.0248   272     2116.0643     2054.8937 34065409    2.89%
Elapsed time = 5589.94 sec. (983837.33 ticks, tree = 21166.60 MB, solutions = 62)
Nodefile size = 19058.28 MB (12503.47 MB after compression)
 355531 236697     2097.9605   227     2116.0643     2054.9708 34407255    2.89%
 360823 243200     2101.8792   195     2116.0643     2055.0096 34617070    2.89%
 365722 244021     2072.9705   178     2116.0643     2055.0413 34641464    2.88%
 370593 246076     2072.5657   205     2116.0643     2055.0886 34703894    2.88%
 375509 250729     2095.3706   248     2116.0643     2055.1287 34847541    2.88%
 380415 258266     2104.6142   202     2116.0643     2055.1795 35066104    2.88%
 385728 264881     2087.5432   247     2116.0643     2055.2290 35288638    2.87%
 390664 266041     2093.0822   230     2116.0643     2055.2675 35329423    2.87%
 395701 274266     2088.2598   166     2116.0643     2055.3169 35600480    2.87%
 400845 276424     2091.9991   302     2116.0643     2055.3481 35673921    2.87%
Elapsed time = 5850.62 sec. (1021990.44 ticks, tree = 27110.12 MB, solutions = 62)
Nodefile size = 25012.91 MB (16481.59 MB after compression)
 405614 290385     2086.2253   370     2116.0643     2055.4052 36132304    2.87%
 410419 290864     2103.5416   296     2116.0643     2055.4478 36145288    2.86%
 415335 290054     2071.4482   337     2116.0643     2055.4736 36120861    2.86%
 420194 300400     2089.2993   157     2116.0643     2055.5588 36467836    2.86%
 425437 298720     2091.0536   198     2116.0643     2055.6187 36410510    2.86%
 430285 305695     2091.1156   298     2116.0643     2055.6870 36652557    2.85%
 435101 310388     2114.9831   207     2116.0643     2055.7411 36808611    2.85%
 440153 315275     2097.9965   220     2116.0643     2055.8064 36954729    2.85%
 445153 324459     2063.4951   256     2116.0643     2055.8453 37267216    2.85%
 450243 329363     2088.5477   238     2116.0643     2055.8755 37429000    2.84%
Elapsed time = 6107.46 sec. (1060145.67 ticks, tree = 33416.69 MB, solutions = 62)
Nodefile size = 31342.57 MB (20714.11 MB after compression)
 455053 333941     2099.3812   251     2116.0643     2055.9227 37575007    2.84%
 460150 335608     2079.8651   270     2116.0643     2055.9827 37631145    2.84%
 465437 345380     2095.0301   162     2116.0643     2056.0291 37951414    2.84%
 470395 349092     2091.5943   185     2116.0643     2056.0742 38065038    2.83%
 475474 351466     2110.6804   283     2116.0643     2056.1185 38143685    2.83%
 480669 359144     2087.4462   196     2116.0643     2056.1703 38377099    2.83%
*484508+361379                         2115.5029     2056.2024             2.80%
 485754 364210     2088.6382   209     2115.5029     2056.2115 38550705    2.80%
 490617 365852     2099.8003   283     2115.5029     2056.2434 38626720    2.80%
 495676 367249     2090.9094   284     2115.5029     2056.2810 38670348    2.80%
 500729 375550     2068.2817   231     2115.5029     2056.3168 38945167    2.80%
Elapsed time = 6371.56 sec. (1098299.24 ticks, tree = 38984.69 MB, solutions = 63)
Nodefile size = 36911.38 MB (24434.93 MB after compression)
 505280 382386     2062.5903   388     2115.5029     2056.3537 39173466    2.80%
 510385 387142     2097.6392   267     2115.5029     2056.3939 39326731    2.79%
*511647+386964                         2114.7622     2056.4076             2.76%
 515488 387329     2071.4057   349     2114.7622     2056.4354 39331142    2.76%
 520740 392571     2061.0148   263     2114.7622     2056.4590 39568962    2.76%
 525813 394895     2090.1300   229     2114.7622     2056.5064 39641385    2.75%
 530765 395655     2072.6782   237     2114.7622     2056.5403 39665867    2.75%
 535744 406908     2072.9297   238     2114.7622     2056.5845 40030812    2.75%
 541152 412551     2072.2288   209     2114.7622     2056.6102 40209977    2.75%
 546352 414408     2064.7368   246     2114.7622     2056.6467 40270343    2.75%
 551554 416063     2106.6164   322     2114.7622     2056.6654 40321874    2.75%
Elapsed time = 6631.81 sec. (1136450.34 ticks, tree = 43897.75 MB, solutions = 64)
Nodefile size = 41800.06 MB (27705.46 MB after compression)
 556661 424090     2099.4427   195     2114.7622     2056.6940 40565482    2.75%
 561804 429558     2080.9699   184     2114.7622     2056.7280 40726209    2.74%
 566853 434911     2063.2090   328     2114.7622     2056.7631 40893776    2.74%
 571926 434477     2098.0390   283     2114.7622     2056.7877 40881572    2.74%
 577236 443020     2067.2177   218     2114.7622     2056.8152 41159197    2.74%
 582517 446190     2092.8787   280     2114.7622     2056.8380 41250231    2.74%
