Version identifier: 22.1.1.0 | 2022-11-28 | 9160aff4d
CPXPARAM_TimeLimit                               20400
Tried aggregator 1 time.
MIP Presolve eliminated 20404 rows and 11554 columns.
MIP Presolve modified 14144 coefficients.
Reduced MIP has 12555 rows, 20596 columns, and 68535 nonzeros.
Reduced MIP has 10505 binaries, 10091 generals, 0 SOSs, and 0 indicators.
Presolve time = 0.12 sec. (68.70 ticks)
Probing fixed 203 vars, tightened 46 bounds.
Probing time = 0.32 sec. (79.17 ticks)
Tried aggregator 1 time.
Detecting symmetries...
MIP Presolve eliminated 507 rows and 552 columns.
MIP Presolve modified 4 coefficients.
Reduced MIP has 12048 rows, 20044 columns, and 65946 nonzeros.
Reduced MIP has 10301 binaries, 9743 generals, 0 SOSs, and 0 indicators.
Presolve time = 0.11 sec. (59.31 ticks)
Probing fixed 137 vars, tightened 0 bounds.
Probing time = 0.18 sec. (72.34 ticks)
Cover probing fixed 68 vars, tightened 0 bounds.
Clique table members: 41768.
MIP emphasis: balance optimality and feasibility.
MIP search method: dynamic search.
Parallel mode: deterministic, using up to 32 threads.
Root relaxation solution time = 3.34 sec. (402.28 ticks)

        Nodes                                         Cuts/
   Node  Left     Objective  IInf  Best Integer    Best Bound    ItCnt     Gap

      0     0      821.7880   230                    821.7880       22         
      0     0      885.3547   366                   Cuts: 257     1931         
      0     0      900.0572   442                   Cuts: 167     2903         
      0     0      907.4649   444                   Cuts: 119     3933         
      0     0      919.3708   434                    Cuts: 86     4738         
      0     0      921.3769   432                    Cuts: 87     4982         
Detecting symmetries...
      0     0      922.0516   467                    Cuts: 44     5202         
      0     0      924.9194   473                    Cuts: 32     5530         
      0     0      925.1280   465                    Cuts: 32     5676         
      0     0      925.2367   486                    Cuts: 16     5750         
      0     0      925.3648   489                    Cuts: 22     5824         
      0     0      929.7418   496                    Cuts: 15     6144         
      0     0      930.6151   482                    Cuts: 29     6315         
      0     0      930.9143   485                    Cuts: 34     6423         
      0     0      931.0563   503                    Cuts: 27     6525         
      0     0      931.0844   495                    Cuts: 10     6551         
      0     0      931.0881   483                     Cuts: 7     6570         
Detecting symmetries...
      0     2      931.0881   483                    931.0881     6570         
Elapsed time = 20.73 sec. (9926.99 ticks, tree = 0.02 MB, solutions = 0)
      2     4      932.1761   478                    931.1047     7202         
      3     5      935.4627   467                    931.1047     7811         
      5     3     1013.8273   484                    931.1047     9421         
      7     7      939.2680   457                    931.1047     8086         
     14    11     1045.0728   467                    932.1982    14269         
     21    14     1030.4912   463                    935.7152    20566         
     33    15     1054.6150   397                    939.5979    24828         
     52    25     1084.3903   440                    939.5979    97018         
     62    36    infeasible                          962.6036   242125         
    105    32     1151.6113   460                    975.6020   203551         
Elapsed time = 37.50 sec. (13943.27 ticks, tree = 0.02 MB, solutions = 0)
    153    55     1154.6384   352                    976.7622   396568         
    236    62     1051.4719   424                    976.7622   468660         
    399   119     1473.5410   327                    976.7622   574408         
    694   192    infeasible                          976.7622   669031         
   1040   309     1120.4228   380                    976.7622   722182         
   1172   465     1257.1750   403                    976.7622   776018         
   1410   510     1097.0344   416                    976.7622   832320         
   1719   672     1090.1703   414                   1039.0572   881507         
   2204   836     1211.3175   453                   1039.0572   910581         
   2805  1113     1161.9576   359                   1039.0572   963523         
Elapsed time = 78.37 sec. (23540.25 ticks, tree = 36.22 MB, solutions = 0)
   3366  1600     1256.7711   463                   1039.0572  1030671         
   3971  2125     1679.3625   367                   1039.0572  1090872         
   4631  2605     1187.7893   400                   1039.0572  1169478         
   5000  2895     1160.8327   326                   1064.2626  1204746         
   5126  3227     1293.1210   377                   1064.2626  1258543         
   5207  3414     1126.7141   386                   1064.2626  1341102         
   5423  3417     1288.7975   387                   1064.2626  1354582         
   5720  3572     1561.5133   352                   1064.2626  1435693         
   6110  3839     1443.8627   373                   1079.2327  1505330         
   6512  3899     1354.6770   378                   1081.1538  1520742         
Elapsed time = 120.57 sec. (33134.52 ticks, tree = 270.39 MB, solutions = 0)
   6912  3997     1394.1520   403                   1083.1210  1548681         
   7283  4676     1163.0903   508                   1083.1210  1696684         
   7604  4691     1238.2657   461                   1083.1210  1700533         
   7705  4977     1130.2706   346                   1084.3550  1773934         
   7731  4915     1337.9462   373                   1084.3550  1763656         

Performing restart 1

Repeating presolve.
Tried aggregator 1 time.
MIP Presolve eliminated 97 rows and 264 columns.
MIP Presolve modified 442 coefficients.
Reduced MIP has 11951 rows, 19780 columns, and 65224 nonzeros.
Reduced MIP has 10094 binaries, 9686 generals, 0 SOSs, and 0 indicators.
Presolve time = 0.07 sec. (32.79 ticks)
Tried aggregator 1 time.
MIP Presolve eliminated 26 rows and 42 columns.
MIP Presolve modified 55 coefficients.
Reduced MIP has 11925 rows, 19738 columns, and 65076 nonzeros.
Reduced MIP has 10073 binaries, 9665 generals, 0 SOSs, and 0 indicators.
Presolve time = 0.08 sec. (43.75 ticks)
Represolve time = 0.83 sec. (221.36 ticks)
   7739     0      974.9480   542                   Cuts: 257  1910502         
   7739     0     1013.1513   629                   Cuts: 285  1913447         
   7739     0     1033.2902   668                   Cuts: 330  1915411         
   7739     0     1046.4311   694                   Cuts: 291  1917234         
   7739     0     1052.9115   699                   Cuts: 284  1918630         
   7739     0     1061.1385   753                   Cuts: 232  1919952         
   7739     0     1063.8337   774                   Cuts: 225  1920694         
   7739     0     1068.7513   750                   Cuts: 153  1921374         
   7739     0     1071.1498   786                   Cuts: 171  1921901         
   7739     0     1072.3653   758                   Cuts: 180  1922297         
   7739     0     1074.2443   787                   Cuts: 127  1922910         
   7739     0     1085.1294   824                   Cuts: 160  1923675         
   7739     0     1089.0127   829                   Cuts: 189  1924241         
   7739     0     1092.2430   831                   Cuts: 142  1924722         
   7739     0     1093.0185   817                   Cuts: 133  1925117         
   7739     0     1093.6591   809                    Cuts: 99  1925353         
   7739     0     1094.2780   818                    Cuts: 71  1925660         
   7739     0     1095.1962   842                    Cuts: 81  1925906         
   7739     0     1095.9478   826                   Cuts: 106  1926286         
   7739     0     1096.2552   860                   Cuts: 113  1926549         
   7739     0     1096.7829   861                    Cuts: 61  1926782         
   7739     0     1097.0158   844                    Cuts: 59  1926897         
   7739     0     1097.0605   854                    Cuts: 59  1926951         
   7739     0     1097.1344   879                    Cuts: 40  1927019         
   7739     0     1097.2425   866                    Cuts: 42  1927106         
   7739     0     1097.4134   862                    Cuts: 43  1927253         
   7739     2     1097.4134   862                   1098.0364  1927253         
   7740     3     1102.0653   848                   1102.0732  1928383         
   7741     4     1105.5314   819                   1105.5348  1929043         
   7743     3     1125.3384   750                   1105.5348  1929497         
   7744     5     1108.2253   846                   1105.5355  1929474         
Elapsed time = 252.23 sec. (103997.75 ticks, tree = 0.02 MB, solutions = 0)
   7745     4     1150.8694   784                   1105.5355  1930486         
   7747     5     1149.6509   761                   1105.5355  1931897         
   7748     7     1157.5503   717                   1105.5355  1935044         
   7749     5     1166.1188   696                   1105.5355  1932402         
   7754     7     1138.4347   728                   1108.2265  1934926         
   7755    10     1175.7407   678                   1108.2265  1938087         
   7758     6     1149.6801   735                   1116.0292  1932014         
   7761    15     1139.7864   747                   1116.0292  1947027         
   7763    10     1178.7461   691                   1116.0292  1939492         
   7765    10     1230.1004   629                   1116.0292  1941714         
Elapsed time = 297.65 sec. (119428.81 ticks, tree = 0.02 MB, solutions = 0)
   7772    20     1144.1984   784                   1116.0960  1963450         
   7773    19     1198.0887   765                   1116.0960  1959237         
   7778    18     1200.3946   692                   1121.1881  1960611         
   7784    18     1205.8587   757                   1121.1881  1960858         
   7790    21     1259.1725   610                   1121.1881  1977356         
   7797    31    infeasible                         1121.1881  2069757         
   7809    27     1313.7547   722                   1121.2163  2002119         
   7818    35     1204.6919   702                   1121.2163  2109125         
   7838    39     1244.5426   657                   1123.9703  2192967         
   7857    28     1293.8390   643                   1123.9703  2018085         
Elapsed time = 360.43 sec. (129839.74 ticks, tree = 0.02 MB, solutions = 0)
   7883    55     1201.6092   714                   1123.9703  2289135         
   7906    57     1194.6346   760                   1123.9703  2342097         
   7922    47     1211.0049   697                   1123.9703  2228869         
   7946    49     1172.5459   806                   1123.9703  2246325         
   7970    15     1154.3992   759                   1123.9703  1963001         
   7988   102     1282.3328   692                   1123.9703  2427437         
   8015    99     1190.8958   776                   1123.9703  2425622         
   8051   125     1294.5363   683                   1123.9703  2479456         
   8087   131     1273.4489   682                   1123.9703  2520440         
   8126   176     1169.4543   780                   1123.9703  2592195         
Elapsed time = 423.22 sec. (139783.96 ticks, tree = 0.59 MB, solutions = 0)
   8168   199     1307.4017   690                   1123.9703  2613981         
   8231   257     1186.5205   719                   1123.9703  2690623         
   8305   219     1253.6516   714                   1123.9703  2636188         
   8390   251     1279.5492   673                   1123.9703  2682445         
   8509   277     1301.8646   609                   1123.9703  2696857         
   8608   259     1174.0105   802                   1123.9703  2691024         
   8726   294     1397.1517   536                   1123.9703  2717138         
   8829   352     1295.3450   609                   1123.9703  2759549         
   8910   481     1232.9573   522                   1123.9703  2810304         
   9005   492     1427.2635   614                   1123.9703  2818824         
Elapsed time = 489.73 sec. (149524.68 ticks, tree = 15.59 MB, solutions = 0)
   9044   636     1284.9578   738                   1123.9703  2888380         
   9076   832     1244.1178   637                   1123.9703  2952820         
   9108   920     1195.0204   746                   1123.9703  2998126         
   9137   838     1190.7048   778                   1123.9703  2960845         
   9173   982    infeasible                         1128.6317  3095729         
   9208   978     1417.7182   436                   1128.6317  3054547         
   9254  1000    infeasible                         1128.9467  3140603         
   9313   989     1222.2124   681                   1128.9467  3092097         
   9348  1004     1223.7676   676                   1128.9467  3137743         
   9378  1011     1334.8094   620                   1128.9467  3183563         
Elapsed time = 561.12 sec. (159311.92 ticks, tree = 32.19 MB, solutions = 0)
   9418  1080     1223.2598   682                   1128.9467  3287931         
   9457  1100    infeasible                         1136.2383  3325881         
   9500  1067     1405.2409   513                   1136.2383  3276739         
   9557  1055     1201.2060   721                   1136.2383  3259398         
   9632  1143     1185.6470   758                   1136.2383  3404584         
   9776  1099     1209.9539   730                   1137.3632  3324566         
   9921  1138     1183.2402   792                   1137.3632  3344812         
  10029  1192     1255.3331   679                   1137.3632  3466333         
  10146  1160     1229.2657   721                   1137.3632  3392898         
  10706  1604     1244.1163   797                   1137.3632  3640426         
Elapsed time = 648.05 sec. (171850.37 ticks, tree = 84.34 MB, solutions = 0)
  11251  1998     1249.1201   617                   1137.3632  3770842         
  11567  2090    infeasible                         1137.3632  3798467         
  11736  2441     1249.3460   721                   1137.6735  3931088         
  11908  2831     1207.0425   700                   1143.1787  4141431         
  12081  2897    infeasible                         1143.1787  4340951         
  12398  2889     1224.2065   725                   1143.1787  4288309         
  13007  3197     1308.3169   715                   1143.1787  4594116         
  13628  3215     1230.1766   751                   1143.1787  4599529         
  14212  3448     1252.2632   692                   1146.8508  4692384         
  14491  4482     1294.4569   537                   1146.8508  5012481         
Elapsed time = 922.24 sec. (210134.02 ticks, tree = 362.53 MB, solutions = 0)
  14647  4828    infeasible                         1146.8533  5165165         
  14785  4827     1390.9576   596                   1146.8533  5248186         
  14939  4834     1603.1820   548                   1147.0328  5257951         
  15079  4847     1228.9379   700                   1147.0328  5381545         
  15155  4895     1196.3220   789                   1147.0328  5545923         

Performing restart 2

Repeating presolve.
Tried aggregator 1 time.
MIP Presolve eliminated 76 rows and 80 columns.
MIP Presolve modified 298 coefficients.
Reduced MIP has 11849 rows, 19658 columns, and 68737 nonzeros.
Reduced MIP has 10069 binaries, 9589 generals, 0 SOSs, and 0 indicators.
Presolve time = 0.07 sec. (34.60 ticks)
Tried aggregator 1 time.
MIP Presolve eliminated 52 rows and 102 columns.
MIP Presolve modified 66 coefficients.
Reduced MIP has 11797 rows, 19556 columns, and 68403 nonzeros.
Reduced MIP has 10018 binaries, 9538 generals, 0 SOSs, and 0 indicators.
Presolve time = 0.10 sec. (46.13 ticks)
Represolve time = 1.64 sec. (480.48 ticks)
  15162     0     1113.8803   888                   Cuts: 193  5808396         
  15162     0     1116.2806   881                    Cuts: 94  5809002         
  15162     0     1117.5598   898                   Cuts: 151  5809435         
  15162     0     1121.4651   857                    Cuts: 83  5810233         
  15162     0     1122.4170   854                   Cuts: 139  5810561         
  15162     0     1122.7695   874                   Cuts: 153  5810828         
  15162     0     1122.9269   894                    Cuts: 64  5811014         
  15162     0     1123.1645   875                    Cuts: 53  5811199         
  15162     0     1123.2027   900                    Cuts: 30  5811269         
  15162     0     1123.2416   895                    Cuts: 12  5811320         
  15162     2     1123.2418   892                   1147.0328  5811320         
  15165     3     1125.5491   844                   1147.0328  5815537         
  15168     4     1214.7111   740                   1147.0328  5818466         
  15171     3     1230.2893   632                   1147.0328  5826110         
  15175     5     1137.3799   794                   1147.0328  5844838         
Elapsed time = 1209.54 sec. (302768.69 ticks, tree = 0.12 MB, solutions = 0)
  15178     5     1163.6950   706                   1147.0328  5855894         
  15181     6    infeasible                         1147.0328  5885275         
  15189     5     1218.9686   758                   1147.0328  5863876         
  15207    23     1181.8148   744                   1147.0328  5949945         
  15288    28     1326.7244   690                   1147.0328  5964146         
  15400    67     1280.1995   700                   1147.0328  6049724         
  15484   121     1231.4454   756                   1147.0328  6123309         
  15609   174    infeasible                         1147.0328  6266601         
  15766   233     1220.0577   657                   1147.0328  6389529         
  15912   350    infeasible                         1147.0328  6590633         
Elapsed time = 1425.85 sec. (341920.74 ticks, tree = 7.78 MB, solutions = 0)
  16059   382     1233.3726   683                   1148.5779  6654954         
  16179   446    infeasible                         1148.6625  6805783         
  16328   541     1202.3032   789                   1148.6625  7033617         
  16493   594    infeasible                         1148.6625  7160963         
  16650   696     1216.5733   804                   1148.8158  7275936         
  16778   697     1223.3452   745                   1148.8158  7260180         
  16942   726     1290.7086   753                   1155.9264  7390674         
  17175   791     1399.2042   552                   1158.9458  7505982         
  17406   938     1418.0271   648                   1158.9458  7739400         
  17680  1059     1640.7251   521                   1158.9458  7829514         
Elapsed time = 1704.23 sec. (380218.22 ticks, tree = 38.18 MB, solutions = 0)
  17933  1150     2450.3577   378                   1158.9458  7901085         
  18152  1249     1413.3562   637                   1158.9458  8012012         
  18345  1568     1212.3288   747                   1158.9458  8228268         
  18518  1773     2109.6606   492                   1178.9425  8546836         
  18704  1795     2025.1776   419                   1183.1128  8584603         
  18907  1781     1315.3233   680                   1183.1128  8545554         
  19115  1848     1608.3136   573                   1191.1791  8692514         
  19332  2204    infeasible                         1194.0861  9183552         
  19528  2086     1504.1540   569                   1194.0861  9033036         
  19708  2382     1319.1474   679                   1200.6686  9433077         
Elapsed time = 1991.78 sec. (418658.63 ticks, tree = 154.22 MB, solutions = 0)
  19887  2370     1262.3206   648                   1200.6686  9429304         
  20034  2536     1265.0243   698                   1200.6686  9581549         
  20236  2554     1638.6612   504                   1202.7049  9677525         
  20455  2805    infeasible                         1202.7049 10172493         
  20694  2803     1342.9301   609                   1202.7049 10140608         
  20919  3051    infeasible                         1204.4908 10469492         
  21148  3099     1509.5630   623                   1209.1138 10604798         
  21404  3186     1379.7541   580                   1209.1138 10650466         
  21610  3195     1245.7213   779                   1212.4948 10655223         
  21774  3320     1270.8006   725                   1212.4948 10861978         
Elapsed time = 2269.05 sec. (457009.80 ticks, tree = 224.98 MB, solutions = 0)
  21922  3584    infeasible                         1212.4948 11157356         
  22076  3647     1284.6513   735                   1212.4948 11258026         
  22229  3717     1375.8261   510                   1212.4948 11432810         
  22394  3787    infeasible                         1212.4948 11695152         
  22557  3816     1248.5591   715                   1212.4948 11860238         
  22736  3881    infeasible                         1217.8923 12007911         
  22886  3794    infeasible                         1217.8923 11919801         
  23037  3899    infeasible                         1223.4613 12248971         
  23214  3924     1300.2038   732                   1225.4009 12310330         
  23360  3997    infeasible                         1227.2318 12541188         
Elapsed time = 2553.60 sec. (495351.20 ticks, tree = 285.40 MB, solutions = 0)
  23502  4004    infeasible                         1227.2318 12559782         
  23646  4039    infeasible                         1227.2318 12680697         
  23810  4184     1372.9351   642                   1229.1129 13235078         
  23961  4205     1358.0775   709                   1231.7185 13352646         
  24117  4228     1340.1034   591                   1231.7185 13420591         
  24262  4239    infeasible                         1232.3699 13626439         
  24417  4249     2271.6072   403                   1232.3699 13674616         
  24565  4229    infeasible                         1232.3699 13670523         
  24713  4275     1474.4336   491                   1235.9442 13975042         
  24913  4299    infeasible                         1235.9442 14111131         
Elapsed time = 2835.27 sec. (533699.63 ticks, tree = 298.73 MB, solutions = 0)
  25114  4287     1349.0603   692                   1235.9442 14311738         
  25309  4294     1461.2709   634                   1240.6308 14251752         
  25486  4286    infeasible                         1240.6308 14323658         
  25635  4431     1437.2925   573                   1240.9394 14720256         
  25784  4565     1671.6481   512                   1243.0539 15019398         
  25945  4574     2141.0443   417                   1245.6688 15023760         
  26096  4582     1363.7235   666                   1245.6688 15157972         
  26255  4590    infeasible                         1245.6688 15511041         
  26406  4601     1269.7653   643                   1246.7620 15500017         
  26555  4557    infeasible                         1246.7620 15756106         
Elapsed time = 3119.13 sec. (572183.82 ticks, tree = 298.36 MB, solutions = 0)
  26699  4559    infeasible                         1251.9091 15606970         
  26843  4599     2460.3801   354                   1251.9091 15827531         
  26993  4563    infeasible                         1251.9091 16252933         
  27149  4558     2376.1631   388                   1252.9626 16363403         
  27281  4564    infeasible                         1257.2764 16309994         
  27416  4605     2105.9943   414                   1257.2764 16543371         
  27560  4619     2496.8714   414                   1257.2764 16645009         
  27703  4565     1401.9157   647                   1258.4095 16932395         
  27847  4555     1904.9818   467                   1262.6585 17105078         
  27990  4557    infeasible                         1262.6585 17306199         
Elapsed time = 3402.65 sec. (610646.96 ticks, tree = 294.22 MB, solutions = 0)
  28149  4564     1479.8303   619                   1262.6585 17141926         
  28311  4572     1381.5865   579                   1264.5600 17074496         
  28469  4563     1449.3984   551                   1264.5600 17265574         
  28635  4559    infeasible                         1269.6795 17797275         
  28802  4584    infeasible                         1269.6795 18015866         
  28992  4594    infeasible                         1270.4535 17956598         
  29180  4612     1361.3105   658                   1270.4535 18143308         
  29408  4675     1739.9871   401                   1270.4535 18307242         
  29656  4663     1322.9470   673                   1273.5399 18415241         
  29842  4798    infeasible                         1275.3061 18810283         
Elapsed time = 3682.60 sec. (649083.01 ticks, tree = 317.66 MB, solutions = 0)
  30020  4676     1561.0388   561                   1277.8734 18666541         
  30168  4701    infeasible                         1277.9332 18709434         
  30315  4844    infeasible                         1277.9332 19064997         
  30462  4810    infeasible                         1277.9332 18985803         
  30618  4938    infeasible                         1283.8996 19424151         
  30782  4864    infeasible                         1285.5987 19607090         
  30933  4807    infeasible                         1289.1467 19765132         
  31090  4714     1709.0456   513                   1291.8628 20172866         
  31265  4715     2551.8393   407                   1294.0751 20195053         
  31435  4738     1547.6100   591                   1294.9132 20052422         
Elapsed time = 3961.66 sec. (687501.12 ticks, tree = 300.46 MB, solutions = 0)
  31595  4722    infeasible                         1294.9132 20154561         
  31748  4617    infeasible                         1294.9132 20454480         
  31923  4617    infeasible                         1294.9132 20853710         
  32090  4602    infeasible                         1294.9132 20927184         
  32243  4650    infeasible                         1295.8399 20746942         
  32421  4600    infeasible                         1295.8399 20937677         
  32579  4568    infeasible                         1295.8399 21052927         
  32736  4608     1707.5558   409                   1308.0823 21228757         
  32884  4575     1482.9600   662                   1308.0823 21305566         
  33038  4466    infeasible                         1308.0823 21803910         
Elapsed time = 4223.12 sec. (725948.25 ticks, tree = 282.02 MB, solutions = 0)
  33190  4463    infeasible                         1308.0823 21808177         
  33356  4349    infeasible                         1314.2712 22210118         
  33498  4452    infeasible                         1314.2712 21802647         
  33669  4310     1965.3952   454                   1314.2712 22424494         
  33825  4271    infeasible                         1314.2712 22504515         
  33979  4267     1380.3137   637                   1322.1716 22538755         
  34144  4334     1552.5654   642                   1322.1716 22317133         
  34295  4137     2312.4964   474                   1322.1716 23119860         
  34465  4119    infeasible                         1327.0937 23003211         
  34634  4111     1416.5468   690                   1333.5474 23171402         
Elapsed time = 4504.67 sec. (764298.11 ticks, tree = 241.77 MB, solutions = 0)
  34820  4080    infeasible                         1333.5474 23375880         
  35012  4108     1447.9715   621                   1335.4778 23300758         
  35180  4002     1478.5159   651                   1340.2654 23850682         
  35336  4023    infeasible                         1340.2654 23540972         
  35504  4001    infeasible                         1340.2654 23669516         
  35662  3985     1579.2849   585                   1348.8062 23881017         
  35848  3977    infeasible                         1352.8652 23957737         
  36023  3853    infeasible                         1356.3455 24516516         
  36193  3824    infeasible                         1356.3455 24584173         
  36362  3880    infeasible                         1361.1421 24320247         
Elapsed time = 4781.80 sec. (802794.69 ticks, tree = 225.38 MB, solutions = 0)
  36561  3780    infeasible                         1366.3334 24995047         
  36795  3753     1691.4083   595                   1369.4485 24843552         
  37023  3742     1755.1123   489                   1371.0469 24891422         
  37311  3725     1598.9971   414                   1374.1480 24960021         
  37562  3683    infeasible                         1379.6593 25409596         
  37903  3691     1465.7671   673                   1383.1355 25429810         
  38209  3708     1502.3439   641                   1384.6738 25468725         
  38554  3755     2002.8145   509                   1386.1663 26071530         
  38835  3712    infeasible                         1390.5405 25851394         
  39053  3957     2255.7494   495                   1395.3597 26735524         
Elapsed time = 5052.50 sec. (841060.51 ticks, tree = 240.08 MB, solutions = 0)
  39256  3771    infeasible                         1398.6164 26298003         
  39457  3832    infeasible                         1400.9298 26547839         
  39646  3808     1833.1805   574                   1404.6712 26500574         
  39864  3933     1599.9102   569                   1412.4024 27048164         
  40052  3869     2001.4061   336                   1416.6635 27256810         
  40262  3871     1485.8294   570                   1418.2710 27339409         
  40497  3874     1633.5972   606                   1421.0781 27344670         
  40697  3853     1783.2904   578                   1426.0233 27447360         
  40898  3666    infeasible                         1428.6971 27954076         
  41154  3702     1663.5099   495                   1428.6971 27991529         
Elapsed time = 5325.98 sec. (879436.26 ticks, tree = 204.01 MB, solutions = 0)
  41425  3663    infeasible                         1428.6971 28267930         
  41715  3681    infeasible                         1428.6971 27874879         
  42040  3728     1723.7569   557                   1465.2360 28180728         
  42373  3666     1582.2302   540                   1476.1094 28795030         
  42752  3677    infeasible                         1480.5648 29034657         
  43102  3664     1921.7447   456                   1481.7803 28380982         
  43450  3687     2422.3838   442                   1484.8941 28511230         
  43804  3654     1669.4522   625                   1496.3770 28870483         
  44127  3677    infeasible                         1507.2922 29058520         
  44425  3704    infeasible                         1512.2000 29625002         
Elapsed time = 5594.37 sec. (917792.79 ticks, tree = 220.64 MB, solutions = 0)
  44691  3682    infeasible                         1515.7517 29846665         
  44912  3767     1805.9339   632                   1525.5205 30103090         
  45156  3708    infeasible                         1544.9360 29975907         
  45363  3626     2718.5622   427                   1553.5841 30621545         
  45571  3733    infeasible                         1555.4604 30287854         
  45794  3568     1703.3294   493                   1560.9259 30854120         
  46002  3596     2131.6777   292                   1569.1036 30757574         
  46221  3618    infeasible                         1569.1036 30641740         
  46456  3437     1748.8204   560                   1569.1036 31281290         
  46687  3452     2148.1438   410                   1569.1036 31353734         
Elapsed time = 5864.58 sec. (956310.13 ticks, tree = 173.74 MB, solutions = 0)
  46993  3398     1815.9166   546                   1569.8503 31459106         
  47297  3238     1797.5088   529                   1606.9003 31771924         
  47644  3452    infeasible                         1616.0071 31428546         
  48002  3126    infeasible                         1616.0071 32061250         
  48343  3238     2011.7348   502                   1616.0071 31790918         
  48701  3097     1919.9139   530                   1635.0261 32305118         
  49046  3080    infeasible                         1654.9218 32368129         
  49341  3119     2032.9105   410                   1661.9179 32491553         
  49601  3086    infeasible                         1677.8306 32590959         
  49873  3064     2258.6975   531                   1682.9793 32871707         
Elapsed time = 6131.25 sec. (994749.31 ticks, tree = 137.20 MB, solutions = 0)
  50139  3081    infeasible                         1695.1231 32725483         
  50366  2805    infeasible                         1714.2610 33534098         
  50565  2610    infeasible                         1724.7549 33851238         
  50798  2643     1970.6878   424                   1730.4609 33813003         
  51037  2627    infeasible                         1733.3613 33795620         
  51256  2656    infeasible                         1741.2616 33733785         
  51490  2327     2260.3750   471                   1751.5908 34213073         
  51746  1934    infeasible                         1772.1108 34638413         
  51978  2207    infeasible                         1776.9393 34350549         
  52218  2024     2473.5487   439                   1782.0527 34546507         
Elapsed time = 6393.66 sec. (1033003.81 ticks, tree = 63.21 MB, solutions = 0)
  52468  2044    infeasible                         1792.3836 34528062         
  52698  1702    infeasible                         1809.8450 34872894         
  52942  1556    infeasible                         1845.9075 34994731         
  53205  1458    infeasible                         1860.0597 35110798         
  53486  1054     2657.3615   513                   1867.7625 35515465         
  53784  1220     2789.4621   221                   1885.1627 35404480         
  54061  1250     2779.5800   219                   1933.4643 35405467         
  54329   528     2676.3417   495                   1967.2491 36009023         
  54610   484     2786.0756   259                   1971.5098 36215200         
  55180   404     2807.8595   223                   1971.5098 36328906         
Elapsed time = 6645.08 sec. (1071266.15 ticks, tree = 6.60 MB, solutions = 0)
  56054   411     2766.0713   249                   1971.5098 36455712         
  57054   401     2758.4729   237                   1971.5098 36353617         
  58084   445     2835.3584   191                   1971.5098 36394685         
  59379   695     2829.8861   248                   1971.5098 36496011         
  61698  3231     2942.7361   184                   1971.5098 36655204         
  63895  2084     2924.5016   140                   1971.5098 36576015         
  66160  2698     2893.5950    94                   1971.5098 36618605         
  68293   823     3140.7286   121                   1971.5098 36499774         
  70389  1649     2956.9133   182                   1971.5098 36535603         
  73098 12020     3046.5099   129                   1971.5098 36950498         
Elapsed time = 6875.16 sec. (1109436.62 ticks, tree = 277.11 MB, solutions = 0)
* 74609+ 6995                         3299.3792     1971.5098            40.25%
  76197  6776     3149.7223   118     3299.3792     2484.3173 36762809   24.70%
* 78034+14855                         3299.2454     2484.3173            24.70%
* 78364+16250                         3218.7552     2484.3173            22.82%
  79525 12481     3141.8113    63     3218.7552     2484.3173 36970805   22.82%
  82875 16840     2825.7131   239     3218.7552     2484.3173 37137365   22.82%
* 83993+17138                         3195.5055     2484.3173            22.26%
* 84016+17020                         3149.7822     2484.3173            21.13%
* 85574+17449                         3055.7624     2484.3173            18.70%
  86318 16832     2794.2477   202     3055.7624     2484.3173 37206819   18.70%
* 87502+17956                         2998.3089     2507.9889            16.35%
  89949 14489     2899.1652   152     2998.3089     2507.9889 37058575   16.35%
* 90212+17328                         2997.8904     2507.9889            16.34%
* 91158+16921                         2988.7913     2507.9889            16.09%
* 91757+18667                         2966.7687     2507.9889            15.46%
* 92657+18267                         2966.5788     2574.9542            13.20%
  94555 18874     2956.1265   111     2966.5788     2574.9542 37636047   13.20%
* 99037+18852                         2964.9517     2574.9542            13.15%
  99430 20428     2855.3514   290     2964.9517     2592.2023 37691154   12.57%
*100990+21120                         2963.0972     2592.2023            12.52%
 104205 17295     2838.4174   176     2963.0972     2592.2023 37403213   12.52%
*105980+19730                         2960.3058     2592.2023            12.43%
*107251+21738                         2956.7745     2592.2023            12.33%
 109457 19306     2786.8493   249     2956.7745     2592.2023 37576456   12.33%
*109493+23641                         2949.8218     2592.2023            12.12%
 114741 24524     2764.0369   280     2949.8218     2729.1431 37857103    7.48%
Elapsed time = 7096.49 sec. (1147593.42 ticks, tree = 581.70 MB, solutions = 64)
*116782+22849                         2905.8916     2729.1431             6.08%
 119938 26139     2829.6863   248     2905.8916     2729.3283 38130653    6.08%
*120321+26755                         2895.4076     2729.3283             5.74%
 125165 25698     2828.2840   227     2895.4076     2734.7876 37901265    5.55%
 130316 25858     2917.4291   241     2895.4076     2734.7876 37904983    5.55%
 135625 25802     2921.8738   170     2895.4076     2737.3215 37903455    5.46%
*140273+27369                         2889.6661     2737.4163             5.27%
 140925 36861     2866.7205   216     2889.6661     2737.4163 38625841    5.27%
*144813+37787                         2889.2439     2739.9212             5.17%
 146319 36155     2817.3849   258     2889.2439     2739.9212 38548174    5.17%
 151462 36830     2830.1620   281     2889.2439     2739.9212 38571440    5.17%
*151848+44321                         2886.1495     2739.9212             5.07%
*152816+36739                         2884.7720     2739.9212             5.02%
*154373+45983                         2884.3498     2739.9212             5.01%
 156557 46632     2777.3263   230     2884.3498     2741.7030 38933087    4.95%
 161696 37729     2854.3582   210     2884.3498     2741.7030 38664585    4.95%
 166689 50799     2870.9925   241     2884.3498     2741.8835 39034676    4.94%
Elapsed time = 7320.49 sec. (1185749.20 ticks, tree = 1205.31 MB, solutions = 92)
*167741+46925                         2884.0239     2741.8835             4.93%
*170111+56488                         2883.5693     2742.7758             4.88%
*170744+45694                         2881.4916     2742.7758             4.81%
 171782 48445     2785.8667   319     2881.4916     2743.9896 38982623    4.77%
 176431 59499     2877.5269   201     2881.4916     2744.3008 39258345    4.76%
*177390+62671                         2878.6487     2744.5313             4.66%
*178018+57415                         2876.0613     2744.5313             4.57%
 181212 51193     2756.5869   268     2876.0613     2744.6519 39043143    4.57%
*181303+63412                         2875.2808     2744.6519             4.54%
*181917+62742                         2874.3120     2744.6519             4.51%
 186672 64464     2777.2246   323     2874.3120     2745.0420 39413546    4.50%
*190455+65659                         2873.9978     2745.2949             4.48%
 192162 73984     2858.3725   222     2873.9978     2745.2949 39765265    4.48%
*195718+68541                         2871.6613     2745.2949             4.40%
*197411+75526                         2870.7459     2746.0543             4.34%
 197626 73405     2769.9080   330     2870.7459     2746.0543 39752320    4.34%
 202717 77744     2860.9796   230     2870.7459     2746.4920 39925637    4.33%
 207731 74368     2842.4530   332     2870.7459     2746.6394 39778242    4.32%
*208150+72303                         2865.6552     2746.7604             4.15%
 212771 73039     2815.1728   278     2865.6552     2747.0239 39745719    4.14%
 217337 76903     2763.0780   338     2865.6552     2747.0239 39839423    4.14%
Elapsed time = 7543.81 sec. (1223900.10 ticks, tree = 1838.42 MB, solutions = 118)
 222432 92885     2804.8567   273     2865.6552     2747.0239 40397238    4.14%
*225330+84551                         2862.5882     2747.0239             4.04%
 227314 89705     2841.1718   226     2862.5882     2747.0239 40318346    4.04%
 232289 88492     2823.4964   205     2862.5882     2748.1770 40283471    4.00%
 236665 101847     2844.0326   191     2862.5882     2748.1770 40672921    4.00%
 240842 96222     2783.3832   325     2862.5882     2748.1770 40534743    4.00%
*244534+102792                         2862.5680     2748.1770             4.00%
 245490 112415     2781.5992   308     2862.5680     2748.1770 40903195    4.00%
*248803+101743                         2862.3234     2748.1770             3.99%
 249459 111956     2823.8937   260     2862.3234     2748.1770 40893459    3.99%
 252774 115860     2815.2743   197     2862.3234     2748.1770 40971120    3.99%
*254966+110665                         2859.9608     2748.1770             3.91%
 255447 113784     2828.2916   226     2859.9608     2748.1770 40935190    3.91%
 256984 117978     2826.8561   247     2859.9608     2748.1770 41014885    3.91%
Elapsed time = 7745.88 sec. (1262060.28 ticks, tree = 3234.86 MB, solutions = 125)
Nodefile size = 1162.73 MB (553.66 MB after compression)
 258432 119785     2760.2485   305     2859.9608     2748.1770 41057796    3.91%
 259617 117034     2856.6349   178     2859.9608     2748.1770 40997935    3.91%
*260005+119807                         2856.0199     2748.1770             3.78%
 260982 120630     2804.5190   241     2856.0199     2748.1770 41076873    3.78%
*262258+116013                         2853.9337     2748.1770             3.71%
*262386+116639                         2853.3503     2748.1770             3.69%
 262618 120844     2833.9233   207     2853.3503     2748.1770 41080052    3.69%
 264313 118182     2833.8029   207     2853.3503     2748.1770 41194817    3.69%
*265384+114821                         2851.1698     2748.1770             3.61%
*265774+116754                         2849.5959     2748.1770             3.56%
 266336 121563     2812.1240   276     2849.5959     2748.1770 41130006    3.56%
*266880+118011                         2848.5576     2748.1770             3.52%
*267907+112742                         2844.9341     2748.1770             3.40%
*268225+113219                         2839.1259     2748.1770             3.20%
 268565 118518     2775.9197   282     2839.1259     2748.1770 41202168    3.20%
 271252 97810     2814.7820   309     2839.1259     2748.1770 41386774    3.20%
 274215 112397     2780.8099   245     2839.1259     2748.1770 41338378    3.20%
*274630+102696                         2838.9999     2748.1770             3.20%
 277869 101443     2811.1608   195     2838.9999     2748.1770 41477823    3.20%
Elapsed time = 8046.50 sec. (1300221.89 ticks, tree = 4584.49 MB, solutions = 147)
Nodefile size = 2495.98 MB (1423.91 MB after compression)
*280022+102416                         2837.1359     2750.9496             3.04%
 282824 103519     2815.5239   202     2837.1359     2750.9496 41532492    3.04%
 287698 109273     2829.6000   230     2837.1359     2750.9496 41698638    3.04%
*289977+112353                         2832.0216     2750.9496             2.86%
 292643 105732     2777.0509   315     2832.0216     2750.9496 41932586    2.86%
*296073+105809                         2830.4005     2750.9496             2.81%
 297079 111692     2797.1953   229     2830.4005     2750.9496 41760205    2.81%
 301794 113829     2810.5397   192     2830.4005     2751.5215 41886512    2.79%
 306760 107269     2814.0430   375     2830.4005     2752.3313 42059025    2.76%
*307036+110699                         2830.0553     2752.3313             2.75%
*307742+109035                         2828.7821     2752.3313             2.70%
 311438 108164     2803.3160   247     2828.7821     2752.5921 42084288    2.69%
 316225 116770     2781.0257   242     2828.7821     2752.8795 42327088    2.68%
 321461 116226     2794.8499   295     2828.7821     2753.3373 42413374    2.67%
*323608+115770                         2828.1452     2753.4456             2.64%
 326505 128529     2794.6386   247     2828.1452     2753.6111 42731591    2.64%
Elapsed time = 8307.10 sec. (1338375.86 ticks, tree = 9457.38 MB, solutions = 159)
Nodefile size = 7391.46 MB (4613.85 MB after compression)
*330069+119906                         2826.7501     2753.8648             2.58%
*330126+119040                         2826.6959     2753.8648             2.58%
 331382 128176     2777.6647   316     2826.6959     2753.9217 42723622    2.57%
*333272+123593                         2825.6331     2754.0349             2.53%
 336327 128866     2812.7637   271     2825.6331     2754.1824 42771620    2.53%
*336975+131102                         2825.4681     2754.1907             2.52%
 341184 135025     2799.9973   240     2825.4681     2754.3806 43106922    2.52%
 346220 130798     2775.5324   323     2825.4681     2754.5158 42907640    2.51%
 351497 134283     2822.3038   311     2825.4681     2754.7207 43085076    2.50%
 356222 150164     2810.2446   280     2825.4681     2754.9559 43502134    2.50%
 361463 151189     2792.8961   225     2825.4681     2755.1602 43531010    2.49%
 366591 154216     2800.6595   233     2825.4681     2755.4163 43600623    2.48%
 371788 153037     2818.3560   283     2825.4681     2755.6387 43571495    2.47%
 376751 158994     2813.4332   307     2825.4681     2755.7486 43720204    2.47%
Elapsed time = 8574.40 sec. (1376531.03 ticks, tree = 14169.86 MB, solutions = 166)
Nodefile size = 12069.23 MB (7705.05 MB after compression)
 381885 172426     2789.0388   293     2825.4681     2756.1051 44055461    2.45%
*382399+169294                         2823.3818     2756.1560             2.38%
 386841 166529     2811.8828   240     2823.3818     2756.3540 43912860    2.37%
 391909 170486     2798.4941   287     2823.3818     2756.5142 44201110    2.37%
 396729 172372     2789.3460   325     2823.3818     2756.6267 44251971    2.36%
 401800 178253     2774.7060   297     2823.3818     2756.9309 44400110    2.35%
 406691 184528     2808.6613   231     2823.3818     2757.0353 44595124    2.35%
 411668 184228     2786.5670   222     2823.3818     2757.2110 44588431    2.34%
 416536 199252     2812.0597   212     2823.3818     2757.4847 45001187    2.33%
 421401 201534     2793.9287   177     2823.3818     2757.6301 45059273    2.33%
 426317 202852     2779.4709   323     2823.3818     2757.8190 45095398    2.32%
Elapsed time = 8844.01 sec. (1414684.56 ticks, tree = 20612.63 MB, solutions = 168)
Nodefile size = 18525.11 MB (11978.91 MB after compression)
 431342 214091     2784.0583   275     2823.3818     2758.0976 45407989    2.31%
 436458 207580     2795.3400   205     2823.3818     2758.2162 45223044    2.31%
 441450 217818     2778.7113   305     2823.3818     2758.4475 45512924    2.30%
 446443 218448     2795.0127   325     2823.3818     2758.6964 45525272    2.29%
 451445 221833     2787.8655   277     2823.3818     2758.7907 45627487    2.29%
 456583 226259     2821.7974   147     2823.3818     2758.9631 45733176    2.28%
 461519 234617     2787.7905   304     2823.3818     2759.1285 45957000    2.28%
 466370 236092     2810.1813   243     2823.3818     2759.2415 45996866    2.27%
 471573 243975     2807.4792   278     2823.3818     2759.3873 46211505    2.27%
 476608 248981     2783.5803   324     2823.3818     2759.5863 46334170    2.26%
Elapsed time = 9124.26 sec. (1452836.29 ticks, tree = 27048.23 MB, solutions = 168)
Nodefile size = 24965.04 MB (16240.18 MB after compression)
 481744 256675     2822.4984   115     2823.3818     2759.6795 46544028    2.26%
 486684 263547     2808.8231   206     2823.3818     2759.8444 46726298    2.25%
*487692+263176                         2822.7306     2759.8675             2.23%
 491697 261322     2819.9545   246     2822.7306     2759.9469 46666392    2.22%
 496415 267496     2789.5601   195     2822.7306     2760.1084 46909350    2.22%
 501576 268721     2802.0470   211     2822.7306     2760.3096 46943308    2.21%
 506791 273275     2785.6441   272     2822.7306     2760.3842 47064212    2.21%
 511707 275799     2807.6953   214     2822.7306     2760.5278 47128465    2.20%
 516752 279414     2810.9501   216     2822.7306     2760.6549 47220087    2.20%
 521933 288571     2811.0100   178     2822.7306     2760.7550 47456928    2.20%
 526736 292065     2776.7809   227     2822.7306     2760.8605 47549110    2.19%
Elapsed time = 9409.74 sec. (1490989.74 ticks, tree = 33134.30 MB, solutions = 169)
Nodefile size = 31067.37 MB (20284.36 MB after compression)
 531931 299222     2809.2054   151     2822.7306     2760.9819 47730927    2.19%
 536554 306809     2800.2963   218     2822.7306     2761.1099 47941926    2.18%
 541441 313478     2793.5075   285     2822.7306     2761.2376 48140742    2.18%
 546536 307385     2809.5102   168     2822.7306     2761.3064 47960115    2.18%
 551369 315563     2790.6221   271     2822.7306     2761.4107 48205056    2.17%
 556333 318077        cutoff           2822.7306     2761.4907 48287102    2.17%
 561258 327562     2817.5158   215     2822.7306     2761.6125 48541051    2.17%
 565850 327146     2812.6364   251     2822.7306     2761.7056 48525431    2.16%
 570571 335161     2808.4678   281     2822.7306     2761.7808 48756638    2.16%
 575584 339498     2819.2532   196     2822.7306     2761.9063 48886188    2.15%
Elapsed time = 9669.44 sec. (1529145.95 ticks, tree = 37725.82 MB, solutions = 169)
Nodefile size = 35660.84 MB (23228.22 MB after compression)
 580481 346973     2807.7788   226     2822.7306     2761.9662 49100755    2.15%
 585078 345079     2817.4643   197     2822.7306     2762.0405 49047482    2.15%
 589818 351316     2783.9574   278     2822.7306     2762.1837 49222784    2.14%
 594492 354332     2818.3111   209     2822.7306     2762.2778 49317401    2.14%
 599381 362256     2802.3203   225     2822.7306     2762.3788 49559879    2.14%
 604431 361863     2784.2928   320     2822.7306     2762.4529 49540860    2.14%
 609245 373588     2783.2536   270     2822.7306     2762.5492 49907343    2.13%
 614298 371096     2791.0730   288     2822.7306     2762.6500 49830136    2.13%
 619360 381969     2798.1187   297     2822.7306     2762.7296 50130787    2.13%
 623915 387750     2814.2885   117     2822.7306     2762.8015 50291033    2.12%
Elapsed time = 9928.74 sec. (1567305.85 ticks, tree = 42605.24 MB, solutions = 169)
Nodefile size = 40541.21 MB (26375.40 MB after compression)
 628567 385315     2797.8232   266     2822.7306     2762.8879 50232814    2.12%
 633603 391510     2809.4195   271     2822.7306     2763.0029 50390401    2.12%
 638843 397706     2821.5255   189     2822.7306     2763.1050 50586035    2.11%
 643928 404699     2818.3431   210     2822.7306     2763.1956 50793285    2.11%
 648743 409497     2814.3835   155     2822.7306     2763.2314 50921425    2.11%
 654012 412127     2820.2939   254     2822.7306     2763.3319 50989138    2.10%
 658881 412873     2811.2997   201     2822.7306     2763.4075 51012340    2.10%
 664233 421567     2790.3815   251     2822.7306     2763.4870 51257966    2.10%
 669666 429782     2817.1734   207     2822.7306     2763.5767 51477188    2.10%
 674754 434206     2779.6725   296     2822.7306     2763.6343 51582198    2.09%
Elapsed time = 10196.17 sec. (1605462.02 ticks, tree = 47385.67 MB, solutions = 169)
Nodefile size = 45321.85 MB (29459.48 MB after compression)
 679588 441962     2821.3796   152     2822.7306     2763.6999 51793036    2.09%
