Version identifier: 22.1.1.0 | 2022-11-28 | 9160aff4d
CPXPARAM_TimeLimit                               20400
Tried aggregator 1 time.
MIP Presolve eliminated 19040 rows and 10945 columns.
MIP Presolve modified 13021 coefficients.
Reduced MIP has 11539 rows, 18877 columns, and 62684 nonzeros.
Reduced MIP has 9592 binaries, 9285 generals, 0 SOSs, and 0 indicators.
Presolve time = 0.11 sec. (63.05 ticks)
Probing fixed 153 vars, tightened 24 bounds.
Probing changed sense of 14 constraints.
Probing time = 0.32 sec. (70.60 ticks)
Cover probing fixed 0 vars, tightened 1 bounds.
Tried aggregator 1 time.
Detecting symmetries...
MIP Presolve eliminated 442 rows and 464 columns.
MIP Presolve modified 22 coefficients.
Reduced MIP has 11097 rows, 18413 columns, and 60283 nonzeros.
Reduced MIP has 9438 binaries, 8975 generals, 0 SOSs, and 0 indicators.
Presolve time = 0.10 sec. (54.60 ticks)
Probing fixed 137 vars, tightened 0 bounds.
Probing time = 0.17 sec. (64.12 ticks)
Cover probing fixed 68 vars, tightened 0 bounds.
Clique table members: 28636.
MIP emphasis: balance optimality and feasibility.
MIP search method: dynamic search.
Parallel mode: deterministic, using up to 32 threads.
Root relaxation solution time = 2.76 sec. (382.00 ticks)

        Nodes                                         Cuts/
   Node  Left     Objective  IInf  Best Integer    Best Bound    ItCnt     Gap

      0     0      844.0874   194                    844.0874       23         
      0     0      918.0432   320                   Cuts: 285     1725         
      0     0      934.6745   359                   Cuts: 193     2564         
      0     0      941.5860   483                   Cuts: 122     3126         
      0     0      945.3572   449                   Cuts: 119     3574         
      0     0      948.4306   407                    Cuts: 93     4010         
Detecting symmetries...
      0     0      963.3736   446                    Cuts: 34     4805         
      0     0      970.6658   477                    Cuts: 55     5177         
      0     0      972.3947   435                    Cuts: 50     5443         
      0     0      972.8049   442                    Cuts: 22     5530         
      0     0      972.8982   457                    Cuts: 15     5592         
      0     0      986.1842   463                    Cuts: 28     6109         
      0     0      986.5342   440                    Cuts: 27     6253         
      0     0      986.6935   478                    Cuts: 22     6390         
      0     0      989.0435   478                    Cuts: 16     6581         
      0     0      989.0993   513                    Cuts: 18     6634         
Detecting symmetries...
      0     2      989.0993   513                    989.0993     6634         
Elapsed time = 18.69 sec. (8952.60 ticks, tree = 0.02 MB, solutions = 0)
      2     4     1045.6155   419                    989.1186     7681         
      6     7     1023.5160   473                    989.9034     8710         
     10     6      991.6402   472                    989.9034     8157         
     17    17     1100.7503   416                    991.6449    23820         
     35    14     1058.4087   495                    994.0334    17283         
     60    38     1059.4307   472                    994.0334    57793         
    133    59     1072.6040   447                    994.0334    64927         
    199    91     1198.0408   458                    994.0334    82832         
    228    79     1130.4715   431                    997.3160    78702         
    303   188     1165.5602   484                    997.3160   126209         
Elapsed time = 35.99 sec. (12341.93 ticks, tree = 1.14 MB, solutions = 0)
    493   228     1149.7862   405                    997.3160   220959         
    744   312     1233.0170   405                    997.3160   267184         
    844   428     1221.2840   412                    997.3160   344021         
   1067   446     1382.7527   313                   1002.8033   372519         
   1324   489     1253.2222   419                   1002.8033   399031         
   1612   770    infeasible                         1002.8033   517035         
   1843   863     1070.0414   473                   1002.8033   549758         
   1983   962     1200.4875   461                   1002.8033   580729         
   2084  1167     1217.4404   337                   1002.8033   685537         
   2380  1162     1111.2953   431                   1014.4868   703317         
Elapsed time = 83.27 sec. (21935.65 ticks, tree = 28.87 MB, solutions = 0)
   2785  1477     1152.7942   421                   1014.4868   813428         
   3152  1740     1191.1988   404                   1014.4868   869605         
   3496  1967     1257.7908   404                   1014.4868   925904         
   3829  2299     1250.8794   444                   1016.6798   999995         
   4093  2193     1413.9678   419                   1016.6798   964223         
   4396  2563     1429.3072   375                   1016.6798  1067447         
   4641  2679     1101.2753   498                   1016.6798  1104245         
   4807  2790     1147.4793   542                   1016.6798  1140113         
   4897  3223     1195.1393   387                   1016.6798  1276421         
   5176  3268     1830.9705   308                   1016.6798  1320235         
Elapsed time = 129.54 sec. (31515.54 ticks, tree = 187.85 MB, solutions = 0)
   5647  3337     1846.3974   346                   1016.6798  1321542         
   6229  3336     1689.4603   366                   1016.6798  1359650         
   6799  4003     1701.4392   408                   1021.7251  1471376         
   7282  4814     1723.3859   395                   1021.7251  1589517         
   7801  4955     1868.4434   345                   1024.5328  1612889         
   8295  5209     1984.1841   290                   1024.8218  1642388         
   8706  5885     1887.9721   347                   1024.8218  1757725         
   8958  6075    infeasible                         1024.8218  1815056         
   9057  6441     1163.4080   409                   1024.8218  1859878         
   9264  6563    infeasible                         1024.8218  1914610         
Elapsed time = 175.34 sec. (41096.75 ticks, tree = 516.18 MB, solutions = 0)
   9598  6573     1349.0033   452                   1043.2418  1973725         
   9983  6850     1480.0324   310                   1043.2418  2060105         
  10344  6978     2002.1891   284                   1043.2418  2082199         
  10732  7035     1385.2684   374                   1048.8973  2124589         
  11167  7384     1308.5194   334                   1048.8973  2199850         
  11754  7831     1500.3423   321                   1048.8973  2279117         
  12360  8164     1079.9542   422                   1048.8973  2346606         
  12737  8608     1108.7411   412                   1048.8973  2388611         
  12900  8653     1194.8637   406                   1048.8973  2404135         
  12971  9091    infeasible                         1048.8973  2476398         
Elapsed time = 219.02 sec. (50657.26 ticks, tree = 769.86 MB, solutions = 0)
  13071  9307     2314.1769   223                   1048.8973  2584152         
  13370  9372     2358.4994   242                   1048.8973  2585931         
  13737  9588     1906.0122   308                   1048.8973  2702571         
  14182  9333     1158.7349   495                   1048.8973  2658105         
  14598  9753     1202.8929   326                   1048.8973  2788399         
  15092  9844     1220.7992   474                   1048.8973  2798106         
  15567 10266     1265.4313   440                   1048.8973  2864584         
  16054 10993    infeasible                         1048.8973  2989155         
  16456 11333     2799.5924   207                   1048.8973  3020738         
  16648 11627     1251.0825   394                   1048.8973  3106128         
Elapsed time = 266.48 sec. (60216.93 ticks, tree = 978.82 MB, solutions = 0)
  16806 12047    infeasible                         1048.8973  3184497         
  16947 12162     1231.1563   431                   1048.8973  3236048         
  17330 12215     1709.4695   298                   1048.8973  3244759         
  17800 12229     1243.4919   476                   1048.8973  3325736         
  18295 12424     1945.8080   273                   1048.8973  3331319         
  18679 12761     2073.4695   409                   1048.8973  3386752         
  18891 12765     1151.9982   379                   1048.8973  3401354         

Performing restart 1

Repeating presolve.
Tried aggregator 1 time.
MIP Presolve eliminated 135 rows and 300 columns.
MIP Presolve modified 491 coefficients.
Reduced MIP has 10962 rows, 18113 columns, and 59483 nonzeros.
Reduced MIP has 9231 binaries, 8882 generals, 0 SOSs, and 0 indicators.
Presolve time = 0.06 sec. (30.41 ticks)
Tried aggregator 1 time.
MIP Presolve eliminated 85 rows and 127 columns.
MIP Presolve modified 145 coefficients.
Reduced MIP has 10877 rows, 17986 columns, and 59078 nonzeros.
Reduced MIP has 9180 binaries, 8806 generals, 0 SOSs, and 0 indicators.
Presolve time = 0.09 sec. (41.75 ticks)
Represolve time = 1.05 sec. (196.89 ticks)
  18895     0     1055.0929   599                   Cuts: 219  3573860         
  18895     0     1084.6686   558                   Cuts: 255  3576087         
  18895     0     1099.6730   594                   Cuts: 246  3578137         
  18895     0     1115.5106   658                   Cuts: 246  3579429         
  18895     0     1122.0820   705                   Cuts: 286  3580223         
  18895     0     1128.0473   686                   Cuts: 199  3581060         
  18895     0     1133.2484   737                   Cuts: 164  3581609         
  18895     0     1137.5086   742                   Cuts: 223  3582385         
  18895     0     1140.8010   751                   Cuts: 147  3583061         
  18895     0     1143.6739   778                   Cuts: 200  3583698         
  18895     0     1144.8961   775                   Cuts: 147  3584115         
  18895     0     1145.6504   767                   Cuts: 131  3584374         
  18895     0     1146.0128   770                   Cuts: 103  3584645         
  18895     0     1147.3528   689                   Cuts: 146  3584967         
  18895     0     1148.0530   761                    Cuts: 94  3585286         
  18895     0     1148.2802   776                    Cuts: 94  3585463         
  18895     0     1148.4566   802                    Cuts: 76  3585608         
  18895     0     1148.6372   808                    Cuts: 85  3585755         
  18895     0     1148.7203   802                    Cuts: 47  3585900         
  18895     0     1148.8075   803                    Cuts: 26  3586028         
  18895     0     1148.8492   809                    Cuts: 32  3586107         
  18895     0     1148.8767   793                    Cuts: 22  3586153         
  18895     2     1148.8767   793                   1148.8767  3586153         
  18896     3     1150.8966   775                   1150.9904  3586694         
  18897     3     1169.9966   712                   1150.9904  3587792         
Elapsed time = 383.90 sec. (122397.62 ticks, tree = 0.02 MB, solutions = 0)
  18898     4     1153.1314   755                   1153.1349  3587310         
  18899     4     1170.0469   676                   1153.1349  3588481         
  18900     5     1186.4042   685                   1153.1349  3589720         
  18901     6     1183.4458   642                   1153.1349  3590933         
  18902     7     1200.4412   593                   1153.1349  3592382         
  18903     7     1177.9782   692                   1153.1349  3591710         
  18904     5     1218.5329   682                   1153.1349  3590591         
  18907     9     1204.5092   583                   1153.1349  3595923         
  18911     6     1157.4134   704                   1155.7622  3589963         
  18916     9     1199.1787   627                   1157.4144  3594767         
Elapsed time = 414.59 sec. (139329.37 ticks, tree = 0.02 MB, solutions = 0)
  18919    12     1236.0242   672                   1157.4144  3599678         
  18920     8     1191.9223   694                   1157.4144  3593029         
  18923    10     1204.5852   574                   1157.4144  3595999         
  18925    16     1212.8118   641                   1157.4144  3607180         
  18928    13     1181.7595   636                   1157.4144  3603979         
  18936    14     1205.3024   665                   1157.4522  3605300         
  18941    12     1220.0967   640                   1157.4522  3608168         
  18947    12     1311.4881   635                   1157.4522  3607927         
  18950    10     1180.7690   686                   1157.4522  3600782         
  18955    17     1209.8348   689                   1157.4522  3615021         
Elapsed time = 449.41 sec. (151462.07 ticks, tree = 0.11 MB, solutions = 0)
  18959    17     1268.4092   694                   1157.4522  3628813         
  18969    18     1297.6325   676                   1157.4522  3634823         
  18977    17     1231.4817   646                   1157.4522  3615633         
  18987    24     1185.2450   712                   1161.7459  3701870         
  18999    34     1226.8078   739                   1161.7459  3768554         
  19016    22     1321.8908   641                   1165.5715  3676249         
  19037    45     1255.5307   692                   1165.5715  3788203         
  19054    34     1174.8858   714                   1172.5890  3780498         
  19088    45     1265.3298   679                   1172.5890  3790646         
  19230    92     1319.7744   707                   1172.5890  3881839         
Elapsed time = 505.24 sec. (164392.12 ticks, tree = 3.24 MB, solutions = 0)
  19434   275    infeasible                         1175.7212  3991989         
  19572   319     1263.7580   655                   1180.3850  4087001         
  19758   355     1302.8006   663                   1180.3850  4181544         
  20133   390     1376.2975   545                   1180.3850  4200410         
  20600   489     1251.4740   607                   1180.3850  4281225         
  21155   825     1337.1965   628                   1180.3850  4390682         
  21609  1162     1334.9668   643                   1180.3850  4495091         
  21834  1641     1284.1437   647                   1188.4439  4633286         
  22013  1844     1335.8460   606                   1198.5929  4756650         
  22331  1879     1303.3181   575                   1211.1521  4842935         
Elapsed time = 716.15 sec. (202731.69 ticks, tree = 66.45 MB, solutions = 0)
  22825  1911     1238.6825   548                   1211.1521  4902246         
  23385  2374     1327.7945   496                   1218.6958  5111771         
  23899  2435     1382.3423   590                   1219.6076  5135096         
  24120  3143    infeasible                         1219.6076  5378446         
  24284  3281     1268.7186   768                   1234.6055  5493425         
  24465  3259     1268.9715   693                   1234.6055  5540591         
  24644  3242     2061.1982   401                   1234.6055  5607607         
  24869  3315     1253.3285   550                   1234.6055  5706472         
  25075  3386     1274.9290   658                   1244.3231  5796310         

Performing restart 2

Repeating presolve.
Tried aggregator 1 time.
MIP Presolve eliminated 30 rows and 46 columns.
MIP Presolve modified 158 coefficients.
Reduced MIP has 10847 rows, 17940 columns, and 62409 nonzeros.
Reduced MIP has 9164 binaries, 8776 generals, 0 SOSs, and 0 indicators.
Presolve time = 0.07 sec. (31.52 ticks)
Tried aggregator 1 time.
MIP Presolve eliminated 70 rows and 90 columns.
MIP Presolve modified 47 coefficients.
Reduced MIP has 10777 rows, 17850 columns, and 62180 nonzeros.
Reduced MIP has 9143 binaries, 8707 generals, 0 SOSs, and 0 indicators.
Presolve time = 0.09 sec. (40.84 ticks)
Represolve time = 1.48 sec. (409.56 ticks)
  25084     0     1156.3612   774                   Cuts: 143  6000744         
  25084     0     1157.5430   749                    Cuts: 82  6001343         
  25084     0     1158.0602   751                    Cuts: 88  6001838         
  25084     0     1158.6565   809                   Cuts: 279  6002466         
  25084     0     1159.1530   850                   Cuts: 116  6002868         
  25084     0     1159.6107   839                   Cuts: 199  6003134         
  25084     0     1159.7782   850                    Cuts: 77  6003314         
  25084     0     1159.9648   782                    Cuts: 71  6003539         
  25084     0     1160.1144   828                    Cuts: 52  6003745         
  25084     0     1160.1916   834                    Cuts: 85  6003916         
  25084     2     1160.1916   834                   1246.5487  6003916         
Elapsed time = 987.74 sec. (282468.00 ticks, tree = 0.02 MB, solutions = 0)
  25086     4     1161.2157   786                   1246.5487  6004861         
  25088     5     1161.2510   801                   1246.5487  6004972         
  25091     8     1248.6873   700                   1246.5487  6012118         
  25097     7     1165.1631   794                   1246.5487  6007575         
  25105    10     1195.1395   711                   1246.5487  6023093         
  25115    15     1271.3403   619                   1246.5487  6047344         
  25139    22     1274.6456   627                   1246.5487  6141583         
  25201    41     1223.2112   726                   1246.5487  6280127         
  25268    46     1349.8096   582                   1246.5487  6305882         
  25361    89    infeasible                         1246.5487  6476421         
Elapsed time = 1158.70 sec. (325002.25 ticks, tree = 0.24 MB, solutions = 0)
  25462   150     1371.1301   605                   1246.5487  6649345         
  25598   197     1336.1675   617                   1246.5487  6809025         
  25783   307    infeasible                         1246.5487  7017140         
  25935   306    infeasible                         1246.5487  7003839         
  26098   414     1228.0555   736                   1246.5487  7155583         
  26292   507     1298.5482   645                   1246.5487  7354769         
  26533   551     1314.2562   640                   1246.5487  7423657         
  26799   569     1271.2071   676                   1246.5487  7478832         
  27038   837     1329.7727   620                   1246.5487  7772008         
  27226   878     1434.1774   636                   1246.5487  7814434         
Elapsed time = 1436.83 sec. (363393.17 ticks, tree = 20.44 MB, solutions = 0)
  27426   996     1331.0980   492                   1246.5487  7935046         
  27611  1106     1280.4543   716                   1251.7959  8083586         
  27824  1292     1332.1240   625                   1251.7959  8333724         
  28058  1304     1875.7715   420                   1252.6531  8398414         
  28311  1436     1368.3379   671                   1255.0993  8577491         
  28607  1524     1316.3400   577                   1258.7017  8673245         
  28891  1611     1313.0381   587                   1258.7017  8772486         
  29180  1705     1360.5124   489                   1261.2794  8825030         
  29478  1890    infeasible                         1264.5986  9079189         
  29717  2004     1306.8223   577                   1267.4719  9172127         
Elapsed time = 1711.11 sec. (401668.19 ticks, tree = 75.81 MB, solutions = 0)
  29938  2218     1503.7524   634                   1267.4719  9478616         
  30122  2424     1437.5300   615                   1268.3100  9729988         
  30330  2391     1312.8212   724                   1270.0044  9703979         
  30602  2547     1308.7053   611                   1275.0662 10000513         
  30885  2539     1398.1581   584                   1275.0662 10033584         
  31151  2766     1293.6278   747                   1275.3901 10354742         
  31492  2698    infeasible                         1278.6109 10240820         
  31757  2890     1323.5734   557                   1278.6109 10546221         
  31964  3184     1432.8468   493                   1278.6109 10861445         
  32165  3171     1411.0959   617                   1278.6109 10824638         
Elapsed time = 1985.07 sec. (439907.49 ticks, tree = 154.04 MB, solutions = 0)
  32344  3295    infeasible                         1278.6109 11109382         
  32582  3318     1306.7398   695                   1278.6109 11200688         
  32841  3355     1387.3202   401                   1278.6109 11327733         
  33110  3533     1306.8051   611                   1287.5972 11523317         
  33418  3714     1402.8333   607                   1291.2370 11771008         
  33748  3585     1457.7193   534                   1291.2370 11589971         
  34060  3767     1318.3403   635                   1291.2370 11891094         
  34428  4055     1317.4233   628                   1292.0090 12198523         
  34742  4039    infeasible                         1297.0106 12192323         
  35073  4206     1312.3775   625                   1297.0106 12305794         
Elapsed time = 2257.40 sec. (478248.53 ticks, tree = 241.41 MB, solutions = 0)
  35307  4363     1533.9978   473                   1297.8309 12479868         
  35506  4590    infeasible                         1302.5780 12753724         
  35714  4644     1479.5157   493                   1302.9137 12879962         
  35930  4681     1476.6038   466                   1302.9137 13191718         
  36192  4679    infeasible                         1302.9137 13070613         
  36470  4758     1335.9565   707                   1306.2773 13420994         
  36818  4830     1338.2553   667                   1306.2773 13546152         
  37187  4772    infeasible                         1307.6789 13498242         
  37531  4990    infeasible                         1307.8669 13761253         
  37831  5124     1366.4208   649                   1307.9536 13909492         
Elapsed time = 2529.36 sec. (516582.66 ticks, tree = 314.07 MB, solutions = 0)
  38085  5293     1359.2162   623                   1307.9536 14102412         
  38294  5531     1349.9855   581                   1310.8705 14433448         
  38482  5523     1444.8333   517                   1310.8705 14451389         
  38677  5653     1514.2057   538                   1316.2028 14635104         
  38898  5640    infeasible                         1316.2028 14810018         
  39144  5713     1337.7181   548                   1316.6010 15067395         
  39406  5735     1357.7118   568                   1317.7212 15166859         
  39660  5777     1749.3545   482                   1317.7212 15217168         
  39964  5766     1369.5773   569                   1318.5629 15252887         
  40288  5788     1382.9142   586                   1318.5629 15374483         
Elapsed time = 2804.77 sec. (554879.28 ticks, tree = 366.10 MB, solutions = 0)
  40580  6144     1420.0068   735                   1321.8588 15822211         
  40868  6179    infeasible                         1322.7823 15978978         
  41134  6198     1421.7178   593                   1323.5528 16071563         
  41324  6228    infeasible                         1323.8338 16180430         
  41528  6347     1658.6701   553                   1324.2414 16454038         
  41706  6361    infeasible                         1325.1743 16671472         
  41909  6379    infeasible                         1325.1743 16832486         
  42097  6381    infeasible                         1325.8320 16935238         
  42314  6345     1341.3468   673                   1326.7089 17087856         
  42582  6328    infeasible                         1328.2653 17165799         
Elapsed time = 3082.56 sec. (593245.11 ticks, tree = 411.52 MB, solutions = 0)
  42843  6343     1462.8558   587                   1328.5584 17334585         
  43122  6350     1941.8615   392                   1329.0957 17282003         
  43430  6453     1969.8072   499                   1330.1898 17698992         
  43694  6486    infeasible                         1331.1276 17733445         
  43908  6544     1398.5931   667                   1331.1276 17846444         
  44125  6544     1352.2800   698                   1333.9557 17850305         
  44341  6647    infeasible                         1334.2318 18327831         
  44521  6570     1536.5172   546                   1334.2318 18610601         
  44691  6655    infeasible                         1334.2318 18314485         
  44870  6527    infeasible                         1339.5235 18781022         
Elapsed time = 3355.47 sec. (631656.53 ticks, tree = 441.47 MB, solutions = 0)
  45061  6545    infeasible                         1340.8355 18696797         
  45258  6457    infeasible                         1341.3272 19069524         
  45452  6498    infeasible                         1341.4243 18980818         
  45675  6394     1379.5187   532                   1341.4243 19412121         
  45891  6386    infeasible                         1341.4243 19461557         
  46113  6343     1431.5174   657                   1342.1635 19643384         
  46352  6258    infeasible                         1345.4942 19908445         
  46675  6372     1360.6580   574                   1345.4942 19679509         
  46909  6289     1486.6844   460                   1347.2111 19949765         
  47096  6252    infeasible                         1347.3063 20004722         
Elapsed time = 3630.63 sec. (669984.48 ticks, tree = 413.94 MB, solutions = 0)
  47292  6301    infeasible                         1347.3063 20097455         
  47474  6319     1439.7690   505                   1349.5483 20682017         
  47665  6274     1392.1627   665                   1350.1610 20806355         
  47856  6296     1361.6985   542                   1350.1610 20865525         
  48038  6307     1435.0910   671                   1350.1610 20724174         
  48243  6242    infeasible                         1351.5853 20982317         
  48448  6192     1399.4581   609                   1352.5439 21391907         
  48642  6245     1408.1769   685                   1354.6420 21221093         
  48838  6216    infeasible                         1354.6420 21260932         
  49069  6177     1402.0602   676                   1354.6420 21454896         
Elapsed time = 3908.65 sec. (708396.20 ticks, tree = 403.00 MB, solutions = 0)
  49301  6054    infeasible                         1354.6420 21861032         
  49541  6152     1658.6533   381                   1358.0377 21678425         
  49775  6061     1429.6059   519                   1360.7882 21988364         
  49998  6010     1394.6556   706                   1361.5003 22388912         
  50238  6016     1413.1197   429                   1361.7953 22089455         
  50448  6091     1529.5104   543                   1361.7953 22695349         
  50640  6076    infeasible                         1364.6393 23096507         
  50836  6072    infeasible                         1365.5706 23101998         
  51036  6092     1695.9698   463                   1367.1711 23003310         
  51246  6074     1441.4606   626                   1368.4518 23166468         
Elapsed time = 4181.18 sec. (746794.85 ticks, tree = 372.96 MB, solutions = 0)
  51451  5852     1424.3394   520                   1369.5663 23567367         
  51622  5982    infeasible                         1370.5464 23291244         
  51815  5927    infeasible                         1371.3970 23447168         
  52032  5791     1421.1803   630                   1371.5573 23977841         
  52203  5847     1651.8913   572                   1374.0930 23854364         
  52410  5774     1493.3945   432                   1374.0930 24016385         
  52634  5817     1884.0061   524                   1374.0930 23915457         
  52840  5747     1477.3000   643                   1374.0930 24314236         
  53089  5778    infeasible                         1377.7714 24228689         
  53342  5667     1399.7551   671                   1378.9612 24580415         
Elapsed time = 4453.92 sec. (785085.63 ticks, tree = 347.90 MB, solutions = 0)
  53600  5654    infeasible                         1380.1260 24736326         
  53827  5746    infeasible                         1380.7610 25101357         
  54051  5741     1624.0391   601                   1381.4550 24905622         
  54272  5720     1818.6452   404                   1382.1949 25334639         
  54451  5745    infeasible                         1383.4966 25566713         
  54660  5668    infeasible                         1383.8840 25874854         
  54893  5744    infeasible                         1384.4249 25718675         
  55103  5500     1575.8925   504                   1384.4249 26119135         
  55291  5432    infeasible                         1384.7102 26259284         
  55478  5318    infeasible                         1386.7193 26521149         
Elapsed time = 4729.33 sec. (823487.94 ticks, tree = 302.23 MB, solutions = 0)
  55681  5248    infeasible                         1386.7193 26632443         
  55875  5324    infeasible                         1386.7193 26449069         
  56093  5224     1948.8276   389                   1389.5988 26789701         
  56278  5225    infeasible                         1390.9306 26793599         
  56490  5175    infeasible                         1391.8967 26789479         
  56708  5124    infeasible                         1392.7892 26883052         
  56927  4771    infeasible                         1394.0833 27515936         
  57134  4828    infeasible                         1396.8527 27403595         
  57323  4769    infeasible                         1397.3525 27523769         
  57498  4802    infeasible                         1397.3525 27469139         
Elapsed time = 4995.43 sec. (861859.20 ticks, tree = 258.30 MB, solutions = 0)
  57687  4725    infeasible                         1401.6881 27587145         
  57892  4446     1633.8525   589                   1403.9041 28148917         
  58092  4499    infeasible                         1404.8116 28037044         
  58309  4542     1722.6421   550                   1406.8733 28019982         
  58515  4307     1465.6257   491                   1409.2360 28415831         
  58716  4301     1684.8838   572                   1412.2111 28374619         
  58929  4127     1475.2211   549                   1413.5090 28842304         
  59115  4171    infeasible                         1415.1294 28719064         
  59335  4119    infeasible                         1417.9398 28838385         
  59588  4044    infeasible                         1421.9997 29127639         
Elapsed time = 5260.94 sec. (900181.89 ticks, tree = 209.35 MB, solutions = 0)
  59842  3958     1518.4389   526                   1421.9997 29515253         
  60092  4070     1609.1045   519                   1426.7482 29100308         
  60337  3906     1595.7318   540                   1427.6482 29605366         
  60572  3929    infeasible                         1430.0987 29554362         
  60802  3910     1533.3367   577                   1433.7634 29785275         
  61024  3914     1568.3526   542                   1436.7656 29742359         
  61248  3940     1783.8803   507                   1441.6101 30261743         
  61454  3912     1608.7421   551                   1443.2929 30627802         
  61643  3890    infeasible                         1445.5207 30740244         
  61846  3753     1666.6890   501                   1449.2658 31139804         
Elapsed time = 5524.56 sec. (938501.22 ticks, tree = 169.69 MB, solutions = 0)
  62049  3851    infeasible                         1449.7372 30915994         
  62227  3765    infeasible                         1453.1321 31052831         
  62404  3628     1521.1244   554                   1453.1321 31295519         
  62582  3381    infeasible                         1454.2547 31742721         
  62763  3311    infeasible                         1454.2547 31920764         
  62954  3456    infeasible                         1464.6595 31552758         
  63151  3451    infeasible                         1467.0964 31557442         
  63341  3349     1574.2293   515                   1468.8465 31803540         
  63519  3167    infeasible                         1471.1761 32119220         
  63707  2916    infeasible                         1474.7050 32425408         
Elapsed time = 5783.44 sec. (977061.40 ticks, tree = 112.47 MB, solutions = 0)
  63872  2967    infeasible                         1476.0401 32356684         
  64047  2824     2137.0238   449                   1477.7684 32550407         
  64235  2880     1879.7747   460                   1481.7153 32483815         
  64415  2707    infeasible                         1483.5082 32695487         
  64611  2379     1807.3174   426                   1486.6641 33307719         
  64806  2493    infeasible                         1490.1453 33126938         
  65018  2264    infeasible                         1492.2989 33518145         
  65220  2118    infeasible                         1496.6389 33702534         
  65432  2191     1914.5756   423                   1500.7299 33618660         
  65611  2107    infeasible                         1504.3219 33711778         
Elapsed time = 6033.16 sec. (1015509.47 ticks, tree = 66.33 MB, solutions = 0)
  65799  1841    infeasible                         1512.6458 34239529         
  66004  1791    infeasible                         1515.1379 34349942         
  66195  1717     1679.4264   524                   1519.7897 34438395         
  66383  1854     1676.8780   605                   1519.7897 34248741         
  66580  1789    infeasible                         1535.6760 34305023         
  66755  1483    infeasible                         1548.6447 34971242         
  66947  1463     1836.8657   498                   1554.4526 35061545         
  67161  1417     1713.1331   594                   1567.0631 35131601         
  67374  1394    infeasible                         1575.7271 35180537         
  67583  1508    infeasible                         1580.2720 34904497         
Elapsed time = 6274.87 sec. (1053732.34 ticks, tree = 52.28 MB, solutions = 0)
  67859  1205    infeasible                         1589.0377 35431347         
  68122  1298     1898.6417   423                   1593.1894 35328429         
  68402   909    infeasible                         1600.3737 35994016         
  68662  1071    infeasible                         1607.3599 35657416         
  68954   701    infeasible                         1630.8429 36478376         
  69199  1009    infeasible                         1641.3579 35791431         
  69417   584    infeasible                         1667.0284 36759349         
  69635   358    infeasible                         1688.2204 37094128         
  69866   141    infeasible                         1688.2204 37287487         
  70551   160     1976.8874   310                   1700.4986 37397692         
Elapsed time = 6493.58 sec. (1092001.70 ticks, tree = 5.06 MB, solutions = 0)
  71375   207     1979.4694   269                   1907.2761 37372972         
  72217   228     2037.8347   309                   1907.2761 37376003         
  73067   253     2145.8425   211                   1907.2761 37410261         
  73921   289     2047.6867   190                   1907.2761 37386738         
  75415  2179     2175.9785   221                   1931.8411 37609902         
  77313  3912     2082.6751   174                   1931.8411 37689803         
  79173  2420     2060.8102   174                   1931.8411 37623406         
  80919  2827     2208.6264   106                   1931.8411 37657012         
  82607  1103     2125.9125   206                   1931.8411 37545959         
  84373  4357     2283.6782   158                   1931.8411 37716299         
Elapsed time = 6720.46 sec. (1130169.89 ticks, tree = 73.52 MB, solutions = 0)
* 84835  7331      integral     0     2560.1821     1931.8411 37854109   24.54%
  86793 12147     2310.4692   137     2560.1821     1931.8411 38060441   24.54%
* 87136+12463                         2173.7886     1931.8411            11.13%
* 88632+11285                         2117.8505     1931.8411             8.78%
  89214  8249     2225.2655   137     2117.8505     1931.8411 37899003    8.78%
* 90111+11380                         2099.9574     1933.9477             7.91%
* 90905+11441                         2083.9787     1933.9477             7.20%
  91706  8145     2648.0353    53     2083.9787     1933.9477 37896036    7.20%
* 92562+ 9488                         2068.2568     1933.9477             6.49%
* 93907+ 6654                         2056.3390     1933.9477             5.95%
  94168  6515     2295.8470   170     2056.3390     1933.9477 37804755    5.95%
* 95488+ 6005                         2048.9067     1933.9477             5.61%
  96924 12614     2148.3532   133     2048.9067     1933.9477 38073785    5.61%
  99799  5601     2013.8816   275     2048.9067     1935.6559 38248656    5.53%
* 99824+ 6093                         2039.5134     1935.6559             5.09%
*100993+ 5945                         2038.1507     1935.8629             5.02%
 103462  5973     1988.2024   272     2038.1507     1935.8629 38445325    5.02%
 106878  5825     1994.7599   211     2038.1507     1935.8629 38353714    5.02%
 110401  6071     1970.1418   325     2038.1507     1935.8629 38372987    5.02%
*112205+ 6877                         2037.2608     1935.8629             4.98%
 114115  6184    infeasible           2037.2608     1935.8629 38378237    4.98%
Elapsed time = 6937.12 sec. (1168330.94 ticks, tree = 100.90 MB, solutions = 34)
*114486+ 6311                         2032.6266     1935.8629             4.76%
 117270  7712     2001.5185   263     2032.6266     1941.8315 38737793    4.47%
 121299 11365     2032.3758   230     2032.6266     1943.6874 38956787    4.38%
*122195+ 7216                         2032.1112     1943.6874             4.35%
*122934+16306                         2031.6007     1944.0648             4.31%
*123084+12999                         2030.6026     1944.0648             4.26%
 125048 21529     2017.8226   158     2030.6026     1944.0648 39591196    4.26%
 128745 18239     2015.6782   238     2030.6026     1944.0648 39385301    4.26%
 132743 21740     1991.5130   212     2030.6026     1944.8756 39601650    4.22%
 136791 25950     1989.9963   199     2030.6026     1946.2430 39827992    4.15%
*139837+35211                         2029.5768     1946.5915             4.09%
 140826 35991     1996.8197   215     2029.5768     1946.9621 40316023    4.07%
 144538 36132     2022.4645   134     2029.5768     1947.2988 40320778    4.05%
*144852+36148                         2026.9322     1947.2988             3.93%
*144857+36148                         2026.7514     1947.2988             3.92%
 148174 32683     1978.3635   311     2026.7514     1947.6872 40143294    3.90%
 151657 37250     2016.6334   154     2026.7514     1947.9386 40436098    3.89%
Elapsed time = 7158.15 sec. (1206488.38 ticks, tree = 784.30 MB, solutions = 65)
 155501 39974     2008.8545   121     2026.7514     1948.6654 40552397    3.85%
*156190+33849                         2020.7914     1949.2345             3.54%
*156869+44560                         2019.7655     1949.6624             3.47%
 159301 44890     1985.9842   272     2019.7655     1950.3974 40800050    3.43%
*162854+45330                         2019.4134     1950.7768             3.40%
 163398 44190     1993.9246   210     2019.4134     1950.7768 41095681    3.40%
*164911+46692                         2017.3937     1950.7768             3.30%
 167422 43493     1988.1281   243     2017.3937     1951.7446 40729294    3.25%
 171391 46984     1982.0211   288     2017.3937     1951.9191 41393322    3.25%
 174886 48862     1989.0644   329     2017.3937     1952.0870 41473745    3.24%
 178439 46108     2001.8894    67     2017.3937     1952.8482 41359284    3.20%
 181974 50190     1991.3181   285     2017.3937     1953.2561 41532082    3.18%
 185753 50327        cutoff           2017.3937     1953.7736 41537027    3.15%
 189145 52367        cutoff           2017.3937     1954.0366 41649398    3.14%
Elapsed time = 7368.42 sec. (1244643.54 ticks, tree = 1107.58 MB, solutions = 72)
 193133 59896     1999.7121   309     2017.3937     1954.3844 42036762    3.12%
 196937 66605     2005.7925   378     2017.3937     1955.0711 42398521    3.09%
 200816 75197     1977.6467   284     2017.3937     1955.7031 42855525    3.06%
 204809 65213     1977.5714   223     2017.3937     1955.7801 42327879    3.05%
 208819 81860     1978.4919   277     2017.3937     1956.1996 43156583    3.03%
 212615 83599     1981.4945   231     2017.3937     1956.3931 43237144    3.02%
 216636 74773     2010.4894   135     2017.3937     1956.7447 42819278    3.01%
 220604 92525     2006.5394   265     2017.3937     1957.3988 43666037    2.97%
*222137+90595                         2017.1604     1957.5001             2.96%
 224329 84451     1974.0640   345     2017.1604     1957.5687 43280912    2.95%
 228093 85825     2002.4831   136     2017.1604     1957.7873 43338878    2.94%
Elapsed time = 7577.73 sec. (1282798.53 ticks, tree = 1909.20 MB, solutions = 73)
 232288 87556     2005.5240   175     2017.1604     1957.9346 43428522    2.94%
 236114 98130     2011.1913   194     2017.1604     1958.0121 43921925    2.93%
 238142 100403     2000.2585   178     2017.1604     1958.0121 44030479    2.93%
 239741 100542     1984.4412   162     2017.1604     1958.0121 44035443    2.93%
 240951 102040     2016.2067   204     2017.1604     1958.0121 44118303    2.93%
 241734 103781     1994.5649   196     2017.1604     1958.0121 44186416    2.93%
 242585 104304     2012.6788   203     2017.1604     1958.0121 44213627    2.93%
 243472 106625     1982.5606   321     2017.1604     1958.0121 44302506    2.93%
 244524 109421     1975.8559   296     2017.1604     1958.0121 44416543    2.93%
 245846 111071     1990.8972   136     2017.1604     1958.0121 44488741    2.93%
Elapsed time = 7753.92 sec. (1320975.66 ticks, tree = 3410.99 MB, solutions = 73)
Nodefile size = 1357.49 MB (731.06 MB after compression)
 247288 110130     2007.6277   169     2017.1604     1958.0121 44449181    2.93%
 249075 108726     2000.9432   287     2017.1604     1958.0121 44387187    2.93%
 251397 112114     2015.8069   243     2017.1604     1958.0121 44524699    2.93%
 253783 117927     1973.9688   234     2017.1604     1958.0121 44785406    2.93%
 256338 122365     1986.9669   254     2017.1604     1958.0121 44971488    2.93%
 259081 116038     2014.5060   162     2017.1604     1958.0121 44701178    2.93%
 262503 118274     2009.1611   163     2017.1604     1958.9028 44799238    2.89%
 266363 125100     2004.4133   322     2017.1604     1959.5507 45067346    2.86%
 270696 129378     2005.5407   324     2017.1604     1961.3722 45228376    2.77%
 274606 138937     1999.6252   314     2017.1604     1961.5595 45639887    2.76%
Elapsed time = 8047.47 sec. (1359132.69 ticks, tree = 6810.46 MB, solutions = 73)
Nodefile size = 4733.25 MB (2866.97 MB after compression)
 278833 131814     2007.9959   144     2017.1604     1961.7429 45326504    2.75%
 282891 139735     2011.6890   239     2017.1604     1961.9794 45670427    2.74%
*284576+141890                         2017.1178     1962.1163             2.73%
*286620+156399                         2016.3742     1962.2130             2.69%
 287132 148630     1984.8098   174     2016.3742     1962.2911 46023208    2.68%
 291297 149312     1998.6336   282     2016.3742     1962.4262 46048846    2.68%
 295481 152492     2002.8928   155     2016.3742     1962.5620 46178806    2.67%
*295903+161147                         2016.3725     1962.5835             2.67%
 299529 155692     1983.6400   153     2016.3725     1962.8941 46382661    2.65%
 303833 165856     1983.6417   278     2016.3725     1963.0530 46804397    2.64%
 308224 167001     1996.5608   109     2016.3725     1963.1868 46847216    2.64%
 312539 172918     1998.5964   296     2016.3725     1963.3419 47081340    2.63%
 316495 175512     1995.8377   240     2016.3725     1963.6434 47175607    2.62%
Elapsed time = 8286.37 sec. (1397286.73 ticks, tree = 11459.50 MB, solutions = 77)
Nodefile size = 9373.81 MB (5940.04 MB after compression)
 320436 181425     1997.7112   264     2016.3725     1963.8198 47431472    2.61%
 324642 188615     2004.7446   269     2016.3725     1963.9127 47721956    2.60%
 328821 184849     1998.7935   248     2016.3725     1964.1154 47568508    2.59%
 333132 196560     1981.8791   242     2016.3725     1964.3572 48050920    2.58%
 337408 195897     1990.3943   347     2016.3725     1964.5010 48019408    2.57%
 341380 199967    infeasible           2016.3725     1964.6242 48182248    2.57%
 345688 206325     1994.1239   317     2016.3725     1964.8009 48420740    2.56%
 350249 203457     1980.4275   433     2016.3725     1964.9994 48309199    2.55%
 354786 208630     2001.5709   136     2016.3725     1965.0974 48525606    2.54%
*357390+218320                         2016.3649     1965.1742             2.54%
*357531+218320                         2016.3161     1965.1742             2.54%
*358704+220443                         2016.1277     1965.1834             2.53%
 358885 214330     1974.8601   396     2016.1277     1965.2152 48757733    2.53%
Elapsed time = 8521.92 sec. (1435442.05 ticks, tree = 16236.39 MB, solutions = 80)
Nodefile size = 14153.63 MB (9127.23 MB after compression)
 362610 221486     1979.4485   162     2016.1277     1965.3344 49047504    2.52%
 367025 228305     2007.8326   229     2016.1277     1965.4679 49307783    2.51%
 371491 224649     2011.0874   338     2016.1277     1965.5835 49158160    2.51%
 375864 235626     2012.1692   236     2016.1277     1965.6829 49599741    2.50%
 380197 231533     2008.2120   156     2016.1277     1965.8531 49443754    2.49%
 384614 234920     2000.3319   235     2016.1277     1965.9187 49577667    2.49%
 389190 246982     2007.7445   211     2016.1277     1965.9717 50030094    2.49%
 393298 242321     1996.4387   221     2016.1277     1966.1348 49867651    2.48%
*397170+244903                         2015.8181     1966.2371             2.46%
 397767 258002     2014.1441   169     2015.8181     1966.2528 50448528    2.46%
 402397 258613     2007.6535   271     2015.8181     1966.3182 50495616    2.46%
Elapsed time = 8774.40 sec. (1473599.00 ticks, tree = 21798.73 MB, solutions = 83)
Nodefile size = 19735.60 MB (12869.63 MB after compression)
 406849 256412     2006.0427   257     2015.8181     1966.4138 50400235    2.45%
 411522 267078     1995.8487   150     2015.8181     1966.5988 50795366    2.44%
 416333 264923     2012.5711   245     2015.8181     1966.6486 50721823    2.44%
 420581 264071     2006.4204   288     2015.8181     1966.7038 50698432    2.44%
 424787 276734     2010.7762   133     2015.8181     1966.8493 51141580    2.43%
 429650 280282     2011.0741   157     2015.8181     1966.9363 51284317    2.42%
 434163 283063     2013.1154   101     2015.8181     1966.9861 51380569    2.42%
 438751 289563     2003.2292   151     2015.8181     1967.1036 51621220    2.42%
 443399 299757        cutoff           2015.8181     1967.1670 51987290    2.41%
 448027 290594     2001.4750   173     2015.8181     1967.2200 51660913    2.41%
Elapsed time = 9036.26 sec. (1511755.68 ticks, tree = 25749.40 MB, solutions = 83)
Nodefile size = 23649.47 MB (15497.78 MB after compression)
 452354 300041     1996.2386   249     2015.8181     1967.3000 51996543    2.41%
 456694 307054     2004.7896   182     2015.8181     1967.3883 52249584    2.40%
 461375 309989     2012.5883   195     2015.8181     1967.4477 52355799    2.40%
 465855 321136     1990.2096   321     2015.8181     1967.5494 52795477    2.39%
 470385 317492     2004.9966   103     2015.8181     1967.6214 52651902    2.39%
 474958 322988     1993.3319   246     2015.8181     1967.6692 52863621    2.39%
 479499 333947     2000.0149   157     2015.8181     1967.7504 53274999    2.38%
 484349 333044     2002.3020   235     2015.8181     1967.8208 53237563    2.38%
 489247 340971     1986.0288   279     2015.8181     1967.8828 53508680    2.38%
 493852 338360     1989.9666   271     2015.8181     1967.9764 53420452    2.37%
Elapsed time = 9307.64 sec. (1549916.09 ticks, tree = 31643.82 MB, solutions = 83)
Nodefile size = 29549.86 MB (19461.22 MB after compression)
 498965 348241     1992.5448   236     2015.8181     1968.0259 53761549    2.37%
 503359 345945     2001.2144   201     2015.8181     1968.0660 53686258    2.37%
 507887 358720     2003.1878   213     2015.8181     1968.1498 54102293    2.36%
 512445 359627     2009.1611   248     2015.8181     1968.1810 54132523    2.36%
 516871 358166     2006.8065    87     2015.8181     1968.2177 54085674    2.36%
 521495 364231     2007.7063   169     2015.8181     1968.3107 54323309    2.36%
 526460 371966     1998.6596   241     2015.8181     1968.3352 54595080    2.36%
 531163 375628     1976.5393   279     2015.8181     1968.3915 54737780    2.35%
 535663 379759     1991.4180   324     2015.8181     1968.4400 54892516    2.35%
 540337 378851     2001.9736   150     2015.8181     1968.5040 54854805    2.35%
Elapsed time = 9560.25 sec. (1588072.27 ticks, tree = 36638.98 MB, solutions = 83)
Nodefile size = 34535.31 MB (22814.42 MB after compression)
 545235 393339     2003.2063   281     2015.8181     1968.5644 55360686    2.34%
 549834 391177     1991.3088   254     2015.8181     1968.6268 55288513    2.34%
 554980 398578     1991.0446   234     2015.8181     1968.6782 55531686    2.34%
 559918 400480     2014.3590   122     2015.8181     1968.7499 55600288    2.33%
 564560 410545     1987.5502   208     2015.8181     1968.8008 55939851    2.33%
 569447 406252     2011.1131   231     2015.8181     1968.8437 55803152    2.33%
 573955 413952     1989.8184   342     2015.8181     1968.9094 56051106    2.33%
 578467 416138     2003.4031   188     2015.8181     1968.9535 56132880    2.32%
 583116 423386     2002.4790   211     2015.8181     1969.0103 56372598    2.32%
 587601 430739     2007.9914   188     2015.8181     1969.0785 56648636    2.32%
Elapsed time = 9816.08 sec. (1626226.42 ticks, tree = 42706.08 MB, solutions = 83)
Nodefile size = 40626.42 MB (26895.28 MB after compression)
 592605 432369    infeasible           2015.8181     1969.0974 56702437    2.32%
 597150 441741     1991.2302   254     2015.8181     1969.1592 57053996    2.31%
 601726 442874        cutoff           2015.8181     1969.2043 57098395    2.31%
 605862 450167     1981.2425   301     2015.8181     1969.2298 57349562    2.31%
 609709 447644     2005.2359   189     2015.8181     1969.3083 57257773    2.31%
 614148 456376     1993.4686   225     2015.8181     1969.3280 57569502    2.31%
 618719 459092     1978.1380   295     2015.8181     1969.3721 57661991    2.30%
 623567 465955     1978.2581   291     2015.8181     1969.4277 57913169    2.30%
 628403 467993     2005.4286   271     2015.8181     1969.4659 57979605    2.30%
 632853 467267     1998.8141   252     2015.8181     1969.5265 57962019    2.30%
Elapsed time = 10083.83 sec. (1664386.36 ticks, tree = 46116.80 MB, solutions = 83)
Nodefile size = 44021.13 MB (29122.71 MB after compression)
 637067 478472     1997.6259   217     2015.8181     1969.5556 58350380    2.29%
 641764 481259     1994.5382   105     2015.8181     1969.6101 58450261    2.29%
 646561 486305        cutoff           2015.8181     1969.6664 58654109    2.29%
 651347 493105     1991.5717   284     2015.8181     1969.6911 58893177    2.29%
 656066 496804     2002.4438   199     2015.8181     1969.7491 59013765    2.29%
 661192 494709     2002.7015   164     2015.8181     1969.7964 58948103    2.28%
