Version identifier: 22.1.1.0 | 2022-11-28 | 9160aff4d
CPXPARAM_TimeLimit                               20400
Tried aggregator 1 time.
MIP Presolve eliminated 19690 rows and 11217 columns.
MIP Presolve modified 13561 coefficients.
Reduced MIP has 12063 rows, 19753 columns, and 65717 nonzeros.
Reduced MIP has 10064 binaries, 9689 generals, 0 SOSs, and 0 indicators.
Presolve time = 0.12 sec. (66.28 ticks)
Probing fixed 154 vars, tightened 30 bounds.
Probing changed sense of 22 constraints.
Probing time = 0.34 sec. (74.81 ticks)
Tried aggregator 1 time.
Detecting symmetries...
MIP Presolve eliminated 450 rows and 479 columns.
MIP Presolve modified 4 coefficients.
Reduced MIP has 11613 rows, 19274 columns, and 63547 nonzeros.
Reduced MIP has 9909 binaries, 9365 generals, 0 SOSs, and 0 indicators.
Presolve time = 0.11 sec. (57.17 ticks)
Probing fixed 137 vars, tightened 0 bounds.
Probing time = 0.18 sec. (68.56 ticks)
Cover probing fixed 68 vars, tightened 0 bounds.
Clique table members: 38207.
MIP emphasis: balance optimality and feasibility.
MIP search method: dynamic search.
Parallel mode: deterministic, using up to 32 threads.
Root relaxation solution time = 2.83 sec. (386.16 ticks)

        Nodes                                         Cuts/
   Node  Left     Objective  IInf  Best Integer    Best Bound    ItCnt     Gap

      0     0      899.4476   242                    899.4476       21         
      0     0      954.0569   393                   Cuts: 291     1242         
      0     0      968.2738   485                   Cuts: 152     1861         
      0     0      974.9140   426                   Cuts: 105     2400         
      0     0      976.7061   425                    Cuts: 64     2713         
      0     0      977.4241   404                    Cuts: 40     2931         
Detecting symmetries...
      0     0      981.9302   475                    Cuts: 30     3338         
      0     0      982.3473   428                    Cuts: 53     3489         
      0     0      982.6233   429                    Cuts: 30     3586         
      0     0      982.7402   412                    Cuts: 21     3612         
      0     0      982.8583   408                    Cuts: 11     3652         
      0     0      982.9337   416                     Cuts: 3     3657         
      0     0      982.9416   417                     Cuts: 2     3658         
Detecting symmetries...
      0     2      982.9416   417                    983.8869     3658         
Elapsed time = 17.96 sec. (7799.83 ticks, tree = 0.02 MB, solutions = 0)
      3     5      986.9626   433                    983.8869     4013         
     11     7     1018.0878   426                    984.8653     4787         
     25    11     1098.3399   415                    990.6415     9200         
     39    30     1096.6071   412                    991.1847    48327         
     63    39     1023.4860   435                    991.1847    87805         
     90    57     1181.6634   407                    991.1847   148025         
    103    80     1100.0354   431                    991.7309   190851         
    143   117     1218.8745   358                    991.7309   207513         
    204   121     1228.5949   353                    991.7309   208149         
    552   346     1081.7180   357                    991.7309   307173         
Elapsed time = 34.32 sec. (10982.25 ticks, tree = 3.38 MB, solutions = 0)
   1083   535     1188.1336   330                    991.7309   360294         
   1592   872     1208.8453   318                    991.7309   430807         
   2082  1144     1157.3468   369                   1014.5494   492367         
   2661  1456     1098.0497   405                   1014.5494   560963         
   2831  1679     1340.1256   397                   1014.5494   627768         
   3219  1826     1093.5618   375                   1041.9184   684499         
   3733  1974     1116.4098   392                   1041.9184   710313         
   4345  2285     1230.3430   362                   1042.4234   764646         
   4955  2955    infeasible                         1042.4234   858171         
   5550  3295     1882.8765   222                   1042.4234   897300         
Elapsed time = 79.07 sec. (20531.99 ticks, tree = 198.51 MB, solutions = 0)
   5685  3732     1208.7186   447                   1042.4234   987631         
   6098  3807     2017.2468   286                   1042.4234  1019392         
   6602  4148     1212.9268   373                   1042.4234  1107235         
   7151  4330     1106.4847   377                   1047.6674  1145039         
   7730  4854     1410.1510   449                   1047.6674  1227024         
   8180  4982     1087.6198   465                   1047.6674  1250106         

Performing restart 1

Repeating presolve.
Tried aggregator 1 time.
MIP Presolve eliminated 65 rows and 231 columns.
MIP Presolve modified 339 coefficients.
Reduced MIP has 11548 rows, 19043 columns, and 62893 nonzeros.
Reduced MIP has 9703 binaries, 9340 generals, 0 SOSs, and 0 indicators.
Presolve time = 0.06 sec. (31.56 ticks)
Tried aggregator 1 time.
MIP Presolve eliminated 3 rows and 6 columns.
MIP Presolve modified 18 coefficients.
Reduced MIP has 11545 rows, 19037 columns, and 62875 nonzeros.
Reduced MIP has 9700 binaries, 9337 generals, 0 SOSs, and 0 indicators.
Presolve time = 0.09 sec. (39.59 ticks)
Represolve time = 0.93 sec. (205.21 ticks)
   8221     0     1018.6792   547                   Cuts: 210  1350682         
   8221     0     1045.6912   619                   Cuts: 293  1352679         
   8221     0     1076.5275   626                   Cuts: 300  1354606         
   8221     0     1087.2575   689                   Cuts: 225  1355734         
   8221     0     1100.4197   739                   Cuts: 274  1356615         
   8221     0     1110.3594   755                   Cuts: 265  1357271         
   8221     0     1116.6846   766                   Cuts: 231  1357995         
   8221     0     1122.4494   829                   Cuts: 272  1358700         
   8221     0     1125.5501   832                   Cuts: 181  1359372         
   8221     0     1128.3198   827                   Cuts: 201  1360016         
   8221     0     1129.1577   859                   Cuts: 160  1360353         
   8221     0     1129.6210   883                   Cuts: 103  1360557         
   8221     0     1129.9928   874                    Cuts: 92  1360744         
   8221     0     1130.2906   880                    Cuts: 92  1360917         
   8221     0     1134.9766   845                    Cuts: 73  1361623         
   8221     0     1138.9974   836                   Cuts: 248  1362459         
   8221     0     1140.1352   857                   Cuts: 174  1362856         
   8221     0     1141.3611   838                   Cuts: 137  1363214         
   8221     0     1141.9617   843                    Cuts: 76  1363456         
   8221     0     1143.2001   857                   Cuts: 111  1363801         
   8221     0     1143.4121   856                   Cuts: 114  1364009         
   8221     0     1143.9434   825                    Cuts: 81  1364258         
   8221     0     1145.4717   836                   Cuts: 102  1364490         
   8221     0     1147.0918   820                    Cuts: 85  1364820         
   8221     0     1148.0421   819                    Cuts: 97  1365065         
   8221     0     1148.4414   839                    Cuts: 78  1365275         
   8221     0     1149.3996   868                    Cuts: 85  1365554         
   8221     0     1149.4805   876                    Cuts: 78  1365636         
   8221     0     1149.7899   863                    Cuts: 47  1365807         
   8221     0     1151.0522   838                    Cuts: 46  1366069         
   8221     0     1151.7019   848                   Cuts: 146  1366299         
   8221     0     1152.4551   877                    Cuts: 66  1366512         
   8221     0     1153.2508   864                    Cuts: 76  1366715         
   8221     0     1153.6228   866                    Cuts: 35  1366842         
   8221     0     1154.2146   874                    Cuts: 57  1367002         
   8221     0     1154.4131   869                   Cuts: 142  1367101         
   8221     0     1154.6665   856                    Cuts: 26  1367285         
   8221     0     1154.8027   867                    Cuts: 86  1367429         
   8221     2     1154.8027   867                   1154.8027  1367429         
   8222     3     1158.0797   846                   1158.0823  1368004         
   8223     3     1221.0237   750                   1158.0823  1370112         
   8224     4     1160.1771   828                   1160.1888  1368437         
Elapsed time = 226.00 sec. (99399.98 ticks, tree = 0.02 MB, solutions = 0)
   8225     5     1225.2715   731                   1160.1888  1371791         
   8227     4     1340.3682   579                   1160.1888  1372959         
   8230     8     1238.5403   765                   1160.1888  1374429         
   8233     6     1161.1706   832                   1161.1817  1371295         
   8234     7     1226.3131   737                   1161.1817  1372345         
   8235     9     1269.1862   652                   1161.1817  1375100         
   8239     8     1329.3686   728                   1161.1817  1378520         
   8243    15     1278.0105   609                   1161.1817  1380639         
   8245    13     1231.9989   743                   1161.1817  1380231         
   8248    14     1269.3489   651                   1161.1817  1379818         
Elapsed time = 261.55 sec. (115791.80 ticks, tree = 0.12 MB, solutions = 0)
   8250     9     1203.3017   757                   1161.1817  1378284         
   8258    14     1278.3549   609                   1164.1026  1388068         
   8264    15     1278.3549   602                   1164.1026  1391874         
   8268    17     1238.2202   744                   1164.1026  1389148         
   8278    22     1279.2932   601                   1164.1026  1392755         
   8290    39     1285.3066   598                   1164.1026  1455422         
   8314    41     1289.3023   594                   1164.2388  1455666         
   8344    56     1292.2536   668                   1169.9547  1481110         
   8375    46     1211.8573   816                   1169.9547  1469550         
   8402    66     1302.1793   678                   1170.0751  1492533         
Elapsed time = 301.77 sec. (126321.66 ticks, tree = 0.09 MB, solutions = 0)
   8434    84     1304.0547   672                   1170.0751  1509145         
   8460   120     1250.5960   791                   1170.0751  1523277         
   8484    76     1296.0138   627                   1170.0751  1506770         
   8518    68     1345.1423   526                   1170.0751  1500304         
   8557   103     1325.6633   588                   1170.0751  1515136         
   8583   168     1451.4007   492                   1170.0751  1551769         
   8613   236    infeasible                         1170.0751  1599758         
   8638   251     1360.2744   601                   1170.0751  1624705         
   8688   257     1317.7432   679                   1170.0751  1644177         
   8750   269     1235.5973   625                   1170.0751  1662750         
Elapsed time = 353.87 sec. (136233.87 ticks, tree = 4.52 MB, solutions = 0)
   8844   269     1283.2718   674                   1170.0751  1680710         
   8916   273     1294.6103   675                   1170.0751  1681658         
   8977   277     1324.5754   681                   1170.0751  1695719         
   9013   317     1251.0415   745                   1170.0751  1720023         
   9046   347     1257.8879   761                   1170.0751  1737841         
   9087   510     1273.6269   691                   1170.0751  1807683         
   9129   526    infeasible                         1170.0751  1865086         
   9159   523    infeasible                         1170.0751  1824580         
   9196   534     1254.6302   681                   1170.0751  1846556         
   9251   566     1285.9401   651                   1170.0751  1899813         
Elapsed time = 406.08 sec. (145915.78 ticks, tree = 16.87 MB, solutions = 0)
   9303   587     1290.4478   663                   1183.3532  1939844         
   9401   604     1361.9256   550                   1185.1888  1964402         
   9518   629     1297.1442   553                   1185.1888  1983327         
   9659   625     1299.0198   658                   1185.1888  1973855         
   9788   671     1315.4004   448                   1185.1888  2005016         
   9937   752     1363.6975   617                   1185.1888  2039750         
  10074   695     1650.1274   409                   1185.1888  2016637         
  10182   630     1281.8532   661                   1185.1888  1997970         
  10292  1159     1220.5513   810                   1185.1888  2135826         
  10392   885     1348.0154   762                   1187.2687  2065761         
Elapsed time = 458.39 sec. (155539.16 ticks, tree = 37.55 MB, solutions = 0)
  10454  1196     1271.2279   620                   1187.2687  2150742         
  10489  1112     1650.3541   574                   1187.2687  2132153         
  10527   928     1502.1632   494                   1187.2687  2086966         
  10561  1247     1333.9415   662                   1192.6339  2167863         
  10599  1367     1238.1557   781                   1192.6339  2204433         
  10640  1385    infeasible                         1192.6339  2213897         
  10693  1524     1402.5634   578                   1192.6339  2342252         
  10736  1489    infeasible                         1192.6339  2275156         
  10790  1506     1569.7446   492                   1192.6339  2288501         
  10853  1577     1582.3803   466                   1192.6339  2438239         
Elapsed time = 520.93 sec. (165290.73 ticks, tree = 87.24 MB, solutions = 0)
  10902  1543     1958.3870   466                   1192.6339  2388023         
  10956  1529     1443.3821   452                   1192.6339  2359716         
  11050  1623     1352.2791   551                   1192.6339  2491636         
  11145  1560     1648.4246   644                   1192.6339  2422867         
  11272  1642     1497.3752   511                   1192.6339  2524195         
  11403  1629     1549.6354   523                   1192.6339  2482546         
  11553  1642     1354.3184   486                   1192.6339  2506135         
  11692  1837     1555.1125   527                   1192.6339  2632113         
  11841  1786     1261.1248   731                   1192.6339  2607281         
  12454  2257     1397.2998   573                   1201.4465  2760522         
Elapsed time = 594.79 sec. (177812.68 ticks, tree = 125.44 MB, solutions = 0)
  13141  2213     1307.2882   678                   1201.4465  2742380         
  13468  2677     1379.1453   561                   1213.5171  2901458         
  13651  3568     1442.0018   623                   1213.5171  3204253         
  13820  3642     1446.1426   622                   1213.5171  3312284         
  14072  3774     1247.6672   719                   1213.5171  3416353         
  14517  3785     1489.0225   529                   1213.5171  3408113         
  15231  4159     1464.7749   636                   1220.9235  3614819         
  15885  4608     1263.0286   719                   1220.9235  3744056         
  16172  4706     1503.3876   556                   1220.9235  3779516         

Performing restart 2

Repeating presolve.
Tried aggregator 1 time.
MIP Presolve eliminated 21 rows and 27 columns.
MIP Presolve modified 287 coefficients.
Reduced MIP has 11524 rows, 19010 columns, and 66568 nonzeros.
Reduced MIP has 9694 binaries, 9316 generals, 0 SOSs, and 0 indicators.
Presolve time = 0.07 sec. (33.18 ticks)
Tried aggregator 1 time.
MIP Presolve eliminated 2 rows and 11 columns.
Reduced MIP has 11522 rows, 18999 columns, and 66526 nonzeros.
Reduced MIP has 9685 binaries, 9314 generals, 0 SOSs, and 0 indicators.
Presolve time = 0.09 sec. (41.63 ticks)
Represolve time = 1.64 sec. (481.22 ticks)
  16175     0     1157.9764   906                   Cuts: 114  4034367         
  16175     0     1158.8048   921                    Cuts: 69  4034749         
  16175     0     1160.9482   894                   Cuts: 108  4035322         
  16175     0     1164.8121   911                   Cuts: 111  4035965         
  16175     0     1166.4530   913                   Cuts: 143  4036476         
  16175     0     1167.0359   932                   Cuts: 130  4036818         
  16175     0     1168.2348   900                   Cuts: 106  4037207         
  16175     0     1168.6342   915                   Cuts: 117  4037553         
  16175     0     1169.2398   907                    Cuts: 89  4037909         
  16175     2     1169.2409   915                   1232.9949  4037909         
Elapsed time = 913.88 sec. (260002.47 ticks, tree = 0.02 MB, solutions = 0)
  16176     3     1173.6591   908                   1232.9949  4038952         
  16180     3     1216.3704   817                   1232.9949  4042480         
  16188     4    infeasible                         1232.9949  4044812         
  16193     9     1354.0104   704                   1232.9949  4056119         
  16200     8     1208.1845   827                   1232.9949  4051755         
  16208     9     1243.4317   763                   1232.9949  4062477         
  16222    19     1336.7860   624                   1232.9949  4109484         
  16278    25    infeasible                         1232.9949  4178380         
  16371    56     1329.7323   617                   1232.9949  4293649         
  16467    67     1624.5139   528                   1232.9949  4346526         
Elapsed time = 1069.14 sec. (302737.27 ticks, tree = 0.71 MB, solutions = 0)
  16618   171     1442.6541   585                   1232.9949  4498091         
  16796   280    infeasible                         1232.9949  4611257         
  16974   285     1245.9138   803                   1232.9949  4615617         
  17167   411     1270.5432   595                   1232.9949  4743393         
  17343   529     1993.0823   471                   1232.9949  4864938         
  17483   604     1541.8170   525                   1232.9949  4984398         
  17619   656     1266.2133   720                   1232.9949  5092149         
  17802   709    infeasible                         1232.9949  5213000         
  18026   763     1411.2651   656                   1232.9949  5385619         
  18225   951    infeasible                         1232.9949  5601678         
Elapsed time = 1347.51 sec. (341172.67 ticks, tree = 25.71 MB, solutions = 0)
  18399   994    infeasible                         1232.9949  5688767         
  18585  1114    infeasible                         1232.9949  5839841         
  18776  1187     1396.1662   581                   1232.9949  5945206         
  19048  1220     1382.3443   613                   1232.9949  6020035         
  19248  1321     1323.4947   744                   1232.9949  6236091         
  19472  1409     1586.6261   402                   1232.9949  6297189         
  19654  1307     1448.0800   706                   1232.9949  6239345         
  19832  1456     1847.5459   401                   1238.1420  6347783         
  20019  1625     1530.0679   597                   1238.1420  6581040         
  20205  1752    infeasible                         1240.5625  6812843         
Elapsed time = 1627.95 sec. (379539.14 ticks, tree = 56.17 MB, solutions = 0)
  20397  1754     1453.7908   595                   1265.1737  6837775         
  20589  1854    infeasible                         1265.1737  6987898         
  20812  2097     1832.3773   488                   1285.3230  7362849         
  21066  2053     1548.0019   485                   1285.3230  7340685         
  21284  2305     1368.0149   614                   1285.3230  7579767         
  21522  2249     1887.1818   390                   1290.6161  7496193         
  21751  2571     1565.3251   613                   1290.6161  7827256         
  21943  2506     1497.1703   593                   1290.6161  7761125         
  22126  2838     1891.3251   520                   1300.7193  8193682         
  22294  2844     1657.3509   439                   1306.2782  8245278         
Elapsed time = 1902.66 sec. (418041.83 ticks, tree = 127.37 MB, solutions = 0)
  22476  2891     1658.9334   556                   1309.2700  8391386         
  22667  2948     1516.9520   559                   1309.2700  8596753         
  22848  2918     1435.5742   803                   1309.2700  8570574         
  23042  3027    infeasible                         1309.2700  8753036         
  23221  3081     1379.7686   687                   1309.2700  8882237         
  23415  3086     1621.1484   558                   1324.1724  8853510         
  23637  3129    infeasible                         1324.1724  9118807         
  23822  3161     1472.9935   571                   1341.1431  9134505         
  24023  3459     1865.7284   478                   1341.1431  9568500         
  24207  3438    infeasible                         1341.1431  9663839         
Elapsed time = 2181.07 sec. (456548.37 ticks, tree = 172.34 MB, solutions = 0)
  24409  3475    infeasible                         1341.1786  9776312         
  24631  3474    infeasible                         1341.1786  9881423         
  24848  3553     1964.9973   479                   1341.1786  9918776         
  25040  3541    infeasible                         1341.1786  9945503         
  25226  3744     1576.9534   676                   1368.0284 10245853         
  25424  3843    infeasible                         1368.0284 10418005         
  25741  3796    infeasible                         1380.3278 10349083         
  25936  3873    infeasible                         1381.8392 10562390         
  26131  4016     1625.1743   676                   1387.1127 10872719         
  26304  4191    infeasible                         1387.1127 11036888         
Elapsed time = 2454.24 sec. (495017.21 ticks, tree = 215.56 MB, solutions = 0)
  26466  4195     1661.7967   720                   1387.1127 11024322         
  26677  4180     1744.9348   590                   1395.2267 11195583         
  26894  4214    infeasible                         1403.4945 11249991         
  27077  4195     1551.3897   685                   1403.4945 11420107         
  27260  4208     1724.9282   638                   1404.2794 11455359         
  27462  4400    infeasible                         1404.2794 11905064         
  27674  4395     1492.4105   631                   1423.7097 12030939         
  27869  4415    infeasible                         1423.7097 11887216         
  28100  4436    infeasible                         1423.7097 12137791         
  28415  4556     1758.5650   567                   1427.5312 12280381         
Elapsed time = 2728.89 sec. (533341.67 ticks, tree = 242.65 MB, solutions = 0)
  28737  4505     1653.6752   543                   1441.4720 12207388         
  29030  4557     1615.0698   625                   1451.3342 12448732         
  29292  4679    infeasible                         1454.4507 12570148         
  29502  4871    infeasible                         1458.4505 12790789         
  29713  5157    infeasible                         1459.2858 13172972         
  29939  5122     1571.7950   581                   1459.2858 13121991         
  30168  5169     1606.8940   626                   1462.4998 13212027         
  30362  5212     1593.4971   644                   1477.9828 13596400         
  30566  5213    infeasible                         1477.9828 13663474         
  30767  5202     1583.7906   628                   1486.9974 13506864         
Elapsed time = 3002.71 sec. (571641.00 ticks, tree = 316.84 MB, solutions = 0)
  31000  5360     1588.9293   620                   1487.5043 13976389         
  31302  5380    infeasible                         1487.5043 14088547         
  31567  5361     1896.5392   447                   1493.4507 14015226         
  31835  5540     1830.4555   610                   1495.3266 14331905         
  32180  5458     1587.5366   579                   1495.3266 14230899         
  32550  5562     1553.8870   456                   1495.3266 14341808         
  32845  5824     1673.4653   548                   1512.3630 14625790         
  33086  5872     1582.8724   544                   1514.4741 14741525         
  33309  6017     2107.9992   440                   1517.9732 14836184         
  33534  6121     1662.8876   491                   1523.2270 14922899         
Elapsed time = 3271.12 sec. (609971.99 ticks, tree = 397.54 MB, solutions = 0)
  33748  6245    infeasible                         1526.1415 15105176         
  33962  6276     1708.3965   545                   1531.5216 15309437         
  34161  6449     1634.7214   558                   1533.2529 15619387         
  34387  6428     1667.3559   589                   1536.0910 15571261         
  34591  6375     1605.4173   679                   1538.0121 15557222         
  34824  6471     1620.9967   634                   1538.0121 15732705         
  35101  6476     1596.6626   561                   1538.0121 15866270         
  35390  6654     1727.7238   644                   1538.0121 16131203         
  35673  6674     1676.1690   597                   1539.7585 16172734         
  35948  6917    infeasible                         1539.7585 16435723         
Elapsed time = 3539.38 sec. (648325.05 ticks, tree = 454.82 MB, solutions = 0)
  36311  6814     1809.3080   577                   1542.0580 16344483         
  36596  6972     1648.9302   600                   1545.1643 16522553         
  36870  7055     1590.6338   540                   1545.5825 16613869         
  37098  7390    infeasible                         1546.4316 17067053         
  37341  7281     1598.2919   595                   1549.9900 16908547         
  37602  7412     1913.1475   511                   1551.0993 17034198         
  37801  7649    infeasible                         1554.5209 17426253         
  37964  7782    infeasible                         1557.9882 17699837         
  38174  7792    infeasible                         1558.1864 17690099         
  38380  7868     1675.4008   531                   1558.1864 17938401         
Elapsed time = 3810.95 sec. (686678.17 ticks, tree = 555.66 MB, solutions = 0)
  38563  7786    infeasible                         1558.1864 17781181         
  38772  7876     1642.6460   482                   1564.7008 17945958         
  38981  7898     1805.0385   542                   1565.1498 18027070         
  39176  7847    infeasible                         1565.2476 18063594         
  39394  8018     1872.2857   577                   1565.4112 18561332         
  39636  7913    infeasible                         1565.4112 18421322         
  39890  8019     2094.4477   502                   1565.4112 18560937         
  40166  8037     1930.1074   538                   1569.2952 18655682         
  40445  8071    infeasible                         1569.4385 19031432         
  40686  8150     1779.4016   492                   1569.4385 19205757         
Elapsed time = 4082.69 sec. (725079.36 ticks, tree = 582.60 MB, solutions = 0)
  40898  8175     1931.9728   507                   1569.4385 19252506         
  41084  8204    infeasible                         1574.9311 19270754         
  41266  8316     1694.5175   453                   1575.5006 19404246         
  41468  8412     1756.8960   569                   1576.8266 19770626         
  41667  8407     1674.4648   686                   1576.8728 19729621         
  41860  8471    infeasible                         1578.7332 20248569         
  42033  8410     1656.6504   497                   1579.8952 19942948         
  42196  8424     1802.8274   572                   1579.8952 20214024         
  42371  8474    infeasible                         1579.8952 20565501         
  42579  8446     1754.3300   591                   1579.8952 20345640         
Elapsed time = 4353.33 sec. (763445.08 ticks, tree = 606.79 MB, solutions = 0)
  42807  8460     1681.2580   520                   1582.7966 20660075         
  43060  8500     1810.8132   584                   1582.7966 20604513         
  43321  8503     2092.2097   467                   1582.7966 20868485         
  43526  8534     1601.7842   656                   1586.7615 21187252         
  43757  8533     1667.2917   589                   1587.6259 21300611         
  43984  8506    infeasible                         1588.5066 21169137         
  44203  8641     1666.9770   645                   1590.0184 21453846         
  44444  8648    infeasible                         1591.7713 21517873         
  44662  8838     1698.6515   509                   1593.5834 21900820         
  44850  8845     1631.0484   566                   1594.1071 21906048         
Elapsed time = 4631.61 sec. (801807.12 ticks, tree = 650.85 MB, solutions = 0)
  45187  8698    infeasible                         1595.7362 21773084         
  45514  8857     1652.9610   570                   1597.8626 21980655         
  45779  8881     1659.2699   559                   1597.8626 22020068         
  46026  8843     1659.9228   635                   1598.6608 22059693         
  46251  9096    infeasible                         1599.9374 22518712         
  46487  9091     1659.9562   649                   1600.7086 22392244         
  46732  9291    infeasible                         1600.8495 22689798         
  46936  9252    infeasible                         1600.8495 22670796         
  47124  9475     1625.2131   667                   1600.8495 23267769         
  47345  9506    infeasible                         1604.2068 23369314         
Elapsed time = 4897.59 sec. (840128.23 ticks, tree = 657.53 MB, solutions = 0)
  47572  9505    infeasible                         1605.9194 23576702         
  47810  9495    infeasible                         1605.9390 23460498         
  48031  9592     1667.0142   643                   1605.9390 23656545         
  48249  9593     1644.8365   675                   1605.9390 23834203         
  48425  9611    infeasible                         1607.0154 23758701         
  48583  9559     1628.1699   692                   1607.0154 23697578         
  48791  9577    infeasible                         1607.0154 23880902         
  49031  9609     1643.7505   681                   1610.2449 23945509         
  49278  9773     1694.9364   636                   1611.2976 24423598         
  49536  9738     1878.6262   703                   1612.3234 24695159         
Elapsed time = 5171.53 sec. (878470.76 ticks, tree = 687.97 MB, solutions = 0)
  49821  9782     1715.2306   542                   1612.4077 24541071         
  50079  9740    infeasible                         1612.4077 24619946         
  50373  9745     1674.7123   553                   1612.4077 24727016         
  50613  9904    infeasible                         1612.4077 25070937         
  50894  9870     1817.9334   484                   1612.4077 24893619         
  51170  9959     1755.4678   659                   1616.5369 25119984         
  51383 10251     1829.2553   429                   1616.6552 25553185         
  51582 10466     1671.7027   570                   1618.0119 25787271         
  51796 10338     2169.0325   489                   1618.8166 25664665         
  52058 10510     1687.4653   579                   1619.6149 25929065         
Elapsed time = 5445.33 sec. (916747.39 ticks, tree = 732.51 MB, solutions = 0)
  52273 10495     1681.3063   644                   1619.6149 26023824         
  52496 10492     1703.7254   621                   1619.6149 26234761         
  52730 10523    infeasible                         1622.3595 26180036         
  52985 10497     1639.1197   622                   1622.9329 26103645         
  53240 10530     1668.1585   505                   1623.2388 26298004         
  53501 10675     1856.9495   561                   1624.1149 26720849         
  53740 10684     1913.4874   564                   1624.5116 26740036         
  54005 10769    infeasible                         1624.5116 26830382         
  54303 10785    infeasible                         1626.4608 26897105         
  54606 10860     1677.2853   623                   1626.8390 27133990         
Elapsed time = 5715.96 sec. (955052.53 ticks, tree = 780.15 MB, solutions = 0)
  54855 10853    infeasible                         1627.3740 27121719         
  55164 10892     1720.9039   497                   1628.2250 27404647         
  55417 10834    infeasible                         1629.0976 27240116         
  55651 10912     1763.7090   547                   1629.3005 27414423         
  55870 11263     1899.5299   595                   1629.3402 27963009         
  56129 11093     1846.8514   621                   1630.2655 27643822         
  56372 11413     1675.0965   639                   1631.3439 28312313         
  56608 11246     1655.2905   628                   1631.7898 27921988         
  56835 11452     1787.1212   533                   1632.9345 28446665         
  57069 11422     1725.1112   692                   1633.4612 28322313         
Elapsed time = 5982.89 sec. (993319.73 ticks, tree = 785.51 MB, solutions = 0)
  57286 11444    infeasible                         1634.0663 28455902         
  57512 11516     1685.7536   618                   1634.5011 28957376         
  57738 11593     1695.9168   739                   1635.9134 29156657         
  57958 11599     1692.5388   684                   1636.5092 29271740         
  58174 11585     1667.1851   530                   1636.8514 29241354         
  58391 11558    infeasible                         1637.4994 29098279         
  58574 11593    infeasible                         1638.2286 29111464         
  58764 11589     1734.0971   497                   1639.0591 29562330         
  58969 11629     1745.2102   485                   1639.3574 29683893         
  59161 11573     1821.9778   492                   1639.9843 29514104         
Elapsed time = 6248.80 sec. (1031733.10 ticks, tree = 816.50 MB, solutions = 0)
  59392 11621     1661.3062   494                   1640.5222 30052121         
  59606 11659     1654.9798   572                   1641.2022 29836143         
  59841 11626     1715.2323   648                   1642.2032 29901197         
  60051 11519     1745.8460   659                   1642.6737 30453203         
  60251 11510     1752.5843   680                   1642.8558 30503603         
  60453 11512    infeasible                         1643.6473 30507651         
  60660 11514     1807.4514   571                   1644.3411 30602950         
  60875 11534     1829.2527   554                   1644.8382 30684149         
  61077 11601     1668.4269   504                   1645.3955 30905586         
  61289 11628     1752.3966   604                   1645.6957 30935668         
Elapsed time = 6528.05 sec. (1070068.43 ticks, tree = 804.13 MB, solutions = 0)
  61522 11642     2254.9937   539                   1646.3006 30997732         
  61735 11591    infeasible                         1646.4041 30893445         
  61935 11604    infeasible                         1647.4110 31253913         
  62159 11599     1766.1320   546                   1648.9617 31321607         
  62368 11603     1764.5947   581                   1649.4025 31469919         
  62586 11666     1839.9529   430                   1650.1121 31530340         
  62799 11654    infeasible                         1650.4959 31763073         
  63010 11586     1685.9166   692                   1651.3338 32003043         
  63232 11566    infeasible                         1652.0784 32028972         
  63442 11606     1946.7720   630                   1652.6974 32502136         
Elapsed time = 6799.78 sec. (1108410.37 ticks, tree = 827.89 MB, solutions = 0)
  63663 11555     1686.0632   507                   1653.0379 32668738         
  63855 11620    infeasible                         1653.7045 32465864         
  64083 11531     1740.4517   612                   1654.2016 32804082         
  64299 11532     1719.6918   454                   1654.6915 32830632         
  64539 11610     1828.4552   593                   1655.5890 33350674         
  64766 11499     1740.2150   525                   1655.6095 32803547         
  65022 11599     1913.9135   486                   1656.0743 33187524         
  65284 11596     1681.1150   666                   1656.4324 33525560         
  65592 11576     1755.2622   499                   1657.0664 33290170         
  65819 11544     1737.0613   566                   1657.1670 33773614         
Elapsed time = 7072.74 sec. (1146710.37 ticks, tree = 793.57 MB, solutions = 0)
  66049 11570     1736.6111   624                   1658.9329 33806750         
  66320 11666     1706.1181   630                   1659.2336 34069163         
  66533 11770    infeasible                         1659.5449 34265861         
  66755 11591     1871.4552   450                   1660.5008 33819749         
  66944 11925    infeasible                         1661.3567 34596373         
  67134 11738     1740.9099   549                   1662.3937 34252107         
  67349 11797     1821.2711   586                   1664.0055 34429515         
  67548 11920     1684.0701   672                   1664.4828 35120113         
  67774 11970     1963.1623   357                   1664.9782 35027446         
  67986 11965    infeasible                         1665.6470 35031223         
Elapsed time = 7348.22 sec. (1184995.78 ticks, tree = 843.93 MB, solutions = 0)
  68235 11920    infeasible                         1666.1677 35440711         
  68494 11902     1735.4902   530                   1667.1914 35631249         
  68700 11903     1697.1087   488                   1668.4864 35681038         
  68885 11950    infeasible                         1668.8534 35224411         
  69078 11958     1701.1028   509                   1669.4993 35498375         
  69243 11972    infeasible                         1669.9935 35978318         
  69426 11943     1938.2972   656                   1670.5645 36078620         
  69595 11902     1684.0521   526                   1671.0926 36212962         
  69807 11965     1760.7723   627                   1672.0547 36374951         
  70010 11957    infeasible                         1672.2047 35970396         
Elapsed time = 7628.17 sec. (1223320.79 ticks, tree = 859.17 MB, solutions = 0)
  70223 11953    infeasible                         1672.5408 36459534         
  70412 11923    infeasible                         1673.5893 36521326         
  70617 11910     2025.2210   500                   1674.2304 36675489         
  70844 11838    infeasible                         1675.4344 37004027         
  71061 11850     1745.7029   458                   1676.5918 37085784         
  71283 11792     1751.8086   670                   1676.8243 37351357         
  71509 11874    infeasible                         1677.1956 36941674         
  71713 11826     1706.8579   525                   1677.8576 37261657         
  71916 11783    infeasible                         1678.4621 37650130         
  72104 11801    infeasible                         1679.5616 37315441         
Elapsed time = 7883.11 sec. (1261663.66 ticks, tree = 818.30 MB, solutions = 0)
  72359 11731    infeasible                         1680.0363 37920665         
  72531 11714     1751.9559   492                   1680.8862 37947211         
  72738 11730     1768.1627   592                   1681.1821 37928270         
  72924 11738     1813.1954   554                   1681.7851 37931483         
  73120 11711    infeasible                         1682.8149 37959881         
  73332 11725    infeasible                         1682.9084 38073449         
  73545 11725    infeasible                         1683.8804 38276222         
  73760 11761     1747.6641   457                   1684.8359 38299315         
  73954 11620     1699.8484   560                   1685.2236 38867157         
  74147 11632    infeasible                         1685.4172 39023292         
Elapsed time = 8163.85 sec. (1300031.39 ticks, tree = 828.18 MB, solutions = 0)
  74362 11587    infeasible                         1686.7095 39257921         
  74552 11647    infeasible                         1687.1559 38923445         
  74741 11635     1763.9316   489                   1687.6229 39062275         
  74909 11630     1772.1999   598                   1688.5262 39066532         
  75109 11494     1737.0106   569                   1688.9173 39860917         
  75322 11571    infeasible                         1689.3539 39279890         
  75517 11566    infeasible                         1689.8057 39410638         
  75723 11554    infeasible                         1690.9165 39518663         
  75950 11372     1706.3717   589                   1691.2081 40257981         
  76200 11435     1726.1930   471                   1692.0434 40177223         
Elapsed time = 8431.99 sec. (1338377.43 ticks, tree = 797.59 MB, solutions = 0)
  76451 11390     1709.1614   623                   1693.1775 40395253         
  76680 11435     1762.6203   710                   1693.8370 40001682         
  76894 11405     1845.1524   511                   1694.5337 40375315         
  77124 11346     2460.4424   454                   1695.2622 40635274         
  77340 11375     1766.5197   538                   1696.3561 40843076         
  77545 11349     1797.9857   475                   1697.0720 40501661         
  77761 11394    infeasible                         1697.5411 41185354         
  77977 11445    infeasible                         1698.9736 41351710         
  78171 11376     1862.0036   440                   1698.9736 41112741         
  78385 11345     1819.7375   441                   1699.7309 40911939         
Elapsed time = 8709.88 sec. (1376679.88 ticks, tree = 786.84 MB, solutions = 0)
  78621 11410     1743.1447   548                   1699.7309 41146929         
  78852 11462    infeasible                         1701.0611 41312593         
  79063 11414    infeasible                         1701.7067 41821827         
  79279 11404     1776.6747   560                   1702.7411 41852359         
  79548 11294    infeasible                         1704.2139 42262458         
  79794 11239     2307.0154   492                   1704.2139 42430188         
  80012 11356     1737.9897   600                   1704.4649 41920171         
  80217 11223    infeasible                         1704.9283 42489537         
  80431 11316    infeasible                         1707.0904 42168464         
  80616 11222     2418.0004   502                   1707.2595 42744267         
Elapsed time = 8965.03 sec. (1415000.60 ticks, tree = 804.48 MB, solutions = 0)
  80846 11244    infeasible                         1708.0642 42424819         
  81080 11216    infeasible                         1708.9296 42619584         
  81316 11223     1765.4517   567                   1709.8753 43327117         
  81561 11175     1846.0527   558                   1710.2210 43191333         
  81820 11267    infeasible                         1710.2210 43360053         
  82071 11181     1775.6227   472                   1710.2210 43201746         
  82328 11232     1764.0620   587                   1712.5456 43292070         
  82611 11231     1775.2169   577                   1713.5912 43502190         
  82876 11268     1845.7270   546                   1714.3436 43773708         
  83188 11240     1746.6946   626                   1715.3559 43537114         
Elapsed time = 9226.89 sec. (1453313.88 ticks, tree = 799.20 MB, solutions = 0)
  83466 11233     1886.9687   464                   1715.3559 43974206         
  83707 11291     1834.5002   480                   1716.1711 44049576         
  83977 11531    infeasible                         1717.1906 44675875         
  84216 11311     1799.0869   527                   1718.1878 44124736         
  84475 11257     1808.2221   544                   1719.2985 44244825         
  84710 11343     1823.2502   455                   1719.9564 44361171         
  84951 11543    infeasible                         1720.9170 44887085         
  85174 11781    infeasible                         1721.8495 45490216         
  85394 11619     1748.1533   614                   1722.4026 45044414         
  85622 11735    infeasible                         1723.2190 45837329         
Elapsed time = 9485.20 sec. (1491578.28 ticks, tree = 812.72 MB, solutions = 0)
  85865 11701     1747.4215   477                   1724.2506 45959764         
  86068 11821     2379.8187   457                   1725.3196 45343102         
  86303 11731     1760.3967   490                   1726.3512 45847990         
  86542 11655    infeasible                         1726.7528 46288668         
  86771 11738    infeasible                         1728.3004 45773104         
  86986 11716    infeasible                         1728.4490 46120153         
  87193 11651     1810.9600   478                   1729.0832 46301657         
  87409 11637     1820.9312   606                   1729.9151 46744730         
  87619 11678    infeasible                         1730.7850 46361667         
  87829 11638    infeasible                         1731.4514 46669766         
Elapsed time = 9751.08 sec. (1529902.49 ticks, tree = 818.68 MB, solutions = 0)
  88057 11607    infeasible                         1732.1625 46703617         
  88278 11510     1780.3980   551                   1733.0757 47166340         
  88483 11530     2157.8744   410                   1734.1159 46972444         
  88690 11635     1769.4062   477                   1734.1159 46684773         
  88914 11468     1921.5659   470                   1734.7652 47265393         
  89141 11525     1765.8332   528                   1735.7100 47687036         
  89348 11485    infeasible                         1736.4204 47753678         
  89559 11484     1913.4507   487                   1736.9876 47757615         
  89771 11541     1771.7123   625                   1737.9895 48087413         
  89989 11506    infeasible                         1738.9719 47647438         
Elapsed time = 10020.00 sec. (1568308.31 ticks, tree = 795.92 MB, solutions = 0)
  90204 11447     1904.3458   555                   1739.7085 48473728         
  90403 11532     1811.2709   559                   1739.9149 48161139         
  90583 11541     1762.0570   551                   1739.9149 48080435         
  90817 11457     1779.2998   537                   1741.1976 48557077         
  91037 11478     2127.0839   527                   1741.4568 48277492         
  91271 11419     1962.7418   511                   1742.4482 48699372         
  91522 11337     2107.5544   559                   1742.5281 49032037         
  91759 11333    infeasible                         1743.5240 49320319         
  91974 11431    infeasible                         1743.9016 48770713         
  92191 11337    infeasible                         1744.0154 49138802         
Elapsed time = 10274.95 sec. (1606635.23 ticks, tree = 755.48 MB, solutions = 0)
  92407 11339     2119.6405   481                   1744.6906 49143081         
  92644 11324     1897.0418   507                   1745.2865 49557335         
  92843 11373     2573.9812   439                   1746.4030 49818184         
  93058 11335     2067.6457   544                   1747.2774 49403074         
  93277 11320     2145.8293   421                   1748.0495 49898232         
  93484 11206    infeasible                         1749.0834 50444361         
  93702 11297    infeasible                         1750.9103 50120616         
  93925 11197    infeasible                         1751.0438 50385157         
  94165 11246     1818.5222   623                   1751.4524 50294146         
  94384 11262    infeasible                         1752.1321 50163972         
Elapsed time = 10506.46 sec. (1644871.74 ticks, tree = 763.04 MB, solutions = 0)
  94638 11243    infeasible                         1753.3290 50359766         
  94840 11017     1881.6713   404                   1754.0734 50945509         
  95018 11224     1790.2563   503                   1755.0874 50436960         
  95210 11100     1843.1598   497                   1756.0180 50672217         
  95421 11003     1951.4784   534                   1757.1273 51058043         
  95598 10917     1888.5357   378                   1757.2700 51564943         
  95778 10867    infeasible                         1757.3867 51479128         
  95951 10808     2306.0144   526                   1758.1085 51818692         
  96135 10908     1840.3333   568                   1759.4880 51547482         
  96346 10911     1831.5918   480                   1759.8030 51581091         
Elapsed time = 10741.23 sec. (1683145.28 ticks, tree = 747.82 MB, solutions = 0)
  96553 10874    infeasible                         1760.9722 51366797         
  96754 10805    infeasible                         1761.5120 51771907         
  96991 10733     2058.5218   451                   1762.4362 52156257         
  97207 10748    infeasible                         1762.7478 52025573         
  97413 10705    infeasible                         1762.8266 52205579         
  97656 10553     1829.3027   467                   1763.2362 52741418         
  97886 10711    infeasible                         1764.4932 52242199         
  98116 10517    infeasible                         1765.0760 52611557         
  98336 10548    infeasible                         1765.9429 52755753         
  98535 10519    infeasible                         1766.5330 52795705         
Elapsed time = 10970.49 sec. (1721563.72 ticks, tree = 692.15 MB, solutions = 0)
  98759 10431    infeasible                         1768.4100 53193494         
  98965 10447    infeasible                         1768.7860 53662620         
  99201 10423     2218.8786   431                   1769.2118 53729777         
  99439 10476     1922.2951   474                   1769.4670 53461188         
  99642 10405     1816.6871   573                   1769.8309 53577686         
  99857 10438     1912.0391   534                   1771.4985 53609703         
 100077 10304     1897.6271   427                   1772.2480 54155936         
 100285 10399     1924.8508   529                   1772.3923 53849240         
 100492 10322     1901.6986   566                   1774.4219 53964288         
 100679 10161     1904.7203   462                   1775.6557 54933683         
Elapsed time = 11193.08 sec. (1759873.91 ticks, tree = 661.63 MB, solutions = 0)
 100908 10201     1883.1532   568                   1776.2986 54623912         
 101140 10274    infeasible                         1776.4738 54424123         
 101333 10139    infeasible                         1776.9275 55076239         
 101558 10182    infeasible                         1777.0090 54634095         
 101797 10052     2092.0754   500                   1778.5454 55353604         
 101993 10209    infeasible                         1779.5191 54577301         
 102216 10006     2386.9108   591                   1780.1828 55571382         
 102458 10131     1818.0039   564                   1780.9787 55128522         
 102653  9928    infeasible                         1781.5097 55709690         
 102840  9855    infeasible                         1782.3976 56000650         
Elapsed time = 11424.00 sec. (1798146.30 ticks, tree = 641.12 MB, solutions = 0)
 103039  9838    infeasible                         1782.9530 56193512         
 103242 10062     2648.8503   435                   1783.1638 55519191         
 103438  9839     1835.0068   530                   1783.6616 55980741         
 103614  9843    infeasible                         1784.7001 55943923         
 103841  9864     1831.4348   575                   1785.9872 55915131         
 104071  9839     1869.9079   621                   1786.2707 56252848         
 104282  9854     2218.3174   469                   1787.8407 56069927         
 104485  9782    infeasible                         1788.8282 56845223         
 104709  9676    infeasible                         1789.8314 57296578         
 105006  9647     2163.8100   531                   1790.4607 57416593         
Elapsed time = 11650.86 sec. (1836445.54 ticks, tree = 610.92 MB, solutions = 0)
 105295  9772     1855.9766   603                   1790.6602 56753326         
 105624  9666     1935.2211   512                   1790.8647 57346470         
 105870  9623     1827.1751   591                   1791.3409 57551695         
 106092  9551    infeasible                         1792.7825 57856794         
 106310  9569     2140.7982   479                   1793.8357 57706830         
 106531  9562    infeasible                         1794.6787 57710931         
 106754  9538     1849.1598   573                   1796.0890 57836734         
 107023  9661    infeasible                         1797.4451 58329525         
 107246  9521    infeasible                         1798.3359 58008000         
 107500  9518    infeasible                         1799.2994 58012056         
Elapsed time = 11884.91 sec. (1874794.84 ticks, tree = 591.31 MB, solutions = 0)
 107723  9648    infeasible                         1799.9397 58434229         
 107971  9631     2075.8239   530                   1800.9165 58203525         
 108228  9754    infeasible                         1801.4339 59235000         
 108430  9656    infeasible                         1802.4961 58358063         
 108643  9705    infeasible                         1803.4399 58733210         
 108871  9733     2234.9089   542                   1805.5396 59289380         
 109069  9772     1939.3141   521                   1806.4407 58932563         
 109276  9718    infeasible                         1807.3018 59297119         
 109531  9626     1872.9857   545                   1808.9693 59491513         
 109758  9571    infeasible                         1809.3544 59712958         
Elapsed time = 12101.86 sec. (1913074.23 ticks, tree = 587.95 MB, solutions = 0)
 109986  9572     1855.9204   565                   1810.1203 59716237         
 110213  9571    infeasible                         1811.6485 59646967         
 110410  9290     1877.9192   598                   1812.2183 60397848         
 110657  9383    infeasible                         1813.6129 60135821         
 110886  9393    infeasible                         1814.4912 60063466         
 111080  9388    infeasible                         1815.9959 60067894         
 111287  9084     1865.1994   599                   1817.0165 60830559         
 111500  8964    infeasible                         1817.6582 61131775         
 111727  9287     2152.4615   562                   1818.1406 60386046         
 111941  9078     2816.7950   216                   1818.1406 61468658         
Elapsed time = 12327.94 sec. (1951447.78 ticks, tree = 565.21 MB, solutions = 0)
 112158  8788    infeasible                         1818.1406 61427184         
 112366  9082     1950.9887   533                   1818.1406 60781698         
 112579  9126     1901.0731   645                   1818.1406 60812903         
 112795  8966    infeasible                         1818.1406 61004408         
 113021  8927     2545.3516   402                   1818.1406 61683154         
 113249  8873    infeasible                         1818.1406 61328402         
 113469  9279     3220.3595   181                   1818.1406 61476701         
 113686  9319     3314.5186   168                   1818.1406 61478256         
 113886  8767     1919.6656   488                   1818.1406 61986582         
 114160  8925     1877.9059   541                   1818.1406 62728245         
Elapsed time = 12547.80 sec. (1989817.15 ticks, tree = 523.81 MB, solutions = 0)
 114406  8792    infeasible                         1818.1406 62112170         
 114617  8747     1877.6999   441                   1827.4879 62232333         
 114840  8869     2543.7028   377                   1827.4879 62865462         
 115069  8817     1897.8828   648                   1827.4879 62191682         
 115320  8807    infeasible                         1827.4879 63075221         
 115528  8720     2443.2695   502                   1827.4879 63433072         
 115770  8886     1882.1053   584                   1827.4879 62915380         
 116019  8781    infeasible                         1827.4879 63244110         
 116257  8718    infeasible                         1835.6298 63611775         
 116512  8778    infeasible                         1836.0600 63478320         
Elapsed time = 12775.56 sec. (2028224.64 ticks, tree = 497.40 MB, solutions = 0)
 116753  8660     1906.6349   593                   1837.0635 63747711         
 116974  8783     2022.4984   605                   1837.8468 63950317         
 117222  8796     1967.5417   527                   1838.7404 63259537         
 117475  8898    infeasible                         1840.1616 64149533         
 117712  8937     1930.6076   563                   1841.3847 64305807         
 117966  8910     1939.6942   653                   1842.9106 64347076         
 118270  8927     2043.5420   641                   1843.5753 64155902         
 118543  8869     1914.9635   619                   1843.9442 64750368         
 118818  8946    infeasible                         1843.9442 64353503         
 119091  8912     1967.7965   517                   1843.9442 64518467         
Elapsed time = 13000.70 sec. (2066500.50 ticks, tree = 535.95 MB, solutions = 0)
 119391  8878     2003.9983   652                   1843.9442 64760966         
 119696  9188     2638.7641   233                   1843.9442 65326741         
 119991  9349     2799.2356   185                   1843.9442 65046422         
 120264  9130    infeasible                         1843.9442 65500562         
 120554  9138     2740.8352   158                   1843.9442 64960570         
 120830  9118     1957.2283   598                   1843.9442 65546171         
 121139  9028     2013.2495   519                   1843.9442 65319778         
 121445  9124    infeasible                         1843.9442 65515865         
 121772  9402     2729.7031   221                   1843.9442 65338340         
 122111  9124     2050.9283   527                   1843.9442 65523122         
Elapsed time = 13217.96 sec. (2104795.84 ticks, tree = 583.06 MB, solutions = 0)
 122447  9143     2010.8136   532                   1843.9442 65692843         
 122808  9459    infeasible                         1843.9442 66211732         
 123148 10302     2868.6037   113                   1855.2150 66549185         
 123522 10387     2901.5931    82                   1855.2150 66552738         
 123877 10443     2928.3862    79                   1855.2150 66555367         
 124254 10522     3013.4794    44                   1855.2150 66558052         
 124608 10026    infeasible                         1855.2150 67287156         
 124924 10615     3027.5481   109                   1855.2150 66560854         
 125376 10483     1962.0357   450                   1855.2150 67448745         
*125565 10682      integral     0     3339.2329     1855.2150 67402914   44.44%
Elapsed time = 13434.05 sec. (2141112.34 ticks, tree = 730.87 MB, solutions = 1)
 125901 10783     3021.7584   427     3339.2329     1858.7213 67634757   44.34%
 126195 10864     2366.1020   406     3339.2329     1858.7213 67804209   44.34%
 126488 10814     2575.6249   406     3339.2329     1858.7213 67914087   44.34%
 126777 10463    infeasible           3339.2329     1858.7213 67608595   44.34%
 127019 10792     2091.1631   559     3339.2329     1858.7213 67758767   44.34%
 127215 11388     1981.7897   586     3339.2329     1858.7213 68012835   44.34%
 127468 11695    infeasible           3339.2329     1858.7213 68766790   44.34%
 127723 10850     2119.7235   539     3339.2329     1858.7213 67886011   44.34%
 127991 10460    infeasible           3339.2329     1858.7213 67632795   44.34%
 128244 10854     1984.4018   540     3339.2329     1858.7213 67895747   44.34%
Elapsed time = 13660.91 sec. (2179502.51 ticks, tree = 709.73 MB, solutions = 1)
 128455 10830     2000.8098   620     3339.2329     1880.8965 67993126   43.67%
 128687 11587     2164.8543   569     3339.2329     1883.1672 68627663   43.60%
 128905 11936     2013.3507   547     3339.2329     1883.9165 69536793   43.58%
 129123 11747     2050.1609   521     3339.2329     1885.5384 69118325   43.53%
 129347 11635        cutoff           3339.2329     1886.2995 68744686   43.51%
 129561 11796    infeasible           3339.2329     1886.6349 69174057   43.50%
 129803 11937    infeasible           3339.2329     1887.8182 69902206   43.47%
 130064 11989     2079.6649   572     3339.2329     1889.2982 69656348   43.42%
 130271 11924    infeasible           3339.2329     1889.5675 69557664   43.41%
 130499 11801    infeasible           3339.2329     1891.2030 70541843   43.36%
Elapsed time = 13892.19 sec. (2217962.47 ticks, tree = 731.87 MB, solutions = 1)
 130707 11888        cutoff           3339.2329     1892.5729 69462008   43.32%
 130933 11831     1975.6309   593     3339.2329     1893.9543 70388754   43.28%
 131161 11987     2115.5059   609     3339.2329     1895.8498 69712729   43.22%
 131380 11797     2639.0836   372     3339.2329     1897.5246 70671853   43.17%
 131616 11630     1965.4441   636     3339.2329     1898.0630 71075522   43.16%
 131872 11810     2277.1228   483     3339.2329     1899.7453 70715207   43.11%
 132118 11761    infeasible           3339.2329     1899.7453 70762947   43.11%
 132342 11782     2328.5539   502     3339.2329     1901.2863 70608651   43.06%
 132546 11551    infeasible           3339.2329     1903.7787 71562070   42.99%
 132759 11792    infeasible           3339.2329     1905.5001 70731023   42.94%
Elapsed time = 14128.15 sec. (2256274.31 ticks, tree = 736.25 MB, solutions = 1)
 132948 11589    infeasible           3339.2329     1906.9990 71371898   42.89%
 133140 11693     2024.3027   600     3339.2329     1908.7687 71170307   42.84%
 133350 11600     2044.2135   599     3339.2329     1909.3837 71456032   42.82%
 133561 11600     1994.4760   649     3339.2329     1913.2414 71458677   42.70%
 133746 11696    infeasible           3339.2329     1913.7276 71180822   42.69%
 133959 11591     2230.6944   431     3339.2329     1915.1400 71824859   42.65%
 134181 11558    infeasible           3339.2329     1917.7994 71748793   42.57%
 134386 11554    infeasible           3339.2329     1918.5663 71998507   42.54%
 134594 11593    infeasible           3339.2329     1919.0812 71836312   42.53%
 134770 11544    infeasible           3339.2329     1921.7227 71967342   42.45%
Elapsed time = 14355.92 sec. (2294619.79 ticks, tree = 723.98 MB, solutions = 1)
 135001 11468     2466.0657   512     3339.2329     1924.1796 72779550   42.38%
 135225 11580     2059.2906   543     3339.2329     1925.7634 71848978   42.33%
 135436 11373    infeasible           3339.2329     1929.6774 73048973   42.21%
 135611 11402     2013.2583   568     3339.2329     1929.9828 73135244   42.20%
 135843 11457     2013.1184   626     3339.2329     1931.3780 72579631   42.16%
 136058 11405    infeasible           3339.2329     1935.6812 72970018   42.03%
 136278 11450    infeasible           3339.2329     1935.6812 72675723   42.03%
 136505 11493     2050.5215   634     3339.2329     1937.5575 72803384   41.98%
 136706 11277        cutoff           3339.2329     1938.1734 73627240   41.96%
 136933 11381    infeasible           3339.2329     1939.7180 73118879   41.91%
Elapsed time = 14578.55 sec. (2332968.34 ticks, tree = 693.95 MB, solutions = 1)
 137136 11261        cutoff           3339.2329     1940.0751 73680956   41.90%
 137356 11163    infeasible           3339.2329     1942.4797 74307414   41.83%
 137558 11152     2056.8186   473     3339.2329     1942.7427 74400919   41.82%
 137778 11326     2214.2936   522     3339.2329     1944.8948 73474491   41.76%
 138018 11244     2113.6135   517     3339.2329     1946.4468 73956771   41.71%
 138252 11286    infeasible           3339.2329     1946.8100 73568557   41.70%
 138455 11206     2074.2702   603     3339.2329     1947.2384 74193125   41.69%
 138686 11178     2165.3502   524     3339.2329     1950.2653 74148329   41.60%
 138940 11178     2123.5740   577     3339.2329     1950.5477 74112246   41.59%
 139150 11158    infeasible           3339.2329     1951.6320 74468264   41.55%
Elapsed time = 14815.42 sec. (2371273.14 ticks, tree = 645.30 MB, solutions = 1)
 139364 10999    infeasible           3339.2329     1953.5225 74904890   41.50%
 139574 11026     2227.5023   504     3339.2329     1953.5225 74868832   41.50%
 139771 11162    infeasible           3339.2329     1955.1513 74390696   41.45%
 139954 10982     2039.9935   510     3339.2329     1956.1165 75275020   41.42%
 140189 11112     2092.3869   552     3339.2329     1956.9002 74535167   41.40%
 140425 11018     2201.7873   557     3339.2329     1957.6163 74882876   41.38%
 140662 10857     2046.5336   626     3339.2329     1960.3906 75706420   41.29%
 140898 10911     2206.0719   546     3339.2329     1960.7932 75622156   41.28%
 141091 10652     2187.9441   524     3339.2329     1963.0181 76311871   41.21%
 141310 10635    infeasible           3339.2329     1965.9984 76442459   41.12%
Elapsed time = 15045.25 sec. (2409551.03 ticks, tree = 635.57 MB, solutions = 1)
 141510 10582     2070.1103   632     3339.2329     1967.0568 76582182   41.09%
 141700 10582    infeasible           3339.2329     1968.3648 76707787   41.05%
 141914 10670        cutoff           3339.2329     1969.4285 76281793   41.02%
 142111 10503    infeasible           3339.2329     1970.0364 76895377   41.00%
 142343 10669    infeasible           3339.2329     1971.3350 76375914   40.96%
 142541 10577     2313.5377   556     3339.2329     1972.1293 76724476   40.94%
 142748 10545     2080.1587   627     3339.2329     1974.6219 76688407   40.87%
 142987 10723    infeasible           3339.2329     1975.9817 76089486   40.83%
 143180 10624     2336.0599   447     3339.2329     1978.4662 76521061   40.75%
 143377 10248     2569.0646   509     3339.2329     1979.9179 77438705   40.71%
Elapsed time = 15280.55 sec. (2447940.96 ticks, tree = 606.40 MB, solutions = 1)
 143586 10397     2117.1642   545     3339.2329     1981.1008 77098593   40.67%
 143802 10211     2910.6211   370     3339.2329     1986.0412 77541203   40.52%
 144000 10212    infeasible           3339.2329     1986.5285 77499627   40.51%
*144027+10545                         3110.2296     1986.5285            36.13%
*144030+10545                         3108.9417     1986.5285            36.10%
*144032+10545                         3101.9533     1986.5285            35.96%
 144217 10153     2051.8475   615     3101.9533     1989.1318 77769622   35.87%
 144440 10185    infeasible           3101.9533     1990.1828 77646577   35.84%
 144639 10066    infeasible           3101.9533     1990.1828 78011536   35.84%
 144825 10392    infeasible           3101.9533     1992.1332 77203304   35.78%
 145029 10096    infeasible           3101.9533     1994.0456 77839375   35.72%
 145237 10129    infeasible           3101.9533     1995.7000 77708448   35.66%
 145433  9430    infeasible           3101.9533     1997.2882 78348206   35.61%
Elapsed time = 15512.75 sec. (2486355.10 ticks, tree = 553.61 MB, solutions = 5)
 145589  9367     2278.8587   485     3101.9533     1997.7157 78626119   35.60%
 145764  9470    infeasible           3101.9533     2002.7428 78214526   35.44%
*145780+ 9334                         3080.6374     2002.7428            34.99%
 145978  9376     2466.6498   527     3080.6374     2002.7428 78770483   34.99%
 146152  9344     2177.2773   538     3080.6374     2005.0055 78596797   34.92%
 146320  9237    infeasible           3080.6374     2008.4078 78961646   34.81%
 146520  9394        cutoff           3080.6374     2009.8673 78508176   34.76%
 146724  9353     2221.7968   549     3080.6374     2011.2336 78696996   34.71%
 146924  8884        cutoff           3080.6374     2012.0328 79557088   34.69%
 147131  9122    infeasible           3080.6374     2012.0328 79174655   34.69%
 147320  8723        cutoff           3080.6374     2013.3246 79940961   34.65%
Elapsed time = 15748.36 sec. (2524746.94 ticks, tree = 462.57 MB, solutions = 8)
 147542  8802     2531.4779   453     3080.6374     2014.8694 79715408   34.60%
 147780  8793    infeasible           3080.6374     2015.6363 79719441   34.57%
 147998  9076        cutoff           3080.6374     2016.4184 79248501   34.55%
 148195  8607        cutoff           3080.6374     2017.3235 80122808   34.52%
 148400  8355    infeasible           3080.6374     2019.2586 80799402   34.45%
 148644  8745     2172.6328   591     3080.6374     2019.9060 79957242   34.43%
 148876  8220     2213.7411   549     3080.6374     2021.2430 81112917   34.39%
 149094  8317    infeasible           3080.6374     2025.2103 80911317   34.26%
 149325  7993        cutoff           3080.6374     2025.2103 81473025   34.26%
 149581  8160    infeasible           3080.6374     2025.2103 81190373   34.26%
Elapsed time = 15958.68 sec. (2563041.06 ticks, tree = 393.72 MB, solutions = 8)
 149808  7840     2144.1500   583     3080.6374     2027.8858 81646880   34.17%
 150034  7955     2411.8652   499     3080.6374     2027.8858 81537813   34.17%
 150280  7731     2109.3817   569     3080.6374     2030.9080 81814978   34.08%
 150521  7647        cutoff           3080.6374     2030.9080 81883453   34.08%
 150744  7345    infeasible           3080.6374     2041.7377 82305610   33.72%
*150806+ 7318                         3079.4339     2041.7377            33.70%
 150987  7609    infeasible           3079.4339     2041.7377 81964471   33.70%
*151023+ 7438                         3062.7939     2041.7377            33.34%
 151238  7523    infeasible           3062.7939     2041.7377 82096230   33.34%
 151504  7077    infeasible           3062.7939     2044.3082 82590534   33.25%
 151722  6971     2463.5941   496     3062.7939     2061.4067 82849600   32.70%
 151960  7027        cutoff           3062.7939     2061.4067 82711280   32.70%
Elapsed time = 16179.16 sec. (2601299.81 ticks, tree = 317.06 MB, solutions = 10)
 152219  6907    infeasible           3062.7939     2061.4067 82912202   32.70%
*152289+ 7022                         3058.5908     2061.4067            32.60%
 152439  6681     2208.7715   448     3058.5908     2061.4067 83152936   32.60%
 152689  6591    infeasible           3058.5908     2070.5418 83210735   32.30%
 152923  6475    infeasible           3058.5908     2070.5418 83403263   32.30%
 153134  6394     2208.7311   492     3058.5908     2075.0338 83533004   32.16%
 153369  6344     2547.0716   500     3058.5908     2086.0593 83594345   31.80%
 153594  6147        cutoff           3058.5908     2086.0593 83864431   31.80%
 153834  6012     2339.2393   511     3058.5908     2156.8491 83985244   29.48%
 154130  5824    infeasible           3058.5908     2156.8491 84295263   29.48%
 154424  5615        cutoff           3058.5908     2156.8491 84434872   29.48%
Elapsed time = 16396.96 sec. (2639659.85 ticks, tree = 245.78 MB, solutions = 11)
 154736  5789    infeasible           3058.5908     2156.8491 84331208   29.48%
 155048  5365     2327.9499   489     3058.5908     2156.8491 84691987   29.48%
 155382  5359        cutoff           3058.5908     2173.6738 84698844   28.93%
 155694  5261    infeasible           3058.5908     2276.7640 84767611   25.56%
 156064  5142    infeasible           3058.5908     2303.6999 84911929   24.68%
 156404  4850    infeasible           3058.5908     2305.5193 85176503   24.62%
 156770  4867    infeasible           3058.5908     2305.5193 85161774   24.62%
 157197  5114     2606.9228   326     3058.5908     2353.2649 85021933   23.06%
 157641  4929    infeasible           3058.5908     2353.2649 85116025   23.06%
 158159  4437     2581.3270   389     3058.5908     2353.2649 85570472   23.06%
Elapsed time = 16624.83 sec. (2677885.70 ticks, tree = 191.96 MB, solutions = 11)
 158838  4770     2606.8396   319     3058.5908     2353.2649 85375358   23.06%
*158895+ 5226                         3057.8339     2353.2649            23.04%
 159706  4502     2610.8102   341     3057.8339     2422.4991 85572147   20.78%
 160666  4626     2655.5037   321     3057.8339     2437.6466 85486551   20.28%
 161756  4602     2633.2759   323     3057.8339     2437.6466 85555482   20.28%
 162905  4521     2680.1362   261     3057.8339     2437.6466 85609419   20.28%
 164087  4648     2672.1661   257     3057.8339     2437.6466 85575867   20.28%
 165375  4649     2633.5825   216     3057.8339     2437.6466 85583163   20.28%
 166665  4774     2598.9021   231     3057.8339     2437.6466 85721863   20.28%
*167091+ 4966                         3056.4174     2437.6466            20.24%
 168007  4848     2843.7666   257     3056.4174     2437.6466 85679555   20.24%
 169356  4719     2675.3440   251     3056.4174     2437.6466 85595693   20.24%
Elapsed time = 16915.71 sec. (2716074.63 ticks, tree = 198.17 MB, solutions = 14)
 170731  4736     2815.6254   152     3056.4174     2437.6466 85656667   20.24%
*172049+ 4985                         3048.8781     2452.6024            19.56%
 172090  4984     2982.1562   246     3048.8781     2452.6024 85682995   19.56%
*172530+ 4905                         3048.7593     2452.6024            19.55%
 173761  4957     2916.4025   202     3048.7593     2452.6024 85584694   19.55%
*173782+ 7281                         3026.9924     2452.6024            18.98%
*174978+11666                         3016.1713     2452.6024            18.68%
*175915+ 8217                         3010.3313     2452.6024            18.53%
 176008 13097     2973.0755   230     3010.3313     2452.6024 86078215   18.53%
*176145+ 8214                         2889.0236     2452.6024            15.11%
 178429  5105     2929.8027   186     2889.0236     2462.1550 85688161   14.78%
*178868+ 5653                         2828.1321     2462.1550            12.94%
 181257 15616     2652.2553   244     2828.1321     2474.6260 86349895   12.50%
 184432 15764     2702.0530   228     2828.1321     2474.6260 86353308   12.50%
*184753+17251                         2813.3944     2474.6260            12.04%
 187643 14128     2707.2031   246     2813.3944     2478.0040 86144921   11.92%
*187924+17599                         2794.1023     2478.0040            11.31%
*187962+17599                         2792.5266     2478.0040            11.26%
*190193+18726                         2758.0064     2484.1045             9.93%
 191103 17213     2760.8576   189     2758.0064     2484.1045 86427266    9.93%
*193374+18071                         2735.3889     2484.1045             9.19%
*193638+17705                         2735.3889     2484.1045             9.19%
 194439  5681    infeasible           2735.3889     2484.1045 85746094    9.19%
Elapsed time = 17100.35 sec. (2754229.41 ticks, tree = 269.47 MB, solutions = 71)
 197513 16755     2667.0787   237     2735.3889     2484.1045 86657458    9.19%
 200905 17592     2722.3503   263     2735.3889     2484.1045 86696216    9.19%
 204561 18753     2782.8217   136     2735.3889     2488.9497 86493804    9.01%
*207069+18593                         2726.4302     2488.9497             8.71%
 208034 23490     2601.8527   304     2726.4302     2488.9497 86947050    8.71%
*208322+17721                         2721.5834     2492.8203             8.41%
*208354+17720                         2720.1522     2492.8203             8.36%
*208411+17709                         2716.0621     2492.8203             8.22%
 211739 18937     2712.3153   216     2716.0621     2492.8203 86746715    8.22%
*212419+17157                         2715.1537     2492.8203             8.19%
 215369 28734     2560.4025   331     2715.1537     2524.5330 87236018    7.02%
*215424+25605                         2712.6720     2524.5330             6.94%
*215817+27040                         2710.0702     2524.5330             6.85%
 218988 33223     2664.3557   213     2710.0702     2524.5330 87512910    6.85%
*220738+33285                         2709.8331     2524.5330             6.84%
*221936+32030                         2709.6925     2524.5330             6.83%
 222610 31956     2618.5632   309     2709.6925     2531.9562 87395708    6.56%
*223636+34880                         2704.2396     2531.9562             6.37%
 226247 34373     2691.6818   178     2704.2396     2535.2885 87569162    6.25%
 229713 40428     2562.2735   305     2704.2396     2535.2885 87894411    6.25%
Elapsed time = 17298.64 sec. (2792388.23 ticks, tree = 1154.16 MB, solutions = 179)
 233646 40205     2617.4641   264     2704.2396     2535.2885 87883881    6.25%
*236456+42251                         2700.2453     2538.8650             5.98%
 237579 44702     2694.2667   148     2700.2453     2538.8650 88137586    5.98%
*239566+44396                         2699.8677     2538.8650             5.96%
 241260 36978     2702.4125   252     2699.8677     2538.8650 87677169    5.96%
 244842 47420     2561.2813   315     2699.8677     2538.8650 88236456    5.96%
*245918+40165                         2695.3798     2538.8650             5.81%
 248411 41023     2648.8246   270     2695.3798     2538.8650 87912190    5.81%
 252080 49351     2607.5397   242     2695.3798     2538.8650 88353122    5.81%
*255347+50444                         2695.0021     2538.8650             5.79%
 255761 51154     2601.2813   263     2695.0021     2538.8650 88423627    5.79%
 259255 48559     2662.8169   215     2695.0021     2538.8650 88275327    5.79%
*260671+45519                         2690.5456     2538.8650             5.64%
 262824 60842        cutoff           2690.5456     2538.8650 88844235    5.64%
*265085+63320                         2688.5297     2538.8650             5.57%
 266269 64635     2610.6695   296     2688.5297     2543.0545 89032437    5.41%
Elapsed time = 17506.17 sec. (2830541.42 ticks, tree = 1730.47 MB, solutions = 232)
 269947 66043     2658.7897   197     2688.5297     2543.0545 89080061    5.41%
*271111+53508                         2687.3711     2543.4596             5.36%
 273432 53053     2669.3370   280     2687.3711     2543.4596 88491723    5.36%
*273661+69750                         2682.9146     2543.4596             5.20%
 277008 68135     2683.9757    71     2682.9146     2544.0815 89159180    5.17%
 280517 69914     2658.1224   262     2682.9146     2544.6385 89298106    5.15%
 284105 52062     2624.5729   231     2682.9146     2544.6385 88454926    5.15%
 287617 73345     2639.2979   257     2682.9146     2544.6876 89429813    5.15%
 290904 58558     2623.2553   274     2682.9146     2544.7276 88752152    5.15%
 294654 73433     2580.7580   279     2682.9146     2544.7857 89439924    5.15%
*295414+83676                         2682.4638     2544.9405             5.13%
*297078+78694                         2681.6649     2545.2448             5.09%
 298028 85410     2618.1188   193     2681.6649     2545.2448 89910963    5.09%
*298517+71625                         2679.0106     2545.2448             4.99%
 301061 70580     2571.6744   333     2679.0106     2545.6031 89241119    4.98%
Elapsed time = 17706.41 sec. (2868698.88 ticks, tree = 1883.34 MB, solutions = 249)
*302016+89072                         2678.8988     2545.6031             4.98%
 304051 86169     2591.3678   226     2678.8988     2545.6031 89987311    4.98%
*304650+86174                         2677.8522     2545.6031             4.94%
 307308 85198     2586.1206   362     2677.8522     2545.6031 89881346    4.94%
 310871 84932     2657.7101   228     2677.8522     2546.4650 89892439    4.91%
*313575+87681                         2675.6326     2546.5488             4.82%
 314364 85389     2639.7749   195     2675.6326     2546.6345 89886395    4.82%
 318059 92792     2617.9411   299     2675.6326     2546.6532 90251921    4.82%
*321387+106756                         2675.5208     2546.6774             4.82%
 321720 98045     2601.1060   285     2675.5208     2546.6774 90515376    4.82%
 325284 100156     2637.2334   236     2675.5208     2546.9791 90600247    4.80%
 328919 104081     2588.7352   391     2675.5208     2546.9791 90728593    4.80%
 332424 109607     2628.7323   340     2675.5208     2547.5945 90969985    4.78%
 335748 98036     2591.1740   351     2675.5208     2547.7918 90516672    4.77%
Elapsed time = 17910.22 sec. (2906858.42 ticks, tree = 2541.19 MB, solutions = 272)
Nodefile size = 469.91 MB (220.42 MB after compression)
 339073 113325     2578.1473   329     2675.5208     2548.1952 91088648    4.76%
 342563 129542     2633.3299   367     2675.5208     2548.4841 91666549    4.75%
 345867 116795     2568.8974   295     2675.5208     2548.9077 91210617    4.73%
 349167 134306     2586.9100   280     2675.5208     2549.1311 91846632    4.72%
 353000 117820     2583.1236   337     2675.5208     2549.2326 91253708    4.72%
 356705 119054     2600.7043   262     2675.5208     2549.3416 91286743    4.72%
*359772+124874                         2675.4428     2549.3591             4.71%
 360498 132818     2662.3798   260     2675.4428     2549.3591 91792114    4.71%
 364167 134859     2621.6045   352     2675.4428     2549.5278 91861783    4.71%
*367959+144287                         2675.1779     2549.7005             4.69%
 368085 150914     2642.1659   294     2675.1779     2549.7005 92460697    4.69%
 371782 136028     2600.8337   241     2675.1779     2550.1131 91902513    4.68%
Elapsed time = 18103.68 sec. (2945021.26 ticks, tree = 3479.80 MB, solutions = 277)
Nodefile size = 1408.12 MB (645.90 MB after compression)
*374571+153679                         2674.7592     2550.2311             4.66%
 375370 135226     2635.5157   230     2674.7592     2550.2465 91873002    4.66%
*377791+143648                         2674.5287     2550.2777             4.65%
 379075 142799     2620.0740   218     2674.5287     2550.2981 92143361    4.64%
*382833+167822                         2673.9414     2550.3204             4.62%
 383244 152385     2651.3471   165     2673.9414     2550.3204 92508848    4.62%
*383324+166862                         2673.4113     2550.3204             4.60%
*386603+168750                         2673.3333     2550.3683             4.60%
 387371 170221     2669.5860   210     2673.3333     2550.3683 93153192    4.60%
 391480 169508     2635.5108   237     2673.3333     2550.6251 93124870    4.59%
 395646 154546     2659.0347   252     2673.3333     2550.8007 92597614    4.58%
 399904 164189     2564.0158   291     2673.3333     2550.9080 92925553    4.58%
*402954+179733                         2672.5809     2551.1661             4.54%
 403939 180718     2620.3643   252     2672.5809     2551.3124 93472445    4.54%
 407447 184762     2671.8218    90     2672.5809     2551.4187 93592470    4.53%
*409420+186125                         2671.8163     2551.4187             4.51%
 410778 169302     2640.4159   181     2671.8163     2551.4187 93113750    4.51%
Elapsed time = 18318.06 sec. (2983182.79 ticks, tree = 4437.16 MB, solutions = 286)
Nodefile size = 2244.83 MB (1023.13 MB after compression)
*412136+170299                         2671.0332     2551.4187             4.48%
 413688 184098     2663.7976   191     2671.0332     2551.4187 93569745    4.48%
Starting limited solution polishing.
 416439 190445     2661.8194   265     2671.0332     2551.4187 93767728    4.48%
 419053 190924     2640.8896   195     2671.0332     2551.4187 93799037    4.48%
 421363 181443     2575.8242   266     2671.0332     2551.4187 93492373    4.48%
*421887+196430                         2670.5077     2551.4187             4.46%
 423623 195425     2638.8392   185     2670.5077     2551.4187 93917255    4.46%
 425606 189934     2622.8432   231     2670.5077     2551.4187 93757313    4.46%
*426084+195535                         2669.2115     2551.4187             4.41%
 427833 192267     2591.2801   343     2669.2115     2551.4187 93836330    4.41%
*428681+205645                         2668.9127     2551.4187             4.40%
 429889 204268     2666.1216   132     2668.9127     2551.4187 94208786    4.40%
 431836 209202     2605.3705   269     2668.9127     2551.4187 94416014    4.40%
*433467+210102                         2668.2034     2551.4187             4.38%
 434026 199334     2641.9108   197     2668.2034     2551.4187 94059832    4.38%
Elapsed time = 18607.74 sec. (3021340.45 ticks, tree = 6990.18 MB, solutions = 305)
Nodefile size = 4860.31 MB (2569.53 MB after compression)
*434438+213173                         2666.6677     2551.4187             4.32%
 436596 213632     2597.0737   280     2666.6677     2551.4187 94644258    4.32%
 439219 217396     2570.0243   261     2666.6677     2552.1374 94758076    4.29%
 442036 219392     2603.0294   328     2666.6677     2552.1374 94818276    4.29%
*442297+217613                         2665.8291     2552.1374             4.26%
 444512 213630     2629.9812   243     2665.8291     2552.1374 94643105    4.26%
 446729 221082     2646.8338   280     2665.8291     2552.1374 94858134    4.26%
*446760+221706                         2664.5917     2552.1374             4.22%
 449145 222191     2639.8139   264     2664.5917     2552.1374 95005022    4.22%
 451515 222586     2601.6714   297     2664.5917     2552.1374 94906729    4.22%
*452022+226244                         2664.4339     2552.1374             4.21%
 453789 229208     2634.4094   238     2664.4339     2552.1374 95230023    4.21%
 456014 227846     2584.8954   326     2664.4339     2552.7124 95193698    4.19%
 457603 222863     2588.2971   286     2664.4339     2552.7124 94914054    4.19%
Elapsed time = 18808.91 sec. (3059514.50 ticks, tree = 10789.31 MB, solutions = 320)
Nodefile size = 8663.05 MB (5028.74 MB after compression)
 459229 223153     2591.9603   281     2664.4339     2553.0945 95037473    4.18%
 461137 222554     2639.1670   202     2664.4339     2553.0945 95015778    4.18%
 463476 228318     2635.4991   328     2664.4339     2553.1798 95212416    4.18%
 465478 241541     2645.1362   307     2664.4339     2553.2664 95608369    4.17%
 467512 235004     2662.7733   349     2664.4339     2553.2713 95402105    4.17%
 469072 235620     2644.1398   219     2664.4339     2553.3143 95422020    4.17%
 470877 238523     2612.7287   371     2664.4339     2553.3519 95512315    4.17%
 472968 244601     2612.6143   292     2664.4339     2553.3686 95712698    4.17%
 474759 248647     2590.1272   240     2664.4339     2553.3686 95836167    4.17%
 476731 241845     2632.3855   162     2664.4339     2553.3686 95615626    4.17%
Elapsed time = 18990.02 sec. (3097679.91 ticks, tree = 13815.11 MB, solutions = 321)
Nodefile size = 11673.71 MB (7034.80 MB after compression)
 478183 253216     2607.5840   292     2664.4339     2553.3686 95976565    4.17%
 480111 251181     2570.8753   281     2664.4339     2553.3686 95915719    4.17%
 481920 247248     2641.9751   181     2664.4339     2553.3686 95791297    4.17%
*483321+254766                         2664.3060     2553.5710             4.16%
*483394+254766                         2664.0041     2553.5710             4.15%
 483691 255536     2649.0890   170     2664.0041     2553.5710 96047943    4.15%
 485778 252359     2655.2108   206     2664.0041     2553.5710 95948094    4.15%
*486323+260845                         2662.9369     2553.5710             4.11%
 487575 258932     2565.8696   373     2662.9369     2553.5710 96224745    4.11%
 489080 257612     2580.6613   354     2662.9369     2553.5710 96110583    4.11%
 490700 264010     2620.5441   207     2662.9369     2553.5710 96372195    4.11%
 492506 259787     2572.7417   326     2662.9369     2553.5710 96166689    4.11%
 494083 262035     2621.4667   193     2662.9369     2553.7664 96306906    4.10%
Elapsed time = 19187.65 sec. (3135848.38 ticks, tree = 16879.31 MB, solutions = 326)
Nodefile size = 14786.38 MB (9121.08 MB after compression)
 495676 261840     2595.4631   330     2662.9369     2553.7664 96306182    4.10%
 497475 259514     2599.4861   283     2662.9369     2553.7664 96239656    4.10%
 498854 269165     2583.0460   299     2662.9369     2553.7664 96533882    4.10%
 500470 269974     2649.7791   212     2662.9369     2553.7983 96562975    4.10%
 501824 275198     2649.1893   275     2662.9369     2553.7983 96726683    4.10%
*503088+275084                         2662.1377     2554.0042             4.06%
 503385 272278     2644.7126   276     2662.1377     2554.0851 96634717    4.06%
 504882 269276     2610.7865   238     2662.1377     2554.1235 96536592    4.06%
 506811 275912     2634.3097   186     2662.1377     2554.1395 96749282    4.06%
 507965 278083     2596.4249   300     2662.1377     2554.1395 96818248    4.06%
 509599 280613     2621.2097   222     2662.1377     2554.1922 96965687    4.05%
Elapsed time = 19362.21 sec. (3174006.37 ticks, tree = 19643.98 MB, solutions = 328)
Nodefile size = 17583.07 MB (10998.88 MB after compression)
 511148 277457     2590.2945   275     2662.1377     2554.2016 96799026    4.05%
 512361 283170     2617.8421   221     2662.1377     2554.2387 97046690    4.05%
 514102 283757     2602.4900   300     2662.1377     2554.2387 97075980    4.05%
*514913+283312                         2661.0311     2554.2695             4.01%
 515660 286563     2636.6748   287     2661.0311     2554.3092 97154135    4.01%
 517636 285043     2614.8529   382     2661.0311     2554.3327 97110507    4.01%
 519073 286461     2602.0771   309     2661.0311     2554.3352 97220032    4.01%
 520741 282169     2612.6887   307     2661.0311     2554.3685 97015145    4.01%
 522200 289945     2619.6604   226     2661.0311     2554.3685 97323954    4.01%
 523853 290382     2638.4863   243     2661.0311     2554.3699 97339138    4.01%
 525310 289020     2639.2174   199     2661.0311     2554.3699 97298112    4.01%
Elapsed time = 19534.40 sec. (3212177.90 ticks, tree = 21007.77 MB, solutions = 330)
Nodefile size = 18920.94 MB (11902.81 MB after compression)
 527084 296162     2641.0649   285     2661.0311     2554.3699 97497026    4.01%
 528618 291007     2646.3634   201     2661.0311     2554.3699 97349984    4.01%
*530277+291205                         2659.7780     2554.3925             3.96%
 530388 289181     2569.6518   323     2659.7780     2554.3925 97303708    3.96%
 532057 294852     2648.0008   244     2659.7780     2554.3925 97464042    3.96%
 533502 291541     2628.5115   269     2659.7780     2554.3925 97364031    3.96%
 534905 298264     2643.1726   307     2659.7780     2554.5438 97660916    3.96%
 536440 298033     2601.1539   281     2659.7780     2554.5438 97562728    3.96%
 538360 296523     2616.1182   276     2659.7780     2554.5438 97606750    3.96%
 539681 298655     2592.0142   228     2659.7780     2554.5438 97678230    3.96%
 541327 304890     2656.4745   279     2659.7780     2554.5438 97878244    3.96%
Elapsed time = 19732.30 sec. (3250340.08 ticks, tree = 23429.63 MB, solutions = 331)
Nodefile size = 21367.60 MB (13555.88 MB after compression)
 542925 305565     2602.8865   285     2659.7780     2554.5438 97901454    3.96%
 544254 307524     2626.4052   321     2659.7780     2554.5438 97960509    3.96%
 546062 300486     2609.3995   330     2659.7780     2554.5438 97735143    3.96%
 547557 310266     2568.5364   381     2659.7780     2554.5457 98031973    3.96%
 549010 306945     2605.1139   219     2659.7780     2554.5457 97940111    3.96%
 550808 310408     2605.2915   268     2659.7780     2554.6329 98034863    3.95%
 552400 313836     2625.7491   217     2659.7780     2554.7074 98142208    3.95%
 553862 311001     2580.6272   278     2659.7780     2554.7074 98058809    3.95%
 555199 311092     2602.5269   166     2659.7780     2554.7074 98060954    3.95%
 557127 314468     2642.7728   231     2659.7780     2554.7074 98163405    3.95%
Elapsed time = 19904.28 sec. (3288511.49 ticks, tree = 24774.69 MB, solutions = 331)
Nodefile size = 22685.80 MB (14441.31 MB after compression)
 558383 319000     2648.0118   253     2659.7780     2554.7364 98279461    3.95%
 560174 325110     2643.6700   306     2659.7780     2554.7687 98460754    3.95%
 561982 321686     2594.3383   244     2659.7780     2554.7687 98361354    3.95%
 563541 325286     2613.0399   234     2659.7780     2554.7687 98465314    3.95%
 565111 320147     2599.4339   196     2659.7780     2554.8960 98319667    3.94%
 566762 328846     2620.7627   222     2659.7780     2554.8960 98582906    3.94%
 568129 326079     2623.6328   279     2659.7780     2554.8960 98502655    3.94%
 569792 325728     2601.4962   356     2659.7780     2554.8960 98481886    3.94%
 571272 331983     2597.0104   270     2659.7780     2554.8960 98674153    3.94%
 573031 337457     2568.4223   365     2659.7780     2555.0398 98846716    3.94%
Elapsed time = 20107.13 sec. (3326676.90 ticks, tree = 27977.48 MB, solutions = 331)
Nodefile size = 25916.81 MB (16615.85 MB after compression)
 574548 336429     2599.2387   232     2659.7780     2555.0398 98810757    3.94%
 576074 338990     2628.8678   246     2659.7780     2555.0399 98894017    3.94%
*576302+331372                         2659.2036     2555.0399             3.92%
 577593 339060     2581.8859   323     2659.2036     2555.0399 98897400    3.92%
*578129+339327                         2659.0969     2555.0399             3.91%
 578986 338763     2630.2463   325     2659.0969     2555.0399 98888434    3.91%
 580505 338817     2642.0034   283     2659.0969     2555.0399 98890040    3.91%
 582038 343853     2634.1133   193     2659.0969     2555.0399 99110773    3.91%
 583430 341131     2588.3283   315     2659.0969     2555.1922 99031432    3.91%
 584863 340613     2589.5470   244     2659.0969     2555.2051 98946214    3.91%
 586164 343381     2623.1977   257     2659.0969     2555.2088 99096634    3.91%
 587863 340287     2602.4401   312     2659.0969     2555.2088 99009558    3.91%
Elapsed time = 20270.72 sec. (3364839.19 ticks, tree = 28540.58 MB, solutions = 333)
Nodefile size = 26448.91 MB (16980.36 MB after compression)
 589334 347057     2580.2794   342     2659.0969     2555.2188 99216154    3.91%
 590734 350680     2599.4316   194     2659.0969     2555.2303 99344057    3.91%
 592136 353326     2614.6898   359     2659.0969     2555.2921 99418606    3.90%
 594008 347069     2565.8387   328     2659.0969     2555.3223 99214338    3.90%
 595492 349404     2590.4340   318     2659.0969     2555.3295 99306110    3.90%
 597047 348859     2627.6811   251     2659.0969     2555.3495 99277370    3.90%
 598617 357334     2585.2609   314     2659.0969     2555.3532 99529032    3.90%
 599755 352435     2567.7373   351     2659.0969     2555.3532 99398123    3.90%
 600707 354512     2587.8271   285     2659.0969     2555.3532 99452040    3.90%
 601090 355984     2639.3761   185     2659.0969     2555.3532 99487430    3.90%
Elapsed time = 20447.69 sec. (3403593.71 ticks, tree = 30738.37 MB, solutions = 333)
Nodefile size = 28644.52 MB (18454.00 MB after compression)

GUB cover cuts applied:  43
Clique cuts applied:  33
Cover cuts applied:  64
Implied bound cuts applied:  2164
Flow cuts applied:  567
Mixed integer rounding cuts applied:  455
Flow path cuts applied:  2
Zero-half cuts applied:  50
Lift and project cuts applied:  130
Gomory fractional cuts applied:  17

Root node processing (before b&c):
  Real time             =   14.44 sec. (7767.25 ticks)
Parallel b&c, 32 threads:
  Real time             = 20433.41 sec. (3398802.98 ticks)
  Sync time (average)   = 5407.48 sec.
  Wait time (average)   =    0.72 sec.
                          ------------
Total (root+branch&cut) = 20447.85 sec. (3406570.23 ticks)
Number of arguments: 7

File path: ../Data/Demo/100/C101.txt
Capacity of FEV: 600
Capacity of SEV: 50
Execution time limit: 340
Case: r

PI array:[1, 0, 1, 1, 0, 0, 0, 1, 0, 0, 1, 1, 0, 0, 1, 0, 1, 0, 1, 0, 1, 0]
Number of customers: 100
./Result/C101/C101-Q50-r
Feasible solution found within the time limit!
Total execution time: 20450.540336176 seconds
Total distance traveled: 2659.09686771513
File name: C101-Q50-r
Number of customers: 100
Capacity of FEV: 10000
Capacity of Microhub: 600
Capacity of SEV: 50
Number of parkings: 22
Number of microhubs: 10
Number of robots/MM: 10
Parking generation rule: r
==========================================================================
