Version identifier: 22.1.1.0 | 2022-11-28 | 9160aff4d
CPXPARAM_TimeLimit                               20400
Tried aggregator 1 time.
MIP Presolve eliminated 20363 rows and 11507 columns.
MIP Presolve modified 14110 coefficients.
Reduced MIP has 12594 rows, 20643 columns, and 68844 nonzeros.
Reduced MIP has 10550 binaries, 10093 generals, 0 SOSs, and 0 indicators.
Presolve time = 0.13 sec. (68.30 ticks)
Probing fixed 202 vars, tightened 27 bounds.
Probing changed sense of 31 constraints.
Probing time = 0.43 sec. (79.84 ticks)
Tried aggregator 1 time.
Detecting symmetries...
MIP Presolve eliminated 506 rows and 532 columns.
MIP Presolve modified 4 coefficients.
Reduced MIP has 12088 rows, 20111 columns, and 66296 nonzeros.
Reduced MIP has 10347 binaries, 9764 generals, 0 SOSs, and 0 indicators.
Presolve time = 0.12 sec. (59.59 ticks)
Probing fixed 137 vars, tightened 0 bounds.
Probing time = 0.22 sec. (72.53 ticks)
Cover probing fixed 68 vars, tightened 1 bounds.
Clique table members: 44057.
MIP emphasis: balance optimality and feasibility.
MIP search method: dynamic search.
Parallel mode: deterministic, using up to 32 threads.
Root relaxation solution time = 3.68 sec. (403.30 ticks)

        Nodes                                         Cuts/
   Node  Left     Objective  IInf  Best Integer    Best Bound    ItCnt     Gap

      0     0      832.4468   191                    832.4468       23         
      0     0      905.8660   377                   Cuts: 286     1879         
      0     0      919.8551   434                   Cuts: 184     2538         
      0     0      925.9707   426                   Cuts: 110     3063         
      0     0      929.3879   455                    Cuts: 67     3509         
      0     0      931.1805   467                    Cuts: 60     3797         
Detecting symmetries...
      0     0      931.9048   465                    Cuts: 43     4026         
      0     0      932.1736   454                    Cuts: 24     4123         
      0     0      932.3037   473                    Cuts: 17     4198         
      0     0      938.7324   453                    Cuts: 30     4479         
      0     0      938.8568   458                    Cuts: 16     4501         
      0     0      943.6509   483                     Cuts: 6     4592         
      0     0      944.9260   482                    Cuts: 23     4665         
      0     0      944.9970   489                     Cuts: 9     4684         
      0     0      945.0699   475                    Cuts: 10     4712         
      0     0      945.0718   478                     Cuts: 2     4715         
Detecting symmetries...
      0     2      945.0718   478                    945.0718     4715         
Elapsed time = 19.31 sec. (7913.04 ticks, tree = 0.02 MB, solutions = 0)
      2     3      956.9100   461                    945.3250     5379         
      9     4     1027.9548   458                    957.2538     6661         
     46    20     1068.7505   427                    957.2538    10783         
    122    63     1065.8293   425                    957.2538    21248         
    212   131     1121.9266   393                    960.2522    37633         
    277   168     1184.1963   359                    960.2522    49980         
    297   215    infeasible                          960.2522    78356         
    316   215     1159.6334   332                    960.2522    78187         
    387   223     1091.1243   392                    960.2522    94635         
    959   491     1221.8753   339                    960.2522   207235         
Elapsed time = 37.43 sec. (11315.20 ticks, tree = 12.56 MB, solutions = 0)
   1502   716    infeasible                          960.2522   261244         
   1757   817    infeasible                          960.2522   311476         
   2276  1066    infeasible                          960.2522   363420         
   2728  1401     1143.8811   433                    973.5668   429490         
   3160  1634     1385.9213   398                    973.5668   479337         
   3279  1786     1119.0231   458                    973.5668   505381         
   3629  2033     1701.9438   367                    980.0776   595478         
   4059  2248     1681.1427   405                    987.7732   637918         
   4491  2429     1280.1516   375                    987.7732   678154         
   5058  2970     1111.0171   504                    987.7732   777852         
Elapsed time = 81.22 sec. (20895.04 ticks, tree = 165.74 MB, solutions = 0)
   5699  3148     1169.4399   459                    987.7732   797390         
   6205  3908    infeasible                         1010.3262   904871         
   6430  4048     1287.0650   398                   1010.3262   924293         
   6645  4355     1082.5876   493                   1010.3262   990050         
   7091  4374     1110.0788   481                   1010.3262  1011969         
   7652  4663     1091.6278   478                   1010.3262  1079879         
   8115  5021     1177.5250   417                   1010.3262  1132675         

Performing restart 1

Repeating presolve.
Tried aggregator 1 time.
MIP Presolve eliminated 105 rows and 273 columns.
MIP Presolve modified 455 coefficients.
Reduced MIP has 11983 rows, 19838 columns, and 65554 nonzeros.
Reduced MIP has 10139 binaries, 9699 generals, 0 SOSs, and 0 indicators.
Presolve time = 0.07 sec. (33.00 ticks)
Tried aggregator 1 time.
MIP Presolve eliminated 39 rows and 60 columns.
MIP Presolve modified 55 coefficients.
Reduced MIP has 11944 rows, 19778 columns, and 65340 nonzeros.
Reduced MIP has 10109 binaries, 9669 generals, 0 SOSs, and 0 indicators.
Presolve time = 0.09 sec. (43.86 ticks)
Represolve time = 1.03 sec. (216.98 ticks)
   8220     0      987.1235   648                   Cuts: 254  1246059         
   8220     0     1010.6799   642                   Cuts: 261  1247633         
   8220     0     1031.4253   714                   Cuts: 313  1249481         
   8220     0     1042.8624   695                   Cuts: 295  1250531         
   8220     0     1051.3060   733                   Cuts: 240  1251320         
   8220     0     1062.3636   725                   Cuts: 265  1252144         
   8220     0     1069.6297   774                   Cuts: 212  1252857         
   8220     0     1075.1254   778                   Cuts: 264  1253380         
   8220     0     1080.7796   789                   Cuts: 220  1254120         
   8220     0     1084.6465   791                   Cuts: 234  1254787         
   8220     0     1087.6260   843                   Cuts: 167  1255372         
   8220     0     1089.8450   813                   Cuts: 138  1255784         
   8220     0     1092.3689   814                   Cuts: 103  1256181         
   8220     0     1094.8808   831                   Cuts: 170  1256639         
   8220     0     1095.9069   850                   Cuts: 105  1256896         
   8220     0     1101.3569   816                   Cuts: 118  1257437         
   8220     0     1102.6505   819                   Cuts: 164  1257820         
   8220     0     1103.4783   840                    Cuts: 92  1258152         
   8220     0     1104.0860   843                   Cuts: 141  1258463         
   8220     0     1104.6443   877                    Cuts: 69  1258739         
   8220     0     1104.9520   857                    Cuts: 69  1258979         
   8220     0     1105.0135   883                    Cuts: 67  1259162         
   8220     0     1105.1888   877                    Cuts: 43  1259397         
   8220     0     1105.2769   868                    Cuts: 77  1259552         
   8220     0     1105.4758   869                    Cuts: 62  1259777         
   8220     0     1105.5587   872                   Cuts: 106  1259919         
   8220     0     1105.8379   876                    Cuts: 62  1260079         
   8220     0     1105.8846   878                    Cuts: 44  1260142         
   8220     2     1105.8846   878                   1105.8846  1260142         
   8221     3     1144.3885   738                   1105.8919  1263502         
   8223     3     1228.3545   563                   1109.6558  1266602         
Elapsed time = 243.56 sec. (97066.48 ticks, tree = 0.02 MB, solutions = 0)
   8224     4     1171.2368   751                   1109.6558  1265215         
   8225     4     1142.8966   695                   1109.6558  1267467         
   8228     8     1230.0282   588                   1112.0668  1270888         
   8231     9     1253.3098   580                   1112.0668  1271058         
   8235    10     1254.4126   600                   1112.0668  1272084         
   8242     6     1218.6959   655                   1112.0668  1268672         
   8245     9     1204.4769   702                   1112.0668  1274097         
   8250     9     1156.7669   682                   1119.4179  1278532         
   8259    11     1198.9614   746                   1119.4179  1283193         
   8263    16     1261.0666   690                   1119.4179  1294945         
Elapsed time = 284.43 sec. (111537.90 ticks, tree = 0.03 MB, solutions = 0)
   8275    18     1248.7217   684                   1119.4179  1297389         
   8287    21    infeasible                         1119.4179  1321065         
   8297    24     1208.3336   702                   1119.4220  1315003         
   8310    20     1358.1556   493                   1119.4220  1336291         
   8324    18    infeasible                         1124.5725  1354227         
   8350    28     1214.8335   724                   1124.5725  1372684         
   8419    20     1183.7668   787                   1124.6115  1358393         
   8504    52     1210.3748   777                   1133.9881  1407411         
   8591   102     1170.5533   747                   1133.9881  1432909         
   8676   156     1294.2779   732                   1133.9881  1448591         
Elapsed time = 335.87 sec. (121384.59 ticks, tree = 7.64 MB, solutions = 0)
   8761   168     1229.7642   770                   1133.9881  1451635         
   8809   253    infeasible                         1133.9881  1501665         
   8841   334    infeasible                         1133.9881  1533113         
   8880   332    infeasible                         1133.9881  1535953         
   8909   331    infeasible                         1133.9881  1535815         
   8941   190     1495.9366   573                   1133.9881  1480409         
   8972   361     1157.0346   834                   1133.9881  1624793         
   9024   364     1303.8312   690                   1133.9881  1655027         
   9084   371     1255.1574   642                   1133.9881  1675634         
   9195   403     1320.4214   649                   1133.9881  1746757         
Elapsed time = 407.04 sec. (131139.95 ticks, tree = 14.83 MB, solutions = 0)
   9286   426     1235.5580   716                   1133.9881  1761958         
   9373   534     1386.5229   498                   1133.9881  1806432         
   9477   606     1348.2694   651                   1133.9881  1835866         
   9533   435     1396.2668   716                   1133.9881  1771776         
   9603   603     1269.4628   664                   1133.9881  1832463         
   9652   822     1374.0647   651                   1133.9881  1913645         
   9695   628     1347.7537   624                   1133.9881  1846020         
   9744   869     1303.3933   580                   1133.9881  1948183         
   9791   865     1215.8959   733                   1133.9881  1943722         
   9854   897     1227.4591   698                   1133.9881  1992109         
Elapsed time = 475.35 sec. (140907.24 ticks, tree = 33.45 MB, solutions = 0)
   9954   903     1204.0381   778                   1133.9881  2005454         
  10100   903     1403.0892   639                   1133.9881  1990663         
  10262   961     1204.1668   816                   1135.5262  2089655         
  10429  1080     1353.5095   704                   1135.5262  2141803         
  10594   991     1480.1664   421                   1135.5262  2079361         
  10757  1332     1253.4559   689                   1135.5262  2217515         
  10907  1317     1280.3799   619                   1149.6877  2209201         
  11045  1281     1485.4231   521                   1161.6335  2200502         
  11195  1444     1258.0808   674                   1163.4971  2239206         
  11267  1624     1274.8412   616                   1163.4971  2286602         
Elapsed time = 541.50 sec. (150566.73 ticks, tree = 84.86 MB, solutions = 0)
  11330  1482    infeasible                         1163.4971  2252737         
  11381  1882     1250.3018   703                   1163.4971  2378414         
  11418  2078     1254.3721   560                   1163.4971  2465685         
  11463  1885     1298.2402   607                   1163.4971  2380354         
  11512  1918    infeasible                         1163.4971  2394322         
  11561  1976    infeasible                         1163.4971  2415885         
  11612  2096     1191.5111   740                   1163.4971  2527018         
  11668  2109     1467.3650   620                   1163.4971  2503495         
  11721  2117     1400.3113   443                   1163.4971  2549370         
  11807  2173     1301.3711   735                   1163.4971  2627288         
Elapsed time = 612.15 sec. (160275.91 ticks, tree = 105.71 MB, solutions = 0)
  11873  2196     1263.9006   607                   1163.4971  2667610         
  11983  2192     1311.0129   694                   1163.4971  2673713         
  12126  2191     1376.4763   596                   1177.1330  2631185         
  12268  2197     1500.3813   550                   1177.1330  2656396         
  12419  2213     1273.8204   670                   1177.1330  2672828         
  12585  2419     1205.9707   729                   1177.1330  2786032         
  12739  2273     1257.0981   547                   1177.1330  2730525         
  12895  2557     1354.2167   516                   1177.1330  2842959         
  13049  2857     1198.0405   778                   1177.1330  2941131         
  13769  3412     1319.1020   400                   1177.1330  3113342         
Elapsed time = 693.62 sec. (172738.94 ticks, tree = 166.99 MB, solutions = 0)
  14523  3545     1245.2130   656                   1183.2886  3148036         
  14837  4296    infeasible                         1183.2886  3360389         
  15031  4506    infeasible                         1183.2886  3524314         
  15230  4509     1389.1711   502                   1183.2886  3537921         
  15753  4512     1245.9721   624                   1183.2886  3559165         
  16099  4652    infeasible                         1183.2886  3717452         

Performing restart 2

Repeating presolve.
Tried aggregator 1 time.
MIP Presolve eliminated 4 rows and 4 columns.
MIP Presolve modified 101 coefficients.
Reduced MIP has 11940 rows, 19774 columns, and 69305 nonzeros.
Reduced MIP has 10109 binaries, 9665 generals, 0 SOSs, and 0 indicators.
Presolve time = 0.07 sec. (34.41 ticks)
Tried aggregator 1 time.
Reduced MIP has 11940 rows, 19774 columns, and 69305 nonzeros.
Reduced MIP has 10109 binaries, 9665 generals, 0 SOSs, and 0 indicators.
Presolve time = 0.10 sec. (42.87 ticks)
Represolve time = 1.78 sec. (534.92 ticks)
  16106     0     1114.4882   899                   Cuts: 112  3938883         
  16106     0     1115.2374   881                    Cuts: 62  3939281         
  16106     0     1116.0581   859                    Cuts: 51  3939606         
  16106     0     1116.3500   886                    Cuts: 78  3939817         
  16106     0     1116.6691   876                    Cuts: 62  3939952         
  16106     0     1117.9909   872                    Cuts: 58  3940265         
  16106     0     1118.7963   864                   Cuts: 101  3940585         
  16106     0     1119.3795   878                   Cuts: 109  3940806         
  16106     0     1119.5559   880                    Cuts: 74  3940952         
  16106     0     1120.1208   879                    Cuts: 38  3941131         
  16106     2     1120.1210   872                   1203.8172  3941131         
  16107     3     1124.1099   836                   1203.8172  3942166         
  16109     4     1131.0769   820                   1203.8172  3943460         
  16112     7     1151.3627   706                   1203.8172  3948850         
Elapsed time = 973.00 sec. (255891.92 ticks, tree = 0.02 MB, solutions = 0)
  16120     6     1157.6992   829                   1203.8172  3947893         
  16128    11     1170.3265   699                   1203.8172  3957930         
  16143    17     1231.1126   723                   1203.8172  3991231         
  16158    11    infeasible                         1203.8172  3972261         
  16178    23     1142.3331   815                   1203.8172  4260109         
  16224    41     1183.3202   743                   1203.8172  4338478         
  16314    49     1218.2870   691                   1203.8172  4367699         
  16442    54     1205.3128   684                   1203.8172  4423432         
  16537   151     1264.3119   530                   1203.8172  4562676         
  16660   182    infeasible                         1203.8172  4619193         
Elapsed time = 1192.13 sec. (296838.73 ticks, tree = 4.42 MB, solutions = 0)
  16831   222    infeasible                         1203.8172  4731396         
  17064   333     1218.9126   754                   1203.8172  4858663         
  17308   586     1307.9524   555                   1203.8172  5059520         
  17601   705     1279.1692   716                   1203.8172  5161337         
  17834   805     1289.3423   644                   1203.8172  5249016         
  17978  1032     1213.9681   687                   1203.8172  5428539         
  18177  1066    infeasible                         1203.8172  5488864         
  18438  1090     1296.7670   573                   1203.8172  5546991         
  18719  1229     1245.9763   686                   1203.8172  5706169         
  19029  1429     1262.0214   700                   1203.8172  5851227         
Elapsed time = 1461.14 sec. (335180.29 ticks, tree = 78.00 MB, solutions = 0)
  19326  1520    infeasible                         1203.8172  5960235         
  19515  1761     1261.7612   629                   1203.8172  6100810         
  19665  1924     1521.0399   527                   1203.8172  6277042         
  19812  2050    infeasible                         1203.8172  6360477         
  19966  2110     1211.7164   719                   1203.8172  6522151         
  20193  2206     1631.0096   456                   1203.8172  6724803         
  20451  2218     1218.1434   728                   1203.8172  6737284         
  20673  2324     1471.1678   501                   1203.8172  6900511         
  20922  2544     1348.2265   655                   1210.7783  7165472         
  21238  2505     1246.6381   616                   1210.7783  7097646         
Elapsed time = 1729.10 sec. (373458.65 ticks, tree = 163.41 MB, solutions = 0)
  21496  2681     1288.8464   690                   1215.6954  7306438         
  21726  2869     1335.3957   528                   1215.6954  7489747         
  21906  3159     1473.6408   584                   1217.2576  7729102         
  22098  3231     1406.5153   460                   1217.6353  7931422         
  22322  3212    infeasible                         1219.9139  7847884         
  22560  3268     1350.9266   572                   1219.9139  7975694         
  22806  3316     1272.9984   588                   1225.9679  8179273         
  23028  3513     1444.3657   490                   1231.2246  8448968         
  23266  3525    infeasible                         1234.5754  8509978         
  23460  3554     1566.1093   527                   1234.6226  8526778         
Elapsed time = 2002.46 sec. (411779.72 ticks, tree = 260.99 MB, solutions = 0)
  23633  3744    infeasible                         1234.6226  8871123         
  23785  3834     1363.7049   680                   1239.8574  9002204         
  23963  3822     1284.4202   627                   1239.9409  9054821         
  24151  3826    infeasible                         1239.9409  9310775         
  24370  3893     1635.4173   416                   1243.0194  9467244         
  24601  3881     1372.7249   532                   1243.0194  9448462         
  24814  3909     1256.0287   757                   1248.9225  9612856         
  25070  3915     1303.5861   694                   1249.7187  9709825         
  25340  4076     1265.1480   579                   1249.7187  9931084         
  25586  4179     1293.5765   549                   1252.0845 10276318         
Elapsed time = 2272.45 sec. (450157.41 ticks, tree = 294.43 MB, solutions = 0)
  25781  4253     1515.7688   550                   1252.0845 10396477         
  25976  4209     1398.8653   526                   1252.0845 10309765         
  26152  4415    infeasible                         1252.3036 10716888         
  26339  4409    infeasible                         1256.7759 10733492         
  26600  4434     1422.5105   501                   1257.0463 10753578         
  26930  4461    infeasible                         1257.0463 11060437         
  27269  4614     1346.7422   602                   1257.0495 11240991         
  27542  4744    infeasible                         1257.0495 11364159         
  27810  4751     1367.4196   501                   1262.8102 11385476         
  28047  5034     1383.9209   488                   1262.8102 11801008         
Elapsed time = 2541.45 sec. (488583.94 ticks, tree = 345.57 MB, solutions = 0)
  28302  4950     1365.0739   744                   1262.8102 11735420         
  28503  5139    infeasible                         1265.4085 12025572         
  28697  5269    infeasible                         1265.4749 12171666         
  28889  5260    infeasible                         1265.4749 12326974         
  29092  5281    infeasible                         1271.2041 12269010         
  29319  5233     1525.8695   508                   1271.2041 12611435         
  29580  5217     1430.9040   575                   1271.2041 12659665         
  29929  5217     1318.9427   606                   1274.7571 12614888         
  30238  5254     1324.5247   528                   1274.7571 12679403         
  30563  5547    infeasible                         1276.6266 13197400         
Elapsed time = 2807.88 sec. (526969.69 ticks, tree = 374.74 MB, solutions = 0)
  30852  5522     1342.2941   545                   1276.6266 13108157         
  31124  5539     1370.5239   470                   1279.7401 13127460         
  31299  5654     1447.4133   656                   1285.0755 13424939         
  31475  5858    infeasible                         1285.1224 13804234         
  31653  5869    infeasible                         1285.1224 13853771         
  31860  5764    infeasible                         1285.1315 14094743         
  32054  5756    infeasible                         1285.1315 14233307         
  32231  5792    infeasible                         1285.1315 13982344         
  32448  5778    infeasible                         1286.1335 14206022         
  32652  5728    infeasible                         1294.6567 14343173         
Elapsed time = 3083.86 sec. (565287.81 ticks, tree = 365.05 MB, solutions = 0)
  32933  5654    infeasible                         1296.2815 14688375         
  33173  5602     1764.0978   499                   1297.4847 14793046         
  33454  5663     1342.0000   593                   1298.7618 14698389         
  33772  5742     1380.9924   591                   1300.9471 15088763         
  34040  5827     2351.3393   387                   1302.7424 15124352         
  34264  5804    infeasible                         1302.7424 15204574         
  34474  5913     1652.7100   521                   1305.6362 15555798         
  34673  5980     1600.7665   616                   1306.0134 15649538         
  34893  5991     1597.1734   549                   1308.2231 15651069         
  35094  5951    infeasible                         1308.2231 15739020         
Elapsed time = 3355.54 sec. (603695.53 ticks, tree = 369.08 MB, solutions = 0)
  35338  5933    infeasible                         1308.2231 15901760         
  35545  5889     1557.5018   539                   1309.6577 16151398         
  35802  5829     1382.0584   491                   1312.2307 16380040         
  36095  5842    infeasible                         1317.1899 16289501         
  36422  5833     1358.9613   693                   1318.1005 16320883         
  36769  5946     1339.6679   588                   1319.1061 16734643         
  37073  5895     1469.5504   586                   1320.3874 16552466         
  37352  5970     1451.9428   453                   1322.3944 16712265         
  37609  6328    infeasible                         1323.6727 17294930         
  37797  6389     1397.4547   558                   1324.7688 17429843         
Elapsed time = 3618.33 sec. (641997.63 ticks, tree = 370.76 MB, solutions = 0)
  37984  6401     1353.3100   580                   1327.3433 17448479         
  38201  6288    infeasible                         1329.3734 17749847         
  38406  6268    infeasible                         1331.3772 17789161         
  38607  6224     1578.0639   590                   1332.4831 17856131         
  38802  6305     1481.4311   708                   1333.8905 17709313         
  39007  6144    infeasible                         1333.9751 18216985         
  39235  6062     1394.8213   534                   1333.9751 18386966         
  39474  6132     1366.0215   557                   1336.6301 18263960         
  39748  6012     1676.0845   568                   1336.6301 18468056         
  40050  6059     1501.5870   539                   1340.9813 18403303         
Elapsed time = 3892.61 sec. (680297.68 ticks, tree = 351.49 MB, solutions = 0)
  40287  6003    infeasible                         1340.9813 18516773         
  40529  5944     1553.1591   562                   1340.9813 18688747         
  40776  5908     1409.0224   587                   1342.3664 18848014         
  40977  6039     1407.4570   520                   1347.7531 19181127         
  41177  5984    infeasible                         1350.2139 19497102         
  41372  5972     1398.0692   542                   1350.7474 19513911         
  41601  5906     1405.2949   608                   1354.2884 19638663         
  41812  5802    infeasible                         1356.5121 19809876         
  42033  5836     1461.7854   523                   1359.1045 19761488         
  42278  5756    infeasible                         1359.9129 19904806         
Elapsed time = 4161.04 sec. (718661.94 ticks, tree = 344.07 MB, solutions = 0)
  42542  5667     1549.3140   472                   1361.1591 20221003         
  42853  5559     1864.3126   553                   1361.1591 20386616         
  43194  5672    infeasible                         1361.1591 20230854         
  43581  5574     1412.8226   470                   1365.8627 20410550         
  43905  5584     1492.9420   550                   1367.4880 20478251         
  44293  5567     1475.3773   581                   1369.3655 20522569         
  44612  5713     1621.0908   597                   1370.3587 20843582         
  44937  5721     1587.0388   546                   1373.1643 20792524         
  45212  5873     1557.2203   547                   1375.8673 21153391         
  45434  6039     1817.1381   516                   1377.2779 21493512         
Elapsed time = 4427.31 sec. (756968.61 ticks, tree = 363.00 MB, solutions = 0)
  45690  6026     1496.9151   506                   1380.0803 21535394         
  45906  5957     1423.7284   595                   1383.0370 21760599         
  46154  5982     1504.7593   526                   1386.1081 21653171         
  46449  5916    infeasible                         1388.1412 21941162         
  46731  5888     1517.0125   584                   1389.4222 22012736         
  46998  5809     1435.9132   551                   1392.7127 22192076         
  47357  5776     1672.4158   527                   1392.7127 22428577         
  47749  5791     1909.2923   479                   1392.7127 22365659         
  48158  5921     1480.5522   696                   1392.7127 22553318         
  48487  5760     1525.0955   506                   1400.0010 22388799         
Elapsed time = 4693.53 sec. (795271.39 ticks, tree = 349.57 MB, solutions = 0)
  48835  5988     1471.8932   471                   1402.6548 22622138         
  49153  6118     1466.9630   554                   1404.0983 23181190         
  49446  6295    infeasible                         1405.9548 23361989         
  49703  6245     1622.2721   610                   1408.0652 23309360         
  49951  6094    infeasible                         1408.3517 23170929         
  50152  6356    infeasible                         1408.3517 23488069         
  50392  6366    infeasible                         1408.3517 23894877         
  50610  6362     1470.4026   677                   1408.3517 23937484         
  50860  6359    infeasible                         1411.0208 23903940         
  51134  6300     1526.1417   650                   1416.2811 24042938         
Elapsed time = 4961.55 sec. (833571.90 ticks, tree = 378.77 MB, solutions = 0)
  51437  6352    infeasible                         1416.2811 24169083         
  51771  6286    infeasible                         1416.2811 24303515         
  52088  6292    infeasible                         1416.2811 24416037         
  52403  6261     1512.1499   564                   1420.1588 24404923         
  52728  6280     1521.3060   572                   1420.1588 24397490         
  53067  6395     1645.4526   447                   1428.7865 24773373         
  53310  6469     1557.6377   592                   1431.2354 24952325         
  53587  6470     1567.8759   559                   1433.6602 24957429         
  53819  6508     1483.6689   625                   1434.9950 25210740         
  54024  6557     1594.7750   442                   1435.9795 25233607         
Elapsed time = 5229.39 sec. (871830.27 ticks, tree = 386.45 MB, solutions = 0)
  54251  6588     1611.3313   543                   1438.0344 25375744         
  54465  6635    infeasible                         1441.4094 25690198         
  54698  6533    infeasible                         1443.0025 26008138         
  54908  6392     1536.2936   558                   1443.6820 26218828         
  55113  6319    infeasible                         1445.7665 26306444         
  55321  6447    infeasible                         1448.3876 26159489         
  55509  6276    infeasible                         1449.7382 26343089         
  55735  6288    infeasible                         1451.3775 26333710         
  55951  6124    infeasible                         1451.5338 26530427         
  56170  5879     1484.5952   557                   1453.8665 26980009         
Elapsed time = 5499.37 sec. (910072.79 ticks, tree = 336.73 MB, solutions = 0)
  56405  5906    infeasible                         1456.6255 26925935         
  56645  5684    infeasible                         1456.6255 27239922         
  56911  5898    infeasible                         1459.6905 26907094         
  57266  5660     1505.0839   589                   1461.3984 27358585         
  57590  5618     1901.4344   473                   1464.2136 27595855         
  57957  5668     2205.1644   414                   1465.7887 27468008         
  58305  5669    infeasible                         1467.5080 27438600         
  58775  5657     2939.2294   198                   1468.7878 27683366         
  59229  5561     1566.4662   543                   1471.2821 28009833         
  59551  5608    infeasible                         1473.8225 28229943         
Elapsed time = 5766.57 sec. (948420.90 ticks, tree = 300.94 MB, solutions = 0)
  59869  5624     2165.7990   409                   1474.7251 28189079         
  60176  5651     1549.0915   485                   1476.9452 28215941         
  60473  5730     1775.3156   496                   1478.3902 28424462         
  60756  5736     1901.7213   540                   1480.4235 28427628         
  61023  5935    infeasible                         1484.1920 29279867         
  61265  5899     1581.5360   501                   1485.7355 29271416         
  61493  5946     1592.8061   531                   1488.1414 29143187         
  61719  5977     1575.9672   513                   1489.4040 29063384         
  62017  5940     1631.2499   528                   1494.5691 29261801         
  62362  5834     1540.1425   552                   1497.9940 29531706         
Elapsed time = 6031.73 sec. (986726.75 ticks, tree = 354.25 MB, solutions = 0)
  62690  5773     1611.0904   516                   1499.5597 29715276         
  63035  5794     1796.0570   445                   1501.6810 29580193         
  63448  5740     1566.4548   572                   1504.6268 29933547         
  63780  5856     1577.3537   425                   1506.5206 30282105         
  64181  5827     1620.5071   438                   1510.7169 30366076         
  64571  5866     1617.8173   507                   1512.2033 30292225         
  64981  5864     1600.3732   483                   1513.0208 30297225         
  65419  5849     1680.5919   536                   1514.9835 30328487         
  65818  5894     1682.4866   530                   1522.1120 30567195         
  66194  5986     1573.1757   595                   1527.0871 30722126         
Elapsed time = 6296.38 sec. (1024988.64 ticks, tree = 327.95 MB, solutions = 0)
  66515  5992    infeasible                         1528.5569 30798113         
  66789  6156     1876.9160   401                   1530.4257 31177041         
  67066  6114     1599.2441   550                   1534.9248 31106255         
  67310  6154    infeasible                         1537.8432 31310899         
  67523  6395    infeasible                         1543.0305 31994684         
  67762  6261    infeasible                         1545.7796 31666827         
  67993  6330     1781.1369   516                   1548.1653 32204879         
  68205  6400    infeasible                         1549.9033 31987409         
  68432  6178     1589.9613   565                   1556.1313 32465756         
  68685  6210    infeasible                         1560.0176 32343152         
Elapsed time = 6559.68 sec. (1063234.78 ticks, tree = 369.87 MB, solutions = 0)
  68986  6205     1630.7639   558                   1563.2490 32346530         
  69275  6166    infeasible                         1564.6078 32793862         
  69600  6181     1748.2584   508                   1565.6489 32779450         
  69930  6171    infeasible                         1567.2199 32804317         
  70311  6160    infeasible                         1570.1772 32984787         
  70692  6189     1907.1302   489                   1571.5318 33120608         
  71110  6184    infeasible                         1572.6668 32868970         
  71460  6256     1639.0286   548                   1574.0463 33402233         
  71847  6258     2023.2587   495                   1576.4027 33300406         
  72280  6248    infeasible                         1578.5840 33735419         
Elapsed time = 6827.70 sec. (1101544.76 ticks, tree = 339.83 MB, solutions = 0)
  72655  6247     1717.7037   546                   1580.4262 33661546         
  73000  6282    infeasible                         1583.7726 33960095         
  73334  6310    infeasible                         1584.7373 34019878         
  73664  6330     1656.5546   475                   1585.2968 34182104         
  73951  6301     1736.4709   430                   1587.5930 34079206         
  74206  6417    infeasible                         1589.6841 34479761         
  74433  6347    infeasible                         1590.9544 35149883         
  74684  6422    infeasible                         1591.1118 34840720         
  74912  6228     2108.2507   464                   1592.1217 35311867         
  75160  6115    infeasible                         1593.6358 35421463         
Elapsed time = 7094.16 sec. (1139816.15 ticks, tree = 356.34 MB, solutions = 0)
  75396  6287     1714.9857   364                   1597.3245 35258091         
  75627  6261     1751.5020   561                   1601.3072 35300554         
  75841  5874    infeasible                         1602.5498 35738125         
  76086  5967     1699.2210   544                   1603.7964 35581237         
  76376  6012    infeasible                         1605.0041 35519355         
  76711  5801    infeasible                         1606.9743 35883617         
  77015  5500    infeasible                         1608.5573 36330190         
  77361  5365    infeasible                         1608.5573 36490115         
  77738  5700    infeasible                         1610.3492 36031891         
  78148  5392     1855.7567   539                   1613.9640 36588112         
Elapsed time = 7367.75 sec. (1178113.69 ticks, tree = 285.48 MB, solutions = 0)
  78535  5443     1707.1809   563                   1615.6166 36395581         
  78917  5497     2004.2245   504                   1617.9848 36424875         
  79302  5230     1948.3103   484                   1621.2660 36907046         
  79637  5224     1725.8773   473                   1623.0376 36912069         
  79949  5201     1823.6130   488                   1624.9131 36972179         
  80241  5197     1726.6611   544                   1626.6043 36977767         
  80506  5182     1784.0193   502                   1627.2928 37013270         
  80771  5288    infeasible                         1631.9812 37633817         
  81029  5303     1903.9256   525                   1636.5943 37534577         
  81267  5135    infeasible                         1643.0334 38173746         
Elapsed time = 7637.34 sec. (1216404.60 ticks, tree = 267.76 MB, solutions = 0)
  81511  5149     1962.4025   471                   1644.3703 38119990         
  81736  5090     2715.3782   429                   1647.6614 38313024         
  81958  5137    infeasible                         1650.1178 38127681         
  82180  4905     1743.1721   526                   1652.8238 38528572         
  82410  4824     2769.9375   374                   1656.4479 38658629         
  82678  4745     1737.5228   437                   1659.6632 39006163         
  82992  4729    infeasible                         1663.4715 39137105         
  83284  4727     1754.5118   534                   1664.8515 39080653         
  83654  4791     1817.7800   494                   1666.3441 38782964         
  84034  4713    infeasible                         1670.5175 38883030         
Elapsed time = 7901.08 sec. (1254657.63 ticks, tree = 241.45 MB, solutions = 0)
  84381  4600    infeasible                         1673.9440 39454219         
  84732  4521     1798.6674   512                   1677.7718 39637532         
  85130  4673     1814.4341   477                   1681.2852 40095808         
  85519  4648     1959.3037   482                   1683.0875 40190912         
  85917  4547     1863.6257   540                   1685.4289 39589399         
  86327  4523     1871.1971   517                   1688.3282 39922016         
  86715  4615     1853.6282   490                   1695.0771 40556048         
  87149  4627     1781.6301   618                   1699.7461 40337120         
  87467  4601     1881.5410   562                   1703.5075 40727938         
  87780  4631     1833.2059   505                   1705.5998 40666504         
Elapsed time = 8170.73 sec. (1292966.44 ticks, tree = 192.97 MB, solutions = 0)
  88105  4670     1852.1718   542                   1712.2647 41019903         
  88384  4597     1855.0883   574                   1713.0788 40738819         
  88622  4685    infeasible                         1713.3270 41224551         
  88861  4682     1832.9538   511                   1713.3270 41066445         
  89117  4764    infeasible                         1725.3739 41381230         
  89356  4650    infeasible                         1726.1292 41916348         
  89613  4742    infeasible                         1726.9234 41459006         
  89896  4763     2068.2070   423                   1728.6010 41589453         
  90168  4661     2008.8846   529                   1729.3316 41860059         
  90436  4619     1844.0468   372                   1736.3456 42161957         
Elapsed time = 8441.82 sec. (1331252.45 ticks, tree = 218.66 MB, solutions = 0)
  90715  4287    infeasible                         1738.6249 42549456         
  91078  4261    infeasible                         1742.7558 42618356         
  91424  4259     1857.1562   540                   1742.9982 42623420         
  91749  4309    infeasible                         1744.1912 42544668         
  92085  4281     2788.2438   384                   1747.4127 42635109         
  92420  4133     1906.4353   500                   1750.1744 43195391         
  92792  4170     1908.9720   489                   1750.7520 42900947         
  93163  4203    infeasible                         1750.7520 42844241         
  93516  4207    infeasible                         1757.5395 42879834         
  93899  4155    infeasible                         1758.5031 42917937         
Elapsed time = 8701.84 sec. (1369448.83 ticks, tree = 185.04 MB, solutions = 0)
  94267  4087    infeasible                         1763.1370 43890629         
  94616  4157     2185.1422   498                   1764.1600 43536080         
  94921  4153     2050.9657   498                   1769.1338 43400741         
  95236  4210    infeasible                         1774.3420 44638829         
  95528  4217    infeasible                         1777.7659 44286783         
  95786  4190     2064.8502   515                   1783.4598 44399688         
  96022  4177    infeasible                         1783.5286 44757888         
  96256  4166    infeasible                         1786.7142 44474299         
  96515  4096     2064.1183   365                   1787.4103 45062916         
  96762  4213     1905.9243   571                   1791.3214 44588889         
Elapsed time = 8970.94 sec. (1407770.43 ticks, tree = 152.50 MB, solutions = 0)
  97006  4126    infeasible                         1798.1850 45043424         
  97235  3730     2049.6063   525                   1801.7793 45592775         
  97488  3916     1917.7340   452                   1804.4451 45353009         
  97749  3737     2079.9646   513                   1805.0677 45599145         
  98006  3549    infeasible                         1807.3311 45878068         
  98219  3749     1891.8541   514                   1813.3311 45621733         
  98481  3536    infeasible                         1818.5544 45869279         
  98769  3467     1972.1369   465                   1824.5341 45968022         
  99081  3224     2115.5080   416                   1828.3480 46387408         
  99452  3199     2184.3936   451                   1835.1822 46503687         
Elapsed time = 9245.56 sec. (1446044.76 ticks, tree = 135.94 MB, solutions = 0)
  99796  2916     2399.0201   488                   1835.9832 46767154         
 100146  3097    infeasible                         1838.8741 46598799         
 100514  3270     2195.8061   446                   1841.3566 46336498         
 100901  3215     2133.6934   512                   1846.9881 46414103         
 101266  2803     2097.4041   484                   1850.9231 46972939         
 101636  2734     2049.9949   470                   1852.4427 47197465         
 101987  2900    infeasible                         1861.1191 46800443         
 102334  2547    infeasible                         1862.6838 47915179         
 102668  2540    infeasible                         1864.2780 47919517         
 102927  2467    infeasible                         1865.1372 48083120         
Elapsed time = 9511.92 sec. (1484360.51 ticks, tree = 87.19 MB, solutions = 0)
 103197  2649    infeasible                         1869.1208 47189653         
 103466  2656    infeasible                         1871.2536 47741019         
 103719  2649    infeasible                         1873.5683 47746573         
 103947  2371    infeasible                         1876.6522 48303829         
 104198  2313    infeasible                         1883.8517 48791333         
 104420  2328    infeasible                         1885.9911 48512503         
 104642  2184    infeasible                         1888.5977 49028564         
 104851  2176    infeasible                         1894.5862 49033386         
 105103  1983    infeasible                         1900.5799 49275295         
 105351  2094    infeasible                         1906.3779 49191257         
Elapsed time = 9776.68 sec. (1522752.11 ticks, tree = 63.62 MB, solutions = 0)
 105605  2110     3006.0230   339                   1911.4314 49163740         
 105848  1176     2263.8679   434                   1920.1926 50054867         
 106114  1089     2507.7825   480                   1924.3548 50131314         
 106347   733    infeasible                         1931.1344 50434851         
 106590   484    infeasible                         1931.1344 50654954         
 106832   164    infeasible                         1962.1177 50960853         
 107008   285    infeasible                         1962.1177 50854814         
 107137  1154    infeasible                         1975.5941 50091693         
 107269   882    infeasible                         2016.6819 50354206         
 107356   821    infeasible                         2020.0052 50398120         
Elapsed time = 9988.81 sec. (1561290.27 ticks, tree = 25.03 MB, solutions = 0)
 107382   121    infeasible                         2020.0052 51114908         
 107388   115    infeasible                         2020.0052 51119655         

GUB cover cuts applied:  31
Clique cuts applied:  28
Cover cuts applied:  40
Implied bound cuts applied:  1739
Flow cuts applied:  476
Mixed integer rounding cuts applied:  412
Flow path cuts applied:  2
Zero-half cuts applied:  28
Lift and project cuts applied:  93
Gomory fractional cuts applied:  35

Root node processing (before b&c):
  Real time             =   15.51 sec. (7795.16 ticks)
Parallel b&c, 32 threads:
  Real time             = 10000.07 sec. (1564628.72 ticks)
  Sync time (average)   = 1576.86 sec.
  Wait time (average)   =    0.52 sec.
                          ------------
Total (root+branch&cut) = 10015.57 sec. (1572423.88 ticks)
Number of arguments: 7

File path: ../Data/Demo/100/C101.txt
Capacity of FEV: 600
Capacity of SEV: 50
Execution time limit: 340
Case: r

PI array:[0, 0, 0, 1, 0, 0, 0, 0, 1, 0, 0, 0, 1, 0, 1, 1, 1, 0, 1, 1, 1, 1, 1, 1]
Number of customers: 100
./Result/C101/C101-Q50-r
No feasible solution found.
