Version identifier: 22.1.1.0 | 2022-11-28 | 9160aff4d
CPXPARAM_TimeLimit                               20400
Tried aggregator 1 time.
MIP Presolve eliminated 20353 rows and 11497 columns.
MIP Presolve modified 14266 coefficients.
Reduced MIP has 12596 rows, 20653 columns, and 69055 nonzeros.
Reduced MIP has 10560 binaries, 10093 generals, 0 SOSs, and 0 indicators.
Presolve time = 0.12 sec. (69.50 ticks)
Probing fixed 169 vars, tightened 17 bounds.
Probing changed sense of 15 constraints.
Probing time = 0.34 sec. (79.26 ticks)
Tried aggregator 1 time.
Detecting symmetries...
MIP Presolve eliminated 473 rows and 489 columns.
MIP Presolve modified 4 coefficients.
Reduced MIP has 12123 rows, 20164 columns, and 66729 nonzeros.
Reduced MIP has 10390 binaries, 9774 generals, 0 SOSs, and 0 indicators.
Presolve time = 0.11 sec. (59.87 ticks)
Probing fixed 137 vars, tightened 0 bounds.
Probing time = 0.19 sec. (72.16 ticks)
Cover probing fixed 68 vars, tightened 1 bounds.
Clique table members: 39100.
MIP emphasis: balance optimality and feasibility.
MIP search method: dynamic search.
Parallel mode: deterministic, using up to 32 threads.
Root relaxation solution time = 4.14 sec. (419.62 ticks)

        Nodes                                         Cuts/
   Node  Left     Objective  IInf  Best Integer    Best Bound    ItCnt     Gap

      0     0      820.7239   226                    820.7239       24         
      0     0      873.1288   430                   Cuts: 297     1459         
      0     0      888.1474   383                   Cuts: 146     2063         
      0     0      891.7495   358                    Cuts: 85     2395         
      0     0      892.0894   418                    Cuts: 43     2574         
      0     0      892.2826   387                    Cuts: 25     2668         
Detecting symmetries...
      0     0      894.2794   455                    Cuts: 22     2884         
      0     0      896.8731   451                    Cuts: 50     3136         
      0     0      897.7741   484                    Cuts: 33     3263         
      0     0      906.0793   502                    Cuts: 42     3745         
      0     0      907.4211   475                    Cuts: 58     3984         
      0     0      910.1702   491                    Cuts: 60     4182         
      0     0      910.8053   473                    Cuts: 23     4270         
      0     0      911.3353   472                    Cuts: 28     4389         
      0     0      911.5625   473                    Cuts: 14     4506         
      0     0      911.6054   470                    Cuts: 10     4558         
      0     0      911.6116   467                     Cuts: 3     4571         
Detecting symmetries...
      0     2      911.6116   467                    911.6116     4571         
Elapsed time = 19.25 sec. (8314.09 ticks, tree = 0.02 MB, solutions = 0)
      6     6      931.5914   435                    913.2884     5471         
     13    15      950.9235   418                    913.2884     6518         
     54    40      972.3501   388                    913.4602    10276         
    196    85     1013.3718   376                    913.8323    18781         
    312   220     1003.4927   391                    914.4795    41266         
    349   228     1104.6247   382                    914.4795    44374         
    383   312      979.4677   391                    914.4795    73308         
    500   339     1014.0007   358                    914.4795    84996         
    659   439     1036.2876   353                    914.4795   104729         
   1141   738      989.8962   358                    914.4795   161581         
Elapsed time = 36.55 sec. (11486.50 ticks, tree = 11.29 MB, solutions = 0)
   1602  1006    infeasible                          914.4795   215642         
   1971  1159     1005.9459   380                    915.8244   265487         
   2454  1524     1071.7224   377                    915.8244   399664         
   2970  1801     1114.1959   334                    916.1861   458859         
   3522  1997     1141.9394   307                    916.1861   503523         
   4187  2435     1091.1352   381                    926.5255   572801         
   4672  2945     1002.5236   396                    930.2526   668354         
   5174  3011     1011.2669   376                    930.2526   687863         
   5687  3371     1008.2124   429                    930.2526   755775         
   6476  3758      995.8818   435                    930.2526   813550         
Elapsed time = 79.42 sec. (21040.38 ticks, tree = 196.70 MB, solutions = 0)
   7337  4610     1108.0398   371                    930.2526   902606         
   8122  4836     1224.3121   337                    954.0499   926397         

Performing restart 1

Repeating presolve.
Tried aggregator 1 time.
MIP Presolve eliminated 73 rows and 240 columns.
MIP Presolve modified 391 coefficients.
Reduced MIP has 12050 rows, 19924 columns, and 66055 nonzeros.
Reduced MIP has 10183 binaries, 9741 generals, 0 SOSs, and 0 indicators.
Presolve time = 0.06 sec. (33.02 ticks)
Tried aggregator 1 time.
MIP Presolve eliminated 16 rows and 22 columns.
Reduced MIP has 12034 rows, 19902 columns, and 65974 nonzeros.
Reduced MIP has 10172 binaries, 9730 generals, 0 SOSs, and 0 indicators.
Presolve time = 0.09 sec. (41.20 ticks)
Represolve time = 0.90 sec. (204.08 ticks)
   8265     0      971.2610   561                   Cuts: 208  1029109         
   8265     0      998.0911   588                   Cuts: 295  1031264         
   8265     0     1025.3159   578                   Cuts: 301  1033091         
   8265     0     1040.7378   637                   Cuts: 276  1034451         
   8265     0     1047.6701   680                   Cuts: 379  1035545         
   8265     0     1060.6684   721                   Cuts: 309  1036697         
   8265     0     1067.6322   736                   Cuts: 238  1037484         
   8265     0     1070.7696   759                   Cuts: 263  1038121         
   8265     0     1071.9150   799                   Cuts: 186  1038507         
   8265     0     1074.0007   776                   Cuts: 167  1039106         
   8265     0     1075.8520   814                   Cuts: 135  1039561         
   8265     0     1077.0749   805                   Cuts: 127  1039930         
   8265     0     1077.4123   796                   Cuts: 102  1040143         
   8265     0     1077.7373   805                   Cuts: 111  1040376         
   8265     0     1077.9849   820                    Cuts: 69  1040604         
   8265     0     1078.1316   807                    Cuts: 71  1040771         
   8265     0     1078.2289   826                    Cuts: 65  1040941         
   8265     0     1078.3596   820                    Cuts: 46  1041085         
   8265     0     1078.5669   814                    Cuts: 55  1041303         
   8265     0     1078.6406   812                    Cuts: 80  1041403         
   8265     0     1078.7264   811                    Cuts: 31  1041516         
   8265     0     1081.1776   705                    Cuts: 58  1042107         
   8265     0     1083.0632   699                   Cuts: 244  1042675         
   8265     0     1083.8823   681                   Cuts: 134  1042933         
   8265     0     1084.3199   661                   Cuts: 108  1043316         
   8265     0     1084.6982   698                    Cuts: 95  1043556         
   8265     0     1084.9118   646                    Cuts: 63  1043744         
   8265     0     1085.0290   656                    Cuts: 70  1043895         
   8265     0     1085.0935   737                    Cuts: 47  1044050         
   8265     2     1085.0935   737                   1085.0935  1044050         
   8266     3     1103.6722   613                   1085.0952  1045311         
   8267     3     1086.2275   721                   1086.2495  1044340         
   8268     4     1107.5972   575                   1086.2495  1045841         
   8270     4     1138.2423   598                   1086.2495  1047211         
   8272     5     1088.6791   668                   1088.6893  1046118         
   8273     7     1109.6641   587                   1088.6893  1046681         
   8275     8     1141.1762   611                   1088.6893  1048455         
Elapsed time = 198.18 sec. (92472.86 ticks, tree = 0.02 MB, solutions = 0)
   8276     6     1110.2800   548                   1088.6893  1046598         
   8279     8     1139.2836   612                   1088.6893  1048465         
   8281    13     1144.5553   604                   1088.6893  1051762         
   8284    15     1106.3886   587                   1089.0959  1053300         
   8289    17     1143.0384   650                   1089.0959  1054342         
   8294    19     1147.0896   564                   1089.0959  1059139         
   8300    19     1148.1864   585                   1089.3830  1059251         
   8315    20     1122.1205   620                   1089.7139  1059758         
   8331    57     1154.0669   576                   1091.5821  1185808         
   8376    64     1111.2412   600                   1091.5821  1203190         
Elapsed time = 241.04 sec. (104091.79 ticks, tree = 0.11 MB, solutions = 0)
   8438    60     1171.8900   542                   1091.5821  1187081         
   8486    62     1128.0344   438                   1091.5821  1190701         
   8532    72     1136.9067   582                   1091.5821  1205057         
   8570   113     1113.5887   594                   1091.5821  1278840         
   8611   116     1115.9815   584                   1091.5821  1279840         
   8654   213     1104.9399   525                   1091.5821  1332751         
   8692   328     1139.4503   595                   1091.5821  1400907         
   8748   352    infeasible                         1091.5821  1421234         
   8828   336     1152.0990   387                   1091.5821  1401521         
   8942   410     1161.7152   478                   1091.5821  1439017         
Elapsed time = 290.67 sec. (113865.07 ticks, tree = 6.10 MB, solutions = 0)
   9078   424     1152.4349   520                   1091.5821  1443099         
   9187   522     1190.5824   662                   1091.5821  1464604         
   9317   568     1097.4361   540                   1091.5821  1475440         
   9473   630     1233.1283   367                   1091.5821  1490768         
   9616   675     1202.0621   446                   1091.5821  1501769         
   9759  1011     1115.0845   581                   1091.5821  1570232         
   9940  1182     1147.6945   550                   1091.5821  1606521         
  10115   961     1164.6162   517                   1091.5821  1556453         
  10291  1433     1168.3411   495                   1091.5821  1653385         
  10506  1340     1130.1981   590                   1091.5821  1633036         
Elapsed time = 338.57 sec. (123460.46 ticks, tree = 70.12 MB, solutions = 0)
  10666  1714     1226.3569   530                   1091.5821  1704812         
  10859  1885     1246.2368   455                   1091.5821  1737533         
  11070  1812     1151.2711   380                   1091.5821  1720743         
  11287  1852     1230.0380   488                   1091.5821  1731588         
  11473  2106     1238.8423   315                   1091.5821  1782481         
  11640  2620     1151.4518   549                   1091.5821  1877200         
  11764  2729     1137.1266   609                   1091.5821  1901134         
  11880  2740     1142.7676   535                   1091.5821  1904667         
  12020  2903     1186.3563   684                   1091.5821  1944066         
  12180  2995     1121.1987   597                   1091.5821  1965977         
Elapsed time = 384.85 sec. (133059.97 ticks, tree = 201.57 MB, solutions = 0)
  12346  2770     1227.7458   436                   1091.5821  1911299         
  12554  2950     1129.7162   530                   1091.5821  1950780         
  12754  3358     1132.3546   573                   1094.4303  2046103         
  12940  3276     1106.5629   677                   1094.4303  2028276         
  13189  3419     1202.7324   641                   1094.4303  2055675         
  13450  3467     1229.9312   559                   1096.4370  2061321         
  13698  4124     1154.9210   417                   1096.4419  2175258         
  13938  4131     1157.5508   437                   1096.4419  2175703         
  14188  4338     1152.9389   648                   1096.4419  2204053         
  14424  4140     1178.3475   374                   1096.4419  2178037         
Elapsed time = 433.81 sec. (142634.56 ticks, tree = 310.75 MB, solutions = 0)
  14670  4908     1224.7004   386                   1096.4419  2297381         
  14878  4807     1160.1088   598                   1096.4419  2274581         
  15059  5031     1223.5966   627                   1096.4419  2315012         
  15240  5086     1223.1612   617                   1096.9887  2322137         
  15417  5721     1182.5096   493                   1097.4844  2424234         
  15627  5937     1165.2795   412                   1097.4844  2462968         
  15801  6021     1109.9549   691                   1097.4844  2480829         
  15972  6028     1115.7571   691                   1097.4844  2481877         
  16159  6344     1211.4179   495                   1097.4844  2539890         
  16397  6161     1232.5090   447                   1097.4844  2501354         
Elapsed time = 483.44 sec. (152306.55 ticks, tree = 525.96 MB, solutions = 0)
  16626  6420     1206.8767   415                   1098.5173  2550786         
  16861  6727     1214.9687   565                   1098.5173  2600141         
  17041  6793     1122.5531   656                   1099.1912  2608862         
  17228  7032     1173.1171   611                   1099.1912  2656584         
  17436  7480     1324.5872   368                   1099.1912  2727119         
  17664  7403     1259.9966   538                   1099.1912  2711680         
  17859  7267     1154.8118   554                   1099.1912  2690798         
  18044  7888     1165.1721   544                   1099.1912  2802585         
  18172  7744     1159.3564   597                   1099.1912  2781430         

Performing restart 2

Repeating presolve.
Tried aggregator 1 time.
MIP Presolve eliminated 43 rows and 44 columns.
MIP Presolve modified 383 coefficients.
Reduced MIP has 11991 rows, 19858 columns, and 69885 nonzeros.
Reduced MIP has 10171 binaries, 9687 generals, 0 SOSs, and 0 indicators.
Presolve time = 0.07 sec. (34.79 ticks)
Tried aggregator 1 time.
MIP Presolve eliminated 19 rows and 36 columns.
Reduced MIP has 11972 rows, 19822 columns, and 69693 nonzeros.
Reduced MIP has 10153 binaries, 9669 generals, 0 SOSs, and 0 indicators.
Presolve time = 0.10 sec. (43.60 ticks)
Represolve time = 1.73 sec. (487.14 ticks)
  18358     0     1087.6727   801                    Cuts: 96  2983178         
  18358     0     1088.9882   762                    Cuts: 93  2983632         
  18358     0     1090.9771   802                   Cuts: 163  2984094         
  18358     0     1092.1718   835                   Cuts: 118  2984602         
  18358     0     1092.8769   827                   Cuts: 153  2985017         
  18358     0     1093.7472   834                   Cuts: 107  2985693         
  18358     0     1094.4140   842                   Cuts: 254  2986151         
  18358     0     1094.7225   855                    Cuts: 91  2986396         
  18358     0     1095.6070   856                   Cuts: 114  2986728         
  18358     0     1095.8849   837                    Cuts: 98  2986972         
  18358     0     1098.4663   786                   Cuts: 106  2987789         
  18358     0     1101.1427   718                   Cuts: 323  2988326         
  18358     0     1102.1558   811                   Cuts: 182  2988785         
  18358     0     1102.4181   830                   Cuts: 134  2989060         
  18358     0     1102.7912   818                    Cuts: 65  2989308         
  18358     0     1103.0254   828                    Cuts: 98  2989518         
  18358     0     1103.3126   844                    Cuts: 99  2989718         
  18358     0     1103.4501   858                   Cuts: 119  2989940         
  18358     0     1103.5176   846                    Cuts: 50  2990138         
  18358     0     1103.6446   859                    Cuts: 38  2990331         
  18358     0     1103.7252   861                    Cuts: 52  2990474         
  18358     0     1103.8099   770                    Cuts: 65  2990614         
  18358     0     1103.8760   873                    Cuts: 51  2990785         
  18358     0     1103.9346   876                   Cuts: 184  2990961         
  18358     0     1104.1615   807                   Cuts: 128  2991189         
  18358     0     1104.2872   855                   Cuts: 120  2991354         
  18358     2     1104.2872   855                   1104.2872  2991354         
Elapsed time = 636.41 sec. (223485.80 ticks, tree = 0.02 MB, solutions = 0)
  18359     3     1104.4177   830                   1104.4191  2991558         
  18361     4     1117.1012   720                   1104.4327  2992996         
  18366     6     1117.7166   710                   1104.9864  2993405         
  18368     6     1118.9324   790                   1104.9864  2999294         
  18375    10     1119.3104   785                   1105.6546  3003143         
  18402    19     1138.4743   632                   1105.6590  3017073         
  18489    49     1151.8558   639                   1106.4893  3098374         
  18591    71     1132.3842   690                   1106.4893  3169637         
  18738   220     1166.5815   650                   1106.4893  3325187         
  18998   376     1130.0256   717                   1106.4893  3411661         
Elapsed time = 759.06 sec. (266026.03 ticks, tree = 10.49 MB, solutions = 0)
  19306   674     1177.5900   585                   1106.4893  3526814         
  19543   793     1144.6166   561                   1106.4893  3580403         
  19762   949     1197.0741   541                   1106.4893  3649711         
  20098  1129     1139.0494   696                   1106.9412  3741892         
  20391  1498     1151.0950   647                   1108.5754  3905583         
  20659  1659     1282.1451   525                   1109.0611  4023623         
  20977  1783     1191.2507   452                   1109.0611  4084077         
  21334  2040     1135.9648   632                   1110.8508  4224820         
  21731  2345     1237.9314   452                   1110.8508  4323874         
  22110  2426     1171.7903   629                   1110.8508  4363823         
Elapsed time = 961.09 sec. (304277.03 ticks, tree = 145.14 MB, solutions = 0)
  22476  2560     1195.0703   540                   1110.8508  4400485         
  22740  3358     1304.7591   545                   1110.8508  4672374         
  22990  3317     1137.2631   684                   1110.8508  4667476         
  23397  3633     1316.4025   429                   1110.8508  4801467         
  23807  4043     1153.9636   732                   1110.8508  4974697         
  24290  4114     1235.8006   361                   1110.8508  4982137         
  24775  4609     1177.3017   643                   1115.4987  5137191         
  25133  4616     1182.7684   764                   1119.6747  5140810         
  25504  5523     1233.0761   587                   1119.6747  5443650         
  25957  5554     1242.0001   503                   1119.6747  5453363         
Elapsed time = 1168.68 sec. (342531.98 ticks, tree = 475.00 MB, solutions = 0)
  26305  5864     1212.6205   571                   1119.6747  5557862         
  26734  6267     1187.2497   687                   1119.6747  5689211         
  27028  6551     1162.5538   668                   1119.6747  5824124         
  27305  7001     1159.8207   522                   1119.6747  5997897         
  27733  7176     1215.9805   624                   1119.6747  6126177         
  28228  7644     1243.0225   369                   1119.6747  6292700         
  28718  7680     1391.5864   397                   1127.0230  6302804         
  29294  8060     1578.0408   438                   1127.0230  6411268         
  29737  8467    infeasible                         1128.4531  6549789         
  30180  9106     1382.9067   333                   1128.4859  6787502         
Elapsed time = 1419.33 sec. (380771.06 ticks, tree = 862.84 MB, solutions = 0)
  30662  9428     1165.6268   715                   1130.0870  6938496         
  31105  9856     1158.0527   498                   1130.2556  7118648         
  31549 10095     1213.2491   567                   1130.7695  7225121         
  31889 10332     1185.0137   519                   1131.3689  7337867         
  32138 10562     1138.2832   549                   1131.3689  7455403         
  32394 10928     1163.8806   670                   1131.3689  7668690         
  32794 10984     1519.8031   330                   1131.3689  7738024         
  33258 10996     1188.5710   559                   1131.3689  7741878         
  33670 11728     1247.3960   553                   1133.1508  8025939         
  34085 11734     1193.8187   502                   1133.1508  8023721         
Elapsed time = 1670.80 sec. (419015.96 ticks, tree = 1145.85 MB, solutions = 0)
  34502 12481     1159.9286   598                   1133.2368  8371625         
  34865 12442     1186.4220   605                   1133.3173  8330430         
  35203 12830     1136.3740   762                   1133.7893  8532218         
  35545 13094    infeasible                         1133.7893  8662603         
  35788 13435    infeasible                         1133.7893  8812350         
  36021 13618     1166.5875   749                   1134.3344  8886193         
  36358 13670     1195.7976   389                   1135.7691  8949748         
  36746 14020     1165.3106   592                   1135.7691  9204574         
  37106 13898     1185.7704   648                   1136.2408  9105500         
  37438 14246     1195.9550   542                   1136.2408  9294158         
Elapsed time = 1905.59 sec. (457260.16 ticks, tree = 1343.90 MB, solutions = 0)
  37879 14609     1350.4196   504                   1136.4830  9470805         
  38348 15123     1309.8364   561                   1136.9962  9713340         
  38799 15573     1516.8249   480                   1137.1591  9883162         
  39237 15318     1401.2772   400                   1137.1591  9769375         
  39560 15678     1168.9294   408                   1137.1796  9908912         
  39813 16228     1184.4594   591                   1137.3244 10134920         
  40084 16719     1408.2492   530                   1137.3244 10313094         
  40421 16686     1142.5606   546                   1137.7032 10331043         
  40806 17113     1167.4183   668                   1137.9816 10599937         
  41175 16882     1147.4715   687                   1137.9816 10470931         
Elapsed time = 2137.68 sec. (495526.09 ticks, tree = 1631.16 MB, solutions = 0)
  41553 17616     1274.5374   572                   1138.3077 10839059         
  41961 17901     1185.9928   559                   1138.3077 10959075         
  42322 17942     1205.7658   437                   1138.8788 10982576         
  42668 18242     1149.9139   612                   1138.9382 11154905         
  42982 18357     2325.8676   381                   1138.9382 11176905         
  43302 18642     1305.4407   615                   1138.9382 11300706         
  43665 19091     1146.3218   584                   1138.9382 11617961         
  44104 19084     1173.5044   476                   1139.3648 11591875         
  44470 19122     1179.2967   579                   1139.5169 11645284         
  44807 19475     1182.1618   765                   1140.2431 11850489         
Elapsed time = 2366.89 sec. (533784.16 ticks, tree = 1850.89 MB, solutions = 0)
  45042 19871     1167.7927   626                   1140.2431 12022316         
  45357 20275     1211.9169   659                   1140.4138 12190854         
  45721 20286     1200.8321   536                   1140.4138 12212335         
  46145 20530     1176.2215   546                   1140.4918 12342515         
  46566 20548     1195.4948   342                   1140.6884 12361470         
  46924 20577     1200.5399   542                   1140.6884 12401007         
  47410 21634     1293.1305   324                   1141.1527 12863300         
  47883 21710     1261.2314   429                   1141.4289 12873984         
  48302 21493     1169.9461   602                   1141.4289 12808531         
  48649 22421     1280.7166   651                   1141.7816 13173764         
Elapsed time = 2596.23 sec. (572067.07 ticks, tree = 2170.96 MB, solutions = 0)
Nodefile size = 119.50 MB (85.48 MB after compression)
  48997 22912     1160.2004   527                   1141.7970 13400672         
  49442 22846     1180.3302   532                   1141.7970 13348675         
  49885 22972     1202.7162   562                   1141.7970 13430816         
  50323 23224     1149.6093   605                   1141.9484 13575039         
  50690 23720     1283.7745   359                   1141.9484 13791078         
  51095 23768     1186.8791   603                   1142.0900 13814044         
  51527 24533     1186.3179   690                   1142.4133 14213952         
  51870 24832     1161.4308   572                   1142.7466 14353061         
  52156 24955     1351.8175   421                   1142.8256 14422154         
  52414 24888     1210.9053   547                   1142.8257 14380145         
Elapsed time = 2831.19 sec. (610326.13 ticks, tree = 2354.48 MB, solutions = 0)
Nodefile size = 302.52 MB (215.52 MB after compression)
  52626 25266     1215.1588   522                   1142.9288 14575338         
  52888 25560     1209.0564   559                   1143.1073 14871035         
  53242 25597     1212.5329   494                   1143.1073 14882831         
  53672 25675     1233.3828   550                   1143.3287 14972873         
  54081 25672     1449.3824   454                   1143.5016 14942060         
  54470 25752     1162.2601   632                   1143.7140 15007662         
  54838 26806     1197.1288   573                   1143.8925 15523987         
  55234 26590     1312.1989   418                   1143.8925 15397000         
  55620 26726     1157.1785   632                   1144.2874 15457744         
  56029 27264    infeasible                         1144.2874 15757412         
Elapsed time = 3062.01 sec. (648632.50 ticks, tree = 2613.15 MB, solutions = 0)
Nodefile size = 561.43 MB (399.32 MB after compression)
  56476 27073     1210.0787   515                   1144.3138 15659710         
  56872 28129     1157.1391   567                   1144.6351 16212760         
  57320 27734     1308.0304   446                   1144.6351 16036989         
  57720 27808     1265.3440   608                   1144.6425 16094337         
  58100 28341     1275.2987   480                   1144.9048 16286053         
  58438 28860     1229.8733   530                   1144.9048 16545261         
  58710 29099     1159.0074   489                   1144.9913 16661899         
  58934 29536     1203.5347   696                   1145.2874 16838676         
  59178 29849     1301.3721   552                   1145.2897 17036335         
  59429 30081     1225.0959   528                   1145.2897 17192640         
Elapsed time = 3297.36 sec. (686892.62 ticks, tree = 2854.79 MB, solutions = 0)
Nodefile size = 802.18 MB (569.59 MB after compression)
  59800 29977     1194.7917   495                   1145.2897 17119241         
  60156 30201     1179.1400   741                   1145.3127 17348190         
  60518 30520     1209.5195   704                   1145.3127 17518053         
  60954 30532     1261.5845   593                   1145.3127 17522038         
  61412 30433     1196.0694   569                   1145.9116 17485007         
  61759 30732     1198.1143   612                   1146.0030 17621031         
  62166 31313     1397.4170   397                   1146.0030 17886093         
  62576 31835     1200.7218   629                   1146.0030 18230609         
  62987 31831     1228.9503   528                   1146.0030 18202573         
  63449 31945     1195.9743   514                   1146.0030 18281766         
Elapsed time = 3529.89 sec. (725077.70 ticks, tree = 3057.05 MB, solutions = 0)
Nodefile size = 1003.00 MB (711.85 MB after compression)
  63846 32558     1264.2058   619                   1146.2354 18535357         
  64321 32416     1164.1761   574                   1146.2354 18484571         
  64721 32669     1206.1904   633                   1146.5510 18571015         
  65242 33709     1289.6179   417                   1146.7881 19055641         
  65746 33323     1162.5336   466                   1146.7881 18905382         
  66123 33831     1256.9162   417                   1146.7881 19109420         
  66385 33967     1168.1018   377                   1146.8076 19210781         
  66661 34953     1239.3491   603                   1147.1946 19619401         
  66899 34928     1162.6459   568                   1147.3159 19607764         
  67174 35112     1267.3626   571                   1147.3702 19735796         
Elapsed time = 3760.36 sec. (763386.95 ticks, tree = 3403.05 MB, solutions = 0)
Nodefile size = 1348.62 MB (957.59 MB after compression)
  67497 35097     1170.4322   369                   1147.4302 19721710         
  67802 35416     1170.9805   532                   1147.4302 19954318         
  68124 35668     1256.4023   473                   1147.4302 20107306         
  68457 35521     1262.3647   457                   1147.5038 19989138         
  68924 35862     1198.9322   529                   1147.5751 20269985         
  69477 36059    infeasible                         1147.7200 20383839         
  69938 36346     1231.9528   509                   1147.9193 20512303         
  70369 36729     1210.3244   636                   1148.0409 20698009         
  70779 37340     1165.8540   569                   1148.1430 20896245         
  71215 37173     1159.2110   456                   1148.2607 20824938         
Elapsed time = 3993.03 sec. (801607.75 ticks, tree = 3511.24 MB, solutions = 0)
Nodefile size = 1457.16 MB (1033.30 MB after compression)
  71640 38204     1384.3941   517                   1148.4213 21219215         
  72107 38115     1162.2970   578                   1148.5549 21194010         
  72578 38795     1175.1069   506                   1148.5922 21517173         
  73074 38914     1246.4495   572                   1148.5922 21583290         
  73557 39308     1197.0652   424                   1148.5922 21751939         
  74004 39247     1200.6752   659                   1148.5922 21737420         
  74400 39098     1247.9666   456                   1149.0784 21660660         
  74845 39782    infeasible                         1149.2424 21956136         
  75228 39876    infeasible                         1149.3365 22037861         
  75682 40103     1281.8361   481                   1149.4532 22161409         
Elapsed time = 4231.95 sec. (839843.30 ticks, tree = 3831.49 MB, solutions = 0)
Nodefile size = 1777.43 MB (1260.62 MB after compression)
  76123 40940    infeasible                         1149.5622 22597965         
  76452 40663     1188.5851   625                   1149.6154 22431604         
  76729 41426     1211.5916   448                   1149.6892 22962398         
  76942 40948     1160.0293   592                   1149.7849 22626074         
  77155 41548     1182.6777   425                   1149.7849 23057858         
  77381 41976     1192.5858   607                   1149.7849 23302195         
  77706 42017     1181.7099   603                   1149.7849 23381693         
  77994 42073    infeasible                         1150.1864 23444731         
  78302 42084     1173.9348   675                   1150.3048 23436713         
  78668 42053     1219.2662   661                   1150.4102 23405225         
Elapsed time = 4486.10 sec. (878091.43 ticks, tree = 4042.52 MB, solutions = 0)
Nodefile size = 1986.18 MB (1408.83 MB after compression)
  79054 42800     1198.7969   683                   1150.4102 23973436         
  79444 42318     1220.4837   592                   1150.4102 23734426         
  79814 43030     1315.3984   423                   1150.4102 24116498         
  80254 43478     1151.4555   567                   1150.5408 24446379         
  80728 43144     1286.6750   588                   1150.7165 24226849         
  81258 43111     1192.1988   579                   1150.7165 24211431         
  81677 43824     1258.3826   526                   1151.0554 24692519         
  82094 43916     1179.0107   477                   1151.0775 24712878         
  82524 44714     1263.7039   452                   1151.2069 25133459         
  83049 44208     1157.0883   614                   1151.2771 24878970         
Elapsed time = 4746.57 sec. (916328.82 ticks, tree = 4148.72 MB, solutions = 0)
Nodefile size = 2094.01 MB (1483.96 MB after compression)
  83468 45193     1336.6933   470                   1151.4185 25362295         
  83950 44770     1209.6257   436                   1151.5001 25147756         
  84463 46103     1182.1420   514                   1151.6434 25833416         
  84836 45565     1278.2051   548                   1151.6434 25615420         
  85125 45502     1228.5881   552                   1151.6673 25580261         
  85380 46342     1254.5649   411                   1151.6673 25925683         
  85599 46345     1323.3256   291                   1151.6673 25929009         
  85849 46558     1326.0537   468                   1152.1616 26009987         
  86164 47385    infeasible                         1152.2182 26509434         
  86484 47536     1280.6816   421                   1152.2549 26678667         
Elapsed time = 5007.70 sec. (954528.51 ticks, tree = 4512.84 MB, solutions = 0)
Nodefile size = 2458.63 MB (1742.75 MB after compression)
  86794 47529     1258.5537   695                   1152.2549 26667759         
  87200 47372    infeasible                         1152.2549 26537622         
  87623 47532     1242.2006   616                   1152.2549 26663880         
  88109 47699     1163.0348   484                   1152.4887 26833753         
  88532 48614     1229.0572   662                   1152.4887 27278930         
  89045 47868     1212.5612   489                   1152.4887 26925099         
  89439 48173     1227.4240   478                   1152.9019 27098905         
  89857 48724     1202.5700   524                   1152.9407 27355354         
  90212 48627     1175.2008   477                   1152.9710 27297383         
  90615 49893     1336.7328   499                   1153.1026 27983020         
Elapsed time = 5262.08 sec. (992737.20 ticks, tree = 4773.91 MB, solutions = 0)
Nodefile size = 2719.84 MB (1928.47 MB after compression)
  90975 50362     1154.7131   629                   1153.1735 28252343         
  91368 49649     1179.7777   529                   1153.3103 27801674         
  91727 49946     1228.6741   647                   1153.3705 27996797         
  92042 50463    infeasible                         1153.4173 28310903         
  92445 50349     1170.3157   661                   1153.5915 28249917         
  92766 51265     1170.1897   544                   1153.6835 28849758         
  93132 51348     1187.9033   636                   1153.7598 28964577         
  93606 51422     1201.3070   526                   1153.8480 29034440         
  93977 51778     1344.3970   406                   1153.9329 29211987         
  94417 52313     1190.3706   368                   1154.0350 29602256         
Elapsed time = 5516.28 sec. (1030937.23 ticks, tree = 4877.42 MB, solutions = 0)
Nodefile size = 2822.07 MB (1998.95 MB after compression)
  94894 52507     1211.0257   619                   1154.1480 29765517         
  95319 51863     1451.8178   417                   1154.2241 29242883         
  95722 52163     1268.4719   462                   1154.3088 29485229         
  96151 53490    infeasible                         1154.4173 30228399         
  96476 52564     1292.1709   466                   1154.5040 29807666         
  96757 52727    infeasible                         1154.6326 29898739         
  97006 53391     1211.2736   496                   1154.7217 30163956         
  97256 54310     1157.7465   578                   1154.7893 30678865         
  97543 53808     1215.3418   350                   1154.9144 30401665         
  97837 54548    infeasible                         1154.9424 30919204         
Elapsed time = 5764.37 sec. (1069209.28 ticks, tree = 5121.66 MB, solutions = 0)
Nodefile size = 3066.63 MB (2172.82 MB after compression)
  98147 54775     1251.9537   487                   1154.9467 31013188         
  98561 54782     1246.6147   376                   1154.9467 31032347         
  99027 54654     1345.7823   400                   1154.9467 30945765         
  99434 55050     1389.1021   529                   1154.9467 31257778         
  99904 55062     1226.2777   613                   1155.0111 31262563         
 100346 55209     1293.2685   439                   1155.4367 31400488         
 100747 55724     1210.2010   552                   1155.5226 31621516         
 101157 55343     1162.9423   522                   1155.5444 31459848         
 101589 55802     1170.0142   636                   1155.6404 31652608         
 101959 56275     1250.0767   529                   1155.6802 31872698         
Elapsed time = 6016.62 sec. (1107445.02 ticks, tree = 5316.56 MB, solutions = 0)
Nodefile size = 3257.00 MB (2308.24 MB after compression)
 102409 56597     1214.8664   599                   1155.7736 32044363         
 102846 56176     1204.4955   500                   1155.8146 31859076         
 103257 57246     1160.0370   545                   1155.8507 32473116         
 103695 56746    infeasible                         1155.9553 32106614         
 104181 56901     1371.0595   509                   1156.0062 32232110         
 104562 58571     1247.6934   471                   1156.1009 33197747         
 104965 58242     1236.7422   428                   1156.1899 33056479         
 105403 58744     1242.6710   443                   1156.2845 33282556         
 105803 58476     1190.6973   595                   1156.3653 33164538         
 106174 58708    infeasible                         1156.4854 33268063         
Elapsed time = 6279.18 sec. (1145665.62 ticks, tree = 5584.32 MB, solutions = 0)
Nodefile size = 3525.91 MB (2499.40 MB after compression)
 106599 58601     1269.0070   437                   1156.5644 33197889         
 107052 59507    infeasible                         1156.6362 33919870         
 107455 59064     1210.2231   517                   1156.6765 33640350         
 107826 59916    infeasible                         1156.6765 34114092         
 108239 60416     1372.2488   400                   1156.8319 34428400         
 108630 59523     1253.4235   687                   1156.8824 33940094         
 109067 59950     1195.8062   379                   1156.9556 34127850         
 109472 60538     1279.2971   411                   1157.0672 34497622         
 109782 60453     1198.7551   582                   1157.1085 34447538         
 110053 61685     1197.4208   530                   1157.1960 35295167         
Elapsed time = 6532.99 sec. (1183950.92 ticks, tree = 5905.56 MB, solutions = 0)
Nodefile size = 3850.32 MB (2730.21 MB after compression)
 110283 60952     1263.7703   545                   1157.1960 34749189         
 110474 62148     1279.4838   274                   1157.1960 35573137         
 110687 62328     1214.2018   440                   1157.1960 35705254         
 110901 62014    infeasible                         1157.1960 35498492         
 111157 62526     1510.8142   469                   1157.5540 35949496         
 111442 62163    infeasible                         1157.6461 35584117         
 111698 62325     1166.5685   600                   1157.7310 35778605         
 112032 62429     1199.6860   492                   1157.7921 35932833         
 112367 62743     1227.9537   551                   1157.8256 36253847         
 112729 62594     1198.1349   721                   1157.9061 36103373         
Elapsed time = 6787.37 sec. (1222232.16 ticks, tree = 5915.15 MB, solutions = 0)
Nodefile size = 3865.31 MB (2740.59 MB after compression)
 113112 62829     1179.5694   606                   1157.9661 36394584         
 113546 62816    infeasible                         1158.0349 36367625         
 113947 62957     1229.0348   649                   1158.1237 36498990         
 114388 63540     1266.7146   329                   1158.2319 36872319         
 114835 62960     1201.4839   531                   1158.2661 36508648         
 115227 63776     1374.4791   443                   1158.3207 37072459         
 115632 63530     1203.3829   605                   1158.3811 36831259         
 116137 64604     1220.8006   583                   1158.4999 37613209         
 116563 64640     1271.9241   454                   1158.5553 37617507         
 117022 65260     1218.1374   539                   1158.6564 37920978         
Elapsed time = 7040.00 sec. (1260452.18 ticks, tree = 6206.12 MB, solutions = 0)
Nodefile size = 4149.96 MB (2941.64 MB after compression)
 117520 65111     1174.2730   644                   1158.6770 37868427         
 117966 64972     1172.4483   564                   1158.7489 37795959         
 118394 65350     1182.1990   468                   1158.8047 37966713         
 118830 65642     1178.4427   490                   1158.8713 38264703         
 119246 65528     1302.7916   542                   1158.9452 38180361         
 119643 65782     1260.5525   437                   1159.0035 38363540         
 120077 66300     1235.9373   565                   1159.0671 38566644         
 120508 67151     1170.3518   503                   1159.1238 39073255         
 120911 67107     1213.1794   647                   1159.1649 39047706         
 121340 67096     1243.9586   583                   1159.1985 39024730         
Elapsed time = 7299.31 sec. (1298691.41 ticks, tree = 6409.55 MB, solutions = 0)
Nodefile size = 4350.89 MB (3084.70 MB after compression)
 121681 67292     1187.6945   596                   1159.2585 39235776         
 122018 67426    infeasible                         1159.3042 39320929         
 122261 67346     1191.2938   684                   1159.5190 39292422         
 122530 67769     1177.1231   448                   1159.5972 39535501         
 122748 68320     1208.2746   610                   1159.6389 39805966         
 122993 68076    infeasible                         1159.7930 39686561         
 123242 69060     1268.6318   586                   1159.8521 40451725         
 123522 69113     1202.0038   578                   1159.8521 40515338         
 123801 69304     1219.4976   386                   1159.8654 40668211         
 124122 69075     1328.3922   564                   1159.8654 40460498         
Elapsed time = 7558.24 sec. (1337003.56 ticks, tree = 6630.38 MB, solutions = 0)
Nodefile size = 4573.31 MB (3243.16 MB after compression)
 124423 69296     1212.0489   534                   1159.8654 40698060         
 124820 69368     1227.2157   507                   1159.8654 40877331         
 125154 69444     1258.5602   470                   1159.8654 41063101         
 125649 69383     1277.1798   569                   1160.3431 40966767         
 126027 69373     1277.4316   447                   1160.3980 40874801         
 126442 69578     2286.6942   303                   1160.4536 41087716         
 126850 70349     1207.0223   313                   1160.5183 41699917         
 127235 69406     1230.0552   512                   1160.5746 41049928         
 127582 69818     1217.8766   465                   1160.6445 41307009         
 127904 69688    infeasible                         1160.6995 41278855         
Elapsed time = 7805.03 sec. (1375234.40 ticks, tree = 6698.14 MB, solutions = 0)
Nodefile size = 4642.35 MB (3292.42 MB after compression)
 128270 70012     1213.9561   441                   1160.7841 41437188         
 128690 70128     1193.2680   431                   1160.8957 41596239         
 129070 71399     1244.2327   537                   1160.9544 42403690         
 129455 70862     1189.8929   678                   1161.0265 42035620         
 129804 72165     1178.5017   646                   1161.1211 43015466         
 130229 71913     1217.5125   464                   1161.2019 42859420         
 130695 72390     1340.7360   582                   1161.2449 43149742         
 131108 72698     1266.4472   426                   1161.3458 43436929         
 131527 72530     1260.3966   352                   1161.3979 43317416         
 131919 72552     1239.0259   312                   1161.5008 43322830         
Elapsed time = 8065.65 sec. (1413542.15 ticks, tree = 6808.01 MB, solutions = 0)
Nodefile size = 4747.79 MB (3364.67 MB after compression)
 132334 72187    infeasible                         1161.5569 43045214         
 132781 73037     1239.2800   498                   1161.6728 43713340         
 133129 73148    infeasible                         1161.7187 43811094         
 133465 73198    infeasible                         1161.8168 43878612         
 133719 73204     1240.7730   516                   1161.9056 43881772         
 133989 73718     1165.3026   659                   1161.9861 44201501         
 134252 73515     1181.5052   567                   1162.0703 44078824         
 134466 74264    infeasible                         1162.1148 44465348         
 134669 74530     1284.5818   476                   1162.2073 44665001         
 134899 74306    infeasible                         1162.2868 44539985         
Elapsed time = 8310.71 sec. (1451778.46 ticks, tree = 6999.47 MB, solutions = 0)
Nodefile size = 4943.26 MB (3503.87 MB after compression)
 135135 74824     1211.5598   382                   1162.3428 45107272         
 135355 74920     1298.1089   321                   1162.4387 45259898         
 135624 74703     1282.7023   594                   1162.5234 44811591         
 135967 75009     1180.6130   640                   1162.5855 45475293         
 136347 74918     1249.8436   624                   1162.6489 45250347         
 136765 74780     1206.9734   465                   1162.7403 45110254         
 137145 75021     1231.8548   427                   1162.7403 45513430         
 137554 75030     1227.2981   756                   1162.7497 45332512         
 137947 75117     1239.4612   339                   1162.7497 45629082         
 138284 75129     1304.5155   664                   1162.7497 45673299         
Elapsed time = 8557.22 sec. (1490049.14 ticks, tree = 7092.08 MB, solutions = 0)
Nodefile size = 5031.26 MB (3566.52 MB after compression)
 138650 75976     1429.4289   501                   1162.7497 46304118         
 138992 75988     1298.7840   543                   1162.7497 46309337         
 139298 75691     1270.9837   372                   1162.7497 46148732         
 139696 76009     1172.6531   570                   1163.3716 46353818         
 140039 76447    infeasible                         1163.4233 46681763         
 140417 76002     1172.5114   649                   1163.4900 46329437         
 140829 76035     1276.5159   574                   1163.5443 46368440         
 141194 77332     1285.6511   491                   1163.5973 47417365         
 141560 77258     1185.5113   765                   1163.6751 47353400         
 141997 77822    infeasible                         1163.7415 47779817         
Elapsed time = 8804.60 sec. (1528450.23 ticks, tree = 7241.81 MB, solutions = 0)
Nodefile size = 5198.01 MB (3684.77 MB after compression)
 142374 76808     1267.1964   427                   1163.8412 46920885         
 142796 78046     1220.7488   495                   1163.8691 47964041         
 143209 77672    infeasible                         1163.9536 47689591         
 143602 77832     1223.6582   604                   1164.0314 47800093         
 143950 78574     1197.2637   486                   1164.0764 48398052         
 144447 78884     1259.9690   606                   1164.1901 48601411         
 144805 78187     1234.3879   469                   1164.2516 48093830         
 145180 79423    infeasible                         1164.3287 49074320         
 145554 78985     1245.8563   487                   1164.4135 48685835         
 145854 78807     1303.5442   482                   1164.4767 48518216         
Elapsed time = 9065.69 sec. (1566722.78 ticks, tree = 7308.54 MB, solutions = 0)
Nodefile size = 5241.66 MB (3714.70 MB after compression)
 146102 79424     1217.4669   567                   1164.5669 49082820         
 146381 79888     1274.9936   668                   1164.6576 49443914         
 146652 80069     1226.9347   467                   1164.6751 49632664         
 146872 80273    infeasible                         1164.7896 49744431         
 147128 80539     1195.6769   556                   1164.8558 49999832         
 147323 79686     1172.2567   429                   1164.8998 49276205         
 147568 80268    infeasible                         1164.9903 49755703         
 147816 80553     1689.2434   505                   1165.0480 49926121         
 148104 80596     1201.7506   588                   1165.1573 50175796         
 148385 80593    infeasible                         1165.2034 50205693         
Elapsed time = 9308.22 sec. (1605060.52 ticks, tree = 7507.90 MB, solutions = 0)
Nodefile size = 5452.24 MB (3864.02 MB after compression)
 148680 80804    infeasible                         1165.2926 50392528         
 149055 80827     1242.8258   380                   1165.3174 50565813         
 149414 80965     1524.5287   437                   1165.3703 50730918         
 149772 80649     1258.7375   540                   1165.4303 50313820         
 150191 80837     1314.7724   537                   1165.5015 50412854         
 150551 80852     1302.6201   484                   1165.5356 50634663         
 150949 81024     1173.1360   497                   1165.6291 50747240         
 151303 81833     1390.6472   481                   1165.6862 51503510         
 151722 80972     1200.7368   700                   1165.7665 50785934         
 152102 81124     1205.7427   457                   1165.8291 50926740         
Elapsed time = 9553.40 sec. (1643309.61 ticks, tree = 7575.05 MB, solutions = 0)
Nodefile size = 5515.28 MB (3909.02 MB after compression)
 152476 81134     1252.8792   594                   1165.9207 50931558         
 152886 81152     1351.9906   556                   1165.9530 51094619         
 153298 82680     1338.5293   483                   1166.0330 52116973         
 153649 81709    infeasible                         1166.0819 51459062         
 154082 81995     1255.5475   532                   1166.2074 51684691         
 154496 83084     1221.8591   630                   1166.2678 52514788         
 154862 83555     1198.4210   552                   1166.3471 52817042         
 155266 82633    infeasible                         1166.3914 52106347         
 155650 83231    infeasible                         1166.4360 52646691         
 156064 83588    infeasible                         1166.5127 52830980         
Elapsed time = 9799.81 sec. (1681585.31 ticks, tree = 7853.68 MB, solutions = 0)
Nodefile size = 5790.94 MB (4105.90 MB after compression)
 156412 84125     1197.0297   470                   1166.5834 53410264         
 156817 83219     1207.5609   443                   1166.6556 52621348         
 157212 84550     1207.2681   613                   1166.7112 53684084         
 157560 83987    infeasible                         1166.7781 53155310         
 157953 84392     1222.8726   374                   1166.8626 53661193         
 158291 83945     1216.2450   518                   1166.9296 53241259         
 158619 85020     1267.5731   580                   1166.9296 54086446         
 158928 84160     1214.1069   495                   1167.0226 53445515         
 159251 84777     1269.5684   505                   1167.0773 53906568         
 159561 84795     1247.7055   532                   1167.0901 53911762         
Elapsed time = 10052.60 sec. (1719864.47 ticks, tree = 7984.11 MB, solutions = 0)
Nodefile size = 5926.88 MB (4203.02 MB after compression)
 159809 84856     1267.2644   583                   1167.1556 53955638         
 160103 85347     1169.5364   687                   1167.2807 54415161         
 160351 85123    infeasible                         1167.2987 54233424         
 160566 85532     1253.3147   439                   1167.3862 54617020         
 160790 86385     1213.0902   652                   1167.4253 55414947         
 161026 86633     1189.0518   597                   1167.5157 55702067         
 161258 85796    infeasible                         1167.5585 54862067         
 161484 86727    infeasible                         1167.6172 55931735         
 161684 86543     1438.8837   424                   1167.6754 55586482         
 161899 86794     1376.0692   439                   1167.7476 55982919         
Elapsed time = 10286.78 sec. (1758106.36 ticks, tree = 8029.96 MB, solutions = 0)
Nodefile size = 5995.18 MB (4251.69 MB after compression)
 162154 86694    infeasible                         1167.7843 55829602         
 162441 86948     1346.2564   460                   1167.8197 56253490         
 162701 86922     1242.4111   434                   1167.8747 56372392         
 163059 86930    infeasible                         1167.9308 56377509         
 163364 86958     1205.6909   573                   1167.9846 56212363         
 163755 87010    infeasible                         1168.0773 56572665         
 164124 87124     1271.9171   522                   1168.0773 56758773         
 164620 86970     1303.5719   300                   1168.1367 56281830         
 165063 86943     1229.7644   472                   1168.2282 56343150         
 165509 87175     1326.9092   325                   1168.2666 56917273         
Elapsed time = 10529.81 sec. (1796351.67 ticks, tree = 8077.04 MB, solutions = 0)
Nodefile size = 6018.18 MB (4267.84 MB after compression)
 165865 87167     1267.4014   625                   1168.3250 56949022         
 166243 87205     1254.8273   713                   1168.3751 56990408         
 166605 87485     1268.4536   526                   1168.4740 57160247         
 166991 87162     1240.0793   355                   1168.5376 56856605         
 167347 87702     1219.6911   515                   1168.5636 57368326         
 167748 87488     1454.5491   376                   1168.6307 57173990         
 168189 87441     1224.6258   525                   1168.7030 57096680         
 168581 89107     1372.8437   498                   1168.8044 58365315         
 169010 88919     1201.8459   380                   1168.8250 58247576         
 169491 89315     1367.0240   407                   1168.9044 58583926         
Elapsed time = 10782.70 sec. (1834680.43 ticks, tree = 8318.13 MB, solutions = 0)
Nodefile size = 6254.85 MB (4435.56 MB after compression)
 169871 89669     1204.8591   471                   1168.9590 58917220         
 170336 89253     1229.6658   505                   1168.9907 58511535         
 170748 89144     1244.8392   481                   1169.0830 58431702         
 171163 89948     1233.8019   585                   1169.1099 59182749         
 171568 89746     1292.6932   519                   1169.1665 58980745         
 172006 89766     1273.1831   552                   1169.1768 58985860         
 172399 91088    infeasible                         1169.3079 59940322         
 172765 90521     1320.9942   623                   1169.3184 59569235         
 173099 91208    infeasible                         1169.3802 60030842         
 173464 90648     1694.3011   521                   1169.4496 59618525         
Elapsed time = 11027.99 sec. (1872984.58 ticks, tree = 8468.75 MB, solutions = 0)
Nodefile size = 6399.54 MB (4538.74 MB after compression)
 173784 90336     1216.9815   623                   1169.4890 59465032         
 174052 90173     1259.9941   504                   1169.5459 59385977         
 174311 90974     1204.3260   644                   1169.6248 59873705         
 174538 91874    infeasible                         1169.6248 60564462         
 174775 91854     1178.4464   509                   1169.7512 60523234         
 175028 91507    infeasible                         1169.8363 60223056         
 175259 91424     1234.3318   521                   1169.8849 60180531         
 175481 92664     1196.2850   584                   1169.9427 61096504         
 175715 91870    infeasible                         1170.0076 60533471         
 175939 92677     1273.3074   530                   1170.0668 61248111         
Elapsed time = 11271.50 sec. (1911215.29 ticks, tree = 8695.62 MB, solutions = 0)
Nodefile size = 6639.18 MB (4709.87 MB after compression)
 176218 92723    infeasible                         1170.1309 61271663         
 176468 93042     1191.0245   641                   1170.2474 61774988         
 176725 92924     1342.8664   478                   1170.2686 61612834         
 176999 92563     1226.7655   546                   1170.3705 61055260         
 177249 92995     1232.1055   605                   1170.4238 61591078         
 177595 92967     1191.1864   430                   1170.5530 61421525         
 177974 93090    infeasible                         1170.5773 62071178         
 178311 93071     1229.1339   545                   1170.6580 62044546         
 178638 93014     1265.1696   432                   1170.7561 61580139         
 179058 93131     1285.8364   508                   1170.8320 62272894         
Elapsed time = 11505.12 sec. (1949509.46 ticks, tree = 8721.13 MB, solutions = 0)
Nodefile size = 6681.23 MB (4739.92 MB after compression)
 179508 93069    infeasible                         1170.9381 61871866         
 179924 93102     1191.5463   521                   1170.9803 62253247         
 180356 93168     1416.0160   483                   1171.0053 62066697         
 180725 93880     1349.8108   413                   1171.0379 62982501         
 181186 93152    infeasible                         1171.1464 62336000         
 181642 93975     1207.5643   638                   1171.1695 63082324         
 182046 94737     1259.3755   520                   1171.2081 63703076         
 182511 94792    infeasible                         1171.2335 63752010         
 182926 93906     1251.6532   379                   1171.2967 63006834         
 183395 93911     1614.7957   566                   1171.3527 62960891         
Elapsed time = 11751.63 sec. (1987717.94 ticks, tree = 8715.70 MB, solutions = 0)
Nodefile size = 6681.23 MB (4739.92 MB after compression)
 183873 95668     1300.1570   580                   1171.4198 64435945         
 184240 94411     1175.2672   522                   1171.4521 63459556         
 184606 95756     1315.9410   527                   1171.5136 64489323         
 185042 95654     1204.3625   503                   1171.5473 64405586         
 185480 96011     1281.6446   573                   1171.6549 64678009         
 185972 96032    infeasible                         1171.6916 64683039         
 186311 95850     1215.2699   536                   1171.7654 64554701         
 186695 96897    infeasible                         1171.8367 65425538         
 187064 96165     1179.8167   616                   1171.8725 64837492         
 187370 95549     1304.2488   411                   1171.9529 64391083         
Elapsed time = 12001.04 sec. (2025961.84 ticks, tree = 8842.26 MB, solutions = 0)
Nodefile size = 6779.53 MB (4807.94 MB after compression)
 187666 96076    infeasible                         1171.9988 64802113         
 188005 96025     1249.8457   471                   1172.0269 64761389         
 188294 96084     1179.0419   627                   1172.1075 64810438         
 188569 97966     1238.7444   337                   1172.1522 66222774         
 188817 97603     1370.0649   552                   1172.2407 65952455         
 189046 96981    infeasible                         1172.2623 65503599         
 189273 98088     1178.9125   689                   1172.3504 66367629         
 189467 97617    infeasible                         1172.3780 65961167         
 189674 98474     1227.8460   457                   1172.5161 66877838         
 189900 98478     1214.2673   610                   1172.6278 67035686         
Elapsed time = 12245.80 sec. (2064265.44 ticks, tree = 9190.81 MB, solutions = 0)
Nodefile size = 7133.09 MB (5059.94 MB after compression)
 190107 98477     1253.4336   480                   1172.6795 67163771         
 190317 98486     1346.8216   463                   1172.6990 66821408         
 190551 98475     1241.4175   470                   1172.7941 67334353         
 190820 98502     1288.4197   539                   1172.8907 67366015         
 191112 98543     1189.5726   615                   1172.9941 67212830         
 191467 98583     1208.9236   392                   1172.9941 67669497         
 191832 98612    infeasible                         1173.0962 67488487         
 192231 98841     2522.0438   257                   1173.1697 67457860         
 192601 98592     1181.9707   724                   1173.2729 67743008         
 192984 98562     1277.9966   388                   1173.3280 67449565         
Elapsed time = 12476.76 sec. (2102575.90 ticks, tree = 9201.08 MB, solutions = 0)
Nodefile size = 7141.48 MB (5065.96 MB after compression)
 193354 98488     1216.3615   557                   1173.3280 67313349         
 193820 98654     1218.6824   478                   1173.4145 68202553         
 194183 98738     1287.8759   501                   1173.5167 68338116         
 194549 98565     1218.1671   574                   1173.5317 67953469         
 194930 98633     1222.5715   482                   1173.5317 67859358         
 195314 99953     1245.0346   451                   1173.5317 68872868         
 195738 100036     1315.6040   361                   1173.5317 68965769         
 196161 100199     1315.4019   422                   1173.5317 69145456         
 196646 98692     1317.5525   522                   1173.5317 68235687         
 197110 99544    infeasible                         1173.5317 68570203         
Elapsed time = 12717.68 sec. (2140839.46 ticks, tree = 9237.79 MB, solutions = 0)
Nodefile size = 7178.38 MB (5089.47 MB after compression)
 197538 100467    infeasible                         1173.5317 69435689         
 197913 100363     1271.5210   514                   1173.5317 69349736         
 198353 101337     1209.1886   581                   1174.1323 70087945         
 198718 100941     1205.3325   548                   1174.1631 69774348         
 199064 100945     1248.6260   734                   1174.2075 69779436         
 199499 101761    infeasible                         1174.2690 70421738         
 199922 102067     1210.2131   483                   1174.3139 70562640         
 200378 101466     1288.8052   368                   1174.3423 70203537         
 200774 102086     1226.3384   381                   1174.4240 70572796         
 201107 102253     1269.1309   563                   1174.4687 70803383         
Elapsed time = 12966.81 sec. (2179097.52 ticks, tree = 9274.08 MB, solutions = 0)
Nodefile size = 7213.96 MB (5113.22 MB after compression)
 201427 101219     1219.8820   574                   1174.5064 70031761         
 201774 101854     1214.4427   331                   1174.5965 70492131         
 202131 101728     1186.6025   494                   1174.6727 70414579         
 202417 102160     1211.8502   509                   1174.8021 70646296         
 202672 102687     1279.1487   567                   1174.8234 71191233         
 202931 103298     2202.6396   312                   1174.9320 71701938         
 203195 103643    infeasible                         1174.9464 71975671         
 203467 103094     1512.9329   543                   1175.0051 71616084         
 203720 102949     1229.3761   543                   1175.0983 71485522         
 203955 104083    infeasible                         1175.1337 72385643         
Elapsed time = 13204.84 sec. (2217368.97 ticks, tree = 9491.74 MB, solutions = 0)
Nodefile size = 7434.11 MB (5269.31 MB after compression)
 204194 104023     1389.9593   281                   1175.1931 72290815         
 204455 103875    infeasible                         1175.2733 72219262         
 204726 103973     1304.4470   446                   1175.3957 72255198         
 205087 104622     2293.7633   215                   1175.3957 72852228         
 205432 104212     1268.2670   448                   1175.3957 72670290         
 205745 104312     1225.3805   538                   1175.4094 72796558         
 206034 104267     1178.1970   487                   1175.4094 72712275         
 206390 104067     1409.6333   510                   1175.4094 72382713         
 206720 104671    infeasible                         1175.4094 73272546         
 207075 104295     1261.2273   528                   1175.4094 72726694         
Elapsed time = 13459.09 sec. (2255650.90 ticks, tree = 9521.11 MB, solutions = 0)
Nodefile size = 7455.76 MB (5284.85 MB after compression)
 207487 104656     1209.0081   555                   1175.4094 73562647         
 207913 104711     1242.4549   595                   1175.4094 73343533         
 208283 104669     1249.9971   524                   1175.4094 73572332         
 208687 104627     1202.5567   371                   1176.1333 73204726         
 209083 104701     1242.8074   514                   1176.1537 73146521         
 209451 104692    infeasible                         1176.2404 73586636         
 209805 105463     1252.1107   365                   1176.2845 74131236         
 210242 105706     1205.0230   553                   1176.3724 74401232         
 210596 105697     1244.5410   554                   1176.4109 74357686         
 210982 105029     1238.0597   536                   1176.4481 73825607         
Elapsed time = 13711.73 sec. (2293928.63 ticks, tree = 9618.45 MB, solutions = 0)
Nodefile size = 7551.46 MB (5352.65 MB after compression)
 211367 105359     1291.3263   469                   1176.4899 74006290         
 211751 106717     1263.9155   525                   1176.5368 75267488         
 212128 105431     1294.9745   466                   1176.5912 74114110         
 212514 105727     1233.7006   458                   1176.6859 74431069         
 212865 105714    infeasible                         1176.7106 74388768         
 213234 106593     1190.2769   518                   1176.7668 75192987         
 213643 106450     1303.4775   370                   1176.8508 75054623         
 214016 106284     1301.5183   376                   1176.9147 74874926         
 214405 107093    infeasible                         1176.9307 76013064         
 214788 106596     1220.6661   613                   1176.9902 75213983         
Elapsed time = 13964.22 sec. (2332233.35 ticks, tree = 9804.05 MB, solutions = 0)
Nodefile size = 7740.61 MB (5486.83 MB after compression)
 215105 106932     1266.8636   505                   1177.0300 75647438         
 215464 107140     1228.0885   543                   1177.1063 76075483         
 215850 106975     1264.2898   557                   1177.1893 75708759         
 216220 108038     1480.1851   492                   1177.2709 77172312         
 216588 107102     1183.8115   459                   1177.3136 75951284         
 216928 107394     1355.7242   547                   1177.3726 76522209         
 217284 107642     1213.9759   606                   1177.4439 76804747         
 217562 108658    infeasible                         1177.4555 77812516         
 217833 108653    infeasible                         1177.5550 77816050         
 218068 108779    infeasible                         1177.5875 77965885         
Elapsed time = 14217.02 sec. (2370530.39 ticks, tree = 10014.76 MB, solutions = 0)
Nodefile size = 7961.51 MB (5644.32 MB after compression)
 218324 107642    infeasible                         1177.6739 76822999         
 218528 108794     1325.1913   353                   1177.7269 78016300         
 218767 108653     1255.0017   542                   1177.7968 77777663         
 218987 109352    infeasible                         1177.8656 78728685         
 219208 108622    infeasible                         1177.9120 77736323         
 219440 108682     1241.4516   551                   1177.9668 77892526         
 219672 109359    infeasible                         1178.1251 78701347         
 219903 109372    infeasible                         1178.1999 78909776         
 220129 108886     1226.8142   419                   1178.2423 78191625         
 220379 109326    infeasible                         1178.2787 78750075         
Elapsed time = 14460.33 sec. (2408878.43 ticks, tree = 9996.75 MB, solutions = 0)
Nodefile size = 7961.51 MB (5644.32 MB after compression)
 220592 109417     1247.0461   516                   1178.3740 79342778         
 220816 109398    infeasible                         1178.4394 79253068         
 221043 109391    infeasible                         1178.5571 79256691         
 221304 109405     1221.7472   368                   1178.6524 79807244         
 221563 109370    infeasible                         1178.6864 79067002         
 221901 109392     1243.9488   492                   1178.7884 79132698         
 222248 109384     1215.4946   361                   1178.8290 79203965         
 222568 109393     1276.9429   402                   1178.8826 79986680         
 222933 109327    infeasible                         1178.9843 80251104         
 223273 109387    infeasible                         1179.0263 80374751         
Elapsed time = 14694.87 sec. (2447171.38 ticks, tree = 9985.19 MB, solutions = 0)
Nodefile size = 7961.51 MB (5644.32 MB after compression)
 223614 109394     1331.3950   490                   1179.1277 79551555         
 224000 109386     1244.7024   601                   1179.2111 80636132         
 224400 109381     1267.2665   549                   1179.3686 80041985         
 224835 109398     1207.8699   598                   1179.4740 80305119         
 225194 109328     1227.8464   434                   1179.5150 80607032         
 225561 109396     1188.0238   558                   1179.5917 80187528         
 225938 109308     1230.3269   634                   1179.6794 80570621         
 226333 109542     1212.5209   426                   1179.7644 80810856         
 226766 109367    infeasible                         1179.8052 80511551         
 227167 109334     1225.9493   698                   1179.8372 80631605         
Elapsed time = 14940.83 sec. (2485477.33 ticks, tree = 9982.30 MB, solutions = 0)
Nodefile size = 7961.51 MB (5644.32 MB after compression)
 227563 110372     1644.8650   501                   1179.8701 81724099         
 228002 110184    infeasible                         1179.9352 81486774         
 228372 110591    infeasible                         1180.0206 81968393         
 228708 110288    infeasible                         1180.1290 81596691         
 229061 110225     1205.5745   395                   1180.1290 81552208         
 229424 111335     1229.9428   420                   1180.1787 82684924         
 229765 110686    infeasible                         1180.2536 82076429         
 230141 110384     1214.6768   677                   1180.3618 81759538         
 230549 111677    infeasible                         1180.4241 83171898         
 230897 110708    infeasible                         1180.4536 82191598         
Elapsed time = 15206.16 sec. (2523766.46 ticks, tree = 10149.19 MB, solutions = 0)
Nodefile size = 8089.54 MB (5734.88 MB after compression)
 231160 111200     1317.3119   520                   1180.5015 82571002         
 231441 111669     1239.3450   572                   1180.5820 83182907         
 231760 111431    infeasible                         1180.6710 82803569         
 232002 112162    infeasible                         1180.7609 83569603         
 232243 111789    infeasible                         1180.7835 83339281         
 232456 112883    infeasible                         1180.8957 84387107         
 232658 112203     1218.8442   455                   1180.9091 83683609         
 232850 112563    infeasible                         1180.9516 84015589         
 233037 112680    infeasible                         1180.9516 84209405         
 233242 112906     1207.2317   455                   1180.9516 84526535         
Elapsed time = 15450.04 sec. (2562112.05 ticks, tree = 10409.90 MB, solutions = 0)
Nodefile size = 8354.33 MB (5924.07 MB after compression)
 233426 112750     1263.0615   399                   1181.1785 84293922         
 233641 112614    infeasible                         1181.2925 84994345         
 233851 112609     1259.6747   559                   1181.3477 85064851         
 234049 112802    infeasible                         1181.5068 84683592         
 234250 112581    infeasible                         1181.5568 85239034         
 234445 112538    infeasible                         1181.6586 85477843         
 234670 112568    infeasible                         1181.6969 85113822         
 234894 112609    infeasible                         1181.7906 85178154         
 235130 112603    infeasible                         1181.8796 85457110         
 235357 112489     1411.7721   502                   1181.9736 85697253         
Elapsed time = 15679.69 sec. (2600496.11 ticks, tree = 10370.12 MB, solutions = 0)
Nodefile size = 8354.33 MB (5924.07 MB after compression)
 235616 112471     1299.5017   457                   1182.0314 85806309         
 235928 112492     1202.0315   425                   1182.1006 85840942         
 236227 112492    infeasible                         1182.2038 85845794         
 236599 112464     1194.4268   557                   1182.3139 86320265         
 236946 112525    infeasible                         1182.4101 85883644         
 237330 112481    infeasible                         1182.4517 86449932         
 237667 112541     1190.5892   678                   1182.5521 86193948         
 238023 112724     1281.9445   632                   1182.5934 86827616         
 238442 112552    infeasible                         1182.6667 86201825         
 238877 112876     1271.4538   456                   1182.7275 87120214         
Elapsed time = 15911.86 sec. (2638754.11 ticks, tree = 10330.04 MB, solutions = 0)
Nodefile size = 8354.33 MB (5924.07 MB after compression)
 239288 112875    infeasible                         1182.8076 87125707         
 239616 112842    infeasible                         1182.8812 87037507         
 239983 113191     1270.7559   474                   1182.9185 87421125         
 240380 112752     1212.1234   527                   1183.0493 86901839         
 240731 112807     1327.7914   571                   1183.1553 86956052         
 241070 113199     1212.3553   619                   1183.1553 87435716         
 241403 112747     1208.9757   359                   1183.2398 86915879         
 241682 112786     1316.6735   511                   1183.2892 87018257         
 242048 113597     1293.0664   547                   1183.3707 87866593         
 242370 114181     1195.1290   626                   1183.4219 88530011         
Elapsed time = 16148.36 sec. (2677017.01 ticks, tree = 10489.84 MB, solutions = 0)
Nodefile size = 8430.70 MB (5978.02 MB after compression)
 242695 113541     1287.1850   485                   1183.4934 87735474         
 243013 113620    infeasible                         1183.5228 87934392         
 243287 113755     1278.6912   578                   1183.5947 88125316         
 243521 113768     1413.7588   463                   1183.6936 88130061         
 243799 114113     1360.0019   409                   1183.8058 88400649         
 244029 114314    infeasible                         1183.8541 88750989         
 244250 114900    infeasible                         1183.9017 89318396         
 244482 114508     1238.9935   573                   1184.0155 89040239         
 244750 115010    infeasible                         1184.0336 89778504         
 244957 114831     1727.1199   456                   1184.1424 89274233         
Elapsed time = 16363.48 sec. (2715380.16 ticks, tree = 10567.89 MB, solutions = 0)
Nodefile size = 8504.62 MB (6030.77 MB after compression)
 245170 114525     1193.8951   505                   1184.1533 89097366         
 245364 114602    infeasible                         1184.2278 89143642         
 245595 115045     1270.7808   523                   1184.3178 90163107         
 245807 115002     1198.2253   634                   1184.3836 89688463         
 246062 114959    infeasible                         1184.4785 89541722         
 246289 115019     1260.9396   416                   1184.5089 90107302         
 246569 114995     1259.9348   647                   1184.5395 90480279         
 246892 115026     1293.7621   540                   1184.6660 90452595         
 247226 115033     1316.4620   414                   1184.7024 90950893         
 247554 114993     1299.7898   575                   1184.7546 90728387         
Elapsed time = 16574.76 sec. (2753701.90 ticks, tree = 10602.41 MB, solutions = 0)
Nodefile size = 8541.43 MB (6057.07 MB after compression)
 247830 115027     1273.9536   544                   1184.8680 90254964         
 248154 115026     1255.9177   466                   1184.8680 90471570         
 248512 115075     1300.9358   557                   1185.0086 91126660         
 248877 114997    infeasible                         1185.0659 90851392         
 249217 115151     1243.5470   403                   1185.1693 91229316         
 249603 115135     1213.0768   516                   1185.2229 91330147         
 249996 115174     1209.9829   567                   1185.2772 91703055         
 250328 115135     1258.4763   528                   1185.4105 91181052         
 250669 115392     1188.8147   407                   1185.4105 91903842         
 251000 115407    infeasible                         1185.4547 91908599         
Elapsed time = 16798.03 sec. (2791936.82 ticks, tree = 10661.02 MB, solutions = 0)
Nodefile size = 8602.40 MB (6100.80 MB after compression)
 251360 115904     1199.8801   455                   1185.5846 92699981         
 251710 115642    infeasible                         1185.5846 92458813         
 252078 115142    infeasible                         1185.6578 91636780         
 252454 115389     1251.7263   689                   1185.7459 91881169         
 252883 115760     1325.6093   349                   1185.7592 92523494         
 253217 115622    infeasible                         1185.8679 92383339         
 253527 116425     1192.9294   497                   1185.9473 93517310         
 253841 116410     1229.4273   384                   1185.9473 93420303         
 254156 116222     1254.3534   555                   1186.0763 93176242         
 254534 116903     1286.6232   499                   1186.1229 93876059         
Elapsed time = 17013.89 sec. (2830190.15 ticks, tree = 10711.04 MB, solutions = 0)
Nodefile size = 8672.51 MB (6151.09 MB after compression)
 254878 116137    infeasible                         1186.1924 93036594         
 255167 116681     1211.9226   424                   1186.2508 93639302         
 255534 116511     1210.1306   608                   1186.3548 93592256         
 255897 116457     1294.4396   550                   1186.4054 93400806         
 256211 117060    infeasible                         1186.4713 94189455         
 256497 116728     1351.1495   348                   1186.6100 93751298         
 256765 117375    infeasible                         1186.6716 94698093         
 257034 116765     1266.2586   473                   1186.7419 93814909         
 257292 116728     1257.7607   705                   1186.7717 93765792         
 257535 117331    infeasible                         1186.9333 94607206         
Elapsed time = 17242.92 sec. (2868501.49 ticks, tree = 10692.13 MB, solutions = 0)
Nodefile size = 8672.51 MB (6151.09 MB after compression)
 257771 117634    infeasible                         1186.9653 95014657         
 258006 117785    infeasible                         1187.0503 95207662         
 258223 117837    infeasible                         1187.0813 95262974         
 258417 117980     1312.0190   563                   1187.1833 95412701         
 258657 118261     1213.8824   620                   1187.2612 95949547         
 258879 118155     1252.4492   555                   1187.2799 95619282         
 259101 118318     1235.9326   568                   1187.4034 95845850         
 259338 118290     1376.0110   533                   1187.4593 95956177         
 259579 118082     1191.9062   455                   1187.4706 96318124         
 259828 118094     1526.9127   337                   1187.5715 96284708         
Elapsed time = 17449.78 sec. (2906849.94 ticks, tree = 10747.37 MB, solutions = 0)
Nodefile size = 8704.80 MB (6172.91 MB after compression)
 260058 118179     1276.4435   478                   1187.6130 95799450         
 260299 118006     1222.9187   576                   1187.6570 96672119         
 260545 118130     1286.8277   393                   1187.7426 96162759         
 260803 118112     1333.7094   400                   1187.8258 96437952         
 261109 117914     1247.6475   425                   1187.8871 96833309         
 261512 117974     1328.8799   380                   1187.9710 97097662         
 261814 117844    infeasible                         1188.0407 96911502         
 262154 117965     1242.4410   567                   1188.1239 97395167         
 262561 118004     1324.4614   602                   1188.1491 97169047         
 262918 117912     1273.9101   344                   1188.2238 97284346         
Elapsed time = 17674.36 sec. (2945162.23 ticks, tree = 10745.52 MB, solutions = 0)
Nodefile size = 8704.80 MB (6172.91 MB after compression)
 263323 118010     1306.0402   621                   1188.2946 97253415         
 263702 118272     1377.5678   445                   1188.3513 97863576         
 263990 117959     1207.2179   596                   1188.3863 97453485         
 264354 118070     1309.9796   653                   1188.4328 97193265         
 264706 118728     1210.8119   423                   1188.5130 98420350         
 265049 118347     1292.2721   643                   1188.5627 98084008         
 265459 118026     1313.4633   531                   1188.5729 97472576         
 265840 118134     1291.8811   557                   1188.6829 97764256         
 266150 119131     1234.4906   612                   1188.7345 98742494         
 266456 118269     1288.8514   528                   1188.7345 97873974         
Elapsed time = 17903.16 sec. (2983399.20 ticks, tree = 10784.05 MB, solutions = 0)
Nodefile size = 8724.85 MB (6187.40 MB after compression)
 266797 119483     1206.2378   696                   1188.8296 99201982         
 267137 119677     1233.6661   389                   1188.8766 99453468         
 267502 119353     1264.8070   534                   1188.9162 99017676         
 267854 118639     1297.9015   572                   1189.0059 98368238         
 268194 119480     1317.2400   527                   1189.0807 99173000         
 268545 120032    infeasible                         1189.1535 1.00e+08         
 268921 119741    infeasible                         1189.2084 99577375         
 269339 119661     1231.6822   584                   1189.2766 99434701         
 269755 119408     1213.2793   637                   1189.3685 99047473         
 270191 120059     1287.4753   607                   1189.4524 1.00e+08         
Elapsed time = 18120.70 sec. (3021690.04 ticks, tree = 10898.83 MB, solutions = 0)
Nodefile size = 8872.52 MB (6292.87 MB after compression)
 270584 120497     1269.2235   598                   1189.4766 1.01e+08         
 270980 120478     1480.6735   450                   1189.5914 1.01e+08         
 271422 119892     1266.1860   615                   1189.6302 99856603         
 271808 120047     1310.7892   452                   1189.6801 1.00e+08         
 272197 120063     1200.8461   483                   1189.7606 1.00e+08         
 272638 120342     1247.2709   426                   1189.8787 1.01e+08         
 272964 120935     1221.5872   526                   1189.9393 1.01e+08         
 273257 120936     1242.0411   432                   1190.0274 1.01e+08         
 273620 120541     1297.4198   539                   1190.1152 1.01e+08         
 273995 121073     1333.9213   376                   1190.2145 1.02e+08         
Elapsed time = 18342.20 sec. (3059974.21 ticks, tree = 10907.29 MB, solutions = 0)
Nodefile size = 8872.52 MB (6292.87 MB after compression)
 274305 120655     1288.7425   608                   1190.2559 1.01e+08         
 274604 121212     1269.9622   537                   1190.3038 1.02e+08         
 274954 121410     1198.6063   578                   1190.3777 1.02e+08         
 275232 121372     1317.0722   536                   1190.4212 1.02e+08         
 275477 122071     1296.9341   447                   1190.5446 1.03e+08         
 275730 121206     1665.1189   611                   1190.5601 1.02e+08         
 276001 122102     1226.2291   663                   1190.6566 1.03e+08         
 276252 122571     1299.6802   503                   1190.7704 1.03e+08         
 276558 122672    infeasible                         1190.8035 1.03e+08         
 276794 121777     1251.1871   579                   1190.9161 1.02e+08         
Elapsed time = 18572.87 sec. (3098242.59 ticks, tree = 10986.80 MB, solutions = 0)
Nodefile size = 8925.02 MB (6329.28 MB after compression)
 277022 122756     1301.9980   414                   1190.9725 1.04e+08         
 277262 122602     1197.7939   545                   1191.0247 1.03e+08         
 277513 122718     1220.6115   583                   1191.0944 1.04e+08         
 277780 122411     1249.4960   530                   1191.1915 1.03e+08         
 278035 122911     1271.8814   606                   1191.2501 1.04e+08         
 278301 122664    infeasible                         1191.3242 1.03e+08         
 278607 122607    infeasible                         1191.4079 1.03e+08         
 278895 122749     1315.2534   376                   1191.4840 1.04e+08         
 279198 122919     1241.1309   518                   1191.5219 1.04e+08         
 279513 122669     1323.8615   627                   1191.5615 1.04e+08         
Elapsed time = 18769.22 sec. (3136543.23 ticks, tree = 11058.94 MB, solutions = 0)
Nodefile size = 9005.33 MB (6387.18 MB after compression)
 279897 122771     1361.5377   502                   1191.7052 1.04e+08         
 280238 122753     1256.7926   550                   1191.7607 1.04e+08         
 280568 122759     1273.2272   439                   1191.7698 1.05e+08         
 280945 122841     1234.5850   579                   1191.9000 1.05e+08         
 281299 122887     1283.8570   334                   1191.9443 1.05e+08         
 281696 123025     1303.5388   572                   1191.9985 1.05e+08         
 282087 122774     1256.5390   553                   1192.0802 1.05e+08         
 282436 122888     1308.2108   554                   1192.1582 1.05e+08         
 282786 123138     1236.9209   368                   1192.2698 1.06e+08         
 283128 123020     1241.6320   531                   1192.3345 1.05e+08         
Elapsed time = 18990.04 sec. (3174785.10 ticks, tree = 11098.78 MB, solutions = 0)
Nodefile size = 9032.19 MB (6406.74 MB after compression)
 283479 123127     1320.7506   562                   1192.3869 1.06e+08         
 283851 123076     1207.1712   547                   1192.4495 1.06e+08         
 284220 123332     1243.6209   276                   1192.4977 1.06e+08         
 284595 122973     1246.7663   424                   1192.5111 1.05e+08         
 284953 123379     1248.7324   317                   1192.6050 1.06e+08         
 285342 123157     1334.4696   329                   1192.6388 1.06e+08         
 285687 123373     1336.0718   530                   1192.6900 1.06e+08         
 286045 123977    infeasible                         1192.7889 1.07e+08         
 286453 123380     1266.4477   509                   1192.8507 1.06e+08         
 286751 123604     1197.7449   505                   1192.9139 1.07e+08         
Elapsed time = 19219.87 sec. (3212989.96 ticks, tree = 11140.06 MB, solutions = 0)
Nodefile size = 9084.19 MB (6444.30 MB after compression)
 287072 123369     1330.1541   288                   1192.9720 1.06e+08         
 287410 124088     1310.0154   342                   1193.0818 1.07e+08         
 287679 123529     1259.8934   444                   1193.1427 1.07e+08         
 287970 124113     1292.5136   334                   1193.2022 1.08e+08         
 288281 124324     1493.2616   620                   1193.2428 1.08e+08         
 288608 123890     1228.7964   264                   1193.3415 1.07e+08         
 288838 124793    infeasible                         1193.3920 1.08e+08         
 289065 124291    infeasible                         1193.4615 1.08e+08         
 289279 124347    infeasible                         1193.4877 1.08e+08         
 289494 124588    infeasible                         1193.5452 1.08e+08         
Elapsed time = 19439.80 sec. (3251485.84 ticks, tree = 11194.15 MB, solutions = 0)
Nodefile size = 9146.78 MB (6489.37 MB after compression)
 289734 124574    infeasible                         1193.6281 1.08e+08         
 289947 124639    infeasible                         1193.6961 1.08e+08         
 290158 125136     1448.5502   521                   1193.7999 1.09e+08         
 290374 125107     1265.6947   525                   1193.9254 1.10e+08         
 290650 124998     1246.8487   522                   1193.9254 1.09e+08         
 290897 124833     1257.8931   495                   1194.0193 1.08e+08         
 291164 125053     1313.2073   507                   1194.1313 1.09e+08         
 291376 124960     1276.2187   413                   1194.1865 1.10e+08         
 291590 125130    infeasible                         1194.2686 1.09e+08         
 291813 125179    infeasible                         1194.2686 1.09e+08         
Elapsed time = 19662.44 sec. (3289861.08 ticks, tree = 11151.31 MB, solutions = 0)
Nodefile size = 9120.87 MB (6471.05 MB after compression)
 292058 125238     1251.1380   443                   1194.4069 1.09e+08         
 292319 125141     1518.4620   504                   1194.4863 1.10e+08         
 292642 124998     1214.1557   590                   1194.5761 1.11e+08         
 292932 124988     1214.4076   517                   1194.6898 1.10e+08         
 293280 125001    infeasible                         1194.7978 1.10e+08         
 293537 124972    infeasible                         1194.8285 1.10e+08         
 293905 124892    infeasible                         1194.9548 1.11e+08         
 294243 124902     1222.7800   505                   1194.9977 1.11e+08         
 294559 125019     1413.8964   408                   1195.0853 1.10e+08         
 294922 124981     1278.5171   494                   1195.1753 1.10e+08         
Elapsed time = 19884.33 sec. (3328142.06 ticks, tree = 11082.29 MB, solutions = 0)
Nodefile size = 9066.09 MB (6432.19 MB after compression)
 295282 124771     1401.9822   403                   1195.2483 1.11e+08         
 295638 124863     1330.2424   461                   1195.3089 1.11e+08         
 296043 124974     1231.4312   454                   1195.4140 1.11e+08         
 296410 124854     1270.2246   638                   1195.4929 1.11e+08         
 296795 124893     1257.6351   570                   1195.6147 1.11e+08         
 297140 124804     1204.2412   381                   1195.6696 1.11e+08         
 297465 125123     1264.9131   555                   1195.7286 1.12e+08         
 297834 124934     1300.5601   356                   1195.8530 1.12e+08         
 298213 124795    infeasible                         1195.8697 1.11e+08         
 298581 124724     1331.9508   311                   1195.9583 1.11e+08         
Elapsed time = 20097.58 sec. (3366370.62 ticks, tree = 11037.03 MB, solutions = 0)
Nodefile size = 8998.00 MB (6383.95 MB after compression)
 298999 125438    infeasible                         1196.0235 1.13e+08         
 299389 125349     1295.2858   502                   1196.0854 1.12e+08         
 299808 125975    infeasible                         1196.1308 1.13e+08         
 300141 125610     1295.2109   430                   1196.2016 1.13e+08         
 300506 125785     1241.1753   624                   1196.2768 1.13e+08         
 300824 125707     1342.8483   519                   1196.3559 1.13e+08         
 301180 125504    infeasible                         1196.4090 1.13e+08         
 301545 125713     1285.7650   557                   1196.4505 1.13e+08         
 301861 126477    infeasible                         1196.5492 1.14e+08         
 302168 125694     1395.2144   520                   1196.5752 1.13e+08         
Elapsed time = 20318.61 sec. (3404618.84 ticks, tree = 11137.93 MB, solutions = 0)
Nodefile size = 9080.03 MB (6441.58 MB after compression)
 302448 126878     1206.0223   624                   1196.6704 1.15e+08         
 302703 126371     1397.9386   476                   1196.7072 1.14e+08         
 302961 126299    infeasible                         1196.7720 1.14e+08         
 303218 126712     2162.6938   361                   1196.7888 1.14e+08         
 303405 126732     1250.0859   580                   1196.7888 1.15e+08         
 303524 126450     1238.1737   459                   1196.7888 1.14e+08         
 303558 126313    infeasible                         1196.7888 1.14e+08         

GUB cover cuts applied:  37
Clique cuts applied:  12
Cover cuts applied:  58
Implied bound cuts applied:  650
Flow cuts applied:  560
Mixed integer rounding cuts applied:  430
Flow path cuts applied:  3
Zero-half cuts applied:  51
Lift and project cuts applied:  114
Gomory fractional cuts applied:  25

Root node processing (before b&c):
  Real time             =   16.11 sec. (8192.96 ticks)
Parallel b&c, 32 threads:
  Real time             = 20393.19 sec. (3424638.24 ticks)
  Sync time (average)   = 5072.66 sec.
  Wait time (average)   =    0.47 sec.
                          ------------
Total (root+branch&cut) = 20409.30 sec. (3432831.20 ticks)
Number of arguments: 7

File path: ../Data/Demo/100/C101.txt
Capacity of FEV: 600
Capacity of SEV: 50
Execution time limit: 340
Case: r

PI array:[1, 0, 1, 1, 0, 1, 1, 1, 1, 1, 1, 1, 1, 1, 1, 0, 1, 1, 1, 1, 1, 1, 1, 0]
Number of customers: 100
./Result/C101/C101-Q50-r
No feasible solution found.
