Version identifier: 22.1.1.0 | 2022-11-28 | 9160aff4d
CPXPARAM_TimeLimit                               20400
Tried aggregator 1 time.
MIP Presolve eliminated 19047 rows and 10950 columns.
MIP Presolve modified 12910 coefficients.
Reduced MIP has 11530 rows, 18872 columns, and 62644 nonzeros.
Reduced MIP has 9587 binaries, 9285 generals, 0 SOSs, and 0 indicators.
Presolve time = 0.11 sec. (62.83 ticks)
Probing fixed 154 vars, tightened 28 bounds.
Probing changed sense of 20 constraints.
Probing time = 0.32 sec. (70.15 ticks)
Tried aggregator 1 time.
Detecting symmetries...
MIP Presolve eliminated 443 rows and 469 columns.
MIP Presolve modified 4 coefficients.
Reduced MIP has 11087 rows, 18403 columns, and 60241 nonzeros.
Reduced MIP has 9432 binaries, 8971 generals, 0 SOSs, and 0 indicators.
Presolve time = 0.10 sec. (54.57 ticks)
Probing fixed 137 vars, tightened 0 bounds.
Probing time = 0.16 sec. (63.59 ticks)
Cover probing fixed 68 vars, tightened 0 bounds.
Clique table members: 24764.
MIP emphasis: balance optimality and feasibility.
MIP search method: dynamic search.
Parallel mode: deterministic, using up to 32 threads.
Root relaxation solution time = 4.93 sec. (393.09 ticks)

        Nodes                                         Cuts/
   Node  Left     Objective  IInf  Best Integer    Best Bound    ItCnt     Gap

      0     0     1068.3925   237                   1068.3925       26         
      0     0     1130.5201   367                   Cuts: 297     1381         
      0     0     1146.9548   464                   Cuts: 166     2258         
      0     0     1153.1571   457                   Cuts: 103     2685         
      0     0     1158.7178   440                    Cuts: 89     3178         
      0     0     1160.6227   462                    Cuts: 44     3435         
Detecting symmetries...
      0     0     1161.8794   426                    Cuts: 38     3599         
      0     0     1162.0887   459                    Cuts: 21     3724         
      0     0     1162.2992   440                    Cuts: 16     3807         
      0     0     1168.6749   485                    Cuts: 29     4397         
      0     0     1170.8749   486                    Cuts: 66     4818         
      0     0     1172.1001   523                    Cuts: 56     5144         
      0     0     1172.8361   516                    Cuts: 48     5490         
      0     0     1173.0725   528                    Cuts: 29     5580         
      0     0     1173.6459   491                    Cuts: 28     5869         
      0     0     1173.8240   526                    Cuts: 28     5977         
      0     0     1173.9919   526                    Cuts: 26     6095         
      0     0     1174.2245   499                    Cuts: 32     6247         
      0     0     1174.5590   501                    Cuts: 18     6379         
      0     0     1174.8142   512                    Cuts: 21     6554         
      0     0     1175.0495   519                    Cuts: 33     6662         
      0     0     1175.3024   474                    Cuts: 10     6772         
      0     0     1175.3701   508                    Cuts: 17     6808         
Detecting symmetries...
      0     2     1175.3701   508                   1175.3701     6808         
Elapsed time = 23.22 sec. (10375.03 ticks, tree = 0.02 MB, solutions = 0)
      3     3     1177.4172   474                   1175.9639     7404         
     11     5     1179.5720   461                   1178.0507     8134         
     35    22     1181.3224   462                   1178.4977    11005         
     67    46     1193.7079   469                   1178.5955    15837         
    100    67     1194.5353   453                   1179.2996    25819         
    126   103     1223.6027   414                   1179.2996    58192         
    153   127     1224.7521   410                   1179.6703   114838         
    172   150     1186.8814   501                   1179.6703   179751         
    196   188     1253.1955   336                   1179.6703   215265         
    400   360     1209.4684   382                   1179.6703   268711         
Elapsed time = 42.26 sec. (13789.18 ticks, tree = 4.03 MB, solutions = 0)
    567   429     1309.2280   365                   1179.6703   302674         
    828   622     1270.7782   336                   1179.6703   404360         
   1209   892     1284.6473   330                   1179.6703   466539         
   1718  1259     1456.7790   370                   1179.6703   557189         
   2112  1523     1373.2924   336                   1181.4498   617168         
   2430  1624     1211.8152   472                   1182.4302   648825         
   2816  1847     1368.5399   399                   1182.4302   720252         
   3337  1919     1244.6371   409                   1182.4302   740890         
   3635  2209     1243.9471   444                   1184.4304   801786         
   3807  2720     1266.3663   400                   1184.4304   903080         
Elapsed time = 88.17 sec. (23366.98 ticks, tree = 151.78 MB, solutions = 0)
   4123  2797     1418.6428   389                   1184.4304   914481         
   4720  2862     1336.4530   422                   1185.1300   935022         
   5379  3151     1470.0637   468                   1185.1300   986159         
   6031  3687     1223.1856   493                   1185.1300  1063103         
   6561  4753     1513.7900   413                   1189.7935  1183280         
   7064  5145     1312.1473   435                   1189.7935  1237247         
   7525  5519     1688.8161   330                   1190.4567  1291777         
   8195  5749     1637.3929   361                   1192.6095  1311113         

Performing restart 1

Repeating presolve.
Tried aggregator 1 time.
MIP Presolve eliminated 72 rows and 240 columns.
MIP Presolve modified 278 coefficients.
Reduced MIP has 11015 rows, 18163 columns, and 59565 nonzeros.
Reduced MIP has 9224 binaries, 8939 generals, 0 SOSs, and 0 indicators.
Presolve time = 0.06 sec. (30.13 ticks)
Tried aggregator 1 time.
MIP Presolve eliminated 13 rows and 18 columns.
Reduced MIP has 11002 rows, 18145 columns, and 59499 nonzeros.
Reduced MIP has 9215 binaries, 8930 generals, 0 SOSs, and 0 indicators.
Presolve time = 0.08 sec. (37.51 ticks)
Represolve time = 0.83 sec. (191.04 ticks)
   8344     0     1211.5138   594                   Cuts: 222  1421143         
   8344     0     1235.7185   658                   Cuts: 312  1423010         
   8344     0     1256.3371   705                   Cuts: 295  1424567         
   8344     0     1270.3027   702                   Cuts: 288  1425648         
   8344     0     1274.1401   778                   Cuts: 277  1426350         
   8344     0     1286.3489   808                   Cuts: 267  1427286         
   8344     0     1294.6885   822                   Cuts: 252  1427840         
   8344     0     1298.6351   842                   Cuts: 156  1428419         
   8344     0     1302.8839   834                   Cuts: 224  1429138         
   8344     0     1309.0804   875                   Cuts: 145  1429922         
   8344     0     1314.6651   886                   Cuts: 210  1430715         
   8344     0     1318.0242   898                   Cuts: 182  1431305         
   8344     0     1319.6687   900                   Cuts: 171  1431753         
   8344     0     1320.9180   893                   Cuts: 147  1432283         
   8344     0     1321.8293   908                   Cuts: 112  1432668         
   8344     0     1322.2148   934                    Cuts: 86  1432863         
   8344     0     1322.4615   927                    Cuts: 70  1433098         
   8344     0     1323.0065   899                    Cuts: 72  1433442         
   8344     0     1323.3581   904                    Cuts: 74  1433708         
   8344     0     1323.9780   922                    Cuts: 56  1434023         
   8344     0     1324.4198   935                    Cuts: 76  1434321         
   8344     0     1325.0429   917                    Cuts: 84  1434620         
   8344     0     1325.5392   909                   Cuts: 140  1434968         
   8344     0     1325.7738   916                    Cuts: 59  1435163         
   8344     0     1326.1118   889                    Cuts: 46  1435400         
   8344     0     1326.3275   881                    Cuts: 64  1435549         
   8344     0     1326.4439   886                    Cuts: 42  1435678         
   8344     0     1326.4739   889                    Cuts: 32  1435734         
   8344     0     1326.5069   897                    Cuts: 28  1435799         
   8344     0     1326.5260   898                    Cuts: 31  1435856         
   8344     2     1326.5260   898                   1326.5260  1435856         
   8345     3     1334.3518   903                   1334.3551  1436457         
Elapsed time = 229.47 sec. (92437.20 ticks, tree = 0.02 MB, solutions = 0)
   8346     3     1341.6053   803                   1334.3551  1437246         
   8347     4     1400.7009   787                   1334.3551  1439028         
   8348     4     1337.2623   844                   1337.2707  1437266         
   8349     5     1346.0345   802                   1337.2707  1438743         
   8350     4     1407.4660   720                   1337.2707  1440521         
   8351     8     1350.4904   794                   1337.2707  1442757         
   8355     5     1420.7225   785                   1337.2707  1441197         
   8358    11     1378.7054   778                   1337.4334  1446382         
   8360     8     1362.5099   761                   1337.4334  1443165         
   8362    13     1475.5794   726                   1337.4334  1450339         
Elapsed time = 272.14 sec. (119148.56 ticks, tree = 0.02 MB, solutions = 0)
   8367     8    infeasible                         1340.2424  1447397         
   8375    10     1436.5067   705                   1340.2424  1444415         
   8378     8     1352.2960   807                   1340.2424  1442888         
   8383    17     1365.5503   810                   1340.2424  1453137         
   8386    19    infeasible                         1340.3568  1474836         
   8390     9     1350.5980   790                   1340.3568  1442850         
   8399    25     1458.1851   685                   1340.3568  1489150         
   8403    30     1445.4661   707                   1346.0678  1502908         
   8414    23     1372.7272   732                   1346.0678  1477331         
   8435    44     1392.2350   741                   1346.0678  1580152         
Elapsed time = 316.87 sec. (130972.51 ticks, tree = 0.22 MB, solutions = 0)
   8467    48     1483.0796   452                   1346.0678  1583161         
   8512    29     1358.8976   846                   1346.0678  1494673         
   8545    63    infeasible                         1346.0678  1612880         
   8590    53     1463.7233   720                   1346.0678  1589935         
   8644    52     1386.4396   635                   1350.6644  1591753         
   8680    67     1417.3422   689                   1350.6708  1614478         
   8748   149     1489.5124   600                   1350.6708  1691337         
   8817   153     1495.3462   605                   1350.6708  1691698         
   8921   243     1374.6011   880                   1350.6708  1728708         
   9024   212     1374.9948   875                   1350.6708  1721553         
Elapsed time = 364.64 sec. (140751.79 ticks, tree = 7.43 MB, solutions = 0)
   9141   406     1476.4559   769                   1350.6708  1773669         
   9255   425     1361.9348   900                   1350.6708  1780587         
   9361   494     1381.2918   863                   1350.6708  1799823         
   9414   504     1448.2421   733                   1350.6708  1804001         
   9487   528     1369.3961   878                   1350.6708  1810552         
   9538   543     1417.5107   817                   1350.6708  1818380         
   9591   757    infeasible                         1350.6708  1885182         
   9630   757     1379.2772   709                   1350.6708  1885472         
   9684   911     1420.8079   772                   1350.6708  1982702         
   9738   914     1466.3121   760                   1350.6708  1989728         
Elapsed time = 421.05 sec. (150429.00 ticks, tree = 22.79 MB, solutions = 0)
   9783   893     1394.7506   786                   1350.6708  1949667         
   9848   974     1406.8634   818                   1350.6708  2035828         
   9925  1030     1646.5074   529                   1350.6708  2077610         
  10022   936     1434.4836   799                   1350.6708  2005125         
  10115  1013     1465.9717   634                   1350.6708  2066089         
  10191  1143     1461.1235   663                   1350.6708  2149665         
  10272  1070     1529.5897   560                   1350.6708  2107721         
  10356  1113     1533.4746   697                   1350.6708  2139993         
  10450  1123     1506.8123   611                   1350.6708  2128440         
  10547  1230     1506.8675   619                   1350.6708  2186433         
Elapsed time = 470.40 sec. (160077.07 ticks, tree = 48.22 MB, solutions = 0)
  10659  1478     1518.8726   597                   1350.6708  2276046         
  10766  1421     1589.5509   623                   1350.6708  2253599         
  10871  1505     1387.9094   849                   1350.6708  2287524         
  10960  1494     1433.2293   722                   1350.6708  2285121         
  11037  1515     1407.0574   838                   1350.6708  2289468         
  11095  1491     1405.0708   700                   1350.6708  2280562         
  11134  1683     1369.3646   775                   1350.6708  2363294         
  11173  1787     1635.4577   500                   1353.5733  2401207         
  11219  1886    infeasible                         1353.5733  2435302         
  11262  1880     1387.9706   880                   1353.5733  2429429         
Elapsed time = 528.53 sec. (169912.48 ticks, tree = 74.18 MB, solutions = 0)
  11307  2037     1437.6908   762                   1353.5733  2523034         
  11363  2045     1706.9598   531                   1353.5733  2564777         
  11411  2040     1497.7825   679                   1353.5733  2524876         
  11469  2086     1537.4803   590                   1353.5733  2596781         
  11515  2037     1416.9371   797                   1353.5733  2547071         
  11562  2084     1380.7788   748                   1353.5733  2598176         
  11626  2170     1651.2335   522                   1353.5733  2669140         
  11728  2228     1834.9080   409                   1353.5733  2729609         
  11833  2086     1443.1687   722                   1353.5733  2610127         
  12358  2280     1373.0255   791                   1362.0443  2746779         
Elapsed time = 597.84 sec. (182438.65 ticks, tree = 100.79 MB, solutions = 0)
  12993  2479     1424.3597   799                   1362.0443  2871643         
  13626  2979     1407.4260   824                   1366.1892  3008710         
  13921  3322     1509.0660   666                   1366.1892  3103357         
  14071  3990     1541.8421   620                   1366.1892  3283401         
  14270  4088     1450.0673   595                   1366.1892  3467937         
  14474  4088     1574.8985   664                   1372.1728  3471736         
  14690  4305     1412.5462   797                   1372.1728  3702287         
  14930  4293     1478.4549   760                   1373.0492  3688528         

Performing restart 2

Repeating presolve.
Tried aggregator 1 time.
MIP Presolve eliminated 66 rows and 70 columns.
MIP Presolve modified 258 coefficients.
Reduced MIP has 10936 rows, 18075 columns, and 62858 nonzeros.
Reduced MIP has 9211 binaries, 8864 generals, 0 SOSs, and 0 indicators.
Presolve time = 0.07 sec. (35.44 ticks)
Tried aggregator 1 time.
MIP Presolve eliminated 60 rows and 102 columns.
MIP Presolve modified 278 coefficients.
Reduced MIP has 10876 rows, 17973 columns, and 62535 nonzeros.
Reduced MIP has 9169 binaries, 8804 generals, 0 SOSs, and 0 indicators.
Presolve time = 0.09 sec. (43.76 ticks)
Represolve time = 1.51 sec. (459.39 ticks)
  14967     0     1334.7351   907                   Cuts: 111  3927687         
  14967     0     1337.8320   933                    Cuts: 95  3928438         
  14967     0     1342.0991   892                   Cuts: 153  3929267         
  14967     0     1344.0158   907                   Cuts: 150  3929941         
  14967     0     1344.9921   886                   Cuts: 111  3930377         
  14967     0     1346.3044   888                    Cuts: 96  3930936         
  14967     0     1347.7967   870                   Cuts: 103  3931495         
  14967     0     1351.9284   822                   Cuts: 126  3932252         
  14967     0     1353.3270   835                   Cuts: 172  3932799         
  14967     0     1354.0550   859                   Cuts: 124  3933184         
  14967     0     1354.5041   894                    Cuts: 88  3933509         
  14967     2     1354.5102   878                   1373.0492  3933509         
  14968     3     1355.9161   857                   1373.0492  3933988         
Elapsed time = 882.02 sec. (279620.75 ticks, tree = 0.02 MB, solutions = 0)
  14969     3     1374.8701   716                   1373.0492  3936598         
  14971     6     1358.7194   866                   1373.0492  3938302         
  14979     9     1462.2958   633                   1373.0492  3946164         
  14987     9     1471.5333   523                   1373.0492  3958226         
  14992    13     1475.3985   605                   1373.0492  3988089         
  15002    10     1380.5303   681                   1373.0492  3963903         
  15008    10     1447.9753   770                   1373.0492  3982105         
  15024    20     1418.3358   664                   1373.0492  4104933         
  15074    26     1423.6593   688                   1373.0492  4111244         
  15130    38     1504.9048   649                   1373.0492  4153041         
Elapsed time = 988.22 sec. (322592.10 ticks, tree = 0.02 MB, solutions = 0)
  15211    78     1460.3384   723                   1373.0492  4214125         
  15302   122     1403.5806   812                   1373.0492  4302415         
  15417   189     1428.8869   791                   1373.0492  4391608         
  15560   191    infeasible                         1373.0492  4427171         
  15732   261     1465.0254   664                   1373.0492  4490500         
  15898   360     1518.6817   656                   1373.0492  4612500         
  16060   461     1575.1815   502                   1373.0492  4718216         
  16282   529     1639.4949   585                   1377.0977  4792560         
  16516   543     2179.1175   518                   1377.0977  4808116         
  16819   765     1812.2553   390                   1377.0977  4948779         
Elapsed time = 1190.39 sec. (361083.19 ticks, tree = 32.53 MB, solutions = 0)
  17043  1080     1488.6765   650                   1377.0977  5151214         
  17197  1064    infeasible                         1377.0977  5149836         
  17346  1268     1641.4747   485                   1377.0977  5291894         
  17525  1294     1547.9313   599                   1379.3493  5328530         
  17718  1360     1571.0607   663                   1379.3493  5436664         
  17964  1576     1449.3709   724                   1379.3493  5655215         
  18202  1605     1558.8625   570                   1379.3493  5674338         
  18408  1821    infeasible                         1379.3493  5905951         
  18593  2026     1454.7945   822                   1399.6569  6030408         
  18774  1933     1527.8064   632                   1399.6569  5960265         
Elapsed time = 1406.43 sec. (399351.70 ticks, tree = 101.68 MB, solutions = 0)
  18954  2050     1522.0509   666                   1404.0437  6116780         
  19112  2162     1616.8481   611                   1404.0437  6276341         
  19258  2229     1624.5651   564                   1406.0878  6373663         
  19403  2277     1539.9067   670                   1406.0878  6465626         
  19568  2289    infeasible                         1406.0878  6578326         
  19735  2388     1652.5438   621                   1422.0733  6853433         
  19952  2393    infeasible                         1422.0733  6897710         
  20161  2392     1701.9569   690                   1430.0049  6909054         
  20408  2694     1667.6293   623                   1430.0049  7196834         
  20642  2555     1462.6857   803                   1430.7908  7079845         
Elapsed time = 1627.47 sec. (437666.74 ticks, tree = 140.56 MB, solutions = 0)
  20936  2653     1547.3999   685                   1433.8376  7191870         
  21199  2921     1569.6379   614                   1442.8877  7471637         
  21458  3017     1749.2623   475                   1442.9113  7550373         
  21685  3191    infeasible                         1442.9113  7798048         
  21896  3197     1611.1009   640                   1443.1847  7766647         
  22091  3174     1665.3706   599                   1448.7811  7781167         
  22295  3496     1563.2123   668                   1450.1211  8064926         
  22492  3547    infeasible                         1450.1211  8158345         
  22692  3617     1571.3426   742                   1450.1211  8374810         
  22919  3611    infeasible                         1451.0950  8437080         
Elapsed time = 1849.90 sec. (476114.87 ticks, tree = 237.40 MB, solutions = 0)
  23211  3866     2554.0910   294                   1451.0950  8657702         
  23554  3780     1591.6736   667                   1451.0950  8581262         
  23862  3739    infeasible                         1451.0950  8609701         
  24157  4307     2657.1199   251                   1470.6955  8927727         
  24463  4372     2679.7173   243                   1470.6955  8928927         
  24763  4321     1552.3660   652                   1470.6955  9073330         
  25003  4392     1528.8943   689                   1470.6955  9158793         
  25215  4669     2724.2399   201                   1470.6955  9262879         
  25404  4947     1623.8341   648                   1470.6955  9579949         
  25604  4971     1612.4080   730                   1470.6955  9596934         
Elapsed time = 2068.18 sec. (514380.11 ticks, tree = 350.90 MB, solutions = 0)
  25823  5013     1664.0946   595                   1470.6955  9781001         
  26081  5180     1667.8993   556                   1470.6955  9947879         
  26331  5215     1623.2559   610                   1470.6955 10010880         
  26655  5427     1581.6934   713                   1470.6955 10212413         
  27022  5350     1529.5052   666                   1470.6955 10091397         
  27295  5385     1553.1724   593                   1470.6955 10143546         
  27626  5811     1529.7226   601                   1470.6955 10437782         
  27912  5807    infeasible                         1470.6955 10430616         
  28176  6269     2898.3607   155                   1470.6955 10714324         
  28423  6307     2929.8736   153                   1470.6955 10714871         
Elapsed time = 2279.32 sec. (552665.86 ticks, tree = 475.35 MB, solutions = 0)
  28613  6384     2570.9847   339                   1470.6955 10841746         
  28785  6587     1570.0525   725                   1519.6407 11188553         
  28974  6632     2588.1718   279                   1519.6407 11158688         
  29173  6656     2599.6083   354                   1519.6407 11159352         
  29350  6578    infeasible                         1521.9796 11459265         
  29540  6648     1724.4167   597                   1521.9796 11548905         
  29759  6743     1579.8134   626                   1522.1573 11725032         
  30037  6751     1635.7252   699                   1522.1573 11824923         
  30387  6924     2653.6313   235                   1522.1593 11695992         
  30728  6752     1599.1319   430                   1522.1593 11739526         
Elapsed time = 2499.63 sec. (590913.84 ticks, tree = 507.95 MB, solutions = 0)
  31076  7158     2695.6583   186                   1527.6167 12003071         
  31326  7024    infeasible                         1527.6167 12048181         
  31544  7188    infeasible                         1527.6167 12254326         
  31750  7543    infeasible                         1527.6167 12481476         
  31982  7573    infeasible                         1527.6167 12594969         
  32229  7735    infeasible                         1527.6167 12785727         
  32433  7734     1563.0176   701                   1527.6167 12790010         
  32655  7756     1668.4618   602                   1527.6167 12938729         
  32884  8015     2808.9589   133                   1527.6167 13088453         
  33116  7996     1573.2257   716                   1527.6167 13291331         
Elapsed time = 2728.18 sec. (629312.45 ticks, tree = 591.60 MB, solutions = 0)
  33400  7843     1616.2065   592                   1527.6167 13094606         
  33695  8142    infeasible                         1527.6167 13412868         
  34173  8290     2602.5271   240                   1527.6167 13478518         
  34645  8165    infeasible                         1527.6167 13559252         
  35039  8569     2703.3940   157                   1527.6167 13482790         
  35274  9163     2754.1461   195                   1544.3738 13878767         
  35463  9207     2765.5226   139                   1544.3738 13879466         
  35639  9252     2785.5944   192                   1544.3738 13880303         
  35827  9235    infeasible                         1544.3738 14066844         
  36015  9396     1702.5047   479                   1546.2056 14565442         
Elapsed time = 2950.69 sec. (667591.06 ticks, tree = 733.78 MB, solutions = 0)
  36259  9379     1670.7667   684                   1546.2056 14335060         
  36481  9381     1706.9731   582                   1546.2056 14396985         
  36657  9614    infeasible                         1553.6596 14785283         
  36846  9605     1590.6920   639                   1553.6596 14779454         
  36997  9650     1599.9998   656                   1556.3515 15035708         
  37161  9673     1639.5475   697                   1557.8889 15024367         
  37320  9716     1611.5263   711                   1557.8889 15216975         
  37490  9731     1743.2502   614                   1557.8889 15400009         
  37656  9808     1799.3803   634                   1557.8889 15492253         
  37807  9787     1616.8685   712                   1557.8889 15424963         
Elapsed time = 3180.65 sec. (705979.05 ticks, tree = 755.14 MB, solutions = 0)
  37964  9793     1580.2764   518                   1559.4990 15579993         
  38111  9772     1595.0948   594                   1561.6103 15720305         
  38261  9794     1639.3560   640                   1562.3415 16001778         
  38432  9756    infeasible                         1563.6897 15816259         
  38608  9765     1671.5329   636                   1563.6897 15898326         
  38797  9831     1822.2224   553                   1563.8159 16318689         
  38956  9873     1646.9369   631                   1563.8159 16238857         
  39130  9830     1666.2838   628                   1565.6867 16353377         
  39331  9880     2563.0440   299                   1566.0094 16532312         
  39606  9843     1587.0058   625                   1566.6148 16724715         
Elapsed time = 3418.42 sec. (744307.52 ticks, tree = 752.07 MB, solutions = 0)
  39768  9841     1603.6585   563                   1567.5557 16629399         
  39928  9920     1625.0923   674                   1568.1780 17062924         
  40094  9922     1585.9658   624                   1568.4943 17136229         
  40242  9883    infeasible                         1569.2434 17370211         
  40403  9899     1664.9555   614                   1569.2434 17291027         
  40575  9942    infeasible                         1570.5699 17176331         
  40720  9901     2031.9518   542                   1570.5699 17338690         
  40876  9872     1598.0541   707                   1570.7059 17550317         
  41018  9868     1802.6522   615                   1573.7590 17933575         
  41170  9867    infeasible                         1574.3712 17845555         
Elapsed time = 3645.80 sec. (782892.18 ticks, tree = 763.97 MB, solutions = 0)
  41333  9798    infeasible                         1575.6973 18224069         
  41500  9851     1608.3828   508                   1576.5893 18129531         
  41670  9854    infeasible                         1577.0027 18017115         
  41832  9773    infeasible                         1577.5939 18470347         
  41994  9800     1592.6209   629                   1578.7308 18341007         
  42152  9771    infeasible                         1579.2247 18507074         
  42307  9772    infeasible                         1580.2529 18598390         
  42466  9647    infeasible                         1581.0131 18958978         
  42623  9786     1762.5502   521                   1581.7354 18718096         
  42781  9644     1636.2379   541                   1582.6546 18996418         
Elapsed time = 3873.66 sec. (821359.66 ticks, tree = 734.07 MB, solutions = 0)
  42939  9555     1778.6341   611                   1582.9770 19241702         
  43106  9572    infeasible                         1583.5995 19138268         
  43258  9538     1624.8628   552                   1583.8014 19385416         
  43411  9531    infeasible                         1585.1226 19515334         
  43563  9500     1620.6325   693                   1585.8508 19638934         
  43731  9484     1617.8377   605                   1586.4250 19777286         
  43885  9438    infeasible                         1586.8157 19912623         
  44032  9468    infeasible                         1587.2751 19992004         
  44193  9336    infeasible                         1587.2751 20460612         
  44360  9324     1614.2621   526                   1587.2751 20527567         
Elapsed time = 4109.55 sec. (859733.91 ticks, tree = 702.76 MB, solutions = 0)
  44512  9314    infeasible                         1587.2751 20590254         
  44686  9308    infeasible                         1591.4772 20697578         
  44868  9309     1623.0758   683                   1592.5511 20794237         
  45053  9258    infeasible                         1593.4290 20941114         
  45230  9318     1616.4972   645                   1593.9767 20769674         
  45391  9299    infeasible                         1594.1569 20791705         
  45552  9295    infeasible                         1595.6048 21116866         
  45703  9245    infeasible                         1595.6048 21540989         
  45877  9285    infeasible                         1595.6048 21379370         
  46045  9256    infeasible                         1595.6048 21439678         
Elapsed time = 4333.87 sec. (898097.04 ticks, tree = 694.26 MB, solutions = 0)
  46202  9220    infeasible                         1598.0654 21766031         
  46380  9218    infeasible                         1599.1611 21800262         
  46539  9211    infeasible                         1599.4266 21803694         
  46696  9207    infeasible                         1600.1574 21807426         
  46848  9113    infeasible                         1600.4132 22288252         
  46991  9101    infeasible                         1600.8689 22329743         
  47160  9049     1739.8245   590                   1602.8374 22490147         
  47306  9078    infeasible                         1603.5068 22370274         
  47458  9077     1755.0885   471                   1604.1957 22391199         
  47601  9028     1656.8324   665                   1604.1957 22566904         
Elapsed time = 4564.24 sec. (936547.58 ticks, tree = 672.68 MB, solutions = 0)
  47763  9025    infeasible                         1604.1957 22991755         
  47933  9011    infeasible                         1605.8602 23234514         
  48095  9014     1643.7253   620                   1605.8602 23203596         
  48255  9025     1633.6875   674                   1605.8602 23103916         
  48431  9030    infeasible                         1605.8602 23106764         
  48586  8958     1694.6537   565                   1610.2851 23833418         
  48752  8987     1814.0108   695                   1610.7947 23502335         
  48919  8882    infeasible                         1611.3452 24014216         
  49083  8961     1630.4000   696                   1612.0196 23756762         
  49262  8806     1663.9370   594                   1612.8539 24275269         
Elapsed time = 4795.41 sec. (975020.11 ticks, tree = 646.74 MB, solutions = 0)
  49429  8811     1879.9373   446                   1613.4399 24279310         
  49613  8753    infeasible                         1615.1414 24566558         
  49792  8742     1721.4815   707                   1615.5468 24434092         
  49989  8793    infeasible                         1615.5468 24710130         
  50162  8889     2259.6844   229                   1615.5468 24636696         
  50384  8912     2265.2768   192                   1615.5468 24637689         
  50587  8798     1745.1037   555                   1615.5468 24775479         
  50799  8775    infeasible                         1615.5468 24991042         
  50991  9003     2314.1255   168                   1615.5468 25198008         
  51183  8947    infeasible                         1615.5468 25335635         
Elapsed time = 5032.98 sec. (1013287.08 ticks, tree = 637.76 MB, solutions = 0)
  51403  9096     2354.9466   199                   1615.5468 25201326         
  51613  8900    infeasible                         1615.5468 25581691         
  51826  9113     2423.9763   149                   1615.5468 25821454         
  52049  8933     1683.6454   579                   1615.5468 25512128         
  52264  8891    infeasible                         1615.5468 25593514         
  52475  9103     1646.6302   650                   1615.5468 25997512         
  52638  9100     1749.5562   577                   1623.2718 25903855         
  52807  9048     1698.9465   641                   1626.3070 26405795         
  52976  9104    infeasible                         1626.3070 25990994         
  53107  9050     2116.6459   456                   1626.3070 26433681         
Elapsed time = 5257.59 sec. (1051616.04 ticks, tree = 634.51 MB, solutions = 0)
  53266  9047    infeasible                         1627.7121 26458871         
  53428  9215     1680.8387   592                   1631.6013 26473256         
  53573  9241     1724.6747   650                   1633.0527 26501682         
  53719  9196     1640.4347   578                   1633.5864 27156201         
  53877  9240    infeasible                         1633.7219 26678419         
  54033  9229     1700.7912   658                   1634.5484 26770302         
  54187  9181    infeasible                         1636.4720 27263435         
  54332  9159    infeasible                         1636.4720 27373768         
  54503  9128     1690.0918   586                   1638.4027 27464117         
  54695  9146     1673.0775   563                   1639.3151 27547734         
Elapsed time = 5494.72 sec. (1089990.37 ticks, tree = 641.49 MB, solutions = 0)
  54866  9106     1700.7264   697                   1639.9762 27693484         
  55072  8979     1667.5238   571                   1641.9510 28268339         
  55251  8977     1679.3695   654                   1643.2941 28022975         
  55414  8982    infeasible                         1644.0859 28067760         
  55560  8982     1752.8233   588                   1645.3890 28030356         
  55750  8953    infeasible                         1645.5551 28322496         
  55917  8924    infeasible                         1645.5833 28378593         
  56102  8953     1691.4251   614                   1645.5833 28848701         
  56260  9000     1694.3578   574                   1645.5833 28698107         
  56449  8863     1695.5871   592                   1649.4187 29131962         
Elapsed time = 5725.41 sec. (1128443.06 ticks, tree = 620.69 MB, solutions = 0)
  56623  8884     1683.5257   591                   1650.2164 29072823         
  56795  8969    infeasible                         1650.7430 28756222         
  56957  8994     2539.5065   507                   1651.4726 28798630         
  57096  8774    infeasible                         1652.0018 29364105         
  57245  8846    infeasible                         1652.0018 29196634         
  57390  8606    infeasible                         1652.0018 29796884         
  57562  8659     1749.8315   442                   1652.0018 29640650         
  57716  8498    infeasible                         1652.0018 30173770         
  57902  8615    infeasible                         1657.0152 29785832         
  58087  8438     1704.7431   629                   1657.4112 30421341         
Elapsed time = 5958.45 sec. (1166886.56 ticks, tree = 580.66 MB, solutions = 0)
  58253  8571    infeasible                         1658.2724 29908712         
  58416  8432    infeasible                         1658.8572 30429514         
  58556  8469    infeasible                         1659.5676 30310693         
  58722  8421     1774.0264   561                   1661.0474 30593103         
  58911  8268    infeasible                         1663.3773 31037069         
  59102  8368     1931.0894   509                   1664.7180 30818128         
  59276  8280    infeasible                         1664.7180 31066517         
  59466  8180    infeasible                         1664.7180 31258489         
  59627  8301    infeasible                         1667.6698 30979791         
  59830  8034    infeasible                         1668.0923 31561040         
Elapsed time = 6186.53 sec. (1205307.54 ticks, tree = 545.42 MB, solutions = 0)
  60004  8141     1712.7648   617                   1669.1232 31360037         
  60204  8098     1774.7161   622                   1670.2374 31388142         
  60400  8095     1848.3674   609                   1671.7241 31392181         
  60627  8015     1826.6745   282                   1672.5770 31531311         
  60828  7972     2619.5912   264                   1673.7806 31992121         
  61028  7765     1706.8819   605                   1673.8706 32125513         
  61251  7891     2651.6805   291                   1674.9791 31933823         
  61477  7557    infeasible                         1676.9984 32531241         
  61704  7647     1923.6492   378                   1676.9984 32783003         
  61904  7593    infeasible                         1676.9984 32449653         
Elapsed time = 6416.45 sec. (1243580.34 ticks, tree = 511.70 MB, solutions = 0)
  62092  7558    infeasible                         1676.9984 32517446         
  62276  7484    infeasible                         1676.9984 33143437         
  62473  7481    infeasible                         1676.9984 33147018         
  62713  7630     2742.5371   218                   1676.9984 33436921         
  62906  7424    infeasible                         1685.5371 33234504         
  63073  7627    infeasible                         1685.5371 33444874         
  63251  7402     2299.6649   519                   1685.5371 33314615         
  63438  7506    infeasible                         1685.5371 33638812         
  63639  7277    infeasible                         1685.5371 34103901         
  63827  7375    infeasible                         1685.5371 33896684         
Elapsed time = 6650.55 sec. (1282061.17 ticks, tree = 482.23 MB, solutions = 0)
  63998  7281     1802.6123   639                   1696.8883 34062230         
  64197  7383    infeasible                         1697.4524 33831848         
  64410  6945     2589.6642   339                   1698.7465 34688583         
  64623  6974     1881.0289   378                   1699.6099 34554563         
  64826  7261    infeasible                         1700.0169 34127951         
  65049  6964    infeasible                         1700.5577 34588757         
  65279  7069     2678.0942   208                   1704.8280 34694383         
  65486  6930    infeasible                         1706.3538 34620186         
  65718  6455    infeasible                         1707.5504 35311569         
  65920  6531     2734.3799   158                   1710.5740 35536048         
Elapsed time = 6884.06 sec. (1320402.16 ticks, tree = 419.48 MB, solutions = 0)
  66194  6716     2187.0684   387                   1710.5740 34996130         
  66513  6285    infeasible                         1710.5740 35538095         
  66892  6379     2008.4614   474                   1710.5740 35407341         
  67342  6293     2198.6334   245                   1710.5740 35519708         
  67868  6581     2306.5409   140                   1710.5740 35669220         
  68441  6299     2240.6206   292                   1710.5740 36249339         
  69076  6316     2231.7515   392                   1710.5740 35837461         
  69808  6801     2337.8570   168                   1710.5740 36427285         
  70675  6370     2286.6945   221                   1710.5740 36184819         
  71611  6798     3224.0123   118                   1710.5740 36363097         
Elapsed time = 7123.56 sec. (1358608.81 ticks, tree = 389.42 MB, solutions = 0)
  72572  8229     2209.5319   391                   1710.5740 36831951         
  73676  8253     2249.9573   286                   1710.5740 36833986         
  74855  7907     2385.5085   133                   1710.5740 36701432         
  76182 11075     2434.1510   104                   1710.5740 37047673         
  77632  8286     2296.9016   174                   1732.7797 36760831         
  79337 12173     2425.5279    80                   1732.7797 37120103         
  81159 14210     2475.0275   137                   1732.7797 37229808         
  82986 15168     2388.4518   124                   1732.7797 37306617         
  85089 14810     2355.8526   146                   1732.7797 37281137         
  87251 14472     2405.2408   115                   1732.7797 37267645         
Elapsed time = 7371.74 sec. (1396780.38 ticks, tree = 625.95 MB, solutions = 0)
  89475 12919     2457.9607   120                   1733.3996 37167907         
  91864 17642     2451.3838   223                   1734.2278 37418580         
  93936 15113     2562.8154    84                   1736.1784 37273518         
  95607 20042     2197.9329   357                   1736.1784 37563546         
  97399 21416     2243.1626   388                   1736.1784 37630063         
  99202 21531     2297.0375   223                   1736.1784 37634114         
 100898 23933     2208.0560   399                   1736.1784 37759384         
 103351 26594     2305.8751   250                   1736.1784 37935685         
 105793 23246     2300.4726   108                   1736.1784 37708089         
 108405 34435     2467.7697   161                   1752.5332 38536362         
Elapsed time = 7566.29 sec. (1434945.39 ticks, tree = 1095.29 MB, solutions = 0)
*110574 28723      integral     0     2672.4498     1754.6468 38091474   34.34%
 111334 33066     2443.5767   220     2672.4498     1754.6468 38436413   34.34%
*112974+34856                         2665.1303     1762.8919            33.85%
 114209 30038     2919.7116   115     2665.1303     1762.8919 38145367   33.85%
*115914+34768                         2650.6996     1762.8919            33.49%
 116905 34140     2352.0419   296     2650.6996     1762.8919 38517774   33.49%
 119151 39814     2243.1658   339     2650.6996     1763.7138 39451205   33.46%
*119837+37596                         2620.0199     1763.7138            32.68%
 121073 39534     2516.2564   177     2620.0199     1763.7138 39424506   32.68%
*123149+41049                         2591.5271     1777.8703            31.40%
*123170+41049                         2452.1112     1777.8703            27.50%
*123184+41049                         2445.5655     1777.8703            27.30%
 123350 41524     2213.4077   366     2445.5655     1777.8703 39730630   27.30%
*125659+29268                         2425.3078     1780.0020            26.61%
 126410 29543     2223.4184   390     2425.3078     1780.3289 39972607   26.59%
*126873+42661                         2404.0923     1780.9505            25.92%
 130365 41808     2474.2748   189     2404.0923     1785.0437 39739432   25.75%
 134463 29369     2273.8981   202     2404.0923     1785.0437 40115277   25.75%
*135692+28134                         2388.4891     1785.0437            25.26%
*135711+28125                         2386.3374     1785.0437            25.20%
 138552 28619     2357.3185   166     2386.3374     1785.0437 40520834   25.20%
Elapsed time = 7786.18 sec. (1473107.52 ticks, tree = 616.92 MB, solutions = 36)
*142473+28553                         2365.6198     1785.0437            24.54%
 142737 30753     2321.5972   174     2365.6198     1785.0437 40036674   24.54%
*143765+29652                         2331.8850     1785.0437            23.45%
 146610 28952     2227.0614   258     2331.8850     1785.0437 40359097   23.45%
 150570 29114     2288.2960   289     2331.8850     1785.0437 40363183   23.45%
 154780 24464     2291.1950   270     2331.8850     1785.0437 40748161   23.45%
*155053+27071                         2331.2498     1785.0437            23.43%
*155094+27071                         2316.2372     1785.0437            22.93%
*157117+26240                         2290.7798     1804.0526            21.25%
 158975 28401     2250.7161   286     2290.7798     1804.0526 40512877   21.25%
*159754+20849                         2278.8100     1804.0526            20.83%
*160263+21472                         2277.3216     1804.0526            20.78%
 163212 20068     2228.4513   291     2277.3216     1885.5690 41284398   17.20%
*163394+18784                         2275.5946     1885.5690            17.14%
*163426+20070                         2274.7375     1885.5690            17.11%
 167675 27283     2247.8196   179     2274.7375     1989.4223 41077236   12.54%
*169045+20462                         2272.6758     1989.4223            12.46%
 171947 27422     2284.6176   169     2272.6758     2020.0823 41081760   11.11%
*174812+22842                         2272.3080     2044.4719            10.03%
 176480 26659     2264.2929   178     2272.3080     2065.0409 41796323    9.12%
 180935 21628     2249.7337   192     2272.3080     2109.5039 41486942    7.16%
Elapsed time = 8005.56 sec. (1511266.13 ticks, tree = 428.12 MB, solutions = 110)
*182253+22380                         2272.2713     2109.5039             7.16%
*185241+32256                         2270.5824     2139.0634             5.79%
 185288 21781     2240.6304   283     2270.5824     2139.0634 41491166    5.79%
*185943+31824                         2269.8664     2168.7468             4.45%
 189848 31593     2201.7721   302     2269.8664     2172.7977 42044376    4.28%
 193993 24346     2195.9992   311     2269.8664     2172.7977 41660515    4.28%
*195065+37196                         2268.1775     2172.7977             4.21%
 197982 40461     2189.4526   291     2268.1775     2172.7977 42389071    4.21%
 202483 36496     2245.8765   177     2268.1775     2172.7977 42223539    4.21%
 206888 38686     2201.7308   222     2268.1775     2172.7977 42323947    4.21%
*211106+43326                         2267.8612     2176.9286             4.01%
 211138 44262     2252.3560   249     2267.8612     2176.9286 42506389    4.01%
*211801+50466                         2266.0659     2176.9286             3.93%
 215882 45503     2235.0781   170     2266.0659     2176.9286 42540530    3.93%
 220864 34959     2230.5607   329     2266.0659     2176.9286 42162598    3.93%
 225486 48469     2258.8746   263     2266.0659     2176.9286 42635080    3.93%
Elapsed time = 8219.15 sec. (1549415.78 ticks, tree = 1026.75 MB, solutions = 133)
 229935 57629     2204.5109   274     2266.0659     2178.3799 43010352    3.87%
*233732+64785                         2265.7496     2178.9473             3.83%
 234722 74675     2197.8203   229     2265.7496     2178.9473 43535222    3.83%
 239757 54993     2230.8816   240     2265.7496     2179.4635 42915548    3.81%
 244330 61496     2227.5948   253     2265.7496     2180.2944 43144627    3.77%
 249064 72554     2191.0904   320     2265.7496     2180.5108 43465682    3.76%
 253994 87298     2206.3964   251     2265.7496     2180.7700 43911197    3.75%
*257126+85538                         2258.8839     2181.1648             3.44%
 258261 94737     2200.2679   357     2258.8839     2181.4299 44131878    3.43%
 262229 94900     2230.6263   194     2258.8839     2181.6121 44135396    3.42%
 265822 89121     2247.1780   277     2258.8839     2181.8209 43969905    3.41%
 270099 98553     2202.2181   197     2258.8839     2181.9209 44417166    3.41%
Elapsed time = 8422.55 sec. (1587572.06 ticks, tree = 2188.80 MB, solutions = 138)
Nodefile size = 117.53 MB (54.47 MB after compression)
 274762 100712     2233.4819   257     2258.8839     2182.1675 44484034    3.40%
 279237 96040     2206.4665   244     2258.8839     2182.4901 44333241    3.38%
 283255 109235     2238.2593   185     2258.8839     2182.6537 44741968    3.37%
 287084 105663     2197.5994   362     2258.8839     2182.6655 44622283    3.37%
 290205 115683     2231.6265   166     2258.8839     2182.6655 44929677    3.37%
 292742 117103     2195.9730   335     2258.8839     2182.6655 44969705    3.37%
 294986 119376     2217.7174   254     2258.8839     2182.6792 45027975    3.37%
 296827 116753     2248.1169   199     2258.8839     2182.6792 44955368    3.37%
 298887 116850     2194.5593   395     2258.8839     2182.6792 44960237    3.37%
 301238 119205     2227.4856   264     2258.8839     2182.6792 45021900    3.37%
Elapsed time = 8675.82 sec. (1625732.08 ticks, tree = 3152.16 MB, solutions = 138)
Nodefile size = 1022.03 MB (491.07 MB after compression)
 303971 119810     2217.9726   260     2258.8839     2182.7114 45044136    3.37%
 307022 134997     2231.4821   241     2258.8839     2182.7114 45455134    3.37%
 310195 133711     2202.8498   292     2258.8839     2182.7114 45421883    3.37%
 313908 131238     2239.0275   225     2258.8839     2182.7114 45351804    3.37%
*314419+128385                         2255.6500     2182.7114             3.23%
*314525+128381                         2254.9259     2182.7114             3.20%
 317423 134045     2240.5296   327     2254.9259     2182.7114 45430218    3.20%
 320949 141511     2218.4151   208     2254.9259     2182.7114 45797998    3.20%
 324682 141703     2250.9351   202     2254.9259     2182.7114 45802004    3.20%
 328788 153791        cutoff           2254.9259     2182.7114 46132353    3.20%
 332978 156353     2227.3000   368     2254.9259     2184.6605 46206688    3.12%
*336501+145043                         2254.1035     2184.7331             3.08%
 337389 154138     2240.4590   180     2254.1035     2184.7331 46139832    3.08%
Elapsed time = 8957.85 sec. (1663886.52 ticks, tree = 7744.40 MB, solutions = 143)
Nodefile size = 5642.83 MB (3383.34 MB after compression)
 342035 154259     2211.3026   232     2254.1035     2184.9262 46142690    3.07%
 346421 158845     2241.5296   266     2254.1035     2185.0790 46274850    3.06%
 350496 176048     2230.7900   178     2254.1035     2185.2222 46827515    3.06%
 354988 171346     2224.7988   284     2254.1035     2185.3281 46701435    3.05%
 359392 178028     2211.4887   206     2254.1035     2185.4263 46885836    3.05%
 363893 182029     2228.1723   188     2254.1035     2185.4988 47001646    3.04%
 368235 188401     2207.6521   364     2254.1035     2185.6660 47205658    3.04%
 372392 182309     2210.9673   330     2254.1035     2185.8323 47010508    3.03%
 376810 201005     2249.9506   226     2254.1035     2185.9202 47574287    3.02%
 380849 191473        cutoff           2254.1035     2186.0491 47302559    3.02%
Elapsed time = 9194.37 sec. (1702046.39 ticks, tree = 12427.17 MB, solutions = 144)
Nodefile size = 10332.12 MB (6491.89 MB after compression)
 385206 203544     2231.1021   225     2254.1035     2186.1176 47643827    3.02%
 389716 199173     2253.9940   219     2254.1035     2186.2854 47525880    3.01%
 394311 205458     2211.9204   251     2254.1035     2186.3720 47699791    3.00%
*395486+208579                         2253.2553     2186.3848             2.97%
 398780 209587     2208.4634   269     2253.2553     2186.4213 47828656    2.97%
 403079 212675     2238.8114   248     2253.2553     2186.5784 47930635    2.96%
 407552 221150     2224.2963   238     2253.2553     2186.6596 48220167    2.96%
 411859 222127     2212.5566   375     2253.2553     2186.7544 48252918    2.95%
 416508 238885     2232.3062   223     2253.2553     2186.8541 48748097    2.95%
 421112 231363     2246.0489   244     2253.2553     2186.9426 48524788    2.94%
 425504 233822     2197.1744   285     2253.2553     2187.0438 48592578    2.94%
Elapsed time = 9446.67 sec. (1740202.59 ticks, tree = 17795.57 MB, solutions = 145)
Nodefile size = 15674.26 MB (10077.06 MB after compression)
 430098 246509     2202.9690   231     2253.2553     2187.0903 48964455    2.94%
 434463 248132     2231.2321   229     2253.2553     2187.1418 49010773    2.93%
*437856+249550                         2252.8551     2187.2072             2.91%
 438588 247860     2233.0145   267     2252.8551     2187.2072 49001972    2.91%
 442922 258025     2234.3965   298     2252.8551     2187.2890 49322409    2.91%
 447382 259781     2221.9308   236     2252.8551     2187.3430 49393613    2.91%
 451984 259910     2212.5261   361     2252.8551     2187.4373 49397846    2.90%
 456420 268584     2220.8759   254     2252.8551     2187.5299 49644015    2.90%
 460706 267682     2205.1492   217     2252.8551     2187.5424 49620136    2.90%
 465223 275557     2212.2390   262     2252.8551     2187.6178 49852888    2.90%
 469503 277588     2225.8167   229     2252.8551     2187.6835 49913080    2.89%
Elapsed time = 9693.63 sec. (1778358.56 ticks, tree = 23289.18 MB, solutions = 146)
Nodefile size = 21179.38 MB (13788.04 MB after compression)
 473768 288791     2201.7413   295     2252.8551     2187.7301 50253794    2.89%
 478138 286770     2215.2622   277     2252.8551     2187.7761 50188702    2.89%
 482762 289125     2220.5952   322     2252.8551     2187.8231 50261917    2.89%
 487181 305669     2228.2448   287     2252.8551     2187.8724 50771834    2.88%
 491454 307416     2214.9315   319     2252.8551     2187.9161 50833227    2.88%
 495816 303022     2210.2276   243     2252.8551     2187.9161 50700843    2.88%
 500095 308263    infeasible           2252.8551     2187.9161 50856322    2.88%
 504363 315098     2209.0238   312     2252.8551     2188.0720 51070409    2.88%
 508401 319997     2205.2889   321     2252.8551     2188.1000 51224920    2.87%
 512925 324694     2219.3532   322     2252.8551     2188.1696 51364147    2.87%
Elapsed time = 9942.04 sec. (1816516.60 ticks, tree = 29157.96 MB, solutions = 146)
Nodefile size = 27071.00 MB (17762.43 MB after compression)
 517317 331219     2205.2875   221     2252.8551     2188.1996 51576542    2.87%
 521665 328496     2246.3224   219     2252.8551     2188.2809 51481907    2.87%
*524792+330568                         2252.7938     2188.3020             2.86%
 526030 340490     2218.8696   243     2252.7938     2188.3139 51859571    2.86%
 530176 341040     2237.9520   310     2252.7938     2188.3558 51878643    2.86%
 534539 350781     2235.2299   249     2252.7938     2188.4019 52184656    2.86%
 538462 348818     2238.3777   260     2252.7938     2188.4399 52122778    2.86%
 542628 348921     2231.1768   327     2252.7938     2188.4741 52127793    2.86%
 547065 364867        cutoff           2252.7938     2188.5068 52621628    2.85%
 551445 368009     2226.9152   310     2252.7938     2188.5467 52726041    2.85%
*555595+372689                         2252.0099     2188.5699             2.82%
 555922 361766     2206.0478   271     2252.0099     2188.5704 52528856    2.82%
Elapsed time = 10187.04 sec. (1854667.27 ticks, tree = 33785.69 MB, solutions = 148)
Nodefile size = 31680.12 MB (20873.29 MB after compression)
*556629+372728                         2248.5135     2188.5763             2.67%
 560031 370537     2215.7187   310     2248.5135     2188.6001 52797078    2.66%
 564162 370227     2241.4707   287     2248.5135     2188.6267 52788279    2.66%
 568589 365276     2227.3843   315     2248.5135     2188.6733 53056287    2.66%
 572910 371722     2241.9758   247     2248.5135     2188.7432 53266702    2.66%
 577478 379756     2222.5269   299     2248.5135     2188.7691 53509946    2.66%
 581737 379475     2221.5895   259     2248.5135     2188.8217 53501098    2.65%
 586454 387891     2229.5260   250     2248.5135     2188.8448 53748828    2.65%
 590783 392099     2213.9679   306     2248.5135     2188.8859 53891657    2.65%
 594934 385671     2234.0391   314     2248.5135     2188.9126 53682565    2.65%
 598808 389125     2214.0659   324     2248.5135     2188.9512 53785702    2.65%
Elapsed time = 10432.16 sec. (1892819.38 ticks, tree = 37900.99 MB, solutions = 149)
Nodefile size = 35806.04 MB (23684.16 MB after compression)
 602926 396980     2200.2424   291     2248.5135     2189.0064 54032907    2.65%
 607612 400301     2214.7611   342     2248.5135     2189.0430 54143187    2.64%
 612017 407493     2216.7711   332     2248.5135     2189.0892 54376988    2.64%
 616377 414476     2213.3198   337     2248.5135     2189.1444 54582165    2.64%
 620894 412901     2202.3472   294     2248.5135     2189.1818 54537306    2.64%
 625498 421303     2213.7758   370     2248.5135     2189.2150 54788039    2.64%
 629605 430982     2211.6215   243     2248.5135     2189.2462 55089044    2.64%
 633661 425940     2244.5536   240     2248.5135     2189.2670 54932643    2.63%
 638070 432493     2204.8050   252     2248.5135     2189.3086 55135365    2.63%
 642601 434967     2215.8534   295     2248.5135     2189.3447 55210769    2.63%
Elapsed time = 10690.39 sec. (1930973.20 ticks, tree = 43624.97 MB, solutions = 149)
Nodefile size = 41522.74 MB (27544.20 MB after compression)
 646979 443982     2230.5630   309     2248.5135     2189.3721 55477697    2.63%
 651322 448397     2212.6670   401     2248.5135     2189.4013 55619622    2.63%
 655750 444216     2222.6618   388     2248.5135     2189.4300 55487216    2.63%
 660235 449096     2222.0314   266     2248.5135     2189.4521 55638446    2.63%
 664353 454770     2208.1169   312     2248.5135     2189.4748 55811132    2.63%
 668693 458386     2207.6607   231     2248.5135     2189.4960 55923843    2.62%
