Version identifier: 22.1.1.0 | 2022-11-28 | 9160aff4d
CPXPARAM_TimeLimit                               20400
Tried aggregator 1 time.
MIP Presolve eliminated 19850 rows and 11332 columns.
MIP Presolve modified 13481 coefficients.
Reduced MIP has 11913 rows, 19638 columns, and 65081 nonzeros.
Reduced MIP has 9952 binaries, 9686 generals, 0 SOSs, and 0 indicators.
Presolve time = 0.11 sec. (65.22 ticks)
Probing fixed 153 vars, tightened 26 bounds.
Probing time = 0.32 sec. (72.53 ticks)
Tried aggregator 1 time.
Detecting symmetries...
MIP Presolve eliminated 449 rows and 474 columns.
MIP Presolve modified 4 coefficients.
Reduced MIP has 11464 rows, 19164 columns, and 62835 nonzeros.
Reduced MIP has 9798 binaries, 9366 generals, 0 SOSs, and 0 indicators.
Presolve time = 0.11 sec. (56.57 ticks)
Probing fixed 137 vars, tightened 0 bounds.
Probing time = 0.17 sec. (65.65 ticks)
Cover probing fixed 68 vars, tightened 0 bounds.
Clique table members: 10779.
MIP emphasis: balance optimality and feasibility.
MIP search method: dynamic search.
Parallel mode: deterministic, using up to 32 threads.
Root relaxation solution time = 3.00 sec. (398.27 ticks)

        Nodes                                         Cuts/
   Node  Left     Objective  IInf  Best Integer    Best Bound    ItCnt     Gap

      0     0      878.1899   216                    878.1899       24         
      0     0      933.5508   359                   Cuts: 285     1456         
      0     0      944.6403   389                   Cuts: 164     2113         
      0     0      947.3250   399                   Cuts: 100     2435         
      0     0      949.2125   417                    Cuts: 73     2733         
      0     0      953.5060   354                    Cuts: 49     3103         
Detecting symmetries...
      0     0      954.8490   411                    Cuts: 27     3179         
      0     0      956.2062   428                    Cuts: 22     3282         
      0     0      959.4405   375                    Cuts: 20     3479         
      0     0      959.6453   369                    Cuts: 15     3521         
      0     0      960.2052   385                     Cuts: 7     3557         
      0     0      960.2823   411                     Cuts: 8     3584         
      0     0      960.5026   353                     Cuts: 4     3600         
      0     0      960.5251   418                     Cuts: 8     3632         
Detecting symmetries...
      0     2      960.5251   418                    961.1451     3632         
Elapsed time = 17.00 sec. (6672.09 ticks, tree = 0.02 MB, solutions = 0)
      1     3     1022.5063   382                    961.1451     4295         
     35    26     1024.2434   364                    962.6547     6415         
    109    22     1029.3886   396                    962.6547     6541         
    154    96     1015.3273   438                    962.6547    15865         
    190   123     1032.1974   435                    964.1293    22140         
    213   161     1035.1132   420                    964.1293    35318         
    300   233     1032.9523   448                    964.1293    65616         
    415   306     1070.0414   241                    973.3699    78087         
    522   353     1034.5118   420                    973.4790    87637         
    891   632     1115.4713   267                    975.7551   151753         
Elapsed time = 32.54 sec. (9822.59 ticks, tree = 15.23 MB, solutions = 0)
   1338   866     1095.1555   340                    975.7551   217004         
   1688   993     1068.9482   363                    975.7551   249418         
   2265  1281     1146.9976   373                    975.7551   321233         
   2852  1495     1184.8116   351                    975.7551   365520         
   3376  2017     1061.7839   367                    975.7551   440811         
   3776  2496    infeasible                          992.6181   508440         
   4085  2541     1053.2368   379                    992.6181   530641         
   4792  2818     1019.2558   396                    992.6181   588490         
   5531  3330     1078.6030   406                    992.6181   661967         
   6244  3743     1566.9838   328                    992.6181   709525         
Elapsed time = 77.14 sec. (19376.34 ticks, tree = 226.63 MB, solutions = 0)
   6846  4415     1076.5689   424                    992.6181   786836         
   7512  4692     1052.6136   380                    992.6181   815292         
   8124  5145     1086.0874   393                    997.9041   877627         

Performing restart 1

Repeating presolve.
Tried aggregator 1 time.
MIP Presolve eliminated 58 rows and 224 columns.
MIP Presolve modified 360 coefficients.
Reduced MIP has 11406 rows, 18940 columns, and 62195 nonzeros.
Reduced MIP has 9592 binaries, 9348 generals, 0 SOSs, and 0 indicators.
Presolve time = 0.06 sec. (31.20 ticks)
Tried aggregator 1 time.
Reduced MIP has 11406 rows, 18940 columns, and 62195 nonzeros.
Reduced MIP has 9592 binaries, 9348 generals, 0 SOSs, and 0 indicators.
Presolve time = 0.09 sec. (38.79 ticks)
Represolve time = 0.89 sec. (193.90 ticks)
   8205     0     1014.4218   496                   Cuts: 216   956507         
   8205     0     1036.0845   594                   Cuts: 215   958032         
   8205     0     1048.6973   617                   Cuts: 255   959401         
   8205     0     1057.7008   635                   Cuts: 246   960546         
   8205     0     1062.0794   636                   Cuts: 255   961944         
   8205     0     1064.2376   711                   Cuts: 176   962633         
   8205     0     1069.8725   716                   Cuts: 293   964219         
   8205     0     1072.4712   719                   Cuts: 270   965405         
   8205     0     1079.0672   767                   Cuts: 173   967326         
   8205     0     1082.3634   721                   Cuts: 223   968432         
   8205     0     1086.1598   765                   Cuts: 156   969323         
   8205     0     1088.6925   771                   Cuts: 174   969773         
   8205     0     1090.8262   778                   Cuts: 155   970288         
   8205     0     1091.8668   803                   Cuts: 120   970752         
   8205     0     1092.2794   804                   Cuts: 117   971013         
   8205     0     1092.5679   794                   Cuts: 100   971184         
   8205     0     1093.2522   790                    Cuts: 84   971519         
   8205     0     1093.3995   810                    Cuts: 65   971707         
   8205     0     1093.5689   811                    Cuts: 59   971921         
   8205     0     1093.7040   808                    Cuts: 56   972058         
   8205     0     1093.9665   800                    Cuts: 67   972222         
   8205     0     1094.1508   810                    Cuts: 54   972342         
   8205     0     1094.3535   823                    Cuts: 53   972480         
   8205     0     1094.4123   795                    Cuts: 47   972578         
   8205     0     1094.4278   817                    Cuts: 90   972638         
   8205     0     1094.4766   830                    Cuts: 28   972772         
   8205     0     1094.5383   810                    Cuts: 31   972939         
   8205     0     1094.5659   802                    Cuts: 31   973019         
   8205     2     1094.5659   802                   1094.5659   973019         
   8206     3     1099.1630   774                   1099.1630   973402         
   8207     4     1099.2555   770                   1099.2566   973555         
   8209     4     1131.5404   658                   1099.2566   975324         
   8210     7     1151.8473   580                   1099.2566   977658         
   8214     6     1110.0355   746                   1099.2566   976070         
   8216     7     1132.6906   653                   1099.2933   977121         
Elapsed time = 213.82 sec. (93453.96 ticks, tree = 0.02 MB, solutions = 0)
   8220    10     1135.7726   670                   1099.2933   986362         
   8225     8     1124.1002   695                   1099.2933   984040         
   8229    10     1148.8696   636                   1099.2933   983803         
   8231    13     1115.5697   612                   1099.2933   999577         
   8233    15     1126.7578   639                   1099.2933  1017297         
   8238    15     1139.9541   572                   1100.9443  1017032         
   8241    15     1119.9015   639                   1100.9443  1037695         
   8249    16     1119.9015   641                   1100.9443  1041430         
   8256    25     1156.6198   634                   1100.9443  1114207         
   8273    22     1133.5621   714                   1100.9443  1091746         
Elapsed time = 256.74 sec. (107472.99 ticks, tree = 0.02 MB, solutions = 0)
   8296    31     1138.6973   615                   1107.2648  1182949         
   8349    47     1148.5692   597                   1107.2687  1311908         
   8400    63     1147.6081   635                   1107.2687  1338722         
   8466    53     1147.5197   577                   1107.2687  1319412         
   8525    68     1131.7076   658                   1107.2687  1362282         
   8601   106     1157.4649   572                   1107.2687  1408545         
   8681   195     1150.5762   582                   1107.2687  1450904         
   8749   121     1151.1371   626                   1107.2687  1412301         
   8795   374     1134.6380   660                   1107.2687  1517632         
   8847   433     1160.0970   629                   1107.2687  1535215         
Elapsed time = 305.03 sec. (117202.94 ticks, tree = 8.28 MB, solutions = 0)
   8924   431     1179.1210   561                   1107.2687  1534987         
   9015   498     1142.5281   547                   1107.4269  1564703         
   9160   559     1173.6823   660                   1107.4269  1602114         
   9321   629     1141.9070   658                   1116.1435  1636254         
   9476   603     1169.1297   494                   1116.1435  1611125         
   9619   715     1143.1342   642                   1116.1435  1659183         
   9810   749     1148.6961   598                   1116.1435  1668316         
  10001  1127     1160.1703   614                   1116.1435  1756977         
  10204  1040     1220.5350   537                   1116.1435  1740064         
  10440  1113     1162.8806   594                   1116.1435  1756075         
Elapsed time = 350.02 sec. (126779.10 ticks, tree = 42.44 MB, solutions = 0)
  10606  1350     1158.5661   603                   1116.1435  1811479         
  10715  1314     1262.6849   524                   1116.1435  1802804         
  10770  1858     1172.8736   637                   1116.1435  1913356         
  10821  1689    infeasible                         1116.1435  1881750         
  10880  1977     1294.8029   429                   1116.1435  1958983         
  10935  1985     1205.4407   561                   1116.1435  1987229         
  10992  1999     1190.8576   636                   1116.1435  2014001         
  11085  2031     1152.4692   576                   1116.1435  2031533         
  11189  2031     1137.3991   689                   1116.1435  2031361         
  11332  2058     1168.3361   629                   1119.5420  2052058         
Elapsed time = 404.12 sec. (136430.81 ticks, tree = 120.55 MB, solutions = 0)
  11480  2042     1144.8934   636                   1119.5420  2045047         
  11648  2263     1217.0735   499                   1119.5420  2146744         
  11810  2115     1216.3742   610                   1119.5420  2089941         
  11969  2397     1149.7904   714                   1119.5420  2181113         
  12110  2406     1154.4492   746                   1119.5420  2182174         
  12308  2591     1233.8253   425                   1119.5420  2239788         
  12559  2482     1153.2950   662                   1119.5420  2200194         
  12794  2884     1161.4297   729                   1119.5420  2303845         
  13028  3173     1181.9203   529                   1119.5420  2359244         
  13245  3350     1208.0172   618                   1119.5420  2395760         
Elapsed time = 449.55 sec. (146014.35 ticks, tree = 198.09 MB, solutions = 0)
  13429  3015     1209.0919   617                   1119.5420  2325229         
  13636  3564     1210.3369   616                   1120.4761  2447341         
  13852  3855     1177.5284   707                   1123.2078  2504153         
  14046  3442     1143.3197   770                   1123.7232  2419978         
  14244  4197     1210.9572   529                   1123.7232  2573432         
  14434  3916     1173.5037   667                   1123.7232  2517634         
  14560  4154     1154.6096   742                   1123.7232  2566362         
  14635  4210     1184.9295   522                   1124.9342  2576459         
  14695  4327    infeasible                         1124.9342  2605731         
  14755  4928    infeasible                         1125.5253  2738773         
Elapsed time = 501.75 sec. (155614.07 ticks, tree = 352.72 MB, solutions = 0)
  14805  4917     1172.9218   636                   1125.5253  2721755         
  14878  4948    infeasible                         1125.5253  2752872         
  14945  5019     1178.1025   590                   1126.0076  2820139         
  15051  5029     1188.7843   697                   1126.0076  2846636         
  15155  4963     1418.9564   640                   1126.0076  2763055         
  15302  5053     1417.7744   475                   1126.0076  2867484         
  15473  4963     1151.1292   730                   1126.0076  2783465         
  15644  5106     1223.7984   605                   1126.0076  2897572         
  15831  5311     1161.6177   658                   1126.0076  2950254         

Performing restart 2

Repeating presolve.
Tried aggregator 1 time.
MIP Presolve eliminated 56 rows and 64 columns.
MIP Presolve modified 508 coefficients.
Reduced MIP has 11350 rows, 18876 columns, and 65503 nonzeros.
Reduced MIP has 9584 binaries, 9292 generals, 0 SOSs, and 0 indicators.
Presolve time = 0.07 sec. (32.82 ticks)
Tried aggregator 1 time.
MIP Presolve eliminated 13 rows and 24 columns.
Reduced MIP has 11337 rows, 18852 columns, and 65404 nonzeros.
Reduced MIP has 9572 binaries, 9280 generals, 0 SOSs, and 0 indicators.
Presolve time = 0.09 sec. (41.04 ticks)
Represolve time = 1.61 sec. (486.46 ticks)
  16143     0     1095.2427   841                   Cuts: 120  3125791         
  16143     0     1095.8939   807                    Cuts: 43  3125993         
  16143     0     1095.9475   821                    Cuts: 38  3126101         
  16143     0     1096.2405   802                    Cuts: 25  3126238         
  16143     0     1097.4253   791                    Cuts: 53  3126519         
  16143     0     1097.9840   794                    Cuts: 82  3126731         
  16143     0     1098.0677   812                    Cuts: 48  3126855         
  16143     0     1098.0901   810                    Cuts: 56  3126902         
  16143     0     1098.0917   811                     Cuts: 8  3126914         
  16143     2     1098.0917   811                   1126.0076  3126914         
Elapsed time = 620.36 sec. (206983.22 ticks, tree = 0.02 MB, solutions = 0)
  16145     4     1101.9084   791                   1126.0076  3127850         
  16151     6     1127.3654   714                   1126.0076  3131431         
  16166    12    infeasible                         1126.0076  3150096         
  16177    15    infeasible                         1126.0076  3219168         
  16205    21     1126.9068   763                   1126.0076  3306667         
  16323    55     1148.6004   588                   1126.0076  3504582         
  16460   131     1212.9116   531                   1126.0076  3573967         
  16639   207    infeasible                         1126.0076  3661374         
  16903   305     1229.7844   565                   1126.0076  3779604         
  17150   467     1141.6873   708                   1126.0076  3885836         
Elapsed time = 763.34 sec. (248295.69 ticks, tree = 11.76 MB, solutions = 0)
  17356   657     1204.6272   679                   1126.0076  4004759         
  17643   775    infeasible                         1126.0076  4102884         
  17981   926     1155.5057   556                   1126.0076  4203439         
  18275  1142     1176.9612   620                   1126.0076  4341555         
  18473  1367    infeasible                         1126.0076  4503143         
  18692  1504     1261.8180   604                   1136.4970  4699564         
  18984  1518     1268.2159   465                   1136.4970  4688518         
  19343  1564     1235.3733   470                   1138.9966  4772677         
  19705  1997     1187.5554   607                   1138.9966  5100865         
  20096  2068    infeasible                         1138.9966  5119849         
Elapsed time = 957.64 sec. (286563.92 ticks, tree = 115.34 MB, solutions = 0)
  20372  2167     1207.6046   634                   1142.6250  5239779         
  20580  2582     1171.5561   596                   1146.7331  5544418         
  20803  2580     1166.5867   620                   1146.7331  5539573         
  21123  2692     1178.4147   638                   1146.7571  5789504         
  21468  2812     1176.4044   656                   1148.9272  5934741         
  21765  2861    infeasible                         1150.2352  5959874         
  22073  3045     1196.7820   610                   1151.1762  6107279         
  22338  3294     1227.0609   548                   1151.7201  6318971         
  22597  3492     1255.2963   527                   1151.9911  6524844         
  22830  3660     1173.7871   622                   1153.6556  6737256         
Elapsed time = 1154.78 sec. (324892.12 ticks, tree = 220.94 MB, solutions = 0)
  23095  3651     1230.1713   552                   1155.0147  6771310         
  23469  3760     1166.1549   544                   1156.3003  6954749         
  23856  3779     1599.7477   437                   1157.7270  6954473         
  24210  4245     1207.0870   620                   1159.0409  7280303         
  24580  4296     1477.3610   446                   1159.6372  7315271         
  25074  4861    infeasible                         1160.3469  7707677         
  25368  4647     1228.4550   527                   1160.3469  7619673         
  25659  5003    infeasible                         1162.4601  7859068         
  25877  5262     1441.3986   478                   1162.4601  8054540         
  26185  5312    infeasible                         1162.4601  8188384         
Elapsed time = 1351.94 sec. (363074.75 ticks, tree = 333.98 MB, solutions = 0)
  26568  5332     1451.9010   377                   1162.4601  8349782         
  27020  5591     1223.1900   538                   1164.2853  8446162         
  27354  5579     1328.4705   527                   1164.2853  8517827         
  27718  5745     1210.3315   597                   1167.1928  8649872         
  28057  5956     1493.2912   398                   1168.4442  8823513         
  28368  6184     1309.0385   476                   1168.5531  9039244         
  28599  6340     1480.1281   506                   1169.8941  9173831         
  28785  6394     1361.9895   531                   1169.8941  9271016         
  29022  6538    infeasible                         1170.4995  9488480         
  29352  6576     1185.0997   668                   1170.4995  9604280         
Elapsed time = 1556.26 sec. (401530.57 ticks, tree = 426.54 MB, solutions = 0)
  29741  6781     1235.1133   629                   1170.4995  9921942         
  30054  6899     1259.6459   531                   1171.6407  9997555         
  30351  7072     1241.5808   606                   1171.6407 10134180         
  30662  7056     1345.9729   564                   1171.6407 10105467         
  30934  7231     1213.0582   510                   1171.6407 10318739         
  31210  7407     1273.7319   601                   1172.6999 10470149         
  31394  7834     1187.1522   665                   1172.6999 10949892         
  31597  7828     1555.0166   457                   1175.9943 10924305         
  31825  7873     1589.8351   330                   1176.4439 11210827         
  32157  7886     1220.4789   566                   1177.0041 11240741         
Elapsed time = 1760.50 sec. (439905.81 ticks, tree = 506.99 MB, solutions = 0)
  32462  7906     1240.6961   651                   1177.0041 11257280         
  32770  7938     1322.8397   629                   1178.8759 11451315         
  33068  8017     1280.2385   612                   1179.1155 11546693         
  33343  8236     1215.0429   619                   1179.6558 11841181         
  33602  8450    infeasible                         1180.4910 12109007         
  33827  8448    infeasible                         1180.4910 12124712         
  34045  8537     1693.0914   441                   1180.8651 12209479         
  34330  8677     2583.3852   330                   1180.8651 12516107         
  34806  8692     1215.2059   637                   1181.5334 12697753         
  35301  8978     2627.2712   280                   1181.5334 12803736         
Elapsed time = 1959.64 sec. (478207.93 ticks, tree = 589.04 MB, solutions = 0)
  35704  8711     1227.0584   555                   1181.5334 12737572         
  36034  9693     1475.1725   509                   1185.6390 13279636         
  36384  9419     1496.1058   475                   1186.0027 13156436         
  36703  9692    infeasible                         1186.0027 13266387         
  37031  9788     1287.8081   419                   1186.1090 13376788         
  37300  9929     1236.2984   677                   1186.5073 13499871         
  37536 10152     1273.1470   589                   1188.0220 13760489         
  37754 10319     1520.3186   472                   1188.0373 13939475         
  38001 10492     1632.4995   459                   1188.0373 14354020         
  38222 10492     1214.4120   542                   1189.0698 14305467         
Elapsed time = 2171.44 sec. (516561.34 ticks, tree = 694.76 MB, solutions = 0)
  38525 10551    infeasible                         1189.0698 14599795         
  38818 10552     1283.8388   654                   1189.8298 14562312         
  39096 10566     1690.7207   376                   1190.7724 14636658         
  39364 10754     1332.9789   514                   1190.7724 15014263         
  39598 10719     1229.4139   544                   1192.9044 14898989         
  39890 10827     1235.4961   650                   1193.2537 15191186         
  40188 10887     1281.2224   556                   1194.1059 15237398         
  40443 10981     1255.6627   532                   1195.1987 15431845         
  40663 11160     1218.7371   621                   1195.1987 15841123         
  40867 11110     1429.3347   444                   1195.1987 15776206         
Elapsed time = 2378.64 sec. (554845.22 ticks, tree = 716.01 MB, solutions = 0)
  41062 11247     1544.7368   508                   1196.2874 16209653         
  41320 11216    infeasible                         1196.8762 16369163         
  41606 11230     1246.4474   565                   1197.0757 16400162         
  41908 11252     1260.5753   625                   1197.0757 16611186         
  42178 11238    infeasible                         1197.0757 16628551         
  42450 11291     1386.4783   505                   1199.3571 16948448         
  42769 11438     1612.9933   393                   1199.4877 17161739         
  43117 11440    infeasible                         1199.4877 17328491         
  43400 11364     1397.9048   563                   1201.6158 17081835         
  43672 11436     1266.6875   560                   1202.0121 17234691         
Elapsed time = 2583.35 sec. (593165.60 ticks, tree = 725.62 MB, solutions = 0)
  43904 11781    infeasible                         1203.1197 17842980         
  44131 11777     1634.3175   448                   1204.2763 17996502         
  44344 11756    infeasible                         1204.2763 17893456         
  44614 11738     1316.4824   542                   1204.2763 18107520         
  44882 11762    infeasible                         1204.2763 18204216         
  45169 11822    infeasible                         1204.2763 18350265         
  45495 11801     1326.0120   400                   1204.2763 18442326         
  45805 11850    infeasible                         1204.2763 18700883         
  46103 11974     1268.5669   396                   1207.8909 18964998         
  46397 12032    infeasible                         1208.4959 19141789         
Elapsed time = 2788.70 sec. (631549.50 ticks, tree = 762.07 MB, solutions = 0)
  46696 11903     1371.8228   587                   1208.5956 18896830         
  47043 12023    infeasible                         1208.5956 19122058         
  47331 12164    infeasible                         1208.5956 19739452         
  47570 12120    infeasible                         1211.5312 19517029         
  47825 12196     1454.0992   438                   1211.6553 19990145         
  48081 12175     1315.8490   597                   1212.0867 19663077         
  48334 12156     1566.5835   443                   1212.0867 20352143         
  48626 12213     1249.4822   619                   1214.3891 20292160         
  48916 12077    infeasible                         1214.3891 20531333         
  49262 12002     1368.4024   572                   1215.4805 20716418         
Elapsed time = 3003.96 sec. (669860.73 ticks, tree = 781.12 MB, solutions = 0)
  49533 12023     1327.1611   535                   1215.4805 20788185         
  49877 12028     1247.9528   554                   1215.4805 20614638         
  50169 12015     1377.8665   508                   1219.1575 21184309         
  50478 11996    infeasible                         1221.1972 21168608         
  50737 12038    infeasible                         1221.8123 21432916         
  51013 12158     1257.8727   619                   1222.8925 21564376         
  51261 12058     1333.9571   492                   1224.9996 21422654         
  51472 12014     1374.2855   479                   1227.3149 22039061         
  51782 12009    infeasible                         1228.4914 22001940         
  52126 11941     1400.9254   495                   1228.7658 22220391         
Elapsed time = 3217.40 sec. (708332.93 ticks, tree = 759.95 MB, solutions = 0)
  52572 11933    infeasible                         1228.9929 22225512         
  53047 11895    infeasible                         1228.9929 22261615         
  53450 11802     1290.8842   603                   1228.9929 22514162         
  53882 11821     1332.9474   599                   1232.5221 22567540         
  54270 12165     1440.7603   366                   1232.5221 23049969         
  54659 12590     2407.7399   180                   1232.5221 23192315         
  54976 12636     2412.3687   196                   1232.5221 23193028         
  55273 12601     1603.2885   344                   1232.5221 23386774         
  55573 13072     2429.3781   195                   1232.5221 23822010         
  55866 12792     1394.6537   538                   1232.5221 23630050         
Elapsed time = 3433.41 sec. (746658.27 ticks, tree = 783.73 MB, solutions = 0)
  56137 13001    infeasible                         1232.5221 23879425         
  56386 13003     1304.8739   523                   1232.5221 23884370         
  56728 13002     1413.5446   621                   1232.5221 24177380         
  57102 13074    infeasible                         1232.5221 24320803         
  57457 13068     1433.9572   565                   1232.5221 24472694         
  57827 13062     1344.5259   505                   1232.5221 24461765         
  58156 13056     1312.7079   602                   1232.5221 24589738         
  58521 13412     1308.6914   637                   1232.5221 25133768         
  58881 13165    infeasible                         1232.5221 24825751         
  59240 13411     1278.1595   644                   1232.5221 25164775         
Elapsed time = 3634.01 sec. (784953.77 ticks, tree = 866.84 MB, solutions = 0)
  59655 13447     1648.4897   485                   1232.5221 25219565         
  60015 13502     1437.4672   576                   1232.5221 25397317         
  60391 13737    infeasible                         1232.5221 25758406         
  60761 14202     2855.9774   147                   1232.5221 26153037         
  61030 13912     1401.5443   649                   1232.5221 26043594         
  61315 14261     1570.9726   521                   1232.5221 26370651         
  61591 14245    infeasible                         1232.5221 26396099         
  61890 14255    infeasible                         1232.5221 26493172         
  62309 14352     1326.4722   548                   1232.5221 26906026         
  62724 14531     3152.8929   124                   1232.5221 26764695         
Elapsed time = 3853.08 sec. (823274.23 ticks, tree = 956.31 MB, solutions = 0)
  63084 14365    infeasible                         1265.3509 26917708         
  63447 14593     1316.7766   608                   1272.4975 27289281         
  63831 14540     1364.9546   573                   1272.4975 27393947         
  64156 14554    infeasible                         1277.4156 27377049         
  64472 14543     1501.6438   516                   1277.8561 27451122         
  64803 14656     1457.7491   487                   1278.7582 27666981         
  65105 14718     1580.9025   483                   1282.0361 27860639         
  65416 14712     1379.3577   553                   1284.0643 28375297         
  65754 14700     1437.6991   448                   1286.8622 28306568         
  66074 14798    infeasible                         1287.8965 28545002         
Elapsed time = 4056.72 sec. (861565.78 ticks, tree = 984.85 MB, solutions = 0)
  66342 14782     1348.0059   497                   1290.8011 28603548         
  66571 14875     1323.4244   571                   1292.7466 29301374         
  66796 14877     1362.8811   534                   1294.1013 29179153         
  67065 14866    infeasible                         1295.0564 29363546         
  67310 14858     1590.4874   313                   1295.9647 29086902         
  67542 14883     1580.9898   510                   1297.9875 29240011         
  67832 14813    infeasible                         1299.8503 29523378         
  68098 14763     1376.2143   480                   1301.7270 30076977         
  68427 14783     1388.4260   341                   1303.2781 29900209         
  68756 14735    infeasible                         1306.4688 30197691         
Elapsed time = 4271.89 sec. (899865.84 ticks, tree = 972.78 MB, solutions = 0)
  69107 14729     1616.6149   481                   1307.9593 30256307         
  69547 14586    infeasible                         1309.4799 30625529         
  69914 14701     2711.0627   264                   1310.8168 30454563         
  70451 14678     1347.2160   524                   1312.6876 30416330         
  70916 15130     2801.4439   208                   1314.5344 31294599         
  71360 15282     2837.3317   259                   1314.5344 31296376         
  71777 14658     1422.0329   466                   1314.5344 31204265         
  72154 14645    infeasible                         1314.5344 31128572         
  72546 15145     1594.7913   386                   1314.5344 31415216         
  72841 15786     2935.5206   124                   1314.5344 32087746         
Elapsed time = 4487.48 sec. (938060.77 ticks, tree = 969.55 MB, solutions = 0)
  73129 15700     1627.4459   527                   1314.5344 32396155         
  73391 15794    infeasible                         1314.5344 32186435         
  73654 15771     1550.7287   547                   1314.5344 32273412         
  74045 15777     1516.3827   516                   1314.5344 32765020         
  74472 15761     1596.2813   324                   1314.5344 32955017         
  74932 15791     1625.9927   558                   1314.5344 32776285         
  75383 15829     1616.9533   462                   1314.5344 33116002         
  75942 15910     1656.4017   432                   1314.5344 33298202         
  76466 16453    infeasible                         1314.5344 33514343         
  76925 16453     3198.1793   161                   1314.5344 33368522         
Elapsed time = 4696.32 sec. (976243.11 ticks, tree = 1062.28 MB, solutions = 0)
  77456 15831     1441.9360   449                   1314.5344 33159134         
  77913 16477     1691.8621   426                   1314.5344 33532153         
  78427 16666     1497.7182   432                   1314.5344 33818991         
  78908 16811     1470.4417   454                   1314.5344 34024641         
  79416 16860     1461.4288   427                   1314.5344 34086055         
  79824 17609     1627.1741   531                   1329.0626 34564771         
  80212 16966    infeasible                         1329.0626 34272085         
  80609 17698     1448.5493   465                   1329.0626 34782176         
  80994 17884    infeasible                         1341.0152 35139531         
  81333 17885    infeasible                         1341.0152 35141958         
Elapsed time = 4910.46 sec. (1014509.60 ticks, tree = 1123.34 MB, solutions = 0)
  81638 17782     1626.1074   424                   1341.0152 35001341         
  81927 18501     1618.0409   400                   1341.0152 35810957         
  82179 18543     1427.9052   456                   1341.0152 36120094         
  82470 18547    infeasible                         1346.3421 36050023         
  82776 18511     1456.1786   480                   1346.3421 36084343         
  83090 18539     1532.2936   404                   1346.3421 36178686         
  83429 18543     1425.7587   386                   1346.3421 36221680         
  83823 18643     1445.3972   427                   1346.3421 36566757         
  84216 18707     1544.8430   490                   1375.8219 36924960         
  84694 18676    infeasible                         1376.2907 36657663         
Elapsed time = 5132.96 sec. (1052750.99 ticks, tree = 1198.33 MB, solutions = 0)
  85116 18809     1447.2099   534                   1379.1187 37278451         
  85549 18692     1542.8076   359                   1379.6939 36882642         
  85955 18729    infeasible                         1382.3472 36966212         
  86401 18818     1427.4347   537                   1385.3396 37296458         
  86823 18764     1915.9861   444                   1386.3409 37160925         
  87278 18900     1442.7439   389                   1389.1098 37431204         
  87736 19180    infeasible                         1389.9956 38331082         
  88196 19191    infeasible                         1392.1630 38109820         
  88695 19187    infeasible                         1394.7114 38343572         
  89168 19194     1623.4412   547                   1395.6853 38181760         
Elapsed time = 5341.30 sec. (1090986.42 ticks, tree = 1217.26 MB, solutions = 0)
  89631 19470    infeasible                         1396.8621 39270970         
  90060 19375     2367.4872   311                   1398.3483 38642757         
  90614 19311    infeasible                         1398.4616 38615090         
  91038 19433     1968.3970   296                   1401.9224 39063418         
  91455 19781     2441.3792   213                   1404.1586 39655755         
  91798 19796    infeasible                         1405.1569 39794160         
  92111 19801    infeasible                         1406.9776 40180466         
  92464 19843     1436.6320   471                   1407.6404 40073394         
  92793 19761     1470.1899   279                   1408.2858 39712673         
  93216 19678    infeasible                         1410.8688 40525002         
Elapsed time = 5568.89 sec. (1129222.87 ticks, tree = 1280.81 MB, solutions = 0)
  93808 19609     1515.8571   439                   1412.0006 40674750         
  94462 19900     2526.9814   256                   1412.0006 40509485         
  95061 19657     2177.7301   306                   1412.0006 41025552         
  95808 19813     2237.1388   240                   1412.0006 41028547         
  96525 19575    infeasible                         1412.0006 41028070         
  97378 20062     2351.2599   216                   1415.3669 41033693         
  98188 20196     2417.3942   133                   1415.3669 41036304         
  99031 20849     2410.0383   169                   1415.3669 41832600         
  99755 20167     1513.4208   389                   1415.3669 41377978         
 100445 20766     1717.1255   497                   1415.3669 41985874         
Elapsed time = 5782.37 sec. (1167429.00 ticks, tree = 1282.17 MB, solutions = 0)
 101061 20747     1473.4540   337                   1424.7922 41958839         
 101633 22032     1776.1460   449                   1427.2388 42470495         
 102181 21319     1473.5629   421                   1427.8046 42225639         
 102753 21622     1531.4044   342                   1428.8446 42288604         
 103307 22014     1506.9895   417                   1429.5045 42388890         
 103845 22073    infeasible                         1430.9176 42741102         
 104357 22069    infeasible                         1432.5196 42748131         
 104774 22452    infeasible                         1434.2764 43053193         
 105193 22450    infeasible                         1435.1720 42993372         
 105554 22450     1498.6623   493                   1436.9767 43404969         
Elapsed time = 6001.84 sec. (1205725.38 ticks, tree = 1282.95 MB, solutions = 0)
 105885 22472     1592.7135   332                   1437.3115 43444578         
 106216 22515     1511.4401   402                   1438.8884 43903613         
 106570 22438     1637.1025   453                   1441.3406 44501732         
 106917 22505    infeasible                         1443.6377 44132018         
 107286 22413     2279.7616   364                   1445.4443 44579074         
 107654 22130    infeasible                         1446.8784 44850388         
 107997 22221     1519.4393   370                   1447.4223 44690426         
 108342 22317    infeasible                         1448.7271 44622689         
 108983 21794     1525.3774   345                   1449.5062 45237575         
 109809 21480     1676.3955   345                   1449.5062 45619410         
Elapsed time = 6235.87 sec. (1243993.51 ticks, tree = 1223.09 MB, solutions = 0)
 110637 21897    infeasible                         1449.5062 45128092         
 111441 21327     1507.5285   594                   1449.5062 45778781         
 112229 21370    infeasible                         1449.5062 45760457         
 113010 21269     1546.0051   464                   1449.5062 45837550         
 113673 23044    infeasible                         1449.5062 46334155         
 114266 23039     1740.2969   367                   1459.6671 46453080         
 114797 22904     1534.4785   302                   1459.6671 46835001         
 115281 23033    infeasible                         1459.6671 46388776         
 115868 22901     1525.1505   521                   1459.6671 46623163         
 116424 23012     1582.0686   341                   1459.6671 46366186         
Elapsed time = 6438.03 sec. (1282224.95 ticks, tree = 1429.48 MB, solutions = 0)
 116937 22919     1708.8758   335                   1459.6671 46860094         
 117360 22753     1798.6519   489                   1471.2258 47194528         
 117818 22700    infeasible                         1472.9257 47735585         
 118232 22771     1612.2651   437                   1474.7841 47170149         
 118619 22694     1552.5272   544                   1475.6640 47743257         
 118960 22692    infeasible                         1476.5726 48139677         
 119317 22661     1576.5265   403                   1478.9355 47867027         
 119648 22371     1564.8687   582                   1480.8578 48685695         
 119973 22412    infeasible                         1482.7735 48611280         
 120316 22558     1561.8277   399                   1484.9242 48474785         
Elapsed time = 6673.88 sec. (1320455.95 ticks, tree = 1367.34 MB, solutions = 0)
 120660 22572     1686.6277   528                   1485.6943 48447919         
 120967 21959    infeasible                         1486.4982 49173880         
 121320 22512     1588.2502   520                   1487.8241 48545243         
 121705 22054    infeasible                         1489.7591 49080064         
 122098 21860     1562.3339   476                   1491.2904 49266738         
 122510 21980    infeasible                         1492.8591 49144543         
 122945 21585     1598.3062   406                   1494.9569 49512946         
 123432 21311     1528.5984   431                   1496.3058 49904325         
 123919 21394     1674.1048   405                   1497.1882 49759854         
 124631 21756     2290.6407   196                   1500.0471 49631940         
Elapsed time = 6898.50 sec. (1358749.96 ticks, tree = 1319.72 MB, solutions = 0)
 125312 21363     1621.7990   496                   1502.1333 49819725         
 125984 21507    infeasible                         1503.6987 50776380         
 126489 21262     1642.9964   407                   1504.4619 49958599         
 127016 21040     1575.8985   503                   1506.8699 50483551         
 127505 21157    infeasible                         1508.6228 50114015         
 128038 21500     1846.3350   420                   1510.3005 50643976         
 128524 21494     1624.1956   474                   1512.9950 50650249         
 128948 21340    infeasible                         1515.2947 51762108         
 129344 21372    infeasible                         1517.9788 51296342         
 129726 21531     1615.0025   323                   1519.4280 52051933         
Elapsed time = 7122.01 sec. (1397057.53 ticks, tree = 1247.34 MB, solutions = 0)
 130068 21501     1652.1302   434                   1521.9597 51979205         
 130439 21317    infeasible                         1522.8337 51615969         
 130742 21509    infeasible                         1524.3396 51985118         
 131028 21505     1775.7794   456                   1526.9067 51867685         
 131346 21475    infeasible                         1529.3719 52399517         
 131676 21219    infeasible                         1531.2238 53142352         
 132006 21458     1824.7741   518                   1532.4919 52486550         
 132299 21512    infeasible                         1535.5138 52744244         
 132606 21446    infeasible                         1536.9537 52832191         
 132931 21418     1655.3616   518                   1538.8398 52886198         
Elapsed time = 7349.34 sec. (1435352.26 ticks, tree = 1250.47 MB, solutions = 0)
 133262 21020    infeasible                         1541.0467 53446005         
 133735 20997     2587.5352   335                   1542.5589 53749552         
 134250 21023     1645.0754   500                   1545.3532 53427368         
 134833 20631     1628.0112   424                   1546.4954 54199613         
 135428 21417     2698.3033   204                   1548.9684 53755907         
 136041 20670     1661.0920   420                   1549.2439 54159168         
 136673 20743     1645.3741   473                   1550.8244 54066357         
 137270 21324     2743.1924   134                   1552.4217 54631590         
 137798 21242    infeasible                         1552.4217 55017876         
 138271 20516     1626.7528   435                   1552.4217 54340323         
Elapsed time = 7567.54 sec. (1473581.89 ticks, tree = 1214.04 MB, solutions = 0)
 138813 20533     1653.6814   313                   1552.4217 54345858         
 139321 21228     1646.8132   485                   1552.4217 54995895         
 139818 21237    infeasible                         1552.4217 55041567         
 140395 20384     1692.2843   409                   1552.4217 54611822         
 140892 21342    infeasible                         1567.7705 55552475         
 141384 21282    infeasible                         1569.9385 55228644         
 141952 21329    infeasible                         1575.1391 55438742         
 142558 21529     2336.7991   460                   1575.7981 56240901         
 143141 21951     2391.0298   242                   1578.3452 56121119         
 143717 22105     2421.8122   172                   1579.6224 56123551         
Elapsed time = 7795.38 sec. (1511814.13 ticks, tree = 1365.55 MB, solutions = 0)
 144245 21334     1694.5047   402                   1580.4728 55841799         
 144684 21515     1705.1562   395                   1583.8016 56864968         
 145103 21562    infeasible                         1586.2661 57081747         
 145413 21572     1753.7619   517                   1588.3877 56955958         
 145749 22341     1670.1688   428                   1590.4114 57613829         
 146040 21546    infeasible                         1591.8454 57094770         
 146380 21509     1709.0033   521                   1593.3742 57351869         
 146702 22257     1710.8348   370                   1594.2348 57801428         
 147021 21520     1711.8542   414                   1596.6908 57357426         
 147387 22334     1661.7788   485                   1599.1167 57631559         
Elapsed time = 8019.56 sec. (1550035.22 ticks, tree = 1385.40 MB, solutions = 0)
 147752 22241    infeasible                         1599.8458 57756171         
 148136 21927    infeasible                         1602.0535 58230778         
 148618 21677     1692.2318   418                   1604.1228 58653730         
 149179 21670     1695.8803   424                   1605.7906 58659603         
 149824 21641     1746.3005   422                   1607.5789 58784659         
 150478 22045     3320.2867   207                   1608.6142 58759484         
 151129 21834     1705.9445   433                   1610.0286 58414292         
 151830 21513     2370.1086   384                   1612.9744 59007346         
 152553 21686    infeasible                         1614.6181 58720691         
 153221 22313     3534.2213    85                   1616.4039 59934924         
Elapsed time = 8247.07 sec. (1588286.51 ticks, tree = 1353.70 MB, solutions = 0)
 153938 22478     3686.1501    57                   1616.4039 59938704         
 154667 22629     3888.2487   104                   1616.4039 59941510         
 155339 21256    infeasible                         1616.8544 59776575         
 155903 21234     1705.7035   474                   1616.8544 59649198         
 156456 22143     1709.5311   500                   1616.8544 60288324         
 156968 22220     1712.1700   438                   1616.8544 60566959         
 157484 22235    infeasible                         1616.8544 60438408         
 157958 22187     1736.0879   394                   1628.0013 60398636         
 158387 22211     1821.3527   387                   1628.7296 60867444         
 158810 22228    infeasible                         1629.9983 60457756         
Elapsed time = 8470.05 sec. (1626605.17 ticks, tree = 1328.38 MB, solutions = 0)
 159206 22574     1721.1193   391                   1631.9059 61959126         
 159616 22199     1718.9033   532                   1632.5048 60933177         
 159976 22201    infeasible                         1633.2214 61258392         
 160322 22223    infeasible                         1635.4771 61448277         
 160686 22451     1861.5722   401                   1637.9555 62580774         
 161020 22510    infeasible                         1640.3604 62078514         
 161372 22136     1733.8042   404                   1641.6513 62885644         
 161728 22512     1792.1283   461                   1643.0980 62232157         
 162097 22574     2809.9429   266                   1644.5572 62129618         
 162433 22172     2159.3807   238                   1645.2009 62937629         
Elapsed time = 8717.26 sec. (1664902.23 ticks, tree = 1285.22 MB, solutions = 0)
 162784 21997    infeasible                         1647.5946 63083594         
 163150 22212     2170.4065   325                   1649.7145 62938142         
 163501 21491     1739.4552   404                   1650.5572 63641499         
 163930 21354     2184.2107   263                   1654.0283 63914018         
 164522 21545    infeasible                         1654.0283 63559020         
 165130 21502    infeasible                         1654.0283 63626714         
 165742 21205     1988.6350   408                   1654.0283 64056246         
 166461 21091     2932.5912   225                   1654.0283 64277401         
 167350 21259    infeasible                         1654.0283 63880163         
 168098 22286     2408.6484   128                   1654.0283 63930804         
Elapsed time = 8941.86 sec. (1703102.69 ticks, tree = 1268.75 MB, solutions = 0)
 168897 21367     3020.2994   189                   1654.0283 64289488         
 169699 22565     2523.9322   129                   1654.0283 63935209         
 170459 20992    infeasible                         1654.0283 64270829         
 171104 21731     3126.4819   110                   1659.6987 64301280         
 171798 20484     1789.7371   440                   1659.6987 64770764         
 172387 21642    infeasible                         1659.6987 65457852         
 172910 20409     1805.7199   526                   1659.6987 64882545         
 173441 21810     1797.8014   547                   1659.6987 65175673         
 174010 22437    infeasible                         1659.6987 65810163         
 174558 22437     1824.4952   478                   1659.6987 65816342         
Elapsed time = 9156.10 sec. (1741364.44 ticks, tree = 1251.96 MB, solutions = 0)
 175111 22147    infeasible                         1682.3818 66694103         
 175610 22221    infeasible                         1683.5188 66897016         
 176070 22243     1779.3810   391                   1685.4008 66343083         
 176577 22416     1835.3613   373                   1686.4510 65840528         
 177021 22276     1847.9767   412                   1687.4872 66208419         
 177451 22103     1800.4103   431                   1689.5346 67062283         
 177838 22107     1803.8426   496                   1692.1266 67065005         
 178227 22265    infeasible                         1693.3543 66466922         
 178557 22236     1890.8190   473                   1694.7428 66875055         
 178879 21667    infeasible                         1698.8562 68072292         
Elapsed time = 9403.88 sec. (1779588.74 ticks, tree = 1184.35 MB, solutions = 0)
 179226 22026     1815.9727   476                   1699.8926 67235205         
 179554 22008    infeasible                         1700.9068 67237746         
 179902 21705    infeasible                         1702.3037 67722095         
 180266 21598     1867.7073   468                   1703.1419 68204518         
 180617 21317    infeasible                         1705.7336 68526228         
 181110 21171     3162.0785   170                   1707.0140 68985365         
 181626 20875    infeasible                         1707.0140 68980419         
 182239 20959     1908.2315   436                   1707.0140 68849005         
 182909 21627     3306.4323   114                   1707.0140 68998926         
 183745 20970    infeasible                         1707.4288 68855753         
Elapsed time = 9635.41 sec. (1817843.38 ticks, tree = 1165.20 MB, solutions = 0)
 184470 20812     1993.0677   333                   1707.4288 69569396         
 185475 21756    infeasible                         1707.4288 69015028         
 187021 21156     2156.9225   218                   1707.4288 69576665         
 189011 20753     2120.8288   246                   1707.4288 69752545         
 191371 20938     2100.4953   253                   1725.7794 69564510         
*193198+21635                         2428.8505     1727.8494            28.86%
 193738 22618     2310.1714   100     2428.8505     1727.8494 70108951   28.86%
 196490 22143     2272.7656    37     2428.8505     1732.4912 70074041   28.67%
*196497+13364                         2329.3927     1732.4912            25.62%
 199208 21089     2162.1764   168     2329.3927     1734.2858 69544566   25.55%
*200715+11046                         2314.0985     1734.2858            25.06%
*201449+12145                         2309.8697     1734.2858            24.92%
 201965 21193     2281.9645   121     2309.8697     1734.2858 69854597   24.92%
 204217 11561     2182.8678   181     2309.8697     1738.8176 70597926   24.72%
Elapsed time = 9853.72 sec. (1856013.61 ticks, tree = 587.54 MB, solutions = 8)
 206295 21359     2317.0987    11     2309.8697     1742.1250 69775641   24.58%
*207714+14121                         2252.4097     1744.3801            22.55%
 207861 23796     2431.5059    53     2252.4097     1744.3801 70188276   22.55%
*208499+16775                         2227.1569     1746.3111            21.59%
 209169 12489     2300.8262   225     2227.1569     1746.5038 70738618   21.58%
*209848+15650                         2146.5950     1753.4687            18.31%
 210147 11372     2113.9677   176     2146.5950     1753.4687 72097302   18.31%
*210544+11477                         2144.6685     1754.0567            18.21%
 211459 11520     2043.5097   251     2144.6685     1792.3865 72199277   16.43%
 214147 11378     2115.2717   290     2144.6685     1835.0423 72389959   14.44%
*214785+11707                         2136.9086     1835.0423            14.13%
*216044+11479                         2134.9822     1835.0423            14.05%
 217544 11557     2038.8116   277     2134.9822     1835.0423 72350590   14.05%
*218623+12209                         2118.1575     1835.0423            13.37%
*218870+12554                         2116.2310     1835.0423            13.29%
 221283 11804     2122.0753   265     2116.2310     1835.0423 72514235   13.29%
 224729 11526     1995.0961   348     2116.2310     1835.0423 72703689   13.29%
 227830 12371     1999.9215   293     2116.2310     1835.0423 72783836   13.29%
Elapsed time = 10062.61 sec. (1894181.99 ticks, tree = 395.52 MB, solutions = 32)
 231458 12912     2089.4011   159     2116.2310     1881.6094 72798896   11.09%
*231628+12907                         2113.0791     1881.6094            10.95%
*232326+12017                         2091.4670     1881.6094            10.03%
*232368+12015                         2085.9073     1881.6094             9.79%
 235298 12360     2110.8570   194     2085.9073     1898.3636 72558935    8.99%
 238949 14310     2085.5678   181     2085.9073     1909.1978 72886461    8.47%
*240476+11750                         2078.1239     1915.8401             7.81%
 242435 14454     2043.4876   297     2078.1239     1924.5852 73419370    7.39%
 245908 15543     2087.4119   226     2078.1239     1929.8445 72995515    7.14%
*248163+13826                         2077.9654     1942.8862             6.50%
*248203+13826                         2076.7208     1942.8862             6.44%
 249387 14611     2064.3707   224     2076.7208     1943.0261 73430280    6.44%
 252668 14467     2022.3931   274     2076.7208     1943.0261 73585652    6.44%
*252724+17614                         2076.1710     1943.0261             6.41%
 255958 21529     2064.2344   239     2076.1710     1943.9649 74146409    6.37%
*257880+21575                         2075.8612     1943.9649             6.35%
*259602+14462                         2070.0662     1951.8280             5.71%
 259895 23526     2002.8558   341     2070.0662     1951.8280 74328005    5.71%
*262910+22956                         2068.6631     1953.7821             5.55%
 264156 20767     2061.1816   232     2068.6631     1954.8523 74041775    5.50%
Elapsed time = 10278.40 sec. (1932338.67 ticks, tree = 567.74 MB, solutions = 71)
*265465+21027                         2064.1040     1954.8523             5.29%
 268203 16896     2048.9957   280     2064.1040     1956.1416 73773025    5.23%
*269384+24165                         2063.6868     1956.1416             5.21%
*270107+19848                         2062.4346     1956.1416             5.15%
 272129 16506     2062.6758   300     2062.4346     1956.1416 73721019    5.15%
*273125+25999                         2062.2870     1956.1416             5.15%
 275996 25611     1999.0780   330     2062.2870     1957.4922 74617598    5.08%
 279949 26408     2044.2228   249     2062.2870     1959.5556 74774641    4.98%
*281655+28715                         2061.9430     1960.8835             4.90%
*281854+28714                         2060.6983     1960.8835             4.84%
 283894 29463     2034.3165   267     2060.6983     1960.9138 74999940    4.84%
 287719 26532     2036.6663   348     2060.6983     1960.9138 74815191    4.84%
 291352 30105     2033.9593   249     2060.6983     1960.9138 75043482    4.84%
*292234+37552                         2060.3407     1960.9138             4.83%
*294886+38770                         2057.8067     1961.3185             4.69%
 295028 41542     2015.5065   340     2057.8067     1961.3185 75673354    4.69%
 298825 34192     2054.4908   249     2057.8067     1961.3313 75294355    4.69%
*300871+42675                         2056.8402     1964.9873             4.47%
 302255 45640     2054.5433   136     2056.8402     1965.0322 75980375    4.46%
Elapsed time = 10550.24 sec. (1970491.62 ticks, tree = 3138.82 MB, solutions = 91)
Nodefile size = 1072.11 MB (689.81 MB after compression)
 305877 45753     1989.5978   334     2056.8402     1965.7485 75984877    4.43%
*307413+54259                         2054.9984     1966.0219             4.33%
 309753 47406     2035.2851   110     2054.9984     1966.0724 76055943    4.33%
*311319+53156                         2054.7651     1966.6820             4.29%
*313492+44403                         2053.8287     1966.8285             4.24%
*313612+44399                         2053.6475     1966.8285             4.23%
 313637 42089     2048.8268   241     2053.6475     1966.8285 75697041    4.23%
*317372+54416                         2053.0386     1967.3378             4.17%
 317503 50369     2039.9545   239     2053.0386     1967.3448 76229278    4.17%
 321578 54811     2034.1061   219     2053.0386     1968.0844 76530285    4.14%
 325725 52938     2036.7720   265     2053.0386     1968.3329 76445689    4.13%
 329685 59822     2009.8046   361     2053.0386     1968.9758 76825478    4.09%
 333801 60109     2042.1172    91     2053.0386     1969.4696 76860255    4.07%
*336023+66945                         2050.7869     1969.4696             3.97%
 338229 59548     2027.3084   165     2050.7869     1969.8550 76838001    3.95%
 342626 72039     2011.1372   341     2050.7869     1970.2433 77483062    3.93%
Elapsed time = 10788.77 sec. (2008652.23 ticks, tree = 6884.87 MB, solutions = 101)
Nodefile size = 4798.96 MB (3162.00 MB after compression)
 346432 64517     1983.9573   355     2050.7869     1970.2433 77037311    3.93%
*346555+81206                         2050.4294     1970.2433             3.91%
 350700 73470     2027.9040   304     2050.4294     1970.2433 77551286    3.91%
 354707 77974     2024.0389   342     2050.4294     1971.3944 77719978    3.85%
 358964 86395     2003.0105   291     2050.4294     1971.5368 78067296    3.85%
 363195 94300     2013.5851   334     2050.4294     1971.8588 78360461    3.83%
 367393 92338     2041.5709   310     2050.4294     1972.0854 78281486    3.82%
 371378 103898     2034.5793   363     2050.4294     1972.4018 78736035    3.81%
 375827 86205     2050.1620   348     2050.4294     1972.4314 78062287    3.80%
 379987 93453     2034.2298   144     2050.4294     1973.0097 78321631    3.78%
 384265 105731     2033.6713   261     2050.4294     1973.2751 78801415    3.76%
Elapsed time = 11053.42 sec. (2046812.09 ticks, tree = 11365.04 MB, solutions = 108)
Nodefile size = 9251.44 MB (6135.70 MB after compression)
 388566 108366     2036.3382   309     2050.4294     1973.5567 78909004    3.75%
 392706 124294     2045.3826   333     2050.4294     1973.8359 79486793    3.74%
 396814 107943     2023.6844   344     2050.4294     1974.0250 78890727    3.73%
 400769 131952     2036.1740   251     2050.4294     1974.1129 79755572    3.72%
 404753 134517     2022.7331   113     2050.4294     1974.1129 79857873    3.72%
 408933 134682     2036.6958   104     2050.4294     1974.1129 79862406    3.72%
 412904 138836     1995.0874   339     2050.4294     1975.2224 80040084    3.67%
 416952 146039        cutoff           2050.4294     1975.4909 80324335    3.65%
 420900 146173     2032.9549   283     2050.4294     1975.6586 80329501    3.65%
 424634 142771     1997.8356   375     2050.4294     1975.8381 80192417    3.64%
Elapsed time = 11318.26 sec. (2084967.56 ticks, tree = 16325.67 MB, solutions = 108)
Nodefile size = 14210.76 MB (9452.71 MB after compression)
 428773 157195     2024.1654   260     2050.4294     1976.0367 80752052    3.63%
 433012 144772     1995.7556   334     2050.4294     1976.2390 80273134    3.62%
 436960 159508     2003.0860   279     2050.4294     1976.5454 80853324    3.60%
 440939 160192     2020.1431   254     2050.4294     1976.6552 80882613    3.60%
 445151 158252     2048.4740   324     2050.4294     1976.8272 80794421    3.59%
 449201 173633     1992.0179   407     2050.4294     1977.0002 81391535    3.58%
 453189 168400     2043.0769   309     2050.4294     1977.2057 81194142    3.57%
 457105 170350     2038.1037   330     2050.4294     1977.4904 81261715    3.56%
*460403+187404                         2050.1398     1977.6538             3.54%
 461116 188557     2020.3558   351     2050.1398     1977.6677 81994016    3.53%
 465326 193340     2036.7289   238     2050.1398     1977.7523 82196046    3.53%
Elapsed time = 11574.51 sec. (2123120.77 ticks, tree = 23140.17 MB, solutions = 109)
Nodefile size = 21072.81 MB (14036.99 MB after compression)
*468688+194040                         2050.0148     1977.9111             3.52%
 469323 192389     1994.5949   331     2050.0148     1977.9306 82157990    3.52%
 473455 185440     2009.5694   402     2050.0148     1978.0664 81873779    3.51%
 477625 194715     2018.0107   181     2050.0148     1978.1588 82253318    3.51%
 481797 207581     2020.3504   286     2050.0148     1978.3032 82765397    3.50%
 485881 198969     2021.8606   320     2050.0148     1978.3696 82429000    3.49%
 489789 201941     2017.5781   329     2050.0148     1978.5146 82544997    3.49%
 494216 218437     2014.0758   332     2050.0148     1978.6367 83188830    3.48%
 498291 223268     2000.6210   287     2050.0148     1978.7275 83390969    3.48%
 502365 220785     1996.4964   345     2050.0148     1978.8213 83288952    3.47%
 506521 227562     1999.5709   317     2050.0148     1978.8840 83546816    3.47%
Elapsed time = 11831.34 sec. (2161279.77 ticks, tree = 27755.95 MB, solutions = 111)
Nodefile size = 25664.28 MB (17107.72 MB after compression)
 510569 231340     2047.6395   287     2050.0148     1978.9975 83691770    3.46%
 514680 227215     2045.6335   193     2050.0148     1979.0886 83538587    3.46%
 518764 241118     2009.0509   342     2050.0148     1979.1751 84070579    3.46%
 523097 241692     2004.1345   281     2050.0148     1979.2288 84098942    3.45%
 527112 239357     2032.6716   153     2050.0148     1979.3130 83995664    3.45%
 531390 252554     2031.0242   248     2050.0148     1979.4153 84504291    3.44%
 535710 245119     2022.6543   323     2050.0148     1979.4996 84229338    3.44%
 539712 256095     2023.4904   295     2050.0148     1979.5668 84635477    3.44%
 543757 258761     2036.9772   276     2050.0148     1979.6344 84740401    3.43%
 547816 268295     2027.8665   233     2050.0148     1979.7043 85109720    3.43%
Elapsed time = 12092.81 sec. (2199435.56 ticks, tree = 33249.12 MB, solutions = 111)
Nodefile size = 31166.43 MB (20785.94 MB after compression)
 551980 267895     2013.1439   274     2050.0148     1979.7910 85095322    3.43%
 556181 273345     2015.9768   284     2050.0148     1979.8950 85318442    3.42%
*558760+278863                         2049.1213     1979.9317             3.38%
 560532 273480     2033.5881   254     2049.1213     1979.9568 85323431    3.38%
 564444 279592     2016.8315   312     2049.1213     1980.0740 85573403    3.37%
 568605 287384     2036.8833   237     2049.1213     1980.1420 85965350    3.37%
 572965 290950     2035.1588   335     2049.1213     1980.2149 86108017    3.36%
*574458+282787                         2048.7067     1980.2149             3.34%
 577071 288652     2026.9819   222     2048.7067     1980.2856 86015813    3.34%
 581197 295952     2040.6614   244     2048.7067     1980.3753 86368255    3.34%
 585471 300526     2035.0357   364     2048.7067     1980.4858 86552856    3.33%
 589486 303310     2024.4405   233     2048.7067     1980.5559 86654379    3.33%
Elapsed time = 12353.05 sec. (2237590.51 ticks, tree = 38043.01 MB, solutions = 113)
Nodefile size = 35955.92 MB (23988.33 MB after compression)
 593513 301737     2028.6420   161     2048.7067     1980.6126 86598802    3.32%
 597702 312728     2030.2431   294     2048.7067     1980.6865 87021143    3.32%
 601892 319137     2020.2294   337     2048.7067     1980.7612 87264765    3.32%
*603928+306047                         2046.3575     1980.7730             3.20%
*604001+306023                         2043.7358     1980.7730             3.08%
 606351 317350     1995.0053   266     2043.7358     1980.8446 87198475    3.08%
 610262 319849     2030.3292   340     2043.7358     1980.8881 87293529    3.08%
 614431 300715     2026.5019   297     2043.7358     1980.9546 87604200    3.07%
 618300 302630     2034.1639   241     2043.7358     1981.0609 87686453    3.07%
 622315 304997     2041.1994   211     2043.7358     1981.1419 87786474    3.06%
 626460 310885     2029.5556   239     2043.7358     1981.1929 88038295    3.06%
 630644 304621     2041.6696   235     2043.7358     1981.2542 87779292    3.06%
Elapsed time = 12607.35 sec. (2275747.60 ticks, tree = 38432.86 MB, solutions = 115)
Nodefile size = 36321.75 MB (24221.15 MB after compression)
 634826 309321     2014.6300   323     2043.7358     1981.3254 87973885    3.05%
 638945 318929     2023.7833   254     2043.7358     1981.3918 88367065    3.05%
 643017 318234     2016.0438   359     2043.7358     1981.4337 88333300    3.05%
 647054 321755     2028.2616   290     2043.7358     1981.4944 88487410    3.05%
 651124 333579     2019.5884   301     2043.7358     1981.5735 88953786    3.04%
 655384 336992     2030.8661   229     2043.7358     1981.6234 89088102    3.04%
 659548 343920     2037.1705   284     2043.7358     1981.6808 89367863    3.04%
 663414 346803     2019.0209   372     2043.7358     1981.7483 89482757    3.03%
 667477 342197        cutoff           2043.7358     1981.8200 89304835    3.03%
