Version identifier: 22.1.1.0 | 2022-11-28 | 9160aff4d
CPXPARAM_TimeLimit                               20400
Tried aggregator 1 time.
MIP Presolve eliminated 19706 rows and 11238 columns.
MIP Presolve modified 13582 coefficients.
Reduced MIP has 12041 rows, 19732 columns, and 65625 nonzeros.
Reduced MIP has 10044 binaries, 9688 generals, 0 SOSs, and 0 indicators.
Presolve time = 0.12 sec. (65.89 ticks)
Probing fixed 182 vars, tightened 26 bounds.
Probing changed sense of 26 constraints.
Probing time = 0.35 sec. (74.24 ticks)
Tried aggregator 1 time.
Detecting symmetries...
MIP Presolve eliminated 480 rows and 503 columns.
MIP Presolve modified 4 coefficients.
Reduced MIP has 11561 rows, 19229 columns, and 63238 nonzeros.
Reduced MIP has 9861 binaries, 9368 generals, 0 SOSs, and 0 indicators.
Presolve time = 0.11 sec. (56.97 ticks)
Probing fixed 137 vars, tightened 0 bounds.
Probing time = 0.19 sec. (67.36 ticks)
Cover probing fixed 68 vars, tightened 0 bounds.
Clique table members: 25698.
MIP emphasis: balance optimality and feasibility.
MIP search method: dynamic search.
Parallel mode: deterministic, using up to 32 threads.
Root relaxation solution time = 2.97 sec. (389.40 ticks)

        Nodes                                         Cuts/
   Node  Left     Objective  IInf  Best Integer    Best Bound    ItCnt     Gap

      0     0      912.1606   220                    912.1606       23         
      0     0      972.2737   364                   Cuts: 312     1250         
      0     0      990.8716   400                   Cuts: 191     2076         
      0     0      995.4264   407                   Cuts: 105     2526         
      0     0      996.5883   362                    Cuts: 72     2653         
      0     0      997.3562   412                    Cuts: 34     2834         
Detecting symmetries...
      0     0      997.6908   394                    Cuts: 43     2940         
      0     0      997.9397   410                    Cuts: 20     3018         
      0     0      997.9813   403                    Cuts: 19     3050         
      0     0      998.0242   402                     Cuts: 6     3079         
Detecting symmetries...
      0     2      998.0242   402                   1001.8602     3079         
Elapsed time = 15.99 sec. (6447.55 ticks, tree = 0.02 MB, solutions = 0)
      7     7     1025.6437   342                   1001.8602     4025         
     23    25     1054.4542   320                   1001.8602     6994         
     66    34     1113.8158   352                   1001.8602    14648         
    114    68     1074.1507   315                   1030.4393    53138         
    125    75     1077.3114   314                   1030.4393    65983         
    164   122    infeasible                         1030.4393   113062         
    271   141     1045.4886   377                   1030.4393   119932         
    391   218     1216.3785   279                   1030.4393   136445         
    511   309     1168.1198   289                   1030.4393   154673         
   1059   666     1152.9373   308                   1030.4393   225158         
Elapsed time = 33.35 sec. (9643.91 ticks, tree = 18.60 MB, solutions = 0)
   1643   862     1182.4329   327                   1030.4393   264364         
   2276  1198     1107.4489   370                   1036.1928   327676         
   3059  1721     1107.5001   330                   1036.9957   407321         
   3716  2117     1108.3727   298                   1045.1353   467431         
   3961  2445    infeasible                         1049.8348   528675         
   4550  2479     1118.6074   344                   1051.5653   548306         
   5254  2860     1184.9534   321                   1051.5653   618580         
   5939  3331     1121.9766   354                   1051.5653   681939         
   6703  3929     1289.4434   283                   1051.5653   759051         
   7651  4502     1508.1897   386                   1051.5653   824989         
Elapsed time = 74.05 sec. (19200.66 ticks, tree = 316.72 MB, solutions = 0)
   8200  4946     1114.0946   401                   1051.5653   868496         

Performing restart 1

Repeating presolve.
Tried aggregator 1 time.
MIP Presolve eliminated 51 rows and 216 columns.
MIP Presolve modified 80 coefficients.
Reduced MIP has 11510 rows, 19013 columns, and 62616 nonzeros.
Reduced MIP has 9656 binaries, 9357 generals, 0 SOSs, and 0 indicators.
Presolve time = 0.06 sec. (31.32 ticks)
Tried aggregator 1 time.
MIP Presolve eliminated 3 rows and 6 columns.
MIP Presolve modified 18 coefficients.
Reduced MIP has 11507 rows, 19007 columns, and 62598 nonzeros.
Reduced MIP has 9653 binaries, 9354 generals, 0 SOSs, and 0 indicators.
Presolve time = 0.08 sec. (39.46 ticks)
Represolve time = 0.77 sec. (194.56 ticks)
   8202     0     1048.8104   580                   Cuts: 220   937497         
   8202     0     1067.4468   645                   Cuts: 312   939098         
   8202     0     1090.1005   611                   Cuts: 321   940790         
   8202     0     1101.0639   668                   Cuts: 342   942088         
   8202     0     1106.7126   704                   Cuts: 348   943130         
   8202     0     1111.8297   735                   Cuts: 227   943799         
   8202     0     1114.5421   738                   Cuts: 223   944287         
   8202     0     1119.6135   783                   Cuts: 177   944810         
   8202     0     1128.6905   777                   Cuts: 189   945532         
   8202     0     1136.2317   800                   Cuts: 279   946253         
   8202     0     1137.4350   819                   Cuts: 190   946809         
   8202     0     1138.6182   797                   Cuts: 143   947277         
   8202     0     1140.5080   805                   Cuts: 250   947849         
   8202     0     1141.3514   822                   Cuts: 220   948348         
   8202     0     1141.9657   853                   Cuts: 124   948711         
   8202     0     1142.3976   802                   Cuts: 181   948986         
   8202     0     1142.6904   840                   Cuts: 114   949226         
   8202     0     1142.9786   825                    Cuts: 78   949502         
   8202     0     1143.6413   818                   Cuts: 120   949715         
   8202     0     1143.7920   830                    Cuts: 92   949857         
   8202     0     1143.8972   840                    Cuts: 50   949976         
   8202     0     1143.9715   853                    Cuts: 36   950121         
   8202     0     1144.0508   859                    Cuts: 28   950248         
   8202     0     1144.1548   845                    Cuts: 51   950380         
   8202     2     1144.1548   845                   1144.1548   950380         
   8203     3     1145.2651   819                   1145.2808   951048         
   8204     3     1160.3328   733                   1145.2808   951131         
   8205     5     1160.9351   729                   1145.2808   952341         
   8208     5     1181.9111   587                   1148.2892   953505         
   8209     8     1195.5763   607                   1148.2892   957492         
   8213     7     1185.8735   646                   1148.2892   956378         
   8215     6     1164.3776   731                   1149.0560   953644         
   8219    10     1200.3812   629                   1149.0560   960108         
Elapsed time = 187.01 sec. (91105.39 ticks, tree = 0.02 MB, solutions = 0)
   8222    10     1202.4911   580                   1149.0560   960751         
   8225    11     1180.2778   634                   1149.0560   964542         
   8227    12     1179.1847   760                   1149.0560   964578         
   8229    13     1246.7794   636                   1149.0560   968929         
   8233     8     1185.9690   652                   1149.0560   956494         
   8235    13     1246.5898   563                   1149.0560   971852         
   8239    11     1208.2378   581                   1149.0560   965876         
   8244    14     1213.2533   740                   1151.7096   996671         
   8246    13    infeasible                         1151.7096  1004626         
   8249    17    infeasible                         1151.7096  1031907         
Elapsed time = 217.95 sec. (103255.40 ticks, tree = 0.02 MB, solutions = 0)
   8251    15     1192.1493   731                   1151.7096  1003363         
   8253    13     1169.2844   805                   1151.7096   970015         
   8261    18     1183.9350   601                   1151.7096  1085641         
   8265    19    infeasible                         1151.7096  1151900         
   8275    17     1208.8195   635                   1151.7214  1009993         
   8284    22    infeasible                         1151.7214  1243264         
   8292    21     1247.5185   473                   1151.7214  1179119         
   8304    16     1152.6283   803                   1151.7214  1004100         
   8323    26     1236.6332   660                   1152.6301  1250772         
   8348    42     1240.9816   640                   1152.7323  1310777         
Elapsed time = 251.71 sec. (114018.04 ticks, tree = 0.03 MB, solutions = 0)
   8381    23     1235.7342   680                   1152.7323  1182192         
   8419    42    infeasible                         1152.7323  1371874         
   8446    52     1226.1899   609                   1152.7323  1309811         
   8488    48     1211.0813   533                   1155.4451  1406805         
   8534    74     1292.6805   552                   1155.4451  1427998         
   8583    44    infeasible                         1155.4451  1392567         
   8619    84     1395.3890   546                   1155.4451  1474200         
   8676    69    infeasible                         1155.4451  1499857         
   8753   107     1230.1057   581                   1155.4451  1507759         
   8875   113     1299.4046   459                   1155.4451  1506490         
Elapsed time = 297.04 sec. (123713.27 ticks, tree = 1.60 MB, solutions = 0)
   8951   157     1261.8331   589                   1155.4451  1559463         
   9076   352     1297.8642   628                   1155.4451  1636929         
   9180   198     1218.8840   618                   1157.4152  1587950         
   9299   382     1298.5116   497                   1157.4152  1645562         
   9394   416     1300.0822   586                   1157.4152  1657400         
   9459   481     1268.3941   498                   1157.4152  1685121         
   9507   670     1290.3799   566                   1157.4152  1745062         
   9555   753     1307.1857   555                   1157.4152  1781792         
   9611   743     1351.1918   499                   1157.4152  1774099         
   9686   754     1440.4388   543                   1157.4152  1805376         
Elapsed time = 345.02 sec. (133398.33 ticks, tree = 30.07 MB, solutions = 0)
   9776   789     1300.3755   524                   1157.4152  1834434         
   9885   757     1270.5467   620                   1157.4152  1797022         
  10037   854     1239.6048   694                   1162.7508  1894965         
  10155   913     1324.0323   623                   1162.7508  1909042         
  10279   963     1252.7504   778                   1162.7508  1936206         
  10415  1065     1237.6408   625                   1162.7508  1964941         
  10510  1042     1537.8539   443                   1162.7508  1958703         
  10638  1058     1217.1641   719                   1162.7508  1962737         
  10801   984     1323.5981   594                   1162.7508  1945365         
  11008  1402     1343.0397   528                   1162.7508  2071000         
Elapsed time = 391.04 sec. (143073.05 ticks, tree = 67.32 MB, solutions = 0)
  11175  1301     1319.7168   583                   1162.7508  2037635         
  11373  1486     1278.3679   617                   1162.7508  2099529         
  11517  1820     1288.0631   469                   1162.7508  2179035         
  11693  1659     1278.8007   651                   1162.7508  2150426         
  11869  1704     1270.0401   680                   1162.7508  2164804         
  12014  1610     1205.1238   787                   1162.7508  2147931         
  12177  1918     1320.1898   615                   1162.7508  2206734         
  12316  1930     1320.8918   605                   1162.7508  2207821         
  12453  2151     1311.3094   565                   1162.7508  2252070         
  12546  2196     1269.4321   586                   1162.7508  2260623         
Elapsed time = 442.34 sec. (152652.30 ticks, tree = 102.99 MB, solutions = 0)
  12630  2748    infeasible                         1162.7508  2360911         
  12679  2530     1290.6848   709                   1162.7508  2328543         
  12726  2748    infeasible                         1162.7508  2362601         
  12780  3117     1604.5557   516                   1162.7508  2488360         
  12831  3029     1334.4336   592                   1186.6900  2420966         
  12877  3105     1316.4926   551                   1194.4367  2475226         
  12934  3138     1541.2995   541                   1194.4367  2556776         
  13004  3156     1616.2279   397                   1200.2830  2579260         
  13064  3174    infeasible                         1200.2830  2631492         
  13412  3281     1436.0626   491                   1201.8665  2690998         
Elapsed time = 512.38 sec. (165239.23 ticks, tree = 208.17 MB, solutions = 0)
  14065  3518     1634.9561   457                   1201.8665  2820023         
  14727  3666     1298.6360   694                   1204.8806  2845911         
  15365  4359     1524.8912   417                   1208.8545  2979176         
  16080  4769     1261.5664   721                   1212.2005  3089182         
  16407  5015     1299.5917   727                   1212.2005  3135445         
  16442  5199     1545.8939   526                   1212.2005  3173890         

Performing restart 2

Repeating presolve.
Tried aggregator 1 time.
MIP Presolve eliminated 61 rows and 66 columns.
MIP Presolve modified 310 coefficients.
Reduced MIP has 11446 rows, 18941 columns, and 66119 nonzeros.
Reduced MIP has 9648 binaries, 9293 generals, 0 SOSs, and 0 indicators.
Presolve time = 0.07 sec. (33.08 ticks)
Tried aggregator 1 time.
MIP Presolve eliminated 33 rows and 60 columns.
MIP Presolve modified 49 coefficients.
Reduced MIP has 11413 rows, 18881 columns, and 65905 nonzeros.
Reduced MIP has 9618 binaries, 9263 generals, 0 SOSs, and 0 indicators.
Presolve time = 0.09 sec. (44.23 ticks)
Represolve time = 1.61 sec. (493.26 ticks)
  16443     0     1146.5168   889                   Cuts: 332  3361878         
  16443     0     1147.0593   884                    Cuts: 86  3362093         
  16443     0     1148.0028   870                    Cuts: 89  3362433         
  16443     0     1148.1663   847                   Cuts: 108  3362591         
  16443     0     1149.2228   869                    Cuts: 68  3362981         
  16443     0     1149.5921   900                    Cuts: 81  3363234         
  16443     0     1149.7876   878                    Cuts: 68  3363423         
  16443     0     1150.6431   892                    Cuts: 52  3363757         
  16443     0     1152.2800   854                    Cuts: 69  3364424         
  16443     0     1152.8460   853                   Cuts: 156  3364734         
  16443     0     1153.2130   827                    Cuts: 98  3365238         
  16443     0     1153.8258   879                   Cuts: 118  3365697         
  16443     2     1153.8263   870                   1219.7824  3365697         
  16444     3     1169.0724   749                   1219.7824  3366816         
  16447     4     1174.8275   727                   1219.7824  3367709         
  16450     9     1160.2312   819                   1219.7824  3373152         
Elapsed time = 714.26 sec. (256169.15 ticks, tree = 0.02 MB, solutions = 0)
  16455     8     1175.1025   772                   1219.7824  3372857         
  16460    12     1211.9038   694                   1219.7824  3381633         
  16475    15     1199.3516   763                   1219.7824  3387412         
  16505    11     1249.5814   652                   1219.7824  3382496         
  16570    37     1279.4177   656                   1219.7824  3515031         
  16661    48     1189.0057   790                   1219.7824  3678261         
  16767   121     1264.0228   611                   1219.7824  3813777         
  16924   172     1222.9871   674                   1219.7824  3898900         
  17065   294     1248.6324   632                   1219.7824  3999495         
  17297   329     1227.4015   661                   1219.7824  4018405         
Elapsed time = 886.35 sec. (295377.65 ticks, tree = 12.35 MB, solutions = 0)
  17559   554     1430.2502   600                   1219.7824  4183250         
  17741   740     1290.6988   602                   1219.7824  4333382         
  17947   982     1415.4163   560                   1219.7824  4547597         
  18151  1001     1578.1425   608                   1219.7824  4554494         
  18316  1091     1333.9859   520                   1219.7824  4658621         
  18476  1300    infeasible                         1219.7824  4829649         
  18692  1426     1724.9294   515                   1219.7824  5005017         
  19006  1442     1341.1386   669                   1219.7824  4966177         
  19238  1494     1352.2070   520                   1219.7824  5080146         
  19466  1843     1301.4470   639                   1219.7824  5285621         
Elapsed time = 1085.48 sec. (333778.07 ticks, tree = 96.78 MB, solutions = 0)
  19720  2053     1464.5389   632                   1219.7824  5417752         
  19976  2142     1340.6172   617                   1219.7824  5521089         
  20198  2323     1304.5902   627                   1219.7824  5660111         
  20390  2345    infeasible                         1219.7824  5673738         
  20552  2704     1274.6398   717                   1219.7824  6046244         
  20729  2631     1508.8507   568                   1219.7824  5908952         
  20916  2804    infeasible                         1219.7824  6258080         
  21104  2895     1305.2383   781                   1219.7824  6336624         
  21307  2870    infeasible                         1219.7824  6309974         
  21476  3100     1302.7594   601                   1223.1627  6627406         
Elapsed time = 1271.79 sec. (372123.42 ticks, tree = 168.37 MB, solutions = 0)
  21688  3073     1305.9286   491                   1223.1627  6574781         
  21917  3176    infeasible                         1225.6777  6747873         
  22129  3186     1303.4735   581                   1232.7791  6759437         
  22403  3444     1309.4866   481                   1232.7791  7140015         
  22676  3515     1287.2912   762                   1238.1826  7235754         
  22857  3498     1280.0846   684                   1238.4971  7234247         
  23028  3604     1312.7147   781                   1238.6064  7304443         
  23233  3701    infeasible                         1238.6064  7394500         
  23468  3885    infeasible                         1238.6064  7632121         
  23796  3984    infeasible                         1240.6156  7829444         
Elapsed time = 1456.63 sec. (410397.86 ticks, tree = 235.73 MB, solutions = 0)
  24086  3882     1343.9536   697                   1240.6156  7769503         
  24347  4166     1312.7892   732                   1242.3287  7988947         
  24596  4241     1269.7745   714                   1246.2640  8036365         
  24880  4595     1291.6531   668                   1247.3909  8406221         
  25128  4540     1316.7112   588                   1249.1996  8343493         
  25338  4750     1289.8912   698                   1250.3665  8538369         
  25547  4823     1271.3066   630                   1252.2266  8605228         
  25789  4932     1293.1541   541                   1252.2266  8831325         
  26070  4999     1499.1309   597                   1252.2266  8878251         
  26336  5022     1292.6592   602                   1252.8132  8942169         
Elapsed time = 1641.92 sec. (448694.95 ticks, tree = 299.17 MB, solutions = 0)
  26660  5284     1332.7298   700                   1252.8132  9196430         
  26944  5366     1281.6579   658                   1252.8132  9283154         
  27261  5420     1317.0799   629                   1255.5229  9376841         
  27496  5426     1299.7786   674                   1255.5229  9381164         
  27755  5531    infeasible                         1258.2308  9495040         
  28005  5701     1318.1047   553                   1258.5598  9744967         
  28227  5882     1606.1799   466                   1258.5598  9904807         
  28447  5993     1440.2118   511                   1259.0674 10051127         
  28685  6004     1499.6907   470                   1259.0674 10053343         
  28917  6032     1275.5765   651                   1262.3068 10267281         
Elapsed time = 1830.72 sec. (486975.04 ticks, tree = 373.74 MB, solutions = 0)
  29292  6130     1291.6709   661                   1262.3068 10362062         
  29635  6231     1307.7142   645                   1263.4349 10540162         
  29966  6541     1308.8451   652                   1263.4349 10758531         
  30316  6306     1287.1651   721                   1263.4870 10601855         
  30705  6663     1350.3921   659                   1266.6856 10855690         
  31036  6759     1284.7740   720                   1268.1556 10951986         
  31359  7047     1383.1004   542                   1268.1556 11203725         
  31639  6959    infeasible                         1268.1621 11137284         
  31879  7285     1401.1236   739                   1268.1621 11391148         
  32092  7542    infeasible                         1268.1621 11630661         
Elapsed time = 2013.76 sec. (525255.61 ticks, tree = 486.92 MB, solutions = 0)
  32306  7502    infeasible                         1268.1621 11623047         
  32514  7630     1330.4042   588                   1268.1621 11733798         
  32803  7710     1288.6133   711                   1268.1621 11891274         
  33112  7720    infeasible                         1268.1621 12009405         
  33488  7766     1297.4800   721                   1268.1621 12057508         
  33882  8079     2667.4503   251                   1268.1621 12227409         
  34290  8177    infeasible                         1268.1621 12531744         
  34705  8543     2716.0479   237                   1268.1621 12609996         
  35116  8575     1329.4142   633                   1268.1621 12726974         
  35459  8705     1343.3216   658                   1268.1621 12882374         
Elapsed time = 2206.86 sec. (563537.24 ticks, tree = 609.26 MB, solutions = 0)
  35779  8762    infeasible                         1268.1621 12955627         
  36096  9019    infeasible                         1268.1621 13047227         
  36342  8965     1308.5987   643                   1268.1621 12993529         
  36562  9230    infeasible                         1268.1621 13300987         
  36788  9423     2867.9797   250                   1268.1621 13311388         
  37025  9436     1396.7161   746                   1268.1621 13459268         
  37310  9490     2909.9738   250                   1268.1621 13588845         
  37667  9445     1344.5216   687                   1268.1621 13717095         
  37978  9444     1336.0471   738                   1268.1621 13739182         
  38282  9654     1362.8986   673                   1268.1621 14010790         
Elapsed time = 2403.73 sec. (601856.17 ticks, tree = 651.59 MB, solutions = 0)
  38583  9714     1329.5115   749                   1268.1621 14060501         
  38925  9792     1318.4035   791                   1268.1621 14227267         
  39177 10034    infeasible                         1280.2072 14437117         
  39472  9817     1323.3667   704                   1280.2072 14270298         
  39741 10042     1368.5249   609                   1280.2072 14459521         
  39955 10257     1326.5293   688                   1282.7214 14734690         
  40168 10368    infeasible                         1282.7214 14892282         
  40371 10331    infeasible                         1284.2853 14856666         
  40607 10417     1392.2997   618                   1284.2853 14954297         
  40858 10379     1452.2493   555                   1284.2853 15087085         
Elapsed time = 2597.78 sec. (640205.41 ticks, tree = 677.18 MB, solutions = 0)
  41190 10444     1315.6652   768                   1284.7711 15177446         
  41569 10516     1331.3880   655                   1284.8926 15331772         
  41860 10491     1295.8591   671                   1285.8674 15419616         
  42140 10513     1328.8732   680                   1286.5671 15439713         
  42420 10740     1481.6504   547                   1286.5671 15731019         
  42687 10792     1337.2903   668                   1287.2888 15814587         
  42965 11038     1290.7540   692                   1287.2888 16211697         
  43250 11159    infeasible                         1287.6213 16445045         
  43533 11074     1349.8800   682                   1287.6213 16261249         
  43801 11251    infeasible                         1289.7946 16595900         
Elapsed time = 2781.78 sec. (678561.12 ticks, tree = 719.96 MB, solutions = 0)
  44033 11272    infeasible                         1290.4503 16641852         
  44239 11310     1330.0744   539                   1290.6918 16673070         
  44430 11365     1363.7815   609                   1291.1025 16776758         
  44632 11305    infeasible                         1291.2087 16884659         
  44865 11326     1311.0092   568                   1291.2087 17213847         
  45134 11329     1375.4991   613                   1292.6294 17239091         
  45415 11325     1431.1380   580                   1292.8659 17318676         
  45714 11328     1314.7193   708                   1293.3867 17302831         
  45991 11338     1370.9883   687                   1293.8392 17307281         
  46263 11458    infeasible                         1294.2276 17753883         
Elapsed time = 2974.86 sec. (716920.78 ticks, tree = 756.13 MB, solutions = 0)
  46520 11455     1325.4421   624                   1294.5729 17758622         
  46817 11580     1301.5714   681                   1294.5729 17865321         
  47073 11672    infeasible                         1294.5729 18023250         
  47301 11779     1321.2763   639                   1294.5729 18298924         
  47528 11889     1471.7637   693                   1296.1297 18518506         
  47739 11768     1343.1763   623                   1297.1264 18271973         
  47950 11763     1451.7845   594                   1297.5002 18325263         
  48178 11868     1468.8236   572                   1297.9859 18863279         
  48395 11875    infeasible                         1298.3356 18795243         
  48641 11892     1622.1061   555                   1298.7132 18921544         
Elapsed time = 3174.35 sec. (755209.79 ticks, tree = 755.69 MB, solutions = 0)
  48934 11866    infeasible                         1298.7467 19116034         
  49214 11876    infeasible                         1298.7467 19295743         
  49491 11866    infeasible                         1298.7467 19145538         
  49782 11998     1380.5002   618                   1299.2315 19465159         
  50053 12048    infeasible                         1299.2315 19566765         
  50316 12161    infeasible                         1301.1517 19855242         
  50572 12048     1318.2598   682                   1301.3754 19575413         
  50849 12194     1330.2520   636                   1301.7721 19931793         
  51115 12199     1329.8016   666                   1302.0580 19991006         
  51371 12187     1357.0837   522                   1302.0798 19959780         
Elapsed time = 3359.09 sec. (793512.00 ticks, tree = 784.34 MB, solutions = 0)
  51605 12238    infeasible                         1302.0798 20130490         
  51806 12420     1400.6142   608                   1302.0798 20621338         
  52034 12388     1308.0212   667                   1302.0798 20714902         
  52246 12341     1456.0493   445                   1302.0798 20504991         
  52456 12405     1358.1375   603                   1304.2626 20686555         
  52678 12323    infeasible                         1304.7805 20868587         
  52909 12261     1380.8468   674                   1305.1628 21121672         
  53144 12309     1362.5453   607                   1305.5282 21231999         
  53411 12311     1390.5345   675                   1305.8620 21189754         
  53710 12310     1423.7859   582                   1305.8847 21331949         
Elapsed time = 3556.58 sec. (831938.36 ticks, tree = 782.46 MB, solutions = 0)
  53990 12327     1528.0897   575                   1305.8847 21348561         
  54265 12331     1440.0865   644                   1305.8847 21729174         
  54540 12324    infeasible                         1307.0137 21789377         
  54856 12335     1364.9695   657                   1307.0137 21848398         
  55188 12583     1315.5740   684                   1307.0137 22110244         
  55505 12597     1347.3590   666                   1307.0137 22114594         
  55788 12669     1438.1736   620                   1308.5222 22261913         
  56072 12858     1401.6465   706                   1309.3822 22548925         
  56344 12938     1469.2856   660                   1309.6926 22698815         
  56562 13061    infeasible                         1309.8604 22826711         
Elapsed time = 3748.32 sec. (870294.39 ticks, tree = 802.70 MB, solutions = 0)
  56762 12861     1323.9944   683                   1310.4513 22575623         
  56992 13055    infeasible                         1310.7112 22886282         
  57213 13085    infeasible                         1311.1732 22965689         
  57414 12983     1391.4878   591                   1311.1732 23211611         
  57628 12960    infeasible                         1311.2695 23301414         
  57841 12962     1360.9936   686                   1311.2695 23544552         
  58111 12992     1323.7281   690                   1311.2695 23489895         
  58400 12980    infeasible                         1312.8965 23457112         
  58654 12883    infeasible                         1313.3712 23767817         
  58907 12903     1518.4155   534                   1313.6767 23682782         
Elapsed time = 3942.33 sec. (908574.40 ticks, tree = 802.77 MB, solutions = 0)
  59164 12865     1354.7631   703                   1313.6879 23813973         
  59415 12842    infeasible                         1314.3251 24055958         
  59659 12965    infeasible                         1314.3285 24420035         
  59899 12909     1430.4967   613                   1314.9544 24245922         
  60110 13000    infeasible                         1315.3641 24545748         
  60312 13170    infeasible                         1316.0297 24936673         
  60515 13131     1441.5775   568                   1316.2716 25029532         
  60697 12976    infeasible                         1316.2716 24457407         
  60914 13119     1343.2676   626                   1316.8138 25057859         
  61123 13090     1502.9181   567                   1316.9254 25106742         
Elapsed time = 4138.69 sec. (946983.96 ticks, tree = 776.20 MB, solutions = 0)
  61322 13128    infeasible                         1317.6417 24997752         
  61546 13096     1336.3818   644                   1317.9086 25112470         
  61774 12947     1390.5410   507                   1318.5555 25567305         
  62029 13001     1436.9601   648                   1319.0457 25745197         
  62288 12949    infeasible                         1319.3635 25543582         
  62570 13001     1363.1578   615                   1319.6904 25990337         
  62853 13038     1390.1732   752                   1319.7866 25856916         
  63165 13018    infeasible                         1319.7866 26115674         
  63445 13135    infeasible                         1319.9634 26290985         
  63707 13131    infeasible                         1320.6117 26295338         
Elapsed time = 4330.29 sec. (985281.09 ticks, tree = 805.44 MB, solutions = 0)
  63988 13104     1351.2374   616                   1320.8023 26257043         
  64233 13144     1351.1386   704                   1320.8023 26652534         
  64480 13233     1372.6893   694                   1321.0244 26856087         
  64730 13210     1416.1369   566                   1321.8167 26795222         
  64995 13171     1374.0360   639                   1322.3022 26709420         
  65237 13216     1527.8821   582                   1322.7292 27076734         
  65495 13245    infeasible                         1322.9369 26875371         
  65733 13214     1375.9475   586                   1323.3404 27331294         
  65955 13313    infeasible                         1324.0252 27763672         
  66162 13259    infeasible                         1324.3023 27515848         
Elapsed time = 4526.58 sec. (1023559.72 ticks, tree = 799.09 MB, solutions = 0)
  66394 13312     1514.6996   598                   1324.8785 27813231         
  66607 13219     1386.8896   665                   1325.1629 28098038         
  66816 13280    infeasible                         1325.4382 27885811         
  67039 13230    infeasible                         1325.8358 28023185         
  67258 13109     1395.2515   634                   1326.2461 28264812         
  67495 13085    infeasible                         1326.5475 28471933         
  67745 13056     1341.1466   671                   1327.1155 28659084         
  68002 13051    infeasible                         1327.2909 28354554         
  68310 13028     1818.3979   490                   1328.3560 28793105         
  68590 13011    infeasible                         1328.8120 28894534         
Elapsed time = 4724.94 sec. (1061901.60 ticks, tree = 790.89 MB, solutions = 0)
  68885 12986    infeasible                         1329.3530 29053454         
  69163 13015     1437.4167   596                   1329.6400 28836986         
  69454 13015    infeasible                         1330.0385 29282283         
  69716 13022     1456.3798   546                   1330.4335 28911787         
  69966 13023    infeasible                         1330.6564 29426532         
  70214 13077     1375.8017   677                   1331.0413 29718480         
  70452 13041    infeasible                         1331.3705 29605404         
  70697 13063     1349.6962   665                   1331.6499 30057950         
  70926 13070    infeasible                         1332.1424 29822532         
  71146 13048    infeasible                         1332.5787 30042412         
Elapsed time = 4919.53 sec. (1100355.88 ticks, tree = 782.44 MB, solutions = 0)
  71350 13040     1378.7939   685                   1332.9629 29974490         
  71563 13047     1390.9082   601                   1333.7035 30542591         
  71794 13055    infeasible                         1334.0176 30290163         
  72032 13034    infeasible                         1334.5227 30534048         
  72225 12943    infeasible                         1335.0823 30736166         
  72428 12997     1403.5801   585                   1335.3187 30635562         
  72641 12825     1352.3970   553                   1335.9023 31050328         
  72853 12889    infeasible                         1336.2525 30979552         
  73084 12877    infeasible                         1336.7074 30846164         
  73311 12627     1481.4862   651                   1336.7074 31366835         
Elapsed time = 5123.31 sec. (1138733.99 ticks, tree = 755.26 MB, solutions = 0)
  73523 12663    infeasible                         1337.7803 31314366         
  73778 12501     1392.4358   690                   1338.1055 31573690         
  74003 12399     1386.8381   560                   1338.4530 31861581         
  74216 12505     1354.4842   690                   1338.7524 31501881         
  74455 12289    infeasible                         1338.8147 32005603         
  74704 12135    infeasible                         1338.8147 32171628         
  74964 12407     1556.1739   515                   1338.8147 31787706         
  75266 12392    infeasible                         1338.8147 31845299         
  75527 12144     1409.2580   752                   1338.8147 32483844         
  75805 12142    infeasible                         1338.8147 32161365         
Elapsed time = 5312.48 sec. (1177063.59 ticks, tree = 732.56 MB, solutions = 0)
  76082 12094     1513.6220   606                   1340.9118 32626553         
  76346 12149     1457.1194   639                   1340.9118 32396046         
  76596 12136    infeasible                         1340.9118 33028610         
  76819 12164    infeasible                         1340.9118 32947763         
  77048 12131     1363.8833   625                   1340.9118 33337334         
  77247 12106     1541.3408   563                   1343.5265 32857572         
  77510 12162     1365.0576   503                   1344.1563 32956742         
  77749 12131    infeasible                         1344.7767 33515031         
  77970 12136     1361.8464   580                   1345.1532 33323252         
  78215 11919     1515.1422   528                   1345.2887 34063640         
Elapsed time = 5516.13 sec. (1215405.45 ticks, tree = 688.58 MB, solutions = 0)
  78455 12032    infeasible                         1345.9355 33856130         
  78706 11809    infeasible                         1346.5233 34296285         
  78943 11910    infeasible                         1347.1286 34151268         
  79181 12022     1619.5703   522                   1347.5976 33907266         
  79403 11726     1361.8937   611                   1348.0309 34365809         
  79623 11909    infeasible                         1348.5898 34125610         
  79826 11418     1389.3317   599                   1349.5161 34873242         
  80044 11633    infeasible                         1349.9612 34549842         
  80283 11537     1404.7055   682                   1350.7571 34693448         
  80493 11103    infeasible                         1351.4006 35252332         
Elapsed time = 5717.35 sec. (1253719.95 ticks, tree = 650.36 MB, solutions = 0)
  80735 11076     1409.4124   638                   1351.5614 35321709         
  80953 11247     1404.6449   591                   1352.0309 35130458         
  81238 11312     1446.5470   634                   1352.6171 34963400         
  81486 11014     1449.9689   545                   1353.1348 35496593         
  81786 10999    infeasible                         1354.0159 35881099         
  82077 11045     1550.8206   434                   1354.0609 35393268         
  82356 11026     1399.6323   551                   1355.2222 35487612         
  82616 11018     1403.7486   494                   1355.7054 35468844         
  82877 11051    infeasible                         1356.1936 35765028         
  83142 10968     1393.1668   569                   1357.1261 36074908         
Elapsed time = 5913.94 sec. (1291992.78 ticks, tree = 624.96 MB, solutions = 0)
  83417 10976    infeasible                         1357.9215 36320649         
  83669 11013     1465.4032   636                   1358.4157 36641123         
  83927 11035     1628.6825   511                   1358.9562 36503159         
  84156 10880     1387.4337   573                   1359.4858 36958172         
  84375 10944     1510.7097   633                   1359.4858 36898382         
  84630 10957    infeasible                         1360.0662 36801712         
  84868 10996     1404.8680   565                   1360.5459 36768893         
  85115 10549    infeasible                         1360.7753 37554451         
  85355 10584    infeasible                         1360.7753 37466864         
  85582 10561     1452.6937   596                   1360.7753 37495934         
Elapsed time = 6121.97 sec. (1330317.74 ticks, tree = 602.42 MB, solutions = 0)
  85829 10540     1482.1509   614                   1360.7753 37436297         
  86069 10559    infeasible                         1360.7753 37373838         
  86319 10258     1489.8366   576                   1360.7753 38056050         
  86550 10501    infeasible                         1365.2093 37601785         
  86772 10286    infeasible                         1366.6156 37998142         
  87000 10463    infeasible                         1367.0381 37748180         
  87277 10092     1412.6226   604                   1367.8654 38234008         
  87540 10028     1421.7432   653                   1368.4670 38360976         
  87775  9865     1537.7122   526                   1369.4088 38560104         
  88036 10177     1514.2904   612                   1369.8378 38127563         
Elapsed time = 6316.16 sec. (1368766.08 ticks, tree = 587.59 MB, solutions = 0)
  88308  9824     1505.2612   460                   1371.1686 38671617         
  88537  9456     1469.2959   709                   1372.1067 39079529         
  88799  9477     1421.6744   587                   1372.7445 39052334         
  89093  9592    infeasible                         1373.5680 38945758         
  89320  9414     1597.1456   469                   1374.1052 39288863         
  89609  9593     1490.6226   504                   1374.8518 38955514         
  89867  9379    infeasible                         1375.5871 39320662         
  90126  9396     1616.7385   589                   1376.6918 39204725         
  90359  9433     1539.3008   510                   1377.4756 40065631         
  90588  9368    infeasible                         1378.1161 40236149         
Elapsed time = 6512.78 sec. (1407075.82 ticks, tree = 512.98 MB, solutions = 0)
  90825  9435    infeasible                         1379.4285 40040377         
  91042  9441    infeasible                         1380.3633 39710101         
  91283  9184     1424.7802   557                   1381.2885 40584267         
  91515  9396     1630.0832   479                   1382.0606 39983319         
  91771  8958    infeasible                         1383.8866 40963466         
  91995  8965     1423.8699   618                   1385.0616 40989634         
  92253  9114     1485.3631   643                   1385.7348 40790748         
  92474  8906    infeasible                         1386.7645 41116976         
  92723  9074    infeasible                         1387.6597 40827463         
  92967  9071    infeasible                         1388.3638 40854895         
Elapsed time = 6726.88 sec. (1445500.59 ticks, tree = 499.24 MB, solutions = 0)
  93204  8623     1482.2068   558                   1389.6169 41621548         
  93428  8800    infeasible                         1389.6169 41331302         
  93653  8669    infeasible                         1389.6169 41531587         
  93883  8591    infeasible                         1392.6085 41609704         
  94149  8545    infeasible                         1394.4702 41712053         
  94451  8298     1416.3449   661                   1395.6535 42286272         
  94765  8315     1509.6052   637                   1396.2437 42167130         
  95095  8360     1444.5943   586                   1396.7132 42099223         
  95463  8489    infeasible                         1397.0202 41788882         
  95802  8423     1842.4564   500                   1398.4096 41996692         
Elapsed time = 6921.67 sec. (1483863.69 ticks, tree = 466.82 MB, solutions = 0)
  96108  8312     1456.4173   699                   1399.9530 42283279         
  96390  8157     1496.3080   554                   1401.1013 42900722         
  96710  8215     1461.8231   600                   1402.7183 42450988         
  97002  8145     1507.8094   623                   1403.5599 43015018         
  97268  8141    infeasible                         1405.0023 43054393         
  97560  8107     1487.8861   624                   1406.2164 43240180         
  97845  8127    infeasible                         1407.2221 42961529         
  98113  8127     1641.7938   408                   1409.4942 42966788         
  98352  8113     1486.7149   579                   1410.5678 43922059         
  98617  8129     1575.9634   656                   1411.7922 43642444         
Elapsed time = 7119.05 sec. (1522173.44 ticks, tree = 457.98 MB, solutions = 0)
  98879  8028    infeasible                         1413.5889 44477518         
  99113  8071    infeasible                         1414.0010 44157028         
  99349  8043    infeasible                         1414.6353 44195108         
  99588  8022    infeasible                         1415.9376 44526692         
  99842  7959     1477.0784   625                   1417.6302 44629712         
 100079  8042    infeasible                         1419.4929 44350685         
 100321  7717     1488.7896   546                   1420.5774 45048242         
 100566  7808     1506.8984   608                   1423.8045 44781151         
 100793  7833    infeasible                         1425.2199 44756517         
 101025  7833     1538.1839   644                   1425.9635 44759567         
Elapsed time = 7321.39 sec. (1560502.40 ticks, tree = 421.28 MB, solutions = 0)
 101257  7420    infeasible                         1427.3936 45401968         
 101473  7762    infeasible                         1428.7832 44822609         
 101710  7708    infeasible                         1430.5066 44963117         
 101947  7053     1546.4019   613                   1432.3577 45879007         
 102167  7509     1521.3001   547                   1433.6981 45283942         
 102412  7181    infeasible                         1436.3130 45687044         
 102645  6837     1653.0465   485                   1437.4219 46230734         
 102877  6768     1543.1853   635                   1438.5671 46320448         
 103097  7078     1570.5370   547                   1439.6468 45868492         
 103325  7087    infeasible                         1440.7944 45847498         
Elapsed time = 7533.36 sec. (1598823.95 ticks, tree = 369.03 MB, solutions = 0)
 103572  6682     1649.7448   512                   1442.5476 46470928         
 103809  6432    infeasible                         1444.8564 46702615         
 104070  6684    infeasible                         1445.6672 46508142         
 104331  6261     1560.4760   589                   1447.9315 46949850         
 104612  6087    infeasible                         1448.7603 47216203         
 104861  5984    infeasible                         1450.7915 47362834         
 105129  6275     1584.1937   548                   1452.4875 47043961         
 105462  6467    infeasible                         1453.3402 46666850         
 105793  6135     2418.7544   325                   1456.3042 47342160         
 106168  6215     2509.0572   158                   1460.0757 47344806         
Elapsed time = 7721.70 sec. (1637205.91 ticks, tree = 296.64 MB, solutions = 0)
 106482  5830    infeasible                         1460.9882 48062237         
 106829  5996     1543.2999   595                   1460.9882 47393669         
 107219  5987     1500.8936   565                   1465.1956 48397589         
 107558  5911     1934.2206   514                   1466.3512 47625056         
 107868  6503     2833.0738   156                   1466.3512 48506761         
 108148  5850     1603.0853   484                   1466.3512 47666337         
 108464  5829     1574.4407   463                   1466.3512 48052113         
 108737  6658     2946.3877   111                   1466.3512 48510429         
 109051  5962     2391.4317   373                   1466.3512 48380151         
 109328  6777     2998.0539   123                   1466.3512 48513128         
Elapsed time = 7922.77 sec. (1675421.64 ticks, tree = 279.85 MB, solutions = 0)
 109611  6515    infeasible                         1466.3512 49106932         
 109908  6490    infeasible                         1466.3512 49201522         
 110149  6511     2283.7996   361                   1480.0986 48656561         
 110390  6459     2436.8360   341                   1480.0986 49638158         
 110616  6449    infeasible                         1480.0986 49339538         
 110863  6838    infeasible                         1480.0986 49761639         
 111107  6386    infeasible                         1480.0986 49640456         
 111341  6721    infeasible                         1480.0986 50058167         
 111598  6598     1718.5726   590                   1480.0986 50250275         
 111838  6540     2336.5518   337                   1480.0986 50479619         
Elapsed time = 8133.31 sec. (1713709.15 ticks, tree = 259.13 MB, solutions = 0)
 112063  6818    infeasible                         1480.0986 49938769         
 112357  6519     2403.6626   259                   1491.4235 50829160         
 112717  6609     2435.3358   225                   1491.4235 50832389         
 113066  6688     2472.5719   217                   1491.4235 50835365         
 113406  6243     1587.3011   522                   1491.4235 51136048         
 113748  6083     1633.4815   498                   1491.4235 51385681         
 114174  6921     2534.3710   165                   1491.4235 50841817         
 114686  6274     2404.6117   233                   1491.4235 51462133         
 115200  7079     2612.9033   102                   1491.4235 50849262         
 115768  6279     2434.6876   225                   1491.4235 51298011         
Elapsed time = 8334.91 sec. (1751996.08 ticks, tree = 239.71 MB, solutions = 0)
 116413  7107     2779.5349    55                   1491.4235 51911459         
 116922  6072    infeasible                         1494.7241 51591646         
 117446  6120     1729.3822   557                   1494.7241 51284045         
 117923  7385     3020.1647    67                   1494.7241 51918401         
*117986  7402      integral     0     3053.0644     1494.7241 51918872   51.04%
 118309  6430    infeasible           3053.0644     1494.7241 51798865   51.04%
 118697  6723     1581.0699   561     3053.0644     1494.7241 51650146   51.04%
 119137  6980    infeasible           3053.0644     1494.7241 52391632   51.04%
*119264+ 8276                         2911.8876     1494.7241            48.67%
*119272+ 8276                         2908.5532     1494.7241            48.61%
*119275+ 8276                         2901.8062     1494.7241            48.49%
*119277+ 8276                         2897.3186     1494.7241            48.41%
*119279+ 8276                         2885.3036     1494.7241            48.20%
 119621  7103     2475.4460   259     2885.3036     1494.7241 52435336   48.20%
 120079  7218     2534.2894   223     2885.3036     1494.7241 52439362   48.20%
 120630  7649     2694.0322    89     2885.3036     1494.7241 52513846   48.20%
Elapsed time = 8532.57 sec. (1790264.57 ticks, tree = 294.44 MB, solutions = 6)
 121383  7439     2572.0630   144     2885.3036     1494.7241 52445990   48.20%
 122027  7857     2730.3657    82     2885.3036     1494.7241 52519813   48.20%
 122544  7849     2011.3944   258     2885.3036     1494.7241 53467824   48.20%
 123041  7686    infeasible           2885.3036     1502.2031 53250257   47.94%
 123534  8096    infeasible           2885.3036     1502.2031 53762924   47.94%
 124095  8950     2789.3626    95     2885.3036     1502.2031 53790921   47.94%
*124561+ 9027                         2883.6782     1502.2031            47.91%
 124621  7918     2061.5642   246     2883.6782     1502.2031 53469720   47.91%
 124992  8364     2540.4485   176     2883.6782     1520.6498 53713637   47.27%
 125279  9377     2269.6403   347     2883.6782     1520.6498 54063853   47.27%
 125574  9809     2004.5964   356     2883.6782     1520.6498 54274018   47.27%
Elapsed time = 8728.17 sec. (1828482.02 ticks, tree = 523.31 MB, solutions = 7)
 125944  8498     2607.9491   196     2883.6782     1520.6498 53716472   47.27%
 126418 10405     2795.6541   182     2883.6782     1520.6498 54803071   47.27%
*126889+10511                         2835.9601     1520.6498            46.38%
*126891+10511                         2835.0217     1520.6498            46.36%
 126973  9765     1727.8535   370     2835.0217     1524.0233 54623300   46.24%
 127561 10928     2466.5641   138     2835.0217     1524.0233 55060925   46.24%
 128259 10649     2517.3167   274     2835.0217     1524.0233 55371781   46.24%
 129087 11436     2726.4450   124     2835.0217     1524.0233 55399478   46.24%
*129489+11537                         2830.6925     1524.0233            46.16%
 129818 10992     2132.2103   224     2830.6925     1526.2420 55393551   46.08%
 130379 10668    infeasible           2830.6925     1526.2420 55112876   46.08%
 131066 12111     2448.4781   232     2830.6925     1526.2420 55678838   46.08%
 131838 10827     2047.9022   288     2830.6925     1526.2420 55410559   46.08%
Elapsed time = 8925.98 sec. (1866741.28 ticks, tree = 646.76 MB, solutions = 13)
 132540 12511     2151.4715   178     2830.6925     1526.2420 56080567   46.08%
*132764+11425                         2817.7198     1526.2420            45.83%
 133174 12571     2580.0282   206     2817.7198     1526.2420 55689971   45.83%
*133418+12634                         2817.1619     1526.2420            45.82%
 133779 13284     2236.4012   113     2817.1619     1526.2420 56376184   45.82%
 134330 11966    infeasible           2817.1619     1529.4292 55684367   45.71%
 134934 12178     2077.2899   290     2817.1619     1529.4292 55651329   45.71%
 135439 13421     2526.0657   148     2817.1619     1529.4292 56209859   45.71%
 136036 12432     2164.2437   199     2817.1619     1536.5703 55657378   45.46%
 136438 14625     2222.7452   262     2817.1619     1536.5703 57389518   45.46%
 136711 14698    infeasible           2817.1619     1536.5703 57657957   45.46%
 136977 14557    infeasible           2817.1619     1536.5703 57800372   45.46%
Elapsed time = 9110.85 sec. (1904982.11 ticks, tree = 749.92 MB, solutions = 15)
 137231 14980    infeasible           2817.1619     1587.1178 58117032   43.66%
 137588 14918     1984.5362   305     2817.1619     1587.1178 58170999   43.66%
 138174 15057     1987.8132   250     2817.1619     1587.1178 58086557   43.66%
 138863 14976     1992.4088   215     2817.1619     1737.2701 58163941   38.33%
*139123+14939                         2814.6898     1737.2701            38.28%
 139622 15077     2003.9177   144     2814.6898     1737.2701 58111548   38.28%
 140461 15009     2050.4658   249     2814.6898     1737.2701 58169366   38.28%
 141351 15051     2065.1306   213     2814.6898     1737.2701 58160244   38.28%
 142307 14948     2100.6417   188     2814.6898     1737.2701 58303598   38.28%
*142475+15108                         2806.1467     1737.2701            38.09%
 143327 15076     2090.0340   195     2806.1467     1737.2701 58203727   38.09%
*143373+15116                         2533.2865     1737.2701            31.42%
*143406+15103                         2389.7209     1737.2701            27.30%
*143425+15100                         2381.8436     1737.2701            27.06%
 144548 15125     2098.6115   245     2381.8436     1737.2701 58204833   27.06%
Elapsed time = 9353.94 sec. (1943174.68 ticks, tree = 841.03 MB, solutions = 22)
*145641+ 7387                         2340.9132     1757.2668            24.93%
*145696+ 7387                         2333.8763     1760.3767            24.57%
*145785+ 7387                         2332.5385     1760.7762            24.51%
*145800+ 7387                         2332.0812     1760.7762            24.50%
*145811+ 7387                         2331.5639     1760.7762            24.48%
 146654  7789     2149.9679   201     2331.5639     1760.7762 58462282   24.48%
 150229 10269     2187.0897    95     2331.5639     1760.7762 58591968   24.48%
*150891+ 9314                         2289.0458     1760.7762            23.08%
*150988+ 9923                         2222.3814     1760.7762            20.77%
*151205+ 9923                         2221.6371     1760.7762            20.74%
*151216+ 9923                         2221.5411     1760.7762            20.74%
*151318+ 9923                         2197.3059     1760.7762            19.87%
*151335+ 9923                         2183.4843     1760.7762            19.36%
*151352+ 9923                         2181.8960     1760.7762            19.30%
*152415+10683                         2159.0369     1762.6471            18.36%
 153724  6795     2091.6833   192     2159.0369     1762.6471 58409343   18.36%
*154283+10702                         2158.9858     1762.6471            18.36%
*154801+ 9450                         2117.7869     1762.6471            16.77%
*154823+ 9450                         2110.9793     1762.6471            16.50%
*154874+ 9450                         2103.8351     1762.6471            16.22%
*154936+ 9450                         2081.1445     1762.6471            15.30%
 157113 10772     2032.1064   243     2081.1445     1762.6471 58690061   15.30%
 161165 11914     2094.1415   130     2081.1445     1763.5072 58681350   15.26%
*162583+ 8928                         2070.0866     1763.5072            14.81%
*162601+ 8926                         2068.2437     1763.5072            14.73%
 164990 15193     2198.6453   177     2068.2437     1763.5072 58371642   14.73%
*165460+ 9791                         2039.6095     1763.5072            13.54%
 168886  7882     1988.0696   310     2039.6095     1763.5072 59074006   13.54%
 173098 10582     2007.8959   233     2039.6095     1763.5072 58971863   13.54%
 177239  9606     2035.2599   215     2039.6095     1820.9446 58818995   10.72%
*179460+ 8509                         2039.4313     1820.9446            10.71%
*179481+ 8507                         2035.7511     1820.9446            10.55%
 181402 10482     2027.5932   355     2035.7511     1820.9446 59350339   10.55%
Elapsed time = 9550.78 sec. (1981334.79 ticks, tree = 877.75 MB, solutions = 89)
*184191+ 8740                         2033.2481     1820.9446            10.44%
 185437 10361     1997.6902   297     2033.2481     1843.6057 58862552    9.33%
*187352+16665                         2030.4338     1863.8425             8.20%
 189568 16933     2003.1120   239     2030.4338     1863.8425 59722063    8.20%
 193523 10054     2024.3310   224     2030.4338     1863.8425 59289339    8.20%
*194049+ 9785                         2030.3999     1863.8425             8.20%
*194067+ 9773                         2029.7892     1863.8425             8.18%
*194076+ 9750                         2028.4643     1863.8425             8.12%
*194938+ 8572                         2024.2181     1863.8425             7.92%
 197510 20348     1990.8818   237     2024.2181     1863.8425 60108092    7.92%
*197974+20354                         2022.7946     1863.8425             7.86%
 201479  9815     2008.6535   219     2022.7946     1863.8425 59253879    7.86%
*204389+21350                         2021.3465     1863.8425             7.79%
 205441 17121     2009.5822   331     2021.3465     1863.8425 59723372    7.79%
 209126 21923     1986.8796   312     2021.3465     1863.8425 60215913    7.79%
*211034+25039                         2021.2044     1863.8425             7.79%
*212328+26111                         2021.1492     1863.8425             7.78%
 212846 32862     2015.7363   242     2021.1492     1942.7114 60755585    3.88%
*215482+31428                         2021.0072     1945.4687             3.74%
 216431 32974     1993.6407   243     2021.0072     1945.4687 60760273    3.74%
*219487+32182                         2019.5623     1945.4687             3.67%
 220192 37773     1963.4525   327     2019.5623     1945.4687 60983790    3.67%
Elapsed time = 9800.20 sec. (2019493.74 ticks, tree = 4289.99 MB, solutions = 188)
Nodefile size = 2219.38 MB (1498.97 MB after compression)
 223888 25197     1999.2171   284     2019.5623     1945.5528 60345643    3.66%
 227696 34361     2011.5653   199     2019.5623     1945.5528 60821125    3.66%
 231456 37217     1978.6233   347     2019.5623     1947.0431 61006618    3.59%
*231744+39167                         2018.5745     1947.0431             3.54%
 235050 29359     1990.4024   313     2018.5745     1947.4394 60592818    3.52%
*238547+44781                         2018.0889     1947.4394             3.50%
 238798 31297     2006.5636   248     2018.0889     1947.4394 60674484    3.50%
 242498 43966        cutoff           2018.0889     1948.6655 61349071    3.44%
 245935 40351        cutoff           2018.0889     1948.9781 61145590    3.42%
 249371 43097     2016.6129   110     2018.0889     1949.6762 61279420    3.39%
*249652+37815                         2018.0765     1949.6762             3.39%
*249667+37791                         2015.6719     1949.6762             3.27%
 252849 41768     1990.3449   292     2015.6719     1949.7478 61222126    3.27%
*253455+58144                         2014.6841     1949.7778             3.22%
*254436+40060                         2014.5744     1949.8532             3.21%
*254923+60567                         2013.9322     1949.8833             3.18%
 255762 50817     1998.1536   298     2013.9322     1949.9519 61689464    3.18%
Elapsed time = 10021.58 sec. (2057658.09 ticks, tree = 5959.13 MB, solutions = 214)
Nodefile size = 3844.28 MB (2601.37 MB after compression)
 259173 61771     1987.4392   246     2013.9322     1950.1377 62435364    3.17%
 262482 59894     1987.0798   278     2013.9322     1950.2932 62286964    3.16%
 265971 61673     1969.8246   359     2013.9322     1950.3534 62386344    3.16%
*269240+72438                         2013.4466     1951.1540             3.09%
 269539 64487     2005.7528   317     2013.4466     1951.1540 62574162    3.09%
 272915 67296     1970.4057   335     2013.4466     1951.2659 62731470    3.09%
 276310 61274     1975.8280   249     2013.4466     1951.5190 62422464    3.08%
 279837 66990     1976.6328   292     2013.4466     1951.5190 62714235    3.08%
 283000 68164     1972.4746   352     2013.4466     1952.0203 62787395    3.05%
 286125 69887     1995.0478   307     2013.4466     1952.4700 62869140    3.03%
 289503 85130     1994.8093   302     2013.4466     1952.7225 63706401    3.02%
Elapsed time = 10242.10 sec. (2095815.37 ticks, tree = 10350.88 MB, solutions = 220)
Nodefile size = 8261.94 MB (5600.14 MB after compression)
 293161 73889    infeasible           2013.4466     1952.9370 63108190    3.01%
 296520 77424     1972.2417   316     2013.4466     1953.0467 63300571    3.00%
 300090 100911     1967.2162   351     2013.4466     1953.5922 64524902    2.97%
 303727 96118     1984.3269   292     2013.4466     1953.5922 64289908    2.97%
*304454+92172                         2012.2819     1953.6038             2.92%
 306911 102467     1975.8080   406     2012.2819     1953.7609 64689048    2.91%
 310483 93530     1981.1851   358     2012.2819     1954.4782 64161315    2.87%
 313900 99964     1996.7044   284     2012.2819     1954.6894 64476651    2.86%
 317043 109516     1987.5805   255     2012.2819     1954.7643 65041141    2.86%
 320363 112615     1971.3938   372     2012.2819     1955.0542 65212858    2.84%
 323809 118861     1993.3587   286     2012.2819     1955.5310 65530745    2.82%
Elapsed time = 10440.94 sec. (2133969.82 ticks, tree = 14682.12 MB, solutions = 222)
Nodefile size = 12610.75 MB (8555.94 MB after compression)
 327373 116401     1997.3251   235     2012.2819     1955.8094 65404669    2.81%
 330761 120340     2000.0554   349     2012.2819     1956.5843 65603423    2.77%
 334113 122164     2003.6355   255     2012.2819     1956.9778 65698723    2.75%
 337495 126501     1979.9924   370     2012.2819     1957.2595 65928303    2.73%
 341056 119864     1992.6339   273     2012.2819     1957.3046 65582855    2.73%
 344435 130998     1987.0361   350     2012.2819     1957.6640 66156052    2.71%
 347764 128167     2008.8183   298     2012.2819     1957.6898 66006948    2.71%
 350919 136911     2006.3278   319     2012.2819     1957.9468 66475296    2.70%
 354241 147345     1974.7695   357     2012.2819     1958.2627 67025364    2.68%
 357709 149421        cutoff           2012.2819     1958.4383 67123078    2.68%
Elapsed time = 10673.93 sec. (2172125.63 ticks, tree = 18617.14 MB, solutions = 222)
Nodefile size = 16527.36 MB (11218.92 MB after compression)
 361104 141204     1988.9336   290     2012.2819     1958.4974 66700053    2.67%
 364663 144191     1971.4038   297     2012.2819     1958.8298 66863249    2.66%
 368228 147730     1963.7158   376     2012.2819     1958.8508 67046298    2.66%
 371629 164389     1997.8122   297     2012.2819     1959.1634 67924165    2.64%
 375178 157218     1990.9077   249     2012.2819     1959.4873 67538039    2.62%
 378755 155090     1990.3832   280     2012.2819     1959.6294 67428727    2.62%
 381981 169586     1974.6290   337     2012.2819     1959.6549 68206076    2.62%
 385368 162048     1968.7763   328     2012.2819     1959.9164 67793256    2.60%
 388977 173027     1991.4536   239     2012.2819     1960.0085 68382534    2.60%
 392242 181872     2002.4975   305     2012.2819     1960.4005 68829820    2.58%
Elapsed time = 10892.56 sec. (2210279.12 ticks, tree = 22804.99 MB, solutions = 222)
Nodefile size = 20734.63 MB (14078.65 MB after compression)
 395586 174743     1971.2649   384     2012.2819     1960.5963 68475074    2.57%
 399133 180984     1968.5311   337     2012.2819     1960.6814 68784229    2.56%
 402585 178152     1994.9570   329     2012.2819     1960.7081 68647678    2.56%
 406017 193029     1974.9127   364     2012.2819     1960.8324 69422800    2.56%
 409460 192048     2008.3185   280     2012.2819     1961.0225 69374558    2.55%
 412873 201824        cutoff           2012.2819     1961.2297 69867800    2.54%
 416313 203439     2004.6604   331     2012.2819     1961.3362 69954083    2.53%
 419665 201042     1984.0982   261     2012.2819     1961.3511 69821174    2.53%
 423130 197069     2011.0834   346     2012.2819     1961.4977 69630038    2.52%
 426711 206427     2010.3437   291     2012.2819     1961.5791 70105543    2.52%
Elapsed time = 11086.22 sec. (2248432.53 ticks, tree = 25976.62 MB, solutions = 222)
Nodefile size = 23862.24 MB (16204.83 MB after compression)
 430009 209702     1999.7036   295     2012.2819     1961.8131 70295154    2.51%
 433490 220854     1995.9835   277     2012.2819     1961.9371 70860888    2.50%
 437080 217845     1992.8351   321     2012.2819     1961.9781 70717322    2.50%
 440438 221516     2008.0402   280     2012.2819     1961.9781 70895654    2.50%
 443942 219581        cutoff           2012.2819     1962.1013 70804181    2.49%
 447408 227740     1992.7657   231     2012.2819     1962.2955 71231016    2.48%
 450981 227489     2002.7309   282     2012.2819     1962.4520 71214803    2.48%
 454793 234849     1999.7418   296     2012.2819     1962.4937 71599239    2.47%
 458507 236942     1988.2389   275     2012.2819     1962.5594 71710758    2.47%
 461993 238595     1999.7806   303     2012.2819     1962.6293 71795746    2.47%
Elapsed time = 11303.53 sec. (2286590.57 ticks, tree = 30137.31 MB, solutions = 222)
Nodefile size = 28029.62 MB (19039.99 MB after compression)
 465179 248301     1985.9210   287     2012.2819     1962.7667 72274467    2.46%
 468630 247404     1997.4482   274     2012.2819     1962.9073 72225453    2.45%
 472162 255893     1995.9786   288     2012.2819     1962.9305 72655814    2.45%
 475725 245575     1996.6754   221     2012.2819     1962.9843 72137914    2.45%
 479174 251234     1989.9423   297     2012.2819     1963.0265 72425239    2.45%
 482709 261298     2001.3197   254     2012.2819     1963.1556 72947615    2.44%
 486150 268679     1997.5199   274     2012.2819     1963.2728 73315152    2.44%
 489684 270226     1977.6559   317     2012.2819     1963.2933 73398031    2.43%
 493134 267853     1978.9547   314     2012.2819     1963.3528 73277134    2.43%
 496928 261705     2002.6937   319     2012.2819     1963.3828 72968999    2.43%
Elapsed time = 11519.90 sec. (2324746.43 ticks, tree = 33129.48 MB, solutions = 222)
Nodefile size = 30997.61 MB (21059.63 MB after compression)
 500611 274974     2008.3108   254     2012.2819     1963.5019 73655366    2.42%
 504132 283292     2001.1586   270     2012.2819     1963.5768 74062365    2.42%
 507771 277039     1993.2151   254     2012.2819     1963.5958 73755739    2.42%
 511228 277631     1980.7283   358     2012.2819     1963.6672 73784526    2.42%
 514825 279619     2007.3106   284     2012.2819     1963.6892 73885676    2.41%
 518461 286256    infeasible           2012.2819     1963.8091 74224156    2.41%
 522092 288596     1985.0979   356     2012.2819     1963.8581 74339164    2.41%
 525844 295431     1994.9867   310     2012.2819     1963.8666 74688691    2.41%
 529474 297285     1988.2525   278     2012.2819     1963.9310 74788142    2.40%
 533215 299864     2009.6036   252     2012.2819     1964.0004 74908515    2.40%
Elapsed time = 11749.92 sec. (2362903.19 ticks, tree = 38074.55 MB, solutions = 222)
Nodefile size = 35953.16 MB (24431.48 MB after compression)
 536711 309657     1979.2383   256     2012.2819     1964.1016 75405277    2.39%
 540318 316906     1981.9643   280     2012.2819     1964.1488 75753553    2.39%
 543917 305232     1966.9832   373     2012.2819     1964.1831 75181326    2.39%
 547587 318359     2006.3151   322     2012.2819     1964.2234 75824276    2.39%
 551298 323714     2004.5715   290     2012.2819     1964.3208 76094241    2.38%
 555054 331114     1986.5374   253     2012.2819     1964.3909 76450534    2.38%
 558646 323528     1983.3901   283     2012.2819     1964.3972 76080875    2.38%
 562312 329356     1986.5602   254     2012.2819     1964.4423 76371685    2.38%
 565944 330004     2000.2162   307     2012.2819     1964.4741 76399126    2.38%
 569564 331551     1977.8091   309     2012.2819     1964.5924 76471128    2.37%
Elapsed time = 11989.14 sec. (2401056.64 ticks, tree = 42184.09 MB, solutions = 222)
Nodefile size = 40059.05 MB (27225.06 MB after compression)
 573202 336922     1985.8768   228     2012.2819     1964.6169 76738094    2.37%
 577007 336510     1977.3222   346     2012.2819     1964.6169 76717727    2.37%
