Version identifier: 22.1.1.0 | 2022-11-28 | 9160aff4d
CPXPARAM_TimeLimit                               20400
Tried aggregator 1 time.
MIP Presolve eliminated 1879 rows and 1600 columns.
MIP Presolve modified 12274 coefficients.
Reduced MIP has 27473 rows, 29370 columns, and 126197 nonzeros.
Reduced MIP has 14926 binaries, 14444 generals, 0 SOSs, and 0 indicators.
Presolve time = 0.14 sec. (82.79 ticks)
Probing time = 6.89 sec. (44.92 ticks)
Cover probing fixed 0 vars, tightened 14 bounds.
Tried aggregator 1 time.
Detecting symmetries...
MIP Presolve eliminated 484 rows and 484 columns.
MIP Presolve modified 2 coefficients.
Reduced MIP has 26989 rows, 28886 columns, and 124547 nonzeros.
Reduced MIP has 14924 binaries, 13962 generals, 0 SOSs, and 0 indicators.
Presolve time = 0.21 sec. (109.29 ticks)
Probing time = 7.46 sec. (19.14 ticks)
Cover probing fixed 0 vars, tightened 13 bounds.
Clique table members: 30451.
MIP emphasis: balance optimality and feasibility.
MIP search method: dynamic search.
Parallel mode: deterministic, using up to 32 threads.
Root relaxation solution time = 4.78 sec. (634.08 ticks)

        Nodes                                         Cuts/
   Node  Left     Objective  IInf  Best Integer    Best Bound    ItCnt     Gap

      0     0      846.5050   419                    846.5050       20         
      0     0      882.0129   596                   Cuts: 352     2184         
      0     0      898.4234   644                   Cuts: 225     3243         
      0     0      903.6109   670                   Cuts: 150     3896         
      0     0      906.8770   687                   Cuts: 109     4419         
      0     0      909.4306   695                    Cuts: 99     4914         
Detecting symmetries...
      0     0      911.0692   725                    Cuts: 93     5191         
      0     0      912.8896   684                    Cuts: 86     5567         
      0     0      914.0814   725                    Cuts: 60     5891         
      0     0      915.7521   721                    Cuts: 74     6203         
      0     0      916.4693   689                    Cuts: 63     6428         
      0     0      917.6729   689                    Cuts: 52     6761         
      0     0      918.1341   664                    Cuts: 38     6870         
      0     0      918.5859   692                    Cuts: 42     6995         
      0     0      918.7466   683                    Cuts: 26     7066         
      0     0      918.9491   685                    Cuts: 17     7140         
      0     0      918.9963   678                    Cuts: 23     7178         
      0     0      919.0443   652                    Cuts: 10     7205         
      0     0      919.1057   657                     Cuts: 7     7232         
Detecting symmetries...
      0     2      919.1057   657                    919.1057     7232         
Elapsed time = 55.73 sec. (23045.96 ticks, tree = 0.02 MB, solutions = 0)
      1     3      921.1169   662                    919.3799     7532         
      2     4      927.7543   653                    919.3799     8584         
      7     6      964.9556   667                    919.3799    10142         
     12     9      970.2362   684                    919.3799    10879         
     16    13      975.4777   663                    919.3799    11656         
     23    16      941.5613   648                    919.3799    13082         
     30    14      968.5447   653                    927.9420    12540         
     36    18      974.2652   703                    927.9420    13751         
     39    12      978.9293   620                    927.9420    13113         
     56    25      974.8606   692                    927.9420    24077         
Elapsed time = 75.42 sec. (28564.51 ticks, tree = 0.03 MB, solutions = 0)
     78    26     1098.8748   669                    934.8436    26161         
     92    51     1033.0323   648                    934.8753    84021         
    105    77      995.5776   652                    934.8753   175974         
    141    99     1125.2629   595                    934.8753   236231         
    174   102     1018.7104   620                    934.8753   230065         
    204   168     1086.6424   608                    934.8753   309541         
    234   121     1168.8249   643                    934.8753   269040         
    275   138     1209.2614   635                    934.8753   285819         
    356   286     1270.3814   573                    934.8753   423190         
    417   318     1349.3665   523                    934.8753   444663         
Elapsed time = 124.14 sec. (38519.97 ticks, tree = 11.56 MB, solutions = 0)
    575   402     1162.5863   596                    934.8753   474579         
    753   326     1365.4062   619                    934.8753   444646         
    955   658     1280.7354   527                    934.8753   526021         
   1116   573     1243.2652   579                    934.8753   513743         
   1256   946     1341.3199   493                    934.8753   584430         
   1392   984     1497.8453   461                    934.8753   591030         
   1518  1045     1295.1542   509                    934.8753   609192         
   1573  1151     1376.2781   532                    934.8753   638355         
   1670  1347     1476.1205   505                    934.8753   695114         
   1777  1542     1297.5203   484                    934.8753   755493         
Elapsed time = 173.69 sec. (48143.79 ticks, tree = 91.44 MB, solutions = 0)
   1980  1685     1519.9759   495                    934.8753   781499         
   2408  1704     1541.1276   428                    934.8753   782888         
   2963  1861     1632.8531   404                    934.8753   810555         
   3622  2597     1681.9735   339                    934.8753   891674         
   4384  2158     1647.1204   322                    934.8753   838023         
   5120  2928     1749.8219   221                    934.8753   919919         
   5883  2975     1897.3711   284                    934.8753   927105         
   6654  4691     1931.0827   273                    934.8753  1058292         
   7367  5537     1623.5338   355                    934.8753  1122830         
   8121  5895     2332.6858    85                    934.8753  1153408         
Elapsed time = 218.15 sec. (57702.94 ticks, tree = 1118.81 MB, solutions = 0)
   8853  6837     1934.1908   235                    934.8753  1220529         
   9655  7356     1935.3759   212                    934.8753  1266223         
  10384  7721     2082.0955   157                    934.8753  1286940         
  11048  8723     1797.0755   377                    934.8753  1373203         
  11686  9185     1667.3514   353                    934.8753  1417391         
  12410  9088     1834.8029   233                    934.8753  1403657         
  13196  9829     1870.6124   151                    934.8753  1475706         
  13997 10221     1404.7911   361                    934.8753  1511614         
  14816 10843     2234.4730    86                    934.8753  1555656         
  15476 11635     1953.7269   175                    934.8753  1595820         
Elapsed time = 266.44 sec. (67254.58 ticks, tree = 2527.88 MB, solutions = 0)
Nodefile size = 467.80 MB (314.11 MB after compression)
  16277 12523     1804.7820    39                    935.1741  1637580         
  16982 13222     1044.3284   589                    935.1741  1679795         
  17606 13784     2232.9997    51                    935.1741  1707050         
  18199 13862     1922.0959   130                    935.1741  1711614         
  18852 14420     1504.9062   281                    935.1741  1743614         
  19504 15437     1240.1071   447                    935.1741  1809468         
  20058 15864     2017.9980   135                    935.1741  1837741         
  20532 16345     1836.1638    79                    935.1741  1866031         
  20992 16390     1166.9694   525                    936.9445  1870978         
  21409 16489     1024.9209   610                    936.9445  1880597         
Elapsed time = 313.96 sec. (76803.63 ticks, tree = 3633.35 MB, solutions = 0)
Nodefile size = 1574.46 MB (1057.45 MB after compression)
  21847 17187     1040.8259   486                    936.9445  1950187         
  22256 17224     1969.2987   122                    936.9445  1956330         
  22541 17792      970.6709   583                    936.9445  2032106         
  22769 17768     1925.0152   127                    936.9445  2027161         
  23045 18124     1969.3208   122                    936.9445  2074123         
  23384 18397     1773.4202   415                    936.9445  2122880         
  23688 18537     1925.2593   129                    936.9445  2149613         
  24054 18577     1925.2593   129                    936.9591  2151097         
  24426 18986     1960.8184   122                    936.9591  2207865         
  24704 19283     1836.4111    86                    936.9591  2252233         
Elapsed time = 358.55 sec. (86372.71 ticks, tree = 4293.01 MB, solutions = 0)
Nodefile size = 2227.89 MB (1495.28 MB after compression)
  25064 19343     1158.2945   388                    936.9591  2267454         
  25468 19513     1029.2655   607                    936.9591  2296754         
  25861 20260     1352.7700   215                    936.9591  2373853         
  26258 20048     1110.9743   485                    936.9591  2358612         
  26617 20961     1805.4740   389                    937.1218  2448396         
  26966 21173     1649.8418   452                    937.1218  2474584         
  27311 21246     1425.3595   382                    937.1218  2487250         
  27693 21660     1014.5670   533                    937.1218  2536844         
  28046 22061     1371.6048   335                    937.1218  2575068         
  28338 22111    infeasible                          937.1218  2587415         
Elapsed time = 405.77 sec. (95926.22 ticks, tree = 4957.37 MB, solutions = 0)
Nodefile size = 2900.19 MB (1945.47 MB after compression)
  28698 22625     1492.8955   329                    937.1218  2639010         
  28978 22733     1904.8243   221                    937.1218  2657006         
  29086 22743     1017.5077   591                    937.1218  2663524         
  29154 22965     1001.9455   532                    937.1218  2683274         
  29215 23459     1500.4958   328                    937.1218  2744558         
  29322 23564     1160.5407   540                    937.1218  2782063         
  29544 23645     1999.0763   178                    937.1218  2792865         
  29754 23574     1026.2385   514                    937.1218  2786728         
  30014 23896     1606.4404   160                    937.1218  2836592         
  30280 24080     1482.5985   312                    937.1218  2865852         
Elapsed time = 454.52 sec. (105534.37 ticks, tree = 5430.05 MB, solutions = 0)
Nodefile size = 3370.09 MB (2260.45 MB after compression)
  30579 24460     1725.1374   367                    937.1218  2927004         
  30836 24646     1625.4066   305                    937.1218  2948869         
  31119 24744     1048.3426   578                    937.1218  2973556         
  31377 24934     1102.3951   432                    937.1218  3009072         
  31611 25287     1876.8101   307                    937.1218  3051519         
  31885 24979     1249.0688   449                    937.1218  3015053         
  32142 25313    infeasible                          937.1218  3054941         
  32460 25491     1096.9032   450                    937.1218  3086501         
  32686 25808     1205.5343   486                    937.1218  3133121         
  33732 27070     1069.5049   471                    937.1218  3339012         
Elapsed time = 514.42 sec. (117973.60 ticks, tree = 6140.18 MB, solutions = 0)
Nodefile size = 4083.24 MB (2743.12 MB after compression)
  34582 27369      948.7468   571                    937.1218  3397448         
  35386 28033     1241.3319   447                    937.1218  3519361         
  36233 28955      982.3787   571                    937.1218  3704102         
  37183 29471     1052.9474   571                    937.1218  3783363         
  38103 30118     1793.1845   384                    938.1530  3893481         
  38972 30883     1485.1063   460                    938.1530  4038854         
  39801 31523      987.6375   612                    938.1530  4152003         
  40647 32541    infeasible                          938.1530  4342131         
  41567 32884     1432.5991   512                    939.9411  4400501         
  42523 33611    infeasible                          940.2454  4524245         
Elapsed time = 694.13 sec. (156144.03 ticks, tree = 7663.49 MB, solutions = 0)
Nodefile size = 5603.50 MB (3814.67 MB after compression)
  43042 34807      958.0475   628                    940.2466  4728272         
  44021 34904     1420.4140   383                    940.2466  4751014         
  44959 35880     1478.1577   572                    940.2466  4914203         
  45878 36278     1041.3657   618                    940.2466  4972289         
  46940 37096     1222.1282   501                    940.2466  5110409         
  47764 38027     1063.2228   510                    940.2466  5256738         
  48602 38554     1106.8031   628                    940.2466  5360437         
  49522 39751     1719.8560   454                    940.2466  5571648         
  50476 40527     1076.2663   495                    940.3319  5702977         
  51534 41403     1043.5491   594                    940.3319  5853322         
Elapsed time = 879.09 sec. (194337.32 ticks, tree = 9471.83 MB, solutions = 0)
Nodefile size = 7411.91 MB (5114.87 MB after compression)
  52496 42246     1085.8966   556                    940.3319  5976159         
  53405 42700     1440.8990   467                    940.3319  6061085         
  54360 43078     1027.2343   562                    940.4742  6111792         
  55350 44517     1081.9282   494                    940.9180  6342961         
  55958 44587     1169.3856   584                    940.9180  6360600         
  56555 45926     1346.0356   448                    940.9180  6571441         
  57679 46487      976.6205   656                    940.9180  6667183         
  58517 46981     1133.2827   468                    940.9180  6744354         
  59613 47715     1027.1975   517                    940.9180  6860631         
  60526 48092     1156.8594   510                    940.9180  6930243         
Elapsed time = 1067.30 sec. (232533.64 ticks, tree = 11024.78 MB, solutions = 0)
Nodefile size = 8955.93 MB (6232.21 MB after compression)
  61485 49101     1088.1588   519                    940.9180  7087314         
  62482 50196     1107.7432   517                    940.9180  7287412         
  63643 50545     1891.7155   339                    941.2621  7343793         
  64653 51265     1006.7807   574                    941.9494  7454690         
  65692 53194     1257.3675   579                    942.3338  7719431         
  66562 53243     1017.1644   602                    942.3338  7730719         
  67614 54640     1417.9877   465                    942.3338  7938602         
  68408 55257      946.2941   658                    942.3865  8058605         
  69221 55512     1310.6224   554                    942.7582  8095456         
  69988 56497     1248.6225   546                    942.7582  8282506         
Elapsed time = 1258.69 sec. (270755.16 ticks, tree = 12967.62 MB, solutions = 0)
Nodefile size = 10898.63 MB (7642.28 MB after compression)
  70839 57463     1092.6046   520                    942.7582  8459692         
  71703 57788     1190.7143   564                    942.7582  8529163         
  72584 59052     1793.7760   343                    942.7582  8756390         
  73448 59034      953.4903   636                    942.7582  8771546         
  74321 59760     1187.2723   516                    942.7582  8948094         
  75239 61051     1267.0551   514                    942.7582  9141698         
  75757 61388     1312.8061   557                    942.7582  9192737         
  76170 62795     1160.7704   493                    942.7582  9461694         
  76916 62603     1625.3518   524                    942.7665  9394482         
  78028 63697     1228.2704   524                    943.2391  9646649         
Elapsed time = 1456.75 sec. (308940.10 ticks, tree = 14625.49 MB, solutions = 0)
Nodefile size = 12558.26 MB (8844.06 MB after compression)
  78998 64566     1145.4214   553                    943.4429  9766365         
  80170 64856     1182.7486   550                    943.4429  9818422         
  81041 66462     1343.1668   595                    943.4429 10061009         
  81854 67172     1233.7176   531                    943.4429 10184794         
  82598 67696     1288.1298   583                    943.4489 10280124         
  83485 67925     1094.1123   657                    943.4489 10315650         
  84492 69230     1698.5973   522                    943.6826 10545184         
  85218 69842     1116.8791   624                    943.7263 10637055         
  85928 69852     1300.4907   577                    943.7997 10635570         
  86752 71342     1168.6920   593                    943.7997 10920375         
Elapsed time = 1640.33 sec. (347115.10 ticks, tree = 16391.91 MB, solutions = 0)
Nodefile size = 14321.55 MB (10123.26 MB after compression)
  87610 71623     1108.6159   568                    943.8283 10987015         
  88461 72785     1188.9213   476                    943.8360 11188680         
  89293 72470     1188.7558   501                    943.9453 11149776         
  90045 73509     1117.2176   581                    943.9453 11322720         
  90707 74432     1206.1441   624                    943.9453 11486675         
  91424 75345     1012.8102   648                    943.9453 11696198         
  92337 75175     1123.7217   584                    943.9453 11650336         
  93219 75737     1056.2581   612                    943.9453 11773872         
  94272 77000     1222.2426   590                    943.9453 12022750         
  95249 77882     1857.8879   456                    943.9453 12169954         
Elapsed time = 1827.14 sec. (385295.74 ticks, tree = 17889.11 MB, solutions = 0)
Nodefile size = 15819.91 MB (11214.39 MB after compression)
  95915 78599     1172.7017   600                    944.0384 12294257         
  96618 79454     1315.9892   494                    944.0977 12460526         
  97543 80194     1094.7068   602                    944.1302 12638225         
  98367 79780     1372.7649   551                    944.1302 12529297         
  99188 80597     1358.9524   612                    944.3251 12729815         
  99986 81220     1022.4204   586                    944.3251 12842530         
 100769 81659     1373.8274   484                    944.4979 12928484         
 101460 82333     1504.6689   476                    944.4979 13040935         
 102099 83483     1247.0246   478                    944.4979 13271027         
 102597 83734     1965.5520   245                    944.4979 13297198         
Elapsed time = 2018.02 sec. (423490.40 ticks, tree = 19102.86 MB, solutions = 0)
Nodefile size = 17008.89 MB (12059.52 MB after compression)
 103517 85262     1542.7066   508                    944.5280 13593307         
 104462 85269     1184.3554   593                    944.5280 13588607         
 105285 86182     1042.8682   587                    944.7711 13768354         
 106181 87458     1068.1009   616                    944.7779 13972433         
 107093 87533      997.5729   616                    944.9018 13986862         
 107858 87468     1090.0634   651                    944.9018 13969890         
 108665 89517     1236.4000   586                    944.9557 14320743         
 109458 89583     1361.8399   586                    944.9557 14324235         
 110184 89799     1313.9451   580                    944.9557 14372108         
 110938 90495     1070.9733   603                    944.9557 14501786         
Elapsed time = 2208.25 sec. (461680.45 ticks, tree = 20660.61 MB, solutions = 0)
Nodefile size = 18588.99 MB (13199.27 MB after compression)
 111672 91732     1290.3349   603                    944.9557 14736634         
 112225 92924     1193.7080   503                    944.9557 14983995         
 112914 93497     1031.8930   606                    944.9557 15102447         
 113677 93412     1291.6865   560                    944.9557 15067614         
 114584 94260     1403.0883   531                    944.9557 15308963         
 115438 95288     1681.8407   242                    944.9557 15475246         
 116277 96103     1007.3709   675                    944.9557 15622045         
 117257 95460     1920.3406   258                    944.9557 15495482         
 118359 96420     1628.2574   514                    944.9557 15665999         
 119408 96600     2022.4957   504                    944.9557 15717947         
Elapsed time = 2400.13 sec. (499868.57 ticks, tree = 21692.53 MB, solutions = 0)
Nodefile size = 19617.52 MB (13918.83 MB after compression)
 120466 97644     1147.2592   619                    944.9557 15862343         
 121590 99839     1862.1109   232                    944.9557 16219092         
 122438 99396     1603.6948   412                    944.9557 16155008         
 123317 101648     1010.2938   616                    945.2145 16502733         
 124063 103026     1335.9520   526                    945.2145 16702096         
 124894 103735     1692.7709   527                    945.5078 16810885         
 125633 102877    infeasible                          945.5078 16677494         
 126516 103610     1151.5970   511                    945.5078 16796369         
 127317 104551     1030.1912   679                    945.5078 16984419         
 128299 106236     1319.0866   499                    945.5083 17280563         
Elapsed time = 2585.37 sec. (538044.01 ticks, tree = 23911.57 MB, solutions = 0)
Nodefile size = 21837.56 MB (15515.60 MB after compression)
 129382 105829      946.0634   619                    945.5083 17225067         
 130450 106197     1095.7775   598                    945.5101 17282065         
 131270 107519     1028.2692   696                    945.5276 17483207         
 132116 109997     1112.2820   613                    945.5979 17890237         
 133115 110125     1113.9932   581                    945.5979 17907677         
 134281 111148      948.7333   682                    945.5979 18101182         
 135158 110377     1076.3439   601                    945.5979 17955562         
 135901 112361     1625.4005   432                    945.5979 18287038         
 136742 111529     1404.4452   543                    945.5983 18161338         
 137547 114342     1122.7101   538                    945.5983 18658026         
Elapsed time = 2780.46 sec. (576224.19 ticks, tree = 25768.89 MB, solutions = 0)
Nodefile size = 23696.87 MB (16874.63 MB after compression)
 138398 114812     1029.0018   683                    945.6566 18755410         
 139196 114817     1196.2439   555                    945.6566 18743680         
 140049 115473     1051.7846   609                    946.0117 18900107         
 140988 115627     1110.2173   589                    946.0117 18933256         
 141929 115784     1414.3509   520                    946.0351 18950746         
 142669 116769     1131.7231   620                    946.0351 19184940         
 143400 118850     1380.3185   596                    946.0351 19558850         
 144034 118808     1258.8576   509                    946.0351 19550820         
 144647 119216     1252.3680   576                    946.0572 19666229         
 145173 119403     1035.4391   689                    946.1309 19710505         
Elapsed time = 2979.22 sec. (614443.79 ticks, tree = 26920.21 MB, solutions = 0)
Nodefile size = 24835.13 MB (17702.30 MB after compression)
 145662 120182     1087.4583   642                    946.2060 19826636         
 146291 120043     1071.8281   646                    946.2839 19816467         
 147141 122544     1811.2900   387                    946.2839 20339451         
 148071 122429     2190.6071   107                    946.2916 20298141         
 148887 123430     1058.2223   679                    946.2916 20497290         
 149871 122713     1130.9440   565                    946.3029 20351572         
 150626 123100     1085.1550   605                    946.3029 20469286         
 151490 126065      980.0237   703                    946.3108 20986119         
 152225 126269      995.5202   639                    946.3108 21009084         
 152971 127475     2056.1135   107                    946.3175 21256135         
Elapsed time = 3177.06 sec. (652628.65 ticks, tree = 28781.97 MB, solutions = 0)
Nodefile size = 26707.01 MB (19051.53 MB after compression)
*153699+127572                         2200.4100      946.3175            56.99%
 153743 127625     1021.6146   668     2200.4100      946.3175 21296552   56.99%
 154583 127635     1056.7094   674     2200.4100      946.3175 21299194   56.99%
*154691+127198                         1903.3977      946.3175            50.28%
*154823+127198                         1894.0878      946.3175            50.04%
*154911+127198                         1893.9656      946.3175            50.04%
*154950+127198                         1865.6375      946.3175            49.28%
*154965+127198                         1864.5010      946.3175            49.25%
 155294 127790     1333.4456   517     1864.5010      946.3175 21328830   49.25%
 155738 127932     1430.7530   559     1864.5010      946.3175 21379355   49.25%
 155903 127219     1140.5050   656     1864.5010      946.3175 21457072   49.25%

Performing restart 1

Repeating presolve.
Tried aggregator 1 time.
MIP Presolve eliminated 107 rows and 268 columns.
MIP Presolve modified 1213 coefficients.
Reduced MIP has 26882 rows, 28618 columns, and 123799 nonzeros.
Reduced MIP has 14763 binaries, 13855 generals, 0 SOSs, and 0 indicators.
Presolve time = 0.12 sec. (57.41 ticks)
Tried aggregator 1 time.
MIP Presolve eliminated 246 rows and 457 columns.
MIP Presolve modified 74 coefficients.
Reduced MIP has 26636 rows, 28161 columns, and 122376 nonzeros.
Reduced MIP has 14552 binaries, 13609 generals, 0 SOSs, and 0 indicators.
Presolve time = 0.17 sec. (88.32 ticks)
Tried aggregator 1 time.
MIP Presolve eliminated 0 rows and 165 columns.
Reduced MIP has 26636 rows, 27996 columns, and 121716 nonzeros.
Reduced MIP has 14387 binaries, 13609 generals, 0 SOSs, and 0 indicators.
Presolve time = 0.17 sec. (73.50 ticks)
Represolve time = 17.95 sec. (548.02 ticks)
*155905+    0                         1845.4308      946.3175            48.72%
 155905     0      974.6940   764     1845.4308    Cuts: 1265 21970241   47.18%
 155905     0     1010.7150   787     1845.4308     Cuts: 198 21972231   45.23%
 155905     0     1035.0567   831     1845.4308     Cuts: 279 21974426   43.91%
*155905+    0                         1723.5971     1035.0567            39.95%
*155905+    0                         1673.0563     1035.0567            38.13%
*155905+    0                         1669.0043     1035.0567            37.98%
 155905     0     1058.7383   897     1669.0043     Cuts: 458 21976459   36.56%
 155905     0     1066.9900   894     1669.0043     Cuts: 400 21977811   36.07%
 155905     0     1080.6366   844     1669.0043     Cuts: 211 21979371   35.25%
 155905     0     1092.0554   932     1669.0043     Cuts: 631 21980500   34.57%
 155905     0     1100.7539   922     1669.0043     Cuts: 191 21982072   34.05%
 155905     0     1106.5382   958     1669.0043     Cuts: 310 21983189   33.70%
 155905     0     1109.1826   997     1669.0043     Cuts: 191 21984191   33.54%
 155905     0     1110.9221  1004     1669.0043     Cuts: 175 21985720   33.44%
 155905     0     1111.7030  1019     1669.0043     Cuts: 156 21986308   33.39%
 155905     0     1112.4331  1047     1669.0043     Cuts: 115 21986809   33.35%
 155905     0     1113.0002  1065     1669.0043     Cuts: 116 21987232   33.31%
 155905     0     1113.3641  1048     1669.0043      Cuts: 89 21987577   33.29%
 155905     0     1113.6941  1051     1669.0043      Cuts: 87 21987881   33.27%
 155905     0     1113.8381  1063     1669.0043      Cuts: 50 21988066   33.26%
 155905     0     1114.0792  1059     1669.0043      Cuts: 44 21988310   33.25%
 155905     0     1114.1552  1057     1669.0043      Cuts: 54 21988461   33.24%
 155905     0     1114.3125  1070     1669.0043      Cuts: 32 21988618   33.23%
 155905     0     1114.3524  1068     1669.0043      Cuts: 31 21988701   33.23%
 155905     0     1114.3814  1085     1669.0043      Cuts: 40 21988776   33.23%
 155905     0     1114.3934  1077     1669.0043      Cuts: 22 21988837   33.23%
 155905     2     1114.3934  1077     1669.0043     1114.3934 21988837   33.23%
 155906     3     1118.4029  1041     1669.0043     1118.4043 21992253   32.99%
 155907     4     1120.0715  1048     1669.0043     1120.1081 21995757   32.89%
 155908     3     1136.8780   937     1669.0043     1120.1081 21997429   32.89%
 155909     5     1129.3762   973     1669.0043     1121.0571 21997342   32.83%
Elapsed time = 3571.56 sec. (840860.35 ticks, tree = 0.03 MB, solutions = 10)
 155911     5     1132.7353  1021     1669.0043     1121.0571 21999764   32.83%
 155915     7     1147.7012   938     1669.0043     1121.0571 22007679   32.83%
 155919     9     1141.3278  1066     1669.0043     1129.3902 22015862   32.33%
 155923    14     1189.2382  1005     1669.0043     1132.3931 22030866   32.15%
 155925    10     1160.1486   946     1669.0043     1132.3931 22018925   32.15%
 155928    15     1139.8554  1108     1669.0043     1132.3931 22033581   32.15%
 155930    13     1161.7568   982     1669.0043     1132.3931 22030727   32.15%
 155938    18     1185.5047   988     1669.0043     1132.3960 22050559   32.15%
*155939+   17                         1657.0460     1132.3960            31.66%
*155939+   17                         1648.3579     1132.3960            31.30%
*155939+   17                         1645.9147     1132.3960            31.20%
*155945+   18                         1625.5711     1133.0078            30.30%
 155945    23     1166.6907   954     1625.5711     1133.0078 22072103   30.30%
*155946+   18                         1625.1545     1133.0078            30.28%
*155948+   18                         1624.5971     1133.0078            30.26%
*155948+   18                         1589.5164     1133.0078            28.72%
*155948+   18                         1587.6073     1133.0078            28.63%
 155951    22     1175.4978   982     1587.6073     1133.0078 22069171   28.63%
Elapsed time = 3823.74 sec. (894975.82 ticks, tree = 0.02 MB, solutions = 25)
*155956+   24                         1580.5015     1133.0234            28.31%
*155956+   24                         1580.4668     1133.0234            28.31%
 155957    32     1162.2113  1010     1580.4668     1133.0234 22135518   28.31%
 155965    29     1187.9008   916     1580.4668     1133.0234 22112253   28.31%
 155971    51     1206.8394   938     1580.4668     1137.9176 22375814   28.00%
 155988    47     1167.7581   990     1580.4668     1137.9176 22321685   28.00%
 156008    62     1160.3971   970     1580.4668     1137.9176 22525598   28.00%
 156038    64     1239.7063   945     1580.4668     1139.3246 22531351   27.91%
 156080    72     1246.3190   972     1580.4668     1139.3246 22639424   27.91%
 156122    82     1235.7458   855     1580.4668     1139.3246 22708992   27.91%
 156176   110     1179.5295   846     1580.4668     1139.3246 22757719   27.91%
 156218   148     1288.0969   815     1580.4668     1139.3246 22832615   27.91%
Elapsed time = 4051.50 sec. (934850.48 ticks, tree = 6.78 MB, solutions = 65)
 156263   221     1261.3585   917     1580.4668     1139.3246 23007948   27.91%
 156339   276     1197.6354   911     1580.4668     1139.3246 23111936   27.91%
 156417   333     1348.2353   784     1580.4668     1139.3246 23163820   27.91%
 156500   435     1223.8292   870     1580.4668     1139.3246 23250999   27.91%
 156563   425     1267.0649   857     1580.4668     1139.3246 23241253   27.91%
 156650   494     1308.6686   643     1580.4668     1139.3246 23283381   27.91%
 156719   533     1241.0315   957     1580.4668     1139.3246 23318137   27.91%
 156822   707     1256.3265   954     1580.4668     1139.3246 23455250   27.91%
 156948   582     1238.4535   853     1580.4668     1139.3246 23361269   27.91%
 157095   886     1443.0687   718     1580.4668     1139.3246 23581935   27.91%
Elapsed time = 4289.71 sec. (973505.53 ticks, tree = 50.79 MB, solutions = 69)
 157280   992     1372.8844   761     1580.4668     1139.3246 23636960   27.91%
 157522  1070     1392.5740   772     1580.4668     1139.3246 23667100   27.91%
 157746   955     1214.9279   899     1580.4668     1139.3246 23625352   27.91%
 157971  1203     1156.7801  1003     1580.4668     1139.3246 23731075   27.91%
*158209+ 1007                         1565.6444     1139.3246            27.23%
*158210+ 1007                         1565.1444     1139.3246            27.21%
 158220  1235     1243.7605   800     1565.1444     1139.3246 23738964   27.21%
 158434  1367     1506.6964   565     1565.1444     1139.3246 23787921   27.21%
 158608  2014     1464.4532   720     1565.1444     1139.3246 24043148   27.21%
 158739  1706     1448.9917   600     1565.1444     1139.3246 23893274   27.21%
 158890  2341     1465.0007   510     1565.1444     1139.3246 24210029   27.21%
 159073  2455     1280.6356   728     1565.1444     1139.3246 24318352   27.21%
Elapsed time = 4518.74 sec. (1011975.42 ticks, tree = 351.61 MB, solutions = 71)
 159307  2434     1211.1344   856     1565.1444     1140.2355 24300943   27.15%
 159531  2688     1226.4886   943     1565.1444     1140.8290 24453858   27.11%
 159750  2608     1392.0979   661     1565.1444     1140.8290 24377796   27.11%
 159927  2634     1458.5413   646     1565.1444     1143.5617 24392945   26.94%
 160147  3366        cutoff           1565.1444     1143.5617 24721769   26.94%
 160431  3092     1424.4293   644     1565.1444     1143.5617 24609741   26.94%
 160787  2924     1320.4017   724     1565.1444     1143.7994 24553136   26.92%
 161180  3779     1538.3551   676     1565.1444     1143.7994 24904183   26.92%
 161513  3685     1476.6414   361     1565.1444     1143.7994 24813788   26.92%
 161837  4152     1283.2997   789     1565.1444     1143.7994 25001212   26.92%
Elapsed time = 4757.96 sec. (1050281.60 ticks, tree = 721.50 MB, solutions = 71)
 162139  4177     1309.0127   730     1565.1444     1143.7994 25003951   26.92%
 162467  5113     1463.9036   319     1565.1444     1143.7994 25234765   26.92%
 162864  5023     1246.1149   842     1565.1444     1143.7994 25224460   26.92%
 163248  5821     1536.3515   318     1565.1444     1143.7994 25422211   26.92%
 163677  5576     1251.6961   801     1565.1444     1143.7994 25364482   26.92%
 164166  6507     1275.5154   837     1565.1444     1143.7994 25588998   26.92%
 164714  6510     1393.2410   604     1565.1444     1143.7994 25572771   26.92%
 165192  7333     1484.5632   679     1565.1444     1143.7994 25774760   26.92%
 165633  7574     1267.8863   808     1565.1444     1143.7994 25827133   26.92%
 166010  8029     1379.9263   759     1565.1444     1143.7994 25896682   26.92%
Elapsed time = 4999.95 sec. (1088553.05 ticks, tree = 1587.96 MB, solutions = 71)
 166381  8472     1330.1354   686     1565.1444     1143.7994 25978216   26.92%
 166768  8494     1404.9933   669     1565.1444     1144.6612 25981254   26.87%
 167232  9273     1509.6040   666     1565.1444     1144.6612 26141146   26.87%
 167629  8901     1557.4931   697     1565.1444     1144.6612 26067623   26.87%
 168074  9780     1446.7867   702     1565.1444     1144.6612 26270763   26.87%
 168464 10426     1525.7312   697     1565.1444     1144.6612 26368275   26.87%
 168914 10760     1278.5594   954     1565.1444     1144.6612 26463002   26.87%
 169216 10875     1216.8886   957     1565.1444     1144.6612 26485891   26.87%
 169583 11715     1497.6615   635     1565.1444     1144.6612 26610172   26.87%
 169939 12282     1380.1613   601     1565.1444     1151.1706 26725077   26.45%
Elapsed time = 5241.87 sec. (1126787.03 ticks, tree = 2549.91 MB, solutions = 71)
Nodefile size = 495.40 MB (357.94 MB after compression)
 170259 12472     1259.6312   957     1565.1444     1151.1706 26767025   26.45%
 170751 12636     1519.3130   614     1565.1444     1151.8007 26788281   26.41%
 171212 13556     1489.4930   727     1565.1444     1151.8007 26977112   26.41%
 171625 14064     1232.2705  1082     1565.1444     1153.7038 27082824   26.29%
 172092 13521     1299.2620   849     1565.1444     1153.7038 26974873   26.29%
 172616 14304     1341.6446   863     1565.1444     1153.7038 27128588   26.29%
 173038 15268     1359.8071   795     1565.1444     1153.7038 27307180   26.29%
 173513 14797     1479.4122   757     1565.1444     1156.5059 27207445   26.11%
 173996 15237     1351.0256   727     1565.1444     1156.5059 27304910   26.11%
 174463 16528     1368.5323   797     1565.1444     1156.5059 27536855   26.11%
Elapsed time = 5488.29 sec. (1164999.02 ticks, tree = 3502.43 MB, solutions = 71)
Nodefile size = 1444.97 MB (1060.40 MB after compression)
 174876 17236     1348.3400   796     1565.1444     1156.5059 27671021   26.11%
 175286 17352     1474.7722   639     1565.1444     1156.5059 27689736   26.11%
 175714 17548     1545.3203   667     1565.1444     1160.7221 27722852   25.84%
 176065 17596     1219.4411   971     1565.1444     1160.7221 27748416   25.84%
 176429 18366     1408.7262   698     1565.1444     1160.7221 27918239   25.84%
 176756 19116     1494.9784   787     1565.1444     1160.7221 28105348   25.84%
 177024 18936     1338.6503   805     1565.1444     1160.7221 28066082   25.84%
 177325 19510     1323.5917   776     1565.1444     1161.2918 28187397   25.80%
 177620 20083     1395.7679   680     1565.1444     1162.2832 28379568   25.74%
 177955 19675     1371.1709   663     1565.1444     1162.2832 28247994   25.74%
Elapsed time = 5733.84 sec. (1203357.85 ticks, tree = 4215.96 MB, solutions = 71)
Nodefile size = 2155.41 MB (1588.32 MB after compression)
 178386 19968     1466.1582   713     1565.1444     1162.2832 28326830   25.74%
 178810 21028     1546.6183   633     1565.1444     1162.2832 28598208   25.74%
 179203 20485     1474.3271   670     1565.1444     1162.2832 28481188   25.74%
 179534 21179     1228.9910  1007     1565.1444     1162.2832 28636367   25.74%
 179821 22005     1561.2821   471     1565.1444     1163.0193 28807414   25.69%
 180112 22397     1430.1457   699     1565.1444     1163.0193 28952182   25.69%
 180354 22176     1412.0558   682     1565.1444     1163.0193 28871162   25.69%
 180656 22180     1188.7586  1020     1565.1444     1164.4428 28882397   25.60%
 180974 22461     1307.6737   792     1565.1444     1164.4428 28977882   25.60%
 181262 22778     1507.6629   760     1565.1444     1164.4428 29061653   25.60%
Elapsed time = 5977.40 sec. (1241595.21 ticks, tree = 4915.68 MB, solutions = 71)
Nodefile size = 2855.69 MB (2106.75 MB after compression)
 181544 23479     1200.4095  1004     1565.1444     1164.4742 29315312   25.60%
*181631+23589                         1553.2232     1164.4742            25.03%
*181639+23589                         1552.2810     1164.4742            24.98%
 181783 23746     1366.7935   814     1552.2810     1164.4742 29455975   24.98%
 182021 23736     1351.5649   711     1552.2810     1164.4742 29429963   24.98%
 182359 24228     1322.1329   787     1552.2810     1164.4742 29619343   24.98%
*182717+22559                         1516.7875     1164.4742            23.23%
 182740 23980     1450.6420   733     1516.7875     1164.4742 29513177   23.23%
 183079 24105     1333.9824   887     1516.7875     1164.5159 29582398   23.22%
 183472 24410    infeasible           1516.7875     1164.7521 29671943   23.21%
 183811 23736     1245.3789   974     1516.7875     1164.7521 29884907   23.21%
*184097+23691                         1516.6268     1164.7521            23.20%
*184126+23691                         1515.2703     1164.7521            23.13%
*184131+23691                         1515.0612     1164.7521            23.12%
 184170 24088     1511.6638   307     1515.0612     1164.7521 29954665   23.12%
 184490 24205     1290.5039   894     1515.0612     1165.3016 29994392   23.09%
Elapsed time = 6218.69 sec. (1279840.32 ticks, tree = 5209.89 MB, solutions = 87)
Nodefile size = 3148.92 MB (2334.25 MB after compression)
 184815 24144     1419.7820   722     1515.0612     1165.3016 29978180   23.09%
 185175 24906     1395.0191   764     1515.0612     1165.3016 30166135   23.09%
 185610 25507     1470.6007   681     1515.0612     1165.4609 30325296   23.07%
 186002 25171     1419.7697   668     1515.0612     1165.4609 30246423   23.07%
 186377 25978     1410.9165   655     1515.0612     1165.4609 30431222   23.07%
 186804 26604     1459.2310   776     1515.0612     1165.4609 30587404   23.07%
 187167 26201     1200.4083  1012     1515.0612     1165.8035 30490502   23.05%
 187431 26581     1299.9546   853     1515.0612     1166.2542 30583719   23.02%
 187744 27555     1279.9992   858     1515.0612     1166.2542 30821965   23.02%
 188149 27964     1446.7063   553     1515.0612     1166.2542 30938585   23.02%
Elapsed time = 6464.16 sec. (1318131.37 ticks, tree = 5925.70 MB, solutions = 89)
Nodefile size = 3869.85 MB (2869.43 MB after compression)
 188607 27935     1352.3510   877     1515.0612     1166.2542 30934094   23.02%
 189005 27942     1379.2257   819     1515.0612     1166.2542 30936792   23.02%
 189436 28097     1424.4253   669     1515.0612     1166.2542 30980101   23.02%
*189554+28490                         1514.9767     1166.2542            23.02%
 189687 28556     1406.8194   655     1514.9767     1166.2542 31058758   23.02%
*189975+28653                         1514.9767     1166.6946            22.99%
 190001 28705     1323.9989   701     1514.9767     1166.6946 31098850   22.99%
 190322 30105     1362.2302   671     1514.9767     1166.6946 31349197   22.99%
 190674 30539     1411.1733   715     1514.9767     1166.6946 31424141   22.99%
 191054 30516     1487.5032   726     1514.9767     1166.6946 31421537   22.99%
 191461 31063     1343.2557   828     1514.9767     1166.6946 31560806   22.99%
 191851 31224     1262.4735   902     1514.9767     1166.9900 31610087   22.97%
Elapsed time = 6703.77 sec. (1356388.02 ticks, tree = 6329.19 MB, solutions = 91)
Nodefile size = 4270.92 MB (3160.17 MB after compression)
 192411 31927     1404.5440   691     1514.9767     1166.9900 31705919   22.97%
*192741+30654                         1506.9181     1166.9900            22.56%
 192815 31538     1231.8627   930     1506.9181     1167.0687 31653390   22.55%
 193186 32191     1319.3677   817     1506.9181     1167.0687 31756786   22.55%
 193554 32225     1294.8183   916     1506.9181     1167.1030 31874532   22.55%
 193922 32254     1434.7004   776     1506.9181     1167.1030 31887773   22.55%
 194212 32448     1338.4846   861     1506.9181     1167.1030 31920114   22.55%
 194551 33706     1203.6192   997     1506.9181     1167.6836 32191933   22.51%
 194899 34025     1418.6646   750     1506.9181     1167.7854 32263061   22.51%
 195300 34151     1426.8409   782     1506.9181     1167.7854 32287499   22.51%
 195616 33971     1364.1677   774     1506.9181     1168.0333 32259084   22.49%
Elapsed time = 6953.95 sec. (1394713.70 ticks, tree = 6934.71 MB, solutions = 92)
Nodefile size = 4878.29 MB (3609.13 MB after compression)
 195941 34642     1380.9303   647     1506.9181     1168.0333 32422961   22.49%
 196190 34729     1200.9312   988     1506.9181     1168.0333 32455014   22.49%
 196478 35148     1425.7896   723     1506.9181     1168.0333 32546813   22.49%
 196792 34953     1404.6745   679     1506.9181     1168.3288 32501788   22.47%
 197175 35673     1418.8869   838     1506.9181     1168.3333 32751528   22.47%
 197499 35682     1447.3691   863     1506.9181     1168.4279 32754440   22.46%
 197795 36849     1487.9215   693     1506.9181     1168.4279 33061837   22.46%
 198086 36426     1413.4612   646     1506.9181     1168.4279 32988055   22.46%
 198394 36255     1349.2373   801     1506.9181     1168.4279 32920680   22.46%
 198687 37765     1432.6724   790     1506.9181     1168.4279 33327725   22.46%
Elapsed time = 7197.47 sec. (1432970.97 ticks, tree = 7568.31 MB, solutions = 92)
Nodefile size = 5510.87 MB (4075.18 MB after compression)
 198999 38021     1427.5385   602     1506.9181     1168.4279 33420733   22.46%
 199295 37944     1300.8566   936     1506.9181     1168.4279 33389569   22.46%
 199534 38290     1265.4389   823     1506.9181     1168.4279 33482644   22.46%
 199791 38301     1298.3927   820     1506.9181     1168.4279 33485655   22.46%
 200054 38701     1256.6109   930     1506.9181     1168.4279 33620128   22.46%
 200432 39171     1416.1750   683     1506.9181     1168.4279 33751202   22.46%
 200770 39175     1195.2128   957     1506.9181     1168.4279 33754275   22.46%
 201157 39839     1460.6697   639     1506.9181     1169.0276 33998961   22.42%
 201520 39978     1253.1344   836     1506.9181     1169.6062 34040448   22.38%
 201771 40145     1423.4758   835     1506.9181     1169.6062 34100490   22.38%
Elapsed time = 7446.32 sec. (1471269.75 ticks, tree = 8113.02 MB, solutions = 92)
Nodefile size = 6054.46 MB (4478.97 MB after compression)
 202052 40204     1187.9563  1002     1506.9181     1169.6062 34112514   22.38%
 202453 40023     1349.1516   741     1506.9181     1169.6062 34049431   22.38%
 202823 40695     1386.3682   639     1506.9181     1169.8967 34212237   22.36%
 203277 41228     1290.7425   771     1506.9181     1169.8967 34394610   22.36%
 203671 41753     1413.4721   531     1506.9181     1169.8967 34524875   22.36%
 204100 41671     1308.1770   846     1506.9181     1169.9398 34501383   22.36%
 204512 41623     1368.4620   767     1506.9181     1170.1119 34496493   22.35%
 204986 41796     1297.0059   947     1506.9181     1170.1119 34551018   22.35%
 205316 42311     1295.4283   910     1506.9181     1170.3772 34677976   22.33%
 205679 42964     1380.8766   698     1506.9181     1170.3772 34836536   22.33%
Elapsed time = 7685.64 sec. (1509609.05 ticks, tree = 8751.35 MB, solutions = 92)
Nodefile size = 6686.48 MB (4945.29 MB after compression)
 206058 44432     1257.1593   862     1506.9181     1171.4713 35194523   22.26%
 206514 43525     1460.8900   696     1506.9181     1171.4713 34937700   22.26%
 206926 43843     1427.6841   619     1506.9181     1171.4713 35053796   22.26%
 207242 43800     1255.8473   939     1506.9181     1172.0567 35045124   22.22%
*207383+45413                         1466.5925     1172.0567            20.08%
*207411+45413                         1466.0447     1172.0567            20.05%
*207454+45413                         1466.0100     1172.0567            20.05%
*207518+45413                         1464.6774     1172.0567            19.98%
*207599+45413                         1456.5603     1172.0567            19.53%
 207622 44537     1308.0749   837     1456.5603     1172.0567 35215572   19.53%
 207875 45079     1403.8415   721     1456.5603     1172.0567 35328108   19.53%
 208178 46467     1374.7617   713     1456.5603     1172.0567 35623289   19.53%
*208213+45747                         1395.7024     1172.0567            16.02%
 208443 44550     1451.9539   652     1395.7024     1172.0567 35714528   16.02%
 208737 45290     1426.1851   699     1395.7024     1172.5228 35683461   15.99%
 209050 44732     1299.0508   906     1395.7024     1172.5228 35758312   15.99%
Elapsed time = 7916.23 sec. (1547958.90 ticks, tree = 9273.07 MB, solutions = 122)
Nodefile size = 7224.15 MB (5340.10 MB after compression)
 209384 45336     1469.6181   622     1395.7024     1172.5228 35688048   15.99%
 209663 41805     1241.9653   946     1395.7024     1172.5228 35760376   15.99%
 209944 41377     1236.8216   854     1395.7024     1172.5228 35855577   15.99%
 210313 41781     1369.1413   712     1395.7024     1172.5228 35932328   15.99%
*210555+31735                         1366.6082     1172.5228            14.20%
 210721 41977     1311.2278   963     1366.6082     1172.7985 36008031   14.18%
 211005 41819     1445.9344   605     1366.6082     1172.8565 35938471   14.18%
 211210 31715     1248.9925   833     1366.6082     1173.2620 36096479   14.15%
 211362 26094        cutoff           1366.6082     1173.4343 36232076   14.14%
 211497 26146     1215.9378   986     1366.6082     1173.4343 36260511   14.14%
 211695 26546     1362.5348   579     1366.6082     1173.4343 36494224   14.14%
Elapsed time = 8162.41 sec. (1586256.97 ticks, tree = 5232.47 MB, solutions = 149)
Nodefile size = 3172.72 MB (2343.48 MB after compression)
 211885 26337     1316.0418   849     1366.6082     1173.4343 36358570   14.14%
*211951+26141                         1361.7131     1173.4343            13.83%
*211967+26141                         1360.7168     1173.4343            13.76%
 212035 26806     1331.6536   805     1360.7168     1173.9121 36602426   13.73%
 212160 25998        cutoff           1360.7168     1174.1655 36820809   13.71%
 212302 27019     1220.2990   950     1360.7168     1174.3759 36698319   13.69%
 212459 27031     1248.3872   931     1360.7168     1174.5518 36701003   13.68%
 212621 26305     1244.1535   990     1360.7168     1174.5518 36998540   13.68%
*212656+26778                         1352.5349     1174.5518            13.16%
 212816 26281     1240.0978   943     1352.5349     1174.5696 36991945   13.16%
*212833+26778                         1351.2323     1174.5696            13.07%
 212978 26143        cutoff           1351.2323     1174.6715 36925576   13.07%
 213185 26627     1289.6167   839     1351.2323     1174.6715 37186122   13.07%
 213369 26361     1356.6768   758     1351.2323     1174.6715 37008912   13.07%
Elapsed time = 8409.43 sec. (1624553.57 ticks, tree = 5049.26 MB, solutions = 154)
Nodefile size = 2973.17 MB (2193.59 MB after compression)
 213548 26531     1320.2210   772     1351.2323     1174.6715 37124188   13.07%
 213731 25345     1216.7334   936     1351.2323     1174.6715 37455614   13.07%
 213923 25405     1297.0269   809     1351.2323     1175.6168 37484333   13.00%
 214148 25135     1285.8046   906     1351.2323     1175.9040 37348647   12.98%
 214376 25212     1297.1015   943     1351.2323     1175.9040 37364553   12.98%
 214612 25719     1306.8336   877     1351.2323     1175.9040 37678416   12.98%
 214820 25510     1251.9903   920     1351.2323     1176.3361 37545700   12.94%
 215025 26295     1288.3874   881     1351.2323     1176.3361 37948983   12.94%
 215252 26483     1337.2683   466     1351.2323     1176.3361 38021579   12.94%
 215436 26559     1245.4948   782     1351.2323     1176.3361 38064191   12.94%
Elapsed time = 8663.58 sec. (1662956.62 ticks, tree = 5115.60 MB, solutions = 154)
Nodefile size = 3053.64 MB (2251.67 MB after compression)
 215599 26300     1226.9707  1017     1351.2323     1176.3361 37945269   12.94%
 215807 26433     1326.6792   869     1351.2323     1176.4856 38016817   12.93%
 216006 26742     1341.1533   430     1351.2323     1176.4856 38132737   12.93%
 216200 26637     1333.4585   815     1351.2323     1176.4856 38104592   12.93%
 216399 26808     1268.0881   886     1351.2323     1176.4856 38203435   12.93%
 216593 27064     1237.5012   912     1351.2323     1177.2438 38344903   12.88%
 216765 27858     1325.7602   859     1351.2323     1177.2438 38656344   12.88%
 216928 28122     1286.2879   908     1351.2323     1177.2438 38787948   12.88%
 217092 27800     1336.5985   800     1351.2323     1177.2438 38627687   12.88%
 217240 28255     1347.4258   834     1351.2323     1177.6842 38895372   12.84%
Elapsed time = 8906.91 sec. (1701367.11 ticks, tree = 5506.33 MB, solutions = 154)
Nodefile size = 3446.78 MB (2540.10 MB after compression)
 217377 28325     1271.4458   837     1351.2323     1177.8117 38958854   12.83%
*217434+27039                         1351.1515     1177.8117            12.83%
 217515 28333     1302.6889   789     1351.1515     1177.8117 38961500   12.83%
 217657 28233     1295.2602   876     1351.1515     1177.8117 38859185   12.83%
*217684+28856                         1349.7571     1177.8830            12.73%
 217799 28702     1262.8578   936     1349.7571     1177.9753 39157385   12.73%
 217960 28648     1348.8984   765     1349.7571     1178.1705 39335973   12.71%
 218106 28683     1247.7333   847     1349.7571     1178.1705 39135798   12.71%
 218265 28730     1199.5491   921     1349.7571     1178.1705 39403098   12.71%
 218441 28774     1246.3757   924     1349.7571     1178.1705 39449986   12.71%
 218620 28983     1333.0801   727     1349.7571     1178.1705 39595251   12.71%
 218799 28728        cutoff           1349.7571     1178.1705 39397926   12.71%
Elapsed time = 9152.46 sec. (1739707.32 ticks, tree = 5546.12 MB, solutions = 156)
Nodefile size = 3483.77 MB (2566.33 MB after compression)
 218997 29332     1334.6215   877     1349.7571     1178.1705 39788691   12.71%
 219169 29280     1218.3714  1000     1349.7571     1178.1705 39764190   12.71%
*219306+29062                         1349.0404     1178.6290            12.63%
 219336 29731     1275.2800   765     1349.0404     1178.6290 40020274   12.63%
 219536 29743     1297.8884   754     1349.0404     1178.6660 40023687   12.63%
 219745 29712     1281.7181   892     1349.0404     1178.6741 39996876   12.63%
 219911 29798     1336.3808   879     1349.0404     1179.0641 40054930   12.60%
 220081 29845     1258.7091   972     1349.0404     1179.0641 40088088   12.60%
 220256 29766     1302.7008   890     1349.0404     1179.0689 40117522   12.60%
 220471 29810     1313.0755   922     1349.0404     1179.1391 40165292   12.59%
 220689 30665        cutoff           1349.0404     1179.1822 40612585   12.59%
Elapsed time = 9401.01 sec. (1777997.47 ticks, tree = 5918.78 MB, solutions = 157)
Nodefile size = 3859.71 MB (2840.09 MB after compression)
 220872 29992     1338.3104   651     1349.0404     1179.1822 40270321   12.59%
 221029 30897     1290.4782   760     1349.0404     1179.3082 40730083   12.58%
 221171 30642     1341.3035   714     1349.0404     1179.4556 40589843   12.57%
 221375 31093     1329.3453   821     1349.0404     1179.4556 40834441   12.57%
 221546 30647     1221.6207   915     1349.0404     1179.4556 40595202   12.57%
 221709 31361     1205.6424   922     1349.0404     1179.4556 40981239   12.57%
 221864 31310     1296.1377   930     1349.0404     1179.4556 40937623   12.57%
 222059 31379     1288.1925   827     1349.0404     1179.7366 40987067   12.55%
 222225 32036     1253.9949   934     1349.0404     1179.7366 41358225   12.55%
 222356 32047     1262.9002   902     1349.0404     1179.7366 41360906   12.55%
Elapsed time = 9643.65 sec. (1816424.16 ticks, tree = 6233.13 MB, solutions = 157)
Nodefile size = 4170.05 MB (3069.44 MB after compression)
 222542 32030     1214.8505   895     1349.0404     1179.9574 41347368   12.53%
 222768 32057     1280.4594   905     1349.0404     1179.9574 41366474   12.53%
 222928 32269     1329.9023   862     1349.0404     1179.9574 41482141   12.53%
 223072 32180     1297.0797   867     1349.0404     1180.0335 41436312   12.53%
 223234 32839     1276.4236   913     1349.0404     1180.4529 41819184   12.50%
 223413 32970     1266.0539   927     1349.0404     1180.4529 41921253   12.50%
 223599 33101     1272.2568   919     1349.0404     1180.4529 41988661   12.50%
 223747 32938     1217.2609  1014     1349.0404     1180.7448 41897727   12.48%
 223893 32811        cutoff           1349.0404     1180.7448 41796388   12.48%
 224106 33498     1230.4119   994     1349.0404     1180.7448 42220933   12.48%
Elapsed time = 9887.28 sec. (1854925.34 ticks, tree = 6559.32 MB, solutions = 157)
Nodefile size = 4497.40 MB (3311.76 MB after compression)
 224305 33437     1270.4654   975     1349.0404     1180.7448 42166952   12.48%
 224468 33132     1274.6511   976     1349.0404     1180.7448 42002983   12.48%
 224644 33903     1336.7285   862     1349.0404     1180.7448 42488763   12.48%
 224795 33904     1197.0110  1055     1349.0404     1181.1243 42491269   12.45%
 224941 34052     1302.1359   846     1349.0404     1181.1243 42614105   12.45%
 225079 33600     1267.6873   973     1349.0404     1181.1243 42307653   12.45%
 225230 34147     1263.2889  1020     1349.0404     1181.1243 42656892   12.45%
 225443 34762     1310.3123   902     1349.0404     1181.4678 43025629   12.42%
 225690 34652     1265.2661   895     1349.0404     1181.4678 42951475   12.42%
 225903 34960     1192.6692   884     1349.0404     1181.4832 43152844   12.42%
Elapsed time = 10147.14 sec. (1893271.88 ticks, tree = 6685.13 MB, solutions = 157)
Nodefile size = 4625.49 MB (3403.90 MB after compression)
 226062 34428     1277.3594   869     1349.0404     1181.4832 42788958   12.42%
 226247 34847     1242.7965   876     1349.0404     1181.4832 43070400   12.42%
 226446 34520     1293.9623   894     1349.0404     1181.4832 42870354   12.42%
 226654 35607     1283.6639   936     1349.0404     1181.4832 43449289   12.42%
 226836 35022     1301.0508   831     1349.0404     1181.4832 43183781   12.42%
 227017 35341     1288.9763   844     1349.0404     1181.4832 43343808   12.42%
 227181 35442     1196.4590   907     1349.0404     1182.1282 43381673   12.37%
 227376 35796     1298.2670   811     1349.0404     1182.1282 43550230   12.37%
 227552 35426     1347.4227   749     1349.0404     1182.1282 43369646   12.37%
 227755 35759     1270.1544   906     1349.0404     1182.2518 43520410   12.36%
Elapsed time = 10379.32 sec. (1931591.12 ticks, tree = 6866.65 MB, solutions = 157)
Nodefile size = 4800.94 MB (3534.57 MB after compression)
 227917 36380     1192.8558   958     1349.0404     1182.2518 43853074   12.36%
 228110 36131     1282.8274   781     1349.0404     1182.4182 43741029   12.35%
 228272 36390     1242.0430   940     1349.0404     1182.4182 43858355   12.35%
 228439 36919     1234.8219   933     1349.0404     1182.4329 44130795   12.35%
 228634 37103     1317.9905   783     1349.0404     1182.4329 44248372   12.35%
 228845 36964     1347.3907   732     1349.0404     1182.4329 44159518   12.35%
 228999 37368     1186.6222  1029     1349.0404     1182.5820 44399257   12.34%
 229155 36999     1274.3565  1010     1349.0404     1182.5820 44184084   12.34%
 229316 37115     1275.7063   797     1349.0404     1182.5820 44259890   12.34%
 229499 37610     1329.1526   897     1349.0404     1182.5820 44556988   12.34%
Elapsed time = 10639.47 sec. (1969927.38 ticks, tree = 7292.09 MB, solutions = 157)
Nodefile size = 5228.07 MB (3850.07 MB after compression)
 229669 37775     1287.0486   915     1349.0404     1183.4332 44645217   12.28%
 229821 37847     1237.2114   905     1349.0404     1183.4332 44706110   12.28%
 229979 37741     1334.4238   862     1349.0404     1183.4332 44620131   12.28%
 230160 37656     1208.1320   917     1349.0404     1183.4332 44585198   12.28%
 230291 38342     1293.5661   908     1349.0404     1183.4332 44981082   12.28%
 230413 38280     1187.5788   943     1349.0404     1183.8775 44948703   12.24%
 230556 38364     1312.9348   889     1349.0404     1183.9177 45003725   12.24%
 230726 38437     1243.5462   859     1349.0404     1183.9177 45045398   12.24%
 230902 38520     1340.7885   687     1349.0404     1183.9177 45088086   12.24%
 231112 39312     1301.1583   782     1349.0404     1183.9177 45593640   12.24%
Elapsed time = 10881.41 sec. (2008467.48 ticks, tree = 7676.79 MB, solutions = 157)
Nodefile size = 5615.95 MB (4135.70 MB after compression)
 231305 39472        cutoff           1349.0404     1183.9177 45668272   12.24%
 231478 39475     1204.3379   938     1349.0404     1183.9177 45670968   12.24%
 231675 39174     1257.1081   923     1349.0404     1183.9458 45488865   12.24%
 231874 39304     1290.9853   838     1349.0404     1183.9458 45590042   12.24%
 232034 39576     1328.2220   751     1349.0404     1184.5372 45726961   12.19%
 232213 39876     1294.3743   956     1349.0404     1184.5372 45882491   12.19%
 232396 39458     1297.4487   919     1349.0404     1184.5372 45669667   12.19%
 232590 39724     1232.0817  1001     1349.0404     1184.5372 45785956   12.19%
 232754 40135     1239.1181   886     1349.0404     1184.6740 46006444   12.18%
 232894 40374     1293.0175   865     1349.0404     1185.2833 46164545   12.14%
Elapsed time = 11131.41 sec. (2046867.39 ticks, tree = 7922.00 MB, solutions = 157)
Nodefile size = 5860.87 MB (4315.97 MB after compression)
 233048 40156     1256.5163   945     1349.0404     1185.2833 46031053   12.14%
 233178 41086     1244.6023   813     1349.0404     1185.4223 46527202   12.13%
 233320 40830     1311.4624   860     1349.0404     1185.4804 46398389   12.12%
 233457 41195     1231.8429  1010     1349.0404     1185.4804 46610258   12.12%
 233584 40622     1274.0076   986     1349.0404     1185.4804 46290545   12.12%
 233725 41647     1342.2391   760     1349.0404     1185.5012 46911277   12.12%
 233870 41543     1212.9095  1017     1349.0404     1185.5012 46829493   12.12%
 234007 41389     1292.0420   806     1349.0404     1185.5012 46715849   12.12%
 234189 41526     1292.9780   651     1349.0404     1185.5012 46816412   12.12%
 234364 41502     1234.6478   911     1349.0404     1185.5012 46800161   12.12%
Elapsed time = 11385.17 sec. (2085281.91 ticks, tree = 8085.08 MB, solutions = 157)
Nodefile size = 6018.61 MB (4431.50 MB after compression)
 234539 41664     1192.8909   944     1349.0404     1185.5012 46924362   12.12%
 234699 42232     1330.3317   803     1349.0404     1185.5012 47389552   12.12%
 234905 41903     1246.9265   852     1349.0404     1185.6993 47117896   12.11%
 235063 42152     1271.3823   898     1349.0404     1185.6993 47353041   12.11%
 235234 42610     1226.3246   855     1349.0404     1185.7544 47604692   12.10%
 235420 42892     1345.4054   741     1349.0404     1185.8908 47786698   12.09%
 235583 42770     1311.5566   792     1349.0404     1186.3325 47711465   12.06%
 235732 42944     1284.3348   916     1349.0404     1186.3325 47820824   12.06%
 235930 42286     1296.2878   780     1349.0404     1186.3325 47424673   12.06%
 236129 42703     1293.1761   957     1349.0404     1186.3325 47658631   12.06%
Elapsed time = 11642.40 sec. (2123687.53 ticks, tree = 8223.00 MB, solutions = 157)
Nodefile size = 6154.26 MB (4527.92 MB after compression)
 236305 43409     1267.6278   879     1349.0404     1186.3325 48088050   12.06%
 236447 42739     1224.5172  1023     1349.0404     1186.3325 47683720   12.06%
 236619 43234     1290.6592   856     1349.0404     1186.3325 47995678   12.06%
 236793 43236        cutoff           1349.0404     1186.3325 47998534   12.06%
 236946 43934     1217.3226   945     1349.0404     1186.8356 48380730   12.02%
 237141 44000     1290.2114   805     1349.0404     1186.9450 48445631   12.02%
 237306 43629     1329.3880   863     1349.0404     1187.0270 48203709   12.01%
 237484 43632     1208.4829   897     1349.0404     1187.1337 48206507   12.00%
 237647 43839     1265.0229   997     1349.0404     1187.1337 48327466   12.00%
 237847 44694     1282.5567   848     1349.0404     1187.3833 48888724   11.98%
Elapsed time = 11889.45 sec. (2162137.56 ticks, tree = 8681.79 MB, solutions = 157)
Nodefile size = 6618.28 MB (4870.08 MB after compression)
 238001 44104     1295.6234   920     1349.0404     1187.4472 48516788   11.98%
 238167 45075     1268.7700   964     1349.0404     1187.4766 49125661   11.98%
 238358 45255     1276.7823   866     1349.0404     1187.5186 49238162   11.97%
 238552 45307     1333.4637   862     1349.0404     1187.6952 49264146   11.96%
 238729 45446     1290.2409   907     1349.0404     1187.7834 49351591   11.95%
 238939 45113     1219.1283   906     1349.0404     1187.8111 49158328   11.95%
 239094 45318     1255.3856   904     1349.0404     1187.8597 49272368   11.95%
 239282 45719     1273.8718   887     1349.0404     1187.9496 49501310   11.94%
 239483 45631     1274.5678   899     1349.0404     1187.9773 49442440   11.94%
 239710 45734     1342.2522   757     1349.0404     1187.9773 49507135   11.94%
Elapsed time = 12137.00 sec. (2200409.91 ticks, tree = 8919.90 MB, solutions = 157)
Nodefile size = 6850.46 MB (5041.07 MB after compression)
 239908 46214        cutoff           1349.0404     1187.9773 49795078   11.94%
 240075 46004     1278.3663   859     1349.0404     1188.1661 49665261   11.93%
 240301 46019     1300.6604   832     1349.0404     1188.2492 49667903   11.92%
 240497 46772     1260.8713   873     1349.0404     1188.2524 50109540   11.92%
 240651 47023     1216.3318   911     1349.0404     1188.2686 50224833   11.92%
 240846 46250     1212.8283   931     1349.0404     1188.3801 49808944   11.91%
 241028 46747     1201.9493   954     1349.0404     1188.4551 50096945   11.90%
 241213 47145     1209.1150   893     1349.0404     1188.4879 50303027   11.90%
 241389 47391     1284.0201   952     1349.0404     1188.4960 50437419   11.90%
 241567 47054     1270.2216   876     1349.0404     1188.6166 50238901   11.89%
Elapsed time = 12391.02 sec. (2238697.09 ticks, tree = 9228.77 MB, solutions = 157)
Nodefile size = 7159.46 MB (5268.06 MB after compression)
 241758 47775     1344.4957   765     1349.0404     1188.6166 50649266   11.89%
 241963 47849     1290.6824   932     1349.0404     1188.6166 50697623   11.89%
 242163 47202     1333.4691   729     1349.0404     1188.6453 50316394   11.89%
 242343 47516     1297.9507   722     1349.0404     1188.6453 50499667   11.89%
 242519 48057     1291.3090   922     1349.0404     1188.6453 50839495   11.89%
 242698 48039     1295.5372   888     1349.0404     1188.6453 50820503   11.89%
*242877+48495                         1348.4348     1188.6453            11.85%
 242886 48390     1337.6918   860     1348.4348     1188.6453 51028829   11.85%
 243052 48318     1333.5283   735     1348.4348     1188.6453 51010174   11.85%
 243213 48180     1337.0972   826     1348.4348     1189.2947 50941029   11.80%
 243428 48742     1279.5653   844     1348.4348     1189.3178 51220420   11.80%
Elapsed time = 12647.46 sec. (2277023.19 ticks, tree = 9610.11 MB, solutions = 158)
Nodefile size = 7540.43 MB (5549.71 MB after compression)
 243624 49017     1272.7942   879     1348.4348     1189.3200 51388025   11.80%
 243777 49061     1230.8375   879     1348.4348     1189.3707 51513412   11.80%
 243927 49425     1308.6705   896     1348.4348     1189.4149 51741073   11.79%
 244088 49177     1281.8942   921     1348.4348     1189.4149 51589958   11.79%
 244218 48932     1246.1114   846     1348.4348     1189.4149 51327806   11.79%
 244418 49352        cutoff           1348.4348     1189.4149 51703915   11.79%
 244607 49334     1280.9505   849     1348.4348     1189.4836 51684474   11.79%
 244773 49662     1211.8920   924     1348.4348     1189.4836 51899730   11.79%
 244921 49591     1301.9398   829     1348.4348     1189.4836 51852019   11.79%
 245072 49450     1225.3320   969     1348.4348     1189.4836 51760818   11.79%
Elapsed time = 12893.81 sec. (2315321.90 ticks, tree = 9774.12 MB, solutions = 158)
Nodefile size = 7710.84 MB (5675.43 MB after compression)
 245206 49602        cutoff           1348.4348     1189.4836 51858059   11.79%
 245347 50716     1253.0838   832     1348.4348     1189.6800 52553095   11.77%
 245475 50145     1282.1508   907     1348.4348     1189.6800 52183770   11.77%
 245641 50010     1301.5114   861     1348.4348     1189.6800 52077687   11.77%
 245782 51030     1311.4458   811     1348.4348     1189.6800 52757072   11.77%
 245926 51160     1329.1064   846     1348.4348     1190.2576 52853867   11.73%
 246157 51391     1309.5604   719     1348.4348     1190.2576 52977141   11.73%
 246361 51335     1252.9886   821     1348.4348     1190.2576 52955851   11.73%
 246556 50769     1263.7962   708     1348.4348     1190.2576 52594671   11.73%
 246762 50779     1305.4366   611     1348.4348     1190.2576 52597772   11.73%
Elapsed time = 13138.45 sec. (2353697.54 ticks, tree = 9970.13 MB, solutions = 158)
Nodefile size = 7896.68 MB (5809.51 MB after compression)
 247011 51436     1330.0774   834     1348.4348     1190.2576 53012572   11.73%
 247168 51929     1268.5363   854     1348.4348     1190.2576 53360826   11.73%
 247333 51941     1303.9525   804     1348.4348     1190.2576 53363705   11.73%
 247489 51813     1273.0587   855     1348.4348     1190.4232 53298278   11.72%
*247554+51795                         1348.0506     1190.4232            11.69%
 247631 51523     1289.7613   826     1348.0506     1190.4232 53095532   11.69%
 247815 51720     1278.3061   858     1348.0506     1190.4232 53232141   11.69%
 247991 52674     1318.1129   897     1348.0506     1191.0592 53896858   11.65%
 248153 52065     1302.8477   872     1348.0506     1191.1060 53447736   11.64%
 248328 52593     1222.5552   925     1348.0506     1191.1060 53853267   11.64%
 248492 52538     1300.1772   831     1348.0506     1191.1060 53829218   11.64%
Elapsed time = 13389.45 sec. (2391994.27 ticks, tree = 10207.96 MB, solutions = 159)
Nodefile size = 8137.32 MB (5983.94 MB after compression)
 248670 52302        cutoff           1348.0506     1191.1060 53580650   11.64%
 248847 53069     1299.6504   876     1348.0506     1191.2158 54092518   11.63%
 249017 53222     1237.1686   934     1348.0506     1191.2158 54196365   11.63%
 249225 52749     1305.9556   859     1348.0506     1191.5386 53939976   11.61%
 249388 53591     1335.4661   869     1348.0506     1191.5981 54391115   11.61%
 249549 52897     1317.9145   855     1348.0506     1191.6645 53987513   11.60%
 249705 54015     1294.5624   916     1348.0506     1191.6645 54658784   11.60%
 249899 53042     1306.1016   843     1348.0506     1191.6645 54089918   11.60%
 250081 54285     1231.7364   942     1348.0506     1191.7656 54834237   11.59%
 250274 54287     1309.4808   883     1348.0506     1191.7769 54837090   11.59%
Elapsed time = 13634.01 sec. (2430278.18 ticks, tree = 10602.27 MB, solutions = 159)
Nodefile size = 8537.89 MB (6278.97 MB after compression)
 250466 54119     1306.2199   560     1348.0506     1191.8359 54711578   11.59%
 250678 54424     1321.2506   685     1348.0506     1191.8738 54919103   11.59%
 250863 54189     1258.5855   937     1348.0506     1191.8844 54772103   11.58%
 251056 54732     1329.9529   763     1348.0506     1191.9916 55098502   11.58%
 251252 54206     1294.8584   880     1348.0506     1192.0829 54777629   11.57%
 251440 54666     1256.6206   987     1348.0506     1192.1059 55051670   11.57%
 251593 55306     1277.5252   876     1348.0506     1192.1059 55443870   11.57%
 251762 54304     1274.0960   778     1348.0506     1192.1168 54833792   11.57%
 251943 55310     1319.5227   891     1348.0506     1192.1809 55422779   11.56%
 252132 55609     1313.0302   891     1348.0506     1192.2459 55575090   11.56%
Elapsed time = 13881.73 sec. (2468549.89 ticks, tree = 10917.40 MB, solutions = 159)
Nodefile size = 8853.05 MB (6511.57 MB after compression)
 252302 54956     1229.1549   929     1348.0506     1192.2925 55196537   11.55%
 252489 55681     1196.1271   999     1348.0506     1192.2961 55604509   11.55%
 252618 55807     1324.4738   795     1348.0506     1192.3469 55687432   11.55%
 252767 56195     1318.6665   788     1348.0506     1192.3881 55892996   11.55%
 252881 55705     1292.1224   901     1348.0506     1192.3881 55612466   11.55%
 253028 56297     1342.3188   618     1348.0506     1192.3881 55926528   11.55%
 253174 55738     1279.7331   866     1348.0506     1192.3881 55638800   11.55%
 253307 56498     1304.0993   847     1348.0506     1192.3881 56059190   11.55%
 253416 56222        cutoff           1348.0506     1192.3881 55907215   11.55%
 253541 56943     1288.7868   939     1348.0506     1192.3881 56406467   11.55%
Elapsed time = 14115.86 sec. (2506927.43 ticks, tree = 11111.50 MB, solutions = 159)
Nodefile size = 9044.67 MB (6652.89 MB after compression)
 253673 56870     1327.0924   941     1348.0506     1192.3881 56368404   11.55%
 253861 56870     1284.9774   897     1348.0506     1192.3881 56371457   11.55%
 254090 57749     1279.0488   874     1348.0506     1192.3881 56959972   11.55%
 254260 57309     1291.6142   950     1348.0506     1192.3881 56626484   11.55%
 254494 57698     1321.8513   918     1348.0506     1192.8879 56911127   11.51%
 254716 57996     1286.5668   838     1348.0506     1192.8879 57133386   11.51%
 254887 57030     1253.9089   820     1348.0506     1192.8879 56451877   11.51%
 255054 57446     1279.1226   926     1348.0506     1192.8879 56750963   11.51%
 255241 58047     1283.8867   750     1348.0506     1192.8879 57166549   11.51%
 255404 58252     1223.8928   942     1348.0506     1192.8879 57380255   11.51%
Elapsed time = 14378.65 sec. (2545273.34 ticks, tree = 11190.90 MB, solutions = 159)
Nodefile size = 9127.25 MB (6708.45 MB after compression)
 255587 58099     1270.2207   847     1348.0506     1192.8879 57249337   11.51%
 255789 58070     1213.8453   936     1348.0506     1192.8879 57175134   11.51%
 255954 58633     1243.5203   941     1348.0506     1193.2699 57624562   11.48%
 256095 59274        cutoff           1348.0506     1193.3430 57898560   11.48%
 256238 58595     1241.7416   901     1348.0506     1193.3686 57600846   11.47%
 256365 58602     1251.1653   913     1348.0506     1193.3905 57602724   11.47%
 256490 59067     1273.8675   894     1348.0506     1193.4099 57794784   11.47%
 256682 58286     1326.0540   843     1348.0506     1193.4122 57400619   11.47%
 256836 59111     1207.3529   982     1348.0506     1193.4310 57828349   11.47%
 256956 60062     1303.4728   948     1348.0506     1193.4538 58310195   11.47%
Elapsed time = 14632.68 sec. (2583781.82 ticks, tree = 11603.57 MB, solutions = 159)
Nodefile size = 9540.82 MB (7012.35 MB after compression)
 257094 59841     1211.9613   909     1348.0506     1193.4652 58185347   11.47%
 257247 59633     1321.2796   771     1348.0506     1193.4652 58052045   11.47%
 257394 60277     1346.8454   839     1348.0506     1193.4652 58415674   11.47%
 257552 59857     1285.0703   851     1348.0506     1193.5473 58191964   11.46%
*257615+60024                         1347.8239     1193.5473            11.45%
 257704 59865        cutoff           1347.8239     1193.5473 58195078   11.45%
 257892 60840     1273.5081   700     1347.8239     1193.5473 58806320   11.45%
 258052 59784     1285.7997   842     1347.8239     1193.5473 58155079   11.45%
*258063+60896                         1347.2760     1193.5473            11.41%
 258222 60791     1292.8711   865     1347.2760     1193.5473 58768680   11.41%
 258410 60858     1251.8696   864     1347.2760     1193.5473 58814869   11.41%
 258621 60278     1251.0579   818     1347.2760     1193.5473 58411412   11.41%
Elapsed time = 14885.81 sec. (2622199.64 ticks, tree = 11656.53 MB, solutions = 161)
Nodefile size = 9579.45 MB (7040.50 MB after compression)
 258790 61174     1286.4614   882     1347.2760     1193.5473 59110108   11.41%
 258992 61021     1282.5547   839     1347.2760     1194.0605 59008332   11.37%
 259173 60833     1258.3160   865     1347.2760     1194.1053 58803107   11.37%
 259353 61250     1258.1271   788     1347.2760     1194.1417 59175337   11.37%
 259558 61367     1293.8209   790     1347.2760     1194.2162 59233538   11.36%
 259774 61277     1320.4519   660     1347.2760     1194.2579 59181291   11.36%
 259992 61418     1319.1702   557     1347.2760     1194.2614 59269275   11.36%
 260159 60970     1279.5654   899     1347.2760     1194.2623 58992325   11.36%
 260345 61157     1337.7760   646     1347.2760     1194.2927 59104075   11.36%
 260537 62534        cutoff           1347.2760     1194.3374 59917474   11.35%
Elapsed time = 15137.83 sec. (2660488.21 ticks, tree = 12183.35 MB, solutions = 161)
Nodefile size = 10117.72 MB (7436.21 MB after compression)
 260705 61925     1294.5852   906     1347.2760     1194.3374 59579705   11.35%
 260887 62700     1296.4540   802     1347.2760     1194.4039 60008186   11.35%
 261097 61602     1341.7456   668     1347.2760     1194.4556 59399321   11.34%
 261271 62974     1323.9923   779     1347.2760     1194.4651 60132770   11.34%
 261415 62641     1321.2794   767     1347.2760     1194.4941 59986576   11.34%
 261557 62793     1304.4428   899     1347.2760     1194.5566 60050646   11.34%
 261719 63674     1321.9097   795     1347.2760     1194.6718 60538188   11.33%
 261886 62560     1206.8041   909     1347.2760     1194.6960 59935944   11.33%
 262051 63678     1279.1962   933     1347.2760     1194.7101 60543800   11.32%
 262229 63042     1309.5603   707     1347.2760     1194.7581 60177316   11.32%
Elapsed time = 15384.16 sec. (2698956.91 ticks, tree = 12297.62 MB, solutions = 161)
Nodefile size = 10227.27 MB (7517.02 MB after compression)
 262391 63239        cutoff           1347.2760     1194.8055 60264971   11.32%
 262511 63557     1249.1335   930     1347.2760     1194.8161 60465617   11.32%
 262673 64412        cutoff           1347.2760     1194.8678 61057473   11.31%
 262819 63372     1231.4735   973     1347.2760     1194.8838 60356368   11.31%
 262996 64022     1273.8240   859     1347.2760     1194.9548 60778393   11.31%
 263162 64335     1309.3175   759     1347.2760     1194.9548 61008061   11.31%
 263327 64140     1311.2074   807     1347.2760     1195.0328 60864106   11.30%
 263514 64336     1336.2175   843     1347.2760     1195.0495 61014131   11.30%
 263646 64790     1325.4958   828     1347.2760     1195.0924 61342698   11.30%
 263791 64422     1282.1016   793     1347.2760     1195.0924 61075738   11.30%
Elapsed time = 15638.05 sec. (2737284.09 ticks, tree = 12616.98 MB, solutions = 161)
Nodefile size = 10551.33 MB (7756.71 MB after compression)
 263965 64852     1340.6527   721     1347.2760     1195.1185 61377442   11.29%
 264156 64611     1272.8902   742     1347.2760     1195.1570 61203140   11.29%
 264334 64434     1274.9666   973     1347.2760     1195.1724 61083823   11.29%
 264501 65119     1334.7559   545     1347.2760     1195.1724 61534194   11.29%
 264711 65311     1277.4865   827     1347.2760     1195.2321 61682538   11.29%
 264887 65056     1320.1095   901     1347.2760     1195.2774 61510569   11.28%
 265101 65547     1321.1257   749     1347.2760     1195.3430 61831299   11.28%
 265265 65780        cutoff           1347.2760     1195.4556 62014774   11.27%
 265409 65597        cutoff           1347.2760     1195.5220 61865317   11.26%
 265550 65769     1306.1658   814     1347.2760     1195.5368 61993018   11.26%
Elapsed time = 15881.20 sec. (2775672.45 ticks, tree = 12929.57 MB, solutions = 161)
Nodefile size = 10859.53 MB (7983.16 MB after compression)
 265692 65861        cutoff           1347.2760     1195.5736 62053043   11.26%
 265825 65432        cutoff           1347.2760     1195.5947 61761248   11.26%
 265978 65946     1271.8461   902     1347.2760     1195.6614 62122188   11.25%
 266133 66003     1315.7910   885     1347.2760     1195.6905 62184960   11.25%
 266274 66374     1313.0259   753     1347.2760     1195.6905 62429834   11.25%
 266413 65923     1336.6446   804     1347.2760     1195.7361 62099641   11.25%
 266582 66631     1303.7890   871     1347.2760     1195.8271 62560062   11.24%
 266714 67651     1344.3981   873     1347.2760     1195.8939 63260825   11.24%
 266851 67192     1225.0342   976     1347.2760     1195.9185 62955652   11.23%
 267010 67656     1292.8055   885     1347.2760     1195.9560 63266537   11.23%
Elapsed time = 16134.72 sec. (2814076.34 ticks, tree = 13365.79 MB, solutions = 161)
Nodefile size = 11300.18 MB (8306.89 MB after compression)
 267136 66923     1240.0778   912     1347.2760     1195.9972 62779187   11.23%
 267274 67972     1331.7414   726     1347.2760     1195.9995 63486519   11.23%
 267446 67673     1218.4081   923     1347.2760     1196.0471 63275015   11.22%
 267589 68252     1323.3564   726     1347.2760     1196.0471 63700239   11.22%
 267739 67499        cutoff           1347.2760     1196.0471 63162665   11.22%
 267882 67926        cutoff           1347.2760     1196.1473 63433216   11.22%
 268029 68319     1328.4692   858     1347.2760     1196.1901 63804837   11.21%
 268174 68286     1300.4365   784     1347.2760     1196.2429 63740582   11.21%
 268330 68706     1294.9488   936     1347.2760     1196.2703 64130907   11.21%
 268460 68328     1298.6501   914     1347.2760     1196.2721 63813389   11.21%
Elapsed time = 16378.03 sec. (2852405.25 ticks, tree = 13490.05 MB, solutions = 161)
Nodefile size = 11424.59 MB (8399.22 MB after compression)
 268597 69023     1303.2348   828     1347.2760     1196.2721 64426229   11.21%
 268752 69227     1299.7401   907     1347.2760     1196.2721 64590207   11.21%
 268924 68538     1287.4407   849     1347.2760     1196.2721 63983777   11.21%
 269079 68635     1324.5147   905     1347.2760     1196.2721 64081817   11.21%
 269256 68599     1283.6572   765     1347.2760     1196.2721 64051916   11.21%
 269402 69368     1245.2889   833     1347.2760     1196.2721 64692868   11.21%
 269560 68748     1285.9808   923     1347.2760     1196.2721 64184767   11.21%
 269732 68448     1255.2585   921     1347.2760     1196.2721 63926594   11.21%
 269912 68936     1321.5252   837     1347.2760     1196.2721 64317560   11.21%
 270069 69499     1343.1514   822     1347.2760     1196.2721 64776585   11.21%
Elapsed time = 16637.02 sec. (2890753.28 ticks, tree = 13512.44 MB, solutions = 161)
Nodefile size = 11442.14 MB (8409.02 MB after compression)
 270244 69784     1316.5303   800     1347.2760     1196.7401 65002699   11.17%
 270431 70201     1257.6987   990     1347.2760     1196.8308 65263872   11.17%
 270605 69869     1312.7118   877     1347.2760     1196.9433 65073924   11.16%
 270803 70787     1341.5589   756     1347.2760     1196.9854 65645600   11.16%
 270989 69557     1286.6562   897     1347.2760     1196.9854 64823263   11.16%
 271169 70855     1283.3280   925     1347.2760     1197.0328 65708395   11.15%
 271352 70862     1314.9981   868     1347.2760     1197.0406 65711139   11.15%
 271544 70677     1329.5910   796     1347.2760     1197.0794 65562242   11.15%
 271696 71084     1305.0978   770     1347.2760     1197.0794 65845669   11.15%
 271888 70016     1220.5746   878     1347.2760     1197.0899 65157261   11.15%
Elapsed time = 16895.50 sec. (2929086.71 ticks, tree = 13598.31 MB, solutions = 161)
Nodefile size = 11523.52 MB (8466.51 MB after compression)
 272072 71187     1283.9043   944     1347.2760     1197.1200 65914350   11.15%
 272279 71031     1201.5027   944     1347.2760     1197.1456 65820453   11.14%
 272442 71591     1307.0890   821     1347.2760     1197.1693 66180389   11.14%
 272627 71807     1339.4203   785     1347.2760     1197.2580 66347620   11.13%
 272756 70783     1260.5131   799     1347.2760     1197.3133 65641247   11.13%
 273001 72326     1343.3314   705     1347.2760     1197.3688 66624901   11.13%
 273246 72325     1308.2030   862     1347.2760     1197.3697 66627719   11.13%
 273469 72024     1342.9186   535     1347.2760     1197.3697 66428683   11.13%
 273649 72444     1279.9135   862     1347.2760     1197.4110 66696642   11.12%
 273831 72180        cutoff           1347.2760     1197.4548 66534916   11.12%
Elapsed time = 17145.92 sec. (2967495.78 ticks, tree = 14090.51 MB, solutions = 161)
Nodefile size = 12018.20 MB (8828.96 MB after compression)
 273992 72531     1277.2882   855     1347.2760     1197.4804 66763291   11.12%
 274147 72798     1232.7433   889     1347.2760     1197.4932 66902675   11.12%
 274316 72349     1346.2182   767     1347.2760     1197.5471 66644715   11.11%
 274468 72233     1245.5860  1037     1347.2760     1197.6178 66580677   11.11%
 274647 72353     1315.3041   900     1347.2760     1197.6193 66649648   11.11%
 274798 72558     1310.5736   856     1347.2760     1197.6193 66777881   11.11%
 274971 72880     1284.6813   720     1347.2760     1197.6193 66950169   11.11%
 275130 72882     1311.5959   660     1347.2760     1197.6193 66921038   11.11%
 275315 73411     1247.8834   849     1347.2760     1197.6193 67294281   11.11%
 275467 72894     1335.2518   726     1347.2760     1197.6193 66959953   11.11%
Elapsed time = 17397.61 sec. (3005919.26 ticks, tree = 14261.77 MB, solutions = 161)
Nodefile size = 12184.84 MB (8951.13 MB after compression)
 275624 72921        cutoff           1347.2760     1197.6193 66930055   11.11%
 275803 74121     1231.3229   902     1347.2760     1197.6193 67666459   11.11%
 275963 72997     1300.5471   753     1347.2760     1197.6193 67030506   11.11%
 276115 73305        cutoff           1347.2760     1197.8333 67239735   11.09%
 276302 73451     1243.0178   892     1347.2760     1197.8333 67309675   11.09%
 276503 74842        cutoff           1347.2760     1197.9838 68102612   11.08%
 276690 74878     1325.9429   751     1347.2760     1197.9838 68140227   11.08%
 276848 74382     1337.5545   765     1347.2760     1198.0284 67823688   11.08%
 277007 74500     1293.9531   809     1347.2760     1198.0690 67910207   11.07%
 277200 74166     1284.8855   854     1347.2760     1198.1212 67654573   11.07%
Elapsed time = 17638.16 sec. (3044261.02 ticks, tree = 14559.24 MB, solutions = 161)
Nodefile size = 12470.04 MB (9158.89 MB after compression)
 277418 74815     1237.4284   878     1347.2760     1198.2942 68082588   11.06%
 277607 75068     1282.5055   896     1347.2760     1198.2942 68291732   11.06%
 277770 75237     1261.8939   905     1347.2760     1198.2942 68433691   11.06%
 277957 74779     1263.5300   901     1347.2760     1198.3099 68057129   11.06%
 278130 75093     1293.7048   790     1347.2760     1198.3381 68300587   11.05%
 278299 75100     1220.7565   902     1347.2760     1198.3464 68337684   11.05%
 278450 76268     1288.8146   865     1347.2760     1198.3464 69037846   11.05%
 278613 75269        cutoff           1347.2760     1198.3464 68448443   11.05%
 278848 75974     1296.8495   754     1347.2760     1198.4767 68888271   11.04%
 279023 76090     1210.7937   924     1347.2760     1198.5290 68920696   11.04%
Elapsed time = 17884.78 sec. (3082646.36 ticks, tree = 14999.63 MB, solutions = 161)
Nodefile size = 12916.25 MB (9485.40 MB after compression)
 279184 76321     1213.1964  1003     1347.2760     1198.5290 69084207   11.04%
 279325 75898     1325.1166   732     1347.2760     1198.5290 68825845   11.04%
 279447 76632     1324.1524   802     1347.2760     1198.5290 69297192   11.04%
 279643 76437     1281.2701   875     1347.2760     1198.7529 69147232   11.02%
 279815 76901     1290.6230   973     1347.2760     1198.7529 69439664   11.02%
 279945 77615     1323.1853   788     1347.2760     1198.7532 69934429   11.02%
 280150 76571     1271.6728   886     1347.2760     1198.7532 69235450   11.02%
*280257+76320                         1347.2206     1198.8435            11.01%
 280328 76506     1257.3336   748     1347.2206     1198.8518 69203541   11.01%
 280499 76739     1305.2711   879     1347.2206     1198.8525 69349308   11.01%
 280644 77719     1218.8505   972     1347.2206     1198.8525 70011201   11.01%
Elapsed time = 18131.11 sec. (3120968.18 ticks, tree = 15384.95 MB, solutions = 162)
Nodefile size = 13314.30 MB (9777.44 MB after compression)
 280792 77700     1287.2272   878     1347.2206     1198.8525 69983564   11.01%
 280958 77897     1308.8998   813     1347.2206     1198.9602 70083094   11.00%
 281116 77818     1282.1538   910     1347.2206     1198.9602 70055183   11.00%
 281280 78556    infeasible           1347.2206     1199.0626 70528723   11.00%
 281432 78843     1303.0427   878     1347.2206     1199.0783 70738958   11.00%
 281613 77947     1228.8266   944     1347.2206     1199.0847 70126664   11.00%
 281746 78849     1222.1564  1007     1347.2206     1199.0847 70744246   11.00%
 281888 78772     1291.4680   841     1347.2206     1199.0847 70675409   11.00%
Starting limited solution polishing.
 282082 78052     1310.0342   856     1347.2206     1199.0847 70201629   11.00%
 282238 78148     1333.3616   778     1347.2206     1199.0847 70259074   11.00%
Elapsed time = 18384.33 sec. (3159335.60 ticks, tree = 15481.77 MB, solutions = 162)
Nodefile size = 13404.61 MB (9844.13 MB after compression)
 282389 78329     1302.7916   717     1347.2206     1199.0847 70365661   11.00%
 282590 78526     1246.5009   914     1347.2206     1199.4394 70511304   10.97%
 282767 78868     1328.9635   793     1347.2206     1199.4394 70761601   10.97%
 282923 79376     1216.8852   855     1347.2206     1199.4669 71084355   10.97%
 283074 79180     1326.4240   866     1347.2206     1199.5117 70979334   10.96%
 283227 79548     1312.9794   838     1347.2206     1199.6581 71222202   10.95%
 283420 80198     1260.9800   747     1347.2206     1199.6772 71687763   10.95%
*283475+79184                         1346.9780     1199.6772            10.94%
 283599 79086     1300.2214   618     1346.9780     1199.7141 70879962   10.93%
 283800 79647     1346.4805   820     1346.9780     1199.7465 71294386   10.93%
 283926 79985     1316.3360   743     1346.9780     1199.7506 71549630   10.93%
Elapsed time = 18625.28 sec. (3197557.40 ticks, tree = 15903.32 MB, solutions = 163)
Nodefile size = 13834.33 MB (10159.03 MB after compression)
 284076 79815     1325.4802   658     1346.9780     1199.8475 71408047   10.92%
 284224 80557     1282.0481   869     1346.9780     1199.8506 71877307   10.92%
 284371 79574     1291.1421   879     1346.9780     1199.8608 71239145   10.92%
 284509 79655     1255.4716   986     1346.9780     1199.8608 71307728   10.92%
 284639 79920     1305.0248   852     1346.9780     1199.8713 71490640   10.92%
 284801 80650     1285.9592   890     1346.9780     1199.9300 71990023   10.92%
 284957 80388     1284.9650   971     1346.9780     1199.9300 71779907   10.92%
 285101 80676     1230.1318   907     1346.9780     1199.9883 72018918   10.91%
 285236 81866     1318.2595   804     1346.9780     1200.0094 72803594   10.91%
 285365 81780     1315.9262   749     1346.9780     1200.1289 72729101   10.90%
Elapsed time = 18872.88 sec. (3235973.09 ticks, tree = 16316.71 MB, solutions = 163)
Nodefile size = 14249.07 MB (10464.89 MB after compression)
 285504 80582     1303.8473   951     1346.9780     1200.1750 71964755   10.90%
 285639 81637     1233.7153   917     1346.9780     1200.2164 72595437   10.90%
 285768 81071        cutoff           1346.9780     1200.2164 72259587   10.90%
 285886 81364     1265.9179   896     1346.9780     1200.3074 72389628   10.89%
 285968 81723     1242.8527   936     1346.9780     1200.4467 72674846   10.88%
 286085 82435     1331.9926   643     1346.9780     1200.4467 73194201   10.88%
 286218 81492        cutoff           1346.9780     1200.4467 72471393   10.88%
 286348 82439     1261.9913   885     1346.9780     1200.4707 73200005   10.88%
 286456 82496        cutoff           1346.9780     1200.4905 73239460   10.88%
 286557 82445     1318.8498   858     1346.9780     1200.4983 73205435   10.87%
Elapsed time = 19121.79 sec. (3274373.53 ticks, tree = 16332.16 MB, solutions = 163)
Nodefile size = 14260.01 MB (10471.33 MB after compression)
 286669 82332        cutoff           1346.9780     1200.4983 73113242   10.87%
 286809 82898     1314.5380   830     1346.9780     1200.4983 73588220   10.87%
 286955 82219     1267.0797   805     1346.9780     1200.4983 73090368   10.87%
 287080 82166     1282.6093   911     1346.9780     1200.4983 73018513   10.87%
 287225 82660     1336.7610   802     1346.9780     1200.4983 73409131   10.87%
 287363 82970     1299.3602   735     1346.9780     1200.4983 73635999   10.87%
 287533 83547     1318.2316   560     1346.9780     1200.4983 74277057   10.87%
 287713 83594     1331.7921   411     1346.9780     1200.4983 74280160   10.87%
 287883 83593     1241.3952   948     1346.9780     1200.4983 74347096   10.87%
 287984 83859     1226.3725   980     1346.9780     1200.4983 74524492   10.87%
Elapsed time = 19367.06 sec. (3312841.11 ticks, tree = 16382.27 MB, solutions = 163)
Nodefile size = 14313.20 MB (10506.68 MB after compression)
 288109 83525     1294.1240   844     1346.9780     1200.4983 74248799   10.87%
 288272 83164     1294.5213   974     1346.9780     1200.4983 73842515   10.87%
 288390 83358     1321.7960   817     1346.9780     1200.4983 74116572   10.87%
 288511 83264     1255.3191   870     1346.9780     1200.8865 73960313   10.85%
 288624 83312     1278.4603   935     1346.9780     1200.8910 74077007   10.85%
 288732 83255     1222.4965  1003     1346.9780     1200.9102 73991791   10.84%
 288839 84109     1304.1738   743     1346.9780     1200.9102 74665772   10.84%
 288960 83507     1315.2208   605     1346.9780     1200.9631 74227267   10.84%
 289110 83706     1344.1035   781     1346.9780     1200.9631 74437772   10.84%
 289260 84908     1339.2663   411     1346.9780     1200.9631 75196849   10.84%
Elapsed time = 19609.87 sec. (3351237.74 ticks, tree = 16629.56 MB, solutions = 163)
Nodefile size = 14552.34 MB (10681.27 MB after compression)
 289418 84123     1339.9396   752     1346.9780     1200.9631 74675418   10.84%
 289553 83994     1299.3715   864     1346.9780     1201.0805 74621391   10.83%
 289706 84445     1287.4923   961     1346.9780     1201.1227 74913463   10.83%
 289833 85513     1284.4814   942     1346.9780     1201.1638 75599305   10.83%
 289935 84452     1317.3205   888     1346.9780     1201.1638 74917131   10.83%
 290029 84557     1287.0277   919     1346.9780     1201.1673 75000054   10.83%
 290134 84965     1332.2798   685     1346.9780     1201.2383 75211515   10.82%
 290245 84612     1264.9813   748     1346.9780     1201.2383 75056726   10.82%
 290345 84617     1279.4000   776     1346.9780     1201.2662 75058012   10.82%
 290464 84734     1299.1964   767     1346.9780     1201.2698 75141466   10.82%
Elapsed time = 19865.86 sec. (3389636.87 ticks, tree = 16587.58 MB, solutions = 163)
Nodefile size = 14516.70 MB (10655.44 MB after compression)
 290622 85301     1333.2848   736     1346.9780     1201.2698 75423189   10.82%
 290732 85460     1253.7790   900     1346.9780     1201.2999 75584807   10.82%
 290848 85663     1293.7174   895     1346.9780     1201.3419 75715510   10.81%
 290972 85308     1319.9276   887     1346.9780     1201.3419 75430187   10.81%
 291080 86056     1301.0015   927     1346.9780     1201.4386 75943937   10.80%
 291165 86080     1277.7495   884     1346.9780     1201.4386 75978767   10.80%
 291285 85742     1329.9943   810     1346.9780     1201.4538 75757926   10.80%
 291430 85683     1221.2402   950     1346.9780     1201.4538 75724283   10.80%
 291597 86391     1295.2832   569     1346.9780     1201.4538 76146640   10.80%
 291712 86877     1249.1870   922     1346.9780     1201.4538 76534853   10.80%
Elapsed time = 20100.35 sec. (3428203.14 ticks, tree = 17096.80 MB, solutions = 163)
Nodefile size = 15028.60 MB (11031.33 MB after compression)
 291876 85989     1261.6492   842     1346.9780     1201.5895 75908936   10.79%
 292064 86240     1308.0470   741     1346.9780     1201.6151 76089966   10.79%
 292216 86517     1287.8888   848     1346.9780     1201.6596 76239435   10.79%
 292325 86153     1307.8094   923     1346.9780     1201.6596 76049350   10.79%
*292379+86499                         1339.1360     1201.6603            10.27%
 292498 86606     1263.9041   899     1339.1360     1201.6603 76313514   10.27%
 292673 84983        cutoff           1339.1360     1201.6614 76955037   10.27%
 292791 84956     1294.5789   895     1339.1360     1201.7268 76893998   10.26%
 292928 85152        cutoff           1339.1360     1201.7382 77052161   10.26%
 293058 84993     1275.4629   856     1339.1360     1201.7382 76962827   10.26%
 293195 86765     1301.9294   749     1339.1360     1201.8103 76448083   10.25%
Elapsed time = 20356.06 sec. (3466637.50 ticks, tree = 17066.96 MB, solutions = 164)
Nodefile size = 14985.05 MB (10999.44 MB after compression)
 293308 85463        cutoff           1339.1360     1201.8103 77277618   10.25%
 293421 85160        cutoff           1339.1360     1201.8264 77064261   10.25%
 293519 84968     1282.8951   963     1339.1360     1201.8264 76909568   10.25%
 293565 87240        cutoff           1339.1360     1201.8264 76827559   10.25%
 293582 87366     1221.2017   967     1339.1360     1201.8264 76895440   10.25%
 293589 87284        cutoff           1339.1360     1201.8264 76862355   10.25%
 293591 87286     1249.8907   903     1339.1360     1201.8264 76866027   10.25%

GUB cover cuts applied:  21
Clique cuts applied:  22
Cover cuts applied:  38
Implied bound cuts applied:  308
Flow cuts applied:  768
Mixed integer rounding cuts applied:  860
Zero-half cuts applied:  18
Lift and project cuts applied:  70
Gomory fractional cuts applied:  22

Root node processing (before b&c):
  Real time             =   51.15 sec. (22720.21 ticks)
Parallel b&c, 32 threads:
  Real time             = 20376.90 sec. (3474313.55 ticks)
  Sync time (average)   = 5991.86 sec.
  Wait time (average)   =    0.45 sec.
                          ------------
Total (root+branch&cut) = 20428.05 sec. (3497033.76 ticks)
Number of arguments: 7

File path: ../Data/Demo/100/C101.txt
Capacity of FEV: 600
Capacity of SEV: 50
Execution time limit: 340
Case: r

PI array:[0, 0, 0, 1, 0, 1, 0, 0, 0, 0, 0, 0, 1, 1, 0, 1, 1, 1, 1, 1, 0, 1]
Number of customers: 100
./Result/C101/C101-Q50-r
Feasible solution found within the time limit!
Total execution time: 20431.116808061 seconds
Total distance traveled: 1339.1359566294636
File name: C101-Q50-r
Number of customers: 100
Capacity of FEV: 10000
Capacity of Microhub: 600
Capacity of SEV: 50
Number of parkings: 22
Number of microhubs: 10
Number of robots/MM: 10
Parking generation rule: r
==========================================================================
