Version identifier: 22.1.1.0 | 2022-11-28 | 9160aff4d
CPXPARAM_TimeLimit                               20400
Tried aggregator 1 time.
MIP Presolve eliminated 1282 rows and 1018 columns.
MIP Presolve modified 11531 coefficients.
Reduced MIP has 25254 rows, 26604 columns, and 114940 nonzeros.
Reduced MIP has 13372 binaries, 13232 generals, 0 SOSs, and 0 indicators.
Presolve time = 0.12 sec. (74.40 ticks)
Probing time = 6.77 sec. (40.29 ticks)
Cover probing fixed 0 vars, tightened 21 bounds.
Tried aggregator 1 time.
Detecting symmetries...
MIP Presolve eliminated 460 rows and 460 columns.
MIP Presolve modified 2 coefficients.
Reduced MIP has 24794 rows, 26144 columns, and 113362 nonzeros.
Reduced MIP has 13370 binaries, 12774 generals, 0 SOSs, and 0 indicators.
Presolve time = 0.20 sec. (98.99 ticks)
Probing time = 9.35 sec. (18.03 ticks)
Cover probing fixed 0 vars, tightened 19 bounds.
Clique table members: 15412.
MIP emphasis: balance optimality and feasibility.
MIP search method: dynamic search.
Parallel mode: deterministic, using up to 32 threads.
Root relaxation solution time = 4.47 sec. (583.92 ticks)

        Nodes                                         Cuts/
   Node  Left     Objective  IInf  Best Integer    Best Bound    ItCnt     Gap

      0     0      929.4361   439                    929.4361       19         
      0     0      962.1090   545                   Cuts: 367     1404         
      0     0      970.8719   591                   Cuts: 211     2156         
      0     0      976.7791   602                   Cuts: 164     3043         
      0     0      980.2823   604                   Cuts: 132     3568         
      0     0      982.4599   657                   Cuts: 116     4096         
Detecting symmetries...
      0     0      985.0337   643                    Cuts: 93     4506         
      0     0      985.7947   645                    Cuts: 79     4775         
      0     0      986.4983   610                    Cuts: 66     4932         
      0     0      986.9792   629                    Cuts: 39     5166         
      0     0      987.4750   635                    Cuts: 71     5430         
      0     0      987.6959   629                    Cuts: 47     5531         
      0     0      987.8346   601                    Cuts: 26     5569         
      0     0      988.1935   610                    Cuts: 14     5634         
      0     0      988.5624   597                    Cuts: 10     5670         
      0     0      988.8047   600                     Cuts: 8     5727         
      0     0      989.1435   610                    Cuts: 13     5813         
      0     0      989.1589   613                    Cuts: 14     5825         
      0     0      989.2643   615                     Cuts: 8     5854         
Detecting symmetries...
      0     2      989.2643   615                    989.2643     5854         
Elapsed time = 51.66 sec. (18313.72 ticks, tree = 0.02 MB, solutions = 0)
      8     9      994.6462   600                    989.4125     6434         
     42    39      997.2969   592                    989.9848     9135         
    104    51      995.2235   573                    990.5148    11143         
    127    21      995.3656   564                    990.5148     7040         
    139    84     1006.3603   571                    990.5148    14795         
    168   142      994.7296   616                    990.6075    26846         
    181   151      997.4582   584                    990.6075    32211         
    191   156      999.9712   581                    990.6075    35139         
    207   161      997.9023   610                    990.6075    36555         
    290   242     1045.5027   512                    990.6075    78018         
Elapsed time = 72.08 sec. (21586.88 ticks, tree = 5.53 MB, solutions = 0)
    368   301     1081.4814   515                    990.6075   100458         
    423   337     1015.4664   529                    990.6075   116770         
    494   415     1027.8259   600                    990.6075   248857         
    568   461     1064.4749   544                    990.6075   268704         
    663   522     1102.6964   486                    990.6075   292651         
    815   578     1068.0564   526                    990.6075   314594         
    983   728     1123.5188   411                    990.6075   346241         
   1115   996     1148.4288   464                    990.6075   401844         
   1229  1030     1198.9535   449                    990.6075   411876         
   1357  1076     1080.9133   535                    990.6075   429166         
Elapsed time = 119.98 sec. (31177.56 ticks, tree = 55.78 MB, solutions = 0)
   1564  1317     1135.3774   555                    990.6075   488895         
   1839  1378     1176.7724   418                    990.6075   500393         
   2188  1716     1286.4585   349                    990.6075   550418         
   2636  1773     1081.7979   474                    990.6075   563399         
   3123  2430     1175.2033   431                    990.6075   644598         
   3616  2467     1258.0386   365                    990.6075   649857         
   4222  2641     1281.9165   450                    990.6075   666814         
   4754  3218     1295.5054   323                    990.6075   737415         
   5337  3805     1595.4715   182                    990.6075   794693         
   5956  4257     1398.6496   332                    990.6075   837456         
Elapsed time = 168.23 sec. (40735.49 ticks, tree = 687.08 MB, solutions = 0)
   6760  4758     1568.2597    78                    990.6075   886649         
   7729  5971     1512.2080   109                    990.6075   988641         
   8758  6140    infeasible                          990.6075  1002266         
   9926  6786     1525.3604    50                    990.6075  1049828         
  11008  7451     1736.6378   145                    990.6075  1084063         
  12032  7535     1529.8701   276                    990.6075  1088137         
  12838  8694     1594.6212   165                    990.6075  1145534         
  13644  9674     1459.4450   204                    990.6075  1205218         
  14534 10221     1318.2659   363                    990.6075  1232428         
  15143 10373     1035.7236   557                    990.6075  1248682         
Elapsed time = 216.09 sec. (50281.60 ticks, tree = 2030.45 MB, solutions = 0)
  15414 11104     1575.6289   127                    990.6075  1289224         
  15542 11561     1562.4340   182                    990.6075  1336100         
  15774 11486     1000.5432   604                    990.6075  1320285         
  16065 11835     1015.4349   562                    990.6075  1388534         
* 16247+11787                         1916.2624      990.6075            48.31%
  16326 12012     1009.4023   513     1916.2624      991.8795  1415525   48.24%
  16606 12110     1013.4846   513     1916.2624      991.8795  1434834   48.24%
  16926 12525     1281.6481   485     1916.2624      991.9438  1503023   48.24%
  17243 12694     1724.6087   176     1916.2624      991.9438  1503112   48.24%
  17581 12854     1104.3576   533     1916.2624      991.9438  1539219   48.24%
  17869 13212     1010.1703   525     1916.2624      991.9438  1584497   48.24%
Elapsed time = 270.61 sec. (59858.68 ticks, tree = 2631.52 MB, solutions = 1)
Nodefile size = 577.82 MB (383.37 MB after compression)
  18193 13667     1317.1148   418     1916.2624      991.9438  1641028   48.24%
  18406 13678     1338.9397   402     1916.2624      991.9438  1642601   48.24%

Performing restart 1

Repeating presolve.
Tried aggregator 1 time.
MIP Presolve eliminated 7 rows and 102 columns.
MIP Presolve modified 340 coefficients.
Reduced MIP has 24787 rows, 26042 columns, and 113055 nonzeros.
Reduced MIP has 13275 binaries, 12767 generals, 0 SOSs, and 0 indicators.
Presolve time = 0.11 sec. (51.50 ticks)
Tried aggregator 1 time.
MIP Presolve eliminated 34 rows and 157 columns.
Reduced MIP has 24753 rows, 25885 columns, and 112590 nonzeros.
Reduced MIP has 13152 binaries, 12733 generals, 0 SOSs, and 0 indicators.
Presolve time = 0.17 sec. (71.31 ticks)
Represolve time = 16.18 sec. (272.15 ticks)
* 18425+    0                         1515.0303      992.1838            34.51%
  18425     0     1048.5746   679     1515.0303     Cuts: 706  1740970   30.79%
  18425     0     1076.3468   741     1515.0303     Cuts: 541  1743026   28.96%
  18425     0     1089.3870   743     1515.0303     Cuts: 503  1744579   28.09%
* 18425+    0                         1491.6380     1089.3870            26.97%
* 18425+    0                         1490.2625     1089.3870            26.90%
  18425     0  -1.00000e+75     0     1490.2625     1089.3870  1744579   26.90%
  18425     0     1111.7557   775     1490.2625    Cuts: 1317  1746381   25.40%
* 18425+    0                         1482.2464     1111.7557            25.00%
  18425     0     1123.4846   802     1482.2464     Cuts: 532  1748258   24.20%
  18425     0     1129.1438   725     1482.2464     Cuts: 339  1749526   23.82%
  18425     0     1130.5997   827     1482.2464     Cuts: 282  1750141   23.72%
  18425     0     1133.9232   840     1482.2464     Cuts: 208  1751445   23.50%
  18425     0     1137.5480   817     1482.2464     Cuts: 216  1752642   23.26%
  18425     0     1138.9054   846     1482.2464     Cuts: 376  1753235   23.16%
  18425     0     1139.4570   868     1482.2464     Cuts: 131  1753543   23.13%
  18425     0     1139.8883   881     1482.2464     Cuts: 162  1753940   23.10%
  18425     0     1140.2509   875     1482.2464      Cuts: 91  1754211   23.07%
  18425     0     1140.5477   846     1482.2464      Cuts: 67  1754866   23.05%
  18425     0     1140.9753   828     1482.2464     Cuts: 228  1755736   23.02%
  18425     0     1141.0938   871     1482.2464     Cuts: 355  1756031   23.02%
  18425     0     1141.2612   911     1482.2464      Cuts: 80  1756241   23.00%
  18425     0     1141.3834   913     1482.2464      Cuts: 58  1756390   23.00%
  18425     0     1141.4967   903     1482.2464      Cuts: 52  1756587   22.99%
  18425     0     1141.5856   907     1482.2464      Cuts: 76  1756726   22.98%
  18425     0     1141.6342   907     1482.2464      Cuts: 32  1756789   22.98%
  18425     0     1141.6795   918     1482.2464      Cuts: 41  1756887   22.98%
  18425     0     1141.7130   925     1482.2464      Cuts: 28  1756949   22.97%
  18425     2     1141.8513   914     1482.2464     1141.7130  1756949   22.97%
  18426     3     1143.5778   835     1482.2464     1143.5778  1768109   22.85%
  18427     4     1143.5778   830     1482.2464     1143.5779  1768114   22.85%
  18428     2     1158.3435   829     1482.2464     1143.5779  1762933   22.85%
  18430     5     1154.8406   849     1482.2464     1143.5779  1769280   22.85%
  18431     6     1161.2011   835     1482.2464     1143.5779  1775841   22.85%
  18432     7     1155.6590   837     1482.2464     1143.5779  1776059   22.85%
  18433     9     1155.6597   843     1482.2464     1143.5779  1777809   22.85%
Elapsed time = 591.86 sec. (203911.23 ticks, tree = 0.03 MB, solutions = 5)
  18436     7     1161.0215   828     1482.2464     1143.5779  1776535   22.85%
  18439     8     1167.6824   788     1482.2464     1143.5779  1778676   22.85%
  18442    11     1171.9719   820     1482.2464     1143.5779  1781422   22.85%
  18445    12     1148.3250   894     1482.2464     1143.7224  1783677   22.84%
  18451    13     1166.5202   838     1482.2464     1143.7224  1785946   22.84%
  18454    11     1176.4078   847     1482.2464     1143.7224  1784745   22.84%
  18459    20     1168.4493   841     1482.2464     1143.7224  1795428   22.84%
  18462    25     1160.7828   862     1482.2464     1148.3272  1801056   22.53%
  18467    26     1178.7247   803     1482.2464     1148.3272  1802230   22.53%
  18472    24     1192.0432   713     1482.2464     1148.3367  1801226   22.53%
Elapsed time = 676.46 sec. (217810.86 ticks, tree = 0.02 MB, solutions = 5)
  18478    36     1181.5301   756     1482.2464     1148.3367  1840292   22.53%
  18483    33     1170.2121   800     1482.2464     1148.3367  1822562   22.53%
  18485    35     1157.0646   811     1482.2464     1148.3367  1834491   22.53%
  18492    41     1179.9510   784     1482.2464     1148.3367  1861706   22.53%
* 18494+   28                         1481.8474     1148.3367            22.51%
* 18494+   28                         1481.7920     1148.3367            22.50%
  18494    16     1171.1405   815     1481.7920     1148.3367  1798877   22.50%
* 18495+   28                         1481.4972     1148.3367            22.49%
* 18497+   29                         1475.7897     1150.8032            22.02%
  18503    47     1183.0758   836     1475.7897     1150.8032  1898869   22.02%
* 18507+   29                         1475.7060     1150.8032            22.02%
  18509    55     1184.0613   753     1475.7060     1150.8032  1943338   22.02%
  18519    58     1158.0072   820     1475.7060     1150.8032  1960038   22.02%
  18525    73     1185.7236   815     1475.7060     1150.8032  2051708   22.02%
  18535    77     1193.4744   732     1475.7060     1150.8436  2081263   22.01%
Elapsed time = 765.54 sec. (228787.08 ticks, tree = 0.41 MB, solutions = 14)
  18541    65     1184.9945   784     1475.7060     1150.8436  1997655   22.01%
  18549    54     1161.7482   851     1475.7060     1150.8436  1935117   22.01%
  18562    68     1177.7612   779     1475.7060     1150.8436  2020659   22.01%
  18573    87     1188.8308   803     1475.7060     1150.8436  2121521   22.01%
  18587    96     1168.9144   857     1475.7060     1150.8436  2133086   22.01%
  18603    85     1175.9164   855     1475.7060     1150.8436  2118175   22.01%
  18612   125     1194.5102   712     1475.7060     1150.8436  2185179   22.01%
  18621   126     1194.6000   702     1475.7060     1150.8436  2185255   22.01%
  18634   151     1195.2418   717     1475.7060     1150.8436  2219070   22.01%
  18645   163     1187.4096   819     1475.7060     1150.8436  2227728   22.01%
Elapsed time = 829.63 sec. (238879.35 ticks, tree = 0.72 MB, solutions = 18)
  18664   110     1191.1834   741     1475.7060     1150.8436  2159105   22.01%
  18678   161     1201.5250   752     1475.7060     1150.8436  2227891   22.01%
  18693   197     1179.1683   817     1475.7060     1150.8436  2261891   22.01%
  18703   202     1191.7291   751     1475.7060     1150.8436  2267903   22.01%
  18719   158     1186.1051   798     1475.7060     1150.8436  2226850   22.01%
  18729   212     1192.8090   785     1475.7060     1150.8436  2281846   22.01%
  18746   205     1166.0174   837     1475.7060     1150.8436  2272572   22.01%
  18765   257     1195.5940   767     1475.7060     1150.8436  2316363   22.01%
  18782   299     1173.6229   856     1475.7060     1150.8436  2344523   22.01%
  18860   309     1186.5850   771     1475.7060     1150.8436  2353833   22.01%
Elapsed time = 923.64 sec. (251935.01 ticks, tree = 1.92 MB, solutions = 18)
  18995   314     1200.8010   739     1475.7060     1150.8436  2354584   22.01%
  19230   605     1176.0714   817     1475.7060     1150.8436  2449435   22.01%
  19675   527     1301.7995   589     1475.7060     1150.8436  2420121   22.01%
  20272  1062     1288.5264   623     1475.7060     1150.8436  2509629   22.01%
  20881  1183     1186.2945   809     1475.7060     1150.8436  2533158   22.01%
  21566  1793     1314.9829   488     1475.7060     1150.8436  2602712   22.01%
* 21729+ 1682                         1473.7373     1150.8436            21.91%
  22242  1996     1414.6135   647     1473.7373     1150.8436  2630755   21.91%
  23000  3726     1354.8048   370     1473.7373     1150.8436  2792099   21.91%
  23786  4061     1221.5560   704     1473.7373     1150.8436  2823915   21.91%
  24538  5267     1288.3972   745     1473.7373     1150.8436  2939128   21.91%
Elapsed time = 1178.13 sec. (290123.50 ticks, tree = 952.46 MB, solutions = 20)
  25283  5843     1267.5484   489     1473.7373     1150.8436  2987462   21.91%
  26014  5908     1191.3440   807     1473.7373     1150.8436  2997370   21.91%
  26822  7142     1275.2332   710     1473.7373     1150.8436  3132836   21.91%
  27498  7423     1446.2116   272     1473.7373     1150.8436  3155771   21.91%
  28091  8475     1390.0781   646     1473.7373     1150.8436  3275091   21.91%
  28816  9307     1252.4615   635     1473.7373     1150.8436  3390504   21.91%
  29509  9259     1186.0003   828     1473.7373     1150.8436  3388257   21.91%
  30227 10461     1395.0269   528     1473.7373     1150.8436  3515129   21.91%
  30831 10486     1399.1049   508     1473.7373     1150.8436  3516689   21.91%
  31531 11261     1208.5504   841     1473.7373     1150.8436  3616448   21.91%
Elapsed time = 1432.81 sec. (328331.83 ticks, tree = 2143.61 MB, solutions = 20)
Nodefile size = 91.43 MB (61.25 MB after compression)
  32332 11937     1183.3009   837     1473.7373     1150.8436  3706693   21.91%
  33064 12880     1211.1187   688     1473.7373     1150.8436  3824067   21.91%
  33869 13731     1389.6582   764     1473.7373     1150.8436  3927996   21.91%
  34648 14099     1407.5032   500     1473.7373     1150.8436  3958072   21.91%
  35448 14940     1188.3256   794     1473.7373     1150.8436  4080005   21.91%
  36200 15519     1238.0987   775     1473.7373     1150.8436  4138392   21.91%
  36878 16035     1331.0873   703     1473.7373     1150.8436  4195420   21.91%
  37683 17107     1460.5284   413     1473.7373     1150.8436  4337341   21.91%
  38452 17681     1268.4639   711     1473.7373     1150.8436  4416013   21.91%
  39261 18003     1266.3851   828     1473.7373     1150.8436  4456539   21.91%
Elapsed time = 1700.85 sec. (366522.36 ticks, tree = 3189.21 MB, solutions = 20)
Nodefile size = 1131.87 MB (740.07 MB after compression)
  40109 19009     1334.7798   529     1473.7373     1150.8436  4587623   21.91%
  40635 19635     1229.5365   798     1473.7373     1150.8436  4660550   21.91%
  41244 20608     1344.0288   570     1473.7373     1150.8436  4769569   21.91%
* 41658+20392                         1378.3528     1150.8436            16.51%
* 41685+20392                         1376.2051     1150.8436            16.38%
  42096 21083     1448.0254   196     1376.2051     1150.8436  4832807   16.38%
* 42492+21250                         1370.9225     1159.8716            15.39%
  42723 13369     1301.3604   775     1370.9225     1159.8716  4885325   15.39%
* 42793+21250                         1370.8389     1159.8716            15.39%
  43307 13972     1363.8691   627     1370.8389     1159.8716  4992446   15.39%
* 43528+13760                         1370.0471     1159.8716            15.34%
* 43588+13760                         1369.4540     1159.8716            15.30%
* 43704+13760                         1367.8671     1159.8716            15.21%
* 43760+13760                         1367.0597     1159.8716            15.16%
  43883 14199     1222.4231   771     1367.0597     1159.8716  5125528   15.16%
  44456 14384     1250.4822   750     1367.0597     1161.3904  5143371   15.04%
* 44969+15034                         1366.9760     1161.3904            15.04%
  45006 14643     1235.1512   687     1366.9760     1161.3904  5225239   15.04%
* 45157+15190                         1334.2632     1161.3904            12.96%
* 45177+15190                         1333.6820     1161.3904            12.92%
* 45180+15190                         1333.2771     1161.3904            12.89%
  45657 15075     1304.2985   675     1333.2771     1161.3904  5321132   12.89%
Elapsed time = 1978.86 sec. (404729.61 ticks, tree = 2616.62 MB, solutions = 34)
Nodefile size = 556.22 MB (370.87 MB after compression)
* 46146+12639                         1333.1934     1161.3904            12.89%
  46301 13232     1249.0478   586     1333.1934     1161.3904  5500793   12.89%
  46840 13588     1253.9667   731     1333.1934     1162.8557  5552147   12.78%
  47503 14394     1317.2482   785     1333.1934     1166.7421  5696519   12.49%
* 48119+13636                         1330.1122     1166.7421            12.28%
  48127 14720     1236.9083   624     1330.1122     1166.7421  5732667   12.28%
  48745 15348     1284.6759   671     1330.1122     1166.7421  5836096   12.28%
* 49096+15403                         1324.3121     1167.4832            11.84%
  49376 15368     1311.3745   660     1324.3121     1167.4832  5960141   11.84%
  50072 15354     1307.5820   515     1324.3121     1167.4832  5955704   11.84%
  50647 16036     1192.2087   775     1324.3121     1167.4959  6052019   11.84%
  51199 16745     1199.7459   827     1324.3121     1167.5059  6147339   11.84%
* 51305+16545                         1298.9185     1167.5059            10.12%
* 51334+16545                         1293.9694     1167.5059             9.77%
* 51452+16545                         1291.7165     1167.5059             9.62%
* 51498+16545                         1288.5855     1167.5059             9.40%
  51870 17378     1211.1702   685     1288.5855     1167.6194  6260533    9.39%
Elapsed time = 2247.88 sec. (442965.41 ticks, tree = 2876.16 MB, solutions = 45)
Nodefile size = 818.62 MB (562.02 MB after compression)
  52589 17433     1194.7852   772     1288.5855     1167.6281  6267131    9.39%
  53205 14748     1193.7201   810     1288.5855     1167.7027  6433516    9.38%
  53780 14901     1194.4049   788     1288.5855     1167.7027  6457696    9.38%
  54392 15866     1212.9777   714     1288.5855     1167.7027  6606955    9.38%
  55096 16403     1214.1560   765     1288.5855     1167.7027  6712101    9.38%
  55716 16790     1249.7134   554     1288.5855     1171.2208  6746077    9.11%
  56310 16988     1272.8370   542     1288.5855     1171.5758  6795721    9.08%
* 56611+17216                         1288.3782     1172.8219             8.97%
* 56697+17216                         1287.8401     1172.8219             8.93%
* 56737+17216                         1287.7564     1172.8219             8.93%
  56801 18098        cutoff           1287.7564     1172.8219  7009502    8.93%
  57365 17831     1194.1843   819     1287.7564     1172.8219  6944236    8.93%
  57821 18876     1247.9290   676     1287.7564     1172.8219  7136257    8.93%
Elapsed time = 2518.98 sec. (481204.08 ticks, tree = 3091.77 MB, solutions = 48)
Nodefile size = 1036.54 MB (706.10 MB after compression)
  58146 19251     1206.4515   837     1287.7564     1172.8219  7200511    8.93%
  58642 19529     1193.3243   806     1287.7564     1172.8219  7238859    8.93%
  59246 20092     1208.5792   708     1287.7564     1172.8389  7378303    8.92%
  59845 20746     1192.2039   829     1287.7564     1173.5772  7491408    8.87%
  60485 21193     1200.7671   772     1287.7564     1173.7294  7562073    8.85%
  61006 21431     1181.8316   805     1287.7564     1173.7294  7607906    8.85%
  61539 21559     1246.4275   758     1287.7564     1174.4297  7622649    8.80%
  62087 22452     1239.0241   812     1287.7564     1174.5882  7789148    8.79%
  62595 22787     1239.2471   691     1287.7564     1174.6323  7856808    8.78%
  62999 23411     1194.0898   792     1287.7564     1174.6785  7979277    8.78%
Elapsed time = 2792.61 sec. (519409.81 ticks, tree = 3827.02 MB, solutions = 48)
Nodefile size = 1772.04 MB (1211.89 MB after compression)
  63472 23683     1268.1036   578     1287.7564     1174.9018  7995130    8.76%
  63886 24223     1227.0869   805     1287.7564     1174.9802  8152990    8.76%
  64395 24728     1220.7139   800     1287.7564     1174.9802  8251789    8.76%
  65016 25390     1255.5642   737     1287.7564     1174.9802  8402221    8.76%
  65584 25443     1187.4455   850     1287.7564     1175.1602  8416683    8.74%
  66080 26160     1270.8459   575     1287.7564     1175.1816  8519903    8.74%
  66625 26913     1282.0457   661     1287.7564     1175.1816  8643230    8.74%
  67186 26966     1208.7907   794     1287.7564     1175.3004  8658442    8.73%
  67785 27938     1241.9579   704     1287.7564     1175.6692  8844732    8.70%
  68396 27170     1203.0363   789     1287.7564     1175.7305  8709140    8.70%
Elapsed time = 3058.39 sec. (557631.12 ticks, tree = 4375.07 MB, solutions = 48)
Nodefile size = 2311.61 MB (1584.75 MB after compression)
  68989 28562     1286.1572   524     1287.7564     1175.7305  8950288    8.70%
  69503 29454     1218.9969   791     1287.7564     1176.0140  9075856    8.68%
* 69973+29760                         1283.8298     1176.0140             8.40%
  69993 29577     1218.6375   749     1283.8298     1176.0140  9110794    8.40%
* 70009+29904                         1259.3900     1176.0140             6.62%
* 70030+29760                         1251.7758     1176.0140             6.05%
* 70044+30320                         1246.6450     1176.0140             5.67%
* 70046+29904                         1245.8238     1176.0140             5.60%
* 70052+29904                         1242.6689     1176.0140             5.36%
* 70058+29904                         1240.8453     1176.0140             5.22%
* 70089+29904                         1237.0410     1176.0140             4.93%
* 70097+29904                         1236.9856     1176.0140             4.93%
* 70108+29904                         1236.4475     1176.0140             4.89%
  70184 29567     1208.5317   784     1236.4475     1176.0140  9109147    4.89%
  70441 30792     1272.6277   796     1236.4475     1176.2093  9342915    4.87%
  70653 30827     1224.5054   720     1236.4475     1176.2093  9352607    4.87%
  70812 30792     1191.1588   810     1236.4475     1176.2093  9348668    4.87%
  71028 20318     1231.9803   635     1236.4475     1176.2093  9486963    4.87%
  71356 20296     1193.0635   811     1236.4475     1176.2093  9480019    4.87%
  71710 20668     1210.3934   788     1236.4475     1176.2093  9627384    4.87%
Elapsed time = 3313.80 sec. (595987.22 ticks, tree = 3211.06 MB, solutions = 104)
Nodefile size = 1234.42 MB (867.29 MB after compression)
  72111 20508     1220.4461   728     1236.4475     1176.9322  9571258    4.81%
  72522 19311     1231.9323   806     1236.4475     1176.9322  9806058    4.81%
  72884 19619     1221.0915   563     1236.4475     1176.9322  9871085    4.81%
  73375 19675     1229.8895   555     1236.4475     1177.3191  9874630    4.78%
  73756 19736     1221.4129   855     1236.4475     1177.7948  9898455    4.74%
  74150 19994     1204.8133   871     1236.4475     1177.7948  9986744    4.74%
  74430 20794     1198.7835   842     1236.4475     1178.0164 10209373    4.73%
  74766 20896        cutoff           1236.4475     1178.0164 10234940    4.73%
  75043 21230     1229.5497   799     1236.4475     1178.1766 10344053    4.71%
  75420 21323     1212.8905   792     1236.4475     1178.1766 10387708    4.71%
Elapsed time = 3592.93 sec. (634235.05 ticks, tree = 3362.06 MB, solutions = 116)
Nodefile size = 1304.99 MB (911.22 MB after compression)
  75751 21929     1216.9676   741     1236.4475     1178.3777 10601621    4.70%
  76095 21713     1210.8545   834     1236.4475     1178.3850 10532028    4.70%
  76360 22332     1230.5457   721     1236.4475     1178.5083 10758072    4.69%
  76628 22456     1217.2323   718     1236.4475     1178.6625 10808331    4.67%
  76959 22301     1217.0332   810     1236.4475     1178.7472 10747951    4.67%
  77283 22735     1198.2767   765     1236.4475     1178.9089 10902212    4.65%
  77567 23034     1227.1908   769     1236.4475     1179.0017 11047380    4.65%
  77859 23418     1228.4818   537     1236.4475     1179.0017 11151388    4.65%
  78127 23709        cutoff           1236.4475     1179.1207 11290246    4.64%
  78329 23749     1206.8011   746     1236.4475     1179.3636 11307714    4.62%
Elapsed time = 3856.12 sec. (672542.10 ticks, tree = 3728.09 MB, solutions = 116)
Nodefile size = 1673.45 MB (1162.99 MB after compression)
  78561 23956     1204.0742   745     1236.4475     1179.3636 11367256    4.62%
  78926 23796     1210.8240   843     1236.4475     1179.6571 11329158    4.59%
  79240 24307     1224.0557   550     1236.4475     1179.7827 11536157    4.58%
  79498 24232     1227.1580   758     1236.4475     1179.9432 11509129    4.57%
  79784 24600     1195.7491   885     1236.4475     1180.1231 11687025    4.56%
  80144 25039     1216.7693   745     1236.4475     1180.2658 11818578    4.54%
  80442 25394     1206.9439   850     1236.4475     1180.2658 11987584    4.54%
  80779 25791     1207.2094   753     1236.4475     1180.6741 12117719    4.51%
  81087 25829     1210.9217   759     1236.4475     1180.6741 12128438    4.51%
  81419 25649     1202.8269   792     1236.4475     1180.6741 12073362    4.51%
Elapsed time = 4123.94 sec. (710779.03 ticks, tree = 4008.37 MB, solutions = 116)
Nodefile size = 1946.05 MB (1347.49 MB after compression)
  81637 26287     1192.4356   812     1236.4475     1181.1090 12298016    4.48%
  81928 26251     1207.4333   715     1236.4475     1181.1090 12284231    4.48%
  82209 26355     1227.5639   683     1236.4475     1181.1286 12304327    4.47%
  82497 26999     1235.4349   614     1236.4475     1181.1286 12593947    4.47%
  82726 27141        cutoff           1236.4475     1181.2724 12681875    4.46%
  83009 27178     1215.9041   685     1236.4475     1181.2724 12694116    4.46%
  83375 27229     1223.7027   720     1236.4475     1181.2724 12728233    4.46%
  83713 27493     1210.8718   781     1236.4475     1181.6827 12903873    4.43%
  84022 27507     1210.3799   843     1236.4475     1181.9689 12878588    4.41%
  84363 28095     1210.0774   833     1236.4475     1182.0540 13151926    4.40%
Elapsed time = 4392.99 sec. (749039.36 ticks, tree = 4376.96 MB, solutions = 116)
Nodefile size = 2319.27 MB (1600.13 MB after compression)
  84638 27885     1232.0310   718     1236.4475     1182.2244 13071036    4.39%
  84930 28612     1216.7645   675     1236.4475     1182.3226 13363427    4.38%
  85238 28582        cutoff           1236.4475     1182.5703 13356565    4.36%
  85555 28827     1205.4054   750     1236.4475     1182.6663 13446183    4.35%
  85946 29054    infeasible           1236.4475     1182.6900 13544507    4.35%
  86306 29500     1208.6841   712     1236.4475     1182.6900 13729350    4.35%
  86641 29188     1228.1209   683     1236.4475     1182.6900 13598473    4.35%
  86910 29390     1207.2834   889     1236.4475     1183.1414 13697078    4.31%
  87142 29685        cutoff           1236.4475     1183.1728 13789599    4.31%
  87503 30461     1229.2340   551     1236.4475     1183.1728 14064005    4.31%
Elapsed time = 4670.12 sec. (787337.09 ticks, tree = 4814.17 MB, solutions = 116)
Nodefile size = 2754.88 MB (1897.92 MB after compression)
  87815 30007     1230.6064   745     1236.4475     1183.1728 13929161    4.31%
  88195 30797     1217.5432   721     1236.4475     1183.1728 14245816    4.31%
  88456 30646     1218.0423   718     1236.4475     1183.3084 14166725    4.30%
  88785 30731     1226.5294   704     1236.4475     1183.3876 14195827    4.29%
  89104 31575     1229.7521   622     1236.4475     1183.8355 14512115    4.26%
  89463 31359     1228.8605   828     1236.4475     1183.8355 14463293    4.26%
  89809 31798     1214.1372   854     1236.4475     1183.8355 14577479    4.26%
  90070 32219     1212.2401   860     1236.4475     1183.8709 14740531    4.25%
  90412 32097     1217.5944   715     1236.4475     1184.3293 14694012    4.22%
  90741 32410     1206.0735   808     1236.4475     1184.4058 14805095    4.21%
Elapsed time = 4946.60 sec. (825637.58 ticks, tree = 5021.45 MB, solutions = 116)
Nodefile size = 2951.98 MB (2027.15 MB after compression)
  91111 32927     1194.3283   756     1236.4475     1184.4382 15015764    4.21%
  91429 33068     1235.1813   570     1236.4475     1184.6445 15063451    4.19%
  91739 32720     1210.4708   737     1236.4475     1184.8322 14933020    4.17%
  92128 33537     1224.2222   772     1236.4475     1184.8700 15221039    4.17%
  92433 33170     1223.1210   741     1236.4475     1184.9540 15091036    4.16%
  92725 34078     1220.1143   843     1236.4475     1185.0471 15468630    4.16%
  92944 34489     1214.9790   765     1236.4475     1185.1632 15607105    4.15%
  93133 33959     1226.6327   797     1236.4475     1185.2258 15408618    4.14%
  93456 34730     1231.3221   699     1236.4475     1185.3587 15704227    4.13%
  93759 34371     1210.0265   829     1236.4475     1185.4193 15593317    4.13%
Elapsed time = 5219.14 sec. (863874.52 ticks, tree = 5468.78 MB, solutions = 116)
Nodefile size = 3410.07 MB (2341.54 MB after compression)
  94030 35082     1220.5204   638     1236.4475     1185.4193 15934125    4.13%
  94304 35187     1225.2176   762     1236.4475     1185.4397 15988383    4.13%
  94584 35604    infeasible           1236.4475     1185.4397 16137111    4.13%
  94904 35262     1232.5589   807     1236.4475     1185.7226 16015212    4.10%
  95161 35859     1230.7055   589     1236.4475     1185.7819 16281544    4.10%
  95412 35646        cutoff           1236.4475     1185.8322 16156189    4.09%
  95872 35810     1227.8414   608     1236.4475     1185.9403 16262881    4.08%
  96215 36547     1234.2837   640     1236.4475     1186.0837 16520890    4.07%
  96518 36118     1218.0830   826     1236.4475     1186.1238 16381654    4.07%
  96908 36412     1219.0992   783     1236.4475     1186.2402 16470965    4.06%
Elapsed time = 5474.38 sec. (902096.78 ticks, tree = 5700.74 MB, solutions = 116)
Nodefile size = 3636.89 MB (2491.77 MB after compression)
  97156 36682     1226.7471   649     1236.4475     1186.2955 16574764    4.06%
  97487 37235     1220.5187   776     1236.4475     1186.3810 16802002    4.05%
  97736 37646     1233.3572   811     1236.4475     1186.5047 16965779    4.04%
  97991 37788     1228.9476   680     1236.4475     1186.6073 17006522    4.03%
  98246 37531     1234.2959   600     1236.4475     1186.6460 16889858    4.03%
  98454 37618     1224.7782   782     1236.4475     1186.7253 16952446    4.02%
  98725 37881        cutoff           1236.4475     1186.8044 17099980    4.01%
  99046 38039        cutoff           1236.4475     1186.8648 17178601    4.01%
  99381 38687     1208.3865   765     1236.4475     1186.9705 17525372    4.00%
  99608 38246     1234.9202   769     1236.4475     1186.9880 17273013    4.00%
Elapsed time = 5743.83 sec. (940381.06 ticks, tree = 6044.91 MB, solutions = 116)
Nodefile size = 3974.78 MB (2723.18 MB after compression)
  99888 38708     1211.4192   762     1236.4475     1186.9984 17530404    4.00%
 100252 39026     1218.4517   814     1236.4475     1187.1492 17694578    3.99%
 100712 39123     1232.9080   586     1236.4475     1187.2572 17786249    3.98%
 100981 39202     1234.1392   614     1236.4475     1187.3467 17811258    3.97%
 101380 39528        cutoff           1236.4475     1187.3553 17937459    3.97%
 101737 39367        cutoff           1236.4475     1187.4010 17892350    3.97%
 102051 39616     1236.1703   796     1236.4475     1187.5503 18002788    3.95%
 102344 40214     1228.8924   620     1236.4475     1187.6450 18181042    3.95%
 102674 40043     1223.9596   797     1236.4475     1187.7258 18135572    3.94%
 103095 40542     1231.5520   617     1236.4475     1187.7906 18272045    3.94%
Elapsed time = 6000.08 sec. (978687.77 ticks, tree = 6437.77 MB, solutions = 116)
Nodefile size = 4361.92 MB (2978.67 MB after compression)
 103397 40700     1222.3122   704     1236.4475     1187.9751 18335030    3.92%
 103880 41424     1229.7854   666     1236.4475     1188.0713 18598467    3.91%
 104241 41451     1234.7640   623     1236.4475     1188.1151 18601929    3.91%
 104548 41034     1233.1119   607     1236.4475     1188.2664 18489885    3.90%
 104820 42212     1228.5963   648     1236.4475     1188.2692 18888653    3.90%
 105079 42257     1234.1623   636     1236.4475     1188.3049 18892072    3.89%
 105363 42483     1232.1108   604     1236.4475     1188.3152 18994827    3.89%
 105566 42882     1232.8003   798     1236.4475     1188.3152 19199404    3.89%
 105856 42877     1235.3391   721     1236.4475     1188.3152 19190374    3.89%
 106119 42976        cutoff           1236.4475     1188.3256 19283105    3.89%
Elapsed time = 6289.47 sec. (1016928.80 ticks, tree = 6832.18 MB, solutions = 116)
Nodefile size = 4770.77 MB (3252.74 MB after compression)
 106430 42918     1225.2980   826     1236.4475     1188.3256 19222298    3.89%
 106730 43406     1234.1673   829     1236.4475     1188.8912 19456952    3.85%
 107103 43458        cutoff           1236.4475     1188.9362 19477346    3.84%
 107472 43832        cutoff           1236.4475     1189.1158 19665191    3.83%
 107774 43682    infeasible           1236.4475     1189.1191 19579109    3.83%
 108120 44234     1234.3596   702     1236.4475     1189.2452 19892153    3.82%
 108441 43859     1212.4027   589     1236.4475     1189.3159 19673603    3.81%
 108738 44626     1227.7956   872     1236.4475     1189.3224 20018148    3.81%
 109069 44250     1227.2011   807     1236.4475     1189.4177 19900947    3.80%
 109430 45245    infeasible           1236.4475     1189.4579 20284530    3.80%
Elapsed time = 6563.89 sec. (1055137.25 ticks, tree = 7211.78 MB, solutions = 116)
Nodefile size = 5151.93 MB (3505.96 MB after compression)
 109828 44648     1204.9751   735     1236.4475     1189.6225 20038604    3.79%
 110131 45587     1191.4749   815     1236.4475     1189.6245 20438882    3.79%
 110470 45364     1233.3015   770     1236.4475     1189.7772 20334127    3.77%
 110651 46159     1222.1943   850     1236.4475     1189.8994 20675392    3.76%
 110921 46072     1218.3909   754     1236.4475     1189.9528 20623232    3.76%
 111205 45596     1228.3961   806     1236.4475     1190.0228 20450420    3.75%
 111472 46708    infeasible           1236.4475     1190.1788 20888011    3.74%
 111701 46551     1219.9494   721     1236.4475     1190.2685 20800256    3.73%
 112046 46582     1235.6648   635     1236.4475     1190.3617 20829202    3.73%
 112308 46817     1212.9458   726     1236.4475     1190.3824 20981765    3.73%
Elapsed time = 6848.65 sec. (1093461.03 ticks, tree = 7525.53 MB, solutions = 116)
Nodefile size = 5465.13 MB (3718.54 MB after compression)
 112494 47270     1198.4391   770     1236.4475     1190.4275 21221319    3.72%
 112757 47651     1231.6706   822     1236.4475     1190.5461 21385519    3.71%
 113049 47381        cutoff           1236.4475     1190.5784 21295576    3.71%
 113292 47235     1223.4348   857     1236.4475     1190.6440 21198940    3.70%
 113564 48005     1235.9957   775     1236.4475     1190.7019 21523265    3.70%
 113819 47724     1218.0880   829     1236.4475     1190.7651 21431223    3.69%
 114120 48088     1215.5354   737     1236.4475     1190.8393 21618291    3.69%
 114470 48409     1233.2332   718     1236.4475     1190.9189 21774308    3.68%
 114820 48282     1222.2532   696     1236.4475     1190.9896 21716940    3.68%
 115270 48641     1235.8690   726     1236.4475     1191.0336 21887642    3.67%
Elapsed time = 7113.99 sec. (1131735.73 ticks, tree = 7661.98 MB, solutions = 116)
Nodefile size = 5598.38 MB (3802.30 MB after compression)
 115645 48429     1236.2690   596     1236.4475     1191.1014 21756623    3.67%
 115925 49028     1219.5543   755     1236.4475     1191.1529 22047823    3.66%
 116300 49640     1229.6392   587     1236.4475     1191.2193 22236018    3.66%
 116661 49101     1197.9025   787     1236.4475     1191.3513 22095357    3.65%
 116882 49538     1214.3130   829     1236.4475     1191.3745 22208278    3.65%
 117157 49086     1230.4292   791     1236.4475     1191.4380 22087547    3.64%
 117422 50204     1226.9775   635     1236.4475     1191.4380 22467683    3.64%
 117758 50677     1225.0926   626     1236.4475     1191.5804 22725628    3.63%
 118121 50556     1235.3075   663     1236.4475     1191.6489 22702763    3.62%
 118404 50911        cutoff           1236.4475     1191.7300 22896322    3.62%
Elapsed time = 7375.25 sec. (1170018.41 ticks, tree = 8199.51 MB, solutions = 116)
Nodefile size = 6137.59 MB (4170.55 MB after compression)
 118608 50329     1227.9819   790     1236.4475     1191.7316 22556478    3.62%
 118836 50605        cutoff           1236.4475     1191.8008 22721683    3.61%
 119118 51374     1220.2875   810     1236.4475     1191.8148 23121768    3.61%
 119349 51346     1222.4799   755     1236.4475     1191.8998 23047980    3.60%
 119644 51350     1220.8035   775     1236.4475     1191.9271 23097670    3.60%
 119922 51201     1222.1119   873     1236.4475     1192.0015 23020648    3.59%
 120215 51228     1209.8542   721     1236.4475     1192.0254 23008315    3.59%
 120527 51548     1218.6210   796     1236.4475     1192.0908 23236269    3.59%
 120806 52113     1229.4689   802     1236.4475     1192.1061 23552333    3.59%
 121092 52214     1219.5529   773     1236.4475     1192.2034 23654560    3.58%
Elapsed time = 7634.14 sec. (1208308.18 ticks, tree = 8233.63 MB, solutions = 116)
Nodefile size = 6172.11 MB (4189.58 MB after compression)
 121400 52226        cutoff           1236.4475     1192.2706 23672979    3.57%
 121767 52970     1230.1615   876     1236.4475     1192.3660 24001180    3.57%
 122049 52989        cutoff           1236.4475     1192.3863 24033275    3.56%
 122344 52515     1225.0052   810     1236.4475     1192.3863 23783084    3.56%
 122649 52775     1212.9801   730     1236.4475     1192.4901 23890641    3.56%
 123042 53527     1228.7598   621     1236.4475     1192.5845 24280498    3.55%
 123342 53332     1229.9857   740     1236.4475     1192.6357 24218290    3.54%
 123760 52997     1230.9952   742     1236.4475     1192.6556 24047642    3.54%
 124188 53728     1234.0815   585     1236.4475     1192.6786 24339040    3.54%
 124643 53591     1233.4410   594     1236.4475     1192.7400 24291551    3.53%
Elapsed time = 7907.08 sec. (1246648.75 ticks, tree = 8407.67 MB, solutions = 116)
Nodefile size = 6322.33 MB (4283.86 MB after compression)
 124926 54431     1224.1633   707     1236.4475     1192.7695 24665743    3.53%
 125230 53880     1230.1715   767     1236.4475     1192.7988 24428529    3.53%
 125567 54279        cutoff           1236.4475     1192.8235 24618392    3.53%
 125961 54181     1233.0587   667     1236.4475     1192.9340 24570601    3.52%
 126271 55482     1218.2122   793     1236.4475     1192.9535 25046757    3.52%
 126578 54558    infeasible           1236.4475     1193.0318 24765069    3.51%
 126793 56044     1212.4277   728     1236.4475     1193.0694 25245429    3.51%
 127100 55374     1206.9716   805     1236.4475     1193.0868 25002095    3.51%
 127439 56269        cutoff           1236.4475     1193.0868 25356835    3.51%
 127699 56737     1219.3821   871     1236.4475     1193.2279 25607580    3.50%
Elapsed time = 8174.66 sec. (1284871.42 ticks, tree = 8998.80 MB, solutions = 116)
Nodefile size = 6937.70 MB (4695.91 MB after compression)
 127971 55856     1232.9739   694     1236.4475     1193.2737 25192029    3.49%
 128257 56486        cutoff           1236.4475     1193.2859 25441401    3.49%
 128627 57315     1225.1858   831     1236.4475     1193.2859 25866562    3.49%
 128877 56466     1230.7212   802     1236.4475     1193.2859 25429365    3.49%
 129216 57493     1222.4365   694     1236.4475     1193.2859 25945770    3.49%
 129477 57785        cutoff           1236.4475     1193.2859 26096166    3.49%
 129837 57182     1236.0136   780     1236.4475     1193.2859 25858465    3.49%
 130181 58037     1232.6116   850     1236.4475     1193.6900 26212045    3.46%
 130547 58437     1230.4129   793     1236.4475     1193.7553 26355956    3.45%
 130903 57811     1232.7161   557     1236.4475     1193.7854 26089127    3.45%
Elapsed time = 8438.25 sec. (1323184.63 ticks, tree = 9028.82 MB, solutions = 116)
Nodefile size = 6957.36 MB (4704.58 MB after compression)
 131346 58342     1212.0751   822     1236.4475     1193.8587 26326340    3.44%
 131781 58609     1234.4369   653     1236.4475     1193.9091 26401866    3.44%
 132182 58400     1226.2506   596     1236.4475     1193.9532 26315940    3.44%
 132623 59062     1223.2854   738     1236.4475     1194.0662 26631090    3.43%
 133038 59361     1206.1473   824     1236.4475     1194.1116 26761146    3.42%
 133508 60035     1209.4624   777     1236.4475     1194.1409 26982031    3.42%
 133999 59020        cutoff           1236.4475     1194.1524 26605863    3.42%
 134451 59797     1218.6562   749     1236.4475     1194.2255 26876474    3.41%
 134826 60361        cutoff           1236.4475     1194.2609 27102966    3.41%
 135140 61031     1229.3126   538     1236.4475     1194.2862 27266628    3.41%
Elapsed time = 8720.15 sec. (1361405.37 ticks, tree = 9784.51 MB, solutions = 116)
Nodefile size = 7710.62 MB (5216.08 MB after compression)
 135451 61667     1205.0769   838     1236.4475     1194.3382 27511552    3.41%
 135814 60376     1207.9888   841     1236.4475     1194.3948 27094867    3.40%
 136188 61194     1229.7018   559     1236.4475     1194.4055 27329162    3.40%
 136533 60933        cutoff           1236.4475     1194.4677 27206239    3.40%
 136746 62755        cutoff           1236.4475     1194.5436 27842325    3.39%
 137009 62566     1219.8046   839     1236.4475     1194.5906 27795694    3.39%
 137227 63097     1227.3260   748     1236.4475     1194.6845 27947431    3.38%
 137463 62197     1208.6152   674     1236.4475     1194.7100 27697097    3.38%
 137674 62437     1218.6688   791     1236.4475     1194.7882 27786357    3.37%
 137973 63189     1207.7414   719     1236.4475     1194.8346 28010533    3.37%
Elapsed time = 9014.50 sec. (1399699.00 ticks, tree = 10259.80 MB, solutions = 116)
Nodefile size = 8196.23 MB (5545.02 MB after compression)
 138255 63033        cutoff           1236.4475     1194.8972 27925289    3.36%
 138523 63208     1216.9821   751     1236.4475     1194.9188 28071491    3.36%
 138858 64061     1221.9936   581     1236.4475     1195.0214 28551196    3.35%
 139279 63602     1233.4295   571     1236.4475     1195.0943 28271415    3.34%
 139686 64112     1209.3468   590     1236.4475     1195.1284 28617507    3.34%
 140083 64324     1204.7918   822     1236.4475     1195.2042 28740324    3.34%
 140482 64210     1222.5765   861     1236.4475     1195.2269 28643142    3.33%
 140903 64227     1228.1216   623     1236.4475     1195.2269 28645866    3.33%
 141286 64284     1217.3927   663     1236.4475     1195.2269 28724670    3.33%
 141717 65399        cutoff           1236.4475     1195.2269 29145493    3.33%
Elapsed time = 9277.12 sec. (1437886.84 ticks, tree = 10453.11 MB, solutions = 116)
Nodefile size = 8386.39 MB (5662.83 MB after compression)
 142198 65687     1208.6995   831     1236.4475     1195.2269 29227198    3.33%
 142617 64917     1229.5128   687     1236.4475     1195.2269 28962957    3.33%
 143069 66054     1235.7504   634     1236.4475     1195.2269 29327705    3.33%
 143394 66191     1219.3603   763     1236.4475     1195.5182 29407177    3.31%
 143779 65601     1225.5849   611     1236.4475     1195.5481 29200036    3.31%
 144195 67179     1216.5365   757     1236.4475     1195.5588 29720492    3.31%
 144664 67438     1220.8579   722     1236.4475     1195.6225 29816000    3.30%
 145120 67456        cutoff           1236.4475     1195.6793 29819661    3.30%
 145518 67280        cutoff           1236.4475     1195.6804 29770494    3.30%
 145863 67046     1197.8607   826     1236.4475     1195.7159 29676252    3.29%
Elapsed time = 9547.55 sec. (1476138.65 ticks, tree = 10847.60 MB, solutions = 116)
Nodefile size = 8780.47 MB (5926.85 MB after compression)
 146272 67224     1226.8922   696     1236.4475     1195.7865 29755857    3.29%
 146678 68350     1230.6829   631     1236.4475     1195.8044 30159696    3.29%
 147151 68888        cutoff           1236.4475     1195.8397 30283985    3.28%
 147468 69348        cutoff           1236.4475     1195.8996 30448199    3.28%
 147776 68728     1227.7681   786     1236.4475     1195.9605 30227120    3.27%
 148227 69044        cutoff           1236.4475     1195.9971 30350910    3.27%
 148631 69502     1227.6434   643     1236.4475     1196.0074 30498747    3.27%
 149028 70014     1233.1340   785     1236.4475     1196.1146 30638964    3.26%
 149300 70244     1224.0502   691     1236.4475     1196.1146 30740197    3.26%
 149691 69854        cutoff           1236.4475     1196.1748 30583113    3.26%
Elapsed time = 9787.83 sec. (1514353.01 ticks, tree = 11493.35 MB, solutions = 116)
Nodefile size = 9428.29 MB (6371.31 MB after compression)
 149991 70228     1233.0363   685     1236.4475     1196.2540 30724135    3.25%
 150360 71246     1200.6763   856     1236.4475     1196.3117 31053391    3.25%
 150710 70969     1231.3750   577     1236.4475     1196.3336 30955089    3.24%
 151020 70424     1234.0047   604     1236.4475     1196.3812 30817485    3.24%
 151234 71877        cutoff           1236.4475     1196.3904 31316647    3.24%
 151512 71470     1216.5286   852     1236.4475     1196.4757 31175094    3.23%
 151876 71008     1219.8751   598     1236.4475     1196.4976 30988810    3.23%
 152316 72774     1228.9145   641     1236.4475     1196.5663 31683382    3.23%
 152656 71953     1215.6069   820     1236.4475     1196.5896 31370744    3.22%
 152967 72977     1200.8776   789     1236.4475     1196.7096 31754936    3.21%
Elapsed time = 10064.21 sec. (1552626.32 ticks, tree = 11842.28 MB, solutions = 116)
Nodefile size = 9778.22 MB (6599.88 MB after compression)
 153353 72993     1231.3358   710     1236.4475     1196.7664 31758083    3.21%
 153723 73337     1204.9693   743     1236.4475     1196.7855 31889784    3.21%
 154144 73500     1222.0216   801     1236.4475     1196.8116 31995409    3.21%
 154584 72916     1212.9332   880     1236.4475     1196.8576 31725751    3.20%
 155038 73367     1229.4882   792     1236.4475     1196.8576 31898058    3.20%
 155515 73226        cutoff           1236.4475     1196.9220 31835566    3.20%
 155933 75038     1229.3395   874     1236.4475     1196.9563 32497076    3.19%
 156514 74368     1233.0680   699     1236.4475     1196.9711 32315003    3.19%
 156990 73867     1219.1180   729     1236.4475     1197.0342 32170089    3.19%
 157493 75746     1202.5689   765     1236.4475     1197.0568 32693923    3.19%
Elapsed time = 10316.61 sec. (1590825.18 ticks, tree = 12371.75 MB, solutions = 116)
Nodefile size = 10303.21 MB (6943.48 MB after compression)
*157930+75827                         1234.8969     1197.1247             3.06%
 157942 74157        cutoff           1234.8969     1197.1247 32233549    3.06%
*158035+75827                         1234.8933     1197.1318             3.06%
*158056+75827                         1233.3837     1197.1482             2.94%
 158399 76204     1235.1153   632     1233.3837     1197.1482 32841441    2.94%
 158766 76335     1233.3041   697     1233.3837     1197.1505 32886645    2.94%
 159387 76388     1208.6174   670     1233.3837     1197.2104 32906356    2.93%
 159896 75297     1230.8734   644     1233.3837     1197.2442 32563162    2.93%
 160413 71603        cutoff           1233.3837     1197.3031 33023096    2.93%
 160805 71471        cutoff           1233.3837     1197.3209 32981758    2.92%
 161246 71551        cutoff           1233.3837     1197.3369 33006038    2.92%
 161692 72329        cutoff           1233.3837     1197.3369 33315066    2.92%
 162161 72048    infeasible           1233.3837     1197.4192 33140005    2.92%
Elapsed time = 10585.25 sec. (1629058.65 ticks, tree = 11839.51 MB, solutions = 119)
Nodefile size = 9755.65 MB (6576.07 MB after compression)
 162653 72725     1231.2409   665     1233.3837     1197.4260 33409671    2.92%
 162974 72763     1215.7254   807     1233.3837     1197.4340 33455222    2.91%
 163385 72565     1217.9236   569     1233.3837     1197.4971 33346599    2.91%
 163683 72616     1224.6193   573     1233.3837     1197.5210 33349837    2.91%
 164079 72994     1225.1465   740     1233.3837     1197.5759 33510954    2.90%
 164420 72810     1225.4070   729     1233.3837     1197.5952 33466681    2.90%
 164757 75062     1215.6099   771     1233.3837     1197.6451 34090481    2.90%
 165008 75083     1233.2794   647     1233.3837     1197.6879 34093978    2.89%
 165256 76059        cutoff           1233.3837     1197.7162 34416718    2.89%
 165484 75545        cutoff           1233.3837     1197.7162 34206994    2.89%
Elapsed time = 10836.78 sec. (1667271.98 ticks, tree = 12660.76 MB, solutions = 119)
Nodefile size = 10593.89 MB (7144.81 MB after compression)
 165753 76123     1225.9056   854     1233.3837     1197.7673 34445168    2.89%
 166091 76124     1206.2222   880     1233.3837     1197.8293 34447993    2.88%
 166538 76250        cutoff           1233.3837     1197.9110 34525366    2.88%
 166882 76804     1209.8324   618     1233.3837     1197.9244 34806031    2.87%
 167285 75370        cutoff           1233.3837     1197.9244 34177931    2.87%
 167652 77000     1231.1186   793     1233.3837     1198.0141 34951848    2.87%
 168139 76145     1224.8372   583     1233.3837     1198.0445 34440739    2.87%
 168677 77196     1223.8556   863     1233.3837     1198.0548 35081108    2.86%
 169139 76661     1209.6211   838     1233.3837     1198.0548 34767364    2.86%
 169642 78024     1209.2774   717     1233.3837     1198.1393 35379773    2.86%
Elapsed time = 11094.61 sec. (1705519.69 ticks, tree = 12811.86 MB, solutions = 119)
Nodefile size = 10737.23 MB (7231.61 MB after compression)
 169985 77550     1230.4434   787     1233.3837     1198.2090 35258676    2.85%
 170418 77914     1217.1065   701     1233.3837     1198.2192 35362734    2.85%
 170788 77584     1216.6427   810     1233.3837     1198.2432 35288408    2.85%
 171195 78402     1206.7700   720     1233.3837     1198.2790 35457085    2.85%
 171573 77973     1210.4633   705     1233.3837     1198.3281 35372012    2.84%
 172088 79599     1213.8935   766     1233.3837     1198.3458 35870799    2.84%
 172472 78148        cutoff           1233.3837     1198.3643 35401095    2.84%
 172823 79300     1200.8719   862     1233.3837     1198.3912 35759773    2.84%
 173146 79694        cutoff           1233.3837     1198.4638 35921674    2.83%
 173399 79733     1217.4838   751     1233.3837     1198.4761 35948104    2.83%
Elapsed time = 11370.32 sec. (1743785.54 ticks, tree = 13220.69 MB, solutions = 119)
Nodefile size = 11140.30 MB (7500.05 MB after compression)
 173730 79794     1218.3410   851     1233.3837     1198.5440 35972571    2.82%
 174209 81065     1232.9671   543     1233.3837     1198.5440 36347622    2.82%
 174751 80041     1221.1468   536     1233.3837     1198.5440 36021929    2.82%
 175287 81374     1233.0728   565     1233.3837     1198.6322 36491144    2.82%
 175773 80867     1221.6537   725     1233.3837     1198.6402 36266079    2.82%
 176180 81327     1202.6441   825     1233.3837     1198.6562 36465228    2.82%
 176497 81155     1231.8836   702     1233.3837     1198.6924 36424233    2.81%
 176814 81822     1221.2791   816     1233.3837     1198.7518 36621623    2.81%
 177322 82191        cutoff           1233.3837     1198.8054 36706673    2.80%
 177741 81435     1209.8571   798     1233.3837     1198.8201 36504234    2.80%
Elapsed time = 11612.60 sec. (1782070.57 ticks, tree = 13627.78 MB, solutions = 119)
Nodefile size = 11527.27 MB (7760.11 MB after compression)
 178120 82470     1218.8927   623     1233.3837     1198.8301 36750937    2.80%
 178453 82998     1215.8931   606     1233.3837     1198.8603 37009446    2.80%
 178869 83156     1212.8720   775     1233.3837     1198.9121 37058830    2.79%
 179243 82520     1230.4117   657     1233.3837     1198.9121 36780751    2.79%
 179593 82709        cutoff           1233.3837     1198.9493 36871053    2.79%
 179925 84076     1222.3976   835     1233.3837     1199.0077 37303189    2.79%
 180198 83617        cutoff           1233.3837     1199.0448 37166251    2.78%
 180489 85702     1222.3078   900     1233.3837     1199.0677 37711954    2.78%
 180793 84766     1225.3222   778     1233.3837     1199.0677 37458608    2.78%
 181036 84032     1224.4581   738     1233.3837     1199.1348 37271321    2.78%
Elapsed time = 11852.73 sec. (1820340.55 ticks, tree = 14239.58 MB, solutions = 119)
Nodefile size = 12172.27 MB (8195.48 MB after compression)
 181283 85178     1218.8723   844     1233.3837     1199.1609 37570042    2.77%
 181573 86229     1203.1833   716     1233.3837     1199.1803 37919061    2.77%
 181922 86469     1205.7799   931     1233.3837     1199.2272 38079429    2.77%
 182229 85190     1210.3574   851     1233.3837     1199.2626 37578942    2.77%
 182587 85467     1233.2804   400     1233.3837     1199.2626 37646132    2.77%
 182913 86183     1216.4474   711     1233.3837     1199.3577 37909396    2.76%
 183338 87063     1225.0656   854     1233.3837     1199.3893 38473613    2.76%
 183734 85978     1211.3686   831     1233.3837     1199.3893 37838443    2.76%
 184051 87459     1210.4200   692     1233.3837     1199.4272 38664005    2.75%
 184476 87354     1212.8901   744     1233.3837     1199.4545 38589493    2.75%
Elapsed time = 12093.58 sec. (1858584.24 ticks, tree = 14687.08 MB, solutions = 119)
Nodefile size = 12605.28 MB (8482.24 MB after compression)
 184933 87097     1208.8746   858     1233.3837     1199.4736 38452846    2.75%
 185400 87915     1209.9562   891     1233.3837     1199.5397 38925798    2.74%
 185798 86874     1203.9702   777     1233.3837     1199.5590 38291772    2.74%
 186158 88454     1231.9404   587     1233.3837     1199.5939 39072048    2.74%
 186457 88575        cutoff           1233.3837     1199.6381 39125171    2.74%
 187007 88983     1217.9672   584     1233.3837     1199.6740 39273058    2.73%
 187631 89036     1227.5963   506     1233.3837     1199.6786 39275995    2.73%
 188160 88873     1202.8169   834     1233.3837     1199.7047 39205946    2.73%
 188648 89227     1208.9608   876     1233.3837     1199.7422 39331089    2.73%
 189242 89347        cutoff           1233.3837     1199.7561 39384804    2.73%
Elapsed time = 12340.81 sec. (1896800.99 ticks, tree = 15048.86 MB, solutions = 119)
Nodefile size = 12951.02 MB (8704.67 MB after compression)
 189793 89998     1229.6816   609     1233.3837     1199.7666 39606517    2.73%
 190422 88895     1232.9513   518     1233.3837     1199.8046 39216945    2.72%
 190905 90446     1201.0803   765     1233.3837     1199.8388 39738046    2.72%
 191304 90466     1210.7562   741     1233.3837     1199.8784 39741326    2.72%
 191688 91421     1231.5288   733     1233.3837     1199.9187 40028017    2.71%
 192161 91850     1213.1660   862     1233.3837     1199.9395 40108714    2.71%
 192802 89855     1230.2374   734     1233.3837     1199.9498 39570404    2.71%
 193305 90776     1219.1317   805     1233.3837     1199.9498 39842613    2.71%
 193833 91404     1214.0844   610     1233.3837     1200.0011 39995399    2.71%
 194378 93305     1228.8835   626     1233.3837     1200.0247 40466249    2.70%
Elapsed time = 12574.69 sec. (1935025.34 ticks, tree = 16001.84 MB, solutions = 119)
Nodefile size = 13932.34 MB (9363.32 MB after compression)
 194960 93133     1230.5754   637     1233.3837     1200.0268 40420161    2.70%
 195487 92412        cutoff           1233.3837     1200.0578 40206608    2.70%
 196000 94496     1221.6492   645     1233.3837     1200.0829 40763398    2.70%
 196486 93375     1225.5950   605     1233.3837     1200.0921 40477285    2.70%
 196841 95484     1231.7776   651     1233.3837     1200.1446 41024590    2.69%
 197274 94367        cutoff           1233.3837     1200.1724 40746042    2.69%
 197723 95859     1212.8849   620     1233.3837     1200.1724 41128463    2.69%
 198182 96297     1227.9773   586     1233.3837     1200.2219 41228688    2.69%
 198540 94254        cutoff           1233.3837     1200.3302 40709805    2.68%
 198854 96687     1222.2172   636     1233.3837     1200.3340 41338527    2.68%
Elapsed time = 12816.59 sec. (1973259.81 ticks, tree = 16808.58 MB, solutions = 119)
Nodefile size = 14737.91 MB (9906.76 MB after compression)
 199170 95605        cutoff           1233.3837     1200.3657 41068367    2.68%
 199561 97141        cutoff           1233.3837     1200.4169 41461363    2.67%
 199885 96832     1215.0181   776     1233.3837     1200.4492 41372816    2.67%
 200238 98068     1220.7970   734     1233.3837     1200.4907 41851225    2.67%
 200685 97552        cutoff           1233.3837     1200.5047 41594014    2.67%
 201037 97939     1232.0838   531     1233.3837     1200.5047 41759404    2.67%
 201326 97864     1228.3823   506     1233.3837     1200.5047 41721861    2.67%
 201627 97603     1213.4704   782     1233.3837     1200.6310 41625898    2.66%
 201869 97946     1225.3075   585     1233.3837     1200.6310 41793990    2.66%
 202266 97710     1226.0458   768     1233.3837     1200.6535 41679184    2.65%
Elapsed time = 13076.04 sec. (2011549.20 ticks, tree = 17058.25 MB, solutions = 119)
Nodefile size = 14990.84 MB (10077.17 MB after compression)
 202546 99350     1233.0737   622     1233.3837     1200.7139 42381401    2.65%
 202927 99333     1229.7200   623     1233.3837     1200.7193 42356253    2.65%
 203254 99290     1224.1412   787     1233.3837     1200.7887 42332507    2.64%
 203586 99709     1229.4880   662     1233.3837     1200.7887 42527116    2.64%
 203937 98649     1232.6137   808     1233.3837     1200.8144 42147357    2.64%
 204400 98730     1232.9683   593     1233.3837     1200.8266 42181089    2.64%
 204745 100674        cutoff           1233.3837     1200.8935 42982696    2.63%
 205156 100273     1233.1567   590     1233.3837     1200.9144 42729631    2.63%
 205608 100517     1217.4260   755     1233.3837     1200.9240 42889619    2.63%
 206039 101586     1211.6380   791     1233.3837     1200.9484 43257112    2.63%
Elapsed time = 13304.03 sec. (2049817.61 ticks, tree = 17370.65 MB, solutions = 119)
Nodefile size = 15302.90 MB (10266.92 MB after compression)
 206502 100202     1205.4616   798     1233.3837     1200.9760 42676972    2.63%
 206957 101931     1233.2743   788     1233.3837     1201.0386 43370273    2.62%
 207437 102074     1221.9718   639     1233.3837     1201.0585 43417613    2.62%
 207965 100885        cutoff           1233.3837     1201.0741 43093669    2.62%
 208428 102554     1206.8058   736     1233.3837     1201.0847 43549830    2.62%
 208958 101942     1210.4522   620     1233.3837     1201.1109 43359033    2.62%
 209352 103437     1228.1635   763     1233.3837     1201.1389 43789473    2.61%
 209711 102593        cutoff           1233.3837     1201.1570 43581090    2.61%
 210246 103332     1230.7248   546     1233.3837     1201.1933 43748356    2.61%
 210867 103522        cutoff           1233.3837     1201.1933 43825097    2.61%
Elapsed time = 13544.61 sec. (2088062.99 ticks, tree = 17841.21 MB, solutions = 119)
Nodefile size = 15771.83 MB (10579.68 MB after compression)
 211431 102723     1219.8318   857     1233.3837     1201.2223 43608536    2.61%
 211922 103673     1216.2421   895     1233.3837     1201.2701 43898457    2.60%
 212337 103179     1222.1630   594     1233.3837     1201.2808 43707015    2.60%
 212783 105523     1228.8633   634     1233.3837     1201.3036 44370736    2.60%
 213357 105270     1226.0818   571     1233.3837     1201.3190 44294838    2.60%
 213876 104980     1232.9932   695     1233.3837     1201.3547 44248179    2.60%
 214406 104792     1232.7000   612     1233.3837     1201.3876 44204853    2.59%
 214857 106539     1225.4167   713     1233.3837     1201.3900 44672570    2.59%
 215376 106075     1211.3203   788     1233.3837     1201.4250 44550859    2.59%
 215863 107161     1231.9096   494     1233.3837     1201.4556 44818846    2.59%
Elapsed time = 13791.91 sec. (2126281.16 ticks, tree = 18726.93 MB, solutions = 119)
Nodefile size = 16648.94 MB (11170.86 MB after compression)
 216330 107627        cutoff           1233.3837     1201.4754 44949134    2.59%
 216714 107183     1226.3117   671     1233.3837     1201.4754 44823430    2.59%
 217048 108355     1216.8882   681     1233.3837     1201.4966 45117427    2.59%
 217349 107988     1211.4750   616     1233.3837     1201.5198 45023808    2.58%
 217602 107195     1230.3105   711     1233.3837     1201.5814 44829435    2.58%
 217938 107505     1211.4994   623     1233.3837     1201.5814 44910961    2.58%
 218284 109556     1231.6848   603     1233.3837     1201.6225 45469660    2.58%
 218571 110155     1222.5449   826     1233.3837     1201.6533 45607738    2.57%
 218857 109176     1225.1078   620     1233.3837     1201.6824 45392721    2.57%
 219223 108903     1231.0729   826     1233.3837     1201.7143 45283002    2.57%
Elapsed time = 14025.86 sec. (2164526.02 ticks, tree = 19144.20 MB, solutions = 119)
Nodefile size = 17074.61 MB (11460.99 MB after compression)
 219542 110306     1223.3535   540     1233.3837     1201.7292 45664979    2.57%
 219884 109068        cutoff           1233.3837     1201.7382 45356299    2.57%
 220133 110209     1217.5499   718     1233.3837     1201.7382 45624139    2.57%
 220497 110863     1229.9722   605     1233.3837     1201.8200 45905487    2.56%
 220871 110454        cutoff           1233.3837     1201.8200 45784706    2.56%
 221363 109957        cutoff           1233.3837     1201.8501 45574446    2.56%
 221763 111772     1211.0785   745     1233.3837     1201.8847 46463619    2.55%
 222071 111963     1203.6653   890     1233.3837     1201.9056 46521226    2.55%
 222495 111663     1213.4116   753     1233.3837     1201.9415 46415254    2.55%
 223033 111155     1230.0461   477     1233.3837     1201.9831 46133780    2.55%
Elapsed time = 14293.83 sec. (2202742.13 ticks, tree = 19507.88 MB, solutions = 119)
Nodefile size = 17411.53 MB (11685.87 MB after compression)
 223465 111158     1232.5696   831     1233.3837     1201.9913 46136608    2.55%
 223897 111183     1219.5063   718     1233.3837     1202.0128 46194485    2.54%
 224385 112751     1217.5086   823     1233.3837     1202.0577 46835195    2.54%
 224761 111540     1224.0907   758     1233.3837     1202.0665 46338197    2.54%
 225143 112527    infeasible           1233.3837     1202.1044 46728956    2.54%
 225554 112227     1229.3751   798     1233.3837     1202.1289 46594700    2.53%
 225929 112659     1229.1845   481     1233.3837     1202.1682 46761268    2.53%
 226366 114737     1221.3763   619     1233.3837     1202.1965 47478602    2.53%
 226829 114482     1212.2244   818     1233.3837     1202.2008 47393901    2.53%
 227257 113038     1227.9076   768     1233.3837     1202.2288 46961464    2.53%
Elapsed time = 14525.29 sec. (2241012.49 ticks, tree = 19529.04 MB, solutions = 119)
Nodefile size = 17453.19 MB (11704.13 MB after compression)
 227676 115130     1204.8346   859     1233.3837     1202.2403 47568709    2.53%
 228234 113552     1213.4183   684     1233.3837     1202.2588 47131810    2.52%
 228818 114312        cutoff           1233.3837     1202.2817 47347209    2.52%
 229369 115827     1232.1168   513     1233.3837     1202.2942 47827629    2.52%
 229932 114843     1223.9936   822     1233.3837     1202.3103 47497380    2.52%
 230498 115474     1229.5803   613     1233.3837     1202.3103 47713535    2.52%
 231143 115656     1229.1495   661     1233.3837     1202.3336 47760071    2.52%
 231657 115634     1214.9616   797     1233.3837     1202.3557 47782421    2.52%
 232022 117033     1213.1993   799     1233.3837     1202.3746 48170579    2.51%
 232561 116699     1224.5248   718     1233.3837     1202.4056 48073039    2.51%
Elapsed time = 14792.09 sec. (2279237.66 ticks, tree = 20415.15 MB, solutions = 119)
Nodefile size = 18333.50 MB (12290.18 MB after compression)
 232987 116702     1228.4611   651     1233.3837     1202.4162 48102960    2.51%
 233626 118401     1215.3081   734     1233.3837     1202.4468 48460361    2.51%
 234221 116748     1232.6440   612     1233.3837     1202.4674 48081845    2.51%
 234754 119733     1208.9344   842     1233.3837     1202.4746 48764618    2.51%
 235133 118096     1213.7889   667     1233.3837     1202.4897 48390749    2.50%
 235616 119205     1211.0691   765     1233.3837     1202.5096 48646303    2.50%
 236024 117635     1222.0176   659     1233.3837     1202.5261 48297063    2.50%
 236485 121017        cutoff           1233.3837     1202.5362 49110457    2.50%
 236892 119679     1220.8972   711     1233.3837     1202.5661 48749799    2.50%
 237321 121212     1230.9389   670     1233.3837     1202.5715 49163579    2.50%
Elapsed time = 15026.00 sec. (2317443.24 ticks, tree = 21504.81 MB, solutions = 119)
Nodefile size = 19436.20 MB (13035.40 MB after compression)
 237624 121890        cutoff           1233.3837     1202.5854 49358754    2.50%
 238057 122257     1223.4482   601     1233.3837     1202.6126 49520530    2.49%
 238511 122296     1202.9833   780     1233.3837     1202.6526 49544052    2.49%
 238837 121493     1217.2317   847     1233.3837     1202.6526 49221847    2.49%
 239077 120770        cutoff           1233.3837     1202.7053 49051939    2.49%
 239433 123025     1221.1448   775     1233.3837     1202.7253 49849330    2.49%
 239805 123074     1212.5766   772     1233.3837     1202.7606 49852622    2.48%
 240050 123584     1232.9184   637     1233.3837     1202.7666 50042446    2.48%
 240468 123742     1216.3801   713     1233.3837     1202.8086 50125831    2.48%
 240941 122718     1229.4846   568     1233.3837     1202.8361 49699486    2.48%
Elapsed time = 15273.21 sec. (2355656.02 ticks, tree = 21758.46 MB, solutions = 119)
Nodefile size = 19688.54 MB (13201.97 MB after compression)
 241206 123781     1222.2714   832     1233.3837     1202.8361 50160377    2.48%
 241556 123199     1220.9717   819     1233.3837     1202.8750 49947837    2.47%
 241926 123032     1224.3266   525     1233.3837     1202.9122 49844254    2.47%
 242277 123464     1227.0950   723     1233.3837     1202.9122 50006209    2.47%
 242662 125194     1220.2718   690     1233.3837     1202.9591 50741531    2.47%
 243113 124892     1219.7729   538     1233.3837     1202.9891 50609210    2.46%
 243447 124561     1213.0733   822     1233.3837     1203.0011 50470199    2.46%
 243886 125826     1221.7183   623     1233.3837     1203.0362 50974497    2.46%
 244242 124319     1219.7878   870     1233.3837     1203.0597 50340231    2.46%
 244654 124299     1228.1184   625     1233.3837     1203.0631 50371234    2.46%
Elapsed time = 15493.65 sec. (2393935.22 ticks, tree = 21800.04 MB, solutions = 119)
Nodefile size = 19719.40 MB (13215.34 MB after compression)
 244986 125706     1214.8889   695     1233.3837     1203.0950 50940155    2.46%
 245350 124870     1217.7719   766     1233.3837     1203.1302 50596160    2.45%
 245832 126231        cutoff           1233.3837     1203.1634 51126353    2.45%
 246317 125380     1229.2758   646     1233.3837     1203.1765 50789540    2.45%
 246795 125932     1229.4155   629     1233.3837     1203.2093 51032168    2.45%
 247259 127218     1223.9317   707     1233.3837     1203.2140 51450777    2.45%
 247741 126185     1232.1667   713     1233.3837     1203.2223 51115499    2.45%
 248169 127775     1216.6389   738     1233.3837     1203.2426 51632018    2.44%
 248738 126624     1226.8924   651     1233.3837     1203.2594 51307500    2.44%
 249315 128438     1221.1322   681     1233.3837     1203.2765 51810794    2.44%
Elapsed time = 15720.80 sec. (2432262.40 ticks, tree = 22583.82 MB, solutions = 119)
Nodefile size = 20512.70 MB (13737.68 MB after compression)
 249786 127762        cutoff           1233.3837     1203.2918 51617340    2.44%
 250251 127110     1226.9766   793     1233.3837     1203.3176 51447076    2.44%
 250725 127807        cutoff           1233.3837     1203.3399 51644323    2.44%
 251326 129543     1212.5080   725     1233.3837     1203.3561 52175359    2.43%
 251864 128214     1224.2684   632     1233.3837     1203.3650 51749298    2.43%
 252576 130349     1208.7650   787     1233.3837     1203.3870 52380254    2.43%
 253151 128971     1225.5176   735     1233.3837     1203.3992 51992987    2.43%
 253524 130412     1217.4797   650     1233.3837     1203.4169 52386801    2.43%
 253963 129061     1211.7084   713     1233.3837     1203.4473 52038959    2.43%
 254476 132010     1233.3559   643     1233.3837     1203.4588 52739940    2.43%
Elapsed time = 15949.01 sec. (2470496.19 ticks, tree = 23466.35 MB, solutions = 119)
Nodefile size = 21396.28 MB (14337.88 MB after compression)
 254966 132661        cutoff           1233.3837     1203.4886 52892049    2.42%
 255494 130253     1205.8499   746     1233.3837     1203.5048 52369750    2.42%
 256047 130258     1215.4721   818     1233.3837     1203.5201 52372874    2.42%
 256451 131715     1224.0397   544     1233.3837     1203.5583 52661118    2.42%
 256827 133086     1221.1275   618     1233.3837     1203.5659 53032972    2.42%
 257142 133464     1219.4369   767     1233.3837     1203.5895 53107290    2.42%
 257549 133043     1221.2983   508     1233.3837     1203.6109 53018325    2.41%
 258036 134558     1231.3179   626     1233.3837     1203.6260 53419615    2.41%
 258368 134479     1216.3505   739     1233.3837     1203.6531 53313607    2.41%
 258619 135140     1208.8913   632     1233.3837     1203.6665 53582343    2.41%
Elapsed time = 16188.27 sec. (2508715.11 ticks, tree = 24049.58 MB, solutions = 119)
Nodefile size = 21979.31 MB (14732.09 MB after compression)
 258900 135193     1221.6387   532     1233.3837     1203.6770 53585627    2.41%
 259246 133150     1219.1015   748     1233.3837     1203.7113 53032079    2.41%
*259534+135041                         1233.3333     1203.7161             2.40%
 259680 135574     1212.5941   789     1233.3333     1203.7475 53765867    2.40%
 260154 136272     1220.6442   738     1233.3333     1203.7579 53994137    2.40%
 260711 135639     1226.3685   598     1233.3333     1203.7806 53771747    2.40%
 261168 135367     1224.0719   730     1233.3333     1203.8027 53599178    2.39%
 261587 135164     1227.3546   643     1233.3333     1203.8075 53624550    2.39%
 261998 136783     1230.1696   609     1233.3333     1203.8148 54280224    2.39%
*262212+136235                         1233.1024     1203.8148             2.38%
 262374 136363        cutoff           1233.1024     1203.8148 54137022    2.38%
 262711 136887     1227.6380   663     1233.1024     1203.8811 54311753    2.37%
Elapsed time = 16431.12 sec. (2546998.55 ticks, tree = 24082.83 MB, solutions = 121)
Nodefile size = 22009.77 MB (14741.69 MB after compression)
 263164 136331     1222.0044   712     1233.1024     1203.9248 54119183    2.37%
 263728 137993     1230.5218   601     1233.1024     1203.9721 54734728    2.36%
 264186 136742     1213.6564   559     1233.1024     1203.9721 54408795    2.36%
 264578 137421     1224.4503   533     1233.1024     1204.0044 54619086    2.36%
*264635+137586                         1232.8166     1204.0044             2.34%
*264762+137586                         1232.5737     1204.0044             2.32%
 264963 137053        cutoff           1232.5737     1204.0101 54494867    2.32%
 265439 136771     1206.3956   826     1232.5737     1204.0285 54442985    2.32%
 265808 136817     1229.9899   627     1232.5737     1204.0329 54446243    2.32%
 266255 138083     1223.6826   688     1232.5737     1204.0505 54769867    2.31%
 266726 138463     1224.3749   661     1232.5737     1204.0716 54823566    2.31%
 267176 136554     1211.8833   656     1232.5737     1204.1002 54956529    2.31%
Elapsed time = 16676.94 sec. (2585205.69 ticks, tree = 23968.53 MB, solutions = 124)
Nodefile size = 21881.60 MB (14644.39 MB after compression)
 267650 137715     1212.5103   665     1232.5737     1204.1254 55344782    2.31%
 268030 138804     1217.4208   755     1232.5737     1204.1254 54954634    2.31%
 268419 136639     1227.1152   574     1232.5737     1204.1543 55012352    2.31%
 268865 137984     1229.1093   750     1232.5737     1204.1543 55454366    2.31%
 269234 138780     1231.9626   824     1232.5737     1204.1543 55722385    2.31%
 269593 138665     1213.0096   752     1232.5737     1204.2057 55699975    2.30%
 270082 139552     1225.7360   503     1232.5737     1204.2255 55967735    2.30%
 270476 139799     1217.8944   641     1232.5737     1204.2346 56044203    2.30%
 271028 139310        cutoff           1232.5737     1204.2795 55875626    2.30%
 271396 139234        cutoff           1232.5737     1204.2925 55854847    2.29%
Elapsed time = 16911.13 sec. (2623427.66 ticks, tree = 24631.64 MB, solutions = 124)
Nodefile size = 22537.53 MB (15087.91 MB after compression)
 271865 139597     1215.5690   561     1232.5737     1204.3182 55978119    2.29%
 272414 139774        cutoff           1232.5737     1204.3310 56029792    2.29%
 272757 139852     1228.2545   546     1232.5737     1204.3341 56059514    2.29%
 273052 140783        cutoff           1232.5737     1204.3517 56455628    2.29%
 273362 140406     1229.7628   631     1232.5737     1204.3612 56283808    2.29%
 273729 139930     1221.9740   656     1232.5737     1204.3895 56091203    2.29%
 274140 140791     1223.0533   740     1232.5737     1204.3996 56490133    2.29%
 274466 141037     1210.0973   694     1232.5737     1204.4322 56560393    2.28%
 274844 142127     1224.0101   593     1232.5737     1204.4322 56906362    2.28%
 275138 142728     1214.2913   727     1232.5737     1204.4838 57044843    2.28%
Elapsed time = 17172.12 sec. (2661653.01 ticks, tree = 25364.39 MB, solutions = 124)
Nodefile size = 23293.25 MB (15595.11 MB after compression)
 275502 142981        cutoff           1232.5737     1204.4930 57230812    2.28%
 275880 141393        cutoff           1232.5737     1204.5073 56673337    2.28%
 276170 142862     1229.3384   660     1232.5737     1204.5137 57134966    2.28%
 276432 143193     1227.4112   825     1232.5737     1204.5283 57354351    2.28%
 276704 142945     1223.4221   788     1232.5737     1204.5767 57192723    2.27%
 277010 143564     1227.6533   672     1232.5737     1204.5928 57602198    2.27%
 277419 142760     1230.2777   670     1232.5737     1204.6145 57125122    2.27%
 277827 143021     1224.4255   646     1232.5737     1204.6311 57249453    2.27%
 278240 143224     1214.6159   579     1232.5737     1204.6646 57364290    2.26%
 278599 144263     1208.3832   847     1232.5737     1204.6842 57901350    2.26%
Elapsed time = 17397.10 sec. (2699932.12 ticks, tree = 25381.03 MB, solutions = 124)
Nodefile size = 23313.24 MB (15603.90 MB after compression)
 279012 143513     1222.7216   533     1232.5737     1204.7001 57528047    2.26%
 279452 143705     1232.2813   475     1232.5737     1204.7031 57644239    2.26%
 279840 144358     1215.0884   773     1232.5737     1204.7351 57931424    2.26%
 280312 143704     1219.9563   856     1232.5737     1204.7555 57648907    2.26%
 280804 144364     1228.9936   319     1232.5737     1204.7679 57889561    2.26%
 281282 144394        cutoff           1232.5737     1204.7851 57892607    2.25%
 281703 146062     1220.5778   685     1232.5737     1204.8001 58513849    2.25%
 282201 144913        cutoff           1232.5737     1204.8552 58199706    2.25%
 282501 144929     1225.9156   725     1232.5737     1204.8653 58202989    2.25%
 282852 147179     1230.9189   717     1232.5737     1204.8782 58870169    2.25%
Elapsed time = 17662.39 sec. (2738165.71 ticks, tree = 25974.69 MB, solutions = 124)
Nodefile size = 23903.85 MB (15985.89 MB after compression)
 283231 145996     1225.8344   683     1232.5737     1204.8907 58501617    2.25%
 283610 147356     1221.2893   782     1232.5737     1204.9070 58899856    2.24%
 284068 147709     1228.7625   579     1232.5737     1204.9344 58980514    2.24%
 284490 147851     1224.4335   772     1232.5737     1204.9543 59009406    2.24%
 284925 146301     1225.2673   819     1232.5737     1204.9605 58600550    2.24%
 285384 146301     1220.6639   767     1232.5737     1204.9818 58603160    2.24%
 285827 148517        cutoff           1232.5737     1205.0222 59312218    2.24%
 286429 149050     1223.8164   923     1232.5737     1205.0391 59557605    2.23%
 286978 148344     1222.1142   729     1232.5737     1205.0511 59220019    2.23%
 287424 149116     1223.8538   670     1232.5737     1205.0675 59585567    2.23%
Elapsed time = 17871.29 sec. (2776400.89 ticks, tree = 26443.21 MB, solutions = 124)
Nodefile size = 24372.01 MB (16296.90 MB after compression)
 287935 148992        cutoff           1232.5737     1205.0926 59518451    2.23%
 288275 148573     1229.3047   517     1232.5737     1205.1017 59299587    2.23%
 288649 150526     1225.2145   595     1232.5737     1205.1271 59985294    2.23%
 289042 149137    infeasible           1232.5737     1205.1271 59595892    2.23%
 289421 149554     1225.9058   783     1232.5737     1205.1526 59741923    2.22%
 289716 149557     1228.6769   668     1232.5737     1205.1634 59745324    2.22%
 290139 150149     1222.9150   509     1232.5737     1205.2057 59898709    2.22%
 290485 151020     1222.9216   650     1232.5737     1205.2163 60133740    2.22%
 290880 150327     1228.3189   575     1232.5737     1205.2271 59976767    2.22%
 291184 151669     1227.7310   738     1232.5737     1205.2271 60335573    2.22%
Elapsed time = 18138.38 sec. (2814616.96 ticks, tree = 27074.40 MB, solutions = 124)
Nodefile size = 25001.51 MB (16720.47 MB after compression)
 291507 150189     1224.1635   594     1232.5737     1205.2271 59911979    2.22%
 291833 151786        cutoff           1232.5737     1205.2940 60392936    2.21%
 292182 152463     1228.9730   839     1232.5737     1205.3057 60699053    2.21%
 292469 152862        cutoff           1232.5737     1205.3288 60924014    2.21%
 292764 152500     1227.4218   640     1232.5737     1205.3339 60730643    2.21%
 293129 152676     1218.0214   580     1232.5737     1205.3782 60821967    2.21%
 293437 153569     1232.4540   756     1232.5737     1205.3896 61243016    2.21%
 293813 153123     1226.0404   717     1232.5737     1205.4014 61020354    2.20%
Starting limited solution polishing.
 294175 153248     1229.3018   624     1232.5737     1205.4086 61052085    2.20%
 294607 153582     1220.9841   580     1232.5737     1205.4204 61251091    2.20%
Elapsed time = 18382.70 sec. (2852899.44 ticks, tree = 27139.38 MB, solutions = 124)
Nodefile size = 25064.14 MB (16756.31 MB after compression)
 295040 153734     1228.6876   565     1232.5737     1205.4343 61361643    2.20%
 295433 153753     1218.0477   638     1232.5737     1205.4746 61393770    2.20%
 295853 153287     1215.8521   517     1232.5737     1205.4782 61063689    2.20%
 296344 153951     1229.8623   689     1232.5737     1205.5205 61453436    2.19%
 296805 154483     1208.1239   640     1232.5737     1205.5421 61788910    2.19%
 297312 154026     1212.5017   779     1232.5737     1205.5563 61544280    2.19%
 297759 154091     1215.5679   741     1232.5737     1205.5947 61575035    2.19%
 298232 154770     1223.3443   671     1232.5737     1205.6121 61868278    2.19%
 298788 155196     1225.3799   692     1232.5737     1205.6194 62021471    2.19%
 299197 154699     1230.5713   467     1232.5737     1205.6389 61817276    2.19%
Elapsed time = 18604.47 sec. (2891154.42 ticks, tree = 27194.69 MB, solutions = 124)
Nodefile size = 25082.74 MB (16765.92 MB after compression)
 299787 155495     1212.7535   573     1232.5737     1205.6705 62094844    2.18%
 300283 155550     1228.1052   570     1232.5737     1205.6787 62118838    2.18%
 300708 155579     1225.1689   548     1232.5737     1205.7032 62098259    2.18%
 301171 155648     1230.0387   689     1232.5737     1205.7105 62167624    2.18%
 301643 156593     1224.4704   671     1232.5737     1205.7312 62422708    2.18%
 302066 156301     1216.6211   729     1232.5737     1205.7510 62352108    2.18%
 302446 156198     1224.9910   555     1232.5737     1205.7575 62311314    2.18%
 302881 158951     1224.4363   740     1232.5737     1205.7721 62969767    2.17%
 303413 158202     1221.7107   642     1232.5737     1205.7822 62808713    2.17%
 303920 157189     1210.5657   567     1232.5737     1205.8063 62602166    2.17%
Elapsed time = 18832.30 sec. (2929394.99 ticks, tree = 27810.49 MB, solutions = 124)
Nodefile size = 25735.06 MB (17193.38 MB after compression)
 304343 158960     1214.2394   855     1232.5737     1205.8131 62977688    2.17%
 304734 157512     1228.4634   648     1232.5737     1205.8208 62703889    2.17%
 305151 157669     1222.2339   868     1232.5737     1205.8208 62753841    2.17%
 305533 160732     1211.4366   853     1232.5737     1205.8783 63454502    2.17%
 305992 159286     1226.6987   603     1232.5737     1205.8942 63053462    2.16%
 306564 159806     1226.0452   536     1232.5737     1205.8942 63217942    2.16%
 307029 160683     1213.7800   802     1232.5737     1205.9278 63417943    2.16%
 307437 161650     1218.0391   676     1232.5737     1205.9361 63682510    2.16%
 308026 162249     1222.3476   802     1232.5737     1205.9621 63805783    2.16%
 308617 161856        cutoff           1232.5737     1205.9749 63722388    2.16%
Elapsed time = 19057.89 sec. (2967612.87 ticks, tree = 28962.63 MB, solutions = 124)
Nodefile size = 26886.34 MB (17968.65 MB after compression)
 308973 162091        cutoff           1232.5737     1205.9826 63763998    2.16%
 309363 163085     1216.1505   572     1232.5737     1206.0261 64013307    2.15%
 309747 162616     1220.3091   691     1232.5737     1206.0321 63909828    2.15%
 310184 163524     1229.3129   698     1232.5737     1206.0321 64102761    2.15%
 310597 163692     1226.0419   631     1232.5737     1206.0805 64170195    2.15%
 311087 162340     1209.4773   476     1232.5737     1206.0974 63824303    2.15%
 311461 163040     1231.2897   696     1232.5737     1206.1086 64004035    2.15%
 311837 162190     1207.6645   727     1232.5737     1206.1111 63805769    2.15%
 312172 164865     1227.9905   449     1232.5737     1206.1262 64506922    2.15%
 312497 163325     1224.5415   568     1232.5737     1206.1262 64033948    2.15%
Elapsed time = 19287.62 sec. (3005851.29 ticks, tree = 29326.92 MB, solutions = 124)
Nodefile size = 27194.01 MB (18172.59 MB after compression)
 312914 164072     1226.2474   765     1232.5737     1206.1566 64343036    2.14%
 313233 164185        cutoff           1232.5737     1206.1741 64365639    2.14%
 313604 166095        cutoff           1232.5737     1206.2013 64848102    2.14%
 313965 164678     1225.7381   619     1232.5737     1206.2127 64499191    2.14%
 314267 166574     1229.9638   566     1232.5737     1206.2434 65005820    2.14%
 314510 166421     1226.0522   706     1232.5737     1206.2555 64986072    2.14%
 314838 165477     1220.0671   546     1232.5737     1206.2636 64676442    2.13%
 315201 167101     1209.3866   781     1232.5737     1206.2636 65285316    2.13%
 315613 167329     1227.5281   536     1232.5737     1206.2982 65342781    2.13%
 315967 167379    infeasible           1232.5737     1206.3052 65443423    2.13%
Elapsed time = 19500.76 sec. (3044067.13 ticks, tree = 30001.59 MB, solutions = 124)
Nodefile size = 27930.14 MB (18658.50 MB after compression)
 316245 167583     1228.6443   664     1232.5737     1206.3052 65526298    2.13%
 316636 166614     1212.3367   844     1232.5737     1206.3545 65019786    2.13%
 317069 167429     1220.0790   768     1232.5737     1206.3545 65448908    2.13%
 317588 166909     1223.5718   638     1232.5737     1206.3860 65195296    2.12%
 318072 168323     1232.1020   744     1232.5737     1206.3900 65862165    2.12%
 318534 167635        cutoff           1232.5737     1206.4142 65535582    2.12%
 319008 167757     1210.3838   590     1232.5737     1206.4303 65616260    2.12%
 319313 167914     1215.4168   547     1232.5737     1206.4303 65669115    2.12%
 319750 169349     1232.5590   649     1232.5737     1206.4644 66175651    2.12%
 320209 168622        cutoff           1232.5737     1206.4713 65978627    2.12%
Elapsed time = 19706.65 sec. (3082271.86 ticks, tree = 30048.19 MB, solutions = 124)
Nodefile size = 27958.36 MB (18672.24 MB after compression)
 320685 169554     1218.5896   772     1232.5737     1206.5066 66237731    2.11%
 321150 169412     1220.6153   728     1232.5737     1206.5231 66183544    2.11%
 321606 170228     1228.2974   782     1232.5737     1206.5244 66435662    2.11%
 322018 169553        cutoff           1232.5737     1206.5244 66239291    2.11%
 322541 169059     1211.4000   770     1232.5737     1206.5646 66118875    2.11%
 322984 169876     1227.5929   701     1232.5737     1206.5709 66368861    2.11%
 323500 170579        cutoff           1232.5737     1206.5934 66534749    2.11%
 323917 169679     1226.4094   542     1232.5737     1206.5978 66246460    2.11%
 324486 171911     1227.1291   572     1232.5737     1206.6119 66917223    2.11%
 325006 170895     1225.6067   704     1232.5737     1206.6256 66631769    2.11%
Elapsed time = 19940.20 sec. (3120504.22 ticks, tree = 30594.34 MB, solutions = 124)
Nodefile size = 28515.93 MB (19042.62 MB after compression)
 325492 170502        cutoff           1232.5737     1206.6450 66510955    2.10%
 325950 171151     1211.4674   560     1232.5737     1206.6557 66679597    2.10%
 326432 171744     1231.4467   527     1232.5737     1206.6685 66882526    2.10%
 326912 173356     1211.0846   604     1232.5737     1206.6869 67264415    2.10%
 327390 173113     1216.4002   641     1232.5737     1206.6894 67221406    2.10%
 327927 173154     1226.7045   561     1232.5737     1206.7027 67224359    2.10%
 328426 172387     1230.5279   634     1232.5737     1206.7215 66994845    2.10%
 328806 174160     1218.7558   742     1232.5737     1206.7215 67432828    2.10%
 329304 174614     1227.7981   580     1232.5737     1206.7366 67559829    2.10%
 329727 175493     1214.5880   747     1232.5737     1206.7625 67710197    2.09%
Elapsed time = 20184.30 sec. (3158727.83 ticks, tree = 31729.10 MB, solutions = 124)
Nodefile size = 29656.94 MB (19804.54 MB after compression)
 330186 174547     1208.6764   779     1232.5737     1206.7847 67543833    2.09%
 330460 175764        cutoff           1232.5737     1206.7981 67774283    2.09%
 330807 174569     1210.2520   823     1232.5737     1206.8086 67546184    2.09%
 331156 176127     1225.2528   683     1232.5737     1206.8158 67840579    2.09%
 331479 176374     1231.8807   622     1232.5737     1206.8297 67901925    2.09%
 331757 175509     1231.3988   768     1232.5737     1206.8455 67721006    2.09%
 332102 177185     1221.7228   548     1232.5737     1206.8665 68161259    2.09%
 332509 176435     1208.7860   608     1232.5737     1206.8814 67908959    2.08%
 332846 177646     1228.0965   558     1232.5737     1206.8900 68258700    2.08%
 333231 177507     1224.4730   610     1232.5737     1206.9096 68241155    2.08%
Elapsed time = 20416.66 sec. (3196937.56 ticks, tree = 32229.36 MB, solutions = 124)
Nodefile size = 30159.46 MB (20141.40 MB after compression)
 333449 177340     1232.4710   600     1232.5737     1206.9096 68203269    2.08%
 333553 177340     1216.5206   857     1232.5737     1206.9096 68206247    2.08%
 333662 177644     1223.1188   605     1232.5737     1206.9096 68295682    2.08%
 333703 177534     1227.9188   703     1232.5737     1206.9096 68248970    2.08%
 333728 177540     1224.0474   596     1232.5737     1206.9096 68253069    2.08%

GUB cover cuts applied:  28
Clique cuts applied:  6
Cover cuts applied:  126
Implied bound cuts applied:  254
Flow cuts applied:  811
Mixed integer rounding cuts applied:  1196
Zero-half cuts applied:  25
Lift and project cuts applied:  69
Gomory fractional cuts applied:  27

Root node processing (before b&c):
  Real time             =   47.83 sec. (18093.94 ticks)
Parallel b&c, 32 threads:
  Real time             = 20376.36 sec. (3200001.09 ticks)
  Sync time (average)   = 9351.60 sec.
  Wait time (average)   =    0.47 sec.
                          ------------
Total (root+branch&cut) = 20424.19 sec. (3218095.03 ticks)
Number of arguments: 7

File path: ../Data/Demo/100/C101.txt
Capacity of FEV: 600
Capacity of SEV: 50
Execution time limit: 340
Case: r

PI array:[1, 1, 1, 1, 1, 1, 1, 1, 1, 1, 1, 1, 1, 1, 1, 1]
Number of customers: 100
./Result/C101/C101-Q50-r
Feasible solution found within the time limit!
Total execution time: 20426.620691388 seconds
Total distance traveled: 1232.5737310618097
File name: C101-Q50-r
Number of customers: 100
Capacity of FEV: 10000
Capacity of Microhub: 600
Capacity of SEV: 50
Number of parkings: 16
Number of microhubs: 16
Number of robots/MM: 10
Parking generation rule: r
==========================================================================
