Version identifier: 22.1.1.0 | 2022-11-28 | 9160aff4d
CPXPARAM_TimeLimit                               20400
Tried aggregator 1 time.
MIP Presolve eliminated 2157 rows and 1862 columns.
MIP Presolve modified 12491 coefficients.
Reduced MIP has 28201 rows, 30288 columns, and 129952 nonzeros.
Reduced MIP has 15440 binaries, 14848 generals, 0 SOSs, and 0 indicators.
Presolve time = 0.14 sec. (85.62 ticks)
Probing time = 6.32 sec. (46.51 ticks)
Cover probing fixed 0 vars, tightened 11 bounds.
Tried aggregator 1 time.
Detecting symmetries...
MIP Presolve eliminated 492 rows and 492 columns.
MIP Presolve modified 2 coefficients.
Reduced MIP has 27709 rows, 29796 columns, and 128278 nonzeros.
Reduced MIP has 15438 binaries, 14358 generals, 0 SOSs, and 0 indicators.
Presolve time = 0.23 sec. (112.47 ticks)
Probing time = 6.45 sec. (19.21 ticks)
Cover probing fixed 0 vars, tightened 12 bounds.
Clique table members: 33284.
MIP emphasis: balance optimality and feasibility.
MIP search method: dynamic search.
Parallel mode: deterministic, using up to 32 threads.
Root relaxation solution time = 3.92 sec. (603.90 ticks)

        Nodes                                         Cuts/
   Node  Left     Objective  IInf  Best Integer    Best Bound    ItCnt     Gap

      0     0      876.0110   418                    876.0110       19         
      0     0      916.1449   552                   Cuts: 331     1377         
      0     0      928.0076   645                   Cuts: 199     2222         
      0     0      939.3709   680                   Cuts: 167     3067         
      0     0      945.1928   659                   Cuts: 162     3708         
      0     0      947.5928   703                   Cuts: 100     4049         
Detecting symmetries...
      0     0      948.7543   691                    Cuts: 81     4278         
      0     0      950.0537   659                    Cuts: 56     4579         
      0     0      950.9019   713                    Cuts: 67     4888         
      0     0      951.7114   703                    Cuts: 63     5140         
      0     0      952.1556   712                    Cuts: 71     5328         
      0     0      952.8175   693                    Cuts: 58     5502         
      0     0      953.1363   702                    Cuts: 43     5649         
      0     0      953.5793   626                    Cuts: 36     5743         
      0     0      953.6184   643                    Cuts: 25     5766         
      0     0      953.6523   669                    Cuts: 14     5795         
Detecting symmetries...
      0     2      953.6523   669                    953.6523     5795         
Elapsed time = 48.02 sec. (19850.02 ticks, tree = 0.02 MB, solutions = 0)
      3     4      955.0222   663                    953.6523     6132         
      7     8      955.4760   673                    953.7455     6669         
     14    11      962.0501   660                    953.7455     7780         
     17     7      962.9738   671                    953.7455     7329         
     24    16      971.8419   662                    953.7455    10274         
     32    19      976.9860   658                    953.7455    12878         
     36    14      963.1676   674                    955.4011     9850         
     39    24      960.4294   646                    955.4747    15224         
     45    32      962.7599   670                    955.4747    20456         
     58    16     1054.2338   552                    956.9898    13272         
Elapsed time = 70.49 sec. (24107.99 ticks, tree = 0.02 MB, solutions = 0)
     75    51      968.7104   692                    956.9898    54510         
     88    53     1056.8678   604                    956.9898    60902         
    117    79     1024.8562   647                    959.3005   154970         
    142   102     1030.3870   573                    959.3005   256431         
    161   111     1103.4597   662                    959.3005   286775         
    183   128     1120.6733   631                    959.3005   337696         
    208   173     1053.4017   598                    959.3005   395970         
    245   147     1093.6242   657                    959.3005   362232         
    276   204     1130.1424   616                    959.3005   454263         
    315   263     1140.8886   585                    959.3005   499677         
Elapsed time = 120.32 sec. (34044.90 ticks, tree = 2.61 MB, solutions = 0)
    348   283     1205.6155   562                    959.3005   519251         
    410   299     1054.5474   576                    959.3005   527394         
    458   326     1010.9858   640                    959.3005   542880         
    513   410     1106.5105   610                    959.3005   596316         
    580   376     1013.2026   626                    959.3005   578540         
    668   474     1412.5911   613                    959.3005   630231         
    788   573     1548.3257   581                    959.3005   682094         
    921   466     1141.2915   594                    959.3005   630793         
   1060   652     1701.2222   511                    959.3005   697714         
   1240   685     1329.3695   552                    959.3005   717461         
Elapsed time = 167.69 sec. (43725.09 ticks, tree = 51.78 MB, solutions = 0)
   1448   935     1585.3676   430                    959.3005   790713         
   1685  1084     1578.0385   422                    959.3005   815511         
   1969  1294     1473.1938   473                    959.3005   866590         
   2252  1443     1434.2357   420                    959.3005   896004         
   2558  1749     1763.9744   259                    959.3005   940272         
   2808  1567     1768.3569   382                    959.3005   903885         
   2977  2459     1827.8814   243                    959.3005  1038037         
   3087  2598     1540.2260   422                    959.3005  1068069         
   3339  2653     1149.6633   526                    959.3005  1080994         
   3667  2661     1797.9239   267                    959.3005  1072757         
Elapsed time = 219.47 sec. (53322.58 ticks, tree = 462.02 MB, solutions = 0)
   4113  2843     1587.1620   455                    959.3005  1098620         
   4540  3102     1879.2063   426                    959.3005  1125641         
   5084  2874     1942.8827    78                    959.3005  1096125         
   5666  3175     1776.5994   354                    959.3005  1136411         
   6180  3758     2001.1092   271                    959.3005  1196024         
   6752  4577     2141.6165    72                    959.3005  1282974         
   7401  4966     1616.4282   316                    959.3005  1321868         
   8152  5183     1831.5875   251                    959.3005  1344281         
   8919  5490     1965.4918   201                    959.3005  1364039         
   9729  6636     2059.2114   122                    959.3005  1434828         
Elapsed time = 263.76 sec. (62878.71 ticks, tree = 1441.69 MB, solutions = 0)
  10561  7421     2284.4775    69                    959.3005  1489411         
  11394  7517     1862.3987   487                    959.3005  1494948         
  12171  9139     1981.1995   218                    959.3005  1606790         
  12959  8631    infeasible                          959.3005  1565212         
  13618 10052    infeasible                          959.3005  1685097         
  14396  9861    infeasible                          959.3005  1672638         
  15061 10385     2617.1750    70                    959.3005  1711310         
  15628 11034     1900.4956   202                    959.3005  1762332         
  16248 12120     1897.9593   182                    959.3005  1835021         
  16762 12565     2146.2390   103                    959.3005  1869741         
Elapsed time = 310.96 sec. (72425.77 ticks, tree = 2801.27 MB, solutions = 0)
Nodefile size = 746.07 MB (506.27 MB after compression)
  17194 12991     2291.5584   163                    959.3005  1910116         
  17704 13366     1082.7216   544                    959.3005  1939707         
  18175 13657     1871.0289   174                    959.3005  1960415         
  18682 14162      977.5135   665                    959.3005  1995909         
  19172 14485     1871.0289   174                    959.3005  2021991         
  19608 14450     2219.0989   101                    959.3005  2013990         
  20026 15338     1871.0289   174                    959.3005  2096939         
  20335 15388     1871.0289   174                    960.4352  2098059         
  20595 15606     2489.8126    42                    960.4352  2126591         
  20924 15959     1586.5441   218                    960.4352  2184791         
Elapsed time = 358.86 sec. (81985.33 ticks, tree = 2952.34 MB, solutions = 0)
Nodefile size = 896.03 MB (577.27 MB after compression)
  21323 16163     2466.8048    37                    960.4352  2189570         
  21739 16742     2466.8115    37                    960.4352  2252922         
  22144 16631     1881.3461   228                    960.4352  2238272         
  22553 17083     1165.4694   530                    960.4352  2279574         
  23002 17731     2167.9644    99                    960.4352  2322612         
  23370 17721     1144.3042   524                    960.4352  2329711         
  23672 18091     1871.0289   174                    960.4352  2364997         
  24027 18156     1587.0237   220                    960.4352  2381879         
  24367 18567     1490.9612   395                    960.4352  2419449         
  24745 18867     1739.7039   345                    960.4352  2476453         
Elapsed time = 406.61 sec. (91546.30 ticks, tree = 3656.33 MB, solutions = 0)
Nodefile size = 1595.99 MB (1019.78 MB after compression)
  25063 19443     1881.3461   228                    960.4352  2516791         
  25368 19419     1378.8032   379                    960.4352  2521531         
  25637 20087     1881.3461   228                    960.4352  2592146         
  25926 19981     1573.0269   354                    960.4352  2592211         
  26300 20173     1119.2202   545                    960.4352  2607883         
  26634 20712     1871.0289   174                    960.4352  2678097         
  26941 20572     1690.4529   244                    960.4352  2675344         
  27258 21113     2147.2753    99                    960.4352  2706820         
  27541 21415     1871.0289   174                    960.4352  2753058         
  27810 21741     1347.9698   559                    960.4352  2800368         
Elapsed time = 452.99 sec. (101113.27 ticks, tree = 4250.62 MB, solutions = 0)
Nodefile size = 2196.45 MB (1407.84 MB after compression)
  28131 22070     1749.1114   138                    960.4352  2858333         
  28518 22075     1881.3461   228                    960.4352  2847195         
  28978 22632     1881.3461   228                    960.4352  2921838         
  29495 22474     1272.9429   527                    960.4352  2917297         
  29970 23356     1667.1659   366                    960.4352  2991358         
  30433 23377     1718.1957   412                    960.4352  2992127         
  30864 24045     1465.8726   275                    960.4352  3035963         
  31244 24637     1871.0289   174                    960.4352  3089606         
  31748 25165    infeasible                          960.4352  3127110         
  33737 26656     1721.1793   455                    960.4352  3236762         
Elapsed time = 517.22 sec. (113527.12 ticks, tree = 5341.80 MB, solutions = 0)
Nodefile size = 3287.40 MB (2108.36 MB after compression)
  35625 27898     1780.3372   389                    960.4352  3318356         
  38010 29598     1798.6632   292                    960.4352  3458475         
  40650 31637     1242.4787   528                    960.4352  3591161         
  42829 33197     2167.0511    96                    960.4352  3687478         
  44690 34822     1881.3461   228                    960.4352  3821701         
  45589 36552     2643.5779   120                    960.4352  3974720         
  47345 37386     2059.5788   258                    970.9322  4062979         
  49048 38594     2163.0310   242                    970.9322  4187729         
  50620 39567     2299.6197    88                    970.9322  4289335         
  51929 41549     1481.2959   268                    971.2573  4461880         
Elapsed time = 716.15 sec. (151689.78 ticks, tree = 9041.69 MB, solutions = 0)
Nodefile size = 6976.51 MB (4534.25 MB after compression)
  53401 42498     1265.4023   547                    971.2573  4577979         
  54819 43978     1484.4868   268                    971.2573  4686494         
  56081 44368     1293.5923   583                    971.2573  4737627         
  57460 45710     1301.7170   394                    971.2573  4871967         
  59208 46941     1609.4283   465                    971.2573  4994929         
  61098 48952     1481.2959   268                    971.2573  5146086         
  62471 50194     1779.4974   391                    971.2573  5225378         
  63757 52192     1444.0895   482                    971.2573  5417647         
  64998 52556     1430.3441   489                    971.2573  5445987         
  66408 54347     1484.1955   262                    971.2573  5606206         
Elapsed time = 908.91 sec. (189857.34 ticks, tree = 11073.75 MB, solutions = 0)
Nodefile size = 8992.03 MB (5833.28 MB after compression)
  67664 56049     1412.3282   451                    971.2573  5773936         
  68250 56964     1450.7909   463                    971.2573  5859320         
  69093 56977     1059.7170   659                    971.2573  5866145         
  70285 57471     1498.2147   528                    971.2573  5937982         
  71201 59137     1315.5417   458                    971.2573  6140438         
  72342 60212     1497.0815   540                    971.2573  6295748         
  73286 61178     1577.9970   401                    971.2573  6435245         
  74639 61266     1748.4501   426                    971.2573  6439027         
  75812 62457     1832.0544   161                    971.2573  6589874         
  77173 63621     1641.0755   475                    971.2573  6664518         
Elapsed time = 1110.16 sec. (228038.22 ticks, tree = 12744.37 MB, solutions = 0)
Nodefile size = 10658.78 MB (6971.05 MB after compression)
  78406 65344     1577.7371   348                    971.2573  6879434         
  79590 65852     1496.7069   537                    971.2573  6929046         
  80561 67133     1413.4772   441                    971.2573  7076833         
  81429 68178     1179.0297   532                    971.2573  7219174         
  82062 69191     1539.9054   250                    971.2573  7386725         
  82884 69840     1487.8888   263                    971.2573  7478711         
  83929 70255     1533.0363   487                    971.2573  7570706         
  84977 71158     1618.4526   426                    971.2573  7729542         
  86136 71279     1848.6483   407                    971.2573  7736968         
  87276 72262     1672.2484   523                    971.2573  7877847         
Elapsed time = 1308.80 sec. (266265.82 ticks, tree = 14574.62 MB, solutions = 0)
Nodefile size = 12507.87 MB (8252.41 MB after compression)
  87980 73724     1691.5204   486                    971.2573  8071458         
  88788 74336     1067.6853   567                    971.2573  8164987         
  89891 75270     1568.6734   399                    971.2573  8269436         
  91003 75826     1698.3547   395                    971.2573  8353254         
  92374 77401     1283.3815   483                    971.2573  8561181         
  93615 78132     1987.0547   416                    971.2573  8624575         
  94729 79600     1633.9941   296                    971.2573  8788292         
  95885 80832     1866.1690   256                    971.2573  8963359         
  96962 80550     1307.5267   400                    971.2573  8933678         
  97924 81826     2213.8074   395                    971.2573  9048826         
Elapsed time = 1507.00 sec. (304447.54 ticks, tree = 16839.79 MB, solutions = 0)
Nodefile size = 14769.60 MB (9850.94 MB after compression)
  98755 83376     1004.5139   557                    971.2573  9255227         
  99753 83888     1469.9414   403                    971.2573  9343424         
 100776 85284     1866.1690   253                    971.2573  9589662         
 101797 86000     1598.6577   312                    971.2573  9669855         
 103055 87264     1345.1553   606                    971.2573  9872800         
 104004 87290     1137.2512   620                    971.2573  9880308         
 104752 88285     1061.8183   571                    971.2573  9984498         
 105522 88727     1834.1238   244                    971.2573 10048432         
 106579 89766     1611.0711   511                    971.2573 10231777         
 107525 90506     1107.4880   654                    971.2573 10351369         
Elapsed time = 1701.44 sec. (342630.66 ticks, tree = 18304.98 MB, solutions = 0)
Nodefile size = 16234.35 MB (10865.98 MB after compression)
 108799 91170     1509.7550   482                    971.2573 10442855         
 110136 92838     1627.7392   395                    971.2573 10669670         
 111141 93421     1290.2890   400                    971.2573 10697959         
 112235 93712     1481.4265   481                    971.2573 10748433         
 113059 94565     1230.5783   502                    971.2573 10889333         
 114247 96036     1852.8086   336                    971.2573 11066471         
 115307 97608     1912.6387   461                    971.2573 11268337         
 116316 97643     1473.3765   376                    971.2573 11299000         
 117238 98788     1885.9848   513                    971.2573 11425368         
 118052 99492     1520.6153   387                    971.2573 11534594         
Elapsed time = 1895.71 sec. (380806.66 ticks, tree = 20369.23 MB, solutions = 0)
Nodefile size = 18302.83 MB (12336.30 MB after compression)
 119070 101455     1710.5004   473                    971.2573 11852553         
 119969 101611     1909.5794   213                    971.2573 11835568         
 120795 102092     1531.8364   398                    971.2573 11954402         
 121437 102389     1455.5884   495                    971.2573 11998902         
 122385 104166     1986.1368   202                    980.2165 12234377         
 123551 104649     1086.9499   661                    980.5888 12356328         
 124508 104621     1126.7407   609                    980.5888 12336367         
 125631 106742     1458.3991   459                    980.6508 12611559         
 126621 106454     1623.4670   383                    980.6508 12574684         
 127676 108842     1619.0147   433                    980.6508 12936847         
Elapsed time = 2107.48 sec. (418980.85 ticks, tree = 22358.22 MB, solutions = 0)
Nodefile size = 20288.91 MB (13724.90 MB after compression)
 129071 107720     1520.3765   516                    980.6508 12770512         
 130096 109356     1208.6047   506                    980.6508 13009811         
 131099 110895     1728.1358   500                    980.9188 13193012         
 132397 111893     1566.1421   400                    980.9188 13321900         
 133645 112915     1116.7701   499                    980.9188 13439767         
 134456 112746     1634.2624   483                    980.9188 13419931         
 135707 114470     1126.6584   573                    980.9188 13650520         
 136872 116390     2099.3641   236                    980.9188 13902313         
 138135 117530     1012.2674   676                    980.9188 14062427         
 139567 119013     1782.4387   348                    980.9188 14221858         
Elapsed time = 2309.04 sec. (457152.94 ticks, tree = 24805.11 MB, solutions = 0)
Nodefile size = 22734.66 MB (15486.38 MB after compression)
 140677 117410     1464.0416   417                    981.1311 14053166         
 141671 120722     1554.4372   483                    981.3619 14452791         
 142742 119738     1960.0970   282                    981.5549 14299007         
 143774 121304     1760.0536   275                    981.5549 14533131         
 144998 123582     1425.8428   549                    981.6411 14877381         
 146350 123441     1508.5734   474                    981.6411 14859954         
 147512 124831     1013.0831   605                    981.6576 14999529         
 148410 126839     1500.1947   520                    981.6576 15264337         
 149346 126110     1526.5003   490                    981.7080 15188140         
 150439 126373    infeasible                          981.7080 15246485         
Elapsed time = 2500.63 sec. (495334.19 ticks, tree = 26583.69 MB, solutions = 0)
Nodefile size = 24488.95 MB (16743.41 MB after compression)
 151545 129364     1594.5354   464                    981.7080 15671268         
 152772 128081     1660.6705   422                    981.7080 15496871         
 154284 129179     1768.9678   208                    981.9300 15609685         
 155460 131929     1254.5246   650                    981.9300 15983484         
 156344 131185     1490.1297   481                    981.9300 15927237         
 157217 132520     1249.8892   554                    981.9300 16050688         
 158347 134249     1630.9833   492                    981.9947 16283108         
 159659 134370     1743.0958   478                    982.2797 16286003         
 160860 135594     1966.1978   271                    982.2797 16476363         
 162290 138125     1612.5727   251                    982.2801 16811476         
Elapsed time = 2705.75 sec. (533509.76 ticks, tree = 29413.15 MB, solutions = 0)
Nodefile size = 27331.31 MB (18790.56 MB after compression)
 163423 137121     1036.2593   585                    982.2801 16680444         
 164311 138757     1523.9026   432                    982.2969 16883209         
 165516 138793     1722.9434   351                    982.3341 16887600         
 166408 140397     1605.1644   473                    982.3341 17095828         
 167540 141519     1608.5166   399                    982.3895 17237558         
 168451 143637     1371.5848   364                    982.4625 17578309         
 169272 144412     1673.0877   298                    982.4625 17695058         
 169969 143904     1163.6910   617                    982.4625 17632025         
 170522 145277     1314.5880   560                    982.4625 17841099         
 171082 144932     1063.2881   601                    982.4625 17778291         
Elapsed time = 2900.30 sec. (571693.76 ticks, tree = 31065.85 MB, solutions = 0)
Nodefile size = 28992.38 MB (19990.23 MB after compression)
 171413 146967     1077.7556   570                    982.4625 18143689         
 172060 147544     1347.0755   350                    982.4625 18299918         
 173043 147350     1370.4410   412                    982.4625 18225745         
 174185 147775     1995.8406   225                    982.4625 18357572         
 175496 148172     1011.1962   674                    982.4625 18435819         
 176558 149332     1235.8346   531                    982.5675 18648565         
 177261 149071     1413.2374   394                    982.5675 18583104         
 177489 150122     1433.3306   522                    982.5675 18686934         

Performing restart 1

Repeating presolve.
Tried aggregator 1 time.
MIP Presolve eliminated 42 rows and 156 columns.
MIP Presolve modified 787 coefficients.
Reduced MIP has 27667 rows, 29640 columns, and 127818 nonzeros.
Reduced MIP has 15324 binaries, 14316 generals, 0 SOSs, and 0 indicators.
Presolve time = 0.12 sec. (61.91 ticks)
Tried aggregator 1 time.
MIP Presolve eliminated 60 rows and 194 columns.
Reduced MIP has 27607 rows, 29446 columns, and 127244 nonzeros.
Reduced MIP has 15190 binaries, 14256 generals, 0 SOSs, and 0 indicators.
Presolve time = 0.17 sec. (80.98 ticks)
Represolve time = 12.16 sec. (327.15 ticks)
 177537     0      991.8604   752                   Cuts: 555 19093898         
 177537     0     1022.7021   813                   Cuts: 733 19096415         
 177537     0     1051.5011   872                   Cuts: 353 19098701         
 177537     0     1067.1543   961                   Cuts: 321 19100256         
 177537     0     1074.8545   964                   Cuts: 323 19101277         
 177537     0     1081.0443   999                   Cuts: 315 19102426         
 177537     0     1085.1637  1033                   Cuts: 332 19103565         
 177537     0     1088.1081  1034                   Cuts: 305 19104929         
 177537     0     1090.8684  1054                  Cuts: 1015 19106131         
 177537     0     1093.5757   999                   Cuts: 459 19107171         
 177537     0     1095.5133  1126                   Cuts: 747 19108253         
 177537     0     1096.8233  1134                   Cuts: 231 19109043         
 177537     0     1097.9422  1150                   Cuts: 224 19109665         
 177537     0     1099.3760  1121                   Cuts: 191 19110330         
 177537     0     1100.2179  1139                   Cuts: 179 19111652         
 177537     0     1100.8420  1190                   Cuts: 651 19112298         
 177537     0     1101.1359  1176                   Cuts: 187 19112669         
 177537     0     1101.4886  1132                   Cuts: 115 19113037         
 177537     0     1101.7268  1155                   Cuts: 128 19113390         
 177537     0     1102.0809  1158                   Cuts: 118 19113690         
 177537     0     1102.2635  1138                    Cuts: 87 19114010         
 177537     0     1102.3386  1169                    Cuts: 96 19114201         
 177537     0     1102.4831  1187                    Cuts: 74 19114484         
 177537     0     1102.6630  1179                    Cuts: 80 19114753         
 177537     0     1102.7740  1166                    Cuts: 83 19114979         
 177537     0     1102.8712  1184                    Cuts: 75 19115172         
 177537     0     1102.9313  1189                    Cuts: 76 19115328         
 177537     2     1102.9833  1182                   1102.9313 19115328         
 177538     3     1108.3148  1135                   1108.3168 19117522         
Elapsed time = 3365.23 sec. (773931.98 ticks, tree = 0.03 MB, solutions = 0)
 177539     4     1113.2307  1084                   1108.3168 19119084         
 177540     3     1158.6519  1069                   1108.3168 19128579         
 177542     5     1114.3414  1129                   1108.3168 19120236         
 177543     6     1161.6838  1073                   1108.3168 19133748         
 177549     8     1213.7837  1025                   1113.2489 19141087         
 177551    12     1179.1827   926                   1114.3421 19155909         
 177552     9     1215.8600  1030                   1114.3421 19147348         
 177561    15     1121.0351  1111                   1121.0361 19161099         
 177567    15     1183.0200  1019                   1121.0361 19161346         
 177574    24     1288.8484   888                   1121.0361 19200336         
Elapsed time = 3535.98 sec. (827279.30 ticks, tree = 0.02 MB, solutions = 0)
 177576    23     1169.9838  1059                   1121.0361 19196564         
 177588    25     1237.6240   985                   1121.0361 19207726         
 177601    23     1207.7180   964                   1123.4850 19200106         
 177619    20     1170.2499  1035                   1123.4850 19196983         
 177645    61     1257.1087   896                   1126.9630 19483448         
 177693    48     1308.2684   920                   1126.9972 19374977         
 177747    95     1237.2413  1003                   1126.9972 19615190         
 177817    79     1382.7081   915                   1126.9972 19599984         
 177911   106     1456.9988   679                   1126.9972 19609337         
 177998   188     1334.5157   867                   1126.9972 19719051         
Elapsed time = 3767.86 sec. (867377.59 ticks, tree = 9.91 MB, solutions = 0)
 178096   196     1337.3165   944                   1126.9972 19728528         
 178190   311    infeasible                         1126.9972 19772550         
 178302   438     1490.6386   640                   1126.9972 19884973         
 178426   540     1325.2079   809                   1126.9972 19984824         
 178639   683     1441.1472   877                   1126.9972 20091790         
 178879   634     1466.8911   754                   1126.9972 20046013         
 179187   767     1303.9910   968                   1126.9972 20153704         
 179367  1298     1574.3702   657                   1126.9972 20325830         
 179584  1724     1483.9881   776                   1126.9972 20453391         
 179835  1905     1622.7373   624                   1126.9972 20500585         
Elapsed time = 4009.83 sec. (905958.17 ticks, tree = 255.38 MB, solutions = 0)
 180213  2001     1504.3984   696                   1126.9972 20513909         
 180770  2148     1549.1774   595                   1126.9972 20550786         
 181452  2212     1304.0427   920                   1126.9972 20572192         
 181923  3025     1582.0621   542                   1126.9972 20682214         
 182513  2698     1818.2929   408                   1126.9972 20642025         
 183184  4264     1825.9294   414                   1126.9972 20859221         
 183747  4735     1749.2512   550                   1126.9972 20916868         
 184377  4828     2211.2794   458                   1126.9972 20918591         
 185168  5709     2207.2383   324                   1126.9972 21065775         
 185924  5819     1952.4975   495                   1126.9972 21078456         
Elapsed time = 4238.94 sec. (944173.59 ticks, tree = 1196.11 MB, solutions = 0)
 186687  7251     1961.0891   422                   1126.9972 21275490         
 187414  7763     1865.0829   336                   1126.9972 21326041         
 188090  8786     1523.9835   803                   1126.9972 21434409         
 188793  8083     2361.1953   283                   1126.9972 21357690         
 189614  9225     1853.1739   425                   1126.9972 21474766         
 190348  9144     1889.3123   329                   1126.9972 21461588         
 191106 11256     1877.6648   307                   1126.9972 21730080         
 191828 11638     1979.0487   337                   1126.9972 21782646         
 192527 10986     1548.9600   798                   1126.9972 21690721         
 193341 12819     2432.0247   264                   1126.9972 21866705         
Elapsed time = 4473.46 sec. (982356.22 ticks, tree = 2958.07 MB, solutions = 0)
Nodefile size = 891.35 MB (581.08 MB after compression)
 194106 12639     2105.9820   203                   1126.9972 21861061         
 194825 12796     2419.0652   242                   1126.9972 21863825         
 195699 14039     2122.1272   330                   1126.9972 22030510         
 196618 15876     1830.2791   428                   1126.9972 22195982         
 197735 15071     1910.0350   511                   1126.9972 22131267         
 198797 16471     2362.4733   291                   1135.4031 22274901         
 199590 16313     1597.6660   736                   1135.4031 22270897         
 200048 16691     2286.5000   173                   1135.4031 22282474         
 200232 16966     1575.4635   688                   1135.4031 22335666         

Performing restart 2

Repeating presolve.
Tried aggregator 1 time.
MIP Presolve eliminated 47 rows and 237 columns.
MIP Presolve modified 437 coefficients.
Reduced MIP has 27560 rows, 29209 columns, and 126378 nonzeros.
Reduced MIP has 15000 binaries, 14209 generals, 0 SOSs, and 0 indicators.
Presolve time = 0.11 sec. (58.09 ticks)
Tried aggregator 1 time.
MIP Presolve eliminated 79 rows and 125 columns.
MIP Presolve modified 76 coefficients.
Reduced MIP has 27481 rows, 29084 columns, and 125970 nonzeros.
Reduced MIP has 14954 binaries, 14130 generals, 0 SOSs, and 0 indicators.
Presolve time = 0.22 sec. (111.13 ticks)
Represolve time = 12.86 sec. (873.79 ticks)
 200244     0     1113.2960  1178                   Cuts: 383 22698148         
 200244     0     1116.3890  1144                   Cuts: 159 22699206         
 200244     0     1120.6824  1138                   Cuts: 179 22702071         
 200244     0     1124.0013  1130                   Cuts: 307 22704945         
 200244     0     1127.5134  1116                   Cuts: 350 22706289         
 200244     0     1130.2109  1138                   Cuts: 248 22718195         
 200244     0     1132.2560  1152                   Cuts: 346 22719141         
 200244     0     1134.3603  1171                   Cuts: 210 22720115         
 200244     0     1135.7892  1173                   Cuts: 227 22720982         
 200244     0     1137.2674  1170                   Cuts: 171 22721759         
 200244     0     1137.9410  1204                   Cuts: 325 22722350         
 200244     0     1138.2872  1255                   Cuts: 137 22722818         
 200244     0     1138.5683  1250                   Cuts: 217 22723254         
 200244     0     1138.7381  1238                   Cuts: 107 22723604         
 200244     0     1138.8543  1256                   Cuts: 223 22724193         
 200244     0     1138.9862  1244                   Cuts: 133 22724555         
 200244     0     1139.0681  1261                   Cuts: 106 22724768         
 200244     0     1139.1626  1261                    Cuts: 45 22724984         
 200244     0     1139.2102  1249                    Cuts: 59 22725161         
 200244     0     1139.2491  1275                    Cuts: 54 22725311         
 200244     0     1139.3055  1264                    Cuts: 40 22725466         
 200244     0     1139.3653  1296                    Cuts: 52 22725647         
 200244     0     1139.4355  1276                    Cuts: 37 22725893         
 200244     0     1139.5070  1262                    Cuts: 36 22726076         
*200244+    0                         8302.7459     1139.5070            86.28%
 200244     2     1139.5070  1262     8302.7459     1139.5070 22726076   86.28%
Elapsed time = 5032.56 sec. (1221691.00 ticks, tree = 0.02 MB, solutions = 1)
 200246     4     1142.9238  1131     8302.7459     1139.5522 22729132   86.27%
 200248     6     1144.4892  1175     8302.7459     1139.5522 22731490   86.27%
 200250     8     1168.3816  1047     8302.7459     1139.5522 22738302   86.27%
 200251     8     1180.7271  1071     8302.7459     1139.5522 22741161   86.27%
 200255     4     1164.6806  1157     8302.7459     1139.5522 22730615   86.27%
 200261    12    infeasible           8302.7459     1139.5522 22750788   86.27%
*200279+    4                         3424.4156     1139.5522            66.72%
 200282    35     1167.4114  1109     3424.4156     1139.5522 22765207   66.72%
 200304    27     1171.1547  1075     3424.4156     1139.5522 22758833   66.72%
 200325    51     1231.8493   994     3424.4156     1139.5522 22788636   66.72%
 200344    69     1167.0322  1207     3424.4156     1139.5522 22824462   66.72%
Elapsed time = 5225.06 sec. (1272330.50 ticks, tree = 1.26 MB, solutions = 4)
 200361    98     1246.7000  1014     3424.4156     1144.8828 22903583   66.57%
 200409   123     1202.5519  1142     3424.4156     1144.9318 22976820   66.57%
 200441   121     1151.2430  1187     3424.4156     1144.9318 22976403   66.57%
 200463   198     1228.6247  1110     3424.4156     1144.9318 23109146   66.57%
 200519   218     1197.2058  1070     3424.4156     1144.9318 23181004   66.57%
 200601   244     1212.2686  1124     3424.4156     1144.9318 23238569   66.57%
 200689   356     1234.5996  1019     3424.4156     1144.9318 23341422   66.57%
 200745   388     1234.9745   931     3424.4156     1144.9318 23364732   66.57%
 200816   367     1317.4837   925     3424.4156     1144.9318 23351748   66.57%
 200885   435     1235.0112  1014     3424.4156     1144.9318 23443493   66.57%
Elapsed time = 5484.84 sec. (1311019.87 ticks, tree = 21.08 MB, solutions = 8)
 200998   545     1268.6544  1071     3424.4156     1144.9318 23563151   66.57%
 201089   735     1253.7331  1103     3424.4156     1144.9318 23698721   66.57%
 201217   652     1299.8787  1021     3424.4156     1144.9318 23646300   66.57%
 201323   779     1221.6146   964     3424.4156     1144.9318 23740066   66.57%
 201454   979     1312.7622  1050     3424.4156     1144.9318 23917664   66.57%
 201579  1039     1468.7761   657     3424.4156     1144.9318 23958942   66.57%
 201719  1082     1157.4514  1189     3424.4156     1144.9318 23988432   66.57%
 201856  1281     1333.4963   906     3424.4156     1144.9318 24106818   66.57%
 202030  1430     1332.0909   924     3424.4156     1144.9318 24183091   66.57%
 202170  1560     1321.8318  1025     3424.4156     1144.9318 24238229   66.57%
Elapsed time = 5745.42 sec. (1349342.51 ticks, tree = 200.35 MB, solutions = 8)
*202266+ 1335                         2860.7964     1144.9318            59.98%
 202360  1758     1253.7846  1047     2860.7964     1144.9318 24339908   59.98%
*202397+ 1335                         2852.2207     1144.9318            59.86%
*202399+ 1335                         2793.8102     1144.9318            59.02%
 202607  1625     1367.4655   945     2793.8102     1144.9318 24276567   59.02%
 202938  1750     1359.7863   925     2793.8102     1144.9318 24338502   59.02%
 203161  1845     1326.3261   920     2793.8102     1144.9318 24375175   59.02%
 203376  2029     1375.3898   735     2793.8102     1144.9318 24436360   59.02%
 203600  2570     1186.4433  1056     2793.8102     1144.9318 24658409   59.02%
 203842  2794     1466.3350   791     2793.8102     1144.9318 24761831   59.02%
 204071  2466     1427.8775   897     2793.8102     1144.9318 24629583   59.02%
 204305  2857     1454.8011   966     2793.8102     1144.9318 24791070   59.02%
 204594  3060    infeasible           2793.8102     1144.9318 24867906   59.02%
Elapsed time = 6008.18 sec. (1387601.03 ticks, tree = 536.16 MB, solutions = 11)
 204893  3734     1702.0806   660     2793.8102     1144.9318 25106332   59.02%
 205197  3410     2006.3827   341     2793.8102     1144.9318 24949010   59.02%
 205475  4303     1819.8506   599     2793.8102     1144.9318 25285889   59.02%
 205706  4008     1507.2273   636     2793.8102     1144.9318 25220539   59.02%
 205927  4499     1473.5050   697     2793.8102     1144.9318 25375879   59.02%
 206107  4760     1454.0098   799     2793.8102     1144.9318 25464091   59.02%
 206332  5101     1633.2813   694     2793.8102     1144.9318 25566370   59.02%
 206754  5126     1763.0361   671     2793.8102     1144.9318 25568956   59.02%
 207067  5469     1481.1659   848     2793.8102     1144.9318 25675770   59.02%
 207541  5665     1742.6546   667     2793.8102     1144.9318 25734071   59.02%
Elapsed time = 6265.71 sec. (1425873.13 ticks, tree = 1183.91 MB, solutions = 11)
 207975  6045     1794.4582   459     2793.8102     1144.9318 25812133   59.02%
 208384  6139     1930.4993   409     2793.8102     1144.9318 25833135   59.02%
 208785  6179     1928.2990   415     2793.8102     1144.9318 25835522   59.02%
 209168  7349     1740.4294   690     2793.8102     1144.9318 26106245   59.02%
 209570  7165     1612.3890   760     2793.8102     1144.9318 26066628   59.02%
 209948  7729     1200.1910  1110     2793.8102     1144.9318 26221937   59.02%
 210337  7711     1770.3479   416     2793.8102     1144.9318 26215412   59.02%
 210859  8727     1266.8601   885     2793.8102     1144.9318 26429042   59.02%
*210867+ 8201                         2617.1161     1144.9318            56.25%
*210867+ 8201                         2589.4173     1144.9318            55.78%
 211373  9102     1957.1881   418     2589.4173     1144.9318 26497761   55.78%
 211804  9114     1458.3763   725     2589.4173     1144.9318 26515286   55.78%
Elapsed time = 6515.94 sec. (1464111.75 ticks, tree = 2062.44 MB, solutions = 13)
Nodefile size = 8.75 MB (5.24 MB after compression)
 212264  9293     2378.3308   276     2589.4173     1144.9318 26532229   55.78%
 212658  9668    infeasible           2589.4173     1144.9318 26647597   55.78%
 213095 10524     1957.1521   196     2589.4173     1144.9318 26809383   55.78%
 213494 10284     1196.1087  1142     2589.4173     1144.9318 26781914   55.78%
*213687+11155                         2481.1697     1144.9318            53.86%
*213696+11151                         2474.3210     1144.9318            53.73%
*213700+11151                         2450.7901     1144.9318            53.28%
 213925 10610     1559.1958   764     2450.7901     1144.9318 26871280   53.28%
 214213 11822     2249.8689   232     2450.7901     1144.9318 27146531   53.28%
 214528 11488     1342.0717   851     2450.7901     1144.9318 27091256   53.28%
 214726 12139     1593.0601   528     2450.7901     1144.9318 27264260   53.28%
 214969 12481     2098.0408   409     2450.7901     1144.9318 27388302   53.28%
 215246 12516     1424.2307   849     2450.7901     1144.9318 27410979   53.28%
Elapsed time = 6779.93 sec. (1502360.35 ticks, tree = 2927.69 MB, solutions = 16)
Nodefile size = 873.22 MB (585.43 MB after compression)
 215463 12648     1958.3221   401     2450.7901     1144.9318 27453139   53.28%
 215744 13156     1525.4202   694     2450.7901     1144.9318 27635068   53.28%
*215951+12356                         2448.1071     1144.9318            53.23%
*215984+12356                         2378.9032     1144.9318            51.87%
 216052 13171     1514.5901   526     2378.9032     1144.9318 27638169   51.87%
*216070+12356                         2366.5413     1144.9318            51.62%
*216124+12356                         2365.6122     1144.9318            51.60%
*216150+12356                         2365.2558     1144.9318            51.59%
*216184+12356                         2363.6138     1144.9318            51.56%
 216358 13565     1889.7123   274     2363.6138     1144.9318 27738808   51.56%
*216541+13699                         2317.8821     1144.9318            50.60%
 216656 13490     1444.6332   674     2317.8821     1144.9318 27853176   50.60%
 216958 13452     2060.7700   231     2317.8821     1144.9318 27892521   50.60%
 217317 14019     2060.7824   258     2317.8821     1144.9318 28074381   50.60%
 217679 13600     1534.9405   680     2317.8821     1144.9318 27883927   50.60%
 218058 14033     1557.2841   585     2317.8821     1144.9318 28097811   50.60%
 218370 14986     1658.2847   527     2317.8821     1144.9318 28343906   50.60%
Elapsed time = 7040.51 sec. (1540658.50 ticks, tree = 3542.01 MB, solutions = 23)
Nodefile size = 1486.39 MB (1009.63 MB after compression)
 218743 14552     1284.5844   993     2317.8821     1144.9318 28250745   50.60%
 219184 15021     1744.7980   458     2317.8821     1144.9318 28349822   50.60%
 219640 15341     1206.9058  1111     2317.8821     1144.9318 28438984   50.60%
 220073 16090     2101.8514   197     2317.8821     1144.9318 28616935   50.60%
 220560 16780     2105.7633   233     2317.8821     1144.9318 28784605   50.60%
 221036 17188     2246.1882   184     2317.8821     1144.9318 28866365   50.60%
 221504 17315     1457.7974   850     2317.8821     1144.9318 28899368   50.60%
 221896 17210     1223.5859  1033     2317.8821     1144.9318 28884937   50.60%
 222183 18278     2267.3502   197     2317.8821     1144.9318 29098457   50.60%
 222484 18816     2024.7080   239     2317.8821     1144.9318 29223373   50.60%
Elapsed time = 7289.80 sec. (1578924.67 ticks, tree = 4515.18 MB, solutions = 23)
Nodefile size = 2461.44 MB (1665.46 MB after compression)
 222765 19108     1921.6903   269     2317.8821     1144.9318 29283523   50.60%
 223138 19152     1940.6695   265     2317.8821     1153.1644 29287335   50.25%
 223676 19214     1597.2414   599     2317.8821     1153.1644 29282903   50.25%
 224242 19645        cutoff           2317.8821     1153.1644 29411765   50.25%
 224823 19979     1647.6248   594     2317.8821     1153.1644 29428445   50.25%
 225349 20224     1270.4591   941     2317.8821     1153.1644 29499433   50.25%
 225765 20439     1872.4919   186     2317.8821     1153.1644 29558065   50.25%
 226229 21155     2127.5502   169     2317.8821     1153.1644 29664206   50.25%
 226621 22025     1973.2339   323     2317.8821     1153.1644 29815446   50.25%
 227039 21860     1270.8213  1117     2317.8821     1153.1644 29801342   50.25%
Elapsed time = 7557.21 sec. (1617169.61 ticks, tree = 5290.01 MB, solutions = 23)
Nodefile size = 3231.58 MB (2175.61 MB after compression)
 227506 22812     1471.8294   691     2317.8821     1153.1644 29967065   50.25%
 227935 23091     1902.1602   168     2317.8821     1153.1644 30032733   50.25%
 228249 23486     2229.0451   113     2317.8821     1153.1644 30111747   50.25%
 228569 23538     2258.5257   178     2317.8821     1153.1644 30115698   50.25%
 229006 24249     2042.1021   184     2317.8821     1153.1644 30271873   50.25%
 229475 24768    infeasible           2317.8821     1153.1644 30370202   50.25%
 229851 24814     1782.8407   249     2317.8821     1153.1644 30372984   50.25%
 230166 25014     1440.3458   800     2317.8821     1153.1644 30471061   50.25%
 230505 25849    infeasible           2317.8821     1153.1644 30626586   50.25%
*230609+25019                         2314.5807     1153.1644            50.18%
 230768 26091     1607.1503   565     2314.5807     1153.1644 30741782   50.18%
Elapsed time = 7821.62 sec. (1655453.37 ticks, tree = 6363.19 MB, solutions = 24)
Nodefile size = 4304.95 MB (2900.11 MB after compression)
*231049+25704                         2178.3144     1153.1644            47.06%
 231150 25994    infeasible           2178.3144     1153.1644 30661507   47.06%
 231474 26424     2192.7722   179     2178.3144     1153.1644 30782124   47.06%
 231718 26675     1566.9755   714     2178.3144     1157.0280 30887773   46.88%
 232014 26989     1809.8206   494     2178.3144     1157.0280 30984879   46.88%
 232244 25535     1841.2000   257     2178.3144     1158.6474 31052287   46.81%
 232501 25631     1264.7151  1087     2178.3144     1158.6474 31102280   46.81%
 232704 25891     1241.7867  1129     2178.3144     1158.6474 31195977   46.81%
 232944 26019     1353.7900   898     2178.3144     1158.6474 31255280   46.81%
*233004+26180                         1894.9684     1158.6474            38.86%
 233191 18967     1355.1826   855     1894.9684     1158.6474 31398493   38.86%
 233433 18881     1217.6124  1088     1894.9684     1158.6474 31362833   38.86%
Elapsed time = 8088.69 sec. (1693740.00 ticks, tree = 4402.44 MB, solutions = 29)
Nodefile size = 2342.28 MB (1619.47 MB after compression)
 233653 19061     1243.4316  1027     1894.9684     1159.4094 31428330   38.82%
 233851 19442     1323.9516   916     1894.9684     1159.4094 31576045   38.82%
 234066 19408     1807.1105   372     1894.9684     1159.9907 31569116   38.79%
 234296 19794     1399.4297   838     1894.9684     1159.9907 31693694   38.79%
*234491+19796                         1675.1825     1159.9907            30.75%
*234507+19796                         1673.9831     1159.9907            30.70%
*234523+19796                         1672.5373     1159.9907            30.64%
 234539 19979     1272.8374   893     1672.5373     1159.9907 31768383   30.64%
 234778 19944     1339.8480   878     1672.5373     1159.9907 31748429   30.64%
 234984 15831     1310.1556   815     1672.5373     1159.9907 31982841   30.64%
 235236 15754     1360.5212   865     1672.5373     1159.9907 31946401   30.64%
 235467 15579     1184.3911  1145     1672.5373     1159.9907 31883143   30.64%
 235644 16184     1229.8327  1048     1672.5373     1159.9907 32108639   30.64%
Elapsed time = 8358.27 sec. (1732042.99 ticks, tree = 3646.94 MB, solutions = 32)
Nodefile size = 1589.92 MB (1137.31 MB after compression)
 235834 16587     1345.7374   942     1672.5373     1159.9907 32279976   30.64%
 236028 16638     1417.7522   963     1672.5373     1159.9907 32289994   30.64%
 236229 16598     1354.8766   939     1672.5373     1162.4644 32284987   30.50%
 236398 16959     1211.7536  1116     1672.5373     1162.4644 32397597   30.50%
 236588 16951     1264.3791   969     1672.5373     1165.5049 32392658   30.32%
 236767 17377     1369.0630  1008     1672.5373     1165.5049 32595489   30.32%
 236963 17693     1595.3549   690     1672.5373     1165.5049 32720016   30.32%
 237168 17397     1340.9534   930     1672.5373     1166.5609 32588449   30.25%
*237247+17701                         1672.5086     1166.5609            30.25%
 237355 17639     1231.1218  1056     1672.5086     1166.5609 32702519   30.25%
 237560 17900     1331.6274   970     1672.5086     1166.5609 32820798   30.25%
Elapsed time = 8633.44 sec. (1770439.69 ticks, tree = 3877.67 MB, solutions = 33)
Nodefile size = 1818.94 MB (1301.10 MB after compression)
 237775 18257     1541.3138   826     1672.5086     1167.6594 32942699   30.19%
 238011 18465     1610.1245   630     1672.5086     1167.6594 33003724   30.19%
 238311 18570     1374.7648   895     1672.5086     1167.7484 33064179   30.18%
 238529 19154     1355.3813   925     1672.5086     1167.7484 33269037   30.18%
 238750 18991     1289.9316  1004     1672.5086     1167.7484 33233760   30.18%
 238955 19020     1331.4979   907     1672.5086     1167.7484 33240009   30.18%
 239297 18938     1345.6209   741     1672.5086     1167.7484 33211229   30.18%
 239570 19614     1228.8722  1088     1672.5086     1167.7484 33449218   30.18%
*239571+19548                         1665.2619     1167.7484            29.88%
 239809 19388     1350.4442   859     1665.2619     1167.9638 33335831   29.86%
 240050 19827     1221.3612  1100     1665.2619     1167.9638 33585902   29.86%
Elapsed time = 8904.96 sec. (1808708.55 ticks, tree = 4340.95 MB, solutions = 34)
Nodefile size = 2281.74 MB (1633.03 MB after compression)
 240285 20119     1447.2188   721     1665.2619     1167.9638 33663321   29.86%
 240532 20571     1469.2623   854     1665.2619     1167.9638 33814693   29.86%
 240773 20584     1588.4802   755     1665.2619     1168.4348 33817337   29.83%
 241135 20656     1578.8992   685     1665.2619     1168.4348 33817956   29.83%
*241209+20436                         1661.8465     1168.4752            29.69%
*241298+20622                         1616.3420     1168.4752            27.71%
*241318+20622                         1612.7168     1168.4752            27.55%
 241472 20491     1336.5817   767     1612.7168     1168.4752 33784637   27.55%
*241751+20699                         1595.5673     1168.4752            26.77%
*241794+20699                         1587.3160     1168.4752            26.39%
*241808+20699                         1586.9925     1168.4752            26.37%
*241818+20699                         1586.8035     1168.4752            26.36%
*241832+20699                         1586.1646     1168.4752            26.33%
 241840 20732     1232.8542  1009     1586.1646     1168.4752 33876860   26.33%
*241850+20699                         1585.9856     1168.4752            26.32%
 242148 19894     1252.0437  1045     1585.9856     1168.4752 34105128   26.32%
 242363 19506     1378.5691   790     1585.9856     1168.4752 34067767   26.32%
 242588 19444     1427.8755   921     1585.9856     1168.4752 34051460   26.32%
 242890 19825     1414.5165   704     1585.9856     1168.5907 34326067   26.32%
Elapsed time = 9177.98 sec. (1846990.75 ticks, tree = 4308.36 MB, solutions = 44)
Nodefile size = 2246.29 MB (1613.13 MB after compression)
 243142 19319     1289.4796   905     1585.9856     1168.5907 34161826   26.32%
 243412 20188     1251.1953   962     1585.9856     1168.5907 34457677   26.32%
 243617 20272     1315.3018   847     1585.9856     1168.5907 34469196   26.32%
*243806+19408                         1583.5926     1168.5907            26.21%
 243829 20557     1220.5447  1162     1583.5926     1168.5907 34557829   26.21%
*243832+19408                         1583.4641     1168.5907            26.20%
 244040 20389     1317.9000  1026     1583.4641     1168.5907 34521759   26.20%
 244300 20815     1245.1874  1093     1583.4641     1168.5907 34638773   26.20%
*244314+19339                         1581.4677     1168.5907            26.11%
 244495 20822     1346.0668   891     1581.4677     1168.5907 34627486   26.11%
 244752 21090     1427.4928   899     1581.4677     1168.5907 34758265   26.11%
 245036 21375    infeasible           1581.4677     1168.6925 34869522   26.10%
 245302 21710     1248.6905   898     1581.4677     1168.6925 35025350   26.10%
Elapsed time = 9453.59 sec. (1885324.27 ticks, tree = 4758.85 MB, solutions = 47)
Nodefile size = 2701.48 MB (1944.95 MB after compression)
 245496 21427     1257.7338  1026     1581.4677     1168.6925 34891422   26.10%
 245718 21354     1321.6243   996     1581.4677     1168.6925 34859851   26.10%
 245947 21740     1385.2991   773     1581.4677     1168.6925 35032779   26.10%
 246161 21904     1233.1359  1113     1581.4677     1168.6925 35074501   26.10%
 246355 22423     1370.4581   886     1581.4677     1169.1077 35224376   26.07%
 246636 22987     1412.7875   783     1581.4677     1169.1077 35411550   26.07%
 246894 22818     1266.8431  1026     1581.4677     1169.1077 35365283   26.07%
*247091+23045                         1580.3928     1169.1077            26.02%
 247146 22894     1263.5340   918     1580.3928     1169.1077 35387864   26.02%
*247165+23045                         1575.4490     1169.1077            25.79%
*247279+23045                         1574.4313     1169.1077            25.74%
 247412 23272     1283.8824   944     1574.4313     1169.1077 35513858   25.74%
 247742 23096        cutoff           1574.4313     1169.1077 35464180   25.74%
Elapsed time = 9723.48 sec. (1923590.00 ticks, tree = 5098.66 MB, solutions = 50)
Nodefile size = 3030.28 MB (2182.10 MB after compression)
 248065 23631     1217.5883  1068     1574.4313     1169.1077 35629263   25.74%
 248344 23605     1382.3882   797     1574.4313     1169.1077 35594918   25.74%
 248632 23445     1460.5800   655     1574.4313     1169.1077 35733128   25.74%
 248979 24203     1507.8288   722     1574.4313     1169.1077 35951489   25.74%
 249260 23841     1334.6874   981     1574.4313     1169.1077 35840124   25.74%
 249544 24950     1218.4133  1109     1574.4313     1169.1077 36175715   25.74%
 249831 24882     1533.5127   737     1574.4313     1169.1077 36135068   25.74%
 250080 25422     1312.6923   978     1574.4313     1169.1077 36297264   25.74%
 250382 24957     1280.5796   999     1574.4313     1169.1077 36172033   25.74%
 250628 25573     1438.5793   807     1574.4313     1169.1077 36333118   25.74%
Elapsed time = 10003.88 sec. (1961967.91 ticks, tree = 5699.14 MB, solutions = 51)
Nodefile size = 3626.30 MB (2614.52 MB after compression)
 250887 25623     1444.7321   744     1574.4313     1169.1077 36358273   25.74%
*250953+25623                         1574.2595     1169.1077            25.74%
 251149 25824     1362.7212   867     1574.2595     1169.1077 36418486   25.74%
 251417 26192     1310.1673  1008     1574.2595     1169.1077 36540524   25.74%
 251714 25193     1256.4823   984     1574.2595     1169.1077 36249184   25.74%
 251954 27035     1309.0526  1038     1574.2595     1169.1077 36759672   25.74%
*252137+26549                         1572.3309     1169.1077            25.64%
 252243 27325     1308.3382   882     1572.3309     1169.1077 36823721   25.64%
 252540 26758     1332.9818   887     1572.3309     1169.1077 36700863   25.64%
 252799 27420     1521.2358   682     1572.3309     1169.1077 36907984   25.64%
 253102 27436     1442.1472   742     1572.3309     1169.1077 36854624   25.64%
 253378 27778     1476.0241   599     1572.3309     1169.1077 37017318   25.64%
Elapsed time = 10273.62 sec. (2000300.14 ticks, tree = 6235.72 MB, solutions = 53)
Nodefile size = 4163.88 MB (3006.72 MB after compression)
 253707 27818     1502.9280   623     1572.3309     1169.1077 37019569   25.64%
*253951+27677                         1565.7474     1169.1077            25.33%
 253992 27724     1422.3809   869     1565.7474     1169.1077 37010977   25.33%
 254209 28070     1233.3012  1100     1565.7474     1169.1077 37085857   25.33%
 254440 28773     1203.7082  1126     1565.7474     1170.9336 37385198   25.22%
 254692 29177     1544.2316   769     1565.7474     1170.9336 37481052   25.22%
 254901 29196     1560.0174   666     1565.7474     1171.2781 37483670   25.19%
 255154 28919     1248.3537  1075     1565.7474     1171.2781 37413783   25.19%
 255406 29794     1373.4549   957     1565.7474     1171.5479 37673170   25.18%
 255683 30101     1507.7088   801     1565.7474     1171.5479 37776953   25.18%
 255974 30478     1463.7373   831     1565.7474     1171.5479 37902676   25.18%
Elapsed time = 10534.46 sec. (2038579.97 ticks, tree = 6821.98 MB, solutions = 54)
Nodefile size = 4760.53 MB (3432.19 MB after compression)
 256314 30512     1238.1901  1010     1565.7474     1171.5479 37928240   25.18%
 256706 30896     1322.4756   892     1565.7474     1171.5479 38067621   25.18%
 256945 31277     1402.8774   853     1565.7474     1171.5479 38164730   25.18%
*257162+30755                         1564.2832     1171.5479            25.11%
 257223 30652     1272.5098  1080     1564.2832     1171.6545 37975997   25.10%
 257510 31214     1494.3040   881     1564.2832     1171.6545 38157640   25.10%
 257902 32029     1374.2720   833     1564.2832     1171.6545 38373712   25.10%
*258220+32172                         1563.9740     1171.6545            25.08%
 258236 31525     1336.9023   872     1563.9740     1171.6545 38210275   25.08%
 258454 32058     1413.2162   745     1563.9740     1171.7656 38378554   25.08%
 258687 32783     1226.3536  1071     1563.9740     1171.7656 38597703   25.08%
 258936 31927     1331.0499  1020     1563.9740     1171.7656 38344014   25.08%
Elapsed time = 10808.30 sec. (2076796.17 ticks, tree = 6863.38 MB, solutions = 56)
Nodefile size = 4802.84 MB (3456.00 MB after compression)
 259181 33203     1503.4883   568     1563.9740     1171.7656 38670271   25.08%
 259403 33179     1490.3674   879     1563.9740     1171.7656 38664118   25.08%
 259627 33447     1377.1883   822     1563.9740     1171.7676 38752875   25.08%
 259834 32927     1290.5537  1054     1563.9740     1171.7676 38620699   25.08%
 259998 33868     1218.2529  1017     1563.9740     1171.8696 38884884   25.07%
*260042+32918                         1562.1297     1171.8696            24.98%
*260081+32918                         1560.9512     1171.8696            24.93%
*260090+32918                         1560.2797     1171.8696            24.89%
 260201 34040     1301.2431   822     1560.2797     1171.8696 38934168   24.89%
 260448 33704     1239.6106  1038     1560.2797     1171.8696 38841786   24.89%
 260704 34575     1314.6014   976     1560.2797     1172.0826 39178082   24.88%
 260945 34507     1525.8552   719     1560.2797     1172.0826 39132837   24.88%
 261154 34167     1341.7691   937     1560.2797     1172.0826 38997010   24.88%
Elapsed time = 11081.71 sec. (2115064.20 ticks, tree = 6939.80 MB, solutions = 60)
Nodefile size = 4866.78 MB (3492.16 MB after compression)
 261383 34615     1315.5885   951     1560.2797     1172.0826 39199143   24.88%
 261616 34466     1297.4569   972     1560.2797     1172.0826 39127458   24.88%
 261911 35444     1437.7728   839     1560.2797     1172.2424 39468364   24.87%
 262171 35728     1357.9681   932     1560.2797     1172.2424 39561935   24.87%
 262444 35702     1467.7057   750     1560.2797     1172.2424 39551404   24.87%
 262727 35953     1253.5473  1075     1560.2797     1172.2424 39630562   24.87%
 262967 35930     1372.8660   936     1560.2797     1172.2424 39620888   24.87%
 263225 36310     1467.6719   764     1560.2797     1172.2424 39716264   24.87%
 263479 36052     1295.6415   979     1560.2797     1172.2424 39651290   24.87%
 263759 37316     1484.1608   865     1560.2797     1172.2424 40034541   24.87%
Elapsed time = 11355.15 sec. (2153330.85 ticks, tree = 7633.81 MB, solutions = 60)
Nodefile size = 5573.43 MB (3990.08 MB after compression)
 263987 36975     1392.5388   760     1560.2797     1172.2424 39955407   24.87%
 264248 37801     1476.3021   720     1560.2797     1172.2424 40175607   24.87%
 264510 37226     1407.2192   889     1560.2797     1172.2424 40014930   24.87%
 264789 37196     1276.2064  1016     1560.2797     1172.2424 40001869   24.87%
 265034 37483     1413.7567   780     1560.2797     1172.2424 40085746   24.87%
 265279 38105     1233.9578  1040     1560.2797     1172.8249 40318956   24.83%
 265542 37837     1392.2626   755     1560.2797     1172.8249 40202589   24.83%
 265754 39262     1283.0466  1025     1560.2797     1173.0191 40684181   24.82%
 266028 38792     1459.3927   764     1560.2797     1173.0191 40531950   24.82%
 266228 39282     1303.0536  1018     1560.2797     1173.1931 40688821   24.81%
Elapsed time = 11625.95 sec. (2191683.24 ticks, tree = 8117.59 MB, solutions = 60)
Nodefile size = 6051.89 MB (4335.18 MB after compression)
*266340+38596                         1557.1442     1173.1931            24.66%
 266476 38834     1531.5808   710     1557.1442     1173.1931 40537074   24.66%
 266702 39565     1316.0573  1002     1557.1442     1173.1931 40772854   24.66%
 266917 39591     1300.2230  1000     1557.1442     1173.1931 40788425   24.66%
 267178 39407     1530.7281   766     1557.1442     1173.1931 40711974   24.66%
 267427 40389        cutoff           1557.1442     1173.2828 41100360   24.65%
 267637 39782     1482.1457   800     1557.1442     1173.2828 40879616   24.65%
 267860 40835     1340.0157   931     1557.1442     1173.2828 41227725   24.65%
 268137 40201     1231.5067  1046     1557.1442     1173.2828 41022049   24.65%
 268428 40689     1482.9527   683     1557.1442     1173.2828 41190942   24.65%
 268733 40944     1282.6430  1011     1557.1442     1173.2828 41262938   24.65%
Elapsed time = 11897.46 sec. (2230067.11 ticks, tree = 8511.72 MB, solutions = 61)
Nodefile size = 6450.55 MB (4622.58 MB after compression)
 269024 41849     1286.2159   885     1557.1442     1173.2828 41594977   24.65%
 269290 41657     1365.0631  1053     1557.1442     1173.2828 41540282   24.65%
 269521 41794     1469.5987   900     1557.1442     1173.2828 41586100   24.65%
 269730 41801     1474.1148   917     1557.1442     1173.3337 41588573   24.65%
 269947 42172     1206.7288  1140     1557.1442     1173.3337 41691474   24.65%
*270132+42093                         1551.5077     1173.3337            24.37%
 270166 42179     1213.6861  1057     1551.5077     1173.3337 41693801   24.37%
 270388 42884     1463.7416   531     1551.5077     1173.3337 41900795   24.37%
*270431+42093                         1537.4284     1173.3337            23.68%
*270463+42093                         1531.9225     1173.5588            23.39%
*270514+42093                         1531.7435     1173.5588            23.38%
 270600 42191     1231.1569  1056     1531.7435     1173.5588 41698643   23.38%
 270848 42619     1417.0836   786     1531.7435     1173.5588 41807253   23.38%
 271074 43159     1215.8913  1075     1531.7435     1173.5588 41981572   23.38%
Elapsed time = 12167.13 sec. (2268301.44 ticks, tree = 8799.07 MB, solutions = 65)
Nodefile size = 6732.78 MB (4819.94 MB after compression)
 271317 41942     1183.3211  1179     1531.7435     1173.5588 42143867   23.38%
 271556 43386     1315.4932   958     1531.7435     1173.5588 42046525   23.38%
 271765 42197     1429.3371   819     1531.7435     1173.6161 42206064   23.38%
 272004 42992     1407.6352   841     1531.7435     1173.6161 42457880   23.38%
 272239 41968     1217.9062  1060     1531.7435     1173.6412 42153273   23.38%
 272526 42622     1332.9705   997     1531.7435     1173.6412 42331134   23.38%
 272865 43294     1365.7008   891     1531.7435     1173.6412 42554485   23.38%
*273089+42484                         1530.5521     1173.6412            23.32%
 273217 43269     1350.0951   841     1530.5521     1173.6412 42543118   23.32%
 273512 43950     1472.2960   794     1530.5521     1173.6412 42729194   23.32%
 273813 43446     1241.4158  1120     1530.5521     1173.6412 42605824   23.32%
Elapsed time = 12429.40 sec. (2306536.20 ticks, tree = 8864.05 MB, solutions = 66)
Nodefile size = 6801.24 MB (4873.95 MB after compression)
 274132 44103     1365.3571   982     1530.5521     1173.6412 42794085   23.32%
 274466 44377     1524.5749   730     1530.5521     1173.6582 42862875   23.32%
 274715 43918     1256.1940   955     1530.5521     1173.6582 42725674   23.32%
 274974 44987     1459.9315   725     1530.5521     1173.6582 43038212   23.32%
 275232 45292     1252.3222  1057     1530.5521     1173.7287 43147464   23.31%
 275438 45303     1461.6479   838     1530.5521     1173.7287 43134650   23.31%
 275669 45548     1487.5304   772     1530.5521     1173.7287 43196358   23.31%
 275962 45594     1218.9629  1098     1530.5521     1173.7287 43211522   23.31%
*276133+45253                         1528.5553     1174.0244            23.19%
*276143+45253                         1526.9403     1174.0244            23.11%
*276153+45253                         1523.6454     1174.0244            22.95%
*276157+45253                         1522.9738     1174.0244            22.91%
 276198 45724     1331.9544   830     1522.9738     1174.0244 43228291   22.91%
 276396 46258     1420.8009   775     1522.9738     1174.0244 43582844   22.91%
Elapsed time = 12709.65 sec. (2344774.76 ticks, tree = 9558.97 MB, solutions = 71)
Nodefile size = 7495.10 MB (5381.50 MB after compression)
 276631 45709     1302.5336  1027     1522.9738     1174.0244 43247230   22.91%
 276896 46039     1292.0335   973     1522.9738     1174.0244 43358532   22.91%
 277172 46530     1309.0192   886     1522.9738     1174.0244 43687707   22.91%
*277249+46101                         1522.0206     1174.0762            22.86%
 277408 46586     1212.9076  1108     1522.0206     1174.0762 43706488   22.86%
*277485+47175                         1511.0208     1174.0762            22.30%
 277641 46591     1222.6911  1113     1511.0208     1174.0762 43708843   22.30%
 277892 47038     1409.0698   751     1511.0208     1174.0762 43854773   22.30%
 278127 46468     1254.4586  1040     1511.0208     1174.0762 43676728   22.30%
 278361 46510     1399.7765   703     1511.0208     1174.0762 44001149   22.30%
 278580 46888     1451.3867   644     1511.0208     1174.0762 44156260   22.30%
*278631+46965                         1510.3492     1174.0762            22.26%
 278849 46319     1393.4410   692     1510.3492     1174.0762 43942419   22.26%
Elapsed time = 12971.80 sec. (2383150.18 ticks, tree = 9566.43 MB, solutions = 82)
Nodefile size = 7503.48 MB (5390.73 MB after compression)
 279099 47120     1414.2834   715     1510.3492     1174.0762 44251397   22.26%
 279322 47852     1357.6067   867     1510.3492     1174.0762 44447884   22.26%
 279561 47869     1372.3988   865     1510.3492     1174.0762 44450068   22.26%
 279813 47137     1275.9276  1102     1510.3492     1174.0762 44275758   22.26%
 280076 47970     1283.2981  1116     1510.3492     1174.0762 44487090   22.26%
 280399 47104     1477.5194   667     1510.3492     1174.0762 44235555   22.26%
 280682 48510     1290.4808  1028     1510.3492     1174.0762 44694537   22.26%
 281018 48554     1438.3385   668     1510.3492     1174.0762 44683649   22.26%
 281315 48865     1315.3984   888     1510.3492     1174.0762 44779185   22.26%
*281424+48181                         1507.2294     1174.0762            22.10%
 281678 49179     1472.3791   667     1507.2294     1174.0762 44989905   22.10%
Elapsed time = 13241.40 sec. (2421463.23 ticks, tree = 9880.18 MB, solutions = 84)
Nodefile size = 7814.03 MB (5605.46 MB after compression)
*281734+49212                         1500.2925     1174.0762            21.74%
 281999 48745     1373.3811   914     1500.2925     1174.0762 44768420   21.74%
 282220 49161     1440.2185   703     1500.2925     1174.0762 44876907   21.74%
 282465 48775     1395.0538   851     1500.2925     1174.0762 44773392   21.74%
 282724 49274     1264.2297  1012     1500.2925     1174.0762 44912776   21.74%
 282931 49463     1372.4108   758     1500.2925     1174.0762 45271283   21.74%
*283041+48761                         1499.6045     1174.0762            21.71%
 283149 50152     1232.1059  1156     1499.6045     1174.0762 45476486   21.71%
*283174+48761                         1487.0142     1174.0762            21.04%
 283384 49415     1314.7910   975     1487.0142     1174.1519 45258191   21.04%
 283659 49819     1285.6501   999     1487.0142     1174.1519 45358933   21.04%
 283878 49442     1340.8610   911     1487.0142     1174.1519 45262334   21.04%
 284161 48801     1260.3543   994     1487.0142     1174.1519 45590007   21.04%
Elapsed time = 13518.34 sec. (2459726.16 ticks, tree = 9832.89 MB, solutions = 87)
Nodefile size = 7768.87 MB (5575.56 MB after compression)
*284332+49312                         1486.0077     1174.1519            20.99%
 284387 50273     1321.8897   965     1486.0077     1174.1519 45519827   20.99%
 284623 49340     1224.5093  1109     1486.0077     1174.1720 45805813   20.98%
 284909 49842     1283.8024   992     1486.0077     1174.1720 45957395   20.98%
 285225 49554     1359.8398   897     1486.0077     1174.1720 45859413   20.98%
 285525 49370     1256.8544  1060     1486.0077     1174.1720 45812774   20.98%
 285875 49738     1482.5611   571     1486.0077     1174.1720 45915720   20.98%
 286240 50188     1446.5728   781     1486.0077     1174.1720 46053559   20.98%
 286584 50239     1371.6994   832     1486.0077     1174.1720 46093298   20.98%
*286897+49257                         1485.5379     1174.1720            20.96%
 286904 50623     1439.5590   888     1485.5379     1174.1720 46180500   20.96%
*286907+49257                         1483.6525     1174.1720            20.86%
 287199 50704     1315.4588   861     1483.6525     1174.1720 46211817   20.86%
Elapsed time = 13782.27 sec. (2498004.48 ticks, tree = 10144.77 MB, solutions = 91)
Nodefile size = 8080.78 MB (5802.14 MB after compression)
 287469 50548     1206.7021  1106     1483.6525     1174.1720 46168114   20.86%
 287728 50655        cutoff           1483.6525     1174.1720 46188047   20.86%
 287980 52045     1228.1384  1147     1483.6525     1174.1720 46628130   20.86%
 288195 52212     1233.7269  1044     1483.6525     1174.1720 46685651   20.86%
 288413 52056     1248.7717  1062     1483.6525     1174.1720 46632949   20.86%
 288644 52499     1412.8957   806     1483.6525     1174.9803 46761487   20.80%
 288883 52710     1332.6948   886     1483.6525     1174.9803 46812044   20.80%
 289107 49021     1304.1451  1018     1483.6525     1175.4251 45670136   20.77%
 289322 53283     1311.5390   992     1483.6525     1175.4251 47007738   20.77%
 289550 52821     1191.5047  1156     1483.6525     1175.4251 46857061   20.77%
Elapsed time = 14057.95 sec. (2536322.82 ticks, tree = 10154.93 MB, solutions = 91)
Nodefile size = 8086.62 MB (5793.39 MB after compression)
 289778 53967     1307.0134   979     1483.6525     1175.4251 47214631   20.77%
 289976 54106     1311.4427   881     1483.6525     1175.4251 47251683   20.77%
 290189 53502     1482.2702   684     1483.6525     1175.6049 47070386   20.76%
 290399 54139     1286.0298   965     1483.6525     1175.6049 47274191   20.76%
 290723 54396     1227.9676  1069     1483.6525     1175.6998 47402557   20.76%
*290767+53901                         1483.3175     1175.6998            20.74%
 290942 54055     1432.5054   854     1483.3175     1175.6998 47244028   20.74%
 291204 54470     1251.4236   956     1483.3175     1175.6998 47445316   20.74%
 291464 54305     1324.0815   929     1483.3175     1175.6998 47335919   20.74%
 291712 54751     1450.1820   727     1483.3175     1175.6998 47527687   20.74%
 291938 54442     1343.4057   903     1483.3175     1175.6998 47414604   20.74%
Elapsed time = 14334.53 sec. (2574649.79 ticks, tree = 10410.98 MB, solutions = 92)
Nodefile size = 8348.10 MB (5976.36 MB after compression)
 292166 55626     1466.1368   714     1483.3175     1175.6998 47826564   20.74%
 292325 56135     1418.4959   892     1483.3175     1175.6998 47994514   20.74%
 292496 56228     1334.7037   747     1483.3175     1175.6998 48032526   20.74%
 292733 55325     1304.0249   966     1483.3175     1175.6998 47735608   20.74%
 292936 56080     1466.4144   934     1483.3175     1175.6998 47963882   20.74%
 293114 56296     1283.9171  1030     1483.3175     1175.6998 48056636   20.74%
 293350 57181     1334.4345   952     1483.3175     1175.6998 48388825   20.74%
 293554 56688     1262.3176  1047     1483.3175     1175.6998 48205641   20.74%
 293728 56343     1337.3833  1012     1483.3175     1175.6998 48100346   20.74%
 293921 56336     1314.2286   983     1483.3175     1175.8019 48065723   20.73%
Elapsed time = 14597.01 sec. (2612917.91 ticks, tree = 10577.91 MB, solutions = 92)
Nodefile size = 8495.22 MB (6076.09 MB after compression)
 294114 57735     1320.6713   971     1483.3175     1175.8019 48673510   20.73%
 294346 58048     1282.3972   971     1483.3175     1175.8019 48769578   20.73%
 294555 57388     1249.0746  1030     1483.3175     1175.8019 48557189   20.73%
 294821 57198     1378.6250  1009     1483.3175     1175.8019 48425540   20.73%
 295076 58018     1310.7023   891     1483.3175     1175.8019 48757243   20.73%
 295322 58001     1466.9234   834     1483.3175     1175.8712 48741242   20.73%
 295631 58039     1334.2562   860     1483.3175     1175.8712 48761681   20.73%
 295889 59102     1306.0848   913     1483.3175     1175.8712 49164759   20.73%
 296151 58526     1407.9588   561     1483.3175     1175.8712 48902185   20.73%
 296480 58575     1468.9409   337     1483.3175     1175.8712 48905209   20.73%
Elapsed time = 14878.80 sec. (2651192.70 ticks, tree = 10928.01 MB, solutions = 92)
Nodefile size = 8833.17 MB (6310.58 MB after compression)
 296762 58433     1204.3151  1128     1483.3175     1175.8712 48888255   20.73%
 296961 59339     1377.3500   941     1483.3175     1175.8712 49269229   20.73%
 297203 60339     1279.7718  1033     1483.3175     1175.8712 49592542   20.73%
 297463 59028     1305.5676  1014     1483.3175     1175.8712 49141935   20.73%
 297750 59510     1365.8584   865     1483.3175     1175.8712 49334861   20.73%
 298001 59873     1277.2323  1054     1483.3175     1175.8712 49435288   20.73%
 298212 59884     1287.3426   948     1483.3175     1176.0636 49437433   20.71%
 298443 60142     1435.3962   777     1483.3175     1176.0636 49503773   20.71%
 298647 60984     1267.3744  1025     1483.3175     1176.0636 49816366   20.71%
 298863 61341     1203.1232  1181     1483.3175     1176.0636 49899310   20.71%
Elapsed time = 15157.88 sec. (2689479.60 ticks, tree = 11604.31 MB, solutions = 92)
Nodefile size = 9538.19 MB (6821.02 MB after compression)
 299076 60716     1280.3272   978     1483.3175     1176.0636 49731830   20.71%
 299345 61907     1468.2068   813     1483.3175     1176.0636 50152168   20.71%
 299632 62726     1299.6720   931     1483.3175     1176.0636 50411508   20.71%
 299846 61755     1431.0954   906     1483.3175     1176.0636 50048007   20.71%
 300076 61459     1311.6437   950     1483.3175     1176.0636 49931108   20.71%
 300287 62276     1410.4881   943     1483.3175     1176.3305 50300270   20.70%
 300518 61954     1417.8759   782     1483.3175     1176.3305 50136726   20.70%
 300778 63346     1214.9902  1129     1483.3175     1176.3610 50629763   20.69%
 301054 63913     1289.6900   935     1483.3175     1176.3610 50852413   20.69%
 301323 62585     1252.2471  1069     1483.3175     1176.3610 50363825   20.69%
Elapsed time = 15439.10 sec. (2727811.51 ticks, tree = 11908.94 MB, solutions = 92)
Nodefile size = 9834.53 MB (7038.08 MB after compression)
 301572 63283     1370.0799   886     1483.3175     1176.3610 50596473   20.69%
 301786 64502     1252.8088  1024     1483.3175     1176.3610 51042253   20.69%
 302009 63308     1385.8780   813     1483.3175     1176.3610 50598407   20.69%
 302247 63388     1256.1982  1128     1483.3175     1176.3610 50643443   20.69%
 302463 63971     1184.7630  1151     1483.3175     1176.3610 50866582   20.69%
 302723 63770     1232.0755  1053     1483.3175     1176.3610 50833343   20.69%
 302974 64473        cutoff           1483.3175     1176.3610 51014663   20.69%
 303271 65444     1363.2055   950     1483.3175     1176.3610 51340171   20.69%
 303517 64800     1326.2498   966     1483.3175     1176.3610 51138505   20.69%
 303852 64761     1422.8770   679     1483.3175     1176.3610 51101566   20.69%
Elapsed time = 15718.31 sec. (2766130.38 ticks, tree = 12444.11 MB, solutions = 92)
Nodefile size = 10341.61 MB (7409.36 MB after compression)
 304126 66450     1401.9997   861     1483.3175     1176.3610 51666714   20.69%
 304363 66002     1221.8350  1119     1483.3175     1176.3610 51556383   20.69%
 304593 65877     1396.6586   901     1483.3175     1176.6623 51516816   20.67%
 304850 66778     1386.7498   816     1483.3175     1176.6623 51748419   20.67%
 305114 66853     1475.9547   832     1483.3175     1176.6623 51772005   20.67%
 305371 67482     1475.9094   793     1483.3175     1177.0310 51981198   20.65%
 305621 67523     1309.8776   988     1483.3175     1177.1584 52004331   20.64%
 305855 67654     1379.0936   806     1483.3175     1177.1584 52049591   20.64%
 306087 67205     1230.2779  1073     1483.3175     1177.1660 51903017   20.64%
 306350 66941     1263.6187  1044     1483.3175     1177.1725 51801798   20.64%
Elapsed time = 15994.42 sec. (2804470.03 ticks, tree = 12970.25 MB, solutions = 92)
Nodefile size = 10893.44 MB (7815.82 MB after compression)
 306614 67141     1296.2427   938     1483.3175     1177.1725 51887041   20.64%
 306894 68221     1398.7057   913     1483.3175     1177.1725 52251692   20.64%
 307202 68891     1285.7735  1095     1483.3175     1177.1725 52453422   20.64%
 307504 68270     1386.2321   897     1483.3175     1177.1725 52275132   20.64%
 307800 68571     1392.2169   737     1483.3175     1177.1735 52361259   20.64%
 308090 68197     1432.5361   838     1483.3175     1177.1735 52216776   20.64%
 308335 69305     1296.9170  1030     1483.3175     1177.1791 52607329   20.64%
 308572 70544     1442.9090   739     1483.3175     1177.1791 52926316   20.64%
 308833 68858     1399.7602   893     1483.3175     1177.1791 52444379   20.64%
 309071 69971     1285.3459   984     1483.3175     1177.1791 52781719   20.64%
Elapsed time = 16267.89 sec. (2842742.02 ticks, tree = 13716.53 MB, solutions = 92)
Nodefile size = 11642.73 MB (8357.14 MB after compression)
 309302 71326     1317.8358   995     1483.3175     1177.1791 53175250   20.64%
 309570 69997     1301.6262   972     1483.3175     1177.1791 52786341   20.64%
 309824 71097     1178.2358  1135     1483.3175     1177.1791 53103655   20.64%
 310042 70136     1254.9453  1011     1483.3175     1177.3670 52834718   20.63%
 310301 71227     1267.3349  1023     1483.3175     1177.3671 53150554   20.63%
 310541 70957     1285.8586   941     1483.3175     1177.3671 53068862   20.63%
 310799 70996     1253.4553  1079     1483.3175     1177.3671 53090512   20.63%
 311039 72285     1308.5016   965     1483.3175     1177.3671 53490650   20.63%
 311260 71574     1300.2352   986     1483.3175     1177.3671 53251905   20.63%
 311556 72455     1288.9558  1075     1483.3175     1177.4306 53538613   20.62%
Elapsed time = 16540.63 sec. (2881050.40 ticks, tree = 14315.23 MB, solutions = 92)
Nodefile size = 12240.38 MB (8793.66 MB after compression)
 311868 71748     1299.6052   926     1483.3175     1177.4306 53319058   20.62%
 312197 72248     1268.5082   990     1483.3175     1177.4944 53479007   20.62%
 312553 71890     1441.6641   792     1483.3175     1177.4944 53397631   20.62%
 312831 73985     1474.1004   788     1483.3175     1177.4944 53958464   20.62%
 313097 72915     1310.9735  1010     1483.3175     1177.4944 53672408   20.62%
 313392 74536     1312.1537   951     1483.3175     1177.6307 54136361   20.61%
 313681 72859     1316.3104   953     1483.3175     1177.6307 53655915   20.61%
 313930 74722     1308.9058   954     1483.3175     1177.6307 54184204   20.61%
 314174 74201     1442.4898   732     1483.3175     1177.6307 53990414   20.61%
 314445 74221        cutoff           1483.3175     1177.6307 53993066   20.61%
Elapsed time = 16825.84 sec. (2919351.90 ticks, tree = 14753.07 MB, solutions = 92)
Nodefile size = 12649.15 MB (9093.72 MB after compression)
 314647 75701     1463.4176   627     1483.3175     1177.6307 54422348   20.61%
 314874 75404     1429.5696   808     1483.3175     1177.6307 54338804   20.61%
 315076 76111     1254.9017  1085     1483.3175     1177.6307 54556705   20.61%
 315281 76064     1428.6168   792     1483.3175     1177.6307 54533915   20.61%
 315533 75330     1478.4231   618     1483.3175     1177.6307 54326345   20.61%
 315740 76323     1330.9548   991     1483.3175     1177.7152 54628373   20.60%
*315805+75892                         1483.2928     1177.7152            20.60%
 315998 76801     1336.1191   913     1483.2928     1177.7688 54789911   20.60%
 316234 77396     1385.6357   851     1483.2928     1177.7688 54983313   20.60%
 316466 76787     1222.0089  1116     1483.2928     1177.7688 54788371   20.60%
 316729 77221     1353.1677   975     1483.2928     1177.8380 54888053   20.59%
Elapsed time = 17079.99 sec. (2957698.28 ticks, tree = 15481.39 MB, solutions = 93)
Nodefile size = 13399.60 MB (9639.45 MB after compression)
 316968 76849     1437.9540   808     1483.2928     1177.8380 54799641   20.59%
 317187 78176     1363.6572   986     1483.2928     1177.8380 55212083   20.59%
 317408 77323     1437.2800   773     1483.2928     1177.8380 54916242   20.59%
 317626 77613     1370.8715   831     1483.2928     1177.8380 55043679   20.59%
 317819 78560     1482.1568   784     1483.2928     1177.8380 55331078   20.59%
 318020 78561     1184.8190  1128     1483.2928     1177.8380 55332722   20.59%
 318192 78403     1414.0150   883     1483.2928     1177.8380 55293931   20.59%
 318354 78415     1441.9847   836     1483.2928     1177.8897 55296268   20.59%
 318544 78635     1255.5467  1112     1483.2928     1177.8897 55365901   20.59%
 318725 79841     1438.9612   911     1483.2928     1177.8897 55746260   20.59%
Elapsed time = 17356.74 sec. (2996053.40 ticks, tree = 16127.76 MB, solutions = 93)
Nodefile size = 14057.32 MB (10126.09 MB after compression)
 318880 79697     1266.8192  1029     1483.2928     1177.8897 55676733   20.59%
 319106 79235     1459.0572   629     1483.2928     1177.8897 55511323   20.59%
 319319 78586     1286.3056   993     1483.2928     1177.8897 55349514   20.59%
 319500 80433     1309.6760   977     1483.2928     1177.8897 55999731   20.59%
 319707 79583     1213.0428  1130     1483.2928     1177.8897 55638174   20.59%
 319871 79855     1203.1831  1154     1483.2928     1177.8897 55760138   20.59%
 320086 81217     1324.2445   957     1483.2928     1177.9457 56276418   20.59%
*320230+80703                         1482.9836     1177.9457            20.57%
 320291 80059     1291.0417  1087     1482.9836     1177.9457 55867577   20.57%
 320507 80594     1302.1161  1071     1482.9836     1177.9457 56052091   20.57%
 320746 81877     1328.7594   971     1482.9836     1177.9457 56554671   20.57%
Elapsed time = 17614.62 sec. (3034373.32 ticks, tree = 16583.30 MB, solutions = 94)
Nodefile size = 14514.66 MB (10463.39 MB after compression)
 320983 81052     1251.8394  1043     1482.9836     1177.9457 56218649   20.57%
 321244 81747     1323.5398  1025     1482.9836     1177.9457 56513138   20.57%
 321483 82026     1363.9306   814     1482.9836     1177.9457 56633563   20.57%
 321732 81690     1458.1366   564     1482.9836     1177.9457 56472515   20.57%
 321978 82055     1331.6559   999     1482.9836     1177.9457 56688064   20.57%
 322219 82252     1350.6807   919     1482.9836     1177.9457 56723232   20.57%
 322486 81478     1254.5089  1109     1482.9836     1177.9457 56395817   20.57%
 322752 82075     1443.6350   770     1482.9836     1177.9457 56646676   20.57%
 323014 83037        cutoff           1482.9836     1177.9457 57012010   20.57%
 323280 84025     1479.5516   657     1482.9836     1177.9457 57304112   20.57%
Elapsed time = 17879.34 sec. (3072637.86 ticks, tree = 16669.19 MB, solutions = 94)
Nodefile size = 14594.60 MB (10512.27 MB after compression)
 323546 82605     1257.1998  1033     1482.9836     1177.9457 56853060   20.57%
 323806 82589     1276.8069  1076     1482.9836     1177.9457 56879210   20.57%
 324051 83145     1280.5169  1017     1482.9836     1178.1772 57044056   20.55%
 324294 84251     1240.8661  1079     1482.9836     1178.1772 57410343   20.55%
 324474 84271     1223.4608  1173     1482.9836     1178.1772 57437725   20.55%
 324679 83176     1304.8043   926     1482.9836     1178.1772 57050701   20.55%
 324848 83303     1287.2839  1033     1482.9836     1178.1772 57129094   20.55%
 325025 84977     1392.4648   788     1482.9836     1178.1772 57608506   20.55%
 325215 84060     1290.1420  1030     1482.9836     1178.1772 57325323   20.55%
 325387 85927     1190.7726  1171     1482.9836     1178.1772 57951473   20.55%
Elapsed time = 18163.29 sec. (3110936.18 ticks, tree = 17107.94 MB, solutions = 94)
Nodefile size = 15038.38 MB (10836.55 MB after compression)
 325595 85346     1456.4730   782     1482.9836     1178.2861 57761711   20.55%
 325841 84847     1288.9987  1042     1482.9836     1178.3034 57571984   20.55%
 326115 86285     1403.2281   890     1482.9836     1178.3190 58070411   20.54%
 326393 86827     1252.0626  1064     1482.9836     1178.3190 58294613   20.54%
 326663 87039     1324.4337   999     1482.9836     1178.3711 58345797   20.54%
 326928 86688     1423.5092   908     1482.9836     1178.3711 58200004   20.54%
 327196 86704     1439.4743   876     1482.9836     1178.4752 58202479   20.53%
Starting limited solution polishing.
 327483 86712     1465.1570   795     1482.9836     1178.4752 58205098   20.53%
 327731 86764     1393.2641   837     1482.9836     1178.4752 58232533   20.53%
 327978 87347     1400.1012  1015     1482.9836     1178.4752 58528539   20.53%
Elapsed time = 18440.59 sec. (3149137.69 ticks, tree = 17453.14 MB, solutions = 94)
Nodefile size = 15383.57 MB (11090.19 MB after compression)
 328195 87906     1250.7422  1052     1482.9836     1178.4752 58687362   20.53%
 328407 87797     1210.3359  1133     1482.9836     1178.4752 58650297   20.53%
 328625 87616     1471.8154   791     1482.9836     1178.4752 58608374   20.53%
 328871 87330     1455.4627   919     1482.9836     1178.4752 58483656   20.53%
 329081 87344     1464.4506   866     1482.9836     1178.4752 58486221   20.53%
 329320 89552     1448.0223   872     1482.9836     1178.5514 59154199   20.53%
 329543 87687     1393.4855   884     1482.9836     1178.5514 58632936   20.53%
 329719 89561     1192.8711  1186     1482.9836     1178.5514 59158940   20.53%
 329949 88971     1306.6143   973     1482.9836     1178.5514 58995834   20.53%
 330142 90274     1287.8437  1008     1482.9836     1178.5514 59425190   20.53%
Elapsed time = 18697.00 sec. (3187542.39 ticks, tree = 18171.36 MB, solutions = 94)
Nodefile size = 16102.77 MB (11613.26 MB after compression)
 330381 90450     1365.5090   889     1482.9836     1178.5514 59473427   20.53%
 330630 90506     1233.0963  1075     1482.9836     1178.5514 59499049   20.53%
 330828 89103     1292.0972  1023     1482.9836     1178.5514 59032233   20.53%
 331058 91266     1220.5578  1095     1482.9836     1178.5514 59759219   20.53%
 331251 90599     1224.8709  1096     1482.9836     1178.5514 59529322   20.53%
 331490 91118     1349.3438   967     1482.9836     1178.5514 59690267   20.53%
 331673 91216        cutoff           1482.9836     1178.5514 59743375   20.53%
 331832 91237     1447.1235   842     1482.9836     1178.5514 59718445   20.53%
 332083 90626     1254.7878  1042     1482.9836     1178.5514 59538316   20.53%
 332276 91795     1318.3073   931     1482.9836     1178.5514 59951651   20.53%
Elapsed time = 18958.29 sec. (3225883.80 ticks, tree = 18535.73 MB, solutions = 94)
Nodefile size = 16462.92 MB (11876.60 MB after compression)
 332421 90645     1268.1336  1029     1482.9836     1178.5514 59542621   20.53%
 332548 92105     1293.1721   927     1482.9836     1178.5844 60048744   20.53%
 332718 92113     1338.7718   907     1482.9836     1178.5844 60051139   20.53%
 332877 92312     1230.6371  1120     1482.9836     1178.5844 60110584   20.53%
 333038 92142     1362.4373   853     1482.9836     1178.5844 60055783   20.53%
 333181 92057     1229.7642  1109     1482.9836     1178.5844 60026941   20.53%
 333356 92339     1249.6469  1104     1482.9836     1178.5844 60117265   20.53%
 333513 93159     1332.5889   957     1482.9836     1178.5844 60347992   20.53%
 333685 91853     1394.0227   808     1482.9836     1178.5844 59961998   20.53%
 333884 92222     1202.4173  1137     1482.9836     1178.5844 60081227   20.53%
Elapsed time = 19196.71 sec. (3264270.31 ticks, tree = 18639.91 MB, solutions = 94)
Nodefile size = 16546.98 MB (11939.42 MB after compression)
 334077 93773     1209.7364  1167     1482.9836     1178.6964 60531126   20.52%
 334258 93121     1330.3484   992     1482.9836     1178.6964 60348897   20.52%
 334462 93209     1471.0568   809     1482.9836     1178.6964 60360754   20.52%
 334653 92879     1209.3545  1147     1482.9836     1178.6964 60286643   20.52%
 334886 94044     1392.7772   904     1482.9836     1178.6964 60617119   20.52%
 335100 93803     1245.0544  1109     1482.9836     1178.6964 60542551   20.52%
 335267 93309     1431.3723   818     1482.9836     1178.6964 60390394   20.52%
 335481 94379     1392.3933   941     1482.9836     1178.6964 60720234   20.52%
 335735 94448     1356.8007   855     1482.9836     1178.8296 60743562   20.51%
 335988 94677     1466.5074   810     1482.9836     1178.8296 60802396   20.51%
Elapsed time = 19453.44 sec. (3302582.13 ticks, tree = 19249.80 MB, solutions = 94)
Nodefile size = 17164.97 MB (12387.28 MB after compression)
 336222 95035     1455.7533   597     1482.9836     1178.9132 60892195   20.50%
 336471 95836     1459.0194   653     1482.9836     1178.9132 61142452   20.50%
 336688 95193     1435.0301   889     1482.9836     1178.9132 60941379   20.50%
 336905 94584     1336.9484   968     1482.9836     1178.9132 60775638   20.50%
 337145 95049     1228.0707  1104     1482.9836     1178.9132 60902267   20.50%
 337334 94947     1431.3519   644     1482.9836     1178.9132 60879183   20.50%
 337541 94881     1466.1657   717     1482.9836     1178.9696 60859209   20.50%
 337712 96618     1273.7150  1025     1482.9836     1178.9696 61371314   20.50%
 337925 96187     1343.8128   984     1482.9836     1178.9947 61247315   20.50%
 338152 95446     1394.1072   860     1482.9836     1178.9947 61020940   20.50%
Elapsed time = 19704.53 sec. (3340881.24 ticks, tree = 19438.24 MB, solutions = 94)
Nodefile size = 17345.13 MB (12519.37 MB after compression)
 338364 96648     1299.0812   984     1482.9836     1178.9947 61378250   20.50%
 338578 95477     1420.2000   842     1482.9836     1178.9947 61025297   20.50%
 338758 96358     1317.9893   945     1482.9836     1178.9947 61290942   20.50%
 338922 96578     1315.1568   924     1482.9836     1178.9947 61348685   20.50%
 339110 96412     1218.4551  1072     1482.9836     1178.9987 61311796   20.50%
 339284 97203     1355.4051   911     1482.9836     1178.9987 61525443   20.50%
 339517 97621        cutoff           1482.9836     1178.9987 61633247   20.50%
 339770 97796     1233.0199  1117     1482.9836     1178.9987 61678322   20.50%
 339996 96937     1276.0378  1038     1482.9836     1178.9987 61469109   20.50%
 340251 98020     1299.1167  1028     1482.9836     1178.9987 61749470   20.50%
Elapsed time = 19966.67 sec. (3379190.35 ticks, tree = 20069.49 MB, solutions = 94)
Nodefile size = 17987.44 MB (12989.02 MB after compression)
 340507 97258        cutoff           1482.9836     1178.9987 61534790   20.50%
 340732 98532     1470.1413   584     1482.9836     1178.9987 61885431   20.50%
 340893 98592     1240.2090  1064     1482.9836     1178.9987 61904349   20.50%
 341051 97914     1216.0645  1120     1482.9836     1178.9987 61728057   20.50%
 341193 98079     1378.5718   889     1482.9836     1178.9987 61760996   20.50%
 341334 99603     1346.3127   742     1482.9836     1178.9987 62153609   20.50%
 341514 99224     1394.1937   869     1482.9836     1178.9987 62046382   20.50%
 341724 98999     1286.9762   938     1482.9836     1178.9987 61994925   20.50%
 341973 100494     1450.7670   795     1482.9836     1179.0379 62471556   20.50%
 342170 100475     1430.9190   829     1482.9836     1179.0379 62411746   20.50%
Elapsed time = 20197.15 sec. (3417529.08 ticks, tree = 20669.37 MB, solutions = 94)
Nodefile size = 18580.92 MB (13423.94 MB after compression)
 342375 100482     1306.4685   859     1482.9836     1179.1239 62446182   20.49%
 342578 100797     1311.2311   865     1482.9836     1179.1239 62600657   20.49%
 342722 100462     1386.7220   933     1482.9836     1179.1239 62449836   20.49%
 342934 100543     1228.6987  1096     1482.9836     1179.1239 62508327   20.49%
 343109 101899     1274.5101   975     1482.9836     1179.2945 62934887   20.48%
 343246 101976     1284.2293   991     1482.9836     1179.2945 62961472   20.48%
 343406 100504     1453.5862   806     1482.9836     1179.2945 62459370   20.48%
 343586 100277     1265.9178  1038     1482.9836     1179.2945 62392729   20.48%
 343695 101873     1278.9845   974     1482.9836     1179.2945 62920173   20.48%
 343777 100855     1315.5840   988     1482.9836     1179.2945 62627222   20.48%
Elapsed time = 20440.99 sec. (3456092.89 ticks, tree = 20756.61 MB, solutions = 94)
Nodefile size = 18680.68 MB (13496.61 MB after compression)
 343813 101087     1377.6591   919     1482.9836     1179.2945 62698079   20.48%
 343816 100197     1336.8150   937     1482.9836     1179.2945 62352580   20.48%

GUB cover cuts applied:  16
Clique cuts applied:  23
Cover cuts applied:  18
Implied bound cuts applied:  297
Flow cuts applied:  948
Mixed integer rounding cuts applied:  790
Zero-half cuts applied:  17
Lift and project cuts applied:  69
Gomory fractional cuts applied:  14

Root node processing (before b&c):
  Real time             =   45.22 sec. (19573.02 ticks)
Parallel b&c, 32 threads:
  Real time             = 20395.95 sec. (3463676.97 ticks)
  Sync time (average)   = 6354.74 sec.
  Wait time (average)   =    0.98 sec.
                          ------------
Total (root+branch&cut) = 20441.16 sec. (3483249.99 ticks)
Number of arguments: 7

File path: ../Data/Demo/100/C101.txt
Capacity of FEV: 600
Capacity of SEV: 50
Execution time limit: 340
Case: r

PI array:[1, 1, 1, 1, 1, 0, 1, 0, 1, 0, 0, 1, 0, 0, 0, 0, 0, 0, 0, 0, 1, 0, 0, 1]
Number of customers: 100
./Result/C101/C101-Q50-r
Feasible solution found within the time limit!
Total execution time: 20448.803285757 seconds
Total distance traveled: 1482.9836141164803
File name: C101-Q50-r
Number of customers: 100
Capacity of FEV: 10000
Capacity of Microhub: 600
Capacity of SEV: 50
Number of parkings: 24
Number of microhubs: 10
Number of robots/MM: 10
Parking generation rule: r
==========================================================================
