Version identifier: 22.1.1.0 | 2022-11-28 | 9160aff4d
CPXPARAM_TimeLimit                               20400
Tried aggregator 1 time.
MIP Presolve eliminated 2305 rows and 2002 columns.
MIP Presolve modified 12628 coefficients.
Reduced MIP has 28568 rows, 30750 columns, and 131850 nonzeros.
Reduced MIP has 15700 binaries, 15050 generals, 0 SOSs, and 0 indicators.
Presolve time = 0.14 sec. (87.05 ticks)
Probing time = 7.24 sec. (47.24 ticks)
Cover probing fixed 0 vars, tightened 11 bounds.
Tried aggregator 1 time.
Detecting symmetries...
MIP Presolve eliminated 496 rows and 496 columns.
MIP Presolve modified 2 coefficients.
Reduced MIP has 28072 rows, 30254 columns, and 130164 nonzeros.
Reduced MIP has 15698 binaries, 14556 generals, 0 SOSs, and 0 indicators.
Presolve time = 0.25 sec. (114.35 ticks)
Probing time = 7.86 sec. (19.61 ticks)
Cover probing fixed 0 vars, tightened 12 bounds.
Clique table members: 34772.
MIP emphasis: balance optimality and feasibility.
MIP search method: dynamic search.
Parallel mode: deterministic, using up to 32 threads.
Root relaxation solution time = 5.23 sec. (642.34 ticks)

        Nodes                                         Cuts/
   Node  Left     Objective  IInf  Best Integer    Best Bound    ItCnt     Gap

      0     0      984.4156   415                    984.4156       20         
      0     0     1024.3673   626                   Cuts: 364     1826         
      0     0     1038.1390   662                   Cuts: 263     2781         
      0     0     1044.8760   723                   Cuts: 174     3556         
      0     0     1050.1049   727                   Cuts: 167     4082         
      0     0     1052.3835   745                   Cuts: 105     4648         
Detecting symmetries...
      0     0     1054.8988   718                   Cuts: 106     5096         
      0     0     1056.9565   711                    Cuts: 75     5548         
      0     0     1058.7798   719                    Cuts: 69     5997         
      0     0     1059.9379   665                    Cuts: 46     6161         
      0     0     1060.1821   695                    Cuts: 27     6248         
      0     0     1060.3669   690                    Cuts: 27     6360         
      0     0     1060.8689   673                    Cuts: 29     6448         
      0     0     1061.1115   684                    Cuts: 29     6524         
      0     0     1061.3820   704                    Cuts: 15     6638         
      0     0     1061.4999   698                    Cuts: 22     6692         
      0     0     1061.7741   704                    Cuts: 14     6784         
      0     0     1061.8675   708                    Cuts: 18     6813         
Detecting symmetries...
      0     2     1061.8675   708                   1061.8675     6813         
Elapsed time = 56.19 sec. (23704.55 ticks, tree = 0.02 MB, solutions = 0)
      2     3     1063.5115   724                   1061.8675     7204         
      5     6     1062.4704   709                   1061.8675     7607         
     11    10     1062.6506   654                   1061.8675     8117         
     24    17     1063.1205   654                   1062.2424     9696         
     38    24     1065.8330   684                   1062.2424    11840         
     52    41     1063.8865   694                   1062.2424    15320         
     72    55    infeasible                         1062.4923    18372         
     95    57     1065.2153   672                   1062.6280    18696         
    108    63     1070.2345   728                   1062.6280    20881         
    156   108     1070.6631   721                   1062.6280    37047         
Elapsed time = 74.63 sec. (27265.01 ticks, tree = 5.34 MB, solutions = 0)
    186    20     1143.8454   631                   1062.6280    14262         
    226   177     1143.0061   689                   1063.4020   108027         
    260   161     1133.9006   682                   1063.4020    82576         
    314   234     1077.6619   693                   1063.4020   182119         
    347   276     1165.6014   654                   1063.4020   207057         
    419   316     1207.9445   670                   1063.4020   238172         
    483   344     1171.8011   683                   1063.4020   251851         
    533   426     1159.2120   648                   1063.4020   282357         
    594   419     1077.2082   660                   1063.4020   276331         
    660   478     1233.5488   597                   1063.4020   310388         
Elapsed time = 117.28 sec. (36989.33 ticks, tree = 19.90 MB, solutions = 0)
    733   406     1305.7827   588                   1063.4020   273550         
    820   656     1356.8565   597                   1063.4020   390501         
    896   693     1288.6798   581                   1063.4020   399385         
   1059   689     1209.1608   582                   1063.4020   403855         
   1177   773     1285.7332   596                   1063.4020   426495         
   1297   739     1218.1371   648                   1063.4020   416177         
   1402  1047     1505.7751   516                   1063.4020   490662         
   1518  1174     1369.5076   625                   1063.4020   527900         
   1674  1300     1233.6758   539                   1063.4020   556886         
   1821  1224     1336.9448   574                   1063.4020   539399         
Elapsed time = 160.26 sec. (46614.93 ticks, tree = 95.72 MB, solutions = 0)
   2005  1462     1377.0019   420                   1063.4020   600445         
   2190  1555     1405.5548   509                   1063.4020   625115         
   2328  1625     1392.6006   515                   1063.4020   646094         
   2455  1805     1409.6151   512                   1063.4020   673658         
   2542  1739     1752.0036   370                   1063.4020   661123         
   2749  2293     1318.3678   441                   1063.4020   771064         
   3131  2432     1440.3305   504                   1063.4020   792922         
   3569  2366     1726.8750   417                   1063.4020   783406         
   4050  2568     1835.7278   315                   1063.4020   811532         
   4568  3119     1863.3562   325                   1063.4020   871972         
Elapsed time = 211.38 sec. (56246.64 ticks, tree = 515.72 MB, solutions = 0)
   5096  3452    infeasible                         1063.4020   902681         
   5726  3652     1663.9037   339                   1063.4020   919637         
   6270  4834     1689.9100   350                   1063.4020  1036834         
   6875  4753     1983.0824   272                   1063.4020  1024576         
   7552  4678     1673.7836   369                   1063.4020  1019592         
   8209  6074     1812.8698   234                   1063.4020  1150349         
   8902  6004     1768.8793   239                   1063.4020  1140204         
   9626  7289     1955.4824   216                   1063.4020  1249065         
  10354  7303     2048.8371   207                   1063.4020  1250567         
  11044  7692    infeasible                         1063.4020  1281586         
Elapsed time = 254.25 sec. (65797.28 ticks, tree = 1656.68 MB, solutions = 0)
  11714  8823     1892.5183   274                   1063.4020  1371098         
  12380  8715     1954.4482   171                   1063.4020  1360387         
  13041  9203     1616.0605   460                   1063.5864  1406463         
  13677 10353     2062.9525   197                   1063.5864  1507430         
  14240 10552     2203.1216    52                   1063.5864  1519294         
  14836 10636     2095.9743    51                   1063.5864  1526638         
  15410 11508     2203.1088    53                   1063.5864  1604888         
  16029 11787    infeasible                         1063.5864  1615615         
  16493 12237    infeasible                         1063.7432  1681135         
  16993 13064     1750.2903   215                   1063.7432  1746537         
Elapsed time = 303.87 sec. (75344.37 ticks, tree = 3007.87 MB, solutions = 0)
Nodefile size = 950.87 MB (651.27 MB after compression)
  17438 13575     1082.1965   600                   1063.7432  1788420         
  17893 13618     1083.4837   548                   1063.7432  1801234         
  18364 14271     2140.9400    55                   1063.7432  1852819         
  18842 14625     2053.3405    91                   1063.7432  1902103         
  19299 14778     1375.6380   602                   1063.7432  1911374         
  19763 15401     2104.7134    75                   1063.7432  1963967         
  20166 15359     1178.9363   617                   1063.7432  1962050         
  20637 16049     2132.7985    75                   1063.7432  2032334         
  21029 16422     1113.6107   559                   1063.7432  2063661         
  21453 16662     2153.0257    88                   1063.7432  2087882         
Elapsed time = 349.43 sec. (84902.05 ticks, tree = 3910.91 MB, solutions = 0)
Nodefile size = 1853.70 MB (1267.34 MB after compression)
  21828 16934     1069.5959   698                   1063.7432  2128473         
  22213 17428     1114.8644   554                   1064.1864  2176326         
  22563 17551     2242.9758    61                   1064.8913  2181242         
  22908 17822     2577.1934   115                   1064.8913  2217824         
  23260 17713     2632.2565   122                   1064.8913  2201347         
  23650 18450     1640.7512   377                   1064.8913  2300450         
  23996 18472     1208.6177   473                   1064.8913  2304263         
  24306 18890     1713.9649   402                   1064.8913  2363324         
  24609 18805     1838.4363   443                   1064.8913  2352431         
  24949 19221     2036.4200   135                   1064.8913  2402360         
Elapsed time = 397.32 sec. (94473.07 ticks, tree = 4531.45 MB, solutions = 0)
Nodefile size = 2464.62 MB (1684.39 MB after compression)
  25301 19366     1889.0972   300                   1064.8913  2422533         
  25589 19439     1780.5996   151                   1065.4155  2429154         
  25873 20283    infeasible                         1065.4155  2526075         
  26224 20195     2011.2873   229                   1065.4155  2516611         
  26662 20947     1957.7772   282                   1065.4155  2620669         
  27066 20965     1337.7990   565                   1065.4155  2623834         
  27433 21287     1474.6626   525                   1065.4155  2658763         
  27785 21203     1521.9843   412                   1065.4155  2645610         
  28172 21805    infeasible                         1065.4155  2730085         
  28443 22015     1355.2763   460                   1065.4155  2747157         
Elapsed time = 442.11 sec. (104024.95 ticks, tree = 5220.22 MB, solutions = 0)
Nodefile size = 3159.83 MB (2163.94 MB after compression)
  28568 22219     2000.2255    78                   1065.4155  2774563         
  28660 22839     2010.4337    69                   1065.4155  2867481         
  28928 22848     1157.6682   638                   1065.4155  2870759         
  29221 22946     2133.7047    92                   1065.4155  2876527         
  29606 22910     1696.4610   528                   1065.4155  2879593         
  29954 23067     1612.8011   598                   1065.4155  2913447         
  30335 23800     1788.0083   376                   1065.4155  3004317         
  30755 23725     1612.6489   273                   1065.4155  2985452         
  31233 23998     1784.1247   305                   1065.4155  3025427         
  33093 25664     1103.7779   674                   1065.4155  3198620         
Elapsed time = 505.57 sec. (116505.75 ticks, tree = 6127.46 MB, solutions = 0)
Nodefile size = 4070.11 MB (2793.37 MB after compression)
  35234 26804     2091.6320    89                   1065.4155  3324121         
  37339 28725     2145.0608   302                   1066.6659  3502781         
  38937 30310     1586.6957   369                   1067.1035  3635308         
  40375 31542     1179.1486   693                   1067.1035  3766544         
  42007 32404     1184.7893   738                   1067.3147  3836324         
  43714 34388     1230.3058   600                   1067.3147  4027734         
  44809 35272     1260.6395   625                   1067.4526  4096774         
  46168 36560     1891.8915   112                   1067.4526  4207522         
  47571 37476     1908.6212    76                   1068.4192  4303617         
  48860 39474     1167.6453   648                   1068.4192  4523638         
Elapsed time = 697.11 sec. (154672.31 ticks, tree = 9549.53 MB, solutions = 0)
Nodefile size = 7490.33 MB (5182.84 MB after compression)
  50099 39904     1118.8939   617                   1068.4192  4581820         
  51232 40897     1473.2482   531                   1068.4192  4699437         
  52481 42523     1843.7499   336                   1069.7557  4889070         
  53980 43236     1498.6827   506                   1069.7557  4967395         
  55280 44461     1292.1325   635                   1069.7667  5104937         
  56727 45869     1548.1392   560                   1069.7667  5270926         
  58555 46902     1202.2165   560                   1070.0361  5372583         
  60134 47576     1251.9552   494                   1070.0361  5421620         
  61427 49317     1355.0908   531                   1070.2361  5554482         
  62660 50736     1205.9822   622                   1070.4367  5689797         
Elapsed time = 876.99 sec. (192834.29 ticks, tree = 12276.07 MB, solutions = 0)
Nodefile size = 10196.31 MB (7137.50 MB after compression)
  63568 52289     1137.1900   699                   1070.4923  5883425         
  64492 52799     1154.6098   653                   1070.5150  5975324         
  65157 53730     2041.6733   182                   1070.5409  6088079         
  66394 54555     1208.9854   627                   1070.6184  6180767         
  67991 54792    infeasible                         1070.6184  6203910         
  69406 55966     1088.2126   684                   1070.7633  6335336         
  70661 58243     1585.7021   521                   1070.7774  6565064         
  71951 58670     1297.2410   622                   1070.7774  6607723         
  73471 60503     1623.7929   146                   1070.7774  6810583         
  75042 61976     2137.5745    68                   1070.7774  6969205         
Elapsed time = 1066.19 sec. (231033.99 ticks, tree = 14849.81 MB, solutions = 0)
Nodefile size = 12783.98 MB (8988.28 MB after compression)
  76684 62300     1277.3291   630                   1070.7774  6988943         
  77964 63290     1357.3782   414                   1070.7774  7090643         
  79230 65810     1519.5521   431                   1071.0178  7363590         
  80392 66861     1094.1583   663                   1071.1632  7503568         
  81761 66829     1325.6380   543                   1071.2391  7489040         
  83236 69032     1418.5435   505                   1071.2391  7771697         
  85294 69078     1081.0877   665                   1071.2391  7770984         
  87209 70286     1264.8542   474                   1071.2391  7889915         
  88867 71815     1174.0809   632                   1071.2789  8040321         
  90188 74870     1125.6487   687                   1071.5919  8344546         
Elapsed time = 1253.01 sec. (269212.53 ticks, tree = 18025.14 MB, solutions = 0)
Nodefile size = 15959.43 MB (11258.55 MB after compression)
  91595 76064     1474.4031   446                   1071.6042  8456868         
  93065 75918     1256.8387   660                   1071.6257  8448975         
  94872 78023     1104.4009   729                   1071.6661  8668947         
  96327 79371     1577.6654   432                   1071.6661  8781080         
  97544 80441     1244.2869   647                   1071.6940  8883042         
  98659 81756     1278.2429   642                   1071.7500  9040295         
  99999 83029     1331.9365   498                   1071.7500  9181810         
 101026 84041     1366.3888   561                   1071.7500  9297785         
 101906 84151     1339.3393   500                   1071.7500  9322211         
 103410 86564     1251.8989   601                   1071.7846  9566791         
Elapsed time = 1443.49 sec. (307389.59 ticks, tree = 20871.73 MB, solutions = 0)
Nodefile size = 18799.17 MB (13317.59 MB after compression)
 104949 86388     1387.5751   558                   1071.7846  9558726         
 106345 88725     1567.8930   522                   1071.8333  9781124         
 107851 90097     1178.9043   638                   1072.0337  9949727         
 109262 90541     1613.0019   416                   1072.0337  9990120         
 110661 92475     2361.4982   204                   1072.0337 10185299         
 111923 93917     1626.0977   299                   1072.0337 10342075         
 113170 93483     1324.4477   550                   1072.0337 10272433         
 114697 94464     2140.0270   109                   1072.0360 10397473         
 116103 97104     1257.5703   562                   1072.1998 10676629         
 117355 98749     1909.7575   530                   1072.3316 10847181         
Elapsed time = 1628.16 sec. (345549.33 ticks, tree = 23872.49 MB, solutions = 0)
Nodefile size = 21799.42 MB (15482.28 MB after compression)
 118735 97814     1634.4025   355                   1072.3316 10771034         
 120080 100263     1214.1136   571                   1072.3316 11047816         
 121614 101521     1457.2920   440                   1072.3316 11173027         
 123311 101625     1776.4524   216                   1072.3316 11178540         
 124558 103433     1239.0685   601                   1072.5532 11362602         
 125653 105233     1881.7581   226                   1072.5532 11537194         
 126959 107321     1081.3325   662                   1072.6135 11774263         
 128253 107122    infeasible                         1072.6135 11753108         
 129699 107711     1547.5083   259                   1072.6135 11818633         
 131181 110592     1174.0579   679                   1072.6135 12135607         
Elapsed time = 1814.60 sec. (383736.08 ticks, tree = 26761.38 MB, solutions = 0)
Nodefile size = 24689.98 MB (17579.22 MB after compression)
 132616 111041     1333.1807   580                   1072.7918 12186819         
 133821 112022     1181.9036   662                   1072.7918 12281014         
 135023 114375    infeasible                         1072.7918 12513572         
 136104 113431     1457.5847   562                   1072.7918 12400760         
 137573 116436     1442.8234   430                   1072.7918 12761683         
 139015 115738     1278.8649   596                   1073.0678 12670297         
 140247 118153     1124.0491   671                   1073.1570 12954040         
 141527 117706     1591.6235   486                   1073.1675 12917812         
 142815 120363     1503.0545   620                   1073.2127 13212515         
 143951 120975     1595.8151   312                   1073.2127 13283529         
Elapsed time = 1998.53 sec. (421908.16 ticks, tree = 28900.49 MB, solutions = 0)
Nodefile size = 26811.44 MB (19087.15 MB after compression)
 145419 121772     2410.8663   186                   1073.2127 13372886         
 146819 123954     1211.8299   592                   1073.3169 13658761         
 148113 124291     1106.3877   673                   1073.3731 13689242         
 149298 125415     1157.4969   659                   1073.4200 13804928         
 150514 126546     1655.9914   415                   1073.4354 13951386         
 151579 127063     1339.1573   612                   1073.4354 14011357         
 152834 129660     1536.1083   569                   1073.5155 14282125         
 154768 130524     1248.6677   599                   1073.5252 14348197         
 156444 130909     1702.6421   222                   1073.5252 14382803         
 157698 130597     1347.6753   591                   1073.6187 14355553         
Elapsed time = 2199.47 sec. (460086.95 ticks, tree = 31255.90 MB, solutions = 0)
Nodefile size = 29158.99 MB (20784.00 MB after compression)
 158893 132530     1438.2428   403                   1073.6776 14541326         
 160247 134253     1914.5585   197                   1073.6776 14653956         
 161771 135012     1801.8894   195                   1073.7314 14771285         
 163355 135448     1530.9047   402                   1073.7314 14856287         
 164782 139171     1636.2229   389                   1073.7314 15222846         
 166173 138672     1418.4137   612                   1073.7763 15170019         
 167721 139364     1310.6499   488                   1073.7763 15263744         
 169314 140976     1157.5149   700                   1073.8593 15407252         
 170800 142701     1612.5958   297                   1073.8593 15578033         
 172073 145326     1176.8852   673                   1073.8866 15807671         
Elapsed time = 2384.88 sec. (498276.28 ticks, tree = 34895.85 MB, solutions = 0)
Nodefile size = 32814.50 MB (23423.34 MB after compression)
 173412 146418     1191.8529   634                   1073.8866 15921160         
 174606 146877     1565.8642   249                   1073.8866 15965075         
 176092 147877     1108.9213   641                   1073.9470 16082594         
 177245 149855     1220.0840   677                   1073.9470 16307210         
 178378 149893     1245.0949   685                   1074.1445 16310399         
 179715 151647     1818.2230   203                   1074.2230 16532687         
 181215 152564     1955.8727   261                   1074.2530 16637922         
 182914 154227     1169.1348   581                   1074.2530 16853494         
 184554 154959     1127.5610   533                   1074.2530 16944688         
 186040 156641     2402.5586   176                   1074.3136 17122128         
Elapsed time = 2567.54 sec. (536453.11 ticks, tree = 37709.96 MB, solutions = 0)
Nodefile size = 35629.28 MB (25451.03 MB after compression)
 186914 158335     1683.0873   463                   1074.3226 17341067         
 187616 159171     2078.5238   340                   1074.3226 17433739         
 188296 158684     1251.0141   571                   1074.3226 17388694         
 189105 160080     1284.7012   540                   1074.4863 17594565         
 190085 160944     1455.1335   439                   1074.4863 17792878         
 191290 160947     1673.5354   452                   1074.4863 17785569         
 192966 163118     1789.3015   357                   1074.4863 18112578         
 194763 162492     1088.9921   665                   1074.5234 18044387         
 196442 163725     1691.2730   308                   1074.5234 18212234         
 197969 166965    infeasible                         1074.5335 18530594         
Elapsed time = 2748.82 sec. (574658.47 ticks, tree = 39926.73 MB, solutions = 0)
Nodefile size = 37843.11 MB (26995.57 MB after compression)
 199766 167792     1362.6678   445                   1074.5406 18644553         
 201745 166556     1189.0173   599                   1074.5406 18479984         
 203141 169675     2106.3193   516                   1074.5406 18805958         
 204536 171929     1383.0032   570                   1074.5649 19016983         
 206051 172241    infeasible                         1074.5649 19061641         
 207741 172848     2046.2129   162                   1074.6489 19140423         
 209725 176536     1395.4164   572                   1074.6489 19485873         
 211401 175105     1682.2480   439                   1074.6980 19372339         
 213410 179011     1897.8145   316                   1074.6980 19705238         
 215421 179093     1794.3589   374                   1074.6980 19720820         
Elapsed time = 2936.01 sec. (612831.21 ticks, tree = 42976.31 MB, solutions = 0)
Nodefile size = 40878.36 MB (29166.20 MB after compression)
 217108 182565     1209.4785   575                   1074.6980 20010072         
 218671 182158     1464.1508   438                   1074.6980 19984980         
 220191 184450     1535.5595   515                   1074.8552 20144303         
 221610 187827     1587.7466   470                   1074.9365 20473021         
 223048 188242     1645.2224   461                   1074.9365 20493140         
