Version identifier: 22.1.1.0 | 2022-11-28 | 9160aff4d
CPXPARAM_TimeLimit                               20400
Tried aggregator 1 time.
MIP Presolve eliminated 2455 rows and 2128 columns.
MIP Presolve modified 12453 coefficients.
Reduced MIP has 28428 rows, 30624 columns, and 131220 nonzeros.
Reduced MIP has 15574 binaries, 15050 generals, 0 SOSs, and 0 indicators.
Presolve time = 0.14 sec. (86.55 ticks)
Probing time = 6.47 sec. (46.82 ticks)
Cover probing fixed 0 vars, tightened 11 bounds.
Tried aggregator 1 time.
Detecting symmetries...
MIP Presolve eliminated 496 rows and 496 columns.
MIP Presolve modified 2 coefficients.
Reduced MIP has 27932 rows, 30128 columns, and 129534 nonzeros.
Reduced MIP has 15572 binaries, 14556 generals, 0 SOSs, and 0 indicators.
Presolve time = 0.22 sec. (113.71 ticks)
Probing time = 7.57 sec. (19.28 ticks)
Cover probing fixed 0 vars, tightened 11 bounds.
Clique table members: 18929.
MIP emphasis: balance optimality and feasibility.
MIP search method: dynamic search.
Parallel mode: deterministic, using up to 32 threads.
Root relaxation solution time = 4.08 sec. (596.01 ticks)

        Nodes                                         Cuts/
   Node  Left     Objective  IInf  Best Integer    Best Bound    ItCnt     Gap

      0     0      802.8038   409                    802.8038       19         
      0     0      843.5939   521                   Cuts: 359     2524         
      0     0      855.1579   587                   Cuts: 226     3927         
      0     0      861.0609   616                   Cuts: 164     4737         
      0     0      866.5946   617                   Cuts: 125     5480         
      0     0      868.3177   619                    Cuts: 85     5912         
Detecting symmetries...
      0     0      871.2341   635                    Cuts: 67     6555         
      0     0      872.4963   631                    Cuts: 57     6846         
      0     0      874.1778   592                    Cuts: 45     7279         
      0     0      874.6152   637                    Cuts: 53     7513         
      0     0      875.4044   643                    Cuts: 69     7846         
      0     0      875.6032   635                    Cuts: 35     7979         
      0     0      875.8730   609                    Cuts: 35     8094         
      0     0      875.9929   636                    Cuts: 15     8175         
      0     0      876.1149   623                    Cuts: 26     8280         
      0     0      876.1845   617                    Cuts: 17     8365         
Detecting symmetries...
      0     2      876.1845   617                    876.1845     8365         
Elapsed time = 49.79 sec. (20551.68 ticks, tree = 0.02 MB, solutions = 0)
      6     4      876.6699   588                    876.1845     8660         
      8     5      876.7385   618                    876.1872     8654         
     12    13      877.4983   616                    876.3107    10007         
     19    21      880.3383   610                    876.3107    11779         
     34    34      881.3237   600                    876.3107    14448         
     50    38      882.1959   586                    876.5237    15223         
     66    47      908.7089   578                    876.8975    19528         
     78    61      888.0804   615                    876.8975    23332         
     91    66      884.6471   563                    876.8975    28196         
    129    86      885.0729   564                    876.8975    49109         
Elapsed time = 69.79 sec. (23769.24 ticks, tree = 0.59 MB, solutions = 0)
    150   114      918.4471   596                    876.8975   111538         
    213   170      895.1136   569                    876.8975   208399         
    324   208      947.7402   556                    876.8975   221779         
    426   323      952.1529   577                    876.8975   251717         
    629   463     1027.0990   435                    876.8975   285717         
    799   644      949.1819   575                    876.8975   312212         
    951   352     1040.0531   551                    876.8975   261096         
   1072   955      962.3551   522                    876.8975   376485         
   1169   900      988.9266   514                    876.8975   364609         
   1285  1158     1095.6080   340                    876.8975   438005         
Elapsed time = 118.79 sec. (33475.33 ticks, tree = 98.34 MB, solutions = 0)
   1484  1308     1132.8243   435                    876.8975   476921         
   1702  1298     1111.2284   355                    876.8975   471611         
   1952  1710     1122.3686   247                    876.8975   537680         
   2224  1858     1219.4672   344                    876.8975   568830         
   2524  2205     1235.3509   421                    876.8975   617138         
   2870  2406     1228.3419   325                    876.8975   654160         
   3214  2583     1152.0168   157                    876.8975   681603         
   3673  2957     1087.9270   490                    876.8975   724417         
   4089  3019     1397.3684   384                    876.8975   727863         
   4581  3332     1214.6108   160                    876.8975   766193         
Elapsed time = 167.61 sec. (43043.10 ticks, tree = 581.13 MB, solutions = 0)
   5095  3962     1343.1661   316                    876.8975   832089         
   5641  4372     1300.1710   370                    876.8975   871316         
   6382  5256     1561.7341   221                    876.8975   950976         
   7154  5087     1326.2874   188                    876.8975   934822         
   8146  5442      989.7485   450                    876.8975   968719         
   8965  6252     1722.6357    87                    876.8975  1018591         
   9795  7496     1202.5556   206                    876.8975  1077957         
  10549  8009     1628.4519   228                    876.8975  1118995         
  11374  8732     1165.8145   363                    876.8975  1151616         
  12160  9442     1460.7821   100                    876.8975  1189057         
Elapsed time = 217.44 sec. (52592.55 ticks, tree = 2093.59 MB, solutions = 0)
Nodefile size = 39.43 MB (25.53 MB after compression)
  13004  9640     1516.6203   100                    876.8975  1200626         
  13733 10379     1156.1047   134                    876.8975  1235295         
  14441 10901     1333.4461   179                    876.8975  1266224         
  15273 11959     1180.3343   353                    876.8975  1316933         
  15983 12598     1704.1210    64                    877.0820  1353348         
  16756 13461     1706.6021   105                    877.0820  1405406         
  17504 13807     1586.0549   129                    877.0820  1419459         
  18265 14134     1743.3477    47                    877.0820  1435859         
  18950 14879     1332.3058   106                    877.0820  1473063         
  19603 16091      923.3850   526                    877.0820  1538682         
Elapsed time = 273.01 sec. (62140.78 ticks, tree = 3756.21 MB, solutions = 0)
Nodefile size = 1700.99 MB (1114.25 MB after compression)
  20159 16436     2071.1652   135                    877.0820  1556780         
  20691 16592     1469.4655   291                    877.0820  1565715         
  21340 17613     1513.0238   166                    877.0820  1633473         
  21987 18198     1476.9812   167                    877.0820  1668215         
  22657 18822     1384.7736   270                    877.0820  1704301         
  23252 19072     1470.6395   292                    877.0820  1715956         
  23760 20055     1476.9812   167                    877.0820  1775168         
  24208 20103     1476.9812   167                    877.0820  1777016         
  24602 20598     1064.4343   312                    877.0820  1807241         
  24932 20590     1002.6218   565                    877.0820  1814003         
Elapsed time = 322.90 sec. (71691.67 ticks, tree = 4865.70 MB, solutions = 0)
Nodefile size = 2811.14 MB (1850.99 MB after compression)
  25283 21390     1516.9085   213                    877.0820  1873068         
  25713 21863     1041.0068   361                    877.0820  1916703         
  26083 22078      994.9919   547                    877.0820  1937647         
  26536 22401     1130.4700   262                    877.0820  1971108         
  26972 22630     1476.9812   167                    877.0820  1982357         
  27276 23339     1064.7115   301                    877.0820  2036309         
  27626 23641     1060.5692   352                    877.0820  2071192         
  27984 23618     1008.7330   511                    877.0820  2070186         
  28434 24531     1463.9732   103                    877.0820  2153150         
  28956 24561      992.5166   394                    877.0820  2159810         
Elapsed time = 370.39 sec. (81257.06 ticks, tree = 5374.72 MB, solutions = 0)
Nodefile size = 3318.14 MB (2166.83 MB after compression)
  29522 24955     1181.5991   211                    877.0820  2189435         
  30019 25087     1818.3305    36                    877.0820  2203976         
  30384 25587     1154.9923   294                    877.0820  2223046         
  30787 26299     1224.8092   372                    877.0820  2285719         
  31187 26499     1165.4355   232                    877.0820  2310335         
  31636 27038     1835.9153   202                    877.0820  2369784         
  31925 27432     1004.7191   529                    877.0820  2399690         
  32192 27460     1181.5991   211                    877.0820  2395371         
  32325 27943      998.5570   529                    877.0820  2458985         
  32380 28109      923.1856   549                    877.0820  2494637         
Elapsed time = 423.10 sec. (90817.53 ticks, tree = 6133.84 MB, solutions = 0)
Nodefile size = 4079.55 MB (2652.85 MB after compression)
  32457 28059      929.3154   462                    877.0820  2483048         
  32578 28276     1131.4192   588                    881.2212  2548524         
  32809 28319     1254.0490   204                    881.2212  2551025         
  33117 28367     1178.2055   392                    881.2212  2556493         
  33568 28624     1051.3461   516                    881.2212  2595889         
  33919 28696     1289.7708   382                    881.2212  2599333         
  34190 29365     1289.7708   384                    881.2212  2671164         
  34545 29498     1084.8568   371                    882.6342  2687487         
  34874 29562     1084.8568   371                    882.6342  2687679         
  35207 29626     1198.8096   370                    882.6342  2726872         
Elapsed time = 474.54 sec. (100378.01 ticks, tree = 6395.13 MB, solutions = 0)
Nodefile size = 4333.98 MB (2817.67 MB after compression)
  35528 30229     1511.2586   302                    882.6342  2794964         
  35900 30401     1452.1549   285                    882.6342  2809375         
  36298 30910     1205.4898   408                    882.6342  2872565         
  36744 31161     1125.8181   390                    882.6342  2899785         
  37164 31215     1125.8181   390                    882.6342  2899974         
  37533 31866     1617.3919   248                    882.6342  2966986         
  37858 31839     1705.9556   247                    882.7092  2950648         
  38103 32426      922.6364   513                    882.7092  3030657         
  38366 33004     1270.8274   375                    882.7092  3088148         
  39636 33780     1449.6033   409                    882.7092  3202739         
Elapsed time = 540.14 sec. (112807.67 ticks, tree = 7081.35 MB, solutions = 0)
Nodefile size = 5025.09 MB (3258.84 MB after compression)
  41160 35434      958.1518   501                    883.6131  3392372         
  42704 36623      929.7712   595                    883.6131  3516499         
  44394 37440     1637.0423   184                    883.9187  3600602         
  46088 38821     1013.2219   408                    883.9187  3724468         
  47766 41351     1356.4800   418                    883.9187  3934337         
  49412 41891     1039.6818   455                    884.0502  4001285         
  50626 43535     1746.4004   298                    884.0502  4144091         
  52000 44561     1286.0664   375                    884.1062  4251025         
  53671 45753     1275.6849   558                    884.1062  4400829         
  55235 46893      980.8944   576                    884.5639  4512779         
Elapsed time = 738.43 sec. (150982.71 ticks, tree = 9361.49 MB, solutions = 0)
Nodefile size = 7299.07 MB (4725.67 MB after compression)
  56623 49077     1531.2085   400                    884.5639  4705166         
  57869 49954     1226.7647   444                    884.5639  4811754         
  58666 51391     1265.4703   478                    884.5639  4997125         
  59675 52051     1355.8121   308                    884.5639  5106654         
  60929 53242      942.3093   543                    884.5639  5274882         
  62227 53919      944.5925   482                    884.5639  5364551         
  63407 55096      967.0940   564                    884.5639  5505234         
  64465 56098     1209.9859   401                    884.5639  5637024         
  65700 57036      973.3962   515                    884.5639  5773838         
  67172 57520     1015.8787   485                    884.5639  5835220         
Elapsed time = 935.65 sec. (189184.37 ticks, tree = 11192.09 MB, solutions = 0)
Nodefile size = 9127.16 MB (5957.47 MB after compression)
  68658 59422     1531.2204   397                    884.5639  6015732         
  69917 60648     1535.1259   389                    884.5639  6164877         
  71414 61518     1771.7172   104                    884.5639  6256724         
  72927 62373     1045.6754   577                    885.0246  6367171         
  73897 63864     1865.4337   424                    885.0246  6534886         
  74741 65651    infeasible                          885.0246  6735860         
  75494 65907     1289.6918   556                    886.5136  6780972         
  76566 66330     1157.0788   551                    886.5136  6863090         
  77833 66949     1181.9687   386                    886.6399  6972828         
  78997 67932      933.4049   543                    887.0293  7122570         
Elapsed time = 1120.87 sec. (227369.81 ticks, tree = 13401.60 MB, solutions = 0)
Nodefile size = 11325.26 MB (7466.13 MB after compression)
  79998 69156      947.8141   547                    887.0293  7309542         
  81195 70588     1157.4510   432                    887.0293  7541361         
  82470 71443     1103.9742   573                    887.0293  7632077         
  83281 71883     1438.0951   386                    887.0293  7693962         
  84537 73161     1434.4139   527                    887.0293  7855681         
  85817 74576     1023.4069   445                    887.4240  8052464         
  87426 76018     1111.3294   605                    887.4964  8249461         
  88839 77058     1152.0487   583                    887.4964  8332808         
  90317 78302     1184.2059   548                    887.5507  8501930         
  91952 78757     1276.5659   466                    887.5820  8531849         
Elapsed time = 1305.92 sec. (265547.04 ticks, tree = 15713.90 MB, solutions = 0)
Nodefile size = 13637.29 MB (9076.32 MB after compression)
  93302 80211      919.9000   522                    887.5820  8704214         
  94806 82070     1315.9883   495                    887.5820  8899634         
  96198 82444     1076.6607   542                    887.5820  8949345         
  97745 84978      897.6898   593                    887.5820  9230233         
  98962 85041      936.4552   552                    887.5820  9244321         
 100218 87722      897.4289   530                    887.5820  9579309         
 101583 88235     1440.6120   454                    887.5820  9669052         
 102792 88177     1747.3290   474                    887.5820  9657757         
 104068 90177     1427.5273   494                    888.0493  9931869         
 105625 91064     1291.4266   421                    888.0493 10047121         
Elapsed time = 1508.59 sec. (303726.78 ticks, tree = 18578.23 MB, solutions = 0)
Nodefile size = 16502.89 MB (11101.15 MB after compression)
 106846 92078     1068.4018   562                    888.1789 10189297         
 107684 93326     1394.6748   315                    888.1789 10323562         
 108321 94960     1070.9805   380                    888.1879 10559207         
 109528 95441     1413.9458   411                    888.1879 10648968         
 110872 96016     1253.3049   403                    888.2579 10745239         
 112295 97994     1253.3049   406                    888.2579 10987888         
 113517 97686     1106.4328   400                    888.2579 10979135         
 114899 98769     1170.8146   364                    888.2579 11070341         
 116490 100453     1418.7939   410                    888.3394 11281039         
 118134 102526     1167.1833   550                    888.3748 11518132         
Elapsed time = 1725.53 sec. (341905.67 ticks, tree = 21068.97 MB, solutions = 0)
Nodefile size = 18996.08 MB (12834.43 MB after compression)
 119345 104034     1070.5890   504                    888.4397 11680539         
 120934 103888     1061.0551   542                    888.6135 11654403         
 122030 106751     1005.2370   466                    888.6161 12007508         
 123373 106968     1228.1333   492                    888.6789 12039754         
 124589 107659      927.7886   499                    888.6789 12128594         
 125571 109361     1102.5978   607                    888.6789 12340770         
 126574 109670     1282.5496   568                    888.6885 12361792         
 127461 110689     1256.6416   532                    888.6885 12536404         
 128683 112003     1263.1184   541                    888.6885 12693237         
 129959 113444     1361.9563   546                    888.7280 12953308         
Elapsed time = 1924.46 sec. (380084.98 ticks, tree = 23343.69 MB, solutions = 0)
Nodefile size = 21263.28 MB (14432.34 MB after compression)
 131460 113952     1256.2009   418                    888.7280 13034304         
 132938 116485      951.5539   563                    888.7280 13316951         
 134402 117252     1415.5691   549                    888.7415 13404857         
 135902 118195      947.1343   482                    888.7415 13482350         
 137309 118985     1326.4319   599                    888.7951 13572570         
 138690 121537     1281.1318   449                    888.8527 13850069         
 139802 121989      959.9135   491                    888.8527 13883567         
 141246 122467     1200.5997   410                    888.8527 13974502         
 142349 124913     1207.6896   641                    888.9044 14256768         
 143685 124678     1242.9641   476                    888.9872 14212789         
Elapsed time = 2133.30 sec. (418260.05 ticks, tree = 25915.66 MB, solutions = 0)
Nodefile size = 23823.16 MB (16230.97 MB after compression)
 145256 127161     1289.2869   439                    889.1058 14543944         
 146905 126215     1231.1796   439                    889.1058 14434139         
 148358 127389      996.3791   559                    889.1818 14600166         
 149500 130572     1324.8211   548                    889.1818 14933043         
 150542 131620      893.9425   524                    889.1866 15030884         
 151729 132883     1328.4597   501                    889.1866 15211116         
 152959 132619     1604.0586   390                    889.2710 15180880         
 154007 133275     1302.9601   529                    889.2710 15261672         
 155058 134577     1133.8917   469                    889.2982 15453483         
 156050 135613     1195.9334   411                    889.3720 15606548         
Elapsed time = 2344.45 sec. (456424.82 ticks, tree = 28452.71 MB, solutions = 0)
Nodefile size = 26354.54 MB (18023.00 MB after compression)
 157140 136316      987.7454   511                    889.3720 15691284         
 157904 137518     1365.6672   423                    889.3720 15873833         
 158993 139654     1167.5471   541                    889.4415 16126889         
 160043 140019      972.0612   569                    889.4415 16200746         
 161006 140233     1422.7575   571                    889.4415 16255701         
 162372 142616     1190.9658   462                    889.4950 16594260         
 163544 141194     1222.2066   413                    889.4950 16426066         
 164695 142338     1696.4470   479                    889.4950 16541150         
 165939 145178     1566.6219   481                    889.5546 16947125         
 167132 145930      949.6584   589                    889.5546 17077363         
Elapsed time = 2546.81 sec. (494611.55 ticks, tree = 30571.15 MB, solutions = 0)
Nodefile size = 28490.56 MB (19521.95 MB after compression)
 168236 146001     1257.6403   421                    889.5546 17094070         
 169670 147236     1185.2233   453                    889.5718 17268686         
 171212 148922      970.6024   492                    889.5718 17502405         
 172568 148800      979.7959   464                    889.5841 17481888         
 173921 150734     1113.9237   441                    889.5841 17711495         
 175378 150609      983.8145   526                    889.6242 17703684         
 176659 152313     1232.6991   540                    889.6242 17889639         
 178281 154817     1373.7898   439                    889.6755 18208247         
 179558 155758     1947.9694   495                    889.6755 18286312         
 180803 157798     1439.4261   484                    889.7242 18521786         
Elapsed time = 2757.04 sec. (532781.81 ticks, tree = 33400.61 MB, solutions = 0)
Nodefile size = 31302.94 MB (21511.75 MB after compression)
 182010 159488     1470.5596   398                    889.7270 18741915         
 183256 160477     1608.8961   572                    889.8265 18853404         
 184488 161755     1087.4936   438                    889.8710 18985096         
 185969 161843      889.9785   581                    889.9146 19001216         
 187221 162466     1219.2096   567                    889.9395 19116965         
 188358 163856     1059.5603   558                    889.9631 19314792         
 189613 164037      935.2398   598                    889.9631 19330711         
 190761 166933     1415.0289   598                    889.9631 19652910         
 191883 167686     1670.5191   399                    889.9769 19734906         
 193089 169555      996.1944   558                    889.9769 20001941         
Elapsed time = 2958.45 sec. (570964.28 ticks, tree = 36208.23 MB, solutions = 0)
Nodefile size = 34132.18 MB (23530.73 MB after compression)
 194404 171417     1305.1082   499                    889.9820 20250542         
 195663 170170      905.3413   543                    889.9820 20111358         
 196847 172267      949.7628   580                    889.9820 20365697         
 198340 172913     1153.3024   535                    889.9980 20455785         
 200022 174131      932.8083   568                    889.9980 20634462         
 201598 177224     1282.8015   563                    890.0412 20966132         
 202986 178285     1271.6822   407                    890.0412 21084855         
 204405 178996     1130.4745   543                    890.0412 21160337         
 205808 181849     1145.2115   456                    890.2298 21473569         
 207312 180388     1246.6729   482                    890.2298 21298519         
Elapsed time = 3159.47 sec. (609140.89 ticks, tree = 38784.72 MB, solutions = 0)
Nodefile size = 36695.80 MB (25351.29 MB after compression)
 208675 184320     1369.7026   521                    890.2834 21732542         
 209984 184387     1434.3764   559                    890.2834 21736338         
 211278 183725     1117.6059   459                    890.2860 21670964         
 212540 187333     1085.1253   434                    890.3898 22093517         
 213421 185689     1466.3814   426                    890.3898 21938497         
 214112 187675     1243.7341   468                    890.3898 22141851         

Performing restart 1

Repeating presolve.
Tried aggregator 1 time.
MIP Presolve eliminated 44 rows and 199 columns.
MIP Presolve modified 952 coefficients.
Reduced MIP has 27888 rows, 29929 columns, and 128944 nonzeros.
Reduced MIP has 15417 binaries, 14512 generals, 0 SOSs, and 0 indicators.
Presolve time = 0.13 sec. (59.79 ticks)
Tried aggregator 1 time.
MIP Presolve eliminated 74 rows and 172 columns.
Reduced MIP has 27814 rows, 29757 columns, and 128446 nonzeros.
Reduced MIP has 15319 binaries, 14438 generals, 0 SOSs, and 0 indicators.
Presolve time = 0.20 sec. (81.32 ticks)
Represolve time = 12.34 sec. (298.87 ticks)
 214208     0      913.6975   699                   Cuts: 788 22589567         
 214208     0      957.0030   789                   Cuts: 541 22592573         
 214208     0      970.5061   728                   Cuts: 672 22594650         
 214208     0      977.5048   770                   Cuts: 611 22596841         
 214208     0      989.9808   812                   Cuts: 505 22598989         
 214208     0      998.8991   835                   Cuts: 567 22600792         
 214208     0     1010.0653   844                   Cuts: 828 22602444         
 214208     0     1014.8800   760                   Cuts: 303 22603480         
 214208     0     1016.8906   892                   Cuts: 420 22604329         
 214208     0     1018.7226   890                   Cuts: 250 22605199         
 214208     0     1019.6570   926                   Cuts: 239 22605850         
 214208     0     1020.4747   929                   Cuts: 177 22606327         
 214208     0     1020.7435   960                   Cuts: 171 22606670         
 214208     0     1021.0847   939                   Cuts: 104 22606940         
 214208     0     1021.3101   971                   Cuts: 105 22607226         
 214208     0     1021.4694   971                   Cuts: 106 22607473         
 214208     0     1021.6603   976                    Cuts: 93 22607681         
 214208     0     1021.9330   982                    Cuts: 70 22608058         
 214208     0     1022.1583   964                    Cuts: 88 22608342         
 214208     0     1022.3978   940                    Cuts: 75 22608610         
 214208     0     1022.8127   938                    Cuts: 97 22608829         
 214208     0     1022.9869   941                   Cuts: 145 22609040         
 214208     0     1023.1314   954                   Cuts: 101 22609342         
 214208     0     1023.1908   938                    Cuts: 86 22609516         
 214208     0     1023.2736   959                    Cuts: 58 22609657         
 214208     0     1023.3224   939                    Cuts: 74 22609769         
 214208     0     1023.3404   946                    Cuts: 43 22609869         
*214208+    0                         7063.3069     1023.3404            85.51%
 214208     2     1023.3404   946     7063.3069     1023.3404 22609869   85.51%
 214209     3     1024.9796   824     7063.3069     1024.9951 22613605   85.49%
 214210     4     1026.3025   907     7063.3069     1026.4216 22614814   85.47%
 214211     5     1027.6252   817     7063.3069     1027.0253 22615611   85.46%
Elapsed time = 3628.46 sec. (809264.72 ticks, tree = 0.03 MB, solutions = 1)
 214212     6     1028.6892   900     7063.3069     1027.0253 22616185   85.46%
 214213     3     1046.2383   849     7063.3069     1027.0253 22615654   85.46%
*214215+    3                         1967.7521     1027.0253            47.81%
*214215+    3                         1965.3517     1027.0253            47.74%
 214215     5     1030.1589   893     1965.3517     1027.0253 22617288   47.74%
 214218     9     1036.7000   799     1965.3517     1027.0253 22630986   47.74%
 214222     7     1073.2968   785     1965.3517     1029.5198 22618814   47.62%
 214228    15     1062.4249   833     1965.3517     1030.0868 22645596   47.59%
 214239    18     1047.9201   883     1965.3517     1030.1605 22656407   47.58%
 214250    26     1061.8216   844     1965.3517     1034.0554 22689583   47.39%
 214273    31     1062.8301   909     1965.3517     1041.6050 22711950   47.00%
 214417    32     1095.9617   827     1965.3517     1041.6050 22715066   47.00%
Elapsed time = 3787.96 sec. (858345.43 ticks, tree = 0.02 MB, solutions = 6)
 214566    80     1085.1408   756     1965.3517     1043.2415 22769223   46.92%
 214776   245     1115.1899   730     1965.3517     1046.9955 22836061   46.73%
 215046   142     1100.4077   640     1965.3517     1046.9955 22804795   46.73%
 215404   584     1115.2341   707     1965.3517     1046.9995 22932395   46.73%
 215825  1239     1140.7297   649     1965.3517     1046.9995 23019205   46.73%
 216229  1536    infeasible           1965.3517     1046.9995 23077904   46.73%
 216681  1820     1342.9836   686     1965.3517     1046.9995 23102979   46.73%
 217442  2399     1421.7682   484     1965.3517     1046.9995 23204957   46.73%
 218383  3108     1288.0400   392     1965.3517     1046.9995 23289183   46.73%
*218703+ 2647                         1638.4634     1046.9995            36.10%
 219410  3797     1439.1096   483     1638.4634     1046.9995 23347237   36.10%
Elapsed time = 4027.32 sec. (896605.63 ticks, tree = 607.13 MB, solutions = 7)
 220586  4459     1297.8450   453     1638.4634     1046.9995 23396012   36.10%
*220781+ 4749                         1565.0089     1046.9995            33.10%
*220897+ 4749                         1547.6080     1046.9995            32.35%
*220936+ 4967                         1443.7911     1046.9995            27.48%
*221002+ 4967                         1392.8781     1046.9995            24.83%
*221015+ 4967                         1380.7477     1046.9995            24.17%
*221053+ 4967                         1351.0454     1046.9995            22.50%
*221109+ 4967                         1348.4182     1046.9995            22.35%
*221144+ 4967                         1327.2494     1046.9995            21.12%
 221186  5729     1581.8400   366     1327.2494     1046.9995 23484354   21.12%
*221222+ 5041                         1275.4102     1046.9995            17.91%
*221358+ 4705                         1267.2859     1046.9995            17.38%
*221385+ 4705                         1265.6733     1046.9995            17.28%
*221525+ 5041                         1262.2262     1046.9995            17.05%
*221552+ 5195                         1247.8456     1046.9995            16.10%
*221606+ 5195                         1208.5529     1046.9995            13.37%
 221657  6181     1157.8939   656     1208.5529     1046.9995 23521380   13.37%
 222257  6948     1424.0133   644     1208.5529     1046.9995 23564396   13.37%
 222564  6931     1141.8760   756     1208.5529     1046.9995 23571800   13.37%
*222739+ 5195                         1202.3097     1046.9995            12.92%
 222856  4081     1073.0992   873     1202.3097     1046.9995 23609820   12.92%
 223212  4512     1258.0441   313     1202.3097     1046.9995 23690852   12.92%
 223524  4301     1232.8740   279     1202.3097     1046.9995 23667106   12.92%
 223905  3487     1111.1215   897     1202.3097     1046.9995 23750900   12.92%
 224227  3552     1138.0252   618     1202.3097     1046.9995 23767514   12.92%
Elapsed time = 4275.38 sec. (934844.65 ticks, tree = 654.74 MB, solutions = 49)
 224644  3927     1192.8462   351     1202.3097     1047.9231 23813507   12.84%
 225014  4140        cutoff           1202.3097     1047.9231 23853008   12.84%
 225393  4370     1198.1852   354     1202.3097     1047.9231 23883323   12.84%
 225842  5019     1113.4418   892     1202.3097     1047.9231 23980292   12.84%
 226339  5429     1089.9079   851     1202.3097     1047.9231 24027948   12.84%
*226381+ 5286                         1199.2730     1047.9231            12.62%
*226384+ 5285                         1187.2730     1047.9231            11.74%
 226701  5042     1151.6252   745     1187.2730     1047.9231 24085904   11.74%
 227183  5175     1141.1567   770     1187.2730     1047.9231 24106843   11.74%
 227770  5827     1160.4683   735     1187.2730     1047.9231 24182738   11.74%
 228289  6383     1125.6523   709     1187.2730     1047.9231 24227980   11.74%
 228838  6260     1067.6288   882     1187.2730     1047.9231 24216316   11.74%
Elapsed time = 4511.48 sec. (973072.80 ticks, tree = 1293.15 MB, solutions = 74)
 229394  7306     1178.1671   409     1187.2730     1047.9231 24321334   11.74%
 229855  7156     1131.9722   751     1187.2730     1047.9231 24306373   11.74%
 230283  7565     1089.6446   888     1187.2730     1047.9231 24360798   11.74%
 230590  8551     1091.8025   854     1187.2730     1047.9231 24478498   11.74%
 230769  8792     1185.9117   621     1187.2730     1047.9231 24509570   11.74%
 231101  9019     1112.9946   809     1187.2730     1047.9231 24557556   11.74%
 231516  9397     1130.7839   663     1187.2730     1047.9231 24631412   11.74%
 231856  9435     1095.1942   773     1187.2730     1051.4649 24655533   11.44%
 232238 10020     1103.7374   870     1187.2730     1051.4649 24747844   11.44%
 232754  9822     1114.0901   766     1187.2730     1051.4649 24723317   11.44%
Elapsed time = 4734.92 sec. (1011323.41 ticks, tree = 2097.39 MB, solutions = 126)
Nodefile size = 32.28 MB (21.52 MB after compression)
*233072+10067                         1184.5385     1051.4649            11.23%
 233338 10761     1164.0857   647     1184.5385     1051.4649 24858264   11.23%
 233859 11052     1138.6412   870     1184.5385     1051.4649 24916682   11.23%
 234336 11584     1133.8326   722     1184.5385     1051.4649 24986493   11.23%
*234523+10911                         1183.9231     1051.4649            11.19%
*234672+10911                         1182.6841     1051.4649            11.10%
 234812 11299     1111.0550   832     1182.6841     1051.4649 24954301   11.10%
 235302 11958     1147.5232   848     1182.6841     1051.4649 25054530   11.10%
*235604+11914                         1181.2896     1051.4649            10.99%
 235730 12636     1138.1352   899     1181.2896     1051.4649 25167713   10.99%
 236141 12521     1151.8024   732     1181.2896     1051.4649 25139997   10.99%
 236423 13354     1133.7738   918     1181.2896     1051.4649 25270018   10.99%
 236732 13555     1116.1561   785     1181.2896     1051.4649 25303218   10.99%
 237162 13768     1089.6286   925     1181.2896     1051.4649 25338145   10.99%
Elapsed time = 4933.84 sec. (1049594.56 ticks, tree = 3025.17 MB, solutions = 157)
Nodefile size = 964.86 MB (667.67 MB after compression)
 237543 14268     1151.0844   771     1181.2896     1051.4649 25462479   10.99%
*237910+14031                         1180.7489     1051.4649            10.95%
 237920 14044     1126.7012   741     1180.7489     1051.4649 25426994   10.95%
*237939+14031                         1180.6844     1051.4649            10.94%
 238290 14661     1152.1792   747     1180.6844     1051.4649 25538127   10.94%
 238822 14852     1177.6425   497     1180.6844     1051.4649 25578969   10.94%
 239320 15550     1103.1129   949     1180.6844     1051.4649 25712715   10.94%
 239836 15451     1150.4112   722     1180.6844     1051.4649 25695486   10.94%
 240278 15745     1123.7543   766     1180.6844     1051.4649 25750146   10.94%
 240732 16662     1161.5552   766     1180.6844     1051.4649 25897174   10.94%
*240908+15983                         1180.5278     1051.4649            10.93%
*240939+15983                         1180.1890     1051.4649            10.91%
 241225 17516     1171.5579   714     1180.1890     1051.5373 26063480   10.90%
*241309+17700                         1179.6274     1051.5373            10.86%
 241769 17925     1139.5605   909     1179.6274     1051.5373 26136797   10.86%
Elapsed time = 5151.49 sec. (1087838.49 ticks, tree = 3969.58 MB, solutions = 234)
Nodefile size = 1913.27 MB (1329.86 MB after compression)
 242337 17384     1123.4181   852     1179.6274     1051.5373 26021156   10.86%
 242942 18449     1157.3651   838     1179.6274     1051.5373 26238916   10.86%
 243463 19234        cutoff           1179.6274     1051.5373 26372818   10.86%
 243968 18473     1110.9024   865     1179.6274     1051.5373 26244587   10.86%
 244526 19108     1115.2400   898     1179.6274     1051.5373 26340173   10.86%
 245186 20397     1177.3915   403     1179.6274     1051.5373 26559103   10.86%
 245618 21108     1148.1768   749     1179.6274     1051.5373 26677982   10.86%
 246062 21803     1129.2472   763     1179.6274     1051.5373 26778562   10.86%
 246477 22292        cutoff           1179.6274     1051.5373 26875334   10.86%
 246843 22455     1081.5496   852     1179.6274     1051.5373 26911219   10.86%
Elapsed time = 5389.81 sec. (1126079.54 ticks, tree = 5044.98 MB, solutions = 251)
Nodefile size = 2987.87 MB (2080.60 MB after compression)
 247216 22864     1092.5524   783     1179.6274     1051.5373 27010435   10.86%
 247732 23132     1146.8482   834     1179.6274     1051.5373 27085285   10.86%
 248237 22938     1093.3691   938     1179.6274     1051.5373 27036872   10.86%
 248656 23851     1163.1659   790     1179.6274     1051.5373 27229124   10.86%
 249136 24533     1157.9068   660     1179.6274     1051.5373 27386606   10.86%
 249675 24454     1144.3452   903     1179.6274     1051.5373 27370423   10.86%
 250133 24359     1129.1349   789     1179.6274     1051.5373 27345259   10.86%
 250586 24666     1130.0514   870     1179.6274     1051.5373 27421419   10.86%
 251021 25294     1103.3320   944     1179.6274     1051.5373 27543898   10.86%
 251557 26315     1160.9275   656     1179.6274     1051.5373 27726919   10.86%
Elapsed time = 5637.01 sec. (1164285.37 ticks, tree = 5760.91 MB, solutions = 251)
Nodefile size = 3697.19 MB (2568.38 MB after compression)
 252040 26637     1152.7023   888     1179.6274     1051.5373 27811300   10.86%
 252524 26417     1143.8449   805     1179.6274     1051.5373 27759201   10.86%
 253048 27345     1162.4984   732     1179.6274     1051.5373 27978252   10.86%
 253491 26826     1114.5194   836     1179.6274     1051.5373 27857816   10.86%
 254095 28084     1152.8021   709     1179.6274     1051.5373 28130284   10.86%
*254660+28163                         1179.0963     1051.5373            10.82%
 254660 27659     1136.6629   737     1179.0963     1051.5373 28031012   10.82%
*254730+28163                         1178.9543     1051.5373            10.81%
*254774+28163                         1178.1834     1051.5373            10.75%
*254817+28163                         1176.2045     1051.5373            10.60%
*254941+28163                         1176.1419     1051.5373            10.59%
*254971+28163                         1175.0425     1051.5373            10.51%
 255223 29267     1159.5162   691     1175.0425     1051.5373 28349391   10.51%
 255614 28711     1110.6416   844     1175.0425     1074.1072 28258436    8.59%
 255857 29126     1145.4698   742     1175.0425     1074.1072 28335464    8.59%
 255968 28660     1107.0676   833     1175.0425     1074.1072 28361091    8.59%
Elapsed time = 5835.94 sec. (1202560.41 ticks, tree = 6291.80 MB, solutions = 272)
Nodefile size = 4232.29 MB (2936.17 MB after compression)

Performing restart 2

Repeating presolve.
Tried aggregator 1 time.
MIP Presolve eliminated 4 rows and 183 columns.
MIP Presolve modified 1 coefficients.
Reduced MIP has 27810 rows, 29574 columns, and 127718 nonzeros.
Reduced MIP has 15140 binaries, 14434 generals, 0 SOSs, and 0 indicators.
Presolve time = 0.11 sec. (55.77 ticks)
Tried aggregator 1 time.
Reduced MIP has 27810 rows, 29574 columns, and 127718 nonzeros.
Reduced MIP has 15140 binaries, 14434 generals, 0 SOSs, and 0 indicators.
Presolve time = 0.18 sec. (76.05 ticks)
Represolve time = 11.61 sec. (917.74 ticks)
 255998     0     1034.6444   967     1175.0425     Cuts: 268 28718518    8.54%
 255998     0     1035.9690   969     1175.0425      Cuts: 85 28719094    8.54%
 255998     0     1036.5363   955     1175.0425     Cuts: 108 28719959    8.54%
 255998     0     1036.8526   917     1175.0425     Cuts: 453 28720443    8.54%
 255998     0     1036.9064   938     1175.0425     Cuts: 150 28720628    8.54%
 255998     0     1036.9915   933     1175.0425      Cuts: 86 28720915    8.54%
 255998     0     1037.7915   927     1175.0425     Cuts: 158 28721415    8.54%
 255998     0     1038.7609   913     1175.0425     Cuts: 157 28721937    8.54%
 255998     0     1039.7727   913     1175.0425     Cuts: 253 28722655    8.54%
 255998     2     1039.9097   902     1175.0425     1074.6813 28722655    8.54%
 255999     3     1041.5047   809     1175.0425     1074.6813 28727508    8.54%
 256001     3     1071.2770   857     1175.0425     1074.6813 28729789    8.54%
 256002     4     1043.1542   842     1175.0425     1074.6813 28728808    8.54%
 256007     8     1094.7098   785     1175.0425     1074.6813 28739139    8.54%
 256012     9     1075.3330   715     1175.0425     1074.6813 28742185    8.54%
 256018    12     1064.2755   886     1175.0425     1074.6813 28746492    8.54%
 256025    13     1106.5988   756     1175.0425     1074.6813 28749581    8.54%
 256042    21     1113.1307   787     1175.0425     1074.6813 28778703    8.54%
 256074    37     1101.7649   848     1175.0425     1074.6813 28891931    8.54%
Elapsed time = 6267.98 sec. (1373939.97 ticks, tree = 0.03 MB, solutions = 272)
*256087+   24                         1172.3089     1074.6813             8.33%
*256098+   24                         1168.6869     1074.6813             8.04%
*256107+   24                         1168.4446     1074.6813             8.02%
*256109+   24                         1166.6104     1074.6813             7.88%
*256116+   24                         1166.2070     1074.6813             7.85%
*256126+   24                         1165.6894     1074.6813             7.81%
 256132    65     1147.9738   599     1165.6894     1074.6813 29002499    7.81%
 256257   144     1064.7628   881     1165.6894     1074.6813 29138710    7.81%
 256371   152     1127.5553   674     1165.6894     1074.6813 29121249    7.81%
 256533   239     1097.8828   778     1165.6894     1074.6813 29207016    7.81%
 256759   495     1118.8662   859     1165.6894     1074.6813 29413182    7.81%
 257105   714     1162.9917   482     1165.6894     1074.6813 29489738    7.81%
 257388   935     1117.3935   727     1165.6894     1074.6813 29547355    7.81%
*257469+  870                         1164.1345     1074.6813             7.68%
 257554  1016     1165.6589   642     1164.1345     1074.6813 29584248    7.68%
 257738  1190     1137.2445   747     1164.1345     1074.6813 29672182    7.68%
 258033  1250     1126.3863   727     1164.1345     1074.6813 29715613    7.68%
Elapsed time = 6519.51 sec. (1412442.66 ticks, tree = 94.27 MB, solutions = 297)
 258357  1627     1147.0508   716     1164.1345     1074.6813 29853863    7.68%
 258669  1706     1142.4165   775     1164.1345     1074.6813 29876352    7.68%
 258927  1892     1109.6111   916     1164.1345     1074.6813 29942602    7.68%
 259256  2146     1132.5318   867     1164.1345     1074.6813 30037979    7.68%
 259598  2173     1122.3086   887     1164.1345     1074.6813 30049659    7.68%
 259891  2392     1140.8730   792     1164.1345     1074.6813 30107446    7.68%
 260258  2836     1117.8368   823     1164.1345     1074.6813 30224332    7.68%
 260564  2878     1127.1881   804     1164.1345     1074.6813 30242455    7.68%
 260937  3461     1137.3041   921     1164.1345     1074.6813 30425048    7.68%
 261293  3546     1111.6445   836     1164.1345     1074.6813 30447207    7.68%
Elapsed time = 6779.38 sec. (1450731.87 ticks, tree = 383.92 MB, solutions = 297)
 261658  4148     1132.2098   697     1164.1345     1074.6813 30581776    7.68%
 262002  4373        cutoff           1164.1345     1074.6813 30638219    7.68%
 262334  4936     1138.7850   777     1164.1345     1074.6813 30784145    7.68%
 262681  4760     1123.9558   900     1164.1345     1074.6813 30731656    7.68%
 263041  5333     1120.1630   842     1164.1345     1074.6813 30907977    7.68%
 263409  5531     1125.8644   724     1164.1345     1074.6813 30970447    7.68%
 263840  5737     1098.4460   910     1164.1345     1075.0473 31030236    7.65%
 264136  6063     1117.8196   733     1164.1345     1078.3500 31118992    7.37%
 264479  6610     1111.7799   916     1164.1345     1078.3500 31259973    7.37%
 264824  6749     1141.8307   903     1164.1345     1079.2663 31300518    7.29%
Elapsed time = 7046.15 sec. (1488956.05 ticks, tree = 1035.34 MB, solutions = 297)
 265116  7257     1116.8560   889     1164.1345     1080.2275 31442433    7.21%
 265539  7380     1154.8370   695     1164.1345     1080.3410 31484859    7.20%
 265848  7626     1143.5647   718     1164.1345     1080.5406 31547490    7.18%
 266248  8088     1144.7739   750     1164.1345     1080.5406 31679479    7.18%
 266718  8193        cutoff           1164.1345     1080.5406 31710705    7.18%
 267103  8828     1157.9144   787     1164.1345     1080.5406 31857913    7.18%
 267532  8950     1138.4581   861     1164.1345     1080.5406 31892012    7.18%
 267868  9198     1131.1014   748     1164.1345     1081.3974 31953505    7.11%
 268202  9649     1138.2363   667     1164.1345     1084.3239 32042799    6.86%
 268508  9671     1148.1168   901     1164.1345     1084.4932 32056704    6.84%
Elapsed time = 7309.18 sec. (1527190.47 ticks, tree = 1629.31 MB, solutions = 297)
 268826 10448     1150.6601   857     1164.1345     1084.4932 32269373    6.84%
 269181 10544     1154.7204   829     1164.1345     1085.1332 32317615    6.79%
 269624 10918     1152.6901   851     1164.1345     1085.1771 32435051    6.78%
 270070 10866     1128.7007   767     1164.1345     1085.1771 32405100    6.78%
 270450 11726     1120.0700   870     1164.1345     1085.2259 32612247    6.78%
 270811 11674     1149.9510   699     1164.1345     1086.2961 32583689    6.69%
 271188 11888     1094.5799   912     1164.1345     1086.3221 32668133    6.68%
 271617 12273     1152.1295   672     1164.1345     1086.3221 32747643    6.68%
 271862 12601     1092.1624   906     1164.1345     1086.3221 32816378    6.68%
 272120 12891     1155.5412   848     1164.1345     1086.4650 32889529    6.67%
Elapsed time = 7576.77 sec. (1565457.93 ticks, tree = 2227.99 MB, solutions = 297)
Nodefile size = 173.83 MB (115.47 MB after compression)
 272434 13353     1163.4060   864     1164.1345     1086.4650 33043682    6.67%
 272799 13837     1094.1026   909     1164.1345     1087.0162 33212778    6.62%
 273183 13688     1094.2148   938     1164.1345     1087.1893 33170721    6.61%
 273577 14332     1145.3588   847     1164.1345     1087.1893 33347801    6.61%
 273949 14221     1135.6681   811     1164.1345     1087.5984 33320340    6.57%
 274371 15149     1137.9366   834     1164.1345     1087.8406 33537480    6.55%
 274727 14959     1104.2303   831     1164.1345     1087.8406 33504300    6.55%
 275071 15217     1127.9168   844     1164.1345     1087.9171 33564074    6.55%
 275381 15865     1106.5134   824     1164.1345     1088.1259 33734242    6.53%
 275664 15880     1126.7207   835     1164.1345     1088.1259 33737063    6.53%
Elapsed time = 7839.90 sec. (1603730.44 ticks, tree = 2770.85 MB, solutions = 297)
Nodefile size = 718.22 MB (488.81 MB after compression)
 275929 16130     1139.7501   985     1164.1345     1088.1259 33819403    6.53%
 276182 16504     1119.4228   709     1164.1345     1088.7565 33924473    6.48%
 276527 16715     1131.6658   709     1164.1345     1088.7565 34000132    6.48%
 276798 17098     1110.9210   884     1164.1345     1089.1463 34152781    6.44%
 277136 17456     1152.8137   746     1164.1345     1089.1463 34279997    6.44%
 277530 17663     1138.7764   767     1164.1345     1089.5956 34340653    6.40%
 277960 17658     1105.5502   972     1164.1345     1089.5956 34337834    6.40%
 278408 18194     1149.3865   882     1164.1345     1089.8125 34489950    6.38%
 278797 18586     1133.6234   820     1164.1345     1089.8125 34589975    6.38%
 279206 18606     1159.6208   716     1164.1345     1090.1117 34592889    6.36%
Elapsed time = 8106.15 sec. (1641943.96 ticks, tree = 3167.65 MB, solutions = 297)
Nodefile size = 1108.36 MB (761.44 MB after compression)
 279662 19309     1143.7343   737     1164.1345     1090.1117 34766843    6.36%
 280060 19205     1122.9520   894     1164.1345     1090.9201 34745923    6.29%
 280459 19717     1160.6401   839     1164.1345     1091.1428 34853319    6.27%
 280817 20053        cutoff           1164.1345     1091.3666 34957099    6.25%
 281125 20637     1121.2019   884     1164.1345     1091.5805 35101575    6.23%
 281394 20950     1112.7188   808     1164.1345     1091.5805 35191104    6.23%
 281715 21096     1147.8135   914     1164.1345     1091.7020 35241971    6.22%
 281996 21041     1113.3017   863     1164.1345     1091.9562 35227599    6.20%
 282345 21733     1133.2365   973     1164.1345     1092.0325 35489487    6.19%
 282710 21752     1151.4397   928     1164.1345     1092.0325 35499234    6.19%
Elapsed time = 8365.52 sec. (1680217.89 ticks, tree = 3718.08 MB, solutions = 297)
Nodefile size = 1660.61 MB (1148.62 MB after compression)
 283081 21656     1150.5198   691     1164.1345     1092.1448 35461370    6.18%
 283503 22103     1119.1502   788     1164.1345     1092.1448 35612401    6.18%
 283927 22080     1163.5954   789     1164.1345     1092.5451 35622850    6.15%
 284378 22682     1119.4578   878     1164.1345     1092.6577 35785705    6.14%
*284496+22916                         1162.1525     1092.6577             5.98%
*284553+22916                         1160.4194     1092.6577             5.84%
 284714 23403     1141.8601   684     1160.4194     1092.6577 35929443    5.84%
 284998 23284        cutoff           1160.4194     1092.9294 35911229    5.82%
 285260 23318     1121.9570   888     1160.4194     1093.0707 35968063    5.80%
 285583 24061     1118.5889   795     1160.4194     1093.0707 36189867    5.80%
 286000 23915     1120.0013   802     1160.4194     1093.7809 36120007    5.74%
 286399 24437     1157.7446   770     1160.4194     1093.7809 36333660    5.74%
Elapsed time = 8627.14 sec. (1718438.80 ticks, tree = 4230.92 MB, solutions = 299)
Nodefile size = 2173.67 MB (1512.93 MB after compression)
 286747 24441        cutoff           1160.4194     1093.7899 36336446    5.74%
 287085 24582     1147.0192   817     1160.4194     1093.8198 36375701    5.74%
 287394 25282     1138.9741   894     1160.4194     1094.1260 36571943    5.71%
 287760 25505     1108.1081   833     1160.4194     1094.2790 36662413    5.70%
 288056 25831     1128.8824   780     1160.4194     1094.3536 36763971    5.69%
 288423 26006     1159.9483   767     1160.4194     1094.8196 36817331    5.65%
 288788 26421     1121.6503   802     1160.4194     1094.8196 36946263    5.65%
 289041 26357     1144.3497   847     1160.4194     1094.8196 36926843    5.65%
 289378 26863        cutoff           1160.4194     1094.9073 37056422    5.65%
 289643 26883     1113.5585   904     1160.4194     1095.2593 37058951    5.62%
Elapsed time = 8884.88 sec. (1756692.66 ticks, tree = 4722.30 MB, solutions = 299)
Nodefile size = 2667.95 MB (1864.11 MB after compression)
 289924 27276     1131.3334   896     1160.4194     1095.2593 37219332    5.62%
 290187 27653     1141.4959   956     1160.4194     1095.2593 37348250    5.62%
 290512 27634     1114.2274   777     1160.4194     1095.2951 37341465    5.61%
 290845 27905     1110.6232   825     1160.4194     1095.2951 37474649    5.61%
 291191 28205     1136.2435   780     1160.4194     1095.2951 37605828    5.61%
 291541 28221     1122.1639   835     1160.4194     1095.2951 37607566    5.61%
 291959 28897     1147.3944   857     1160.4194     1095.7037 37801279    5.58%
 292289 28964        cutoff           1160.4194     1095.9098 37827905    5.56%
 292715 29441     1129.7870   859     1160.4194     1095.9098 37961068    5.56%
 293055 29775     1156.8148   827     1160.4194     1096.0134 38018937    5.55%
Elapsed time = 9152.09 sec. (1794943.76 ticks, tree = 5219.42 MB, solutions = 299)
Nodefile size = 3162.60 MB (2211.67 MB after compression)
 293509 29779     1112.5157   835     1160.4194     1096.2556 38026403    5.53%
 293912 30421     1116.9574   929     1160.4194     1096.3721 38215128    5.52%
 294278 30124     1138.9151   766     1160.4194     1096.6980 38140251    5.49%
 294631 30342     1153.7576   723     1160.4194     1096.8224 38196147    5.48%
 294975 30515     1124.0685   938     1160.4194     1096.8224 38248275    5.48%
 295218 31513        cutoff           1160.4194     1096.8224 38550409    5.48%
 295587 31287     1131.0174   768     1160.4194     1096.9851 38468109    5.47%
 295938 31473        cutoff           1160.4194     1096.9851 38506355    5.47%
 296287 31794     1140.7642   854     1160.4194     1097.0129 38663748    5.46%
 296736 32819     1119.8926   866     1160.4194     1097.0129 38973631    5.46%
Elapsed time = 9416.90 sec. (1833201.18 ticks, tree = 5672.20 MB, solutions = 299)
Nodefile size = 3614.94 MB (2527.93 MB after compression)
 297074 32411     1141.0392   741     1160.4194     1097.1613 38864302    5.45%
 297497 32371     1139.7486   789     1160.4194     1097.1613 38838142    5.45%
 297859 32873     1139.6932   768     1160.4194     1097.1613 38990128    5.45%
 298397 33872     1157.0328   701     1160.4194     1097.4815 39273954    5.42%
 298765 33247     1129.5288   844     1160.4194     1097.4815 39106416    5.42%
 299165 34197     1105.9945   908     1160.4194     1097.4815 39367518    5.42%
 299589 34172     1138.8436   781     1160.4194     1097.8689 39361788    5.39%
 299915 34899     1150.8835   855     1160.4194     1098.0448 39531053    5.38%
 300333 34968     1140.4986   673     1160.4194     1098.0448 39542573    5.38%
 300758 34997     1151.0179   818     1160.4194     1098.0932 39545431    5.37%
Elapsed time = 9680.00 sec. (1871440.90 ticks, tree = 6197.71 MB, solutions = 299)
Nodefile size = 4125.85 MB (2893.78 MB after compression)
 301139 35570     1146.0028   859     1160.4194     1098.3236 39695061    5.35%
 301436 36203     1112.9311   939     1160.4194     1098.3236 39904663    5.35%
 301661 35761     1102.4803   888     1160.4194     1098.3236 39771450    5.35%
 301925 36410     1140.9242   720     1160.4194     1098.5734 39958207    5.33%
 302277 37002     1128.5465   865     1160.4194     1098.5734 40165775    5.33%
 302547 37016     1151.2607   791     1160.4194     1098.5734 40168733    5.33%
 302852 37316     1128.9464   758     1160.4194     1098.8019 40326098    5.31%
 303224 37347     1124.0766   861     1160.4194     1098.8952 40328660    5.30%
 303606 38029     1155.4882   850     1160.4194     1098.8952 40616192    5.30%
 304025 38011     1146.3950   778     1160.4194     1099.0719 40595044    5.29%
Elapsed time = 9940.88 sec. (1909687.42 ticks, tree = 6651.22 MB, solutions = 299)
Nodefile size = 4590.75 MB (3217.96 MB after compression)
 304397 37619     1140.8337   870     1160.4194     1099.0719 40463745    5.29%
 304834 39030     1124.3858   907     1160.4194     1099.0719 40886578    5.29%
 305292 38880        cutoff           1160.4194     1099.3026 40847416    5.27%
 305650 39419     1127.2178   741     1160.4194     1099.3026 40980127    5.27%
 306050 39209     1123.0836   939     1160.4194     1099.3026 40923728    5.27%
 306416 39897     1134.1311   824     1160.4194     1099.8492 41114107    5.22%
 306796 39497     1154.8998   895     1160.4194     1099.8532 41007952    5.22%
 307119 40658     1114.6640   892     1160.4194     1099.8532 41331065    5.22%
 307453 40135     1117.2544   803     1160.4194     1099.8532 41192021    5.22%
 307824 40917     1116.5269   840     1160.4194     1100.3085 41417289    5.18%
Elapsed time = 10203.69 sec. (1947945.24 ticks, tree = 7357.98 MB, solutions = 299)
Nodefile size = 5300.01 MB (3723.25 MB after compression)
 308221 41371     1147.1072   842     1160.4194     1100.3264 41589198    5.18%
 308495 41379     1124.0201   805     1160.4194     1100.3331 41592104    5.18%
 308847 41081     1155.1467   907     1160.4194     1100.4177 41464939    5.17%
 309108 41821        cutoff           1160.4194     1100.4177 41703276    5.17%
 309338 41791     1135.4209   835     1160.4194     1100.4177 41685122    5.17%
 309579 42390     1137.7627   810     1160.4194     1100.4177 41902757    5.17%
 309843 42214     1124.7683   953     1160.4194     1100.4177 41840300    5.17%
 310123 43155     1142.7288   907     1160.4194     1100.7185 42260014    5.14%
 310426 43030     1147.4873   908     1160.4194     1100.7185 42179482    5.14%
 310804 43388     1132.7558   873     1160.4194     1100.7185 42353179    5.14%
Elapsed time = 10464.87 sec. (1986278.74 ticks, tree = 7670.88 MB, solutions = 299)
Nodefile size = 5610.94 MB (3936.88 MB after compression)
 311132 43459     1145.1886   714     1160.4194     1100.7185 42394989    5.14%
 311497 43435        cutoff           1160.4194     1101.0972 42381306    5.11%
 311898 44180     1156.3565   766     1160.4194     1101.2188 42648181    5.10%
 312272 43480     1119.6475   846     1160.4194     1101.2462 42402788    5.10%
 312613 43660     1116.3456   890     1160.4194     1101.2506 42457173    5.10%
 312989 44914     1117.7594   736     1160.4194     1101.2506 42856958    5.10%
 313266 44860     1154.5507   840     1160.4194     1101.2506 42848065    5.10%
 313570 45625     1150.8954   793     1160.4194     1101.6024 43093345    5.07%
 313857 45537     1140.2803   788     1160.4194     1101.6024 43074330    5.07%
 314182 46055     1134.9560   913     1160.4194     1101.6446 43247872    5.06%
Elapsed time = 10732.76 sec. (2024552.21 ticks, tree = 8284.61 MB, solutions = 299)
Nodefile size = 6227.18 MB (4371.24 MB after compression)
 314471 46119     1150.5771   801     1160.4194     1101.6446 43272353    5.06%
 314717 45698     1148.5154   945     1160.4194     1101.6446 43114986    5.06%
 315107 46198     1148.7171   794     1160.4194     1101.8530 43302811    5.05%
 315440 47033     1120.4871   860     1160.4194     1101.8530 43638879    5.05%
 315760 47122     1124.9427   752     1160.4194     1101.8881 43666099    5.04%
 316012 46595     1138.6957   880     1160.4194     1101.8881 43476472    5.04%
 316401 47442     1127.0225   873     1160.4194     1102.3100 43829204    5.01%
 316780 47188     1124.4527   736     1160.4194     1102.3100 43674315    5.01%
 317154 47798     1138.4854   876     1160.4194     1102.3351 43948992    5.01%
 317472 47831     1139.5167   970     1160.4194     1102.3351 43963069    5.01%
Elapsed time = 10997.47 sec. (2062867.58 ticks, tree = 8418.10 MB, solutions = 299)
Nodefile size = 6352.70 MB (4453.26 MB after compression)
 317910 48577     1144.6063   740     1160.4194     1102.6660 44185573    4.98%
 318249 48004     1132.6482   949     1160.4194     1102.7404 44034011    4.97%
 318608 49262     1159.4650   878     1160.4194     1102.7404 44389186    4.97%
 318881 49621        cutoff           1160.4194     1102.7540 44496883    4.97%
 319156 49432     1135.7291   797     1160.4194     1102.7540 44442353    4.97%
 319388 49165     1157.4586   725     1160.4194     1102.7540 44363004    4.97%
 319629 50184     1124.8300   791     1160.4194     1102.7540 44729241    4.97%
 319907 50264     1105.8482   914     1160.4194     1102.9148 44751446    4.96%
 320150 50346     1133.3198   693     1160.4194     1103.0579 44774668    4.94%
 320361 50683     1149.4589   812     1160.4194     1103.0579 44965612    4.94%
Elapsed time = 11252.50 sec. (2101191.08 ticks, tree = 9033.75 MB, solutions = 299)
Nodefile size = 6975.11 MB (4892.80 MB after compression)
 320600 51003     1142.1046   790     1160.4194     1103.1018 45093737    4.94%
 320904 51007     1124.8744   830     1160.4194     1103.1018 45108397    4.94%
 321203 50603     1158.3851   844     1160.4194     1103.1018 44919706    4.94%
 321488 51526     1136.3157   861     1160.4194     1103.1018 45311983    4.94%
 321824 50872     1115.5160   869     1160.4194     1103.3136 45063219    4.92%
 322136 51865     1133.0587   671     1160.4194     1103.4267 45472681    4.91%
 322456 52019     1130.9648   839     1160.4194     1103.4267 45515593    4.91%
 322769 52384     1124.8277   904     1160.4194     1103.4267 45699897    4.91%
 323107 52142     1151.3366   807     1160.4194     1103.4267 45565449    4.91%
 323457 52659     1130.2191   864     1160.4194     1103.4267 45795678    4.91%
Elapsed time = 11513.22 sec. (2139477.20 ticks, tree = 9312.56 MB, solutions = 299)
Nodefile size = 7252.05 MB (5084.35 MB after compression)
 323872 53111     1135.8473   855     1160.4194     1103.5656 45921987    4.90%
 324228 52671     1143.9683   814     1160.4194     1103.6630 45801389    4.89%
 324580 53218     1132.3542   819     1160.4194     1103.6630 45950075    4.89%
 324945 53546     1155.7319   920     1160.4194     1103.6630 46057680    4.89%
 325237 53159     1124.1839   918     1160.4194     1103.6630 45947840    4.89%
 325592 53570     1150.2266   935     1160.4194     1104.0205 46063235    4.86%
 325906 53778     1138.8617   847     1160.4194     1104.0205 46104953    4.86%
 326215 54477     1154.3568   798     1160.4194     1104.0205 46334280    4.86%
 326458 54529     1105.0921   776     1160.4194     1104.0205 46351530    4.86%
 326811 54981     1123.3131   839     1160.4194     1104.1820 46510702    4.85%
Elapsed time = 11774.84 sec. (2177751.50 ticks, tree = 9887.68 MB, solutions = 299)
Nodefile size = 7828.72 MB (5491.64 MB after compression)
 327117 54855     1120.6446   832     1160.4194     1104.1820 46485760    4.85%
 327421 54903     1131.4725   713     1160.4194     1104.1820 46488414    4.85%
 327702 56018        cutoff           1160.4194     1104.1820 46908761    4.85%
 327946 56290     1127.6650   801     1160.4194     1104.1820 46987284    4.85%
 328227 55606        cutoff           1160.4194     1104.3362 46762639    4.83%
 328540 56088     1134.7548   904     1160.4194     1104.4722 46931420    4.82%
 328904 56468     1132.7831   769     1160.4194     1104.5195 47056457    4.82%
 329290 56370     1151.6818   790     1160.4194     1104.5195 47011782    4.82%
 329651 57273     1143.9509   842     1160.4194     1104.5195 47427698    4.82%
 330091 57281        cutoff           1160.4194     1104.5195 47430709    4.82%
Elapsed time = 12042.33 sec. (2216023.46 ticks, tree = 10073.14 MB, solutions = 299)
Nodefile size = 8010.05 MB (5611.71 MB after compression)
 330397 57745     1132.6068   776     1160.4194     1104.5895 47587348    4.81%
 330707 58073     1135.1920   783     1160.4194     1104.8848 47711868    4.79%
 331086 58102     1156.4378   835     1160.4194     1104.8848 47728980    4.79%
 331431 58422     1149.2032   958     1160.4194     1104.9388 47838604    4.78%
 331750 58489     1151.1101   847     1160.4194     1105.0123 47870907    4.77%
 332109 58829     1154.0276   937     1160.4194     1105.0774 47961205    4.77%
 332573 58930     1150.5599   758     1160.4194     1105.1118 48005451    4.77%
 332965 58509     1155.2295   894     1160.4194     1105.1679 47878488    4.76%
 333340 59874     1155.7539   847     1160.4194     1105.2411 48290732    4.76%
 333709 59357     1145.8595   691     1160.4194     1105.3170 48125677    4.75%
Elapsed time = 12300.46 sec. (2254310.25 ticks, tree = 10577.38 MB, solutions = 299)
Nodefile size = 8504.63 MB (5954.93 MB after compression)
 334017 60259     1133.5206   806     1160.4194     1105.3301 48430824    4.75%
 334370 60050     1148.3765   886     1160.4194     1105.3847 48358740    4.74%
 334703 60419     1143.3352   919     1160.4194     1105.4600 48492050    4.74%
 335031 60453     1140.9013   637     1160.4194     1105.5084 48509380    4.73%
 335387 60772     1138.6756   929     1160.4194     1105.5498 48556556    4.73%
 335663 61050     1136.7767   776     1160.4194     1105.5619 48633471    4.73%
 335954 60979        cutoff           1160.4194     1105.6700 48621831    4.72%
 336209 61773     1142.4407   774     1160.4194     1105.7211 48916408    4.71%
 336483 61630    infeasible           1160.4194     1105.7883 48854249    4.71%
 336795 61878     1145.5659   920     1160.4194     1105.8452 48955099    4.70%
Elapsed time = 12559.29 sec. (2292550.48 ticks, tree = 11115.60 MB, solutions = 299)
Nodefile size = 9043.42 MB (6333.30 MB after compression)
 337130 62416        cutoff           1160.4194     1105.8510 49176502    4.70%
 337526 62622     1148.7304   959     1160.4194     1105.8510 49245459    4.70%
 337849 63180        cutoff           1160.4194     1105.8510 49509496    4.70%
 338190 62610     1127.7316   805     1160.4194     1105.8510 49263710    4.70%
 338558 63194        cutoff           1160.4194     1105.8510 49515706    4.70%
 338998 64091        cutoff           1160.4194     1105.8510 49822559    4.70%
 339450 64397     1138.7945   817     1160.4194     1106.1525 49912724    4.68%
 339766 64243     1143.1529   816     1160.4194     1106.2125 49870797    4.67%
 340117 64858     1151.4897   733     1160.4194     1106.2382 50029687    4.67%
 340441 64705     1156.2456   766     1160.4194     1106.2664 49984602    4.67%
Elapsed time = 12822.29 sec. (2330824.39 ticks, tree = 11538.65 MB, solutions = 299)
Nodefile size = 9473.22 MB (6625.41 MB after compression)
 340790 65193     1146.4539   893     1160.4194     1106.3271 50140972    4.66%
 341157 65746     1115.1795   894     1160.4194     1106.3642 50298796    4.66%
 341466 65303     1137.1112   798     1160.4194     1106.3962 50199355    4.66%
 341829 64990     1156.5215   680     1160.4194     1106.4860 50072291    4.65%
 342126 66377     1124.5395   817     1160.4194     1106.5061 50544151    4.65%
 342505 66449     1144.9982   798     1160.4194     1106.5308 50563163    4.64%
 342796 65852     1139.9377   691     1160.4194     1106.6161 50343065    4.64%
 343036 66050     1133.9707   848     1160.4194     1106.6422 50412565    4.63%
 343268 66450     1130.9706   839     1160.4194     1106.6630 50554952    4.63%
 343574 67254     1135.4051   709     1160.4194     1106.7446 50848081    4.63%
Elapsed time = 13087.60 sec. (2369124.74 ticks, tree = 12175.43 MB, solutions = 299)
Nodefile size = 10112.80 MB (7076.81 MB after compression)
 343853 67359     1133.7554   794     1160.4194     1106.7446 50900191    4.63%
 344134 67573     1148.8248   838     1160.4194     1106.7446 50986912    4.63%
 344377 67588     1114.0108   706     1160.4194     1106.7446 50989918    4.63%
 344699 68306        cutoff           1160.4194     1106.7446 51330871    4.63%
 345037 68595     1125.4134   784     1160.4194     1106.7446 51484252    4.63%
 345352 68289     1148.2732   879     1160.4194     1106.7446 51317811    4.63%
 345622 68748     1138.0680   998     1160.4194     1107.0554 51567002    4.60%
 345913 68548     1138.3477   792     1160.4194     1107.0671 51432656    4.60%
 346285 68831     1142.4959   712     1160.4194     1107.0671 51587565    4.60%
 346598 69664        cutoff           1160.4194     1107.0671 51936318    4.60%
Elapsed time = 13363.00 sec. (2407396.89 ticks, tree = 12371.52 MB, solutions = 299)
Nodefile size = 10309.71 MB (7205.75 MB after compression)
 346946 69108     1155.4837   753     1160.4194     1107.0671 51706763    4.60%
 347307 70182     1152.5109   680     1160.4194     1107.0671 52116729    4.60%
 347732 70222     1148.4212   719     1160.4194     1107.0671 52134181    4.60%
 348095 70430     1153.4717   790     1160.4194     1107.0671 52218753    4.60%
 348454 70727     1137.5055   759     1160.4194     1107.3036 52301856    4.58%
 348825 69767     1133.2784   832     1160.4194     1107.3592 51993703    4.57%
 349144 70265     1128.1277   804     1160.4194     1107.3857 52155916    4.57%
 349506 71455     1152.6487   652     1160.4194     1107.3857 52538293    4.57%
 349820 70859     1150.9325   894     1160.4194     1107.3857 52343969    4.57%
 350181 70732     1142.2088   851     1160.4194     1107.5284 52278868    4.56%
Elapsed time = 13617.34 sec. (2445649.37 ticks, tree = 12640.02 MB, solutions = 299)
Nodefile size = 10560.35 MB (7380.29 MB after compression)
 350445 72430     1135.1381   733     1160.4194     1107.5573 52823406    4.56%
 350865 72203     1142.4405   723     1160.4194     1107.5573 52765485    4.56%
 351238 72224     1111.2532   758     1160.4194     1107.5573 52768380    4.56%
 351556 72675     1128.9591   807     1160.4194     1107.5861 52912764    4.55%
 351868 71913        cutoff           1160.4194     1107.5861 52668330    4.55%
 352142 73415     1123.1256   885     1160.4194     1107.7190 53145326    4.54%
 352387 72738     1116.9719   930     1160.4194     1107.7190 52938632    4.54%
 352630 74182     1128.8391   859     1160.4194     1107.7314 53400393    4.54%
 352890 72760     1141.9519   785     1160.4194     1107.7314 52959802    4.54%
 353171 73406        cutoff           1160.4194     1107.7314 53139743    4.54%
Elapsed time = 13867.72 sec. (2483948.36 ticks, tree = 13308.99 MB, solutions = 299)
Nodefile size = 11246.24 MB (7861.46 MB after compression)
 353407 74635     1124.8939   957     1160.4194     1107.7314 53563742    4.54%
 353604 74677     1119.3635   778     1160.4194     1107.7314 53585746    4.54%
 353934 73972     1137.8218   643     1160.4194     1108.0866 53336380    4.51%
 354240 75134    infeasible           1160.4194     1108.1364 53824113    4.51%
 354509 74912     1138.5586   812     1160.4194     1108.2035 53729894    4.50%
 354840 74987     1140.8012   767     1160.4194     1108.2035 53751778    4.50%
 355148 74963     1147.7197   286     1160.4194     1108.2035 53693682    4.50%
 355559 75200        cutoff           1160.4194     1108.2707 53875144    4.49%
 355866 75676        cutoff           1160.4194     1108.2781 54122235    4.49%
 356189 75816     1133.8476   848     1160.4194     1108.3789 54221991    4.48%
Elapsed time = 14126.85 sec. (2522200.78 ticks, tree = 13620.66 MB, solutions = 299)
Nodefile size = 11554.37 MB (8068.75 MB after compression)
 356499 75764     1130.8583   826     1160.4194     1108.4140 54163871    4.48%
 356817 76234     1151.3996   673     1160.4194     1108.4140 54330879    4.48%
 357112 76318     1148.0137   841     1160.4194     1108.4140 54351820    4.48%
 357524 76457     1133.1698   904     1160.4194     1108.4911 54409404    4.47%
 357839 76619     1153.6984   769     1160.4194     1108.5169 54479030    4.47%
 358216 76804     1155.4723   726     1160.4194     1108.5395 54513346    4.47%
 358578 77773     1150.3890   675     1160.4194     1108.5833 54877358    4.47%
 358908 77989        cutoff           1160.4194     1108.6216 54993473    4.46%
 359209 78070     1144.0268   838     1160.4194     1108.6571 55015222    4.46%
 359537 78525     1155.1163   797     1160.4194     1108.6689 55203287    4.46%
Elapsed time = 14384.03 sec. (2560485.32 ticks, tree = 14257.92 MB, solutions = 299)
Nodefile size = 12194.52 MB (8510.24 MB after compression)
 359821 78566     1159.8274   829     1160.4194     1108.7023 55223534    4.46%
 360160 79145     1148.6239   816     1160.4194     1108.7058 55389088    4.46%
 360526 79205     1119.2308   900     1160.4194     1108.8035 55410569    4.45%
 360913 79787     1149.7092   874     1160.4194     1108.8374 55645162    4.45%
 361229 78430     1147.8352   939     1160.4194     1108.8530 55158031    4.44%
 361525 78690     1148.0364   908     1160.4194     1108.8988 55246256    4.44%
 361818 78928     1144.3466   840     1160.4194     1108.9108 55303713    4.44%
 362111 80019     1150.6665   820     1160.4194     1108.9154 55734289    4.44%
 362350 79577     1127.2583   928     1160.4194     1108.9800 55561950    4.43%
 362573 79935     1144.8912   817     1160.4194     1108.9827 55702305    4.43%
Elapsed time = 14647.66 sec. (2598715.60 ticks, tree = 14609.09 MB, solutions = 299)
Nodefile size = 12546.00 MB (8755.62 MB after compression)
 362898 80499     1137.4458   848     1160.4194     1109.0451 55983115    4.43%
 363207 80228     1130.9420   794     1160.4194     1109.0626 55840131    4.43%
 363461 80467     1156.4664   793     1160.4194     1109.0852 55952531    4.42%
 363707 80842     1112.8085   906     1160.4194     1109.1488 56071730    4.42%
 363981 81542     1143.4985   916     1160.4194     1109.1624 56423370    4.42%
 364235 81895     1143.8404   910     1160.4194     1109.2257 56602484    4.41%
 364558 81215     1130.7000   979     1160.4194     1109.2290 56237474    4.41%
 364823 81567     1130.8265   846     1160.4194     1109.2953 56431789    4.41%
 365194 81881     1147.7453   755     1160.4194     1109.3104 56544492    4.40%
 365545 82459     1146.4594   987     1160.4194     1109.3720 56842390    4.40%
Elapsed time = 14928.01 sec. (2637040.47 ticks, tree = 14930.39 MB, solutions = 299)
Nodefile size = 12864.53 MB (8974.70 MB after compression)
 365859 82170     1146.1470   655     1160.4194     1109.4284 56743236    4.39%
 366205 81871     1159.7529   798     1160.4194     1109.4308 56573708    4.39%
 366556 82781    infeasible           1160.4194     1109.4815 56999586    4.39%
 366885 83108        cutoff           1160.4194     1109.4861 57169470    4.39%
 367184 83505        cutoff           1160.4194     1109.5012 57335601    4.39%
 367493 83056     1129.5523   688     1160.4194     1109.5602 57110310    4.38%
 367861 84215        cutoff           1160.4194     1109.5685 57599891    4.38%
 368157 83424        cutoff           1160.4194     1109.6114 57298596    4.38%
 368519 84727     1130.5717   956     1160.4194     1109.6379 57784570    4.38%
 368888 84813     1142.7186   923     1160.4194     1109.6625 57805418    4.37%
Elapsed time = 15188.17 sec. (2675231.84 ticks, tree = 15359.58 MB, solutions = 299)
Nodefile size = 13290.18 MB (9258.00 MB after compression)
 369293 84142     1122.1004   828     1160.4194     1109.7092 57545150    4.37%
 369670 84902     1132.2671   916     1160.4194     1109.7427 57852304    4.37%
 370077 84245        cutoff           1160.4194     1109.7652 57616740    4.37%
 370421 85924        cutoff           1160.4194     1109.7869 58306896    4.36%
 370813 85149     1124.6414   842     1160.4194     1109.8139 57959385    4.36%
 371165 86521     1148.3518   832     1160.4194     1109.8359 58469734    4.36%
 371406 85888     1123.3171   797     1160.4194     1109.8627 58296254    4.36%
 371697 85283        cutoff           1160.4194     1109.8654 58010722    4.36%
 372016 86137     1152.3044   968     1160.4194     1109.8985 58378812    4.35%
 372385 85465        cutoff           1160.4194     1109.9577 58140732    4.35%
Elapsed time = 15445.70 sec. (2713497.07 ticks, tree = 15529.98 MB, solutions = 299)
Nodefile size = 13457.03 MB (9375.15 MB after compression)
 372799 86205     1150.3699   995     1160.4194     1109.9821 58403447    4.35%
 373090 86931     1156.2430   673     1160.4194     1110.0298 58632188    4.34%
 373337 87581     1124.6187   892     1160.4194     1110.0631 58924126    4.34%
 373553 86883     1151.8872   775     1160.4194     1110.0887 58595934    4.34%
 373793 87947     1120.7387   704     1160.4194     1110.1099 59079239    4.34%
 374091 87099        cutoff           1160.4194     1110.1452 58704411    4.33%
 374365 87566    infeasible           1160.4194     1110.1629 58915193    4.33%
 374592 88093     1121.1264   820     1160.4194     1110.2064 59125529    4.33%
 374886 88394     1142.4878   814     1160.4194     1110.2064 59306198    4.33%
 375168 88106     1141.8925   749     1160.4194     1110.2348 59151554    4.32%
Elapsed time = 15718.37 sec. (2751800.90 ticks, tree = 16199.94 MB, solutions = 299)
Nodefile size = 14135.04 MB (9845.03 MB after compression)
 375459 88937        cutoff           1160.4194     1110.2348 59546020    4.32%
 375762 88904     1133.2243   816     1160.4194     1110.2348 59525352    4.32%
 376077 88623     1126.6530   758     1160.4194     1110.2348 59411827    4.32%
 376400 89386        cutoff           1160.4194     1110.2348 59857132    4.32%
 376806 88727     1154.0372   650     1160.4194     1110.2348 59465076    4.32%
 377190 89015     1141.0311   822     1160.4194     1110.2348 59608699    4.32%
 377514 89629     1147.9582   766     1160.4194     1110.2348 59934305    4.32%
 377922 89390        cutoff           1160.4194     1110.4830 59842149    4.30%
 378407 90481     1150.1308   815     1160.4194     1110.4982 60354973    4.30%
 378905 89828     1112.7139   835     1160.4194     1110.4982 60034117    4.30%
Elapsed time = 15980.69 sec. (2790027.92 ticks, tree = 16255.83 MB, solutions = 299)
Nodefile size = 14172.69 MB (9864.42 MB after compression)
 379337 89918        cutoff           1160.4194     1110.5248 60107913    4.30%
 379694 91074     1142.1451   550     1160.4194     1110.5430 60557723    4.30%
 380078 90244        cutoff           1160.4194     1110.6005 60273847    4.29%
 380509 90533     1125.1268   699     1160.4194     1110.6471 60367464    4.29%
 380826 91772     1120.6822   835     1160.4194     1110.6586 60729400    4.29%
 381108 92312     1159.1567   895     1160.4194     1110.6714 60958017    4.29%
 381483 91779        cutoff           1160.4194     1110.7883 60735718    4.28%
 381832 92212     1150.5249   730     1160.4194     1110.8079 60880185    4.28%
 382225 92164     1153.7366   817     1160.4194     1110.8093 60862120    4.28%
 382600 93247     1147.4493   297     1160.4194     1110.8654 61203391    4.27%
Elapsed time = 16199.84 sec. (2828248.99 ticks, tree = 16969.26 MB, solutions = 299)
Nodefile size = 14871.93 MB (10335.63 MB after compression)
 382965 93923     1130.2232   924     1160.4194     1110.9247 61382848    4.27%
 383362 93242     1158.2622   945     1160.4194     1110.9306 61230871    4.26%
 383699 93832     1154.5461   845     1160.4194     1110.9827 61342758    4.26%
 384008 94030     1113.4429   856     1160.4194     1111.0160 61436084    4.26%
 384287 94038     1145.5575   825     1160.4194     1111.0238 61439140    4.26%
 384596 94573     1144.5964   811     1160.4194     1111.1175 61708982    4.25%
 384895 95345     1152.7374   811     1160.4194     1111.1255 61924569    4.25%
 385177 94043     1145.9814   879     1160.4194     1111.1648 61448310    4.24%
 385402 95529        cutoff           1160.4194     1111.1648 61958251    4.24%
 385673 95345     1153.6476   839     1160.4194     1111.2021 61934079    4.24%
Elapsed time = 16420.09 sec. (2866582.57 ticks, tree = 17518.01 MB, solutions = 299)
Nodefile size = 15451.77 MB (10734.45 MB after compression)
 385930 95351     1153.2469   327     1160.4194     1111.2462 61881828    4.24%
 386170 95595     1135.0611   807     1160.4194     1111.2603 61989355    4.24%
 386453 95376     1133.4581   722     1160.4194     1111.2881 61943273    4.23%
 386767 95754        cutoff           1160.4194     1111.3517 62064367    4.23%
 386971 96795     1142.0621   883     1160.4194     1111.3571 62630207    4.23%
 387313 97181     1152.1141   938     1160.4194     1111.4154 62768725    4.22%
 387703 96951     1142.7186   498     1160.4194     1111.4457 62687923    4.22%
 388020 97258     1137.4133   761     1160.4194     1111.4540 62826456    4.22%
 388361 97252     1123.1589   912     1160.4194     1111.4903 62805056    4.22%
 388793 97533     1159.3949   580     1160.4194     1111.5104 62983668    4.21%
Elapsed time = 16641.53 sec. (2904931.86 ticks, tree = 17780.26 MB, solutions = 299)
Nodefile size = 15708.55 MB (10909.13 MB after compression)
 389132 97959     1157.9156   416     1160.4194     1111.5558 63220574    4.21%
 389597 98207     1159.8893   380     1160.4194     1111.5723 63249749    4.21%
 389903 98243        cutoff           1160.4194     1111.6079 63275319    4.21%
 390270 97298     1125.8372   758     1160.4194     1111.6121 62819669    4.21%
 390560 97283     1139.4503   875     1160.4194     1111.6466 62868470    4.20%
 390925 98347     1120.5364   823     1160.4194     1111.6466 63332365    4.20%
 391221 97764     1117.3651   823     1160.4194     1111.7206 63101866    4.20%
 391571 98327     1142.5461   696     1160.4194     1111.7463 63314490    4.19%
 392019 98595     1135.1367   686     1160.4194     1111.7705 63434357    4.19%
 392308 100181     1124.9200   719     1160.4194     1111.8006 63966380    4.19%
Elapsed time = 16871.47 sec. (2943203.65 ticks, tree = 18066.89 MB, solutions = 299)
Nodefile size = 15994.90 MB (11087.91 MB after compression)
 392729 99484     1144.6828   752     1160.4194     1111.8162 63725906    4.19%
 393147 100318     1151.0580   375     1160.4194     1111.8567 63971749    4.18%
 393473 100155     1129.6685   685     1160.4194     1111.8584 63951011    4.18%
 393875 100403     1154.4160   393     1160.4194     1111.9067 63976141    4.18%
 394319 99514     1152.6225   688     1160.4194     1111.9250 63737117    4.18%
 394793 100952     1118.2987   902     1160.4194     1111.9605 64302508    4.18%
 395028 101319     1121.3760   780     1160.4194     1111.9710 64416956    4.18%
 395375 100825     1155.7316   787     1160.4194     1111.9789 64261937    4.17%
 395705 101292        cutoff           1160.4194     1112.0155 64404067    4.17%
 396023 100984     1117.3987   783     1160.4194     1112.0400 64313772    4.17%
Elapsed time = 17094.54 sec. (2981442.02 ticks, tree = 18266.59 MB, solutions = 299)
Nodefile size = 16183.03 MB (11217.96 MB after compression)
 396401 100844     1115.3609   787     1160.4194     1112.0707 64269129    4.17%
 396696 102585     1135.8071   795     1160.4194     1112.0986 64757437    4.16%
 397050 102891     1152.0152   693     1160.4194     1112.1332 64927742    4.16%
 397497 103344     1154.0509   552     1160.4194     1112.1611 65075821    4.16%
 397862 101771     1150.8644   838     1160.4194     1112.1732 64614476    4.16%
 398225 102202     1151.5829   845     1160.4194     1112.1933 64714812    4.16%
 398508 103834        cutoff           1160.4194     1112.2145 65270603    4.15%
 398813 104304     1133.1029   958     1160.4194     1112.2289 65520126    4.15%
 399124 103100     1151.0696   782     1160.4194     1112.2364 64999381    4.15%
 399365 103988     1154.1728   730     1160.4194     1112.2640 65376732    4.15%
Elapsed time = 17322.49 sec. (3019707.04 ticks, tree = 19044.27 MB, solutions = 299)
Nodefile size = 16976.46 MB (11762.41 MB after compression)
 399568 103176     1156.6137   718     1160.4194     1112.3032 65046917    4.15%
 399824 103735     1138.9702   871     1160.4194     1112.3301 65237442    4.14%
 400181 104167     1134.4311   814     1160.4194     1112.3617 65456041    4.14%
 400467 105694     1117.9443   908     1160.4194     1112.3734 66063973    4.14%
 400747 105128     1140.0092   721     1160.4194     1112.3839 65830567    4.14%
 401022 105871     1135.3509   803     1160.4194     1112.3879 66208032    4.14%
 401324 105714     1144.8037   778     1160.4194     1112.4512 66070572    4.13%
 401684 105730        cutoff           1160.4194     1112.4884 66073040    4.13%
 402054 105997     1145.2755   761     1160.4194     1112.5235 66306438    4.13%
 402379 105779     1152.2152   473     1160.4194     1112.5602 66077512    4.12%
Elapsed time = 17550.59 sec. (3057932.83 ticks, tree = 19402.79 MB, solutions = 299)
Nodefile size = 17333.94 MB (12004.29 MB after compression)
 402755 105954     1155.2927   934     1160.4194     1112.5667 66252974    4.12%
 403089 105878     1116.6295   797     1160.4194     1112.5916 66226005    4.12%
 403421 105908     1114.7783   780     1160.4194     1112.6542 66198965    4.12%
 403740 106657     1149.3478   419     1160.4194     1112.6579 66661308    4.12%
 404046 106290     1149.0496   672     1160.4194     1112.6709 66482264    4.11%
 404458 107281     1134.9971   852     1160.4194     1112.7032 66919899    4.11%
 404851 108046     1155.2221   471     1160.4194     1112.7283 67221464    4.11%
 405332 106494     1147.2174   763     1160.4194     1112.7283 66612287    4.11%
 405747 107778     1145.8192   731     1160.4194     1112.7571 67110897    4.11%
 406131 108286        cutoff           1160.4194     1112.7849 67328405    4.10%
Elapsed time = 17769.62 sec. (3096127.70 ticks, tree = 19494.78 MB, solutions = 299)
Nodefile size = 17425.24 MB (12051.00 MB after compression)
 406621 108137     1128.9112   874     1160.4194     1112.8181 67232932    4.10%
 407052 108114     1131.0848   690     1160.4194     1112.8489 67260740    4.10%
 407430 107845     1154.8279   795     1160.4194     1112.8694 67175338    4.10%
 407791 108222     1136.8073   635     1160.4194     1112.8720 67294482    4.10%
 408176 109925     1131.9076   712     1160.4194     1112.8941 67923841    4.10%
 408574 108329     1147.4397   575     1160.4194     1112.9255 67300404    4.09%
 408924 109237     1129.8041   889     1160.4194     1112.9633 67633360    4.09%
 409316 110144     1151.1372   897     1160.4194     1112.9855 67980630    4.09%
 409690 109108     1117.6649   902     1160.4194     1112.9964 67558374    4.09%
 410050 109420     1117.0500   927     1160.4194     1113.0461 67741037    4.08%
Elapsed time = 17999.75 sec. (3134349.79 ticks, tree = 19780.97 MB, solutions = 299)
Nodefile size = 17701.20 MB (12235.25 MB after compression)
 410461 110588     1153.4126   841     1160.4194     1113.0596 68060460    4.08%
 410910 110064     1150.3385   758     1160.4194     1113.0820 67965042    4.08%
 411237 110195     1136.5165   832     1160.4194     1113.0869 67993918    4.08%
 411529 109926     1122.7241   931     1160.4194     1113.0869 67920980    4.08%
 411914 111696     1117.3611   672     1160.4194     1113.0869 68366981    4.08%
 412368 112862     1137.2149   790     1160.4194     1113.1670 68850621    4.07%
 412782 111771     1116.8508   672     1160.4194     1113.1767 68372324    4.07%
 413231 111299     1132.9234   771     1160.4194     1113.2008 68226939    4.07%
 413535 112354        cutoff           1160.4194     1113.2235 68651275    4.07%
 413952 112560     1149.2572   688     1160.4194     1113.2656 68730772    4.06%
Elapsed time = 18216.82 sec. (3172599.72 ticks, tree = 20599.40 MB, solutions = 299)
Nodefile size = 18521.74 MB (12794.71 MB after compression)
 414428 112849     1129.6516   836     1160.4194     1113.2862 68842007    4.06%
 414818 114704     1148.0533   953     1160.4194     1113.2862 69372019    4.06%
 415120 114163     1138.0937   846     1160.4194     1113.3425 69192130    4.06%
 415410 112666        cutoff           1160.4194     1113.3469 68769689    4.06%
 415639 112675     1135.0555   850     1160.4194     1113.3469 68771929    4.06%
 415930 113445     1148.2842   833     1160.4194     1113.3940 69016656    4.05%
Starting limited solution polishing.
 416172 115920     1138.2675   743     1160.4194     1113.4105 69776180    4.05%
 416450 115315     1140.2689   819     1160.4194     1113.4105 69572943    4.05%
 416738 115058        cutoff           1160.4194     1113.4535 69475160    4.05%
 417077 115259     1116.1187   700     1160.4194     1113.4919 69524606    4.04%
Elapsed time = 18437.23 sec. (3210890.39 ticks, tree = 21269.95 MB, solutions = 299)
Nodefile size = 19199.47 MB (13257.46 MB after compression)
 417393 116073     1156.4583   786     1160.4194     1113.5347 69899496    4.04%
 417586 115074        cutoff           1160.4194     1113.5524 69510847    4.04%
 417758 116615     1157.0022   798     1160.4194     1113.5614 70202057    4.04%
 418015 115707     1138.9418   803     1160.4194     1113.6091 69716635    4.03%
 418300 115863     1136.1882   968     1160.4194     1113.6106 69775015    4.03%
 418597 116652     1158.4558   961     1160.4194     1113.6106 70210673    4.03%
 418866 117052        cutoff           1160.4194     1113.7029 70442409    4.03%
 419088 116564     1126.6570   835     1160.4194     1113.7153 70182522    4.02%
 419384 116836        cutoff           1160.4194     1113.7487 70363771    4.02%
 419790 116579     1127.6997   827     1160.4194     1113.7579 70188240    4.02%
Elapsed time = 18650.29 sec. (3249169.03 ticks, tree = 21493.34 MB, solutions = 299)
Nodefile size = 19421.03 MB (13407.93 MB after compression)
 420148 117990     1138.6181   836     1160.4194     1113.7707 70889589    4.02%
 420452 118309     1131.3329   802     1160.4194     1113.8224 71067895    4.02%
 420820 117301     1159.1557   539     1160.4194     1113.8529 70504374    4.01%
 421243 117382     1143.8370   586     1160.4194     1113.8679 70530832    4.01%
 421566 117310        cutoff           1160.4194     1113.9114 70508137    4.01%
 421919 117672     1138.7520   807     1160.4194     1113.9114 70796789    4.01%
 422265 118769        cutoff           1160.4194     1113.9114 71321691    4.01%
 422579 117691     1128.2187   823     1160.4194     1113.9951 70802435    4.00%
 422875 118027     1156.0397   888     1160.4194     1114.0013 70876577    4.00%
 423307 119690     1115.8734   680     1160.4194     1114.0223 71534560    4.00%
Elapsed time = 18880.53 sec. (3287466.85 ticks, tree = 21818.86 MB, solutions = 299)
Nodefile size = 19746.10 MB (13607.38 MB after compression)
 423628 118655     1133.8776   747     1160.4194     1114.0400 71221725    4.00%
 423970 119722     1134.1694   823     1160.4194     1114.0461 71539077    4.00%
 424394 119163     1159.3054   665     1160.4194     1114.0461 71420608    4.00%
 424705 118855     1123.5358   866     1160.4194     1114.0461 71358938    4.00%
 425106 120310     1147.3235   569     1160.4194     1114.1127 71775935    3.99%
 425601 118883     1124.6094   902     1160.4194     1114.1127 71364032    3.99%
 425951 119996     1141.2654   859     1160.4194     1114.1127 71679195    3.99%
 426247 119832        cutoff           1160.4194     1114.1338 71579919    3.99%
 426618 120395     1157.2729   432     1160.4194     1114.1338 71782364    3.99%
 426959 120875     1148.1196   810     1160.4194     1114.1681 71996989    3.99%
Elapsed time = 19083.81 sec. (3325724.18 ticks, tree = 22128.04 MB, solutions = 299)
Nodefile size = 20043.90 MB (13811.70 MB after compression)
 427248 121524     1134.1966   866     1160.4194     1114.1921 72250288    3.98%
 427633 120459     1132.9503   679     1160.4194     1114.2155 71841543    3.98%
 427982 123183        cutoff           1160.4194     1114.2429 72653863    3.98%
 428361 121802     1154.9122   660     1160.4194     1114.2518 72321654    3.98%
 428785 121858     1118.1458   809     1160.4194     1114.2607 72356913    3.98%
 429113 123155     1145.5851   533     1160.4194     1114.2607 72610470    3.98%
 429447 123335     1135.5508   746     1160.4194     1114.3058 72724834    3.97%
 429749 123245     1139.9543   804     1160.4194     1114.3058 72689642    3.97%
 430148 124051     1141.6697   544     1160.4194     1114.3428 72966640    3.97%
 430484 123285     1142.2811   705     1160.4194     1114.3824 72691481    3.97%
Elapsed time = 19300.86 sec. (3363972.13 ticks, tree = 22777.61 MB, solutions = 299)
Nodefile size = 20685.50 MB (14245.20 MB after compression)
 430755 124574     1130.3290   690     1160.4194     1114.4051 73118090    3.97%
 431237 123355     1149.5769   836     1160.4194     1114.4266 72740157    3.96%
 431626 124228     1153.5969   250     1160.4194     1114.4528 72974581    3.96%
 431911 124298     1154.5522   258     1160.4194     1114.4685 72976958    3.96%
 432159 125982     1133.9493   826     1160.4194     1114.4842 73485250    3.96%
 432451 124365     1155.8850   319     1160.4194     1114.4890 72979181    3.96%
 432687 126079     1140.1618   853     1160.4194     1114.5098 73545893    3.96%
 433055 124532     1131.3053   685     1160.4194     1114.5354 73119443    3.95%
 433329 124911     1132.3370   821     1160.4194     1114.5481 73238769    3.95%
 433698 124943     1140.5381   732     1160.4194     1114.5481 73241412    3.95%
Elapsed time = 19505.63 sec. (3402166.80 ticks, tree = 23201.36 MB, solutions = 299)
Nodefile size = 21129.85 MB (14547.74 MB after compression)
 434046 126379        cutoff           1160.4194     1114.5821 73618888    3.95%
 434368 126974     1116.4783   835     1160.4194     1114.6455 73797000    3.94%
 434718 127787     1132.0986   759     1160.4194     1114.6525 74136557    3.94%
 435130 126107     1147.5820   915     1160.4194     1114.6525 73566959    3.94%
 435483 126072     1147.4991   766     1160.4194     1114.7219 73540348    3.94%
 435850 126474     1138.7365   742     1160.4194     1114.7483 73700728    3.94%
 436157 128471     1142.2717   885     1160.4194     1114.7483 74475886    3.94%
 436503 128643     1148.1663   790     1160.4194     1114.7483 74536725    3.94%
 436846 127961     1158.5174   582     1160.4194     1114.7929 74180571    3.93%
 437216 127515     1123.2387   717     1160.4194     1114.8169 73931539    3.93%
Elapsed time = 19728.71 sec. (3440409.98 ticks, tree = 23551.27 MB, solutions = 299)
Nodefile size = 21469.83 MB (14772.53 MB after compression)
 437553 128223     1125.1304   935     1160.4194     1114.8294 74370126    3.93%
 437880 128311     1159.0284   596     1160.4194     1114.8294 74397794    3.93%
 438246 129034        cutoff           1160.4194     1114.8891 74718008    3.92%
 438715 129137     1141.6271   887     1160.4194     1114.9058 74812704    3.92%
 439006 129054     1145.0655   582     1160.4194     1114.9058 74723766    3.92%
 439321 128565     1159.8976   770     1160.4194     1114.9058 74524797    3.92%
 439770 130807     1153.1032   513     1160.4194     1114.9777 75285572    3.92%
 440187 130820     1154.8431   504     1160.4194     1114.9777 75286232    3.92%
 440639 129694        cutoff           1160.4194     1114.9831 74963178    3.92%
 440935 130692     1142.1119   802     1160.4194     1114.9979 75245392    3.91%
Elapsed time = 19945.73 sec. (3478659.38 ticks, tree = 23875.04 MB, solutions = 299)
Nodefile size = 21781.33 MB (14958.58 MB after compression)
 441275 130434     1147.3026   704     1160.4194     1115.0129 75141411    3.91%
 441657 130711     1142.6565   923     1160.4194     1115.0380 75251153    3.91%
 441993 130284     1159.8037   395     1160.4194     1115.0380 75069342    3.91%
 442326 130404     1154.6967   550     1160.4194     1115.0380 75118977    3.91%
 442645 131056     1146.3939   754     1160.4194     1115.0631 75349338    3.91%
 442916 131745     1141.1469   815     1160.4194     1115.0885 75575831    3.91%
 443272 132037        cutoff           1160.4194     1115.1116 75694017    3.90%
 443714 132602     1120.1840   801     1160.4194     1115.1224 75831723    3.90%
 444098 133044     1125.8055   867     1160.4194     1115.1275 75943439    3.90%
 444477 133942     1121.9812   828     1160.4194     1115.1468 76227305    3.90%
Elapsed time = 20157.39 sec. (3516951.72 ticks, tree = 24736.05 MB, solutions = 299)
Nodefile size = 22660.37 MB (15552.37 MB after compression)
 444855 132351     1158.5786   306     1160.4194     1115.1641 75769972    3.90%
 445208 133219        cutoff           1160.4194     1115.1788 76010402    3.90%
 445611 134200     1147.4945   789     1160.4194     1115.2065 76356973    3.90%
 446182 133850     1159.0809   576     1160.4194     1115.2293 76185052    3.89%
 446718 134787     1160.1103   408     1160.4194     1115.2518 76556925    3.89%
 447268 133246     1119.9570   755     1160.4194     1115.2753 76021933    3.89%
 447878 134124     1141.3468   672     1160.4194     1115.3195 76266996    3.89%
 448346 135509     1135.2524   809     1160.4194     1115.3289 76733003    3.89%
 448812 134536     1153.3711   490     1160.4194     1115.3422 76440972    3.88%
 449332 134197     1156.4778   524     1160.4194     1115.3611 76270757    3.88%
Elapsed time = 20374.20 sec. (3555197.88 ticks, tree = 24804.77 MB, solutions = 299)
Nodefile size = 22678.29 MB (15564.85 MB after compression)
 449779 135300     1154.9156   893     1160.4194     1115.3809 76701818    3.88%
 450233 134703     1154.5432   524     1160.4194     1115.3809 76526296    3.88%
 450513 135094     1152.5082   704     1160.4194     1115.3809 76653696    3.88%
 450713 135713     1138.1657   745     1160.4194     1115.3809 76802100    3.88%
 450773 134997        cutoff           1160.4194     1115.3809 76631158    3.88%

GUB cover cuts applied:  15
Clique cuts applied:  11
Cover cuts applied:  116
Implied bound cuts applied:  182
Flow cuts applied:  671
Mixed integer rounding cuts applied:  553
Zero-half cuts applied:  26
Lift and project cuts applied:  90
Gomory fractional cuts applied:  31

Root node processing (before b&c):
  Real time             =   47.35 sec. (20218.22 ticks)
Parallel b&c, 32 threads:
  Real time             = 20388.55 sec. (3556624.11 ticks)
  Sync time (average)   = 5682.00 sec.
  Wait time (average)   =    1.08 sec.
                          ------------
Total (root+branch&cut) = 20435.90 sec. (3576842.33 ticks)
Number of arguments: 7

File path: ../Data/Demo/100/C101.txt
Capacity of FEV: 600
Capacity of SEV: 50
Execution time limit: 340
Case: r

PI array:[1, 1, 1, 1, 1, 1, 1, 1, 1, 1, 1, 1, 1, 1, 1, 1, 1, 1, 1, 1, 1, 1, 0, 1, 1]
Number of customers: 100
./Result/C101/C101-Q50-r
Feasible solution found within the time limit!
Total execution time: 20438.330853144 seconds
Total distance traveled: 1160.4194462677729
File name: C101-Q50-r
Number of customers: 100
Capacity of FEV: 10000
Capacity of Microhub: 600
Capacity of SEV: 50
Number of parkings: 25
Number of microhubs: 24
Number of robots/MM: 10
Parking generation rule: r
==========================================================================
