Version identifier: 22.1.1.0 | 2022-11-28 | 9160aff4d
CPXPARAM_TimeLimit                               20400
Tried aggregator 1 time.
MIP Presolve eliminated 1222 rows and 990 columns.
MIP Presolve modified 11569 coefficients.
Reduced MIP has 25300 rows, 26632 columns, and 115096 nonzeros.
Reduced MIP has 13400 binaries, 13232 generals, 0 SOSs, and 0 indicators.
Presolve time = 0.12 sec. (74.53 ticks)
Probing time = 5.18 sec. (40.40 ticks)
Cover probing fixed 0 vars, tightened 20 bounds.
Tried aggregator 1 time.
Detecting symmetries...
MIP Presolve eliminated 460 rows and 460 columns.
MIP Presolve modified 2 coefficients.
Reduced MIP has 24840 rows, 26172 columns, and 113518 nonzeros.
Reduced MIP has 13398 binaries, 12774 generals, 0 SOSs, and 0 indicators.
Presolve time = 0.19 sec. (99.09 ticks)
Probing time = 7.37 sec. (17.97 ticks)
Cover probing fixed 0 vars, tightened 19 bounds.
Clique table members: 18682.
MIP emphasis: balance optimality and feasibility.
MIP search method: dynamic search.
Parallel mode: deterministic, using up to 32 threads.
Root relaxation solution time = 3.63 sec. (578.48 ticks)

        Nodes                                         Cuts/
   Node  Left     Objective  IInf  Best Integer    Best Bound    ItCnt     Gap

      0     0      899.3075   439                    899.3075       18         
      0     0      937.2482   509                   Cuts: 358     1752         
      0     0      948.7781   552                   Cuts: 220     2527         
      0     0      957.9953   656                   Cuts: 174     3456         
      0     0      963.0340   653                   Cuts: 161     4215         
      0     0      966.9780   682                   Cuts: 112     4965         
Detecting symmetries...
      0     0      969.7066   673                   Cuts: 105     5515         
      0     0      971.2068   655                    Cuts: 87     5825         
      0     0      972.9344   646                    Cuts: 67     6155         
      0     0      974.8613   652                    Cuts: 52     6425         
      0     0      975.4425   663                    Cuts: 47     6571         
      0     0      976.0357   657                    Cuts: 53     6660         
      0     0      976.4749   640                    Cuts: 31     6822         
      0     0      976.6585   651                    Cuts: 28     6936         
      0     0      976.8239   638                    Cuts: 23     7006         
      0     0      976.9381   627                    Cuts: 20     7079         
      0     0      977.1930   668                    Cuts: 14     7167         
      0     0      977.3533   609                    Cuts: 28     7248         
      0     0      977.4585   648                    Cuts: 15     7338         
Detecting symmetries...
      0     2      977.4585   648                    977.4585     7338         
Elapsed time = 47.24 sec. (18906.14 ticks, tree = 0.02 MB, solutions = 0)
     12    10      978.8788   626                    977.4711     7803         
     51    30      983.6923   605                    977.9531    10129         
     95    73      984.4773   582                    977.9900    14596         
    156   125      988.8203   626                    977.9900    25678         
    211   171      987.2234   593                    977.9900    34824         
    252   187      985.5377   622                    977.9900    38789         
    292   217      983.2819   598                    977.9900    45141         
    310   172     1022.2511   616                    977.9900    35902         
    328   311      996.3350   622                    977.9900    68485         
    422   360      992.7236   605                    977.9900    80209         
Elapsed time = 65.40 sec. (22168.40 ticks, tree = 3.55 MB, solutions = 0)
    515   447      989.0058   628                    977.9900   110111         
    567   436     1106.9848   554                    977.9900   107612         
    624   486     1086.2371   610                    977.9900   125863         
    687   581      988.1487   648                    977.9900   227599         
    731   628      993.7768   608                    977.9900   281063         
    774   597     1146.3877   604                    977.9900   246394         
    823   655     1054.4080   528                    977.9900   300998         
    905   801     1069.2862   521                    977.9900   393551         
    973   828     1046.6003   506                    977.9900   405663         
   1026   840     1101.3877   533                    977.9900   411625         
Elapsed time = 109.65 sec. (31894.52 ticks, tree = 21.90 MB, solutions = 0)
   1100   935     1208.5439   505                    977.9900   449934         
   1208  1022     1096.8562   615                    977.9900   500601         
   1294  1034     1124.3896   537                    977.9900   503926         
   1354  1029     1149.8178   626                    977.9900   502761         
   1405  1183     1002.0602   574                    977.9900   552717         
   1511  1333     1340.0475   495                    977.9900   618184         
   1692  1312     1121.4733   628                    977.9900   614988         
   1905  1453     1306.2120   438                    977.9900   672990         
   2199  1517     1344.3827   418                    977.9900   679454         
   2516  1886     1386.3449   346                    977.9900   744400         
Elapsed time = 154.38 sec. (41545.09 ticks, tree = 156.23 MB, solutions = 0)
   2945  2257     1244.3119   504                    977.9900   812485         
   3421  2350     1231.9331   463                    977.9900   824026         
   3911  2926     1407.7201   460                    977.9900   892574         
   4395  3442     1529.2082   219                    977.9900   948002         
   4925  3606     1359.3999   383                    977.9900   963539         
   5503  4193     1261.5884   421                    977.9900  1032706         
   6130  4184     1707.1213   305                    977.9900  1027436         
   6757  4824     1828.4125    79                    977.9900  1098129         
   7260  5631     1389.0929   371                    977.9900  1184465         
   7551  5535     1472.5391   238                    977.9900  1175262         
Elapsed time = 200.60 sec. (51110.56 ticks, tree = 935.81 MB, solutions = 0)
   8114  6314     1743.4491   226                    977.9900  1236705         
*  8273+ 6447                         1754.4270      977.9900            44.26%
   8641  6330      979.5745   629     1754.4270      977.9900  1241511   44.26%
   8842  6436      979.8432   612     1754.4270      977.9900  1266086   44.26%

Performing restart 1

Repeating presolve.
Tried aggregator 1 time.
MIP Presolve eliminated 8 rows and 140 columns.
MIP Presolve modified 237 coefficients.
Reduced MIP has 24832 rows, 26032 columns, and 113097 nonzeros.
Reduced MIP has 13266 binaries, 12766 generals, 0 SOSs, and 0 indicators.
Presolve time = 0.10 sec. (51.56 ticks)
Tried aggregator 1 time.
MIP Presolve eliminated 8 rows and 80 columns.
Reduced MIP has 24824 rows, 25952 columns, and 112865 nonzeros.
Reduced MIP has 13194 binaries, 12758 generals, 0 SOSs, and 0 indicators.
Presolve time = 0.16 sec. (70.96 ticks)
Represolve time = 9.90 sec. (274.28 ticks)
*  8849+    0                         1507.7261      977.9900            35.13%
   8849     0     1000.7293   722     1507.7261     Cuts: 382  1383343   33.63%
   8849     0     1017.9691   689     1507.7261     Cuts: 418  1385679   32.48%
   8849     0     1037.1923   780     1507.7261     Cuts: 367  1387768   31.21%
*  8849+    0                         1492.8587     1037.1923            30.52%
*  8849+    0                         1481.4449     1037.1923            29.99%
   8849     0  -1.00000e+75     0     1481.4449     1037.1923  1387768   29.99%
   8849     0     1071.4891   800     1481.4449     Cuts: 423  1390134   27.67%
   8849     0     1083.1061   809     1481.4449     Cuts: 366  1391978   26.89%
   8849     0     1089.4380   804     1481.4449     Cuts: 327  1393172   26.46%
   8849     0     1093.9136   870     1481.4449     Cuts: 490  1394585   26.16%
   8849     0     1097.5157   842     1481.4449     Cuts: 364  1396275   25.92%
   8849     0     1102.0894   902     1481.4449     Cuts: 275  1397425   25.61%
   8849     0     1107.2382   838     1481.4449     Cuts: 313  1398998   25.26%
   8849     0     1108.4149   892     1481.4449     Cuts: 240  1399808   25.18%
   8849     0     1108.8701   914     1481.4449     Cuts: 203  1400343   25.15%
   8849     0     1109.1569   900     1481.4449     Cuts: 128  1400657   25.13%
   8849     0     1109.3821   863     1481.4449     Cuts: 104  1401006   25.11%
   8849     0     1109.5500   884     1481.4449     Cuts: 102  1401276   25.10%
   8849     0     1109.7594   885     1481.4449      Cuts: 59  1401534   25.09%
   8849     0     1109.9333   881     1481.4449      Cuts: 80  1401780   25.08%
   8849     0     1110.0689   882     1481.4449      Cuts: 75  1401940   25.07%
   8849     0     1110.3845   893     1481.4449      Cuts: 74  1402251   25.05%
   8849     0     1110.4954   916     1481.4449      Cuts: 66  1402561   25.04%
   8849     0     1110.6361   911     1481.4449     Cuts: 251  1402778   25.03%
   8849     0     1110.7264   892     1481.4449     Cuts: 103  1402939   25.02%
   8849     0     1110.7675   892     1481.4449      Cuts: 67  1403044   25.02%
   8849     0     1110.8043   913     1481.4449      Cuts: 40  1403156   25.02%
   8849     2     1110.8043   913     1481.4449     1110.8043  1403156   25.02%
   8850     3     1112.0882   852     1481.4449     1112.0885  1405601   24.93%
   8851     2     1152.7249   801     1481.4449     1112.0885  1410200   24.93%
   8853     4     1114.4468   833     1481.4449     1114.0327  1407299   24.80%
   8854     4     1139.5699   824     1481.4449     1114.0327  1410110   24.80%
   8855     5     1182.7960   778     1481.4449     1114.0327  1415894   24.80%
   8857     5     1115.2093   838     1481.4449     1114.0327  1414899   24.80%
Elapsed time = 485.07 sec. (204450.26 ticks, tree = 0.03 MB, solutions = 4)
   8858     6     1140.6053   825     1481.4449     1114.4792  1419109   24.77%
   8860     6     1115.2093   838     1481.4449     1114.4792  1414946   24.77%
   8861     7     1140.6053   830     1481.4449     1114.4792  1419160   24.77%
   8862     7     1182.9679   775     1481.4449     1114.4792  1422136   24.77%
   8864    11     1118.1696   872     1481.4449     1118.1709  1426095   24.52%
   8867     8     1169.5165   733     1481.4449     1118.1709  1423191   24.52%
   8871     7     1182.9930   773     1481.4449     1118.1709  1422229   24.52%
   8873     6     1155.9410   730     1481.4449     1118.1709  1420260   24.52%
   8878    19    infeasible           1481.4449     1118.1709  1439284   24.52%
   8880     9     1133.4788   849     1481.4449     1118.1709  1425904   24.52%
Elapsed time = 527.12 sec. (222048.06 ticks, tree = 0.03 MB, solutions = 4)
   8886    18     1216.8852   752     1481.4449     1118.2031  1432158   24.52%
   8891    11     1275.3739   752     1481.4449     1118.2031  1428670   24.52%
   8897    21     1221.1364   731     1481.4449     1118.2031  1440260   24.52%
   8899    20     1299.4514   804     1481.4449     1118.2031  1436712   24.52%
   8905    14     1174.6463   771     1481.4449     1118.2031  1436227   24.52%
   8910    19     1178.4321   742     1481.4449     1118.2031  1433922   24.52%
*  8919+   21                         1478.4739     1118.2031            24.37%
   8919    23     1190.3783   848     1478.4739     1118.2031  1460316   24.37%
*  8922+   21                         1468.3938     1118.2031            23.85%
*  8924+   21                         1461.4284     1118.2031            23.49%
   8927    21     1225.0998   728     1461.4284     1118.2031  1452190   23.49%
*  8931+   21                         1460.8058     1118.6970            23.42%
   8936    46     1226.9858   731     1460.8058     1118.6970  1583975   23.42%
   8946    44     1195.1522   815     1460.8058     1118.6970  1577764   23.42%
Elapsed time = 586.89 sec. (235582.38 ticks, tree = 0.23 MB, solutions = 8)
*  8948+   25                         1413.4679     1118.6970            20.85%
*  8954+   25                         1349.9901     1118.6970            17.13%
   8957    50     1224.7396   802     1349.9901     1118.6970  1594235   17.13%
*  8965+   25                         1348.8102     1118.6970            17.06%
*  8966+   25                         1348.4634     1118.6970            17.04%
   8969    53     1228.1864   747     1348.4634     1118.6970  1607979   17.04%
   8987    53     1192.9535   838     1348.4634     1120.1109  1607218   16.93%
   8995    60     1322.7904   793     1348.4634     1120.1109  1659512   16.93%
*  9004+   31                         1348.3473     1120.1109            16.93%
   9013    55     1239.3248   770     1348.3473     1120.1109  1610184   16.93%
   9043    80     1239.0929   759     1348.3473     1120.1109  1685105   16.93%
   9074    87     1234.1634   766     1348.3473     1120.1109  1691168   16.93%
   9127    99     1149.0975   870     1348.3473     1122.9732  1720280   16.71%
   9163   138     1251.4818   715     1348.3473     1122.9732  1764725   16.71%
   9199   102     1151.3085   908     1348.3473     1125.6629  1720915   16.52%
Elapsed time = 632.85 sec. (246288.14 ticks, tree = 3.08 MB, solutions = 33)
   9239    97     1143.2491   897     1348.3473     1125.6629  1713827   16.52%
   9293   126     1323.2634   907     1348.3473     1125.6629  1745715   16.52%
   9342   141     1339.5095   839     1348.3473     1125.6634  1770923   16.52%
   9401   227     1256.5248   637     1348.3473     1125.6634  1791248   16.52%
   9453   111     1179.0794   852     1348.3473     1125.6634  1741231   16.52%
   9507   268     1297.0300   929     1348.3473     1125.6634  1838229   16.52%
   9556   263     1253.4812   751     1348.3473     1125.6634  1830069   16.52%
   9609   338     1187.1511   817     1348.3473     1125.6634  1856544   16.52%
   9658   442     1202.2592   805     1348.3473     1125.6634  1906562   16.52%
   9716   295     1263.5737   700     1348.3473     1125.6634  1844826   16.52%
Elapsed time = 682.69 sec. (255984.00 ticks, tree = 20.80 MB, solutions = 43)
   9770   645     1255.9889   731     1348.3473     1125.6634  1981411   16.52%
   9841   590     1238.1326   637     1348.3473     1125.6634  1959291   16.52%
   9931   649     1209.9744   794     1348.3473     1125.6634  1987336   16.52%
  10049   546     1214.9677   760     1348.3473     1125.6634  1948609   16.52%
  10130   606     1248.3379   727     1348.3473     1125.6634  1963505   16.52%
  10233   528     1183.2529   843     1348.3473     1125.6634  1938196   16.52%
  10283   752     1236.9810   696     1348.3473     1125.6634  2049268   16.52%
  10336  1004        cutoff           1348.3473     1125.6634  2113368   16.52%
  10437   991     1344.2608   874     1348.3473     1125.6634  2109274   16.52%
  10789  1349     1255.5229   526     1348.3473     1125.6634  2198179   16.52%
Elapsed time = 757.44 sec. (268467.69 ticks, tree = 107.60 MB, solutions = 43)
  11340  1706     1269.8173   774     1348.3473     1125.6634  2268711   16.52%
  11935  1803     1218.2359   571     1348.3473     1125.6634  2292406   16.52%
  12399  2305     1339.1254   486     1348.3473     1125.6634  2362857   16.52%
  12772  2716     1177.0897   882     1348.3473     1125.6634  2468137   16.52%
  13223  2865     1316.5871   816     1348.3473     1125.6634  2490465   16.52%
  13721  3803     1338.9444   577     1348.3473     1125.6634  2727855   16.52%
  14175  3862     1264.7181   684     1348.3473     1127.3511  2752906   16.39%
  14675  4461     1326.7416   742     1348.3473     1127.3511  2887965   16.39%
  15184  5088     1237.4108   486     1348.3473     1127.3511  3015210   16.39%
  15672  5545     1251.0019   708     1348.3473     1127.3511  3119791   16.39%
Elapsed time = 996.46 sec. (306681.05 ticks, tree = 942.95 MB, solutions = 43)
  16305  5630     1224.0509   800     1348.3473     1127.3511  3135263   16.39%
  16838  6494     1228.0800   761     1348.3473     1127.3511  3295209   16.39%
  17375  6954     1242.7961   810     1348.3473     1127.3511  3381793   16.39%
  17899  7173     1186.9642   839     1348.3473     1133.9946  3425526   15.90%
  18385  7610     1248.8240   769     1348.3473     1143.7399  3526792   15.17%
  19012  8362     1295.9471   557     1348.3473     1143.7399  3657786   15.17%
  19708  9233     1324.5312   680     1348.3473     1147.4129  3811465   14.90%
  20357  9068     1235.5486   770     1348.3473     1147.4342  3779458   14.90%
  20948 10473     1301.7520   702     1348.3473     1147.4403  4008537   14.90%
  21480 10890     1296.0476   537     1348.3473     1147.4403  4080755   14.90%
Elapsed time = 1245.38 sec. (344882.95 ticks, tree = 2085.46 MB, solutions = 43)
Nodefile size = 28.14 MB (18.13 MB after compression)
  22038 11131     1198.9490   824     1348.3473     1147.4403  4138447   14.90%
  22693 11730     1271.5841   599     1348.3473     1147.4403  4255934   14.90%
  23336 12667     1251.1901   697     1348.3473     1148.2807  4409414   14.84%
  23985 13350     1231.1298   738     1348.3473     1148.2807  4524664   14.84%
  24652 13399     1261.1911   612     1348.3473     1151.9540  4528605   14.57%
  25480 14412     1317.5031   474     1348.3473     1158.3418  4683456   14.09%
  26307 14451     1315.3544   555     1348.3473     1158.3418  4687018   14.09%
  26890 15603     1318.3369   482     1348.3473     1158.3418  4847418   14.09%
  27454 16425     1311.6306   733     1348.3473     1158.3418  4963806   14.09%
  28123 16856     1302.8298   763     1348.3473     1159.2428  5029338   14.02%
Elapsed time = 1495.88 sec. (383090.76 ticks, tree = 3370.22 MB, solutions = 43)
Nodefile size = 1307.86 MB (880.06 MB after compression)
  28722 17439     1275.5098   391     1348.3473     1159.2428  5118892   14.02%
  29349 18014     1195.1517   906     1348.3473     1159.2428  5210764   14.02%
* 29578+18073                         1331.0225     1159.2428            12.91%
* 29583+18073                         1324.2425     1159.2428            12.46%
  30039 17121     1309.6829   609     1324.2425     1159.2428  5323637   12.46%
  30652 18544     1199.2621   860     1324.2425     1159.2428  5300447   12.46%
  31281 18400     1248.9392   794     1324.2425     1159.2428  5534714   12.46%
  31922 18231     1323.2920   375     1324.2425     1159.2428  5506158   12.46%
* 32543+18436                         1315.0833     1159.2428            11.85%
  32630 18789     1283.3538   413     1315.0833     1159.2428  5579815   11.85%
* 32848+18436                         1311.3979     1159.2428            11.60%
  33321 18956     1232.7149   844     1311.3979     1159.2428  5832377   11.60%
  33906 18788     1252.9924   569     1311.3979     1159.2428  5797265   11.60%
* 34094+18913                         1289.2431     1159.2428            10.08%
* 34343+18913                         1289.0954     1160.9300             9.94%
  34419 19547     1239.8820   805     1289.0954     1160.9300  5926049    9.94%
Elapsed time = 1743.08 sec. (421280.46 ticks, tree = 3928.65 MB, solutions = 47)
Nodefile size = 1871.25 MB (1266.22 MB after compression)
* 34682+19627                         1282.5847     1163.0329             9.32%
  34898 17478     1228.2672   802     1282.5847     1163.0329  6044323    9.32%
  35374 16595     1266.1814   511     1282.5847     1163.0329  6111122    9.32%
  35757 17268     1269.1313   840     1282.5847     1164.2838  6278776    9.22%
  36124 17102     1221.0856   838     1282.5847     1164.8040  6245183    9.18%
  36528 17783     1231.2505   789     1282.5847     1166.3042  6421320    9.07%
  36903 17927     1204.7124   844     1282.5847     1166.3042  6453122    9.07%
  37257 18699     1245.2303   825     1282.5847     1166.3042  6673869    9.07%
* 37443+18140                         1282.3990     1166.3042             9.05%
  37708 18827     1243.8378   841     1282.3990     1166.3042  6709713    9.05%
* 37952+19228                         1256.5521     1166.6162             7.16%
  37984 19219     1231.4871   779     1256.5521     1166.6162  6813587    7.16%
  38337 14327     1206.1970   884     1256.5521     1166.6890  6911801    7.15%
Elapsed time = 1990.23 sec. (459500.82 ticks, tree = 2644.20 MB, solutions = 53)
Nodefile size = 589.21 MB (399.81 MB after compression)
  38703 14708     1241.8286   866     1256.5521     1166.6890  7036323    7.15%
  39102 14857     1183.7767   748     1256.5521     1167.2636  7080591    7.11%
  39440 14691     1180.5270   882     1256.5521     1167.3540  7022613    7.10%
  39751 15141     1224.3442   826     1256.5521     1167.7042  7158627    7.07%
  40250 15813     1211.8627   857     1256.5521     1167.8206  7392902    7.06%
* 40365+15477                         1254.3964     1168.2232             6.87%
* 40530+15634                         1245.0699     1168.2232             6.17%
  40701 13825     1229.9471   812     1245.0699     1168.2232  7498800    6.17%
  41128 16020     1190.0100   780     1245.0699     1168.2232  7427264    6.17%
  41478 14206     1206.3376   786     1245.0699     1168.7410  7609529    6.13%
  41736 14630     1237.1367   748     1245.0699     1169.0175  7755079    6.11%
  42040 14701     1235.2215   764     1245.0699     1169.3661  7786493    6.08%
Elapsed time = 2241.02 sec. (497733.99 ticks, tree = 2742.96 MB, solutions = 60)
Nodefile size = 686.07 MB (464.55 MB after compression)
  42402 14892     1190.2139   916     1245.0699     1169.3661  7861200    6.08%
  42723 14986    infeasible           1245.0699     1169.3661  7896850    6.08%
  43019 15563     1231.9442   763     1245.0699     1170.1827  8100933    6.01%
  43329 15601     1234.3743   707     1245.0699     1170.1827  8117576    6.01%
* 43331+15867                         1244.4746     1170.1827             5.97%
  43656 15857     1191.9400   840     1244.4746     1170.1827  8232007    5.97%
* 43743+15289                         1244.3616     1170.6975             5.92%
  44009 15919     1231.5341   846     1244.3616     1170.6975  8203391    5.92%
  44316 16220     1206.1297   908     1244.3616     1171.8665  8384590    5.83%
  44636 16294        cutoff           1244.3616     1172.2041  8426115    5.80%
  44876 17025     1233.1130   895     1244.3616     1172.4098  8669718    5.78%
  45095 16944     1216.0473   920     1244.3616     1172.5152  8629982    5.77%
Elapsed time = 2487.59 sec. (536085.27 ticks, tree = 3205.77 MB, solutions = 62)
Nodefile size = 1149.51 MB (778.07 MB after compression)
  45401 16958     1221.4909   896     1244.3616     1172.5172  8640181    5.77%
  45726 17319     1198.8710   824     1244.3616     1172.5846  8806353    5.77%
  46103 17516        cutoff           1244.3616     1172.5846  8897694    5.77%
  46563 17775     1205.4476   860     1244.3616     1172.7063  8987433    5.76%
  46933 18525     1231.2547   795     1244.3616     1173.4802  9213351    5.70%
  47318 18703     1211.5671   881     1244.3616     1173.6113  9259691    5.69%
  47604 18777     1230.4085   875     1244.3616     1173.8997  9289189    5.66%
  47885 18780     1190.8202   921     1244.3616     1174.2900  9300683    5.63%
  48194 19321     1229.8954   868     1244.3616     1174.5526  9508280    5.61%
  48516 19533     1199.2684   912     1244.3616     1174.8260  9590799    5.59%
Elapsed time = 2729.20 sec. (574310.04 ticks, tree = 3662.83 MB, solutions = 62)
Nodefile size = 1603.31 MB (1083.98 MB after compression)
  48934 19972     1213.4725   848     1244.3616     1174.8260  9774744    5.59%
  49309 19935     1206.3763   870     1244.3616     1176.0799  9753555    5.49%
  49592 20500     1242.1765   766     1244.3616     1176.0799  9921853    5.49%
  49920 20692     1205.6428   703     1244.3616     1176.0799 10024027    5.49%
  50280 20890     1191.8739   857     1244.3616     1176.7441 10087326    5.43%
  50650 20806     1223.0197   913     1244.3616     1176.7550 10053399    5.43%
  51019 21326        cutoff           1244.3616     1176.7550 10262935    5.43%
  51506 21343     1217.3018   874     1244.3616     1176.9025 10249529    5.42%
  51852 21848     1203.3354   808     1244.3616     1177.1688 10454448    5.40%
  52103 22004     1230.7792   901     1244.3616     1177.3313 10506074    5.39%
Elapsed time = 2972.19 sec. (612549.25 ticks, tree = 4121.77 MB, solutions = 62)
Nodefile size = 2063.83 MB (1394.09 MB after compression)
  52443 22671     1243.4726   659     1244.3616     1177.5830 10692459    5.37%
  52769 22495     1240.5941   780     1244.3616     1178.0494 10620877    5.33%
  53119 22662     1199.0429   896     1244.3616     1178.0494 10703635    5.33%
  53404 23357     1209.6381   863     1244.3616     1178.4570 11002300    5.30%
  53667 23385     1243.6544   791     1244.3616     1178.4570 11012053    5.30%
  53952 23628     1200.6378   882     1244.3616     1178.8458 11124376    5.27%
  54189 23952     1205.5556   863     1244.3616     1178.8587 11267261    5.26%
  54489 23793     1233.3656   836     1244.3616     1178.8587 11190614    5.26%
  54811 23942        cutoff           1244.3616     1178.8587 11255426    5.26%
  55124 24153     1241.0945   747     1244.3616     1179.0916 11385050    5.25%
Elapsed time = 3215.46 sec. (650823.45 ticks, tree = 4590.46 MB, solutions = 62)
Nodefile size = 2533.04 MB (1712.97 MB after compression)
  55378 24369     1234.7773   897     1244.3616     1179.2327 11515978    5.23%
  55745 24483     1191.8864   801     1244.3616     1179.2327 11559940    5.23%
  56101 25140    infeasible           1244.3616     1179.3127 11787210    5.23%
  56469 25090     1232.2639   800     1244.3616     1179.3127 11773186    5.23%
  56818 25583     1225.1319   866     1244.3616     1180.0330 12005265    5.17%
  57168 25777     1213.6879   826     1244.3616     1180.0330 12068684    5.17%
  57590 25654        cutoff           1244.3616     1180.5520 12049947    5.13%
  57964 26415     1242.7747   777     1244.3616     1180.7212 12292962    5.11%
  58248 26359     1216.4078   853     1244.3616     1180.7846 12276752    5.11%
  58530 26817     1195.5263   828     1244.3616     1180.9498 12439131    5.10%
Elapsed time = 3459.39 sec. (689042.83 ticks, tree = 4971.07 MB, solutions = 62)
Nodefile size = 2912.81 MB (1966.70 MB after compression)
  58892 27122     1243.8468   686     1244.3616     1181.1924 12555497    5.08%
  59307 27245        cutoff           1244.3616     1181.3620 12619278    5.06%
  59689 27461     1216.7368   794     1244.3616     1181.6219 12714081    5.04%
  60067 27834     1212.1914   582     1244.3616     1181.6440 12859227    5.04%
  60326 27718     1206.9676   880     1244.3616     1181.6440 12832804    5.04%
* 60508+28161                         1244.1362     1181.7949             5.01%
* 60544+28161                         1244.0201     1181.7949             5.00%
  60559 27925        cutoff           1244.0201     1181.7949 12867640    5.00%
* 60560+28161                         1241.9602     1181.7949             4.84%
* 60632+28161                         1239.6509     1181.7949             4.67%
* 60657+28161                         1238.3705     1181.7949             4.57%
* 60686+28161                         1237.1191     1181.7949             4.47%
* 60688+28161                         1230.2355     1181.7949             3.94%
  60721 28809     1227.7245   775     1230.2355     1181.7949 13190526    3.94%
  60880 28604     1221.5479   763     1230.2355     1181.7949 13160586    3.94%
  61059 28621     1208.9199   834     1230.2355     1181.7949 13163896    3.94%
  61343 28742     1190.6367   878     1230.2355     1181.7949 13224983    3.94%
Elapsed time = 3683.88 sec. (727418.76 ticks, tree = 5559.99 MB, solutions = 71)
Nodefile size = 3508.46 MB (2371.92 MB after compression)
  61703 28807     1188.0551   814     1230.2355     1181.7949 13357867    3.94%
  62030 28842     1211.2760   866     1230.2355     1182.2704 13371009    3.90%
  62456 29094        cutoff           1230.2355     1182.2704 13482861    3.90%
  62894 28827     1204.6477   917     1230.2355     1182.2704 13372692    3.90%
  63287 29345        cutoff           1230.2355     1182.2704 13573201    3.90%
  63700 28994     1224.5720   867     1230.2355     1182.2704 13440644    3.90%
  64145 29972     1230.3929   722     1230.2355     1182.2704 13746842    3.90%
  64512 30122     1231.0043   803     1230.2355     1183.7926 13802469    3.78%
  64937 27462     1221.2776   909     1230.2355     1183.8428 13925526    3.77%
  65433 27418     1200.5871   647     1230.2355     1184.0904 13896701    3.75%
Elapsed time = 3921.60 sec. (765693.14 ticks, tree = 5161.52 MB, solutions = 90)
Nodefile size = 3086.44 MB (2091.35 MB after compression)
  66010 25881     1196.5801   757     1230.2355     1184.1656 14277636    3.74%
  66507 25194        cutoff           1230.2355     1184.3055 14047815    3.73%
  66979 25904     1221.3674   808     1230.2355     1184.4137 14283809    3.72%
  67415 26538     1206.4193   894     1230.2355     1184.4985 14533666    3.72%
  67744 26378        cutoff           1230.2355     1184.6427 14486652    3.71%
  68041 26603     1198.3885   837     1230.2355     1184.7558 14563499    3.70%
  68361 26909     1217.2616   875     1230.2355     1184.8892 14622951    3.69%
  68765 27297     1191.1902   831     1230.2355     1185.0745 14737056    3.67%
  69206 27594        cutoff           1230.2355     1185.1889 14840919    3.66%
  69570 27732     1212.0172   866     1230.2355     1185.2070 14915196    3.66%
Elapsed time = 4155.18 sec. (803961.02 ticks, tree = 5125.66 MB, solutions = 90)
Nodefile size = 3056.11 MB (2074.93 MB after compression)
  70059 28108     1206.9436   668     1230.2355     1185.2070 15080720    3.66%
  70555 28254     1210.6772   617     1230.2355     1185.2070 15137858    3.66%
  71100 28944     1214.3931   909     1230.2355     1185.3653 15425849    3.65%
* 71371+28291                         1229.1633     1185.3653             3.56%
  71457 28469     1220.6030   536     1229.1633     1185.3653 15224435    3.56%
  71938 29195     1223.5560   555     1229.1633     1185.3653 15567123    3.56%
* 71964+29214                         1228.7626     1185.3653             3.53%
  72403 28906     1221.0718   710     1228.7626     1185.3653 15531301    3.53%
  72765 29297     1207.8540   865     1228.7626     1185.8486 15722993    3.49%
  73215 29131     1204.7636   812     1228.7626     1185.8486 15679060    3.49%
  73665 30194     1205.7629   658     1228.7626     1186.3650 15961305    3.45%
  74233 30051     1190.6452   825     1228.7626     1186.5466 15937144    3.44%
Elapsed time = 4395.94 sec. (842187.61 ticks, tree = 5544.73 MB, solutions = 96)
Nodefile size = 3481.30 MB (2353.76 MB after compression)
  74697 29711        cutoff           1228.7626     1186.7569 15860205    3.42%
  75185 30080     1226.4547   782     1228.7626     1186.7720 15943988    3.42%
  75673 30589     1211.4692   910     1228.7626     1186.7720 16149919    3.42%
  76189 30829     1213.5360   882     1228.7626     1186.9565 16214154    3.40%
  76626 30856     1220.2608   725     1228.7626     1186.9565 16216888    3.40%
  77147 31959     1210.9902   644     1228.7626     1186.9565 16481830    3.40%
  77654 31931     1226.5571   673     1228.7626     1187.5745 16495823    3.35%
  78133 32180     1214.7583   570     1228.7626     1187.7409 16524858    3.34%
  78606 32803     1221.5595   739     1228.7626     1187.8645 16798180    3.33%
  79029 33188        cutoff           1228.7626     1187.9648 16889368    3.32%
Elapsed time = 4630.10 sec. (880428.53 ticks, tree = 6271.58 MB, solutions = 96)
Nodefile size = 4212.28 MB (2836.99 MB after compression)
  79482 32794     1221.6129   847     1228.7626     1188.1260 16779945    3.31%
  79955 33745     1219.3991   643     1228.7626     1188.1641 17044553    3.30%
  80344 33959        cutoff           1228.7626     1188.2947 17170978    3.29%
  80869 33732     1223.2021   821     1228.7626     1188.3426 17061457    3.29%
  81294 34822        cutoff           1228.7626     1188.5036 17496279    3.28%
  81939 34099     1198.0756   826     1228.7626     1188.5036 17225798    3.28%
  82528 35270     1216.7403   630     1228.7626     1188.5036 17623022    3.28%
  82962 34958        cutoff           1228.7626     1188.5036 17556267    3.28%
  83361 34857     1202.7538   874     1228.7626     1188.7418 17531566    3.26%
  83846 35870     1225.6783   877     1228.7626     1188.9326 17798676    3.24%
Elapsed time = 4857.39 sec. (918682.14 ticks, tree = 6626.58 MB, solutions = 96)
Nodefile size = 4562.34 MB (3060.17 MB after compression)
  84425 36673     1223.2638   837     1228.7626     1189.0614 18034675    3.23%
  84859 36700    infeasible           1228.7626     1189.0614 18048303    3.23%
  85263 36170     1205.8674   849     1228.7626     1189.0614 17908327    3.23%
  85782 36448     1195.6365   789     1228.7626     1189.3088 17977449    3.21%
  86101 37808     1211.0555   775     1228.7626     1189.3905 18409945    3.20%
  86538 37167        cutoff           1228.7626     1189.6400 18142846    3.18%
  86965 38415     1224.2279   773     1228.7626     1189.6938 18557089    3.18%
  87401 38873        cutoff           1228.7626     1189.9848 18728292    3.16%
  87831 38818     1225.0352   523     1228.7626     1190.0519 18665380    3.15%
  88293 38438        cutoff           1228.7626     1190.1030 18565874    3.15%
Elapsed time = 5089.97 sec. (956879.08 ticks, tree = 7229.19 MB, solutions = 96)
Nodefile size = 5162.91 MB (3454.53 MB after compression)
  88846 39057     1210.8899   761     1228.7626     1190.2529 18807487    3.13%
  89412 39676     1222.9584   551     1228.7626     1190.3497 19039983    3.13%
  89836 39429     1221.4704   865     1228.7626     1190.4639 18978622    3.12%
  90224 39248        cutoff           1228.7626     1190.5486 18921372    3.11%
  90652 39356        cutoff           1228.7626     1190.7085 18959816    3.10%
  91061 40224     1206.1938   835     1228.7626     1190.8017 19170831    3.09%
  91447 41201     1223.9468   596     1228.7626     1190.9705 19557908    3.08%
  91781 40533     1228.6157   839     1228.7626     1191.0710 19273344    3.07%
  92172 41555     1216.3644   837     1228.7626     1191.1309 19732270    3.06%
  92575 41081        cutoff           1228.7626     1191.2197 19515301    3.06%
Elapsed time = 5319.09 sec. (995109.63 ticks, tree = 7742.10 MB, solutions = 96)
Nodefile size = 5681.37 MB (3796.85 MB after compression)
  93155 41401     1222.5312   839     1228.7626     1191.3000 19682715    3.05%
  93763 41325     1227.8059   732     1228.7626     1191.3080 19644281    3.05%
  94280 41824     1206.8504   848     1228.7626     1191.3080 19833740    3.05%
  94736 42319     1205.5439   871     1228.7626     1191.3080 20056815    3.05%
  95170 42153     1209.6953   653     1228.7626     1191.3080 20007997    3.05%
  95566 42260     1209.5257   654     1228.7626     1191.8303 20035648    3.01%
  96002 43578     1228.4255   831     1228.7626     1191.9678 20384463    2.99%
  96427 42961     1199.9048   756     1228.7626     1191.9804 20217554    2.99%
  96813 44554     1211.3612   770     1228.7626     1192.0551 20637011    2.99%
  97337 44090     1226.1952   824     1228.7626     1192.0901 20466751    2.98%
Elapsed time = 5560.57 sec. (1033335.01 ticks, tree = 8212.17 MB, solutions = 96)
Nodefile size = 6131.15 MB (4080.04 MB after compression)
  97708 44303        cutoff           1228.7626     1192.1787 20543816    2.98%
  98142 44788     1211.9229   935     1228.7626     1192.3117 20745911    2.97%
  98579 45297     1222.0156   743     1228.7626     1192.3559 20886730    2.96%
  99125 44858     1225.4621   562     1228.7626     1192.4416 20752306    2.96%
  99657 44722        cutoff           1228.7626     1192.4795 20718497    2.95%
 100131 46175     1228.1405   706     1228.7626     1192.5600 21170817    2.95%
 100578 45540     1228.6852   592     1228.7626     1192.7615 20950629    2.93%
 101044 45879     1220.3966   847     1228.7626     1192.8535 21089082    2.92%
 101528 46523        cutoff           1228.7626     1192.9160 21260712    2.92%
 102176 46021     1207.4920   708     1228.7626     1192.9804 21153887    2.91%
Elapsed time = 5794.18 sec. (1071542.42 ticks, tree = 8673.32 MB, solutions = 96)
Nodefile size = 6607.09 MB (4392.91 MB after compression)
 102679 46687     1212.6541   831     1228.7626     1192.9804 21314538    2.91%
 103235 47775    infeasible           1228.7626     1193.1881 21666432    2.90%
 103859 47451     1219.2241   708     1228.7626     1193.2090 21555434    2.89%
 104314 47585     1217.6679   626     1228.7626     1193.2895 21587909    2.89%
 104672 48471     1212.0031   679     1228.7626     1193.3172 21847793    2.88%
 105074 49204     1195.1786   808     1228.7626     1193.3367 22092341    2.88%
 105563 49105     1212.4723   671     1228.7626     1193.5058 22006357    2.87%
 105959 48682     1211.1053   815     1228.7626     1193.5286 21936229    2.87%
 106441 49385     1206.7445   803     1228.7626     1193.6311 22137734    2.86%
 106962 49187     1216.6983   721     1228.7626     1193.7074 22074958    2.85%
Elapsed time = 6023.30 sec. (1109748.60 ticks, tree = 9417.98 MB, solutions = 96)
Nodefile size = 7356.48 MB (4883.04 MB after compression)
 107419 50352     1227.8117   643     1228.7626     1193.7401 22407513    2.85%
 107863 50229     1223.9593   779     1228.7626     1193.9048 22378505    2.84%
 108402 50290     1217.3417   814     1228.7626     1193.9595 22395884    2.83%
 108944 51277     1209.2301   788     1228.7626     1193.9904 22690246    2.83%
 109331 51975     1213.7172   831     1228.7626     1194.0964 22960251    2.82%
 109839 52477     1221.9907   576     1228.7626     1194.1817 23063737    2.81%
 110352 52628        cutoff           1228.7626     1194.2768 23108779    2.81%
 110936 52639     1201.3153   760     1228.7626     1194.3656 23111856    2.80%
 111471 52651     1209.4180   780     1228.7626     1194.3909 23136592    2.80%
 112013 53161     1207.5082   861     1228.7626     1194.3918 23280429    2.80%
Elapsed time = 6252.37 sec. (1147938.47 ticks, tree = 9876.65 MB, solutions = 96)
Nodefile size = 7810.07 MB (5166.67 MB after compression)
 112799 53320     1217.1202   580     1228.7626     1194.5659 23300591    2.78%
 113676 52995     1199.9810   787     1228.7626     1194.6393 23245120    2.78%
*114316+54351                         1227.3330     1194.7444             2.66%
 114462 53459     1227.8832   565     1227.3330     1194.7444 23307705    2.66%
 115190 53618     1209.1065   645     1227.3330     1194.8432 23361714    2.65%
 115897 54141     1218.4392   591     1227.3330     1194.8937 23493935    2.64%
 116495 55252     1199.8798   712     1227.3330     1194.9596 23717757    2.64%
 117122 54596     1200.8312   717     1227.3330     1195.0552 23592885    2.63%
 117926 54459     1222.5059   645     1227.3330     1195.0552 23853746    2.63%
 118571 56358     1211.9807   807     1227.3330     1195.0552 24223894    2.63%
 119094 54314     1215.2135   491     1227.3330     1195.0552 23828336    2.63%
Elapsed time = 6486.16 sec. (1186125.11 ticks, tree = 10223.91 MB, solutions = 97)
Nodefile size = 8115.10 MB (5361.85 MB after compression)
 119627 57235     1224.6102   819     1227.3330     1195.3612 24377097    2.60%
 120154 57405     1218.5019   631     1227.3330     1195.4982 24414660    2.59%
 120677 57761     1216.1355   592     1227.3330     1195.4982 24554458    2.59%
 121154 56883    infeasible           1227.3330     1195.7059 24336183    2.58%
 121650 56797        cutoff           1227.3330     1195.7204 24307316    2.58%
 122271 58672     1201.2719   626     1227.3330     1195.7204 24789659    2.58%
 122977 58181        cutoff           1227.3330     1195.8116 24707602    2.57%
 123771 58648        cutoff           1227.3330     1195.8502 24774624    2.57%
 124562 59659     1205.1687   698     1227.3330     1195.9057 25089265    2.56%
 125222 60710     1223.1843   637     1227.3330     1196.0834 25257502    2.55%
Elapsed time = 6715.53 sec. (1224392.94 ticks, tree = 11241.68 MB, solutions = 97)
Nodefile size = 9174.34 MB (6038.92 MB after compression)
 125954 59905     1207.1499   593     1227.3330     1196.1258 25143848    2.54%
 126821 61052     1205.8704   649     1227.3330     1196.2030 25313922    2.54%
 127562 59836     1219.3360   597     1227.3330     1196.2365 25101831    2.53%
 128205 61392     1223.1626   862     1227.3330     1196.3510 25418346    2.52%
 128755 63559     1226.8777   556     1227.3330     1196.3675 25661721    2.52%
 129303 64143     1202.0389   738     1227.3330     1196.4797 25788291    2.51%
 130022 62003     1218.8333   634     1227.3330     1196.5008 25511907    2.51%
 130752 62732     1222.2812   605     1227.3330     1196.5365 25575267    2.51%
 131446 63131     1222.2578   678     1227.3330     1196.5917 25626478    2.50%
 132316 64856     1206.7835   601     1227.3330     1196.6544 25958255    2.50%
Elapsed time = 6951.66 sec. (1262575.73 ticks, tree = 12232.17 MB, solutions = 97)
Nodefile size = 10157.01 MB (6674.67 MB after compression)
 133139 64997     1217.6910   621     1227.3330     1196.6820 25971817    2.50%
 133896 66794     1214.8899   617     1227.3330     1196.7730 26255736    2.49%
 134674 65161     1220.4521   616     1227.3330     1196.8405 26006545    2.48%
 135435 65192        cutoff           1227.3330     1196.8895 26038841    2.48%
 136315 66071     1211.8362   645     1227.3330     1196.9342 26150362    2.48%
 137215 67286     1219.8577   613     1227.3330     1197.0376 26319410    2.47%
 138035 66649     1223.7127   685     1227.3330     1197.0769 26219823    2.47%
 138616 68055     1211.8869   604     1227.3330     1197.1503 26454366    2.46%
 139334 67703     1210.9181   807     1227.3330     1197.2496 26421984    2.45%
 140328 68847     1210.0930   663     1227.3330     1197.3195 26568056    2.45%
Elapsed time = 7170.89 sec. (1300775.75 ticks, tree = 13171.23 MB, solutions = 97)
Nodefile size = 11105.55 MB (7293.96 MB after compression)
 141352 70088        cutoff           1227.3330     1197.3750 26763053    2.44%
 142166 69851     1223.5277   642     1227.3330     1197.4636 26712694    2.43%
 142648 70628    infeasible           1227.3330     1197.4827 26838511    2.43%
 143295 71869     1210.0066   606     1227.3330     1197.5241 27016367    2.43%
 144212 74205     1218.5100   649     1227.3330     1197.5982 27331519    2.42%
 145277 73562     1212.4060   654     1227.3330     1197.6405 27256717    2.42%
 146061 74623     1216.0242   608     1227.3330     1197.6610 27411837    2.42%
 147017 75963     1222.6785   548     1227.3330     1197.7032 27656086    2.41%
 147981 75380        cutoff           1227.3330     1197.7032 27545303    2.41%
 148884 77513     1205.9001   666     1227.3330     1197.7032 27870569    2.41%
Elapsed time = 7389.77 sec. (1338973.86 ticks, tree = 13805.71 MB, solutions = 97)
Nodefile size = 11735.69 MB (7664.86 MB after compression)
 149695 74711     1205.5367   788     1227.3330     1197.7032 27460047    2.41%
 150672 76730     1226.7413   636     1227.3330     1197.7032 27767966    2.41%
 151557 77948     1213.6804   647     1227.3330     1197.7032 27915528    2.41%
 152370 80460     1219.8068   737     1227.3330     1198.0127 28207887    2.39%
 153315 78785     1222.4706   630     1227.3330     1198.1016 28041760    2.38%
 154053 78536        cutoff           1227.3330     1198.1315 28009808    2.38%
 154839 81610     1217.8333   606     1227.3330     1198.1809 28329421    2.38%
 155515 80548     1213.0414   654     1227.3330     1198.2577 28214481    2.37%
 156244 81683     1215.5047   653     1227.3330     1198.3077 28335789    2.36%
 157120 84552     1205.8151   700     1227.3330     1198.3318 28764290    2.36%
Elapsed time = 7626.57 sec. (1377153.88 ticks, tree = 15476.63 MB, solutions = 97)
Nodefile size = 13403.62 MB (8742.04 MB after compression)
 157826 82010     1226.5051   589     1227.3330     1198.4100 28377885    2.36%
 158569 83313     1209.4626   641     1227.3330     1198.4749 28577406    2.35%
 159478 85021     1203.0166   611     1227.3330     1198.4749 28824622    2.35%
 160356 83891     1213.3926   601     1227.3330     1198.5700 28655981    2.34%
 161123 86837     1221.9738   565     1227.3330     1198.5700 29075568    2.34%
 161941 87582        cutoff           1227.3330     1198.6974 29175178    2.33%
 162528 85696     1215.7054   822     1227.3330     1198.7385 28928121    2.33%
 163240 87938     1204.0316   729     1227.3330     1198.7935 29215816    2.33%
 163992 89808     1218.2817   648     1227.3330     1198.8535 29502234    2.32%
 164479 89408     1201.2401   728     1227.3330     1198.8688 29436465    2.32%
Elapsed time = 7859.17 sec. (1415333.84 ticks, tree = 16638.09 MB, solutions = 97)
Nodefile size = 14568.02 MB (9497.80 MB after compression)
 165067 89955     1226.7995   730     1227.3330     1198.9652 29542979    2.31%
 165741 88594     1223.3909   638     1227.3330     1198.9962 29308681    2.31%
 166386 90003     1223.1987   682     1227.3330     1199.0440 29529169    2.30%
 166966 92415        cutoff           1227.3330     1199.0440 29976890    2.30%
 167763 92304     1219.5703   581     1227.3330     1199.0440 29884948    2.30%
 168573 93434     1209.6260   663     1227.3330     1199.1368 30120093    2.30%
 169327 93030     1209.3609   821     1227.3330     1199.1739 30044467    2.29%
 170192 93327     1206.3082   677     1227.3330     1199.2909 30091773    2.28%
 170941 92428     1206.5013   594     1227.3330     1199.3107 29937482    2.28%
 171726 93489     1209.5906   639     1227.3330     1199.3107 30114410    2.28%
Elapsed time = 8074.37 sec. (1453580.52 ticks, tree = 17170.45 MB, solutions = 97)
Nodefile size = 15054.34 MB (9810.35 MB after compression)
 172840 94596     1226.3116   746     1227.3330     1199.3107 30401517    2.28%
 173720 94155     1218.6995   667     1227.3330     1199.4634 30329790    2.27%
 174682 96369     1220.7811   787     1227.3330     1199.4875 30652881    2.27%
 175679 98918     1207.5083   621     1227.3330     1199.5734 30923786    2.26%
 176550 97073     1225.7398   568     1227.3330     1199.6334 30730585    2.26%
 177353 96253     1223.1285   591     1227.3330     1199.6446 30572182    2.26%
 178205 99665     1225.9035   553     1227.3330     1199.6793 30989278    2.25%
 178945 98738     1205.4468   715     1227.3330     1199.6907 30895243    2.25%
 179707 98812     1225.9974   611     1227.3330     1199.7791 30916494    2.25%
 180663 98558     1203.4859   657     1227.3330     1199.8058 30878518    2.24%
Elapsed time = 8323.59 sec. (1491764.09 ticks, tree = 17699.62 MB, solutions = 97)
Nodefile size = 15586.58 MB (10130.37 MB after compression)
 181488 103054     1211.7709   631     1227.3330     1199.8219 31397501    2.24%
 182537 103331     1219.1548   672     1227.3330     1199.9226 31427539    2.23%
 183624 101561     1210.7941   832     1227.3330     1199.9344 31228488    2.23%
 184601 104762     1213.4687   542     1227.3330     1199.9720 31603888    2.23%
 185459 103592     1220.9428   679     1227.3330     1200.0057 31451971    2.23%
 186725 106280     1213.5261   669     1227.3330     1200.0575 31741508    2.22%
 188021 107440     1226.9017   620     1227.3330     1200.0896 31878336    2.22%
 189242 110125     1207.2550   746     1227.3330     1200.1776 32109995    2.21%
 190646 106332     1216.6155   640     1227.3330     1200.2219 31766371    2.21%
 191932 106061     1205.9078   674     1227.3330     1200.2519 31719593    2.21%
Elapsed time = 8576.79 sec. (1529938.69 ticks, tree = 19527.78 MB, solutions = 97)
Nodefile size = 17431.02 MB (11330.47 MB after compression)
 193013 111020     1209.5276   477     1227.3330     1200.2880 32179894    2.20%
 193836 109775     1210.8623   841     1227.3330     1200.3261 32083883    2.20%
 194763 113082     1204.4435   636     1227.3330     1200.3506 32402998    2.20%
 195677 109646     1222.9409   576     1227.3330     1200.3963 32067587    2.19%
 196641 116027     1213.6091   668     1227.3330     1200.4346 32669211    2.19%
 197518 114720     1220.3102   478     1227.3330     1200.4885 32547814    2.19%
 198515 118233     1222.3676   709     1227.3330     1200.5212 32915962    2.18%
 199506 118844     1224.4159   624     1227.3330     1200.5509 32975800    2.18%
 200326 117817        cutoff           1227.3330     1200.5565 32843492    2.18%
 201288 117111     1208.3193   660     1227.3330     1200.5906 32783639    2.18%
Elapsed time = 8767.46 sec. (1568120.54 ticks, tree = 21975.97 MB, solutions = 97)
Nodefile size = 19901.11 MB (12934.90 MB after compression)
 202144 118862     1202.0248   657     1227.3330     1200.6178 32983757    2.18%
 203366 120207     1218.0035   544     1227.3330     1200.6628 33173586    2.17%
 204671 118988     1219.4540   524     1227.3330     1200.6668 32990230    2.17%
 205881 119393     1208.4424   636     1227.3330     1200.6882 33031833    2.17%
 207175 122302     1212.5812   671     1227.3330     1200.7038 33412162    2.17%
 208320 120854     1213.2172   658     1227.3330     1200.7299 33224464    2.17%
 209362 123901     1207.0726   511     1227.3330     1200.7450 33592105    2.17%
 210530 128355     1221.5366   615     1227.3330     1200.8041 33985404    2.16%
 211794 124689     1220.1861   644     1227.3330     1200.8400 33657999    2.16%
 212924 128825     1210.1300   647     1227.3330     1200.8570 34032438    2.16%
Elapsed time = 9030.60 sec. (1606307.53 ticks, tree = 23369.42 MB, solutions = 97)
Nodefile size = 21287.99 MB (13781.95 MB after compression)
 213927 127403     1219.0998   638     1227.3330     1200.8599 33908713    2.16%
 214930 130343        cutoff           1227.3330     1200.8965 34173524    2.15%
 216043 130726     1225.4372   451     1227.3330     1200.9268 34238115    2.15%
 217304 131965     1208.4122   669     1227.3330     1200.9524 34352692    2.15%
 218580 130804     1224.7080   588     1227.3330     1200.9978 34244788    2.15%
 219621 132791     1208.2746   665     1227.3330     1201.0036 34416258    2.15%
 220810 131569     1210.0158   663     1227.3330     1201.0205 34308474    2.14%
 221985 134826     1219.8033   613     1227.3330     1201.0451 34651596    2.14%
 223136 137852     1209.4759   487     1227.3330     1201.0728 34950927    2.14%
 224466 138951     1208.2029   671     1227.3330     1201.1263 35031927    2.14%
Elapsed time = 9247.20 sec. (1644478.64 ticks, tree = 25826.24 MB, solutions = 97)
Nodefile size = 23733.95 MB (15372.17 MB after compression)
 225579 139802     1207.0535   612     1227.3330     1201.1841 35127661    2.13%
 227051 142798     1212.9093   582     1227.3330     1201.2038 35397979    2.13%
 228323 140750     1206.1746   500     1227.3330     1201.2121 35225040    2.13%
 229668 143759     1209.4241   551     1227.3330     1201.2383 35490718    2.13%
 231136 139687     1220.1676   636     1227.3330     1201.2730 35102959    2.12%
 232554 144204     1215.1245   519     1227.3330     1201.2988 35530770    2.12%
 233766 146943     1208.4811   699     1227.3330     1201.3309 35758161    2.12%
 234952 145810     1212.5480   624     1227.3330     1201.3664 35666832    2.12%
 236099 147510     1212.8048   683     1227.3330     1201.3804 35800667    2.11%
 237349 151543     1219.0947   646     1227.3330     1201.3891 36094015    2.11%
Elapsed time = 9483.17 sec. (1682660.85 ticks, tree = 28884.51 MB, solutions = 97)
Nodefile size = 26808.44 MB (17374.64 MB after compression)
 238710 148634     1225.6035   651     1227.3330     1201.4241 35883186    2.11%
 240073 147996     1225.0436   683     1227.3330     1201.4424 35830162    2.11%
 241407 151381     1214.3407   636     1227.3330     1201.4470 36086915    2.11%
 242560 152115     1219.3648   469     1227.3330     1201.5084 36140231    2.10%
 243710 155254     1216.5591   714     1227.3330     1201.5254 36393563    2.10%
 245148 157958     1209.8633   572     1227.3330     1201.5292 36616443    2.10%
 246538 160281     1207.4341   670     1227.3330     1201.5664 36798207    2.10%
 247729 161909     1216.0603   613     1227.3330     1201.5840 36936218    2.10%
 248751 160692     1202.1528   674     1227.3330     1201.5896 36845974    2.10%
 249815 161656     1211.9740   926     1227.3330     1201.6310 36924437    2.09%
Elapsed time = 9704.03 sec. (1720826.99 ticks, tree = 31275.14 MB, solutions = 97)
Nodefile size = 29202.06 MB (18930.73 MB after compression)
 250930 160674     1207.4454   634     1227.3330     1201.6606 36834924    2.09%
 252415 163865        cutoff           1227.3330     1201.6621 37125018    2.09%
 253873 166760     1208.7361   639     1227.3330     1201.6924 37395506    2.09%
 255302 167384     1217.3437   647     1227.3330     1201.7008 37451897    2.09%
 256800 166456     1203.1984   694     1227.3330     1201.7069 37361034    2.09%
 258139 165286     1226.8747   593     1227.3330     1201.7389 37258562    2.09%
 259497 165984     1206.3311   663     1227.3330     1201.7511 37318724    2.08%
 260979 169046     1226.9286   389     1227.3330     1201.7561 37610561    2.08%
 262249 170437     1205.7182   542     1227.3330     1201.7798 37721119    2.08%
 263401 174027     1220.2122   641     1227.3330     1201.7832 37981843    2.08%
Elapsed time = 9938.80 sec. (1759007.40 ticks, tree = 32859.65 MB, solutions = 97)
Nodefile size = 30763.11 MB (19893.67 MB after compression)
 264865 172278     1216.5351   626     1227.3330     1201.7844 37872491    2.08%
 266448 174463     1215.8466   560     1227.3330     1201.7844 38025594    2.08%
 267867 176612     1206.2747   608     1227.3330     1201.7844 38181174    2.08%
 269112 174380     1209.6733   533     1227.3330     1201.7844 38013603    2.08%
 270587 180584    infeasible           1227.3330     1201.7844 38490983    2.08%
 272136 177274     1216.7953   645     1227.3330     1201.8529 38241657    2.08%
 273628 182760     1219.2416   621     1227.3330     1201.8736 38672890    2.07%
 275248 180958     1216.0221   658     1227.3330     1201.8867 38517346    2.07%
 276785 182091     1209.7488   652     1227.3330     1201.8980 38605317    2.07%
 278158 187837     1208.7695   527     1227.3330     1201.9073 39038746    2.07%
Elapsed time = 10165.36 sec. (1797171.82 ticks, tree = 36210.80 MB, solutions = 97)
Nodefile size = 34117.27 MB (22081.76 MB after compression)
 279633 186443     1212.2399   629     1227.3330     1201.9281 38949751    2.07%
 281050 184663     1207.1254   933     1227.3330     1201.9443 38810220    2.07%
 282281 186835     1213.7230   495     1227.3330     1201.9767 38976394    2.07%
 283759 192748     1212.6698   659     1227.3330     1201.9874 39402267    2.07%
 285090 188995     1222.2432   923     1227.3330     1202.0012 39123700    2.06%
 286498 195829        cutoff           1227.3330     1202.0109 39626875    2.06%
 288010 197945     1214.1541   652     1227.3330     1202.0265 39792180    2.06%
 289502 196262     1222.5505   639     1227.3330     1202.0373 39667449    2.06%
 290968 197192     1207.6544   619     1227.3330     1202.0475 39724234    2.06%
 292425 202409     1206.4301   539     1227.3330     1202.0475 40142845    2.06%
Elapsed time = 10408.53 sec. (1835341.02 ticks, tree = 39754.34 MB, solutions = 97)
Nodefile size = 37677.16 MB (24406.52 MB after compression)
 293803 201175        cutoff           1227.3330     1202.0475 40049154    2.06%
 295430 199005     1210.4487   658     1227.3330     1202.0475 39893748    2.06%
 297002 205777     1207.9509   839     1227.3330     1202.0475 40399808    2.06%
 298353 206656     1223.1373   610     1227.3330     1202.0539 40468004    2.06%
 299656 203080     1203.0154   719     1227.3330     1202.0869 40196994    2.06%
 301037 206613     1226.9061   615     1227.3330     1202.0962 40460967    2.06%
 302548 207209     1216.5850   641     1227.3330     1202.1018 40512618    2.06%
 304050 207941     1220.1716   514     1227.3330     1202.1218 40561682    2.05%
 305205 207506     1215.4975   645     1227.3330     1202.1362 40538377    2.05%
 306357 214707     1224.5551   719     1227.3330     1202.1653 41033431    2.05%
Elapsed time = 10650.51 sec. (1873517.88 ticks, tree = 42746.32 MB, solutions = 97)
Nodefile size = 40657.80 MB (26345.68 MB after compression)
 307537 216177     1221.7360   615     1227.3330     1202.1785 41147534    2.05%
 308847 215797     1226.7692   640     1227.3330     1202.1827 41119446    2.05%
 310361 217797     1216.3933   654     1227.3330     1202.1932 41263497    2.05%
 311976 219157     1226.3694   603     1227.3330     1202.2072 41369216    2.05%
 313414 217158     1208.9571   633     1227.3330     1202.2104 41206981    2.05%
 314845 222801     1224.9641   514     1227.3330     1202.2255 41614111    2.05%
 316527 223809     1216.7270   583     1227.3330     1202.2354 41681983    2.04%
 318181 225603     1224.5299   365     1227.3330     1202.2383 41802778    2.04%
 319722 220739     1220.0317   489     1227.3330     1202.2526 41490948    2.04%
 321233 224797     1221.7640   521     1227.3330     1202.2607 41744409    2.04%
Elapsed time = 10867.36 sec. (1911678.38 ticks, tree = 45205.14 MB, solutions = 97)
Nodefile size = 43069.23 MB (27910.79 MB after compression)
 323005 230558     1215.2995   646     1227.3330     1202.2627 42153606    2.04%
