Version identifier: 22.1.1.0 | 2022-11-28 | 9160aff4d
CPXPARAM_TimeLimit                               20400
Tried aggregator 1 time.
MIP Presolve eliminated 1190 rows and 958 columns.
MIP Presolve modified 11602 coefficients.
Reduced MIP has 25336 rows, 26664 columns, and 115255 nonzeros.
Reduced MIP has 13432 binaries, 13232 generals, 0 SOSs, and 0 indicators.
Presolve time = 0.12 sec. (74.64 ticks)
Probing time = 10.08 sec. (40.52 ticks)
Cover probing fixed 0 vars, tightened 19 bounds.
Tried aggregator 1 time.
Detecting symmetries...
MIP Presolve eliminated 460 rows and 460 columns.
MIP Presolve modified 2 coefficients.
Reduced MIP has 24876 rows, 26204 columns, and 113677 nonzeros.
Reduced MIP has 13430 binaries, 12774 generals, 0 SOSs, and 0 indicators.
Presolve time = 0.20 sec. (99.20 ticks)
Probing time = 9.98 sec. (18.13 ticks)
Cover probing fixed 0 vars, tightened 19 bounds.
Clique table members: 22404.
MIP emphasis: balance optimality and feasibility.
MIP search method: dynamic search.
Parallel mode: deterministic, using up to 32 threads.
Root relaxation solution time = 4.09 sec. (582.07 ticks)

        Nodes                                         Cuts/
   Node  Left     Objective  IInf  Best Integer    Best Bound    ItCnt     Gap

      0     0      891.9620   444                    891.9620       18         
      0     0      934.9894   555                   Cuts: 360     2186         
      0     0      950.9849   594                   Cuts: 241     3206         
      0     0      958.1608   667                   Cuts: 183     4073         
      0     0      964.4988   628                   Cuts: 153     4953         
      0     0      967.3262   670                   Cuts: 102     5402         
Detecting symmetries...
      0     0      969.5250   619                    Cuts: 79     5751         
      0     0      970.5189   681                    Cuts: 63     5986         
      0     0      971.3234   655                    Cuts: 66     6197         
      0     0      972.0076   657                    Cuts: 45     6326         
      0     0      972.2471   621                    Cuts: 35     6425         
      0     0      972.9779   603                    Cuts: 62     6519         
      0     0      972.9910   602                    Cuts: 17     6561         
      0     0      973.0451   611                     Cuts: 5     6598         
Detecting symmetries...
      0     2      973.0451   611                    973.0451     6598         
Elapsed time = 55.09 sec. (18476.76 ticks, tree = 0.02 MB, solutions = 0)
      3     4      978.4023   628                    973.0451     7033         
      5     4     1023.6093   547                    973.2332     7780         
      9     5     1022.6708   508                    973.2332     8129         
     11    13     1084.4778   592                    978.4341    11892         
     28    21     1022.9953   573                    978.4341    12273         
     39    20     1089.1515   577                    978.4341    12687         
     52     6     1056.8156   564                    978.4341     9632         
     59    21     1070.1366   575                    978.4341    13852         
     70    18     1132.4522   580                    978.4341    13788         
     90    64     1087.1880   551                    990.2891    40520         
Elapsed time = 74.94 sec. (22041.80 ticks, tree = 0.14 MB, solutions = 0)
    114    91     1111.4893   584                    990.2891    87414         
    142   107     1047.6160   579                    990.2891   136387         
    162   157     1188.7139   593                    990.2891   290785         
    204   177     1196.4977   575                    990.2891   310397         
    237   222     1175.7091   587                    990.2891   341914         
    267   242     1229.9707   569                    990.2891   356781         
    316   281     1252.0251   546                    990.2891   418758         
    404   339     1343.2786   374                    990.2891   459621         
    483   374     1284.4377   539                    990.2891   486308         
    613   394     1355.5740   518                    990.2891   506251         
Elapsed time = 117.49 sec. (31723.05 ticks, tree = 7.26 MB, solutions = 0)
    782   474     1283.1822   541                    990.2891   536985         
   1006   649     1398.8428   301                    990.2891   594806         
   1166   799     1199.6603   490                    990.2891   636650         
   1348   923     1308.5054   456                    990.2891   663903         
   1560  1080     1413.3810   487                    990.2891   689192         
   1782  1367     1370.0910   446                    990.2891   742514         
   2004  1481     1387.3515   381                    990.2891   752705         
   2447  1828     1429.9129   469                    990.2891   797782         
   2932  1741     1474.0512   339                    990.2891   785142         
   3435  2430     1497.3536   299                    990.2891   888409         
Elapsed time = 162.79 sec. (41281.69 ticks, tree = 259.03 MB, solutions = 0)
   4154  2766     1556.2115   256                    990.2891   923212         
   4879  3339     1698.4793   345                    990.2891   992424         
   5571  2994     1649.9726   332                    990.2891   955239         
   6300  3648     1667.8067   354                    990.2891  1021691         
   7060  4801     1520.0837   291                    990.2891  1120123         
   7781  5170     1874.5779   196                    990.2891  1153643         
   8493  5825     1816.8518   222                    990.2891  1211156         
   9155  6896     1633.5807   278                    990.2891  1330975         
   9823  7262    infeasible                          990.2891  1364735         
  10580  7910     1633.4280   142                    990.2891  1440691         
Elapsed time = 206.52 sec. (50822.48 ticks, tree = 1476.74 MB, solutions = 0)
  11334  8316    infeasible                          990.2891  1491409         
* 11839+ 8895                         2107.8109      990.2891            53.02%
  11995  8502     2015.2833    35     2107.8109      990.2891  1512555   53.02%
  12547  9366     1924.7815   179     2107.8109      999.7215  1609676   52.57%
  12961  9598     1783.4813    84     2107.8109      999.7215  1644332   52.57%
* 12977+ 9473                         2104.8969      999.7215            52.50%
* 13008+ 9473                         2097.2852      999.7215            52.33%
  13327  9899     1434.6280   296     2097.2852      999.7215  1677952   52.33%
* 13357+ 9298                         1963.1997      999.7215            49.08%
  13494  9815     1318.5337   467     1963.1997      999.7215  1672186   49.08%

Performing restart 1

Repeating presolve.
Tried aggregator 1 time.
MIP Presolve eliminated 53 rows and 191 columns.
MIP Presolve modified 325 coefficients.
Reduced MIP has 24823 rows, 26013 columns, and 113100 nonzeros.
Reduced MIP has 13292 binaries, 12721 generals, 0 SOSs, and 0 indicators.
Presolve time = 0.11 sec. (51.67 ticks)
Tried aggregator 1 time.
MIP Presolve eliminated 71 rows and 191 columns.
MIP Presolve modified 69 coefficients.
Reduced MIP has 24752 rows, 25822 columns, and 112507 nonzeros.
Reduced MIP has 13172 binaries, 12650 generals, 0 SOSs, and 0 indicators.
Presolve time = 0.19 sec. (99.07 ticks)
Represolve time = 13.67 sec. (305.25 ticks)
* 13504+    0                         1904.8894      999.7215            47.52%
  13504     0     1021.1584   726     1904.8894     Cuts: 989  1831590   46.39%
  13504     0     1044.6149   736     1904.8894     Cuts: 412  1834180   45.16%
  13504     0     1081.7240   779     1904.8894     Cuts: 529  1837560   43.21%
* 13504+    0                         1881.1700     1081.7240            42.50%
* 13504+    0                         1880.8241     1081.7240            42.49%
* 13504+    0                         1833.5234     1081.7240            41.00%
  13504     0     1114.1418   764     1833.5234     Cuts: 413  1841354   39.23%
  13504     0     1133.4007   832     1833.5234     Cuts: 593  1843386   38.18%
  13504     0     1139.5039   884     1833.5234     Cuts: 246  1844449   37.85%
  13504     0     1146.2880   851     1833.5234     Cuts: 221  1845686   37.48%
  13504     0     1149.7935   852     1833.5234     Cuts: 278  1846476   37.29%
  13504     0     1153.1605   912     1833.5234     Cuts: 227  1847331   37.11%
  13504     0     1155.4793   932     1833.5234     Cuts: 168  1848076   36.98%
  13504     0     1157.1777   907     1833.5234     Cuts: 197  1848745   36.89%
  13504     0     1157.7375   963     1833.5234     Cuts: 109  1849129   36.86%
  13504     0     1158.0930   963     1833.5234     Cuts: 104  1849390   36.84%
  13504     0     1158.4458   977     1833.5234      Cuts: 64  1849652   36.82%
  13504     0     1158.7439   974     1833.5234      Cuts: 72  1849877   36.80%
  13504     0     1158.8781   953     1833.5234      Cuts: 50  1849998   36.80%
  13504     0     1158.9822   961     1833.5234      Cuts: 38  1850104   36.79%
  13504     0     1159.0692   970     1833.5234      Cuts: 41  1850247   36.78%
  13504     0     1159.0962   965     1833.5234      Cuts: 32  1850296   36.78%
  13504     0     1159.1331   966     1833.5234      Cuts: 25  1850344   36.78%
  13504     0     1159.1593   963     1833.5234      Cuts: 19  1850396   36.78%
  13504     2     1159.1593   963     1833.5234     1159.1593  1850396   36.78%
  13505     3     1162.1049   887     1833.5234     1162.1273  1851738   36.62%
  13506     4     1163.7794   880     1833.5234     1163.7810  1852384   36.53%
  13507     4     1169.0461   822     1833.5234     1163.7810  1852858   36.53%
Elapsed time = 467.34 sec. (198953.24 ticks, tree = 0.02 MB, solutions = 8)
  13508     5     1165.2909   850     1833.5234     1165.3048  1853106   36.44%
  13509     6     1193.5672   867     1833.5234     1165.3048  1855997   36.44%
  13510     6     1177.3717   923     1833.5234     1165.3048  1855912   36.44%
  13511     7     1190.9251   846     1833.5234     1165.3048  1856228   36.44%
  13513     9     1183.5645   900     1833.5234     1165.3048  1859712   36.44%
  13516     5     1195.7307   771     1833.5234     1165.3048  1855243   36.44%
  13518     7     1198.5976   821     1833.5234     1165.3048  1857370   36.44%
  13519    10     1244.7580   831     1833.5234     1165.3048  1868488   36.44%
  13521    12     1218.8980   724     1833.5234     1165.3048  1873607   36.44%
  13525    12     1235.9773   749     1833.5234     1165.3048  1872146   36.44%
Elapsed time = 535.10 sec. (223318.47 ticks, tree = 0.02 MB, solutions = 8)
  13528     7     1174.9635   895     1833.5234     1165.3048  1862092   36.44%
  13530    11     1188.7208   866     1833.5234     1165.3048  1868422   36.44%
  13532    17     1249.3113   695     1833.5234     1165.3048  1904419   36.44%
  13534    14     1210.3509   764     1833.5234     1165.3048  1877116   36.44%
  13538    17     1246.3306   745     1833.5234     1165.3048  1903662   36.44%
  13543    14     1207.0661   795     1833.5234     1165.3048  1883685   36.44%
  13546    18     1255.4339   889     1833.5234     1165.3048  1904913   36.44%
  13550    22     1190.5482   877     1833.5234     1174.9711  1927063   35.92%
  13553    25     1268.4362   715     1833.5234     1174.9711  1951595   35.92%
  13558    28     1219.6800   863     1833.5234     1174.9711  1972525   35.92%
Elapsed time = 637.20 sec. (237480.10 ticks, tree = 0.03 MB, solutions = 8)
  13563    29     1200.0655   896     1833.5234     1174.9711  1976393   35.92%
  13573    32     1262.0012   889     1833.5234     1174.9711  1999978   35.92%
  13579    48     1221.2058   873     1833.5234     1174.9711  2134856   35.92%
  13585    56     1322.2084   736     1833.5234     1182.2368  2182666   35.52%
  13597    53     1208.4015   912     1833.5234     1182.2368  2165567   35.52%
  13609    69     1279.8725   734     1833.5234     1182.2368  2251167   35.52%
  13626    55     1241.4742   844     1833.5234     1182.2368  2172979   35.52%
* 13633+   31                         1775.9038     1182.2460            33.43%
* 13640+   31                         1775.8354     1182.2460            33.43%
* 13645+   31                         1775.7749     1182.2460            33.42%
  13645    67     1309.0634   763     1775.7749     1182.2460  2225747   33.42%
* 13648+   31                         1771.0880     1182.2460            33.25%
  13658    74     1283.7432   732     1771.0880     1182.2460  2252712   33.25%
* 13677+   31                         1770.9746     1182.2460            33.24%
  13689    74     1270.1494   845     1770.9746     1182.2460  2281506   33.24%
Elapsed time = 707.92 sec. (248903.08 ticks, tree = 0.21 MB, solutions = 13)
  13708    99     1331.7479   653     1770.9746     1182.2460  2303988   33.24%
  13730    64     1288.2009   875     1770.9746     1182.2460  2205725   33.24%
  13752    94     1274.3564   629     1770.9746     1182.2460  2289601   33.24%
* 13765+   30                         1762.7397     1182.2460            32.93%
  13768    78     1288.9565   803     1762.7397     1182.2460  2263242   32.93%
* 13773+   30                         1758.1480     1182.2460            32.76%
* 13779+   30                         1757.5294     1182.2460            32.73%
  13787   137     1337.9388   719     1757.5294     1182.2460  2361493   32.73%
  13811   108     1358.3969   745     1757.5294     1182.2460  2330750   32.73%
  13829    88     1218.1105   915     1757.5294     1182.2460  2302482   32.73%
  13850   157     1390.4266   663     1757.5294     1182.2460  2400438   32.73%
  13879   182     1253.4317   852     1757.5294     1182.2460  2427467   32.73%
  13911   184     1256.3771   813     1757.5294     1182.2460  2428608   32.73%
Elapsed time = 773.04 sec. (259045.99 ticks, tree = 1.15 MB, solutions = 13)
  13945   307     1255.2217   815     1757.5294     1182.2460  2534671   32.73%
  13974   311     1257.8438   821     1757.5294     1182.2460  2535363   32.73%
  14007   387     1286.0570   533     1757.5294     1182.2460  2631342   32.73%
  14044   316     1261.8510   832     1757.5294     1182.2460  2537014   32.73%
  14082   417     1274.5096   833     1757.5294     1182.2460  2652387   32.73%
  14126   400     1436.8879   549     1757.5294     1182.2460  2637765   32.73%
  14169   411     1422.8529   516     1757.5294     1182.2460  2632313   32.73%
  14213   338     1213.3789   921     1757.5294     1182.2460  2587270   32.73%
  14257   430     1359.5956   534     1757.5294     1182.2460  2652866   32.73%
  14465   522     1238.3880   880     1757.5294     1182.2460  2727102   32.73%
Elapsed time = 852.83 sec. (271792.37 ticks, tree = 8.48 MB, solutions = 13)
  14886   961     1249.8122   804     1757.5294     1182.2460  2881633   32.73%
  15296   970     1376.1340   665     1757.5294     1182.2460  2888139   32.73%
  15724  1185     1273.3239   752     1757.5294     1182.2460  2951466   32.73%
  16090  2301     1553.3229   546     1757.5294     1182.2460  3145653   32.73%
  16716  2025     1511.9618   458     1757.5294     1182.2460  3097109   32.73%
  17411  2693     1449.0873   661     1757.5294     1182.2460  3212548   32.73%
  18153  2968     1547.5366   630     1757.5294     1182.2460  3247811   32.73%
  18839  3993     1416.1145   554     1757.5294     1182.2460  3374588   32.73%
  19629  5073     1524.5424   430     1757.5294     1182.2460  3501917   32.73%
  20403  5644     1626.8985   373     1757.5294     1182.2460  3581258   32.73%
Elapsed time = 1103.97 sec. (310037.08 ticks, tree = 1007.14 MB, solutions = 18)
  21135  5481     1435.5436   271     1757.5294     1182.2460  3559437   32.73%
  21803  6962     1653.2788   457     1757.5294     1182.2460  3729159   32.73%
  22585  7753    infeasible           1757.5294     1190.5498  3849282   32.26%
  23394  7986     1680.4764   353     1757.5294     1190.5498  3873105   32.26%
  24065  8699     1603.7878   340     1757.5294     1190.5498  3952001   32.26%
  24614  9680     1707.9019   367     1757.5294     1190.5498  4093087   32.26%
  25326 10249     1416.3355   729     1757.5294     1192.7985  4179035   32.13%
  26003 10532     1574.8141   444     1757.5294     1192.7985  4228542   32.13%
  26570 11408     1586.6388   415     1757.5294     1195.3412  4350773   31.99%
  27141 11719     1657.2401   256     1757.5294     1195.4459  4390906   31.98%
Elapsed time = 1349.97 sec. (348231.19 ticks, tree = 2370.91 MB, solutions = 18)
Nodefile size = 304.74 MB (205.57 MB after compression)
  27943 12856     1587.8150   613     1757.5294     1195.4459  4600847   31.98%
  29017 12761     1679.2476   292     1757.5294     1195.4459  4552521   31.98%
  29841 13865     1356.0113   751     1757.5294     1195.4459  4714529   31.98%
  30611 14854     1721.6777   268     1757.5294     1195.4459  4804606   31.98%
  31332 15225     1628.4700   314     1757.5294     1195.4459  4839324   31.98%
  32101 16386     1450.8279   743     1757.5294     1195.5933  5010412   31.97%
  32868 16803     1380.6087   745     1757.5294     1195.5933  5076092   31.97%
  33663 17153     1671.5079   283     1757.5294     1195.5933  5113340   31.97%
  34503 18464     1596.5798   604     1757.5294     1195.5933  5306670   31.97%
* 34882+18124                         1750.9110     1196.4827            31.67%
  35181 19146     1538.2487   710     1750.9110     1196.4827  5404232   31.67%
Elapsed time = 1598.84 sec. (386419.24 ticks, tree = 4020.07 MB, solutions = 19)
Nodefile size = 1966.74 MB (1311.13 MB after compression)
  35764 19180     1377.1820   819     1750.9110     1196.4827  5425036   31.67%
  36581 20316     1507.7984   705     1750.9110     1196.4827  5627775   31.67%
* 37309+20610                         1717.9959     1198.2663            30.25%
* 37347+20610                         1692.4779     1198.2663            29.20%
* 37358+20610                         1688.1692     1198.2663            29.02%
  37458 20974     1578.6991   699     1688.1692     1198.2663  5724791   29.02%
  37951 20952     1618.2834   585     1688.1692     1203.2725  5725003   28.72%
  38332 18738     1235.3716   886     1688.1692     1205.7902  5902475   28.57%
* 38409+20804                         1660.5120     1205.7902            27.38%
* 38441+20803                         1659.8184     1205.7902            27.35%
* 38478+20802                         1658.2840     1205.7902            27.29%
* 38658+20802                         1654.6316     1205.7902            27.13%
* 38804+20802                         1653.7435     1209.1986            26.88%
  38858 18769     1368.7601   814     1653.7435     1209.1986  5916723   26.88%
  39285 17299     1504.0435   713     1653.7435     1209.1986  6069676   26.88%
  39674 17489     1359.6044   781     1653.7435     1209.1986  6100653   26.88%
* 39900+18024                         1613.1306     1209.1986            25.04%
* 39910+18024                         1612.2285     1209.1986            25.00%
* 39930+18024                         1609.8440     1209.1986            24.89%
  40105 18123     1650.1930   148     1609.8440     1209.1986  6246937   24.89%
  40434 15347     1594.0005   556     1609.8440     1209.1986  6291678   24.89%
Elapsed time = 1844.84 sec. (424644.31 ticks, tree = 2882.69 MB, solutions = 37)
Nodefile size = 825.48 MB (548.03 MB after compression)
  40727 15827     1545.7444   645     1609.8440     1209.1986  6429985   24.89%
  41072 16024     1563.7978   752     1609.8440     1209.1986  6485005   24.89%
  41516 16285        cutoff           1609.8440     1209.1986  6553022   24.89%
* 41837+16291                         1418.3261     1215.9881            14.27%
  41932 16657     1429.1482   644     1418.3261     1216.2919  6681458   14.24%
* 41935+16291                         1418.2449     1216.2919            14.24%
* 41973+16291                         1416.9602     1222.9191            13.69%
* 41996+16291                         1416.5646     1222.9191            13.67%
* 42019+16291                         1414.7688     1222.9191            13.56%
  42390 16858    infeasible           1414.7688     1223.4162  6722917   13.53%
  42673  5445     1287.7474   789     1414.7688     1223.4162  6849504   13.53%
  42856  5529     1408.4639   788     1414.7688     1223.4162  6970214   13.53%
* 42901+ 5433                         1414.4778     1223.4162            13.51%
* 42928+ 5433                         1412.4421     1223.4162            13.38%
* 42946+ 5433                         1410.9386     1224.3821            13.22%
* 42995+ 5455                         1403.7801     1224.3821            12.78%
* 43025+ 5455                         1400.2630     1224.3821            12.56%
  43068  5580     1323.3291   885     1400.2630     1224.3821  7005591   12.56%
* 43079+ 5455                         1399.7791     1224.3821            12.53%
* 43100+ 5455                         1396.3508     1224.3821            12.32%
* 43166+ 4910                         1393.9021     1225.4293            12.09%
  43248  5521     1356.5672   798     1393.9021     1225.4293  7121588   12.09%
  43428  4919     1363.8189   703     1393.9021     1225.4293  7245025   12.09%
Elapsed time = 2089.06 sec. (463002.02 ticks, tree = 649.77 MB, solutions = 52)
* 43566+ 4902                         1391.4032     1228.5569            11.70%
* 43576+ 4902                         1387.2410     1228.5569            11.44%
  43629  4940     1377.2099   791     1387.2410     1228.5787  7272162   11.44%
* 43760+ 4841                         1385.7010     1229.1489            11.30%
  43825  4808     1268.6603   926     1385.7010     1229.9902  7426014   11.24%
  44095  4965     1285.2867   814     1385.7010     1229.9902  7574748   11.24%
  44375  5032     1357.0329   735     1385.7010     1230.1975  7613174   11.22%
  44704  5349     1340.1574   753     1385.7010     1230.8359  7754235   11.18%
  44994  5455        cutoff           1385.7010     1230.8359  7806971   11.18%
  45323  5662     1348.0869   744     1385.7010     1232.1381  7865805   11.08%
  45611  5755     1371.0300   754     1385.7010     1232.2212  7893309   11.08%
  45937  6047     1348.2260   891     1385.7010     1232.2212  8018051   11.08%
  46265  6470     1372.6657   645     1385.7010     1234.6083  8176375   10.90%
Elapsed time = 2351.11 sec. (501290.74 ticks, tree = 921.60 MB, solutions = 55)
* 46267+ 5998                         1385.5304     1234.6083            10.89%
  46513  6438     1266.3156   803     1385.5304     1234.9283  8157041   10.87%
  46872  7042     1361.3553   861     1385.5304     1235.1188  8381154   10.86%
  47295  6985     1374.4858   647     1385.5304     1235.1188  8357758   10.86%
  47613  7192     1346.3952   807     1385.5304     1235.3061  8450259   10.84%
  47823  7680     1332.9902   780     1385.5304     1236.5759  8605469   10.75%
  48120  7909     1300.2493   559     1385.5304     1236.5987  8682161   10.75%
  48386  8463     1318.7142   587     1385.5304     1236.9159  8838878   10.73%
  48609  8516     1321.0517   860     1385.5304     1237.1123  8870152   10.71%
  48885  8498     1323.6406   550     1385.5304     1237.1123  8842139   10.71%
  49159  8894     1272.5826   843     1385.5304     1237.6999  9002519   10.67%
Elapsed time = 2590.41 sec. (539541.13 ticks, tree = 1226.78 MB, solutions = 56)
  49505  8798     1342.4691   758     1385.5304     1237.6999  8968293   10.67%
  49937  9562     1319.4307   736     1385.5304     1238.3443  9237970   10.62%
  50301  9586     1375.8528   355     1385.5304     1238.3443  9220907   10.62%
  50717 10174     1352.2775   713     1385.5304     1238.7889  9444469   10.59%
* 50738+ 9621                         1384.6604     1238.7889            10.53%
  51018 10486     1340.1158   759     1384.6604     1239.6351  9515469   10.47%
  51284 10588     1358.7427   778     1384.6604     1239.6351  9543569   10.47%
  51743 11001        cutoff           1384.6604     1239.6351  9697995   10.47%
* 51928+10601                         1364.4005     1239.6351             9.14%
* 51957+10601                         1363.8954     1239.6351             9.11%
* 51985+10599                         1360.4385     1239.6351             8.88%
  51996 10786     1318.9884   770     1360.4385     1239.6351  9626640    8.88%
* 52287+ 8947                         1354.9883     1239.6351             8.51%
  52312 11291     1305.3341   654     1354.9883     1239.6351  9797996    8.51%
  52583  8424        cutoff           1354.9883     1240.3076  9975055    8.46%
Elapsed time = 2860.44 sec. (577824.82 ticks, tree = 1088.50 MB, solutions = 61)
  52828  8528     1274.6471   683     1354.9883     1240.3076 10030549    8.46%
  53173  8711     1318.1461   809     1354.9883     1240.5210 10122337    8.45%
  53500  8758     1336.8801   389     1354.9883     1240.5210 10096790    8.45%
* 53552+ 8616                         1354.3819     1240.5210             8.41%
* 53569+ 8616                         1354.1819     1240.5210             8.39%
  53755  8791     1280.1498   882     1354.1819     1241.8952 10154013    8.29%
* 53756+ 9206                         1351.1064     1241.8952             8.08%
  54041  9055     1266.2574   901     1351.1064     1242.2595 10449664    8.06%
  54274  9258        cutoff           1351.1064     1242.3696 10378056    8.05%
  54517  9368     1256.8039   844     1351.1064     1243.0433 10582430    8.00%
  54749  9423     1322.7594   645     1351.1064     1243.0433 10607583    8.00%
  54918  9540     1260.2284   968     1351.1064     1243.0433 10673837    8.00%
  55117  9757     1281.1331   830     1351.1064     1244.0700 10777335    7.92%
Elapsed time = 3134.44 sec. (616102.51 ticks, tree = 1327.74 MB, solutions = 70)
  55357  9917     1263.5324   882     1351.1064     1244.3330 10887485    7.90%
  55659 10240        cutoff           1351.1064     1244.6212 11077424    7.88%
  56032 10109     1273.9107   786     1351.1064     1244.8156 11019628    7.87%
  56274 10177     1255.8451   890     1351.1064     1244.9392 11048176    7.86%
  56512 10888     1325.8673   657     1351.1064     1245.2343 11368335    7.84%
  56732 10831     1273.2125   778     1351.1064     1245.4110 11336865    7.82%
  56948 10900     1289.2289   863     1351.1064     1245.7097 11383233    7.80%
  57218 11078     1267.5240   887     1351.1064     1245.7845 11450407    7.80%
  57371 11097     1301.5267   861     1351.1064     1246.5825 11466695    7.74%
  57577 11605     1345.2215   808     1351.1064     1246.6478 11778113    7.73%
Elapsed time = 3420.11 sec. (654382.14 ticks, tree = 1651.26 MB, solutions = 70)
  57776 11494     1340.5222   646     1351.1064     1246.6478 11702545    7.73%
  57979 11811     1321.8131   871     1351.1064     1246.6478 11891512    7.73%
  58200 11924     1329.9981   793     1351.1064     1247.0848 11965390    7.70%
  58438 12075     1284.1312   884     1351.1064     1247.8702 12067561    7.64%
  58617 12295     1348.5172   849     1351.1064     1248.7226 12226465    7.58%
  58842 12418     1255.9755   885     1351.1064     1248.7226 12307009    7.58%
  59078 12338        cutoff           1351.1064     1248.7226 12261993    7.58%
  59259 12339     1279.6613   812     1351.1064     1249.2094 12254470    7.54%
  59561 12867        cutoff           1351.1064     1249.2094 12592817    7.54%
  59853 12933     1337.1378   680     1351.1064     1249.5246 12613130    7.52%
Elapsed time = 3668.34 sec. (692865.42 ticks, tree = 1811.98 MB, solutions = 70)
  60180 13135     1347.0956   389     1351.1064     1249.5246 12644808    7.52%
  60502 13253     1329.3828   800     1351.1064     1249.9632 12810102    7.49%
  60810 13730        cutoff           1351.1064     1249.9632 12988885    7.49%
  61077 13724     1256.6217   875     1351.1064     1250.8294 12972860    7.42%
  61315 14152     1312.8825   749     1351.1064     1251.0314 13163470    7.41%
  61538 13889        cutoff           1351.1064     1251.3505 13050854    7.38%
  61869 14543     1283.3341   725     1351.1064     1251.4427 13370836    7.38%
  62090 14559     1340.6464   742     1351.1064     1251.7145 13374294    7.36%
  62267 14542     1284.5498   823     1351.1064     1251.7176 13367134    7.36%
  62483 14715     1297.1879   843     1351.1064     1251.7176 13466879    7.36%
Elapsed time = 3912.77 sec. (731108.01 ticks, tree = 2150.94 MB, solutions = 70)
Nodefile size = 95.79 MB (63.74 MB after compression)
  62771 15195     1332.2483   567     1351.1064     1251.8620 13719473    7.35%
  63089 15248     1339.1771   625     1351.1064     1252.4146 13776757    7.30%
  63356 15071     1295.9323   743     1351.1064     1252.4146 13666903    7.30%
  63662 15568     1348.0218   496     1351.1064     1252.6116 13962816    7.29%
  63954 15428     1292.7956   872     1351.1064     1252.9047 13890777    7.27%
  64265 15933     1276.9491   909     1351.1064     1252.9047 14110953    7.27%
  64612 15974     1326.7360   686     1351.1064     1253.8057 14122618    7.20%
  64921 16545     1346.9593   326     1351.1064     1253.8057 14327610    7.20%
* 65122+16610                         1350.4045     1253.8524             7.15%
  65144 16343     1315.5814   737     1350.4045     1253.8524 14320118    7.15%
  65286 16358     1338.5420   711     1350.4045     1254.1448 14323539    7.13%
Elapsed time = 4141.51 sec. (769337.00 ticks, tree = 2371.42 MB, solutions = 70)
Nodefile size = 309.26 MB (204.68 MB after compression)
  65374 17272        cutoff           1350.4045     1254.1448 14652928    7.13%
* 65450+16610                         1348.9766     1254.1448             7.03%
* 65466+16610                         1348.2435     1254.1448             6.98%
* 65471+16610                         1346.6647     1254.1448             6.87%
* 65473+16610                         1345.9992     1254.1448             6.82%
  65509 17252     1269.1906   819     1345.9992     1254.5645 14696593    6.79%
  65693 17077        cutoff           1345.9992     1254.5645 14624416    6.79%
  65936 17400     1294.4722   656     1345.9992     1254.5645 14704404    6.79%
  66147 17284     1349.4935   737     1345.9992     1254.5645 14726679    6.79%
  66348 16681     1307.8029   656     1345.9992     1254.5645 14919531    6.79%
  66540 16343     1311.7692   784     1345.9992     1255.2126 14751979    6.74%
  66722 16664     1337.8502   780     1345.9992     1255.5699 14914037    6.72%
  66952 16943     1298.4776   765     1345.9992     1255.5699 15180355    6.72%
  67329 16799     1275.7082   845     1345.9992     1255.9839 15076257    6.69%
Elapsed time = 4398.90 sec. (807743.09 ticks, tree = 2488.29 MB, solutions = 79)
Nodefile size = 482.24 MB (318.04 MB after compression)
  67624 16888     1281.7031   876     1345.9992     1256.1202 15153200    6.68%
  67828 17650     1339.1219   456     1345.9992     1256.2314 15491794    6.67%
  68035 17719     1298.5593   766     1345.9992     1256.4154 15571791    6.66%
  68226 17742     1334.8276   849     1345.9992     1256.6749 15586403    6.64%
  68416 17854     1328.2887   825     1345.9992     1256.7944 15655670    6.63%
  68590 18014     1289.9864   619     1345.9992     1256.8798 15745136    6.62%
  68842 18071     1333.0813   806     1345.9992     1257.0160 15798418    6.61%
  69090 18453     1272.8682   788     1345.9992     1257.2633 16030142    6.59%
  69351 18121     1297.7486   801     1345.9992     1257.2633 15818417    6.59%
  69643 18645     1343.1801   593     1345.9992     1257.5110 16125235    6.57%
Elapsed time = 4640.82 sec. (846018.56 ticks, tree = 2803.93 MB, solutions = 79)
Nodefile size = 746.70 MB (491.90 MB after compression)
  69913 18949     1328.8071   832     1345.9992     1257.5110 16321988    6.57%
  70149 18953     1329.0229   715     1345.9992     1257.5110 16325335    6.57%
  70375 19008        cutoff           1345.9992     1258.1411 16374489    6.53%
  70623 19312     1312.4106   858     1345.9992     1258.3504 16502807    6.51%
  70815 19045     1299.8299   839     1345.9992     1258.4431 16390640    6.50%
  70989 19676     1283.6590   919     1345.9992     1258.5387 16693546    6.50%
  71144 19619     1339.6334   532     1345.9992     1258.6308 16659638    6.49%
  71358 19824        cutoff           1345.9992     1258.6959 16798533    6.49%
  71543 20024     1306.9986   708     1345.9992     1258.9309 16970303    6.47%
  71718 20127     1333.4221   727     1345.9992     1258.9309 17077895    6.47%
Elapsed time = 4917.07 sec. (884343.27 ticks, tree = 2922.42 MB, solutions = 79)
Nodefile size = 864.55 MB (567.46 MB after compression)
  71938 19986     1295.5169   799     1345.9992     1258.9385 16920834    6.47%
  72168 20259     1278.7973   850     1345.9992     1258.9385 17198945    6.47%
  72493 20296     1339.3662   371     1345.9992     1258.9385 17151966    6.47%
  72834 20508     1342.3038   706     1345.9992     1259.6850 17387317    6.41%
  73055 20273     1272.1640   843     1345.9992     1259.8094 17207161    6.40%
  73267 20905     1326.1215   867     1345.9992     1259.8940 17643292    6.40%
  73461 21146        cutoff           1345.9992     1260.1326 17727710    6.38%
  73628 20762        cutoff           1345.9992     1260.1326 17540824    6.38%
  73796 21345        cutoff           1345.9992     1260.1326 17884720    6.38%
  73969 21331     1315.5566   646     1345.9992     1260.4450 17861304    6.36%
Elapsed time = 5187.38 sec. (922653.40 ticks, tree = 3188.37 MB, solutions = 79)
Nodefile size = 1132.44 MB (745.15 MB after compression)
  74202 21606     1283.8451   659     1345.9992     1260.4450 18081108    6.36%
  74421 21404     1343.6936   828     1345.9992     1260.4450 17973133    6.36%
  74676 21555     1298.8214   818     1345.9992     1260.4450 18073761    6.36%
  74949 21944     1329.8550   356     1345.9992     1260.9890 18268084    6.32%
  75249 22012     1337.4299   326     1345.9992     1260.9890 18271501    6.32%
  75541 21999     1317.0826   724     1345.9992     1260.9890 18371554    6.32%
  75841 21950        cutoff           1345.9992     1260.9890 18388172    6.32%
  76043 22032     1320.4505   728     1345.9992     1261.7172 18454024    6.26%
  76260 22925     1294.2569   659     1345.9992     1261.7263 18873731    6.26%
  76564 23094     1333.3689   686     1345.9992     1261.7263 18972075    6.26%
Elapsed time = 5456.11 sec. (960898.52 ticks, tree = 3468.57 MB, solutions = 79)
Nodefile size = 1411.94 MB (930.13 MB after compression)
  76754 22843     1276.1053   750     1345.9992     1261.7263 18829862    6.26%
* 76833+22355                         1345.5728     1261.7263             6.23%
  76980 22965     1345.1170   774     1345.5728     1261.7263 18883332    6.23%
* 77155+23250                         1344.2542     1262.1586             6.11%
* 77190+23298                         1344.2542     1262.1586             6.11%
  77193 23339     1326.5220   745     1344.2542     1262.1586 19242272    6.11%
  77410 23244     1332.2858   818     1344.2542     1262.1586 19191398    6.11%
  77609 23268     1302.9322   809     1344.2542     1262.7330 19131232    6.06%
  77843 23338     1297.9841   807     1344.2542     1262.9838 19160785    6.05%
  78030 23352     1269.4184   951     1344.2542     1263.1606 19522121    6.03%
  78197 23494     1325.8347   728     1344.2542     1263.2559 19616128    6.03%
  78416 23733     1292.4894   884     1344.2542     1263.5663 19794040    6.00%
  78606 23288     1308.4297   892     1344.2542     1263.7073 19471447    5.99%
Elapsed time = 5711.82 sec. (999192.97 ticks, tree = 3503.37 MB, solutions = 82)
Nodefile size = 1447.68 MB (954.63 MB after compression)
  78854 23666     1312.6399   647     1344.2542     1263.7679 19712235    5.99%
  79084 23900     1330.3129   543     1344.2542     1263.8140 19887468    5.98%
  79399 24089     1321.8670   548     1344.2542     1264.0333 20141548    5.97%
  79748 23996     1315.7524   744     1344.2542     1264.1097 20048320    5.96%
  79983 24369     1325.1792   714     1344.2542     1264.1571 20244926    5.96%
  80185 24036     1298.6882   700     1344.2542     1264.3349 20118424    5.95%
  80415 24503     1312.4997   753     1344.2542     1264.4271 20375734    5.94%
  80643 25093     1306.7676   828     1344.2542     1264.4447 20638231    5.94%
  80797 24522        cutoff           1344.2542     1264.6909 20381777    5.92%
  80978 24703     1285.9596   818     1344.2542     1264.8063 20505939    5.91%
Elapsed time = 5964.50 sec. (1037457.27 ticks, tree = 3671.88 MB, solutions = 82)
Nodefile size = 1615.25 MB (1065.30 MB after compression)
  81190 25309     1307.5859   679     1344.2542     1264.9878 20780759    5.90%
  81418 25449     1329.9548   725     1344.2542     1265.0409 20886496    5.89%
  81618 25542        cutoff           1344.2542     1265.1394 20966597    5.89%
* 81656+25254                         1338.7856     1265.1394             5.50%
  81793 25346     1294.9695   701     1338.7856     1265.2235 20801212    5.49%
  81973 23801     1274.8750   772     1338.7856     1265.3166 21154737    5.49%
  82158 25455     1295.8388   738     1338.7856     1265.5016 20908868    5.47%
  82424 23688     1306.4896   757     1338.7856     1265.5932 21066671    5.47%
  82557 23845     1313.3672   765     1338.7856     1265.7250 21175551    5.46%
  82747 23711        cutoff           1338.7856     1265.9852 21125430    5.44%
  82949 24228     1312.0296   811     1338.7856     1266.0380 21591283    5.43%
Elapsed time = 6221.89 sec. (1075772.45 ticks, tree = 3624.18 MB, solutions = 83)
Nodefile size = 1568.88 MB (1038.13 MB after compression)
  83157 24026     1325.6630   705     1338.7856     1266.0380 21326063    5.43%
  83322 24371     1311.2555   770     1338.7856     1266.1162 21750465    5.43%
  83488 24144        cutoff           1338.7856     1266.2839 21481290    5.42%
  83649 24633     1285.8773   824     1338.7856     1266.4034 21991901    5.41%
  83829 24647     1323.9513   733     1338.7856     1266.5155 22009512    5.40%
  84040 24648     1285.0551   750     1338.7856     1266.6937 22011769    5.38%
  84329 24635        cutoff           1338.7856     1266.8176 21983745    5.38%
  84502 24623     1276.3381   892     1338.7856     1266.8548 21926046    5.37%
  84699 24720     1337.3767   828     1338.7856     1267.0211 22098910    5.36%
  84974 25190        cutoff           1338.7856     1267.1470 22472777    5.35%
Elapsed time = 6455.95 sec. (1114010.98 ticks, tree = 3747.72 MB, solutions = 83)
Nodefile size = 1690.24 MB (1118.68 MB after compression)
  85147 24982        cutoff           1338.7856     1267.1470 22236551    5.35%
  85326 25394     1323.9813   756     1338.7856     1267.2069 22621443    5.35%
  85507 25354     1306.3462   794     1338.7856     1267.4112 22573014    5.33%
  85724 25405     1323.7961   772     1338.7856     1267.4715 22626755    5.33%
  85978 25266     1276.2581   701     1338.7856     1267.5437 22532121    5.32%
  86226 25201     1337.2504   763     1338.7856     1267.7340 22489820    5.31%
  86386 25971     1297.2240   855     1338.7856     1268.0311 23124814    5.28%
  86588 25585     1328.8682   555     1338.7856     1268.0988 22741851    5.28%
  86772 26145     1310.7182   795     1338.7856     1268.1825 23209876    5.27%
  86929 26105     1322.5655   655     1338.7856     1268.3109 23165142    5.26%
Elapsed time = 6714.90 sec. (1152266.08 ticks, tree = 3962.52 MB, solutions = 83)
Nodefile size = 1906.08 MB (1264.12 MB after compression)
  87209 26399        cutoff           1338.7856     1268.4078 23399578    5.26%
  87393 26105     1322.2241   873     1338.7856     1268.4078 23188325    5.26%
  87529 26457     1328.8366   810     1338.7856     1268.4078 23465226    5.26%
  87707 26477     1308.7127   803     1338.7856     1268.4078 23495567    5.26%
  87897 26357        cutoff           1338.7856     1268.6748 23395078    5.24%
  88092 26903     1338.4836   556     1338.7856     1268.8429 23894263    5.22%
  88287 26961     1334.2350   700     1338.7856     1268.9898 23950536    5.21%
  88468 26799     1321.8604   759     1338.7856     1269.1013 23865273    5.21%
  88697 26802     1337.7456   757     1338.7856     1269.1013 23814116    5.21%
  88854 26991     1315.1685   771     1338.7856     1269.4928 23977021    5.18%
Elapsed time = 6943.31 sec. (1190603.01 ticks, tree = 4036.87 MB, solutions = 83)
Nodefile size = 1981.54 MB (1314.03 MB after compression)
  89092 27152        cutoff           1338.7856     1269.5681 24153595    5.17%
  89304 27368     1295.0397   709     1338.7856     1269.7124 24382348    5.16%
  89591 27524     1326.0039   574     1338.7856     1269.8168 24435577    5.15%
  89878 27687     1335.1355   478     1338.7856     1269.9188 24537505    5.14%
  90150 27579     1324.6652   674     1338.7856     1270.0557 24523123    5.13%
  90368 27702     1306.2582   712     1338.7856     1270.0928 24542322    5.13%
  90613 27696     1312.7262   744     1338.7856     1270.2234 24606683    5.12%
  90860 27848        cutoff           1338.7856     1270.3075 24703253    5.11%
  91055 27900     1326.7343   823     1338.7856     1270.4045 24732859    5.11%
  91270 27800     1306.0558   756     1338.7856     1270.5196 24691675    5.10%
Elapsed time = 7214.59 sec. (1228897.54 ticks, tree = 4144.10 MB, solutions = 83)
Nodefile size = 2083.25 MB (1378.26 MB after compression)
  91518 28046     1306.8937   945     1338.7856     1270.5638 24890613    5.10%
  91740 28830     1328.7653   728     1338.7856     1270.6879 25258729    5.09%
  91932 28835        cutoff           1338.7856     1270.7556 25281063    5.08%
  92164 28859        cutoff           1338.7856     1270.9385 25300833    5.07%
  92365 28880     1319.4719   799     1338.7856     1270.9773 25321651    5.06%
  92568 29387        cutoff           1338.7856     1271.1138 25691354    5.05%
  92724 28828     1297.7827   658     1338.7856     1271.2536 25254390    5.04%
  92911 29286     1295.5093   730     1338.7856     1271.3945 25608552    5.03%
  93017 29286        cutoff           1338.7856     1271.3945 25611883    5.03%
  93160 29661     1285.9338   815     1338.7856     1271.5660 26007422    5.02%
Elapsed time = 7492.12 sec. (1267248.64 ticks, tree = 4521.18 MB, solutions = 83)
Nodefile size = 2466.38 MB (1632.35 MB after compression)
  93322 29445        cutoff           1338.7856     1271.6972 25736677    5.01%
  93557 29561        cutoff           1338.7856     1271.6972 25845730    5.01%
  93864 29846     1318.6700   795     1338.7856     1271.8092 26220164    5.00%
  94121 29957     1309.5484   574     1338.7856     1271.9332 26283976    4.99%
  94304 29747     1306.3414   634     1338.7856     1272.0512 26091003    4.98%
  94572 29865     1307.1235   549     1338.7856     1272.0865 26241428    4.98%
  94909 30595     1325.2210   513     1338.7856     1272.2084 26579061    4.97%
  95186 30166     1332.7266   442     1338.7856     1272.3174 26295847    4.96%
  95432 30451     1302.2630   888     1338.7856     1272.3235 26558339    4.96%
  95694 30668     1321.1265   619     1338.7856     1272.4418 26698123    4.96%
Elapsed time = 7759.15 sec. (1305498.64 ticks, tree = 4548.22 MB, solutions = 83)
Nodefile size = 2489.83 MB (1644.86 MB after compression)
  95997 30457     1332.6394   808     1338.7856     1272.6411 26563329    4.94%
  96173 31131     1317.7800   803     1338.7856     1272.6609 26883995    4.94%
  96377 31349        cutoff           1338.7856     1272.7590 27005406    4.93%
  96548 31131     1313.8151   827     1338.7856     1272.9324 26877036    4.92%
  96820 31333     1335.8450   789     1338.7856     1272.9588 26951340    4.92%
  97103 31332     1332.6560   622     1338.7856     1272.9919 26986275    4.91%
  97373 32074     1336.5864   554     1338.7856     1273.0327 27408933    4.91%
  97513 32133     1326.5197   891     1338.7856     1273.1725 27504206    4.90%
  97723 31961     1318.0876   636     1338.7856     1273.2288 27397283    4.90%
  97929 32098     1333.1960   845     1338.7856     1273.3298 27455565    4.89%
Elapsed time = 8004.96 sec. (1343858.41 ticks, tree = 4889.94 MB, solutions = 83)
Nodefile size = 2829.69 MB (1868.35 MB after compression)
  98162 31896     1321.9548   593     1338.7856     1273.4026 27307063    4.88%
  98483 31968        cutoff           1338.7856     1273.4252 27366510    4.88%
  98692 32390     1317.2143   723     1338.7856     1273.4726 27783714    4.88%
  98839 32167     1327.6043   855     1338.7856     1273.5717 27541855    4.87%
  98980 33049     1284.5688   852     1338.7856     1273.6196 28090074    4.87%
  99091 32883     1321.1317   921     1338.7856     1273.6379 27997248    4.87%
  99317 33174     1307.6265   793     1338.7856     1273.6542 28279222    4.86%
  99477 33267     1290.0645   747     1338.7856     1273.8277 28445262    4.85%
  99640 33171     1313.7897   828     1338.7856     1273.8763 28265402    4.85%
  99831 33378     1330.5148   711     1338.7856     1273.8763 28591378    4.85%
Elapsed time = 8244.83 sec. (1382332.96 ticks, tree = 5137.36 MB, solutions = 83)
Nodefile size = 3082.71 MB (2035.84 MB after compression)
  99989 33334     1337.9112   684     1338.7856     1273.8763 28494114    4.85%
 100166 33332     1309.5763   856     1338.7856     1273.8763 28555092    4.85%
 100378 33556     1337.0130   641     1338.7856     1274.2950 28827855    4.82%
 100546 33526     1312.2482   720     1338.7856     1274.3109 28766973    4.82%
 100766 33572     1309.7065   864     1338.7856     1274.4048 28834065    4.81%
 100990 33473     1332.4721   570     1338.7856     1274.4048 28591189    4.81%
 101274 33867     1324.7342   786     1338.7856     1274.6165 29161389    4.79%
 101451 33784     1299.9299   914     1338.7856     1274.6561 29002412    4.79%
 101639 33891     1322.6819   819     1338.7856     1274.6561 29108574    4.79%
 101782 33913     1303.5833   792     1338.7856     1274.6831 29257038    4.79%
Elapsed time = 8502.16 sec. (1420815.93 ticks, tree = 5120.13 MB, solutions = 83)
Nodefile size = 3083.53 MB (2036.39 MB after compression)
 101991 34271     1337.6793   641     1338.7856     1274.8821 29490590    4.77%
 102151 34085     1330.3456   751     1338.7856     1275.1262 29344019    4.76%
 102304 34282        cutoff           1338.7856     1275.1530 29495148    4.75%
 102483 33888     1327.4655   773     1338.7856     1275.2389 29230038    4.75%
 102706 34286     1325.7227   626     1338.7856     1275.2732 29520325    4.74%
 102944 34350     1326.8623   660     1338.7856     1275.3824 29582937    4.74%
 103126 34752     1328.1385   738     1338.7856     1275.5845 29955625    4.72%
 103319 34882     1325.6308   782     1338.7856     1275.6152 30072172    4.72%
 103519 35156     1312.2151   653     1338.7856     1275.7668 30235586    4.71%
 103739 34693     1323.4321   544     1338.7856     1275.7817 29859923    4.71%
Elapsed time = 8759.29 sec. (1459190.73 ticks, tree = 5274.27 MB, solutions = 83)
Nodefile size = 3208.68 MB (2115.16 MB after compression)
 104015 35180     1334.4481   370     1338.7856     1275.8562 30153647    4.70%
 104304 35157        cutoff           1338.7856     1275.9412 30262713    4.69%
*104382+34754                         1338.1780     1275.9412             4.65%
 104552 35250     1277.6591   903     1338.1780     1276.0084 30358067    4.65%
 104805 35260     1319.5612   837     1338.1780     1276.0276 30361008    4.64%
 105035 35422     1329.6218   721     1338.1780     1276.2948 30504399    4.62%
 105224 35505     1297.3538   853     1338.1780     1276.3139 30466969    4.62%
 105494 35656     1335.5688   410     1338.1780     1276.4156 30851298    4.62%
 105730 35397     1322.5417   695     1338.1780     1276.4156 30709095    4.62%
 105896 35823        cutoff           1338.1780     1276.4156 31006991    4.62%
 106085 35922     1321.9184   428     1338.1780     1276.4156 30880974    4.62%
Elapsed time = 8982.69 sec. (1497405.81 ticks, tree = 5531.18 MB, solutions = 84)
Nodefile size = 3468.80 MB (2287.86 MB after compression)
 106314 35336     1310.2309   766     1338.1780     1276.4156 30596693    4.62%
 106647 36597     1320.6577   580     1338.1780     1276.4156 31342411    4.62%
 106888 36059        cutoff           1338.1780     1276.4156 31081414    4.62%
 107110 37003     1331.5165   397     1338.1780     1276.9685 31565025    4.57%
 107408 36306     1299.4909   900     1338.1780     1276.9848 31219882    4.57%
 107785 36594     1307.3070   872     1338.1780     1276.9848 31418649    4.57%
 108106 36649     1331.2164   725     1338.1780     1276.9848 31355404    4.57%
 108367 37170     1313.7565   717     1338.1780     1276.9848 31840013    4.57%
 108571 37108     1318.3149   689     1338.1780     1276.9848 31709824    4.57%
 108806 37672     1330.0675   419     1338.1780     1276.9848 32058440    4.57%
Elapsed time = 9224.44 sec. (1535769.20 ticks, tree = 5646.28 MB, solutions = 84)
Nodefile size = 3585.73 MB (2358.22 MB after compression)
 109009 37563     1332.7610   683     1338.1780     1276.9848 32040970    4.57%
 109205 37578     1324.6372   661     1338.1780     1276.9848 32043384    4.57%
 109454 37835     1316.9158   762     1338.1780     1277.6915 32131396    4.52%
 109666 37122    infeasible           1338.1780     1277.6986 31787422    4.52%
 109800 37875        cutoff           1338.1780     1277.6986 32117448    4.52%
 109956 37275     1321.7712   558     1338.1780     1277.7516 31985206    4.52%
 110176 38426     1334.0450   684     1338.1780     1277.8357 32368515    4.51%
 110405 38674        cutoff           1338.1780     1278.0015 32545329    4.50%
 110630 38690     1306.9142   678     1338.1780     1278.0015 32548042    4.50%
 110912 38750     1311.3399   680     1338.1780     1278.0369 32589097    4.49%
Elapsed time = 9519.33 sec. (1574024.20 ticks, tree = 5898.10 MB, solutions = 84)
Nodefile size = 3836.07 MB (2522.72 MB after compression)
 111217 38908     1329.5042   787     1338.1780     1278.2211 32705869    4.48%
 111552 39058     1303.4341   631     1338.1780     1278.2622 32841753    4.48%
 111898 38857     1315.6801   771     1338.1780     1278.2734 32577493    4.48%
*112060+39098                         1337.9263     1278.2814             4.46%
 112133 39068     1319.5356   833     1337.9263     1278.2814 32923111    4.46%
*112142+39098                         1337.4031     1278.2814             4.42%
*112176+39098                         1336.0703     1278.3035             4.32%
*112189+39098                         1335.6182     1278.3035             4.29%
 112344 37793     1322.1683   710     1335.6182     1278.3167 33138914    4.29%
*112466+38221                         1334.1258     1278.4414             4.17%
 112527 39068     1301.6912   821     1334.1258     1278.4544 32929066    4.17%
 112692 39202     1330.2757   907     1334.1258     1278.5093 33028097    4.17%
 112850 39228     1309.3436   867     1334.1258     1278.6555 33042963    4.16%
 113034 37246     1326.4866   611     1334.1258     1278.8299 33512887    4.14%
 113214 37173     1297.4441   942     1334.1258     1278.8470 33495878    4.14%
Elapsed time = 9808.64 sec. (1612465.91 ticks, tree = 5709.89 MB, solutions = 89)
Nodefile size = 3650.25 MB (2401.71 MB after compression)
 113392 37278     1299.9918   861     1334.1258     1278.8741 33518791    4.14%
 113579 37327     1319.2261   693     1334.1258     1278.8741 33698858    4.14%
 113691 37312        cutoff           1334.1258     1278.9080 33648379    4.14%
 113827 36955     1318.7322   793     1334.1258     1278.9080 33324603    4.14%
 113958 37227     1306.1391   907     1334.1258     1279.1880 33550130    4.12%
 114074 37262     1292.4654   855     1334.1258     1279.2407 33594356    4.11%
 114226 37360     1328.2290   616     1334.1258     1279.3574 33713527    4.11%
 114382 37387     1323.4117   810     1334.1258     1279.5440 33878152    4.09%
 114487 37342        cutoff           1334.1258     1279.5440 33797876    4.09%
 114671 37435     1310.4777   685     1334.1258     1279.5987 34002655    4.09%
Elapsed time = 10052.99 sec. (1650824.17 ticks, tree = 5749.18 MB, solutions = 89)
Nodefile size = 3694.50 MB (2430.99 MB after compression)
 114891 37513     1300.8323   651     1334.1258     1279.6358 34240212    4.08%
 115046 37730     1302.9829   858     1334.1258     1279.6757 34444178    4.08%
 115199 37824     1318.2322   690     1334.1258     1279.6757 34661591    4.08%
 115344 37924     1319.0916   689     1334.1258     1279.8503 34875973    4.07%
 115550 37820     1326.0578   639     1334.1258     1279.8777 34645100    4.07%
 115835 37993     1326.4992   616     1334.1258     1279.9690 34967058    4.06%
 116104 38006     1301.6177   713     1334.1258     1280.1216 34969496    4.05%
 116345 37989     1319.4366   849     1334.1258     1280.1857 34990493    4.04%
 116550 37988        cutoff           1334.1258     1280.2240 34993112    4.04%
 116738 37802     1312.7151   822     1334.1258     1280.2572 34636898    4.04%
Elapsed time = 10270.78 sec. (1689149.02 ticks, tree = 5732.70 MB, solutions = 89)
Nodefile size = 3694.50 MB (2430.99 MB after compression)
 116910 38165     1307.8156   809     1334.1258     1280.2924 35249691    4.04%
 117094 37994        cutoff           1334.1258     1280.4365 35001106    4.02%
 117302 38165     1331.5881   599     1334.1258     1280.5423 35234244    4.02%
 117538 38083     1312.3459   717     1334.1258     1280.5991 35144668    4.01%
 117751 38728     1310.2205   724     1334.1258     1280.8099 35687932    4.00%
 117997 38849     1292.8282   840     1334.1258     1280.8332 35817079    3.99%
 118219 38181     1332.8537   660     1334.1258     1280.8563 35285427    3.99%
 118402 38670        cutoff           1334.1258     1280.9284 35638063    3.99%
 118592 38822        cutoff           1334.1258     1280.9361 35761669    3.99%
 118774 39062        cutoff           1334.1258     1281.0635 36105453    3.98%
Elapsed time = 10507.73 sec. (1727502.31 ticks, tree = 6022.41 MB, solutions = 89)
Nodefile size = 3962.54 MB (2604.02 MB after compression)
 118972 38767     1299.8978   847     1334.1258     1281.1708 35704817    3.97%
*119102+39028                         1334.0148     1281.1771             3.96%
 119133 39227        cutoff           1334.0148     1281.1771 36259635    3.96%
*119144+39028                         1333.9503     1281.1771             3.96%
 119291 38898     1326.4897   692     1333.9503     1281.3707 35834587    3.94%
 119459 39370     1333.2475   547     1333.9503     1281.5220 36536844    3.93%
 119604 38897     1291.3112   915     1333.9503     1281.5790 35942963    3.93%
 119771 39155        cutoff           1333.9503     1281.6160 36294888    3.92%
 119906 39233     1326.1080   919     1333.9503     1281.7084 36271749    3.92%
 120045 39068     1318.9556   870     1333.9503     1281.7084 36124093    3.92%
 120168 39231        cutoff           1333.9503     1281.7450 36241017    3.91%
 120300 39402     1321.3104   624     1333.9503     1281.8643 36608894    3.90%
Elapsed time = 10753.00 sec. (1765879.88 ticks, tree = 6124.88 MB, solutions = 91)
Nodefile size = 4063.69 MB (2670.71 MB after compression)
 120434 39296     1305.9370   811     1333.9503     1281.8868 36486365    3.90%
 120576 39425     1325.5968   584     1333.9503     1282.0910 36614685    3.89%
 120748 39530     1292.7532   875     1333.9503     1282.1354 36878806    3.88%
 120944 39544        cutoff           1333.9503     1282.3666 36924929    3.87%
 121100 39710     1325.7206   729     1333.9503     1282.3974 37254243    3.86%
 121254 39789        cutoff           1333.9503     1282.4387 37338538    3.86%
 121410 39534     1313.6545   823     1333.9503     1282.4387 36865367    3.86%
 121587 39676     1318.5080   738     1333.9503     1282.5473 37171088    3.85%
 121731 39623     1304.5785   747     1333.9503     1282.6091 37124979    3.85%
 121945 39674        cutoff           1333.9503     1282.6865 37177020    3.84%
Elapsed time = 10989.53 sec. (1804462.71 ticks, tree = 6151.90 MB, solutions = 91)
Nodefile size = 4106.32 MB (2699.26 MB after compression)
 122123 39810     1323.3772   699     1333.9503     1282.7804 37423346    3.84%
 122334 39919        cutoff           1333.9503     1282.9448 37500129    3.82%
 122608 40239     1332.9461   414     1333.9503     1283.1909 38093346    3.81%
 122768 40065     1311.5478   802     1333.9503     1283.2460 37835993    3.80%
 122922 40026     1310.6649   757     1333.9503     1283.2460 37760665    3.80%
 123104 39964     1295.5617   813     1333.9503     1283.3410 37582119    3.79%
 123305 39923        cutoff           1333.9503     1283.3581 37513456    3.79%
 123536 40382     1322.0842   806     1333.9503     1283.4422 38361057    3.79%
*123588+40120                         1333.2770     1283.4685             3.74%
*123658+40120                         1332.8814     1283.4685             3.71%
*123683+40120                         1332.3252     1283.4685             3.67%
*123733+40120                         1332.2920     1283.5097             3.66%
 123778 40328     1298.9192   848     1332.2920     1283.5097 38247343    3.66%
 124078 40145     1326.2530   722     1332.2920     1283.6084 37984790    3.65%
Elapsed time = 11226.11 sec. (1842740.01 ticks, tree = 6149.29 MB, solutions = 95)
Nodefile size = 4106.32 MB (2699.26 MB after compression)
 124321 40507     1309.1735   727     1332.2920     1283.6677 38434181    3.65%
 124531 40365     1303.8510   929     1332.2920     1283.8507 38324386    3.64%
 124719 40342     1316.8465   706     1332.2920     1283.8978 38256825    3.63%
*124829+38713                         1331.5902     1283.9395             3.58%
 124916 40384        cutoff           1331.5902     1283.9395 38375714    3.58%
 125143 38816     1327.9040   594     1331.5902     1283.9571 38721413    3.58%
 125332 38784        cutoff           1331.5902     1284.0161 38700179    3.57%
 125495 38927     1310.7503   790     1331.5902     1284.0443 38781134    3.57%
 125666 38674     1295.4658   770     1331.5902     1284.0782 38510703    3.57%
 125889 38308     1328.8884   809     1331.5902     1284.0782 39114273    3.57%
*125975+39093                         1331.5902     1284.0782             3.57%
 126075 38450     1322.9789   857     1331.5902     1284.0782 39262731    3.57%
Elapsed time = 11502.87 sec. (1881151.62 ticks, tree = 5943.82 MB, solutions = 98)
Nodefile size = 3880.94 MB (2553.64 MB after compression)
 126248 38278        cutoff           1331.5902     1284.4170 39098225    3.54%
 126433 38522        cutoff           1331.5902     1284.5289 39393869    3.53%
 126640 38695    infeasible           1331.5902     1284.5573 39528346    3.53%
 126877 38822     1324.4452   792     1331.5902     1284.5765 39602372    3.53%
 127126 38546     1325.3361   507     1331.5902     1284.6513 39247276    3.53%
 127300 38559     1306.0123   764     1331.5902     1284.6676 39249892    3.52%
 127449 38888     1302.7449   954     1331.5902     1284.7139 39633775    3.52%
 127641 38886     1302.8302   903     1331.5902     1284.7344 39715111    3.52%
 127818 38934     1306.6624   827     1331.5902     1284.8424 39863781    3.51%
 127953 38894        cutoff           1331.5902     1284.9726 39807383    3.50%
Elapsed time = 11768.04 sec. (1919684.97 ticks, tree = 6068.78 MB, solutions = 98)
Nodefile size = 4009.58 MB (2639.12 MB after compression)
 128127 38854     1331.0749   624     1331.5902     1285.0459 39622920    3.50%
 128287 39390        cutoff           1331.5902     1285.2831 40146389    3.48%
 128459 39504    infeasible           1331.5902     1285.3341 40313220    3.47%
 128611 39398     1301.6104   868     1331.5902     1285.3783 40179177    3.47%
 128749 39353     1308.6412   679     1331.5902     1285.4888 40029285    3.46%
 128953 39503     1311.4694   697     1331.5902     1285.5291 40322226    3.46%
 129176 39528        cutoff           1331.5902     1285.5539 40410896    3.46%
 129408 39417     1330.5296   563     1331.5902     1285.6594 40087074    3.45%
*129452+39724                         1330.8945     1285.7189             3.39%
*129479+39724                         1328.3487     1285.7781             3.20%
*129491+39724                         1328.1627     1285.7781             3.19%
*129503+39724                         1325.4866     1285.7781             3.00%
*129506+39724                         1324.7848     1285.7781             2.94%
 129608 39548     1321.9480   793     1324.7848     1285.7781 40469708    2.94%
 129826 39552        cutoff           1324.7848     1285.9438 40523872    2.93%
Elapsed time = 12031.94 sec. (1958051.32 ticks, tree = 6156.51 MB, solutions = 103)
Nodefile size = 4112.52 MB (2707.74 MB after compression)
 130085 31186        cutoff           1324.7848     1285.9929 41052148    2.93%
 130266 39550        cutoff           1324.7848     1286.0845 40477829    2.92%
 130517 31383     1318.3675   392     1324.7848     1286.2761 41257467    2.91%
 130755 31353     1289.0623   919     1324.7848     1286.3058 41373745    2.90%
 130992 31128     1307.2906   778     1324.7848     1286.4400 40924077    2.89%
 131187 31208     1304.3707   820     1324.7848     1286.4400 41177783    2.89%
 131414 39702     1330.8976   668     1324.7848     1286.4542 40791365    2.89%
 131692 31371     1318.8529   789     1324.7848     1286.4542 41427574    2.89%
 131991 31321     1310.1881   853     1324.7848     1286.7141 41298821    2.87%
 132240 31265     1322.6842   550     1324.7848     1286.7573 41042742    2.87%
Elapsed time = 12255.24 sec. (1996301.61 ticks, tree = 4658.88 MB, solutions = 103)
Nodefile size = 2595.10 MB (1718.80 MB after compression)
 132441 31233        cutoff           1324.7848     1286.8408 41248156    2.86%
 132654 31835     1315.9205   697     1324.7848     1286.8835 41965211    2.86%
 132885 31526        cutoff           1324.7848     1287.0154 41704942    2.85%
 133155 31682     1316.8988   635     1324.7848     1287.0385 41853163    2.85%
 133421 31629     1313.4008   699     1324.7848     1287.0385 41755843    2.85%
 133682 31813        cutoff           1324.7848     1287.1399 41900384    2.84%
 133851 31727     1311.9116   697     1324.7848     1287.1534 41859416    2.84%
 134153 31914        cutoff           1324.7848     1287.1596 42029211    2.84%
 134354 31638        cutoff           1324.7848     1287.1847 41738566    2.84%
 134596 32269        cutoff           1324.7848     1287.3690 42409957    2.82%
Elapsed time = 12482.15 sec. (2034641.15 ticks, tree = 4879.29 MB, solutions = 103)
Nodefile size = 2818.28 MB (1868.13 MB after compression)
 134790 32237     1311.1999   797     1324.7848     1287.4368 42289011    2.82%
 134998 32232     1300.8443   792     1324.7848     1287.4935 42291529    2.81%
 135240 32733     1324.0670   856     1324.7848     1287.6728 42827075    2.80%
 135424 32384     1306.5737   916     1324.7848     1287.6935 42553296    2.80%
 135576 32605     1300.3274   846     1324.7848     1287.7034 42639129    2.80%
 135754 32201        cutoff           1324.7848     1287.7972 42361892    2.79%
 135927 32633        cutoff           1324.7848     1287.8425 42725614    2.79%
 136069 32663        cutoff           1324.7848     1287.8425 42752159    2.79%
 136332 32597        cutoff           1324.7848     1287.9391 42650357    2.78%
 136484 32853        cutoff           1324.7848     1287.9581 42976869    2.78%
Elapsed time = 12723.59 sec. (2073006.47 ticks, tree = 5052.43 MB, solutions = 103)
Nodefile size = 2992.34 MB (1984.54 MB after compression)
 136664 32628        cutoff           1324.7848     1288.1121 42736415    2.77%
 136840 32611     1299.4086   891     1324.7848     1288.2640 42717129    2.76%
 136968 32873     1310.3768   796     1324.7848     1288.3751 43027740    2.75%
 137125 33109     1310.2001   691     1324.7848     1288.3973 43394930    2.75%
 137332 33123     1306.5579   708     1324.7848     1288.5308 43763115    2.74%
 137560 33103        cutoff           1324.7848     1288.5308 43460392    2.74%
 137750 33141     1316.1655   582     1324.7848     1288.6387 43434283    2.73%
 137930 33141        cutoff           1324.7848     1288.6647 43883957    2.73%
 138151 33144     1306.3913   723     1324.7848     1288.6761 43941917    2.73%
 138354 33214        cutoff           1324.7848     1288.7420 43994359    2.72%
Elapsed time = 12955.13 sec. (2111291.88 ticks, tree = 5033.29 MB, solutions = 103)
Nodefile size = 3026.49 MB (2007.38 MB after compression)
 138616 33107        cutoff           1324.7848     1288.8178 43559424    2.71%
 138906 33281     1304.6742   856     1324.7848     1288.9746 43777541    2.70%
 139175 33131     1294.0596   941     1324.7848     1288.9746 43835375    2.70%
 139490 33308     1311.6496   598     1324.7848     1289.2262 44184921    2.68%
 139789 33392        cutoff           1324.7848     1289.3366 44322999    2.68%
 140083 33260     1308.0348   785     1324.7848     1289.4316 44135957    2.67%
 140414 33156     1305.4339   802     1324.7848     1289.4316 43982166    2.67%
 140655 33258        cutoff           1324.7848     1289.5126 44223971    2.66%
 140837 33160     1309.5216   759     1324.7848     1289.6155 43986334    2.65%
 141035 33516     1304.6513   894     1324.7848     1289.6556 44532406    2.65%
Elapsed time = 13195.49 sec. (2149554.75 ticks, tree = 5042.35 MB, solutions = 103)
Nodefile size = 3026.49 MB (2007.38 MB after compression)
 141294 33416     1320.7653   701     1324.7848     1289.7140 44417778    2.65%
 141536 34175     1320.0104   673     1324.7848     1289.8659 44934867    2.64%
 141815 33431        cutoff           1324.7848     1289.9773 44472837    2.63%
 142041 34125        cutoff           1324.7848     1290.0798 44915385    2.62%
 142267 34153     1324.7771   663     1324.7848     1290.1837 44894897    2.61%
 142508 33800     1312.7133   896     1324.7848     1290.2989 44653072    2.60%
 142795 34125        cutoff           1324.7848     1290.4165 44921921    2.59%
 142981 34384        cutoff           1324.7848     1290.4473 45110210    2.59%
 143249 34043        cutoff           1324.7848     1290.5995 44876640    2.58%
 143534 34042        cutoff           1324.7848     1290.6280 44878346    2.58%
Elapsed time = 13408.18 sec. (2187792.56 ticks, tree = 5188.75 MB, solutions = 103)
Nodefile size = 3106.65 MB (2058.42 MB after compression)
 143780 34681     1315.9181   702     1324.7848     1290.6663 45411054    2.58%
 144000 34584        cutoff           1324.7848     1290.7388 45325968    2.57%
*144175+34678                         1323.7442     1290.9291             2.48%
 144317 34646        cutoff           1323.7442     1290.9291 45391590    2.48%
 144535 34645     1306.3651   822     1323.7442     1290.9853 45394421    2.47%
 144773 34531     1324.5573   822     1323.7442     1291.0080 45284136    2.47%
 144999 34734        cutoff           1323.7442     1291.2073 45424277    2.46%
 145166 33420        cutoff           1323.7442     1291.4090 45877360    2.44%
 145384 33408        cutoff           1323.7442     1291.4195 45926196    2.44%
 145601 34845     1298.3827   851     1323.7442     1291.4730 45730084    2.44%
 145817 33552     1317.8797   902     1323.7442     1291.5342 46190038    2.43%
Elapsed time = 13638.31 sec. (2226248.75 ticks, tree = 5245.29 MB, solutions = 104)
Nodefile size = 3181.54 MB (2108.34 MB after compression)
 145986 33407        cutoff           1323.7442     1291.6661 45860848    2.42%
 146172 33736        cutoff           1323.7442     1291.7071 46308203    2.42%
 146336 33725     1316.2828   799     1323.7442     1291.7071 46281336    2.42%
 146517 33725        cutoff           1323.7442     1291.8139 46284212    2.41%
 146741 33766     1316.8688   847     1323.7442     1292.0174 46555688    2.40%
 146910 33743        cutoff           1323.7442     1292.0566 46470452    2.39%
 147090 33614     1311.4460   885     1323.7442     1292.2937 46235586    2.38%
 147300 33765        cutoff           1323.7442     1292.3527 46508629    2.37%
 147513 33982     1309.8360   713     1323.7442     1292.4136 47067293    2.37%
 147727 33944        cutoff           1323.7442     1292.4354 46995025    2.37%
Elapsed time = 13912.73 sec. (2264682.85 ticks, tree = 5254.57 MB, solutions = 104)
Nodefile size = 3228.77 MB (2139.31 MB after compression)
 147917 33997        cutoff           1323.7442     1292.5166 47185980    2.36%
 148158 33742        cutoff           1323.7442     1292.5853 46361275    2.35%
 148341 33761     1309.7872   606     1323.7442     1292.5853 46392198    2.35%
 148543 33982     1310.9955   905     1323.7442     1292.6201 47077661    2.35%
 148828 34086     1315.6463   498     1323.7442     1292.6550 47302922    2.35%
 149094 34069        cutoff           1323.7442     1292.7522 47418615    2.34%
 149392 34083     1317.0738   789     1323.7442     1292.9317 47452073    2.33%
 149719 34145     1319.9951   495     1323.7442     1292.9552 46953756    2.33%
 150005 33943     1301.3335   693     1323.7442     1293.0613 46990237    2.32%
 150327 34051     1298.1247   870     1323.7442     1293.3105 47370092    2.30%
Elapsed time = 14102.68 sec. (2302942.21 ticks, tree = 5223.34 MB, solutions = 104)
Nodefile size = 3228.77 MB (2139.31 MB after compression)
 150543 34209     1323.4887   701     1323.7442     1293.3906 47745116    2.29%
 150796 34471     1306.1497   680     1323.7442     1293.4330 47803242    2.29%
 151194 34497     1310.6236   593     1323.7442     1293.4633 47805402    2.29%
 151535 34868     1323.1462   579     1323.7442     1293.5839 48144821    2.28%
 151902 34127     1321.5862   634     1323.7442     1293.5839 47616215    2.28%
 152286 34150     1320.8695   575     1323.7442     1293.6075 47643336    2.28%
 152684 34822     1319.3387   728     1323.7442     1293.7305 48125892    2.27%
 152998 35094     1311.3442   566     1323.7442     1293.7644 48268991    2.26%
 153450 35155     1321.9832   471     1323.7442     1293.9649 48271960    2.25%
 153779 35387        cutoff           1323.7442     1294.0572 48372737    2.24%
Elapsed time = 14339.97 sec. (2341152.10 ticks, tree = 5452.29 MB, solutions = 104)
Nodefile size = 3360.16 MB (2223.51 MB after compression)
 154068 34560     1302.9927   562     1323.7442     1294.1952 47881946    2.23%
 154348 34988        cutoff           1323.7442     1294.3118 48228191    2.22%
 154628 34986     1309.5184   754     1323.7442     1294.3686 48230622    2.22%
 154941 36065     1313.1017   629     1323.7442     1294.4359 48590821    2.21%
 155317 36181     1315.3157   720     1323.7442     1294.4747 48668309    2.21%
 155654 34928     1304.8397   641     1323.7442     1294.6107 48212981    2.20%
 156196 34937        cutoff           1323.7442     1294.6107 48192923    2.20%
 156702 36206     1311.6198   508     1323.7442     1294.6484 48652329    2.20%
 157290 36241     1319.1672   612     1323.7442     1294.6484 48726132    2.20%
 157697 36503        cutoff           1323.7442     1294.8264 48951527    2.18%
Elapsed time = 14558.61 sec. (2379355.71 ticks, tree = 5742.91 MB, solutions = 104)
Nodefile size = 3674.75 MB (2432.87 MB after compression)
 158194 35707     1308.5394   630     1323.7442     1294.9716 48520865    2.17%
 158951 37577     1321.2728   382     1323.7442     1295.0425 49228270    2.17%
 159447 36351     1322.2242   496     1323.7442     1295.1437 48879765    2.16%
 159865 36427     1306.0937   827     1323.7442     1295.2371 48909821    2.15%
 160366 37600     1320.0773   526     1323.7442     1295.2969 49263689    2.15%
 160811 38922     1305.9512   619     1323.7442     1295.4553 49698755    2.14%
 161305 37967     1306.0423   558     1323.7442     1295.4781 49446513    2.14%
 161885 36962     1316.5996   533     1323.7442     1295.5811 49111807    2.13%
 162395 37235        cutoff           1323.7442     1295.5811 49214967    2.13%
 162821 39073     1321.5577   525     1323.7442     1295.6340 49710048    2.12%
Elapsed time = 14786.27 sec. (2417547.97 ticks, tree = 6366.38 MB, solutions = 104)
Nodefile size = 4293.72 MB (2843.80 MB after compression)
 163305 37741        cutoff           1323.7442     1295.6911 49400434    2.12%
 163884 37957     1309.8866   341     1323.7442     1295.7107 49484751    2.12%
 164367 39669     1319.0521   914     1323.7442     1295.8526 49871318    2.11%
 164789 37792     1319.3883   778     1323.7442     1295.9718 49352440    2.10%
 165137 39624     1304.3658   757     1323.7442     1296.1074 49853112    2.09%
 165704 41391     1319.9312   512     1323.7442     1296.1692 50408279    2.08%
 166228 39027        cutoff           1323.7442     1296.1950 49756599    2.08%
 166678 43133     1305.2928   675     1323.7442     1296.3189 50743155    2.07%
 167174 41223        cutoff           1323.7442     1296.3189 50313251    2.07%
 167657 42775     1310.7498   552     1323.7442     1296.3770 50715277    2.07%
Elapsed time = 15034.98 sec. (2455825.63 ticks, tree = 6676.31 MB, solutions = 104)
Nodefile size = 4594.81 MB (3032.82 MB after compression)
 168166 40645     1304.6224   650     1323.7442     1296.4143 50158010    2.06%
 168757 43779     1312.8417   477     1323.7442     1296.4143 50922142    2.06%
 169410 40396     1320.8834   672     1323.7442     1296.5207 50053048    2.06%
 170001 41792        cutoff           1323.7442     1296.5490 50497130    2.05%
 170478 41581     1304.4458   917     1323.7442     1296.5914 50360901    2.05%
 171028 44989     1302.5100   615     1323.7442     1296.7188 51256874    2.04%
 171781 42668     1319.1953   486     1323.7442     1296.8139 50700251    2.03%
 172553 45966     1308.9628   560     1323.7442     1296.8927 51438349    2.03%
 173250 44170     1322.2495   837     1323.7442     1296.9345 51049761    2.03%
 173949 44561     1305.1025   483     1323.7442     1296.9593 51082884    2.02%
Elapsed time = 15255.64 sec. (2494015.32 ticks, tree = 6769.19 MB, solutions = 104)
Nodefile size = 4645.40 MB (3055.52 MB after compression)
 174773 46927     1317.8385   466     1323.7442     1297.1232 51751281    2.01%
 175439 45648        cutoff           1323.7442     1297.1408 51374291    2.01%
 176263 45097     1300.7296   650     1323.7442     1297.1681 51268182    2.01%
 176984 46353        cutoff           1323.7442     1297.2398 51550239    2.00%
 177660 45170     1311.9142   518     1323.7442     1297.2651 51271192    2.00%
 178384 48476     1315.7605   580     1323.7442     1297.2836 51947854    2.00%
 179017 47586     1315.7907   414     1323.7442     1297.3517 51812324    1.99%
 179826 47585     1312.4362   436     1323.7442     1297.4236 51844873    1.99%
 180803 51012     1311.4594   459     1323.7442     1297.6357 52191576    1.97%
 181889 51704     1315.3116   555     1323.7442     1297.7259 52238707    1.97%
Elapsed time = 15450.72 sec. (2532192.01 ticks, tree = 7901.89 MB, solutions = 104)
Nodefile size = 5808.51 MB (3810.96 MB after compression)
 182746 48512     1302.3662   667     1323.7442     1297.8651 51956855    1.95%
 183430 48196     1305.4189   566     1323.7442     1297.8651 51933098    1.95%
 184386 49730     1317.1518   530     1323.7442     1297.8858 52081339    1.95%
 185357 53133     1303.7419   518     1323.7442     1298.0099 52402015    1.94%
 186378 50368     1309.8258   562     1323.7442     1298.0099 52130337    1.94%
 187208 49884     1322.6901   312     1323.7442     1298.0544 52090170    1.94%
 188181 53274     1309.2262   495     1323.7442     1298.1134 52409229    1.94%
 189481 50484     1311.2484   435     1323.7442     1298.1388 52135641    1.93%
 190549 53350     1305.4455   603     1323.7442     1298.1388 52414325    1.93%
 191868 57018     1315.7620   606     1323.7442     1298.2167 52756148    1.93%
Elapsed time = 15658.34 sec. (2570370.14 ticks, tree = 9178.82 MB, solutions = 104)
Nodefile size = 7080.00 MB (4650.00 MB after compression)
 192998 57824     1302.9652   558     1323.7442     1298.3057 52815790    1.92%
 193890 52946     1320.4498   483     1323.7442     1298.4149 52351938    1.91%
 194886 56699     1306.0892   598     1323.7442     1298.5290 52712301    1.90%
 196090 61212     1319.6659   511     1323.7442     1298.6290 53088438    1.90%
 197242 58544     1309.9584   568     1323.7442     1298.6401 52889257    1.90%
 198442 57015     1308.3812   549     1323.7442     1298.7171 52744255    1.89%
 199506 62832     1316.9296   445     1323.7442     1298.8089 53230037    1.88%
 200517 58744     1309.6376   546     1323.7442     1298.8089 52898218    1.88%
 201701 58053     1311.1142   444     1323.7442     1298.8754 52836645    1.88%
 202732 67118     1319.7943   541     1323.7442     1298.8955 53613195    1.88%
Elapsed time = 15865.60 sec. (2608561.67 ticks, tree = 11649.14 MB, solutions = 104)
Nodefile size = 9573.07 MB (6307.87 MB after compression)
 203857 61030     1306.7824   595     1323.7442     1298.9170 53072223    1.88%
 205104 65793     1305.7252   613     1323.7442     1298.9335 53500462    1.87%
 206241 71055     1319.5448   357     1323.7442     1299.0592 53888988    1.86%
 207175 64824     1308.7242   520     1323.7442     1299.1441 53414667    1.86%
 208370 68498     1322.5730   279     1323.7442     1299.2045 53689530    1.85%
 209450 72697        cutoff           1323.7442     1299.2920 54035849    1.85%
 210534 68620     1316.7375   476     1323.7442     1299.3728 53695577    1.84%
 211572 66719     1316.9692   534     1323.7442     1299.3950 53575335    1.84%
 212743 77133     1318.2259   556     1323.7442     1299.4729 54341140    1.83%
 214034 74542        cutoff           1323.7442     1299.4729 54162643    1.83%
Elapsed time = 16101.98 sec. (2646747.56 ticks, tree = 13475.14 MB, solutions = 104)
Nodefile size = 11385.14 MB (7523.87 MB after compression)
 215123 73281     1315.0929   587     1323.7442     1299.5222 54074425    1.83%
 216249 77553     1303.3003   616     1323.7442     1299.5388 54374041    1.83%
 217387 71856     1315.7506   561     1323.7442     1299.5613 53969426    1.83%
 218758 74100     1303.0177   763     1323.7442     1299.5894 54139594    1.82%
 220274 81396     1312.7129   487     1323.7442     1299.6348 54660478    1.82%
 221483 79017     1315.7869   506     1323.7442     1299.6929 54491323    1.82%
 222559 87146     1305.7190   572     1323.7442     1299.7577 55084478    1.81%
 223597 86064     1301.1715   674     1323.7442     1299.8360 55009738    1.81%
 224759 88027     1320.5904   577     1323.7442     1299.8532 55152343    1.80%
 226079 88397     1317.5724   468     1323.7442     1299.8532 55182624    1.80%
Elapsed time = 16321.83 sec. (2684932.94 ticks, tree = 16886.46 MB, solutions = 104)
Nodefile size = 14793.23 MB (9813.39 MB after compression)
 227397 88037     1303.5730   611     1323.7442     1299.9154 55156478    1.80%
 228565 86966     1303.2739   642     1323.7442     1299.9319 55072803    1.80%
 229841 82333     1320.6046   496     1323.7442     1299.9620 54729563    1.80%
 231036 93847     1315.4539   600     1323.7442     1299.9707 55580197    1.80%
 232208 84050     1308.4874   502     1323.7442     1299.9870 54873089    1.79%
 233419 86454     1321.1435   262     1323.7442     1300.0306 55030740    1.79%
 234756 88192     1311.2815   594     1323.7442     1300.0444 55171383    1.79%
 235931 96614     1312.9532   547     1323.7442     1300.0444 55774122    1.79%
 237275 90367     1304.1251   559     1323.7442     1300.1741 55346081    1.78%
 238655 101036     1311.6208   496     1323.7442     1300.1941 56099360    1.78%
Elapsed time = 16557.79 sec. (2723109.32 ticks, tree = 20025.63 MB, solutions = 104)
Nodefile size = 17937.96 MB (11934.54 MB after compression)
 239955 100285     1316.8268   621     1323.7442     1300.1941 56043848    1.78%
 241030 98617     1303.5393   625     1323.7442     1300.2508 55929946    1.77%
 242268 94393     1311.5369   607     1323.7442     1300.2508 55622264    1.77%
 243456 101567     1303.0061   627     1323.7442     1300.2631 56139363    1.77%
 244593 104492     1317.8139   631     1323.7442     1300.2916 56369546    1.77%
 245851 106199     1303.9479   618     1323.7442     1300.2916 56480514    1.77%
 247128 105834     1305.8166   598     1323.7442     1300.3192 56457789    1.77%
 248561 100726     1317.0974   568     1323.7442     1300.3379 56090575    1.77%
 249734 110694     1321.5153   733     1323.7442     1300.3686 56797061    1.77%
 251054 110301     1321.3347   280     1323.7442     1300.4453 56769715    1.76%
Elapsed time = 16785.95 sec. (2761276.22 ticks, tree = 22329.74 MB, solutions = 104)
Nodefile size = 20227.69 MB (13482.19 MB after compression)
 252329 107052     1304.1615   603     1323.7442     1300.4496 56546110    1.76%
 253762 108021     1308.7242   602     1323.7442     1300.4496 56628794    1.76%
 255050 114340     1308.1892   547     1323.7442     1300.5029 57080414    1.76%
 256189 107192     1314.2447   457     1323.7442     1300.5177 56553650    1.75%
 257459 117153     1316.8772   587     1323.7442     1300.5203 57283990    1.75%
 258663 113525        cutoff           1323.7442     1300.5631 57002898    1.75%
 259948 113155     1313.3682   580     1323.7442     1300.5833 56978814    1.75%
 261041 113842     1306.8733   602     1323.7442     1300.6030 57035994    1.75%
 262348 121064     1321.3352   528     1323.7442     1300.6168 57537242    1.75%
 263471 116201     1307.8356   561     1323.7442     1300.6168 57215424    1.75%
Elapsed time = 16974.53 sec. (2799452.92 ticks, tree = 23787.39 MB, solutions = 104)
Nodefile size = 21655.35 MB (14443.07 MB after compression)
 264727 118689     1304.7368   509     1323.7442     1300.6168 57376828    1.75%
 265807 121189     1311.3460   572     1323.7442     1300.6168 57544435    1.75%
 266767 124478     1304.2038   628     1323.7442     1300.6168 57804325    1.75%
 267683 119985     1316.6411   602     1323.7442     1300.6168 57466628    1.75%
 268652 127309     1316.5216   512     1323.7442     1300.6557 58006394    1.74%
 269692 121352     1318.2223   445     1323.7442     1300.7225 57554364    1.74%
 270820 122409     1305.1025   547     1323.7442     1300.7349 57643837    1.74%
 271765 125157     1313.6141   459     1323.7442     1300.7410 57845114    1.74%
 272649 133040     1312.0104   542     1323.7442     1300.7832 58431851    1.73%
 273496 128117     1305.6116   625     1323.7442     1300.8033 58066217    1.73%
Elapsed time = 17159.30 sec. (2837634.65 ticks, tree = 26683.00 MB, solutions = 104)
Nodefile size = 24600.09 MB (16420.02 MB after compression)
 274474 135682     1312.8197   560     1323.7442     1300.8378 58693808    1.73%
 275384 136649     1316.2038   566     1323.7442     1300.8422 58796612    1.73%
 276334 136833     1317.7351   602     1323.7442     1300.8553 58826643    1.73%
 277234 138344     1323.5320   413     1323.7442     1300.8806 58959268    1.73%
 278332 135831     1306.0866   617     1323.7442     1300.8900 58730651    1.73%
 279366 132608     1310.3702   612     1323.7442     1300.9062 58404315    1.73%
 280324 137888     1304.5922   613     1323.7442     1300.9160 58914059    1.72%
 281499 138626        cutoff           1323.7442     1300.9290 58998873    1.72%
 282552 134696     1318.0765   558     1323.7442     1300.9485 58582634    1.72%
 283541 138213        cutoff           1323.7442     1300.9711 58949615    1.72%
Elapsed time = 17375.33 sec. (2875817.15 ticks, tree = 28332.45 MB, solutions = 104)
Nodefile size = 26182.79 MB (17452.74 MB after compression)
 284804 143702     1318.9599   553     1323.7442     1301.0047 59477005    1.72%
 286075 145105     1322.9633   464     1323.7442     1301.0165 59599600    1.72%
 287245 143095     1309.3574   514     1323.7442     1301.0448 59438358    1.71%
 288458 141100     1304.5929   458     1323.7442     1301.0507 59262239    1.71%
 289805 140705     1323.0691   397     1323.7442     1301.0507 59191169    1.71%
 291157 147359     1318.9703   498     1323.7442     1301.0640 59766920    1.71%
 292470 149029     1321.9360   593     1323.7442     1301.0726 59888438    1.71%
 293681 151343        cutoff           1323.7442     1301.0846 60057818    1.71%
 294857 149732        cutoff           1323.7442     1301.0995 59941589    1.71%
 296113 146233     1306.9811   627     1323.7442     1301.1215 59683924    1.71%
Elapsed time = 17598.28 sec. (2913989.27 ticks, tree = 29389.41 MB, solutions = 104)
Nodefile size = 27242.12 MB (18131.87 MB after compression)
 297453 149171     1318.4065   563     1323.7442     1301.1386 59899233    1.71%
 298518 153819     1305.5938   626     1323.7442     1301.1476 60238726    1.71%
 299655 152882     1319.1531   582     1323.7442     1301.1522 60165475    1.71%
 300861 157781     1318.3553   594     1323.7442     1301.1576 60525117    1.71%
 302152 151922     1317.0595   600     1323.7442     1301.1653 60102709    1.71%
 303453 159120     1323.6789   402     1323.7442     1301.1662 60625603    1.71%
 304616 160901     1305.2316   612     1323.7442     1301.1705 60762511    1.71%
 305850 156448     1319.8134   357     1323.7442     1301.1748 60429382    1.70%
 307281 163020     1313.7043   599     1323.7442     1301.1863 60907350    1.70%
 308629 166870     1305.1319   609     1323.7442     1301.1991 61195097    1.70%
Elapsed time = 17802.49 sec. (2952152.67 ticks, tree = 34537.45 MB, solutions = 104)
Nodefile size = 32464.75 MB (21659.18 MB after compression)
 309920 163724     1307.7248   603     1323.7442     1301.2087 60956920    1.70%
 311226 165697     1318.8035   587     1323.7442     1301.2150 61107814    1.70%
 312395 169102     1311.0728   569     1323.7442     1301.2185 61342455    1.70%
 313589 165771     1304.1460   569     1323.7442     1301.2215 61113499    1.70%
 314968 161258     1318.1660   532     1323.7442     1301.2265 60784701    1.70%
 316149 163278     1309.6083   566     1323.7442     1301.2281 60925925    1.70%
 317446 169268     1317.8318   583     1323.7442     1301.2330 61353727    1.70%
 318850 174369     1318.3532   529     1323.7442     1301.2374 61736427    1.70%
 320290 177486     1319.7204   571     1323.7442     1301.2669 61961353    1.70%
 321574 173966     1320.2406   480     1323.7442     1301.2689 61694163    1.70%
Elapsed time = 18005.13 sec. (2990322.07 ticks, tree = 36311.98 MB, solutions = 104)
Nodefile size = 34208.22 MB (22834.55 MB after compression)
 322805 170112     1312.2274   568     1323.7442     1301.2766 61411047    1.70%
 324160 176953     1314.7375   618     1323.7442     1301.2872 61919209    1.70%
 325535 174340     1322.0928   545     1323.7442     1301.2872 61727222    1.70%
 326740 177035     1308.6219   516     1323.7442     1301.2925 61924581    1.70%
 328036 175705     1317.9062   463     1323.7442     1301.2958 61826279    1.70%
 329266 177133     1319.8685   637     1323.7442     1301.3000 61930321    1.70%
 330526 179071     1319.5583   504     1323.7442     1301.3100 62080049    1.69%
 331975 179854     1314.4075   494     1323.7442     1301.3200 62129613    1.69%
 333259 181146        cutoff           1323.7442     1301.3235 62227542    1.69%
 334476 189336     1317.9133   592     1323.7442     1301.3248 62801653    1.69%
Elapsed time = 18228.38 sec. (3028487.27 ticks, tree = 40156.49 MB, solutions = 104)
Nodefile size = 38069.21 MB (25443.24 MB after compression)
 335677 188329     1315.8031   576     1323.7442     1301.3429 62735257    1.69%
 336976 183333        cutoff           1323.7442     1301.3429 62372018    1.69%
 338145 184361        cutoff           1323.7442     1301.3493 62451454    1.69%
 339261 186636        cutoff           1323.7442     1301.3503 62620286    1.69%
 340486 187708     1307.5785   603     1323.7442     1301.3615 62697936    1.69%
 341850 195776     1316.1164   598     1323.7442     1301.3742 63248229    1.69%
 343064 192419     1309.0988   509     1323.7442     1301.3982 63027191    1.69%
Starting limited solution polishing.
 344380 192037     1309.1293   596     1323.7442     1301.4086 63010191    1.69%
 345651 194540     1319.2603   565     1323.7442     1301.4227 63161381    1.69%
 346711 196463     1304.0084   644     1323.7442     1301.4271 63306709    1.69%
Elapsed time = 18425.98 sec. (3066658.90 ticks, tree = 41937.82 MB, solutions = 104)
Nodefile size = 39852.88 MB (26648.37 MB after compression)
 347914 194654     1309.8354   628     1323.7442     1301.4271 63166968    1.69%
