Version identifier: 22.1.1.0 | 2022-11-28 | 9160aff4d
CPXPARAM_TimeLimit                               70200
Tried aggregator 1 time.
MIP Presolve eliminated 2311 rows and 2008 columns.
MIP Presolve modified 12768 coefficients.
Reduced MIP has 28556 rows, 30744 columns, and 131820 nonzeros.
Reduced MIP has 15694 binaries, 15050 generals, 0 SOSs, and 0 indicators.
Presolve time = 0.14 sec. (87.03 ticks)
Probing time = 5.82 sec. (47.25 ticks)
Cover probing fixed 0 vars, tightened 10 bounds.
Tried aggregator 1 time.
Detecting symmetries...
MIP Presolve eliminated 496 rows and 496 columns.
MIP Presolve modified 2 coefficients.
Reduced MIP has 28060 rows, 30248 columns, and 130134 nonzeros.
Reduced MIP has 15692 binaries, 14556 generals, 0 SOSs, and 0 indicators.
Presolve time = 0.22 sec. (114.52 ticks)
Probing time = 8.49 sec. (19.23 ticks)
Cover probing fixed 0 vars, tightened 11 bounds.
Clique table members: 34021.
MIP emphasis: balance optimality and feasibility.
MIP search method: dynamic search.
Parallel mode: deterministic, using up to 32 threads.
Root relaxation solution time = 5.02 sec. (751.05 ticks)

        Nodes                                         Cuts/
   Node  Left     Objective  IInf  Best Integer    Best Bound    ItCnt     Gap

      0     0      860.3808   411                    860.3808       27         
      0     0      898.5554   591                   Cuts: 402     1778         
      0     0      914.9914   660                   Cuts: 249     3049         
      0     0      923.9404   648                   Cuts: 163     4181         
      0     0      928.8960   747                   Cuts: 153     4871         
      0     0      933.0351   708                   Cuts: 120     5501         
Detecting symmetries...
      0     0      935.7359   726                    Cuts: 93     5973         
      0     0      936.6312   705                    Cuts: 90     6227         
      0     0      937.8850   710                    Cuts: 68     6669         
      0     0      938.8481   710                    Cuts: 59     7132         
      0     0      939.4313   725                    Cuts: 66     7395         
      0     0      940.1150   712                    Cuts: 58     7617         
      0     0      940.4847   708                    Cuts: 51     7771         
      0     0      940.8113   645                    Cuts: 35     7982         
      0     0      940.8562   718                    Cuts: 92     8050         
      0     0      940.8714   727                    Cuts: 15     8071         
Detecting symmetries...
      0     2      940.8714   727                    940.8714     8071         
Elapsed time = 62.44 sec. (28043.65 ticks, tree = 0.02 MB, solutions = 0)
      2     3      947.1637   716                    940.8714     8665         
      9     5      947.1686   702                    941.3067     8988         
     22    22      948.0590   655                    941.4767    10838         
     46    37      948.8371   697                    941.4771    12809         
     98    59      946.7366   662                    941.4771    16220         
    127    65      951.9325   667                    941.4771    17656         
    158   102    infeasible                          941.5886    24846         
    191   141      952.1232   650                    941.5886    33348         
    230   166      947.7573   668                    941.5999    40503         
    273   216      948.1424   605                    942.1711    53767         
Elapsed time = 79.88 sec. (31512.24 ticks, tree = 1.77 MB, solutions = 0)
    319   251      943.9861   655                    942.1711    66986         
    359   269      961.0924   576                    942.1711    82309         
    389   358      958.5315   563                    942.1711   157679         
    440   359      971.1784   555                    942.1711   161349         
    498   365      970.1329   548                    942.1711   174982         
    564   493      985.6738   535                    942.1711   285450         
    620   494      974.5636   562                    942.1711   288038         
    662   599      973.5310   578                    942.1711   351928         
    713   570      997.4599   600                    942.1711   336306         
    762   694      985.6598   623                    942.1711   386434         
Elapsed time = 122.79 sec. (41386.90 ticks, tree = 18.48 MB, solutions = 0)
    816   695      983.9697   539                    942.1711   385784         
    880   712      987.0142   621                    942.1711   390969         
    956   772     1001.7682   609                    942.1711   424264         
   1038   834     1016.0654   540                    942.1711   458375         
   1108   930     1000.7190   497                    942.1711   499481         
   1168  1035      963.3267   579                    942.1711   550567         
   1239  1071     1009.1638   486                    942.1711   578916         
   1339  1129     1033.9941   478                    942.1711   605946         
   1457  1193      980.4445   579                    942.1711   625343         
   1546  1304     1012.7071   490                    942.1711   666315         
Elapsed time = 161.84 sec. (51100.41 ticks, tree = 57.83 MB, solutions = 0)
   1617  1388     1113.9022   469                    942.1711   697809         
   1666  1528     1035.8334   429                    942.1711   752027         
   1735  1468     1082.9009   577                    942.1711   725813         
   1827  1539     1047.3952   398                    942.1711   754565         
   1903  1536     1065.0522   575                    942.1711   757636         
   1997  1712     1124.7292   416                    942.1711   860326         
   2112  1764     1041.0657   530                    942.1711   872868         
   2234  1948    infeasible                          942.1711   943963         
   2403  1900     1144.7920   459                    942.1711   925444         
   2563  1995     1064.1658   409                    942.1711   955654         
Elapsed time = 203.18 sec. (60773.42 ticks, tree = 162.07 MB, solutions = 0)
   2749  2122     1040.3154   543                    942.1711  1001557         
   2951  2319     1062.0365   432                    942.1711  1065717         
   3180  2368     1066.7681   443                    942.1711  1073498         
   3396  2722     1105.0256   454                    942.1711  1148116         
   3554  2726     1120.0653   445                    942.1711  1149463         
   3656  2859     1156.5668   332                    942.1711  1189580         
   3749  3180     1323.3052   287                    942.1711  1257619         
   3822  3006     1194.1686   492                    942.1711  1230487         
   3991  3261     1153.6795   419                    942.1711  1266969         
   4211  3560     1252.3556   384                    942.1711  1335117         
Elapsed time = 250.34 sec. (70409.69 ticks, tree = 524.89 MB, solutions = 0)
   4464  3608     1178.0859   365                    942.1711  1346341         
   4723  3760     1256.9089   329                    942.1711  1375461         
   5023  4133     1214.2666   320                    942.1711  1442248         
   5381  3928     1294.0747   286                    942.1711  1404235         
   5786  4473     1355.8653   307                    942.1711  1492282         
   6239  4233     1368.2919   306                    942.1711  1453897         
   6652  5266     1097.1488   544                    942.1711  1611349         
   7096  4777     1269.9434   357                    942.1711  1544272         
   7532  5208     1314.6060   339                    942.1711  1600260         
   8053  6120     1398.2001    71                    942.1711  1712207         
Elapsed time = 291.01 sec. (79962.87 ticks, tree = 1167.89 MB, solutions = 0)
   8521  6133     1398.6868    57                    942.1711  1712551         
   8989  7118     1178.4678   405                    942.1711  1846924         
   9489  7244     1251.0632   219                    942.1711  1861610         
  10086  7679     1373.2113   383                    942.1711  1900864         
  10639  7614    infeasible                          942.1711  1894883         
  11268  8509     1271.2075    99                    942.1711  2006162         
  11834  8519     1273.4782    89                    942.1711  2006597         
  12521  9575      967.5091   611                    942.1711  2116425         
  13158 10348     1633.7815    45                    942.1711  2173897         
  13936 10779     1561.5285    64                    942.1711  2230889         
Elapsed time = 335.53 sec. (89515.17 ticks, tree = 2345.47 MB, solutions = 0)
Nodefile size = 291.31 MB (174.67 MB after compression)
  14623 10817     1561.5298    64                    942.1711  2231497         
  15250 11383     1515.3088   261                    942.1711  2269049         
  15933 11431     1515.3088   261                    942.1711  2269393         
  16520 11781     1705.1289    96                    942.1711  2294251         
  17104 12414     1372.8654   309                    942.1711  2361121         
  17738 13481     1540.2036    35                    942.1711  2414672         
  18292 14028     1381.7596   132                    942.1711  2458812         
  18897 14693     1187.6057   444                    942.1711  2505185         
  19429 14117     1446.7242   131                    942.1711  2460662         
  19941 15987     1364.5778   230                    942.1711  2584551         
Elapsed time = 380.60 sec. (99064.77 ticks, tree = 3662.81 MB, solutions = 0)
Nodefile size = 1608.84 MB (967.74 MB after compression)
  20375 16047     1391.4042   282                    942.1711  2595270         
  20846 16521     1474.1055   108                    942.1711  2640610         
  21354 16844     1324.6269   195                    942.1711  2656771         
  21856 17330     1562.7002    55                    942.1711  2696840         
  22334 18060     1911.2220    89                    942.1711  2793863         
  22890 18398     1702.5791    54                    942.1920  2820204         
  23346 17916     1719.5824   123                    942.1920  2769758         
  23765 19389     1562.7051    55                    942.1920  2922069         
  24294 18800     1534.3250    71                    942.1920  2852944         
  24755 19525     1292.0465   327                    942.1920  2943390         
Elapsed time = 423.92 sec. (108613.99 ticks, tree = 4555.96 MB, solutions = 0)
Nodefile size = 2500.55 MB (1505.12 MB after compression)
  25285 20312     1034.3375   463                    942.1920  3016801         
  25857 20322     1546.3501   142                    942.1920  3011764         
  26326 20739    infeasible                          942.1920  3063549         
  26725 21676     1423.0685   188                    942.1920  3129509         
  27071 21031     1518.2334    68                    942.1920  3075552         
  27457 22259     1324.9225   176                    942.1920  3176871         
  27822 22317      958.2806   600                    942.1920  3187118         
  28216 22579     1485.4359   116                    942.1920  3209718         
  28585 23268     1324.9224   156                    942.1920  3274820         
  30040 24460     1649.8172    55                    942.1920  3366142         
Elapsed time = 479.75 sec. (121032.60 ticks, tree = 5781.60 MB, solutions = 0)
Nodefile size = 3700.09 MB (2217.88 MB after compression)
  31458 25572     1187.9332   430                    942.1920  3480332         
  32775 26647     1054.9075   524                    942.1920  3603364         
  34335 28644     1299.6726   257                    942.1920  3766505         
  35745 29382     1559.1624    57                    942.1920  3833731         
  37304 31390     1649.8172    55                    942.1920  4020137         
  38751 32901     1538.2398    88                    942.1920  4162592         
  40299 33733     1562.9570    54                    942.1920  4236678         
  41863 34461     1355.5577   329                    942.1920  4332102         
  43357 35436     1131.9909   507                    942.1920  4447644         
  44863 37687     1223.5172   283                    942.1920  4658516         
Elapsed time = 653.00 sec. (159195.49 ticks, tree = 9083.68 MB, solutions = 0)
Nodefile size = 7021.41 MB (4238.24 MB after compression)
  46576 39461     1539.9407    62                    942.1920  4822822         
  48289 40221     1482.5963   197                    942.1920  4875788         
  49885 41663      968.1185   601                    942.1920  5053955         
  51676 42967     1011.8561   390                    942.1920  5203959         
  53319 44157     1405.2950   273                    942.1920  5332893         

Performing restart 1

Repeating presolve.
Tried aggregator 1 time.
MIP Presolve eliminated 31 rows and 193 columns.
MIP Presolve modified 504 coefficients.
Reduced MIP has 28029 rows, 30055 columns, and 129561 nonzeros.
Reduced MIP has 15530 binaries, 14525 generals, 0 SOSs, and 0 indicators.
Presolve time = 0.12 sec. (60.02 ticks)
Tried aggregator 1 time.
MIP Presolve eliminated 67 rows and 152 columns.
Reduced MIP has 27962 rows, 29903 columns, and 129108 nonzeros.
Reduced MIP has 15445 binaries, 14458 generals, 0 SOSs, and 0 indicators.
Presolve time = 0.17 sec. (82.65 ticks)
Represolve time = 11.49 sec. (340.99 ticks)
  53526     0      965.4345   806                   Cuts: 685  5568794         
  53526     0      980.6299   803                   Cuts: 435  5570691         
  53526     0      989.6364   812                   Cuts: 525  5572101         
  53526     0      993.3101   889                   Cuts: 500  5573017         
* 53526+    0                         6920.8385      993.3101            85.65%
  53526     0     1000.1908   868     6920.8385     Cuts: 417  5574788   85.55%
* 53526+    0                         3961.7253     1000.1908            74.75%
* 53526+    0                         3377.4183     1000.1908            70.39%
* 53526+    0                         3189.1253     1000.1908            68.64%
* 53526+    0                         3104.6201     1000.1908            67.78%
* 53526+    0                         2959.1972     1000.1908            66.20%
* 53526+    0                         2931.8436     1000.1908            65.89%
* 53526+    0                         2927.7609     1000.1908            65.84%
  53526     0  -1.00000e+75     0     2927.7609     1000.1908  5574788   65.84%
  53526     0     1001.5914   866     2927.7609     Cuts: 237  5575745   65.79%
  53526     0     1002.8637   907     2927.7609     Cuts: 308  5576589   65.75%
  53526     0     1003.9230   909     2927.7609     Cuts: 268  5577542   65.71%
  53526     0     1006.3984   883     2927.7609     Cuts: 178  5578546   65.63%
  53526     0     1012.2581   912     2927.7609    Cuts: 3052  5580430   65.43%
  53526     0     1015.6571   938     2927.7609     Cuts: 293  5581497   65.31%
  53526     0     1017.0259   909     2927.7609     Cuts: 258  5582381   65.26%
  53526     0     1017.5998   924     2927.7609     Cuts: 475  5582912   65.24%
  53526     0     1018.0119   905     2927.7609     Cuts: 142  5583438   65.23%
  53526     0     1018.1734   922     2927.7609      Cuts: 97  5583631   65.22%
  53526     0     1018.9366   906     2927.7609     Cuts: 112  5584160   65.20%
  53526     0     1019.3085   931     2927.7609     Cuts: 389  5584511   65.18%
  53526     0     1019.4190   939     2927.7609      Cuts: 90  5584693   65.18%
  53526     0     1019.4742   945     2927.7609      Cuts: 64  5584899   65.18%
  53526     0     1019.4843   955     2927.7609     Cuts: 378  5585042   65.18%
  53526     0     1019.4964   966     2927.7609      Cuts: 83  5585119   65.18%
  53526     0     1019.5272   970     2927.7609      Cuts: 50  5585233   65.18%
  53526     2     1019.5272   970     2927.7609     1019.5272  5585233   65.18%
  53527     3     1056.5400   790     2927.7609     1019.5541  5599934   65.18%
  53529     4     1058.7617   894     2927.7609     1019.9453  5601239   65.16%
  53531     4     1105.1388   824     2927.7609     1020.2793  5606858   65.15%
  53534     7     1020.2970   893     2927.7609     1020.2986  5627211   65.15%
Elapsed time = 1077.81 sec. (414426.30 ticks, tree = 0.03 MB, solutions = 8)
  53544     9     1050.5903   872     2927.7609     1020.2986  5637029   65.15%
  53554    16     1111.7200   846     2927.7609     1020.2986  5648128   65.15%
  53570    25     1145.3037   803     2927.7609     1020.2986  5670645   65.15%
  53594    42     1145.5548   802     2927.7609     1020.2986  5747663   65.15%
  53609    52     1099.1959   874     2927.7609     1021.2895  5809334   65.12%
  53627    63     1049.8090   926     2927.7609     1021.2895  5872011   65.12%
* 53632+   28                         2560.5770     1021.2895            60.11%
  53651    60     1151.7547   828     2560.5770     1021.2895  5850983   60.11%
* 53667+   31                         1894.2119     1021.2895            46.08%
  53683    68     1061.7823   866     1894.2119     1021.2895  5899649   46.08%
* 53695+   31                         1859.3326     1021.2895            45.07%
* 53707+   31                         1805.1116     1021.2895            43.42%
  53715   118     1143.9429   814     1805.1116     1021.2895  6070303   43.42%
* 53729+   31                         1797.9334     1021.2895            43.20%
  53750   129     1149.8447   784     1797.9334     1021.2895  6087298   43.20%
Elapsed time = 1284.64 sec. (455507.64 ticks, tree = 3.42 MB, solutions = 18)
  53784   111     1074.4339   857     1797.9334     1021.2895  6062820   43.20%
  53820   208     1159.0689   777     1797.9334     1021.7604  6181557   43.17%
  53865   198     1074.4929   840     1797.9334     1021.7604  6176165   43.17%
  53931   284     1074.7086   824     1797.9334     1021.7604  6205659   43.17%
  54015   311     1198.7252   814     1797.9334     1021.7604  6214234   43.17%
  54117   380     1108.8773   791     1797.9334     1021.7604  6235756   43.17%
  54222   431     1208.5290   767     1797.9334     1021.7604  6255950   43.17%
  54400   508     1205.6835   797     1797.9334     1021.7604  6296223   43.17%
  54617   720     1176.4439   667     1797.9334     1021.7604  6401791   43.17%
  54875   651     1119.0049   688     1797.9334     1021.7604  6381791   43.17%
Elapsed time = 1497.93 sec. (494006.38 ticks, tree = 25.69 MB, solutions = 20)
  55145   882     1273.0621   544     1797.9334     1021.7604  6438893   43.17%
  55433   987     1101.9291   843     1797.9334     1021.7604  6493319   43.17%
  55761  1080     1285.9355   526     1797.9334     1021.7604  6498743   43.17%
  56101  1575     1304.7088   589     1797.9334     1021.7604  6665860   43.17%
  56605  1906     1233.2279   569     1797.9334     1021.7604  6727208   43.17%
  57285  2312     1233.6983   603     1797.9334     1021.7604  6849545   43.17%
  57962  3242     1163.4088   542     1797.9334     1021.7604  6983063   43.17%
  58703  2817     1322.1808   447     1797.9334     1021.7604  6914396   43.17%
  59336  3286     1258.0659   305     1797.9334     1021.7604  6980052   43.17%
* 59645+ 5313                         1795.1394     1021.7604            43.08%
* 59654+ 5313                         1752.0177     1021.7604            41.68%
* 59665+ 5313                         1743.1446     1021.7604            41.38%
* 59676+ 4772                         1736.5635     1021.7604            41.16%
* 59677+ 4772                         1726.1775     1021.7604            40.81%
* 59681+ 4772                         1583.4485     1021.7604            35.47%
  59714  3659     1185.2508   455     1583.4485     1021.7604  7065925   35.47%
Elapsed time = 1704.75 sec. (532218.86 ticks, tree = 661.60 MB, solutions = 20)
* 59729+ 4859                         1410.0161     1021.7604            27.54%
* 59743+ 4859                         1396.6148     1021.7604            26.84%
* 59765+ 4859                         1393.5949     1021.7604            26.68%
* 59797+ 4859                         1361.7471     1021.7604            24.97%
* 59824+ 4859                         1352.3461     1021.7604            24.45%
  59884  4161     1274.8975   508     1352.3461     1021.7604  7111054   24.45%
* 59897+ 4859                         1352.2514     1021.7604            24.44%
* 59899+ 4859                         1347.6740     1021.7604            24.18%
* 59900+ 4859                         1343.5666     1021.7604            23.95%
* 60085+ 4859                         1283.8498     1021.7604            20.41%
  60098  5858     1269.5630   496     1283.8498     1021.7604  7291889   20.41%
* 60119+ 4859                         1280.4711     1021.7604            20.20%
* 60174+ 4859                         1272.5668     1021.7604            19.71%
  60335  5890     1275.6301   467     1272.5668     1021.7604  7293826   19.71%
  60607  6194     1253.6734   493     1272.5668     1021.7604  7343602   19.71%
  60956  6459     1282.9700   399     1272.5668     1021.7604  7375576   19.71%
  61318  6500     1238.3938   646     1272.5668     1021.7604  7393611   19.71%
  61778  6788     1286.7370   299     1272.5668     1021.7604  7425080   19.71%
  62213  6381     1093.5662   717     1272.5668     1021.7604  7398384   19.71%
  62563  7754     1294.3468   389     1272.5668     1021.7604  7536029   19.71%
  62959  7212     1212.3937   629     1272.5668     1021.7604  7492197   19.71%
Elapsed time = 1930.36 sec. (570404.53 ticks, tree = 1604.66 MB, solutions = 43)
  63346  8162     1166.1338   691     1272.5668     1021.7604  7595453   19.71%
  63720  8775     1313.8384   320     1272.5668     1021.7604  7659563   19.71%
  64137  8254     1112.5848   626     1272.5668     1021.7604  7615122   19.71%
  64648  8695     1212.8577   468     1272.5668     1021.7604  7655769   19.71%
  65088  9097     1357.2742   497     1272.5668     1021.7604  7698314   19.71%
  65558  9800     1384.2666   321     1272.5668     1021.7604  7771358   19.71%
  66083 10658     1376.8405   449     1272.5668     1021.7604  7836323   19.71%
  66577 10863     1247.8939   415     1272.5668     1021.7604  7856784   19.71%
  67192 11290     1136.8626   711     1272.5668     1021.7604  7897006   19.71%
  67623 11326     1400.1969   251     1272.5668     1021.7604  7891929   19.71%
Elapsed time = 2168.63 sec. (608623.58 ticks, tree = 2643.14 MB, solutions = 44)
Nodefile size = 560.62 MB (345.37 MB after compression)
  68026 11882     1036.5806   876     1272.5668     1021.7604  7939220   19.71%
  68418 12135     1404.6129   295     1272.5668     1021.7604  7951726   19.71%
  68708 11324     1101.3502   682     1272.5668     1021.7604  8006499   19.71%
  69020  9380     1144.4839   640     1272.5668     1021.7604  8121844   19.71%
  69387  9565     1132.3467   758     1272.5668     1021.7604  8118022   19.71%
  69825  9519     1192.3136   485     1272.5668     1021.7604  8128850   19.71%
  70197  9607     1181.1247   633     1272.5668     1021.7604  8180613   19.71%
  70684  9941     1178.5115   535     1272.5668     1021.7604  8233541   19.71%
  71204 10210     1213.0626   704     1272.5668     1021.7604  8293520   19.71%
* 71243+10019                         1218.0526     1021.7604            16.12%
  71548  7401     1050.0243   799     1218.0526     1021.7604  8463501   16.12%
Elapsed time = 2375.96 sec. (646826.01 ticks, tree = 1589.81 MB, solutions = 88)
  71838 10852     1045.3336   888     1218.0526     1021.7604  8364263   16.12%
  72118  7946     1191.3353   513     1218.0526     1021.7604  8525729   16.12%
  72457  7371        cutoff           1218.0526     1021.7604  8452366   16.12%
  72856  8489     1093.2534   766     1218.0526     1021.7604  8697460   16.12%
* 73107+ 8022                         1214.3380     1021.7604            15.86%
  73258  8062     1199.0557   658     1214.3380     1021.7604  8601100   15.86%
* 73319+ 8423                         1183.6672     1021.7604            13.68%
* 73353+ 8423                         1179.0222     1021.7604            13.34%
  73734  8187     1108.7627   784     1179.0222     1021.7604  8625088   13.34%
* 74099+ 6646                         1170.6553     1021.7604            12.72%
  74129  8729     1189.3130   558     1170.6553     1021.7604  8771610   12.72%
* 74267+ 6524                         1167.3183     1021.7604            12.47%
  74379  6544     1093.8461   758     1167.3183     1021.7604  8795417   12.47%
  74527  6238     1044.7282   842     1167.3183     1021.7604  8911644   12.47%
  74725  6085     1044.7850   916     1167.3183     1021.7604  8929394   12.47%
Elapsed time = 2533.44 sec. (685051.19 ticks, tree = 1255.54 MB, solutions = 110)
  75023  6200        cutoff           1167.3183     1021.7604  8958068   12.47%
  75304  6666     1112.7545   712     1167.3183     1021.7604  9052906   12.47%
* 75684+ 7106                         1150.9947     1021.7604            11.23%
  75719  6701     1138.6880   703     1150.9947     1021.7604  9056123   11.23%
* 75763+ 7106                         1150.5778     1021.7604            11.20%
* 75767+ 7106                         1149.8451     1021.7604            11.14%
  76091  5712     1079.9040   801     1149.8451     1021.7604  9192209   11.14%
  76410  6762     1159.9886   701     1149.8451     1021.7604  9085443   11.14%
  76773  5716     1070.3690   952     1149.8451     1021.7604  9202799   11.14%
* 76926+ 5914                         1148.4309     1021.7604            11.03%
  77119  5723     1127.0065   752     1148.4309     1021.7604  9194600   11.03%
  77540  6469     1138.4635   732     1148.4309     1021.7604  9404155   11.03%
  77911  5936     1145.9240   684     1148.4309     1021.7604  9248021   11.03%
  78307  6460     1058.1000   920     1148.4309     1021.7604  9386096   11.03%
Elapsed time = 2701.34 sec. (723250.87 ticks, tree = 1306.51 MB, solutions = 213)
* 78417+ 7211                         1147.8662     1021.7604            10.99%
  78753  6915     1106.1222   813     1147.8662     1021.7604  9508023   10.99%
* 78835+ 7063                         1147.4124     1021.7604            10.95%
* 78860+ 7063                         1147.0846     1021.7604            10.93%
* 79023+ 7947                         1147.0427     1021.7604            10.92%
  79148  7509     1119.6385   732     1147.0427     1021.7604  9636782   10.92%
  79579  7391     1078.0766   783     1147.0427     1021.7604  9603121   10.92%
  80059  8212     1078.1493   851     1147.0427     1021.7604  9799134   10.92%
  80531  8862     1126.6846   719     1147.0427     1021.7604  9940956   10.92%
  80963  8283     1094.0858   819     1147.0427     1021.7604  9816451   10.92%
  81475  9682     1057.7951   951     1147.0427     1021.7604 10117948   10.92%
  81959  9619     1070.5293   808     1147.0427     1021.7604 10097415   10.92%
  82453 10414     1122.1840   814     1147.0427     1021.7604 10264356   10.92%
  82879  9474     1079.9548   771     1147.0427     1021.7604 10063753   10.92%
Elapsed time = 2898.88 sec. (761493.59 ticks, tree = 1993.49 MB, solutions = 255)
  83384 10132     1140.6250   697     1147.0427     1021.7604 10189450   10.92%
  83880 11050     1081.0069   812     1147.0427     1021.7604 10388536   10.92%
  84397 10774     1103.5994   760     1147.0427     1021.7604 10336678   10.92%
  84828 12143     1135.6080   714     1147.0427     1021.7604 10590313   10.92%
  85235 12154     1058.7448   864     1147.0427     1021.7604 10593723   10.92%
  85793 12922     1060.2697   857     1147.0427     1021.7604 10735240   10.92%
  86398 13839     1104.1399   798     1147.0427     1021.7604 10932440   10.92%
  86971 13992     1094.9711   764     1147.0427     1021.7604 10980354   10.92%
  87468 13135     1083.3975   832     1147.0427     1021.7604 10777843   10.92%
  88044 14352     1141.0726   659     1147.0427     1021.7604 11048169   10.92%
Elapsed time = 3119.28 sec. (799734.65 ticks, tree = 3147.18 MB, solutions = 287)
Nodefile size = 1071.03 MB (684.76 MB after compression)
  88593 16095     1090.5526   751     1147.0427     1021.7604 11390677   10.92%
  89136 14367     1089.5014   826     1147.0427     1021.7604 11054246   10.92%
  89723 16457     1101.1692   801     1147.0427     1021.7604 11481078   10.92%
* 89879+14393                         1146.4141     1021.7604            10.87%
  90308 17114     1103.7755   789     1146.4141     1021.7604 11598390   10.87%
  90875 16954     1130.4318   718     1146.4141     1021.7604 11568511   10.87%
  91416 16249     1095.3318   790     1146.4141     1021.7604 11421224   10.87%
  92041 17610     1132.4684   613     1146.4141     1021.7604 11708734   10.87%
  92779 17403     1128.3955   688     1146.4141     1021.7604 11629013   10.87%
  93263 18019     1128.6662   590     1146.4141     1021.7604 11782904   10.87%
  93723 17791     1067.4368   826     1146.4141     1021.7604 11750645   10.87%
Elapsed time = 3348.20 sec. (837916.51 ticks, tree = 3975.65 MB, solutions = 288)
Nodefile size = 1897.94 MB (1217.40 MB after compression)
  94111 19008     1054.4359   831     1146.4141     1021.7604 11988692   10.87%
  94396 19365     1145.0774   690     1146.4141     1021.7604 12059494   10.87%
  94653 21458     1095.1555   730     1146.4141     1021.7604 12407307   10.87%
  94994 20127     1129.5767   703     1146.4141     1021.7604 12182047   10.87%
  95430 21334     1119.3321   732     1146.4141     1021.7604 12381297   10.87%
  95971 21780     1095.0968   794     1146.4141     1021.7604 12461654   10.87%
  96591 22779     1134.2512   740     1146.4141     1021.7604 12681737   10.87%
* 97053+22411                         1145.9966     1021.7604            10.84%
  97238 22794     1043.8077   909     1145.9966     1021.7604 12685284   10.84%
  97786 22216     1106.3116   768     1145.9966     1021.7604 12557041   10.84%
* 98053+23053                         1145.2034     1021.7604            10.78%
* 98270+23053                         1144.9444     1021.7604            10.76%
  98389 22697     1046.0413   936     1144.9444     1021.7604 12646725   10.76%
Elapsed time = 3569.36 sec. (876137.82 ticks, tree = 5163.07 MB, solutions = 294)
Nodefile size = 3076.52 MB (1980.01 MB after compression)
  99119 23818     1144.0060   818     1144.9444     1021.7604 12884288   10.76%
* 99332+23933                         1143.2839     1021.7604            10.63%
* 99346+23933                         1142.8263     1021.7604            10.59%
  99685 23328     1101.2900   733     1142.8263     1021.7604 12791050   10.59%
* 99933+24565                         1142.7847     1021.7604            10.59%
 100509 24597     1090.0248   748     1142.7847     1021.7604 13072055   10.59%
*100753+24304                         1142.7847     1021.7604            10.59%
 101120 24550        cutoff           1142.7847     1021.7604 13055795   10.59%
 101585 24728     1066.0671   862     1142.7847     1021.7604 13164474   10.59%
 102148 24032     1123.0175   754     1142.7847     1021.7604 12963836   10.59%
*102223+24367                         1142.7847     1021.7604            10.59%
 102659 26663     1131.3679   766     1142.7847     1021.7604 13453272   10.59%
 103263 26349     1126.7561   714     1142.7847     1021.7604 13412309   10.59%
 103847 27243     1071.8629   765     1142.7847     1021.7604 13556561   10.59%
 104500 26507     1072.6318   812     1142.7847     1021.7604 13434029   10.59%
Elapsed time = 3785.57 sec. (914364.26 ticks, tree = 6085.77 MB, solutions = 303)
Nodefile size = 3999.31 MB (2578.65 MB after compression)
 105152 26339     1121.9229   547     1142.7847     1021.7604 13405296   10.59%
 105750 29345     1134.8345   816     1142.7847     1021.7604 13947163   10.59%
 106343 27716     1073.7960   849     1142.7847     1021.7604 13650777   10.59%
 106924 31288     1068.2963   837     1142.7847     1021.7604 14240338   10.59%
 107467 30159     1116.8581   743     1142.7847     1021.7604 14098183   10.59%
 108096 28972     1131.1707   718     1142.7847     1021.7604 13901997   10.59%
 108625 29883     1072.5141   772     1142.7847     1021.7604 14057735   10.59%
 109026 29674     1083.5053   848     1142.7847     1021.7604 14011252   10.59%
 109480 31719     1117.0289   760     1142.7847     1021.7604 14319165   10.59%
 109795 30977     1074.6264   808     1142.7847     1021.7604 14197995   10.59%
Elapsed time = 3954.07 sec. (952567.73 ticks, tree = 7159.22 MB, solutions = 314)
Nodefile size = 5067.51 MB (3268.70 MB after compression)
 109966 31743     1116.1518   767     1142.7847     1021.7604 14325950   10.59%
 110015 31801     1102.1214   805     1142.7847     1021.7604 14340091   10.59%

Performing restart 2

Repeating presolve.
Tried aggregator 1 time.
MIP Presolve eliminated 2499 rows and 2687 columns.
MIP Presolve modified 438 coefficients.
Reduced MIP has 25463 rows, 27216 columns, and 120903 nonzeros.
Reduced MIP has 15257 binaries, 11959 generals, 0 SOSs, and 0 indicators.
Presolve time = 0.11 sec. (57.62 ticks)
Tried aggregator 1 time.
MIP Presolve eliminated 124 rows and 194 columns.
MIP Presolve modified 77 coefficients.
Reduced MIP has 25339 rows, 27022 columns, and 120278 nonzeros.
Reduced MIP has 15187 binaries, 11835 generals, 0 SOSs, and 0 indicators.
Presolve time = 0.21 sec. (107.72 ticks)
Represolve time = 12.46 sec. (967.44 ticks)
 110018     0     1023.3146  1005     1142.7847     Cuts: 253 15110567    9.21%
 110018     0     1025.0928   956     1142.7847     Cuts: 171 15111378    9.21%
 110018     0     1027.0532   946     1142.7847     Cuts: 215 15112409    9.21%
 110018     0     1027.9498   960     1142.7847     Cuts: 156 15113081    9.21%
 110018     0     1028.6682   972     1142.7847     Cuts: 213 15113579    9.21%
 110018     0     1029.2076   991     1142.7847     Cuts: 132 15114222    9.21%
 110018     0     1029.7411   935     1142.7847      Cuts: 90 15114589    9.21%
 110018     0     1030.3600   959     1142.7847     Cuts: 163 15115040    9.21%
 110018     0     1030.6182   992     1142.7847     Cuts: 106 15115317    9.21%
 110018     0     1031.6842   976     1142.7847      Cuts: 90 15116171    9.21%
 110018     0     1032.2970   981     1142.7847     Cuts: 766 15116839    9.21%
 110018     0     1032.6684   983     1142.7847     Cuts: 284 15117489    9.21%
 110018     2     1032.6684   983     1142.7847     1037.5380 15117489    9.21%
 110019     3     1036.6366   850     1142.7847     1037.5380 15122693    9.21%
 110020     4     1037.5302   838     1142.7847     1037.5380 15123896    9.21%
 110022     3     1083.4828   856     1142.7847     1037.5380 15126943    9.21%
 110028     9     1038.0949   845     1142.7847     1038.1018 15139250    9.16%
 110035     7     1085.7552   766     1142.7847     1038.1018 15135655    9.16%
 110052    15     1052.8013   859     1142.7847     1038.7961 15157421    9.10%
 110065    20     1077.4299   841     1142.7847     1038.7977 15169673    9.10%
Elapsed time = 4403.16 sec. (1166427.74 ticks, tree = 0.23 MB, solutions = 314)
 110098    41     1091.3858   816     1142.7847     1038.7977 15300460    9.10%
 110175    50     1076.2636   798     1142.7847     1041.0163 15322889    8.91%
 110303    63     1142.1243   780     1142.7847     1041.0642 15365781    8.90%
 110447   185     1131.2204   746     1142.7847     1041.0642 15513433    8.90%
 110620   274     1127.2392   765     1142.7847     1041.0642 15565136    8.90%
 110843   407     1128.5750   680     1142.7847     1041.0642 15653684    8.90%
 111104   537     1107.0231   754     1142.7847     1041.0642 15711291    8.90%
 111325   781     1139.8138   656     1142.7847     1041.0642 15806429    8.90%
 111562   889     1107.8944   922     1142.7847     1041.0642 15867604    8.90%
 111773  1036     1131.0942   804     1142.7847     1041.0642 15924574    8.90%
Elapsed time = 4632.92 sec. (1204926.04 ticks, tree = 104.77 MB, solutions = 314)
 111974  1148     1127.6178   867     1142.7847     1041.0642 15987517    8.90%
 112190  1406     1116.7568   712     1142.7847     1041.0642 16127941    8.90%
 112451  1527     1110.8313   755     1142.7847     1041.0642 16180782    8.90%
 112633  1817     1128.8061   566     1142.7847     1041.0642 16317325    8.90%
 112846  1694        cutoff           1142.7847     1041.0642 16287495    8.90%
 113075  1972     1110.6129   788     1142.7847     1041.0642 16384879    8.90%
 113442  2132     1079.3417   835     1142.7847     1041.0642 16482021    8.90%
 113766  2374     1095.3535   814     1142.7847     1043.1727 16651664    8.72%
 114106  2771        cutoff           1142.7847     1043.7020 16771496    8.67%
 114444  3192     1127.1783   781     1142.7847     1043.7020 16906053    8.67%
Elapsed time = 4866.24 sec. (1243173.56 ticks, tree = 459.79 MB, solutions = 314)
 114799  3277     1141.6487   765     1142.7847     1043.7020 16931853    8.67%
 115126  3868     1071.4099   886     1142.7847     1053.4468 17111241    7.82%
 115425  3775        cutoff           1142.7847     1053.4468 17089644    7.82%
 115702  4218     1106.2717   788     1142.7847     1057.8658 17236882    7.43%
 115980  4070     1121.0694   739     1142.7847     1057.8658 17200590    7.43%
 116302  4648        cutoff           1142.7847     1057.8658 17393821    7.43%
 116707  4708     1112.7333   829     1142.7847     1057.8658 17418415    7.43%
 117101  5339     1089.5512   864     1142.7847     1062.0920 17641341    7.06%
 117447  5766     1114.8140   826     1142.7847     1062.0920 17741617    7.06%
 117849  6100     1106.7363   803     1142.7847     1062.0920 17834898    7.06%
Elapsed time = 5094.61 sec. (1281399.39 ticks, tree = 957.95 MB, solutions = 314)
 118214  5953     1082.1153   891     1142.7847     1062.0920 17795680    7.06%
 118552  6377     1137.6243   713     1142.7847     1062.0920 17910194    7.06%
 118887  6997     1096.0492   737     1142.7847     1062.0920 18098045    7.06%
 119207  7384        cutoff           1142.7847     1062.0920 18199915    7.06%
 119474  7278     1092.0675   833     1142.7847     1062.1183 18178999    7.06%
 119762  7795     1133.8666   322     1142.7847     1062.1483 18366278    7.06%
 120055  7814     1134.5831   353     1142.7847     1062.1483 18367954    7.06%
 120413  8173     1113.7217   469     1142.7847     1062.1483 18500946    7.06%
 120725  8628     1094.0283   765     1142.7847     1062.1483 18688240    7.06%
 121016  8453     1109.6337   922     1142.7847     1062.1483 18616905    7.06%
Elapsed time = 5328.56 sec. (1319640.58 ticks, tree = 1246.13 MB, solutions = 314)
 121325  8795     1111.7501   744     1142.7847     1062.1483 18747786    7.06%
 121672  9133     1115.2941   718     1142.7847     1062.1483 18869615    7.06%
 121968  9549     1122.2475   677     1142.7847     1062.1483 19029012    7.06%
 122285  9567     1127.6672   596     1142.7847     1062.1483 19031727    7.06%
 122642 10058     1103.3768   843     1142.7847     1062.1483 19193828    7.06%
 123087 10246     1139.1966   716     1142.7847     1069.5907 19256674    6.40%
 123535 10743        cutoff           1142.7847     1069.5907 19382313    6.40%
 123979 10691     1139.8694   566     1142.7847     1069.5907 19381862    6.40%
 124447 11211     1137.2886   529     1142.7847     1069.5907 19485908    6.40%
 124846 11571     1127.4977   549     1142.7847     1069.5907 19607822    6.40%
Elapsed time = 5562.24 sec. (1357879.76 ticks, tree = 1787.00 MB, solutions = 314)
 125254 12145     1140.4338   549     1142.7847     1069.5907 19731527    6.40%
 125568 12623     1126.0080   744     1142.7847     1069.5907 19873589    6.40%
 125803 12795     1121.6333   819     1142.7847     1076.2777 19956009    5.82%
 126096 13063     1118.9268   631     1142.7847     1076.2777 20012298    5.82%
 126408 13242     1140.4430   458     1142.7847     1076.6449 20094913    5.79%
 126682 13606        cutoff           1142.7847     1076.6449 20272481    5.79%
 126998 13798     1123.3956   775     1142.7847     1077.5692 20329032    5.71%
 127305 13702     1140.4354   860     1142.7847     1077.5692 20306988    5.71%
 127621 13926     1107.8395   780     1142.7847     1077.5692 20388264    5.71%
 128032 14340     1130.3707   755     1142.7847     1077.5692 20557553    5.71%
Elapsed time = 5796.03 sec. (1396107.90 ticks, tree = 2237.30 MB, solutions = 314)
Nodefile size = 181.87 MB (115.06 MB after compression)
 128379 14960     1121.1247   892     1142.7847     1077.6282 20724641    5.70%
 128814 15271     1123.0436   763     1142.7847     1077.6293 20819412    5.70%
 129243 15297     1116.7950   525     1142.7847     1077.6293 20810248    5.70%
 129603 16114     1119.9398   437     1142.7847     1077.6293 21017368    5.70%
 129949 16152     1123.8352   453     1142.7847     1077.6293 21019948    5.70%
 130299 16157     1113.6433   726     1142.7847     1077.6293 21038422    5.70%
 130644 16900     1081.8754   800     1142.7847     1077.7549 21272414    5.69%
 131004 17197     1105.2778   827     1142.7847     1078.8436 21364587    5.60%
 131369 17466     1128.4814   334     1142.7847     1078.8436 21452391    5.60%
 131824 17733     1086.5617   713     1142.7847     1078.8436 21539256    5.60%
Elapsed time = 6026.00 sec. (1434328.39 ticks, tree = 2916.20 MB, solutions = 314)
Nodefile size = 861.10 MB (546.04 MB after compression)
 132197 17587        cutoff           1142.7847     1078.8436 21488782    5.60%
 132600 17804     1122.4610   809     1142.7847     1079.5920 21558888    5.53%
 133014 18240     1133.5242   829     1142.7847     1079.5920 21694429    5.53%
 133390 18719     1138.5040   756     1142.7847     1079.5920 21824020    5.53%
 133836 18877     1096.1559   830     1142.7847     1079.8543 21873432    5.51%
 134339 19278     1122.5633   724     1142.7847     1079.8543 21983500    5.51%
 134896 19509     1131.5208   794     1142.7847     1079.8543 22040804    5.51%
 135420 20818     1134.0710   700     1142.7847     1079.8543 22332381    5.51%
 135818 20927        cutoff           1142.7847     1079.9983 22367089    5.49%
 136229 20877     1115.0974   792     1142.7847     1079.9983 22344706    5.49%
Elapsed time = 6267.20 sec. (1472572.36 ticks, tree = 3476.90 MB, solutions = 314)
Nodefile size = 1417.38 MB (900.37 MB after compression)
 136561 21108     1113.2064   799     1142.7847     1079.9983 22391622    5.49%
 136903 21992     1117.6966   716     1142.7847     1081.0985 22634974    5.40%
 137265 22359     1128.4099   382     1142.7847     1081.2912 22737497    5.38%
*137636+21797                         1139.6890     1081.2912             5.12%
 137659 22373     1131.0044   423     1139.6890     1081.2912 22739553    5.12%
*137706+21797                         1136.6439     1081.2912             4.87%
 138050 22392        cutoff           1136.6439     1081.2912 22770971    4.87%
 138577 21307        cutoff           1136.6439     1081.2912 23052531    4.87%
*138645+22683                         1122.2118     1081.2912             3.65%
*138664+22683                         1121.3630     1082.1391             3.50%
 138996 21501     1129.6703   777     1121.3630     1082.1391 23120920    3.50%
*139071+21333                         1120.2254     1082.1391             3.40%
 139305 21427     1109.8050   797     1120.2254     1082.1391 23098132    3.40%
 139613 12369     1086.9933   881     1120.2254     1082.1391 23148729    3.40%
 139960 12552     1085.3146   870     1120.2254     1082.7896 23428268    3.34%
Elapsed time = 6494.85 sec. (1510822.88 ticks, tree = 1939.32 MB, solutions = 320)
 140337 12301     1085.9244   880     1120.2254     1082.9597 23333517    3.33%
 140774 12682     1108.6240   773     1120.2254     1082.9837 23495138    3.32%
*140796+12603                         1115.3124     1082.9837             2.90%
*140917+12603                         1111.6358     1082.9837             2.58%
*140939+12603                         1111.6154     1082.9837             2.58%
*140985+12603                         1107.0770     1082.9837             2.18%
*141008+12603                         1106.4668     1082.9837             2.12%
 141275 12768     1111.1967   707     1106.4668     1083.1980 23546205    2.10%
 141757  6740     1104.4735   758     1106.4668     1083.1980 23771872    2.10%
 142126  6772     1104.2145   847     1106.4668     1083.3825 23791150    2.09%
 142487  6805     1091.8232   907     1106.4668     1083.4312 23819845    2.08%
 142803  7014        cutoff           1106.4668     1083.7036 23944745    2.06%
 143195  7256        cutoff           1106.4668     1083.7707 24028446    2.05%
 143553  7878        cutoff           1106.4668     1084.2558 24317962    2.01%
 143856  7863     1090.5034   888     1106.4668     1084.4897 24291001    1.99%
Elapsed time = 6714.93 sec. (1549057.55 ticks, tree = 1197.95 MB, solutions = 332)
 144205  8025        cutoff           1106.4668     1084.6590 24390856    1.97%
 144495  8223     1096.3768   779     1106.4668     1084.8506 24483972    1.95%
 144765  8434        cutoff           1106.4668     1085.1593 24642308    1.93%
 145091  8488        cutoff           1106.4668     1085.5324 24681052    1.89%
 145479  8826        cutoff           1106.4668     1085.5324 24884294    1.89%
 145902  8771     1101.5383   793     1106.4668     1086.0942 24820979    1.84%
 146386  8860     1098.9005   599     1106.4668     1086.0942 24889611    1.84%
 146867  9351     1100.8523   846     1106.4668     1086.0942 25103820    1.84%
 147288  9632     1104.2262   899     1106.4668     1086.7714 25197444    1.78%
 147696  9807     1100.5152   469     1106.4668     1087.0743 25246484    1.75%
Elapsed time = 6929.97 sec. (1587290.32 ticks, tree = 1441.80 MB, solutions = 332)
 148092 10039        cutoff           1106.4668     1087.1476 25380122    1.75%
 148611  9942     1098.4838   762     1106.4668     1087.4340 25316389    1.72%
 149151  9928     1097.4385   841     1106.4668     1087.4784 25335605    1.72%
 149667 10725     1092.6529   613     1106.4668     1087.8468 25630876    1.68%
 150266 11036     1102.4338   418     1106.4668     1088.1124 25759795    1.66%
 150841 10688        cutoff           1106.4668     1088.3483 25628570    1.64%
 151329 11061     1102.2382   938     1106.4668     1088.3730 25765633    1.64%
 151895 11785     1103.3512   829     1106.4668     1088.4477 25951409    1.63%
 152329 12272     1103.0258   442     1106.4668     1088.4477 26048719    1.63%
 152943 12774     1105.8749   640     1106.4668     1088.4477 26262273    1.63%
Elapsed time = 7150.39 sec. (1625497.48 ticks, tree = 1754.68 MB, solutions = 332)
 153612 12463     1095.1445   600     1106.4668     1089.2338 26167944    1.56%
 154447 13429     1098.3817   603     1106.4668     1089.5445 26405305    1.53%
 155337 13285     1097.9121   601     1106.4668     1089.5600 26368214    1.53%
 156357 13460     1099.9777   570     1106.4668     1089.8335 26419258    1.50%
 157269 15416     1100.6321   608     1106.4668     1090.0101 26710117    1.49%
 158029 13893     1101.6379   849     1106.4668     1090.1896 26536396    1.47%
 158856 15563     1098.3520   533     1106.4668     1090.2728 26730012    1.46%
 159827 16206     1105.0577   558     1106.4668     1090.5090 26824262    1.44%
 160926 16446     1103.4966   561     1106.4668     1090.7722 26857545    1.42%
 162076 17787     1099.7056   552     1106.4668     1090.8016 27100578    1.42%
Elapsed time = 7370.91 sec. (1663687.22 ticks, tree = 2676.58 MB, solutions = 332)
Nodefile size = 619.40 MB (389.68 MB after compression)
 163111 17199        cutoff           1106.4668     1090.8016 27046109    1.42%
 164305 19376     1103.9279   819     1106.4668     1090.8016 27283431    1.42%
 165831 20486     1098.2860   590     1106.4668     1090.9325 27412868    1.40%
 167065 22114     1093.6876   613     1106.4668     1090.9325 27558546    1.40%
 168627 22512     1096.7307   564     1106.4668     1090.9325 27602804    1.40%
 170247 24251     1105.5942   554     1106.4668     1091.2996 27714575    1.37%
 171849 23027     1105.7911   560     1106.4668     1091.3663 27642966    1.36%
 173288 27828     1099.8730   602     1106.4668     1091.4226 27936184    1.36%
 174879 29005     1103.4541   632     1106.4668     1091.5419 28019397    1.35%
 176271 29086     1099.6397   553     1106.4668     1091.6317 28021794    1.34%
Elapsed time = 7593.12 sec. (1701864.07 ticks, tree = 4483.33 MB, solutions = 332)
Nodefile size = 2403.97 MB (1494.19 MB after compression)
 177584 28858     1099.4505   606     1106.4668     1091.7060 28007269    1.33%
 179075 32206     1105.8373   628     1106.4668     1091.8213 28245080    1.32%
 180640 30626     1098.5356   528     1106.4668     1091.9409 28123812    1.31%
 181991 34576     1095.4158   616     1106.4668     1091.9889 28421816    1.31%
 183636 35624        cutoff           1106.4668     1092.1028 28503250    1.30%
 184959 35436     1095.6312   554     1106.4668     1092.1582 28487273    1.29%
 186372 35512     1105.3877   576     1106.4668     1092.2340 28502325    1.29%
 187813 38538     1098.2008   601     1106.4668     1092.2465 28734126    1.29%
 189220 38606     1105.7684   547     1106.4668     1092.3500 28737390    1.28%
 190729 41442     1095.6000   587     1106.4668     1092.3901 28970160    1.27%
Elapsed time = 7796.84 sec. (1740031.73 ticks, tree = 6277.70 MB, solutions = 332)
Nodefile size = 4193.95 MB (2586.67 MB after compression)
 192359 40893     1095.3214   563     1106.4668     1092.3901 28927779    1.27%
 193973 43715     1105.5257   532     1106.4668     1092.3901 29181804    1.27%
 195618 44349     1104.4780   518     1106.4668     1092.3901 29229107    1.27%
 197499 44748     1106.0595   488     1106.4668     1092.6359 29263125    1.25%
 199356 44805     1100.0604   537     1106.4668     1092.6696 29254531    1.25%
 200935 51058     1101.2838   584     1106.4668     1092.7188 29661813    1.24%
 202658 52367     1097.7559   582     1106.4668     1092.7422 29734653    1.24%
 204413 53535     1098.1798   562     1106.4668     1092.7858 29803380    1.24%
 206095 54353     1102.0454   553     1106.4668     1092.7864 29853645    1.24%
 207382 55356     1095.5747   621     1106.4668     1092.7864 29917935    1.24%
Elapsed time = 8016.53 sec. (1778196.32 ticks, tree = 9025.93 MB, solutions = 332)
Nodefile size = 6958.05 MB (4300.54 MB after compression)
 208961 57875        cutoff           1106.4668     1092.9024 30073884    1.23%
 210548 55354     1098.4685   619     1106.4668     1092.9224 29914084    1.22%
 212242 58784        cutoff           1106.4668     1092.9515 30133950    1.22%
 213627 60305     1102.1752   519     1106.4668     1092.9580 30226947    1.22%
 215143 63094     1104.9726   583     1106.4668     1092.9580 30407379    1.22%
 216658 63174     1104.1908   682     1106.4668     1093.0359 30410855    1.21%
 218043 63611     1105.3272   578     1106.4668     1093.0673 30453236    1.21%
 219679 65857     1096.5042   576     1106.4668     1093.0763 30645073    1.21%
 221448 67386     1100.8876   607     1106.4668     1093.1170 30791169    1.21%
 223289 65521     1102.6434   599     1106.4668     1093.1247 30615585    1.21%
Elapsed time = 8221.78 sec. (1816365.57 ticks, tree = 10937.37 MB, solutions = 332)
Nodefile size = 8872.44 MB (5483.71 MB after compression)
 225052 67769     1094.9535   584     1106.4668     1093.1506 30810581    1.20%
 227047 68256     1100.4508   555     1106.4668     1093.1639 30843545    1.20%
 228882 70609     1102.1529   525     1106.4668     1093.1639 31032113    1.20%
 230674 75818     1102.0523   580     1106.4668     1093.2013 31341958    1.20%
 232590 75395     1103.0190   522     1106.4668     1093.2226 31323932    1.20%
 234355 73943     1096.4087   531     1106.4668     1093.2543 31233402    1.19%
 236159 79124     1106.0180   558     1106.4668     1093.2550 31550426    1.19%
 237887 81066     1098.8290   535     1106.4668     1093.2550 31656030    1.19%
 239440 80892     1095.1937   597     1106.4668     1093.2635 31650739    1.19%
 241305 84394     1099.9228   588     1106.4668     1093.2635 31855800    1.19%
Elapsed time = 8452.65 sec. (1854534.42 ticks, tree = 14349.92 MB, solutions = 332)
Nodefile size = 12278.35 MB (7572.89 MB after compression)
 242993 86676     1102.6682   519     1106.4668     1093.2635 32010008    1.19%
 244713 83704     1105.9586   592     1106.4668     1093.3558 31814407    1.18%
 246696 89873     1100.8741   574     1106.4668     1093.3760 32200177    1.18%
 248454 86095     1105.8608   570     1106.4668     1093.3991 31969685    1.18%
 250104 90171     1100.3431   604     1106.4668     1093.3991 32220304    1.18%
 251794 92433     1100.3170   565     1106.4668     1093.3991 32350306    1.18%
 253357 91838     1103.9657   451     1106.4668     1093.3991 32316559    1.18%
 254869 92257     1103.2418   534     1106.4668     1093.3991 32346057    1.18%
 256696 94548     1094.9072   572     1106.4668     1093.4841 32491267    1.17%
 258546 99497     1097.2085   569     1106.4668     1093.5010 32871785    1.17%
Elapsed time = 8650.47 sec. (1892703.50 ticks, tree = 16630.18 MB, solutions = 332)
Nodefile size = 14544.89 MB (8947.59 MB after compression)
 260531 101205     1106.2343   567     1106.4668     1093.5053 33000977    1.17%
 262594 99798     1097.7449   527     1106.4668     1093.5202 32890579    1.17%
 264592 104570     1102.4479   538     1106.4668     1093.5483 33214816    1.17%
 266281 103138     1105.3542   560     1106.4668     1093.5679 33133457    1.17%
 268036 107099     1101.7151   489     1106.4668     1093.5802 33341828    1.16%
 269946 107589     1099.8577   621     1106.4668     1093.5897 33370568    1.16%
 271826 110395     1101.7733   630     1106.4668     1093.6050 33531602    1.16%
 273494 108694     1094.1793   559     1106.4668     1093.6195 33436466    1.16%
 275364 109221     1102.8074   565     1106.4668     1093.6300 33465070    1.16%
 277389 112406     1102.2986   585     1106.4668     1093.6417 33655723    1.16%
Elapsed time = 8880.92 sec. (1930867.64 ticks, tree = 19174.07 MB, solutions = 332)
Nodefile size = 17071.70 MB (10505.85 MB after compression)
 279524 115210     1101.0203   592     1106.4668     1093.6462 33824920    1.16%
 281328 116397     1097.1174   634     1106.4668     1093.6712 33890716    1.16%
 283026 115325     1095.7237   594     1106.4668     1093.6846 33830775    1.16%
 284515 116805     1098.3276   563     1106.4668     1093.6952 33918706    1.15%
 286066 118046     1105.6421   578     1106.4668     1093.6952 33976852    1.15%
 287553 123383     1101.5742   604     1106.4668     1093.7100 34259207    1.15%
 289330 125357     1098.4866   564     1106.4668     1093.7174 34402295    1.15%
 291112 128095     1103.7689   557     1106.4668     1093.7503 34610270    1.15%
 293137 129081     1101.3316   559     1106.4668     1093.7613 34683288    1.15%
 295083 127716     1099.3798   533     1106.4668     1093.7749 34572230    1.15%
Elapsed time = 9079.41 sec. (1969029.81 ticks, tree = 22014.93 MB, solutions = 332)
Nodefile size = 19886.72 MB (12239.93 MB after compression)
 296783 132206     1103.7052   587     1106.4668     1093.7963 34919321    1.15%
 298615 133676     1100.5425   525     1106.4668     1093.8110 35000985    1.14%
 300575 136216     1097.1521   557     1106.4668     1093.8110 35130829    1.14%
 302437 137197     1105.3432   592     1106.4668     1093.8309 35194437    1.14%
 304291 134442     1100.5256   577     1106.4668     1093.8418 35034866    1.14%
 306503 142096     1095.6981   626     1106.4668     1093.8506 35472778    1.14%
 308790 139046     1095.4008   570     1106.4668     1093.8584 35297099    1.14%
 310925 145855     1095.7334   605     1106.4668     1093.8672 35672988    1.14%
 312871 145921     1097.8299   613     1106.4668     1093.8850 35676765    1.14%
 314909 145433     1102.9194   645     1106.4668     1093.8944 35653295    1.14%
Elapsed time = 9317.09 sec. (2007186.07 ticks, tree = 25564.97 MB, solutions = 332)
Nodefile size = 23475.24 MB (14457.68 MB after compression)
 317026 149889        cutoff           1106.4668     1093.9005 35885016    1.14%
 319040 150566        cutoff           1106.4668     1093.9161 35924168    1.13%
 321165 154636     1100.2947   577     1106.4668     1093.9300 36131298    1.13%
 323096 150366        cutoff           1106.4668     1093.9417 35917399    1.13%
 324903 154470     1094.6461   571     1106.4668     1093.9457 36125472    1.13%
 326529 154303     1104.2866   595     1106.4668     1093.9579 36117880    1.13%
 328368 159321     1101.1939   583     1106.4668     1093.9741 36404323    1.13%
 330077 158685     1099.8637   545     1106.4668     1093.9858 36371697    1.13%
 331830 161316     1101.1229   608     1106.4668     1093.9916 36505695    1.13%
 333393 160900     1103.9620   594     1106.4668     1094.0058 36486255    1.13%
Elapsed time = 9520.18 sec. (2045347.46 ticks, tree = 29249.26 MB, solutions = 332)
Nodefile size = 27171.90 MB (16770.89 MB after compression)
 334947 163899     1099.7737   593     1106.4668     1094.0216 36638168    1.12%
 336710 165376     1098.2589   551     1106.4668     1094.0307 36733659    1.12%
 338705 167123     1097.0925   551     1106.4668     1094.0400 36868823    1.12%
 340544 171966     1102.9709   526     1106.4668     1094.0494 37254153    1.12%
 342534 169473     1105.3142   579     1106.4668     1094.0667 37040003    1.12%
 344739 172984     1102.3099   575     1106.4668     1094.0696 37309046    1.12%
 346513 173872     1104.6464   577     1106.4668     1094.0696 37358153    1.12%
 348410 176056     1103.4716   560     1106.4668     1094.0909 37483998    1.12%
 350321 179421     1097.1380   578     1106.4668     1094.0912 37648469    1.12%
 352247 181234     1097.4483   521     1106.4668     1094.1069 37744366    1.12%
Elapsed time = 9757.14 sec. (2083512.73 ticks, tree = 32661.97 MB, solutions = 332)
Nodefile size = 30571.75 MB (18844.46 MB after compression)
 354279 178643     1104.9789   609     1106.4668     1094.1099 37613026    1.12%
 356193 181928     1098.6239   567     1106.4668     1094.1216 37781681    1.12%
 357839 182343     1100.5061   503     1106.4668     1094.1222 37804702    1.12%
 359740 183566     1099.7717   572     1106.4668     1094.1339 37883872    1.11%
 361781 189255     1101.2204   576     1106.4668     1094.1419 38206371    1.11%
 363774 191776     1095.7237   567     1106.4668     1094.1474 38326591    1.11%
 365805 190510     1094.2648   590     1106.4668     1094.1586 38264538    1.11%
 367826 190373     1099.9003   537     1106.4668     1094.1674 38256579    1.11%
 369370 194105     1101.2550   502     1106.4668     1094.1677 38457208    1.11%
 371056 198042     1104.4095   583     1106.4668     1094.1881 38673576    1.11%
Elapsed time = 9989.54 sec. (2121677.61 ticks, tree = 36716.32 MB, solutions = 332)
Nodefile size = 34647.56 MB (21391.50 MB after compression)
 372734 196748     1095.3015   555     1106.4668     1094.1964 38597169    1.11%
 374412 201603     1096.1187   542     1106.4668     1094.1984 38910399    1.11%
 376165 199391     1103.9373   488     1106.4668     1094.2063 38750059    1.11%
 378024 203599     1104.4213   515     1106.4668     1094.2198 39059582    1.11%
 380005 203501     1103.3505   523     1106.4668     1094.2311 39052120    1.11%
 381865 206888     1094.9123   594     1106.4668     1094.2333 39295847    1.11%
 383701 209298     1098.3860   601     1106.4668     1094.2333 39428716    1.11%
 385466 207865     1096.8652   580     1106.4668     1094.2457 39345293    1.10%
 387108 209201     1103.1520   555     1106.4668     1094.2570 39426156    1.10%
 389025 213928     1105.8835   472     1106.4668     1094.2626 39671526    1.10%
Elapsed time = 10200.80 sec. (2159855.51 ticks, tree = 39170.61 MB, solutions = 332)
Nodefile size = 37091.41 MB (22868.43 MB after compression)
 390878 212352     1104.3151   521     1106.4668     1094.2626 39584309    1.10%
 392940 215195     1096.0610   585     1106.4668     1094.2657 39738224    1.10%
 395074 217894     1100.7050   583     1106.4668     1094.2657 39890015    1.10%
 397247 216437     1104.1754   527     1106.4668     1094.2977 39813970    1.10%
 399342 221179     1104.7982   649     1106.4668     1094.3111 40058822    1.10%
 401158 220862     1100.6047   580     1106.4668     1094.3194 40037981    1.10%
 402890 222005     1103.8355   597     1106.4668     1094.3240 40098275    1.10%
 404601 224844     1098.6824   564     1106.4668     1094.3330 40247261    1.10%
 406288 227182     1104.6181   572     1106.4668     1094.3419 40377057    1.10%
 407853 229358     1096.7196   591     1106.4668     1094.3479 40503448    1.10%
Elapsed time = 10418.90 sec. (2198018.15 ticks, tree = 42893.88 MB, solutions = 332)
Nodefile size = 40820.93 MB (25200.57 MB after compression)
 409258 228391     1100.5893   557     1106.4668     1094.3553 40449901    1.09%
 410803 232518        cutoff           1106.4668     1094.3602 40726294    1.09%
 412798 234603     1100.2298   569     1106.4668     1094.3602 40929400    1.09%
 414692 235681     1106.1374   357     1106.4668     1094.3799 41001811    1.09%
 416691 237034     1100.3377   545     1106.4668     1094.3852 41100607    1.09%
 418534 237891     1099.2128   500     1106.4668     1094.3852 41144855    1.09%
 420374 239186     1103.8921   525     1106.4668     1094.3867 41205636    1.09%
 422163 238355     1104.6184   541     1106.4668     1094.4017 41169084    1.09%
 424139 241601     1102.2976   586     1106.4668     1094.4074 41345102    1.09%
 426068 245901     1097.8666   546     1106.4668     1094.4139 41578232    1.09%
Elapsed time = 10648.58 sec. (2236181.55 ticks, tree = 45543.46 MB, solutions = 332)
Nodefile size = 43450.75 MB (26797.77 MB after compression)
 428080 247379     1100.6743   571     1106.4668     1094.4139 41667859    1.09%
 430154 248602     1104.1306   551     1106.4668     1094.4303 41735757    1.09%
 432173 249426     1102.2178   599     1106.4668     1094.4343 41786102    1.09%
 434190 249685     1104.5074   557     1106.4668     1094.4409 41800294    1.09%
 436293 253614     1101.1865   545     1106.4668     1094.4486 42005072    1.09%
 438199 256321     1098.5500   566     1106.4668     1094.4596 42138723    1.09%
 440071 254917     1103.5221   597     1106.4668     1094.4632 42068802    1.08%
 441451 260778     1101.4597   588     1106.4668     1094.4651 42381730    1.08%
 442933 262261     1098.4983   527     1106.4668     1094.4762 42484620    1.08%
 444573 260904     1105.7358   569     1106.4668     1094.4770 42388424    1.08%
Elapsed time = 10857.26 sec. (2274335.36 ticks, tree = 49016.39 MB, solutions = 332)
Nodefile size = 46939.06 MB (28976.16 MB after compression)
 446184 260654     1103.9808   590     1106.4668     1094.4770 42381665    1.08%
 447835 263483     1099.1320   556     1106.4668     1094.4770 42580801    1.08%
 449890 267104     1101.1622   547     1106.4668     1094.5020 42875409    1.08%
