Version identifier: 22.1.1.0 | 2022-11-28 | 9160aff4d
CPXPARAM_TimeLimit                               20400
Tried aggregator 1 time.
MIP Presolve eliminated 18444 rows and 10726 columns.
MIP Presolve modified 12339 coefficients.
Reduced MIP has 10991 rows, 17980 columns, and 59481 nonzeros.
Reduced MIP has 9099 binaries, 8881 generals, 0 SOSs, and 0 indicators.
Presolve time = 0.10 sec. (60.60 ticks)
Probing fixed 179 vars, tightened 40 bounds.
Probing changed sense of 26 constraints.
Probing time = 0.28 sec. (65.88 ticks)
Cover probing fixed 72 vars, tightened 1075 bounds.
Tried aggregator 1 time.
Detecting symmetries...
MIP Presolve eliminated 661 rows and 763 columns.
MIP Presolve modified 796 coefficients.
Reduced MIP has 10330 rows, 17217 columns, and 56323 nonzeros.
Reduced MIP has 8847 binaries, 8370 generals, 0 SOSs, and 0 indicators.
Presolve time = 0.10 sec. (51.90 ticks)
Probing fixed 167 vars, tightened 28 bounds.
Probing changed sense of 1 constraints.
Probing time = 0.19 sec. (58.02 ticks)
Cover probing fixed 50 vars, tightened 0 bounds.
Clique table members: 14567.
MIP emphasis: balance optimality and feasibility.
MIP search method: dynamic search.
Parallel mode: deterministic, using up to 32 threads.
Root relaxation solution time = 4.15 sec. (468.31 ticks)

        Nodes                                         Cuts/
   Node  Left     Objective  IInf  Best Integer    Best Bound    ItCnt     Gap

      0     0      891.4414   211                    891.4414       22         
      0     0      988.5514   416                   Cuts: 306     1849         
      0     0     1019.9964   438                   Cuts: 144     2996         
      0     0     1026.9786   433                   Cuts: 115     3507         
      0     0     1031.3181   473                    Cuts: 87     3978         
      0     0     1034.3743   449                    Cuts: 47     4313         
Detecting symmetries...
      0     0     1036.3174   437                    Cuts: 54     4469         
      0     0     1048.3329   472                    Cuts: 34     4836         
      0     0     1048.8690   477                    Cuts: 49     5011         
      0     0     1049.2393   499                    Cuts: 19     5086         
      0     0     1049.3362   471                    Cuts: 17     5116         
      0     0     1049.5132   483                    Cuts: 11     5156         
      0     0     1049.5290   492                     Cuts: 6     5162         
      0     0     1049.6613   484                    Cuts: 10     5204         
Detecting symmetries...
      0     2     1049.6613   484                   1049.8969     5204         
Elapsed time = 18.68 sec. (7295.64 ticks, tree = 0.02 MB, solutions = 0)
      2     4     1054.2210   462                   1049.8969     5547         
      3     4     1079.3471   448                   1049.8969     6571         
      7     5     1082.2125   445                   1049.8969     6924         
     20     9     1081.1046   445                   1080.0449    18767         
     34    10     1144.9798   406                   1081.1046    20082         
     51    13     1212.4307   434                   1081.1046    42104         
     61    19     1157.2109   388                   1085.1015    97460         
    121    17     1155.0367   391                   1088.5863    86614         
    166    49    infeasible                         1088.5863   158322         
    372   144     1512.8144   377                   1089.3560   224937         
Elapsed time = 37.24 sec. (10828.98 ticks, tree = 4.95 MB, solutions = 0)
    881   330     1307.6097   335                   1089.3560   320730         
   1229   601     1506.6767   339                   1096.5638   407144         
   1505   581     1426.3090   428                   1104.4160   460094         
   1847   665     1252.0753   369                   1104.4160   512000         
   2152   886     1321.5800   445                   1121.3342   614652         
   2243  1020     1293.9326   418                   1121.3342   664120         
   2474  1098     1496.8162   396                   1121.3342   755112         
   2863  1288     1560.9473   435                   1121.3342   881295         
   3322  1509     2266.4081   370                   1121.3342   934148         
   3625  1678     1698.5957   329                   1121.3342  1010968         
Elapsed time = 79.27 sec. (20431.77 ticks, tree = 20.87 MB, solutions = 0)
   3709  1860     1394.5271   425                   1121.3342  1098080         
   3811  1913     1389.6286   440                   1121.3342  1206842         
   3975  1922     1793.0795   358                   1121.3342  1318306         
   4272  1912     1421.5982   391                   1157.1446  1306506         
   4524  2133     1242.4103   471                   1163.4482  1491416         
   4866  2201     1662.6636   418                   1163.4482  1527891         
   5101  2278     1428.7241   362                   1170.1863  1563255         
   5201  2513    infeasible                         1175.8560  1718901         
   5247  2515     1228.4992   457                   1175.8560  1714904         
   5312  2513    infeasible                         1175.8560  1848962         
Elapsed time = 123.80 sec. (30043.48 ticks, tree = 45.52 MB, solutions = 0)
   5397  2499     1253.9657   455                   1176.5073  1992411         
   5568  2490     1259.9801   475                   1176.5073  1986567         
   5821  2497     1306.3468   440                   1176.5073  2113165         
   5981  2585     1466.8362   436                   1176.5073  2220043         
   6224  2501     1738.7488   437                   1176.5073  2114192         
   6503  2691     1739.0565   423                   1176.5073  2317333         
   6721  2838     1668.4761   445                   1200.3197  2441724         
   6876  2913     1297.4151   402                   1238.5791  2468765         
   6967  3116    infeasible                         1238.5791  2703992         
   7051  3085     1832.1803   399                   1238.5791  2648739         
Elapsed time = 169.47 sec. (39670.19 ticks, tree = 59.09 MB, solutions = 0)
   7112  3106    infeasible                         1238.5791  2718594         
   7199  3036     1377.0723   374                   1249.5802  2797738         
   7271  2951     1742.3912   422                   1253.3589  2985569         
   7349  2921    infeasible                         1256.0684  3038866         
   7476  2868     1423.6386   390                   1257.8964  3143769         
   7672  2869     1428.3371   428                   1257.8964  3147022         
   7896  2840     1409.7005   321                   1257.8964  3210352         
   7966  2844     1576.0650   435                   1257.8964  3222515         
   7973  2834     1722.5453   408                   1257.8964  3256459         

Performing restart 1

Repeating presolve.
Tried aggregator 1 time.
MIP Presolve eliminated 94 rows and 265 columns.
MIP Presolve modified 225 coefficients.
Reduced MIP has 10236 rows, 16952 columns, and 55520 nonzeros.
Reduced MIP has 8630 binaries, 8322 generals, 0 SOSs, and 0 indicators.
Presolve time = 0.06 sec. (31.35 ticks)
Tried aggregator 1 time.
MIP Presolve eliminated 16 rows and 22 columns.
MIP Presolve modified 99 coefficients.
Reduced MIP has 10220 rows, 16930 columns, and 55454 nonzeros.
Reduced MIP has 8622 binaries, 8308 generals, 0 SOSs, and 0 indicators.
Presolve time = 0.08 sec. (36.55 ticks)
Represolve time = 0.74 sec. (181.73 ticks)
   7974     0     1087.7041   551                   Cuts: 184  3517246         
   7974     0     1108.1208   683                   Cuts: 238  3518724         
   7974     0     1119.9456   684                   Cuts: 235  3519964         
   7974     0     1152.0842   685                   Cuts: 200  3522035         
   7974     0     1176.7178   679                   Cuts: 256  3524051         
   7974     0     1182.7553   676                   Cuts: 290  3524920         
   7974     0     1189.1059   718                   Cuts: 161  3525641         
   7974     0     1191.6644   761                   Cuts: 128  3526058         
   7974     2     1191.6644   761                   1257.8964  3526058         
Elapsed time = 259.55 sec. (74565.38 ticks, tree = 0.02 MB, solutions = 0)
   7975     3     1195.6911   718                   1257.8964  3526405         
   7976     4     1197.7431   711                   1257.8964  3526823         
   7979     4     1210.7669   633                   1257.8964  3527456         
   7980     5     1199.7164   694                   1257.8964  3527420         
   7981     5     1222.5159   607                   1257.8964  3527650         
   7983     5    infeasible                         1257.8964  3533100         
   7985     5     1291.1497   605                   1257.8964  3532918         
   7987     5     1444.2432   447                   1257.8964  3536129         
   7988     4     1271.6033   507                   1257.8964  3532358         
   7989     6     1506.6700   440                   1257.8964  3551783         
Elapsed time = 288.15 sec. (101451.78 ticks, tree = 0.11 MB, solutions = 0)
   7990     7     1553.0371   412                   1257.8964  3552683         
   7993     5     1480.9001   448                   1257.8964  3537280         
   7994     6     1262.4009   604                   1257.8964  3534094         
   7996     7     1290.8832   553                   1257.8964  3536485         
   7999     6     1500.5333   425                   1257.8964  3574968         
   8003     6     1507.9533   435                   1257.8964  3557467         
   8008     6     1503.8668   408                   1257.8964  3579262         
   8015     9     1510.3920   437                   1257.8964  3604820         
   8023    12     1559.9683   368                   1257.8964  3607418         
   8042    18     1572.1767   367                   1257.8964  3611713         
Elapsed time = 313.88 sec. (115192.91 ticks, tree = 0.03 MB, solutions = 0)
   8074    29     1592.6131   317                   1257.8964  3615082         
   8104    30     1562.2180   447                   1257.8964  3616767         
   8138    42     1561.7960   483                   1257.8964  3630502         
   8185    42     1528.5447   531                   1257.8964  3644574         
   8212    43     1635.3116   457                   1257.8964  3636655         
   8240    23     1535.0012   468                   1257.8964  3710848         
   8271    27     1542.9757   445                   1257.8964  3724584         
   8380    42     1611.8886   295                   1257.8964  3757671         
   8490    38    infeasible                         1257.8964  3791536         
   8564    30    infeasible                         1257.8964  3826925         
Elapsed time = 355.40 sec. (125012.78 ticks, tree = 0.51 MB, solutions = 0)
   8620    34    infeasible                         1257.8964  3852104         
   8649    25    infeasible                         1257.8964  3886678         
   8675    28     1610.8399   463                   1257.8964  3887960         
   8694    17     1575.5436   527                   1257.8964  3913846         
   8712    15    infeasible                         1257.8964  3931959         
   8729    16     1651.2544   484                   1257.8964  3949850         
   8769    16     1704.1200   381                   1257.8964  3980264         
   8859    19     1648.3135   455                   1257.8964  3959378         
   8931    28     1776.1654   425                   1257.8964  3972399         
   9005    23    infeasible                         1257.8964  4006622         
Elapsed time = 388.35 sec. (135195.62 ticks, tree = 0.31 MB, solutions = 0)
   9049    29    infeasible                         1257.8964  4023594         
   9097    26     1303.6444   654                   1257.8964  3998871         
   9128    51    infeasible                         1257.8964  4055717         
   9154    21    infeasible                         1257.8964  4118906         
   9179    26     1469.6409   571                   1257.8964  4146204         
   9206    14    infeasible                         1257.8964  4184923         
   9234    18    infeasible                         1257.8964  4201091         
   9253    19     1460.8293   655                   1257.8964  4193623         
   9278    19    infeasible                         1257.8964  4245733         
   9387    26     1289.2396   615                   1257.8964  4284488         
Elapsed time = 440.95 sec. (148113.71 ticks, tree = 0.12 MB, solutions = 0)
   9582    68     1610.7763   430                   1257.8964  4405407         
   9970   153     1339.1603   571                   1257.8964  4533190         
  10229   513    infeasible                         1257.8964  4726677         
  10332   571     1384.4093   506                   1257.8964  4770619         
  10455   562     1448.8875   487                   1257.8964  4821144         
  10578   567     1526.5836   579                   1257.8964  5042900         
  10711   533    infeasible                         1257.8964  5192598         
  10862   532     1600.8510   469                   1257.8964  5379008         
  11017   553     1682.1728   502                   1257.8964  5864686         
  11140   539     1482.5500   495                   1257.8964  5978480         
Elapsed time = 654.44 sec. (186563.90 ticks, tree = 16.25 MB, solutions = 0)
  11301   538     1296.4617   612                   1257.8964  5996998         
  11444   522     1547.1560   548                   1268.4040  6219013         
  11607   509    infeasible                         1268.4040  6405255         
  11744   455    infeasible                         1268.4040  6875807         
  11929   445    infeasible                         1276.8777  7038837         
  12091   422    infeasible                         1276.8777  7182839         
  12262   372     1405.1442   557                   1276.8777  7498056         
  12432   355    infeasible                         1276.8777  7534978         
  12594   299    infeasible                         1313.4301  7849526         
  12788   260    infeasible                         1316.6377  8042779         
Elapsed time = 861.90 sec. (224912.77 ticks, tree = 5.11 MB, solutions = 0)
  13014   154     1615.0890   557                   1316.6377  8391020         
  13254   213     1960.2060   384                   1437.3846  8226603         
  13396    94     2283.5733   315                   1437.3846  8677681         
  13473   101     2345.5837   307                   1437.3846  8563404         
  13835    51     2342.0570   292                   1437.3846  8936591         
  14204    83     2317.3951   247                   1437.3846  8936504         
  14984    86     2365.2669   233                   1437.3846  8965481         
  15849   485     2358.4338   217                   1437.3846  8977119         
  18421  1571     2408.6685   206                   1437.3846  9025507         
  21179  1294     2415.6932   227                   1437.3846  9020406         
Elapsed time = 1034.46 sec. (263217.64 ticks, tree = 18.83 MB, solutions = 0)
  23236  2920     2610.0478   166                   1437.3846  9071734         

Performing restart 2

Repeating presolve.
Tried aggregator 1 time.
MIP Presolve eliminated 9 rows and 10 columns.
MIP Presolve modified 194 coefficients.
Reduced MIP has 10211 rows, 16920 columns, and 58952 nonzeros.
Reduced MIP has 8621 binaries, 8299 generals, 0 SOSs, and 0 indicators.
Presolve time = 0.06 sec. (32.83 ticks)
Tried aggregator 1 time.
MIP Presolve eliminated 24 rows and 24 columns.
MIP Presolve modified 79 coefficients.
Reduced MIP has 10187 rows, 16896 columns, and 58904 nonzeros.
Reduced MIP has 8621 binaries, 8275 generals, 0 SOSs, and 0 indicators.
Presolve time = 0.08 sec. (38.64 ticks)
Represolve time = 1.05 sec. (319.34 ticks)
  23246     0     1202.6808   776                   Cuts: 102  9266873         
  23246     0     1205.5771   735                   Cuts: 152  9267977         
  23246     0     1206.6394   776                   Cuts: 114  9268627         
  23246     0     1207.1493   771                    Cuts: 68  9268979         
  23246     0     1207.4104   766                    Cuts: 64  9269305         
  23246     0     1207.6925   760                    Cuts: 56  9269719         
  23246     0     1209.0177   783                    Cuts: 42  9270037         
  23246     0     1209.4402   808                   Cuts: 118  9270306         
  23246     0     1209.6309   801                    Cuts: 48  9270576         
  23246     0     1210.1783   798                    Cuts: 64  9270848         
  23246     2     1210.1783   798                   1507.5376  9270848         
  23247     3     1253.4610   651                   1507.5376  9273091         
  23251     3     1212.9789   757                   1507.5376  9275904         
  23258     3     1274.7508   584                   1507.5376  9278667         
  23261     4     1217.4904   733                   1507.5376  9290759         
  23280    17     1385.3285   470                   1507.5376  9313966         
  23320    22     1505.7873   490                   1507.5376  9319876         
  23389    49     1412.6496   519                   1507.5376  9403730         
  23488    51     1241.5544   669                   1507.5376  9546104         
Elapsed time = 1176.44 sec. (339285.97 ticks, tree = 0.03 MB, solutions = 0)
  23603    99     1439.1948   586                   1507.5376  9696357         
  23827   168     1699.2451   423                   1507.5376  9882420         
  24074   257    infeasible                         1507.5376  9984432         
  24232   473     1790.6178   355                   1507.5376 10180510         
  24398   534     1511.9511   502                   1507.5376 10323279         
  24621   625     1570.9856   523                   1507.5376 10467279         
  24837   726     1635.9446   459                   1507.5376 10588225         
  25010   841     1653.3174   412                   1507.5376 10733112         
  25148   980     1591.6937   529                   1507.5376 10941266         
  25271   915     1442.9884   555                   1507.5376 10854419         
Elapsed time = 1356.69 sec. (377639.69 ticks, tree = 34.23 MB, solutions = 0)
  25395  1075     1882.4593   407                   1507.5376 11241391         
  25503  1126     1528.8069   483                   1507.5376 11475431         
  25618  1119     1483.2291   553                   1507.5376 11517179         
  25726  1114    infeasible                         1507.5376 11554393         
  25809  1194    infeasible                         1507.5376 12018344         
  25910  1188     1475.4581   569                   1507.5376 11929260         
  26015  1226     1493.5394   567                   1507.5376 12345712         
  26138  1229    infeasible                         1507.5376 12556957         
  26247  1219     1397.5538   625                   1507.5376 12506160         
  26353  1243     1661.3370   462                   1507.5376 12785593         
Elapsed time = 1542.67 sec. (416106.75 ticks, tree = 44.21 MB, solutions = 0)
  26486  1243    infeasible                         1507.5376 12792511         
  26600  1248    infeasible                         1507.5376 13363340         
  26720  1262    infeasible                         1507.5376 13382881         
  26851  1259     1415.0040   517                   1507.5376 13341859         
  26997  1297    infeasible                         1507.5376 13621367         
  27120  1311     1584.7660   558                   1507.5376 13835593         
  27259  1353    infeasible                         1507.5376 14087383         
  27384  1321     1558.5924   449                   1507.5376 13972849         
  27527  1366     1526.2363   521                   1507.5376 14460855         
  27650  1357    infeasible                         1507.5376 14789473         
Elapsed time = 1733.38 sec. (454407.32 ticks, tree = 45.37 MB, solutions = 0)
  27793  1371     2447.4152   362                   1507.5376 14811963         
  27916  1356    infeasible                         1507.5376 14800869         
  28057  1389    infeasible                         1507.5376 15184213         
  28197  1395     1506.9597   582                   1507.5376 15274679         
  28336  1347    infeasible                         1507.5376 15795985         
  28482  1346    infeasible                         1507.5376 15657319         
  28606  1295     1599.3689   606                   1507.5376 16020741         
  28755  1259     1501.9730   562                   1507.5376 16320650         
  28912  1291     2024.1532   233                   1507.5376 16057746         
  29061  1243     1490.5458   566                   1507.5376 16716696         
Elapsed time = 1922.81 sec. (492709.62 ticks, tree = 37.37 MB, solutions = 0)
  29217  1253     1538.5845   512                   1507.5376 16837050         
  29372  1227    infeasible                         1507.5376 16711984         
  29537  1210    infeasible                         1507.5376 17329595         
  29683  1234    infeasible                         1507.5376 17616575         
  29886  1251     1517.2225   497                   1507.5376 17568407         
  30053  1193     1796.7000   521                   1507.5376 17828436         
  30219  1107     1618.5470   537                   1507.5376 18186532         
  30404  1110     1734.3854   522                   1507.5376 18240052         
  30595  1129     1809.4676   517                   1507.5376 18057358         
  30786  1065    infeasible                         1512.9414 18347528         
Elapsed time = 2114.75 sec. (531184.08 ticks, tree = 28.92 MB, solutions = 0)
  30987   931     1883.8622   429                   1522.8350 18777915         
  31180   889     1716.0917   436                   1524.4777 18933860         
  31386   841    infeasible                         1537.3298 19061227         
  31595   641     1818.4433   473                   1540.3185 19502442         
  31843   683    infeasible                         1540.3185 19406066         
  32074   432     1689.9310   644                   1553.7608 19906027         
  32324   223     2196.4726   381                   1553.7608 20185521         
  32516   238     2341.8258   264                   1628.4873 20188242         
  32614   220     1905.5787   416                   1674.8146 20215656         
  32973    77     2359.5598   295                   1700.9817 20598072         
Elapsed time = 2293.66 sec. (569561.62 ticks, tree = 3.31 MB, solutions = 0)
  33798   103     2377.5282   282                   1700.9817 20599392         
  34609   128     2340.2526   251                   1700.9817 20598654         
  35498  2427     2451.4108   224                   2129.2802 20760805         
  36428  2362     2358.9827   249                   2129.2802 20761486         
  37354   773     2420.0267   221                   2129.2802 20678717         
  39115  3878     2488.7579   204                   2129.2802 20812931         
  41577  4931     2444.9499   151                   2129.2802 20859442         
  43632  3097     2477.1452   187                   2129.2802 20787208         
  46195 11048     2595.6018   221                   2129.2802 21104125         
  49003  9769     2642.6830   106                   2129.2802 21051614         
Elapsed time = 2504.36 sec. (607724.24 ticks, tree = 178.76 MB, solutions = 0)
  51588  8479     2701.9275   133                   2129.2802 20984199         
  55157 16946     2400.2400   241                   2129.2802 21330448         
  58611 12039     2521.4740   175                   2129.2802 21133312         
  62871 25201     2887.7197   116                   2129.2802 21658212         
* 66070 20729      integral     0     2829.7021     2129.2802 21491764   24.75%
  67486 24666     2654.7027   125     2829.7021     2129.2802 21634856   24.75%
* 70236+27147                         2711.8123     2129.2802            21.48%
* 70276+27147                         2709.7058     2129.2802            21.42%
* 70653+27716                         2641.7381     2129.2802            19.40%
* 70668+27716                         2639.6511     2129.2802            19.33%
* 70688+27716                         2606.9796     2129.2802            18.32%
  72414 27702     2437.0090   121     2606.9796     2129.2802 22028164   18.32%
  78689 29115     2631.6476   138     2606.9796     2188.8944 21791114   16.04%
* 81774+28443                         2591.2309     2188.8944            15.53%
* 83510+32789                         2566.2270     2324.8282             9.41%
  85653 33143     2540.4360   178     2566.2270     2324.8599 22322078    9.41%
* 86972+30972                         2560.6065     2324.8599             9.21%
* 89956+34430                         2560.1263     2326.4845             9.13%
* 91240+34162                         2559.8011     2326.4845             9.11%
* 91470+35821                         2553.1370     2326.4845             8.88%
  92212 35166     2472.0509   122     2553.1370     2326.4845 22380566    8.88%
* 93234+35208                         2539.5433     2326.8714             8.37%
* 95848+34761                         2535.2583     2327.0679             8.21%
* 96160+32071                         2513.8230     2327.0679             7.43%
* 96950+34022                         2511.3714     2328.0988             7.30%
  99375 34485     2445.8212   213     2511.3714     2328.0988 22577204    7.30%
Elapsed time = 2688.79 sec. (645878.34 ticks, tree = 674.45 MB, solutions = 73)
*100331+33517                         2505.7108     2328.0988             7.09%
 106559 33789     2505.3808    96     2505.7108     2328.4957 22535690    7.07%
*108092+39483                         2505.6957     2328.4957             7.07%
*109712+37076                         2505.6251     2328.4957             7.07%
*110954+38647                         2494.8863     2329.1960             6.64%
*112656+35853                         2481.9898     2330.0543             6.12%
 113189 42851     2463.2597   279     2481.9898     2330.2113 22826708    6.12%
*116358+38479                         2476.0200     2331.1267             5.85%
*116718+41028                         2470.6840     2331.1267             5.65%
*116749+41028                         2470.5492     2331.1267             5.64%
 119257 42106     2399.2590   362     2470.5492     2331.1267 22896884    5.64%
*120183+38979                         2470.2119     2331.3356             5.62%
*120187+39955                         2469.6099     2331.3356             5.60%
*121321+40137                         2468.6055     2331.7148             5.55%
*121982+39499                         2465.3234     2331.7148             5.42%
*122357+39652                         2458.7711     2334.3839             5.06%
*125199+38208                         2456.3998     2334.3839             4.97%
 125836 38315     2447.7870   240     2456.3998     2334.3839 23049789    4.97%
*126706+37504                         2455.9899     2334.3839             4.95%
*126723+37504                         2454.1367     2334.3839             4.88%
*127446+37614                         2447.5900     2334.3839             4.63%
*128883+35469                         2445.0262     2334.3839             4.53%
 132400 39019     2399.5552   255     2445.0262     2335.2179 23169047    4.49%
 138594 37703     2438.2797   250     2445.0262     2337.7564 23277391    4.39%
*142895+43454                         2444.9402     2337.8162             4.38%
 144722 42892     2442.1607   179     2444.9402     2338.1943 23559215    4.37%
*146967+45758                         2443.6098     2338.1943             4.31%
 148897 48485     2398.5409   220     2443.6098     2338.1943 23738715    4.31%
*149324+47791                         2443.5969     2338.1943             4.31%
 152984 46418     2401.7898   168     2443.5969     2338.2912 23661833    4.31%
*154422+48636                         2442.7987     2338.2912             4.28%
*154522+51879                         2442.7859     2338.2912             4.28%
*154843+50974                         2441.6820     2338.2912             4.23%
 157109 54339     2430.6045   109     2441.6820     2338.2912 23883279    4.23%
Elapsed time = 2941.35 sec. (684033.53 ticks, tree = 3211.81 MB, solutions = 139)
Nodefile size = 1134.82 MB (685.82 MB after compression)
*159584+51655                         2439.7660     2338.2912             4.16%
*162325+61022                         2438.9550     2340.2357             4.05%
 162404 55576     2409.5538   210     2438.9550     2340.2357 23959583    4.05%
 168141 61574        cutoff           2438.9550     2343.0980 24182577    3.93%
 174003 63201     2411.7051   298     2438.9550     2343.0980 24223750    3.93%
*174862+69392                         2438.1154     2343.0980             3.90%
*175348+69392                         2435.0152     2343.0980             3.77%
*175675+69392                         2433.9113     2343.0980             3.73%
 179813 69577     2418.3511   244     2433.9113     2343.1742 24560748    3.73%
 185633 68119     2382.9595   290     2433.9113     2345.2338 24514018    3.64%
 191642 79981     2416.1506   263     2433.9113     2345.9345 24852131    3.61%
 198077 83636     2413.2552   218     2433.9113     2346.4263 24959777    3.59%
*203126+87607                         2433.8591     2346.7276             3.58%
 204129 88781     2418.9988   225     2433.8591     2346.7423 25097222    3.58%
 209529 92210     2395.7082   175     2433.8591     2347.2322 25178879    3.56%
 215191 103727     2404.5710   225     2433.8591     2347.6780 25479780    3.54%
Elapsed time = 3246.26 sec. (722187.28 ticks, tree = 9024.97 MB, solutions = 157)
Nodefile size = 6963.12 MB (4473.98 MB after compression)
 221359 107111     2391.6769   180     2433.8591     2347.7576 25573227    3.54%
*225557+110492                         2432.8211     2347.7576             3.50%
 227450 112666     2373.8972   269     2432.8211     2348.8949 25707552    3.45%
 233656 118334     2421.9710   248     2432.8211     2349.5113 25884419    3.42%
 239796 125232     2397.8692   215     2432.8211     2349.7586 26044116    3.41%
 244865 126687     2388.3439   229     2432.8211     2349.7586 26085868    3.41%
 250717 132655     2396.3929   161     2432.8211     2350.3624 26236993    3.39%
 256796 142457     2408.7516   255     2432.8211     2350.6564 26481606    3.38%
 262600 148889     2382.2273   282     2432.8211     2350.9241 26658779    3.37%
 268935 155749     2411.7256   160     2432.8211     2351.2007 26818947    3.35%
 274589 155625     2408.4476   215     2432.8211     2351.3211 26818186    3.35%
Elapsed time = 3566.59 sec. (760340.57 ticks, tree = 14841.03 MB, solutions = 158)
Nodefile size = 12757.87 MB (8254.63 MB after compression)
 280307 166746     2426.4139   177     2432.8211     2351.5282 27088579    3.34%
 286426 165471     2423.6893   214     2432.8211     2351.8911 27058920    3.33%
 292753 174588     2375.5715   302     2432.8211     2352.0695 27287057    3.32%
 299173 183372     2380.6968   206     2432.8211     2352.2242 27489062    3.31%
 304984 190754     2368.9072   205     2432.8211     2352.4080 27666681    3.31%
 310473 192222     2382.1805   222     2432.8211     2352.7677 27700655    3.29%
 316530 201404     2368.1978   320     2432.8211     2352.7836 27918144    3.29%
 322687 206139     2400.2591   196     2432.8211     2352.9327 28038924    3.28%
 328739 213552     2383.1106   223     2432.8211     2353.0317 28212542    3.28%
 334677 215265     2361.7768   210     2432.8211     2353.1747 28254951    3.27%
Elapsed time = 3889.45 sec. (798494.58 ticks, tree = 21499.18 MB, solutions = 158)
Nodefile size = 19416.37 MB (12609.70 MB after compression)
 340042 224035        cutoff           2432.8211     2353.4434 28477852    3.26%
 345718 230454     2409.2822   275     2432.8211     2353.4434 28629666    3.26%
 352029 230609     2381.7466   264     2432.8211     2353.6093 28635739    3.26%
 357833 235256     2371.4317   379     2432.8211     2353.7731 28748678    3.25%
 363670 248901     2424.7000   273     2432.8211     2353.8629 29089652    3.25%
 369257 254183     2430.4890   262     2432.8211     2353.9901 29215687    3.24%
 374831 253760     2377.0640   280     2432.8211     2354.2097 29208403    3.23%
 381056 258189     2365.2162   269     2432.8211     2354.2097 29317701    3.23%
 387005 268920     2391.9775   243     2432.8211     2354.3529 29569353    3.23%
 393103 275548     2386.0101   200     2432.8211     2354.4171 29737189    3.22%
Elapsed time = 4206.86 sec. (836647.00 ticks, tree = 28249.06 MB, solutions = 158)
Nodefile size = 26181.30 MB (17030.78 MB after compression)
 399304 278244     2391.6291   229     2432.8211     2354.5364 29808393    3.22%
 404954 281955     2405.7929   231     2432.8211     2354.6350 29895243    3.21%
 411082 289293     2361.8592   298     2432.8211     2354.7319 30070012    3.21%
 417440 294199     2411.7749   159     2432.8211     2354.8123 30177967    3.21%
 423366 305344     2390.5677   323     2432.8211     2354.8941 30432038    3.20%
 429312 307639     2395.9378   226     2432.8211     2355.0638 30481932    3.20%
 435033 315587     2429.6839   257     2432.8211     2355.0638 30675468    3.20%
 441029 323177     2411.5458   217     2432.8211     2355.1318 30871992    3.19%
 447467 324480     2407.3602   250     2432.8211     2355.1982 30897746    3.19%
 453535 335536     2374.3079   290     2432.8211     2355.3421 31144598    3.18%
Elapsed time = 4535.60 sec. (874800.22 ticks, tree = 34967.13 MB, solutions = 158)
Nodefile size = 32902.04 MB (21427.97 MB after compression)
 459517 337016     2407.9088   337     2432.8211     2355.4357 31177787    3.18%
 465496 346852     2392.8510   280     2432.8211     2355.5682 31425936    3.18%
 471415 347906     2384.5661   219     2432.8211     2355.6177 31448066    3.17%
 477207 353025     2397.4377   274     2432.8211     2355.6582 31562037    3.17%
 483408 364702     2406.8301   276     2432.8211     2355.7830 31836384    3.17%
 489132 368781     2411.6256   220     2432.8211     2355.8172 31931349    3.17%
 494973 372372     2418.9973   302     2432.8211     2355.8497 32018740    3.16%
 500750 380598     2402.7043   258     2432.8211     2355.9169 32235984    3.16%
 507152 382309     2430.9429   193     2432.8211     2355.9814 32271515    3.16%
 513295 390068     2414.8774   318     2432.8211     2356.1277 32449680    3.15%
Elapsed time = 4859.37 sec. (912955.94 ticks, tree = 41091.59 MB, solutions = 158)
Nodefile size = 39007.02 MB (25422.09 MB after compression)
 519522 398840     2428.3358   236     2432.8211     2356.1527 32646504    3.15%
 525569 399772     2401.3116   316     2432.8211     2356.2735 32670137    3.15%
 531140 409999     2368.4813   195     2432.8211     2356.3009 32905404    3.15%
 537623 416737     2401.7541   284     2432.8211     2356.3676 33072646    3.14%
 543602 416953     2411.5492   276     2432.8211     2356.4983 33077938    3.14%
 550102 429112     2377.0698   239     2432.8211     2356.5251 33348766    3.14%
 556193 430502     2384.9774   301     2432.8211     2356.5801 33378487    3.13%
 562016 437506     2424.1764   176     2432.8211     2356.6772 33551889    3.13%
 568201 444684     2381.4840   212     2432.8211     2356.7167 33702554    3.13%
 574312 451945     2411.6360   202     2432.8211     2356.7497 33874726    3.13%
Elapsed time = 5191.07 sec. (951108.43 ticks, tree = 48036.54 MB, solutions = 158)
Nodefile size = 45962.37 MB (29980.23 MB after compression)
 580646 456250     2428.5386   205     2432.8211     2356.8257 33973660    3.12%
 586988 462719     2383.8817   222     2432.8211     2356.8748 34126921    3.12%
