Version identifier: 22.1.1.0 | 2022-11-28 | 9160aff4d
CPXPARAM_TimeLimit                               20400
Tried aggregator 1 time.
MIP Presolve eliminated 20707 rows and 11666 columns.
MIP Presolve modified 14522 coefficients.
Reduced MIP has 12865 rows, 21086 columns, and 70426 nonzeros.
Reduced MIP has 10794 binaries, 10292 generals, 0 SOSs, and 0 indicators.
Presolve time = 0.12 sec. (71.12 ticks)
Probing fixed 203 vars, tightened 28 bounds.
Probing time = 0.35 sec. (82.28 ticks)
Tried aggregator 1 time.
Detecting symmetries...
MIP Presolve eliminated 511 rows and 538 columns.
MIP Presolve modified 4 coefficients.
Reduced MIP has 12354 rows, 20548 columns, and 67864 nonzeros.
Reduced MIP has 10590 binaries, 9958 generals, 0 SOSs, and 0 indicators.
Presolve time = 0.11 sec. (60.94 ticks)
Probing fixed 137 vars, tightened 0 bounds.
Probing time = 0.19 sec. (75.01 ticks)
Cover probing fixed 68 vars, tightened 0 bounds.
Clique table members: 49060.
MIP emphasis: balance optimality and feasibility.
MIP search method: dynamic search.
Parallel mode: deterministic, using up to 32 threads.
Root relaxation solution time = 3.77 sec. (422.50 ticks)

        Nodes                                         Cuts/
   Node  Left     Objective  IInf  Best Integer    Best Bound    ItCnt     Gap

      0     0      782.4720   213                    782.4720       24         
      0     0      833.4876   372                   Cuts: 267     1378         
      0     0      842.1771   390                   Cuts: 161     2073         
      0     0      845.8487   405                    Cuts: 85     2497         
      0     0      847.7616   379                    Cuts: 56     2865         
      0     0      848.3155   420                    Cuts: 36     3008         
Detecting symmetries...
      0     0      848.3939   367                    Cuts: 15     3027         
      0     0      848.4890   371                     Cuts: 5     3076         
      0     0      848.5168   374                 Flowcuts: 2     3085         
Detecting symmetries...
      0     2      848.5168   374                    857.7435     3085         
Elapsed time = 16.04 sec. (6196.58 ticks, tree = 0.02 MB, solutions = 0)
     13     6      853.4496   368                    857.7435     3360         
     47    36      865.4303   378                    857.7435     7997         
     65    17      856.6550   360                    857.7435     4947         
    111    79      875.1131   394                    857.7435    27887         
    132    84      875.2338   404                    857.7435    35627         
    147   101      919.4371   351                    857.7435    46122         
    165   136      890.7998   385                    857.7435    89174         
    181   139     1019.5421   406                    857.7435    94335         
    217   201     1011.0489   369                    857.7435   232029         
    390   267     1012.0427   390                    857.7435   272783         
Elapsed time = 33.63 sec. (9418.88 ticks, tree = 0.94 MB, solutions = 0)
    700   478      993.4620   346                    857.7435   359734         
   1117   699     1063.7655   295                    857.7435   427557         
   1593   985      894.5486   369                    857.7435   515635         
   2060  1336      932.3165   271                    857.7435   636492         
   2549  1750     1255.5947   237                    857.7435   747991         
   2935  1980     1060.5887   219                    857.7435   816292         
   3450  2090      940.8197   310                    857.7435   856580         
   3993  2452      873.4815   430                    857.7435   958564         
   4549  2867     1047.5904   315                    857.7435  1071245         
   4948  3256     1169.0594   310                    857.7435  1154381         
Elapsed time = 77.30 sec. (19002.23 ticks, tree = 24.97 MB, solutions = 0)
   5161  3568      980.0033   333                    860.9695  1239650         
   5256  3798      925.8353   368                    860.9695  1315139         
   5568  3815      994.0519   306                    860.9754  1336132         
   5940  4006     1157.1804   329                    866.7571  1403583         
   6380  4502     1032.9578   341                    868.6048  1544601         
   6790  4701      929.8358   387                    868.6048  1588283         
   7267  5034     1009.0486   340                    868.6048  1674670         
   7739  5510     1171.0737   305                    872.2616  1777341         
   8188  5676     1037.9770   345                    872.2616  1805985         
   8278  5837      966.4681   395                    872.2616  1834800         
Elapsed time = 117.32 sec. (28715.89 ticks, tree = 48.88 MB, solutions = 0)

Performing restart 1

Repeating presolve.
Tried aggregator 1 time.
MIP Presolve eliminated 76 rows and 242 columns.
MIP Presolve modified 120 coefficients.
Reduced MIP has 12278 rows, 20306 columns, and 67188 nonzeros.
Reduced MIP has 10384 binaries, 9922 generals, 0 SOSs, and 0 indicators.
Presolve time = 0.07 sec. (33.60 ticks)
Tried aggregator 1 time.
MIP Presolve eliminated 26 rows and 42 columns.
MIP Presolve modified 56 coefficients.
Reduced MIP has 12252 rows, 20264 columns, and 67041 nonzeros.
Reduced MIP has 10363 binaries, 9901 generals, 0 SOSs, and 0 indicators.
Presolve time = 0.09 sec. (45.23 ticks)
Represolve time = 0.80 sec. (216.07 ticks)
   8280     0      942.5407   473                   Cuts: 207  1953711         
   8280     0      989.6671   531                   Cuts: 252  1955528         
   8280     0     1002.1081   582                   Cuts: 267  1956604         
   8280     0     1014.6567   659                   Cuts: 241  1957909         
   8280     0     1023.2319   677                   Cuts: 268  1959196         
   8280     0     1028.1636   701                   Cuts: 323  1960569         
   8280     0     1033.9101   697                   Cuts: 201  1961873         
   8280     0     1038.9123   699                   Cuts: 220  1962842         
   8280     0     1041.7597   707                   Cuts: 304  1963546         
   8280     0     1043.5285   721                   Cuts: 217  1964156         
   8280     0     1044.9307   791                   Cuts: 200  1964553         
   8280     0     1046.1715   788                   Cuts: 161  1964991         
   8280     0     1054.6721   767                   Cuts: 139  1965812         
   8280     0     1056.9963   768                   Cuts: 203  1966322         
   8280     0     1057.5229   800                    Cuts: 91  1966655         
   8280     0     1058.1537   820                    Cuts: 90  1967104         
   8280     0     1058.4976   796                   Cuts: 103  1967356         
   8280     0     1058.8634   791                   Cuts: 101  1967680         
   8280     0     1059.3576   769                    Cuts: 84  1968071         
   8280     0     1059.5433   772                   Cuts: 100  1968307         
   8280     0     1059.7163   744                    Cuts: 48  1968506         
   8280     0     1060.2649   789                    Cuts: 85  1968793         
   8280     0     1060.5133   795                    Cuts: 69  1969000         
   8280     0     1060.8247   783                    Cuts: 75  1969185         
   8280     0     1061.1307   782                    Cuts: 36  1969368         
   8280     0     1061.3728   767                    Cuts: 43  1969587         
   8280     0     1061.4708   780                    Cuts: 67  1969688         
   8280     0     1061.5515   808                    Cuts: 45  1969792         
   8280     0     1061.6226   785                    Cuts: 38  1969922         
   8280     0     1061.6512   782                    Cuts: 21  1969986         
   8280     2     1061.6512   782                   1061.6512  1969986         
   8281     3     1063.2624   745                   1063.2635  1970707         
   8283     4     1071.0476   756                   1063.2635  1971617         
   8284     4     1065.0482   764                   1065.0833  1971468         
   8285     5     1079.4877   678                   1065.0833  1974429         
   8286     5     1085.4122   643                   1065.0833  1974852         
   8287     7     1066.2094   774                   1065.1508  1975429         
   8288     9     1100.8238   635                   1065.1508  1978671         
   8289     5     1188.9762   657                   1065.1508  1977073         
   8290     7     1081.4791   755                   1065.1508  1975598         
Elapsed time = 271.22 sec. (119899.80 ticks, tree = 0.02 MB, solutions = 0)
   8293     9     1091.5692   596                   1065.1508  1978448         
   8296     8     1080.3269   672                   1066.2106  1976354         
   8297     5     1223.8604   644                   1066.2106  1977629         
   8298     7     1095.2954   680                   1066.2106  1976510         
   8301    15     1093.2074   625                   1066.2106  1990999         
   8305    10     1066.5175   772                   1066.2106  1978437         
   8307    16     1110.0762   605                   1066.2106  1987396         
   8309    12     1083.0653   748                   1066.2106  1980401         
   8314    18     1129.1239   640                   1066.5182  1989998         
   8325    17     1125.5700   572                   1066.5182  1987197         
Elapsed time = 329.31 sec. (133910.71 ticks, tree = 0.02 MB, solutions = 0)
   8331    15     1074.2936   740                   1066.5182  1989190         
   8334    26     1142.3440   635                   1066.5182  2050550         
   8343    13     1177.4516   706                   1066.5182  1999294         
   8349    22     1174.0641   601                   1066.5182  2010815         
   8356    25     1085.2508   733                   1066.5182  2050638         
   8366    26     1146.3212   588                   1066.5182  2039830         
   8378    40    infeasible                         1066.5182  2189282         
   8392    36     1132.4940   643                   1066.5182  2146164         
   8407    39    infeasible                         1066.6475  2182338         
   8428    48     1117.7285   642                   1069.0665  2237521         
Elapsed time = 395.59 sec. (145285.91 ticks, tree = 0.03 MB, solutions = 0)
   8442    48    infeasible                         1069.0809  2276265         
   8459    14     1177.4576   704                   1069.0809  2004121         
   8483    63     1156.3363   655                   1069.0809  2324223         
   8507    77     1157.0884   644                   1069.0809  2348780         
   8547    66     1145.5376   692                   1069.0809  2331861         
   8589    82     1085.3624   768                   1069.0809  2374417         
   8635    89     1099.9929   759                   1069.0809  2387934         
   8678    91     1073.6791   779                   1069.0809  2372615         
   8719   184     1241.2210   707                   1069.0809  2461948         
   8771   196     1272.4150   527                   1069.0809  2465404         
Elapsed time = 458.79 sec. (155289.61 ticks, tree = 2.95 MB, solutions = 0)
   8822   153     1098.1943   613                   1069.0809  2427364         
   8879   307     1228.3276   671                   1069.0809  2540492         
   8958   231     1108.8177   658                   1069.0809  2485101         
   9036   247     1183.0990   575                   1069.0809  2496504         
   9114   308     1181.0589   696                   1069.0809  2538636         
   9199   334     1155.2008   594                   1069.0809  2556385         
   9284   588     1243.9436   473                   1069.0809  2703222         
   9369   483     1259.1018   610                   1069.0809  2641235         
   9444   538     1180.8422   542                   1069.0809  2678846         
   9521   458     1174.4708   546                   1069.0809  2623657         
Elapsed time = 528.88 sec. (164937.67 ticks, tree = 4.34 MB, solutions = 0)
   9608   630     1107.0363   584                   1069.0809  2731932         
   9663   707     1129.4744   590                   1069.0809  2772971         
   9701   873     1327.1544   602                   1069.0809  2845948         
   9745   795     1145.7822   751                   1069.0809  2811518         
   9793  1009     1136.0922   713                   1069.0809  2926019         
   9864  1024    infeasible                         1071.7557  2936287         
   9933  1077     1145.8429   629                   1071.7557  2982904         
  10013  1095     1371.0397   552                   1071.7557  3014772         
  10127  1047     1172.7572   534                   1071.7557  2944177         
  10265  1191     1129.3849   712                   1071.7557  3080851         
Elapsed time = 596.63 sec. (174677.53 ticks, tree = 28.93 MB, solutions = 0)
  10346  1092     1122.4559   586                   1071.7557  2971545         
  10468  1121     1138.4418   612                   1071.7557  3043113         
  10595  1115     1126.5658   594                   1071.7557  3038189         
  10695  1369     1216.3530   516                   1072.8183  3143244         
  10820  1397     1245.9824   554                   1072.8183  3147493         
  10950  1252     1188.7379   502                   1072.8183  3097291         
  11076  1574     1161.8480   560                   1072.8183  3213325         
  11210  1933     1238.9703   684                   1076.8559  3327599         
  11362  1824     1271.8451   572                   1076.8559  3304243         
  12006  2107     1265.2852   553                   1076.8559  3355806         
Elapsed time = 680.56 sec. (187181.99 ticks, tree = 52.41 MB, solutions = 0)
  12543  2715     1424.4254   556                   1076.8559  3541359         
  12778  2684     1187.3445   737                   1076.8559  3538979         
  13024  3545     1334.0652   611                   1085.4274  3768896         
  13523  3735     1130.4230   687                   1085.4274  3874963         
  14260  3853     1270.1567   598                   1085.4274  3933205         
  14862  4105     1372.4437   548                   1085.4274  4015775         
  15565  4748     1220.4733   624                   1085.4274  4145712         
  16407  5749     1156.0879   502                   1085.4274  4374391         
  17022  6555     1219.8713   561                   1085.4274  4548073         
  17682  6232     1965.3259   342                   1085.4274  4481176         
Elapsed time = 939.42 sec. (225409.05 ticks, tree = 467.03 MB, solutions = 0)
  18187  7466     1140.2448   728                   1085.4274  4727983         
  18343  7450     1195.5869   612                   1085.4274  4724207         

Performing restart 2

Repeating presolve.
Tried aggregator 1 time.
MIP Presolve eliminated 56 rows and 59 columns.
MIP Presolve modified 479 coefficients.
Reduced MIP has 12196 rows, 20205 columns, and 70645 nonzeros.
Reduced MIP has 10360 binaries, 9845 generals, 0 SOSs, and 0 indicators.
Presolve time = 0.07 sec. (35.27 ticks)
Tried aggregator 1 time.
MIP Presolve eliminated 31 rows and 62 columns.
Reduced MIP has 12165 rows, 20143 columns, and 70409 nonzeros.
Reduced MIP has 10329 binaries, 9814 generals, 0 SOSs, and 0 indicators.
Presolve time = 0.10 sec. (44.04 ticks)
Represolve time = 1.76 sec. (508.50 ticks)
  18351     0     1063.7919   888                   Cuts: 149  5001463         
  18351     0     1064.0524   828                    Cuts: 67  5001725         
  18351     0     1064.6130   827                   Cuts: 113  5002037         
  18351     0     1066.2151   849                   Cuts: 111  5002543         
  18351     0     1068.2136   821                   Cuts: 160  5002985         
  18351     0     1068.9611   827                   Cuts: 160  5003337         
  18351     0     1069.4761   828                   Cuts: 100  5003667         
  18351     0     1069.8743   831                   Cuts: 111  5003979         
  18351     2     1069.8743   831                   1101.5953  5003979         
  18353     4     1070.3397   776                   1101.5953  5004541         
  18359     5     1108.3564   725                   1101.5953  5007475         
  18366     8     1092.5903   749                   1101.5953  5016370         
  18371     9     1141.7812   759                   1101.5953  5021742         
  18380     6     1185.2037   696                   1101.5953  5017871         
  18397    14     1074.8438   809                   1101.5953  5070072         
  18433    42     1106.0680   782                   1101.5953  5113082         
Elapsed time = 1161.94 sec. (305773.30 ticks, tree = 0.23 MB, solutions = 0)
  18493    60     1108.7545   729                   1101.5953  5148896         
  18589   119     1103.5176   761                   1101.5953  5222261         
  18667   114     1152.1215   622                   1101.5953  5223686         
  18776   221     1154.3499   684                   1101.5953  5440507         
  18925   237     1198.4064   768                   1101.5953  5466137         
  19187   364     1108.4547   719                   1101.5953  5620817         
  19404   550     1155.2618   593                   1101.5953  5748696         
  19547   616    infeasible                         1101.5953  5810204         
  19729   812    infeasible                         1101.5953  6023145         
  20025   889     1235.5005   563                   1101.5953  6085082         
Elapsed time = 1442.62 sec. (344236.04 ticks, tree = 28.15 MB, solutions = 0)
  20267   901     1195.7667   596                   1101.5953  6100556         
  20541  1248     1119.2010   664                   1101.5953  6288571         
  20826  1403     1202.2070   729                   1101.5953  6418891         
  21116  1628     1186.3487   564                   1101.5953  6547183         
  21418  1681     1290.5813   500                   1101.5953  6569345         
  21686  1980     1287.5423   424                   1101.5953  6741505         
  21872  2244     1160.5877   697                   1101.5953  6933155         
  22012  2332    infeasible                         1101.5953  6991799         
  22162  2511     1160.8997   638                   1107.5350  7137975         
  22366  2544     1170.7870   772                   1107.5350  7231370         
Elapsed time = 1714.85 sec. (382615.24 ticks, tree = 132.16 MB, solutions = 0)
  22697  2769     1139.9916   646                   1107.5399  7546037         
  23081  2657     1313.3339   629                   1107.5399  7428628         
  23399  2786     1153.3329   606                   1111.4178  7556074         
  23731  3174     1157.9906   808                   1112.0674  7766103         
  24030  3676     1180.7943   610                   1113.4683  8022678         
  24377  3854     1190.3949   604                   1113.4683  8163981         
  24680  4260     1160.9211   698                   1114.8909  8419279         
  24971  4486     1160.8522   671                   1116.5153  8579223         
  25205  4457     1179.0260   701                   1118.5400  8557281         
  25383  4607     1129.7609   705                   1119.1765  8722156         
Elapsed time = 1988.36 sec. (420997.69 ticks, tree = 350.59 MB, solutions = 0)
  25569  4893    infeasible                         1119.1765  8948868         
  25822  4904     1202.7625   440                   1119.5059  8941324         
  26037  5034     1214.2317   782                   1119.5059  9103449         
  26327  5225     1308.2758   569                   1119.5988  9303951         
  26604  5339     1204.5380   642                   1119.9515  9386322         
  26847  5467     1198.8645   837                   1120.2446  9528571         
  27058  5513     1192.3765   640                   1121.6186  9595869         
  27228  5928     1142.4264   646                   1121.6186  9953051         
  27387  5921     1138.5506   731                   1121.6186  9920619         
  27579  6037     1696.3416   455                   1121.6186 10121712         
Elapsed time = 2266.67 sec. (459313.07 ticks, tree = 479.02 MB, solutions = 0)
  27864  6158     1229.3415   678                   1123.2423 10285880         
  28121  6332     1291.1649   576                   1123.2423 10491012         
  28403  6184    infeasible                         1123.2423 10364682         
  28742  6619     1163.6314   742                   1125.5513 10687780         
  28983  6467     1408.1591   537                   1125.6342 10584550         
  29290  6666     1219.6443   660                   1125.6940 10758656         
  29533  7068     1221.3128   614                   1125.6940 11042108         
  29720  7154     1169.5296   748                   1131.6102 11118059         
  29903  7326     1146.0570   692                   1131.6102 11227640         
  30085  7623     1180.0843   756                   1131.9452 11584498         
Elapsed time = 2539.58 sec. (497607.52 ticks, tree = 624.54 MB, solutions = 0)
  30331  7641     1378.3416   466                   1133.0031 11624507         
  30594  7680     1306.6944   537                   1133.0031 11659756         
  30927  7983     1189.7589   571                   1133.4355 11895095         
  31278  8089    infeasible                         1133.4355 12045154         
  31539  7972     1196.6682   680                   1133.4355 11931148         
  31855  8385     1253.2461   623                   1135.4972 12197619         
  32205  8497     1726.2153   464                   1135.4972 12251466         
  32486  8937     1299.4704   642                   1136.6130 12629523         
  32754  8860     1168.1712   726                   1136.6130 12595108         
  32993  9168    infeasible                         1136.8989 12848925         
Elapsed time = 2809.83 sec. (535897.03 ticks, tree = 746.40 MB, solutions = 0)
  33172  9566     1226.7975   595                   1137.3646 13190057         
  33368  9373     1153.4916   731                   1137.5992 13020497         
  33673  9660     1196.6419   643                   1137.5992 13323828         
  33961  9845     1158.1773   800                   1138.5323 13507448         
  34223  9741    infeasible                         1138.9738 13415660         
  34531  9906     1593.3625   385                   1139.0309 13533291         
  34802 10000     1186.3511   476                   1139.0309 13616456         
  35061 10642     1330.7867   614                   1139.5531 14084729         
  35373 10783    infeasible                         1140.1641 14202073         
  35659 10967     1261.8122   375                   1141.6744 14394754         
Elapsed time = 3082.70 sec. (574173.67 ticks, tree = 870.13 MB, solutions = 0)
  35913 11100     2268.7212   431                   1141.6892 14487160         
  36249 11238     1193.8320   589                   1141.6892 14596818         
  36535 11391     1200.9019   696                   1141.6892 14745411         
  36752 11365     1341.5059   657                   1142.7996 14727403         
  36957 11776     1192.4735   757                   1143.3154 15081286         
  37146 11801     1201.6162   699                   1143.3154 15115261         
  37374 12079     1183.2703   727                   1143.5840 15417813         
  37636 12024     1684.6993   456                   1143.5840 15352832         
  37884 12147     1329.7629   495                   1143.8094 15470033         
  38178 12190     1210.2651   663                   1143.8094 15510797         
Elapsed time = 3356.81 sec. (612467.35 ticks, tree = 1007.58 MB, solutions = 0)
  38518 12195     1210.5724   673                   1144.6436 15528968         
  38791 12495     1160.2570   780                   1145.0520 15830510         
  39092 12689     1214.2554   701                   1145.0900 15972253         
  39404 12740     1149.9899   703                   1145.3882 15998702         
  39684 13244     1268.2604   723                   1145.5376 16344609         
  39969 13480     1829.0852   343                   1146.0576 16530368         
  40282 13488     1257.2349   735                   1146.5365 16564690         
  40517 13491     1200.0254   615                   1146.7938 16612315         
  40711 13666     2297.1293   420                   1147.0404 16743289         
  40921 14181     1199.3789   564                   1147.0989 17167606         
Elapsed time = 3630.78 sec. (650720.88 ticks, tree = 1163.06 MB, solutions = 0)
  41088 14222    infeasible                         1147.0989 17202305         
  41301 14364     1208.0508   546                   1147.0989 17500519         
  41517 14362    infeasible                         1149.0960 17494655         
  41698 14349    infeasible                         1149.0960 17461895         
  41974 14662     1478.7151   419                   1149.0960 17852304         
  42274 14506     1751.7976   398                   1149.1739 17714223         
  42579 14769     1162.2980   769                   1149.4056 18014604         
  42818 15123     1163.2226   769                   1149.4573 18242849         
  43139 14889     1210.3810   718                   1149.4573 18135829         
  43386 15309     1194.6511   714                   1149.4573 18392653         
Elapsed time = 3898.22 sec. (689044.90 ticks, tree = 1277.57 MB, solutions = 0)
  43674 15575     1210.9313   703                   1150.4463 18708258         
  43938 15640     1177.8860   707                   1150.5889 18785525         
  44184 15944     1172.5412   710                   1150.9452 19019772         
  44426 15672     1252.6213   588                   1151.3749 18791659         
  44637 16365    infeasible                         1151.5805 19340671         
  44830 15983     1721.6107   416                   1151.6993 19077819         
  45008 16330     1169.1756   746                   1152.1640 19300049         
  45160 16579     1243.8616   651                   1152.1640 19584163         
  45323 16624     1241.8947   646                   1152.1640 19833139         
  45531 16619    infeasible                         1152.2848 19852237         
Elapsed time = 4176.41 sec. (727371.92 ticks, tree = 1358.76 MB, solutions = 0)
  45816 16619     1165.3758   694                   1152.2848 19770012         
  46129 16748    infeasible                         1153.6240 20080490         
  46407 16741     1283.4195   695                   1153.8087 20049457         
  46719 16900     1173.4486   608                   1154.3256 20244817         
  47021 17122     1239.0358   658                   1154.3513 20471411         
  47316 17339     1213.8488   544                   1154.4096 20670933         
  47563 17631     1170.6579   738                   1154.4096 20861574         
  47789 17343     1265.7735   771                   1154.4096 20680872         
  47947 17732     1161.6586   720                   1155.1148 20985297         
  48115 18014     2816.4005   443                   1155.8073 21211930         
Elapsed time = 4452.13 sec. (765763.78 ticks, tree = 1481.91 MB, solutions = 0)
  48307 17933     1219.8051   547                   1155.8073 21149254         
  48510 18157     1343.1344   461                   1155.8489 21550091         
  48689 18187    infeasible                         1155.8489 21727090         
  48915 18332     1234.2814   601                   1155.8489 21901599         
  49139 18264     1165.6637   742                   1156.2527 21831780         
  49379 18275    infeasible                         1156.2527 21876560         
  49666 18340     1915.1327   449                   1157.1902 21891555         
  50004 18582    infeasible                         1158.4307 22233772         
  50321 18755     1303.4837   491                   1158.5043 22432151         
  50614 18655     1183.4941   623                   1158.5852 22280091         
Elapsed time = 4726.09 sec. (804111.46 ticks, tree = 1533.16 MB, solutions = 0)
  50918 19047     1160.8777   662                   1158.5913 22678535         
  51203 19164     1232.8929   691                   1158.5913 22719489         
  51476 19404    infeasible                         1158.5913 22879071         
  51715 19498     1292.5537   712                   1158.9637 22970738         
  51961 19883     1369.7661   657                   1159.8559 23387871         
  52238 19608     1245.7401   683                   1160.0350 23103057         
  52513 19667     1210.3585   579                   1160.0520 23198761         
  52693 20256     1232.4984   574                   1160.2361 23762233         
  52852 20296     1161.8889   707                   1160.3675 23783832         
  53023 20431    infeasible                         1160.3675 23994793         
Elapsed time = 4998.44 sec. (842443.41 ticks, tree = 1716.06 MB, solutions = 0)
  53185 20370    infeasible                         1160.3675 23889406         
  53362 20562     1277.1276   681                   1160.3675 24310874         
  53549 20471     1301.3339   687                   1160.3675 24057808         
  53779 20612    infeasible                         1160.3675 24436966         
  54072 20626    infeasible                         1160.3675 24470059         
  54322 20685     1275.2226   640                   1160.3675 24580775         
  54669 20728     1308.2452   675                   1161.8889 24677274         
  55013 20904     1463.6799   516                   1161.8889 24931437         
  55308 20865     1169.1265   717                   1161.8889 24850382         
  55614 21422     1766.3659   497                   1161.8889 25292005         
Elapsed time = 5272.16 sec. (880681.94 ticks, tree = 1805.87 MB, solutions = 0)
  55914 21579    infeasible                         1162.4179 25452383         
  56250 21746    infeasible                         1163.0463 25591306         
  56582 21988     1261.8904   752                   1163.0463 25796393         
  56869 22010     1213.0417   669                   1163.0917 25820776         
  57112 22398     1178.7970   681                   1163.4604 26030272         
  57363 22229     1174.6767   750                   1163.4604 25975136         
  57527 22225    infeasible                         1163.4604 25962372         
  57692 22224    infeasible                         1163.4604 25966652         
  57834 22896    infeasible                         1163.4604 26629918         
  57985 22979     1270.9305   735                   1164.7166 26805369         
Elapsed time = 5539.37 sec. (919081.73 ticks, tree = 1953.06 MB, solutions = 0)
  58185 23036     1285.1401   723                   1164.7166 26950652         
  58441 23036     1172.2443   601                   1164.7166 26887966         
  58638 23019     1193.7569   580                   1165.1216 27041345         
  58913 23066     1219.7189   634                   1165.1216 27216222         
  59181 23030    infeasible                         1165.1216 27085043         
  59457 23070    infeasible                         1165.7991 27250069         
  59749 23209     1478.1612   486                   1165.8437 27377811         
  59998 23250     1316.1766   606                   1166.0340 27442683         
  60260 23436     1183.5207   684                   1166.1185 27699108         
  60495 23464     1236.0033   521                   1166.1185 27703650         
Elapsed time = 5813.20 sec. (957545.87 ticks, tree = 2001.26 MB, solutions = 0)
  60701 23760     1251.1227   669                   1166.1185 28076511         
  60924 23761     1368.9829   661                   1166.1185 28079828         
  61117 24193     1359.1056   627                   1167.1915 28545587         
  61279 24037    infeasible                         1167.3893 28392467         
  61438 24333     1931.2695   487                   1167.5809 28846269         
  61612 24299     1889.1004   518                   1167.6531 28800597         
  61761 24229    infeasible                         1167.8570 28618892         
  61946 24328     1179.3383   687                   1168.2695 28995035         
  62110 24265    infeasible                         1168.4716 28786308         
  62305 24336     1365.1622   446                   1168.7557 28926933         
Elapsed time = 6090.76 sec. (995920.07 ticks, tree = 2100.59 MB, solutions = 0)
Nodefile size = 49.50 MB (35.15 MB after compression)
  62506 24318     1195.0956   759                   1168.8120 29275327         
  62740 24394     1261.5850   520                   1168.8733 29402975         
  62980 24403     1361.6714   510                   1168.8733 29407780         
  63231 24401    infeasible                         1168.8733 29479470         
  63538 24407    infeasible                         1168.8733 29485388         
  63797 24615    infeasible                         1168.9182 29939744         
  64095 24591     1226.2362   572                   1169.7019 29818563         
  64368 25184     2251.7377   452                   1169.8857 30434476         
  64648 24624     1276.2025   664                   1169.9917 29953346         
  64895 25280     1269.8830   646                   1170.0984 30553653         
Elapsed time = 6362.95 sec. (1034262.58 ticks, tree = 2163.17 MB, solutions = 0)
Nodefile size = 110.92 MB (78.26 MB after compression)
  65135 25089     1254.3237   586                   1170.1812 30331400         
  65397 25731     1293.0795   624                   1170.4086 31025067         
  65651 25422     1230.4619   556                   1170.6196 30708533         
  65869 25580     1386.0735   598                   1170.9302 30850729         
  66118 25798     1461.4882   530                   1171.0468 31158938         
  66345 25775    infeasible                         1171.1114 31136990         
  66533 25951     1294.0142   648                   1171.4653 31361886         
  66710 26205     1783.0386   406                   1171.5707 31647063         
  66879 26414     1188.7437   661                   1171.6843 31936981         
  67055 26470     1256.6386   558                   1172.0534 32006010         
Elapsed time = 6634.17 sec. (1072639.58 ticks, tree = 2296.59 MB, solutions = 0)
Nodefile size = 244.51 MB (172.49 MB after compression)
  67229 26452    infeasible                         1172.0842 31994984         
  67383 26457     1671.6176   358                   1172.1495 32283680         
  67569 26580     1305.4776   631                   1172.3282 32532843         
  67781 26472     1219.4537   721                   1172.5625 32101469         
  68037 26660    infeasible                         1172.7606 32831575         
  68242 26539     1196.4265   603                   1172.7606 32380242         
  68496 26616     1406.2392   545                   1172.8420 32570000         
  68779 26570    infeasible                         1172.8420 32522228         
  69096 26790     1210.2817   610                   1172.8420 32986070         
  69371 27102     1250.6758   635                   1172.8420 33440105         
Elapsed time = 6903.97 sec. (1111019.55 ticks, tree = 2309.15 MB, solutions = 0)
Nodefile size = 256.79 MB (181.29 MB after compression)
  69636 27284     1222.6350   509                   1173.0751 33672777         
  69878 26867     1235.9100   619                   1173.6107 33202425         
  70125 27110     1418.7526   573                   1173.8075 33454303         
  70379 27563     1952.8207   414                   1173.8075 33891536         
  70617 27504     1555.7233   498                   1173.8442 33839313         
  70880 27583     1267.8896   695                   1173.8442 33901798         
  71084 27624     1700.8102   390                   1173.8442 33978151         
  71297 27630     1555.1456   414                   1173.8442 34010630         
  71475 27737     1268.3530   596                   1175.0143 34191197         
  71665 27985     1277.8535   557                   1175.3275 34492845         
Elapsed time = 7182.10 sec. (1149396.61 ticks, tree = 2405.71 MB, solutions = 0)
Nodefile size = 352.49 MB (248.42 MB after compression)
  71860 28072     1210.3452   657                   1175.3275 34594794         
  72026 28427     2465.4655   441                   1175.3275 35136222         
  72223 28155     2367.7141   451                   1175.4243 34656237         
  72423 28474     1764.5134   427                   1175.4243 35214291         
  72615 28479    infeasible                         1175.4243 35216066         
  72850 28560     1328.6842   562                   1175.4243 35374827         
  73185 28459     1394.6516   448                   1175.6809 35185994         
  73415 28537     1289.8990   581                   1175.6809 35634098         
  73676 28551     1460.3855   539                   1175.6809 35657822         
  73951 28577     1238.0370   758                   1176.8816 35513874         
Elapsed time = 7450.46 sec. (1187708.75 ticks, tree = 2478.75 MB, solutions = 0)
Nodefile size = 420.61 MB (296.68 MB after compression)
  74154 28577     1186.0243   738                   1176.9343 35729242         
  74433 29186     1200.6643   700                   1177.1617 36375389         
  74659 28774    infeasible                         1177.4296 36002634         
  74897 29448     1266.3256   747                   1177.4896 36666883         
  75156 28984    infeasible                         1177.5448 36202842         
  75405 29218     1477.7219   506                   1177.8187 36452609         
  75724 29608     1237.5593   639                   1177.9760 36842570         
  76038 29317     1388.5011   537                   1178.1996 36573154         
  76282 30171     1213.9010   716                   1178.2488 37584069         
  76507 29544     1352.8779   608                   1178.5248 36827895         
Elapsed time = 7723.87 sec. (1226026.00 ticks, tree = 2533.03 MB, solutions = 0)
Nodefile size = 484.91 MB (341.94 MB after compression)
  76696 29700    infeasible                         1178.6413 37027975         
  76894 30165     1412.0305   531                   1178.8272 37595914         
  77072 30724     2416.5889   459                   1178.9033 38041823         
  77257 30728     1228.4311   582                   1179.0610 38093780         
  77436 30682    infeasible                         1179.1493 38025711         
  77602 30744    infeasible                         1179.4293 38160402         
  77805 30856     1228.0477   691                   1179.5381 38456014         
  78013 30601    infeasible                         1179.5830 38006054         
  78198 30890     2261.0952   427                   1179.8541 38521957         
  78414 30896     1659.4616   544                   1180.0600 38590506         
Elapsed time = 7989.25 sec. (1264310.25 ticks, tree = 2607.42 MB, solutions = 0)
Nodefile size = 552.22 MB (388.84 MB after compression)
  78636 30830    infeasible                         1180.2411 38411467         
  78849 31150     1262.9963   757                   1180.5599 39101799         
  79106 31162     1233.8211   705                   1180.5907 39129674         
  79381 31215     1762.4644   394                   1180.7302 39194469         
  79670 31297     1608.2372   466                   1180.8317 39343792         
  79895 31268    infeasible                         1181.0728 39287420         
  80157 31087     1227.8311   444                   1181.2353 39041933         
  80393 31646     1192.2399   753                   1181.3516 39777101         
  80625 31786     1502.5972   578                   1181.5287 40085906         
  80898 31710     1293.9768   503                   1181.7316 39880050         
Elapsed time = 8261.59 sec. (1302641.91 ticks, tree = 2705.43 MB, solutions = 0)
Nodefile size = 653.03 MB (460.29 MB after compression)
  81140 31858    infeasible                         1181.9367 40124055         
  81368 31974     1313.6663   688                   1182.0265 40298014         
  81571 31757     1258.4162   595                   1182.2717 39955830         
  81767 32361     1226.8581   688                   1182.4373 40755763         
  81982 32187     1244.9168   735                   1182.5424 40492338         
  82212 32167     1266.8548   584                   1182.6321 40437827         
  82442 32419     1197.7337   662                   1182.7758 40828394         
  82643 32522    infeasible                         1182.9379 40950883         
  82805 32655     1403.9891   563                   1182.9584 41263251         
  82952 32531     1347.8736   468                   1182.9584 41024231         
Elapsed time = 8529.78 sec. (1341004.90 ticks, tree = 2754.90 MB, solutions = 0)
Nodefile size = 705.53 MB (497.56 MB after compression)
  83123 32948     1266.4922   690                   1183.2576 41667515         
  83298 32720     1323.7620   556                   1183.2576 41428200         
  83459 33023    infeasible                         1183.2576 42078492         
  83615 33043    infeasible                         1183.2576 41927591         
  83788 33037     1250.2484   604                   1183.2576 41816878         
  83953 32993    infeasible                         1184.1803 42306440         
  84131 33037     1526.4838   468                   1184.2050 42195297         
  84307 33026     1227.4069   685                   1184.2050 42534420         
  84489 33086     2996.3117   438                   1184.2050 42625363         
  84668 33018     1383.4414   548                   1184.2050 42338476         
Elapsed time = 8808.62 sec. (1379505.38 ticks, tree = 2746.74 MB, solutions = 0)
Nodefile size = 705.53 MB (497.56 MB after compression)
  84848 33138    infeasible                         1184.2252 43041241         
  85075 33002     1300.9021   624                   1184.2252 42577265         
  85282 33283     1243.3309   541                   1185.2574 43256733         
  85485 33257     1240.6178   538                   1185.4386 43361051         
  85732 33293    infeasible                         1185.4470 43604222         
  85948 33298     1194.5744   698                   1185.4470 43388521         
  86234 33245    infeasible                         1185.4470 43159146         
  86502 33309     1206.7753   751                   1185.4470 43708736         
  86776 33343     1249.9599   562                   1185.6795 43869650         
  86998 33312     1338.3184   582                   1186.1477 43817692         
Elapsed time = 9076.14 sec. (1418054.34 ticks, tree = 2790.06 MB, solutions = 0)
Nodefile size = 737.78 MB (520.21 MB after compression)
  87226 33275     1587.8270   470                   1186.3488 43537672         
  87447 33923     1279.0593   656                   1186.4588 44540999         
  87680 33891     1217.8972   712                   1186.5719 44446671         
  87956 33326     1426.5117   585                   1186.6795 43836174         
  88235 33490    infeasible                         1186.8780 44000342         
  88568 33744    infeasible                         1186.9995 44228321         
  88831 34234     1362.6801   721                   1187.2173 44825252         
  89075 34006     1231.2110   569                   1187.4074 44537447         
  89301 34319     1713.7366   444                   1187.5994 45100809         
  89505 34294     1386.1884   507                   1187.7794 45007229         
Elapsed time = 9345.49 sec. (1456382.17 ticks, tree = 2829.76 MB, solutions = 0)
Nodefile size = 776.63 MB (547.89 MB after compression)
  89695 34450     1777.3231   462                   1187.8811 45268687         
  89867 34885     1531.7653   518                   1188.0703 45756691         
  90037 35219     1422.2737   570                   1188.1884 46200651         
  90206 35128     1193.7777   721                   1188.3603 46138904         
  90372 34892    infeasible                         1188.6279 45804239         
  90560 34905     1199.9687   700                   1188.7005 45873316         
  90758 35306    infeasible                         1188.9343 46345358         
  90917 35295    infeasible                         1189.0715 46405857         
  91081 35266     1241.7340   606                   1189.1850 46669667         
  91241 35321     1777.1708   433                   1189.2351 46508875         
Elapsed time = 9620.49 sec. (1494690.75 ticks, tree = 2882.55 MB, solutions = 0)
Nodefile size = 829.60 MB (584.20 MB after compression)
  91405 35310     1431.1302   589                   1189.3456 46437033         
  91580 35352     1309.3991   636                   1189.5977 47192411         
  91773 35372     1240.4498   664                   1189.6996 47292084         
  92009 35422     1726.9558   443                   1189.7960 47466737         
  92234 35402     1281.6502   638                   1189.9253 47582946         
  92462 35385     1887.6327   504                   1189.9354 47566304         
  92701 35363    infeasible                         1190.0331 47238532         
  92967 35396     2565.2027   401                   1190.1696 47268953         
  93229 35429     1324.0965   609                   1190.1920 47489166         
  93462 35414     1257.5030   729                   1190.4009 47422496         
Elapsed time = 9894.01 sec. (1533064.95 ticks, tree = 2905.17 MB, solutions = 0)
Nodefile size = 852.35 MB (600.51 MB after compression)
  93682 35493     1263.4715   595                   1190.5911 48130143         
  93952 35835     1597.0558   412                   1190.6419 48485967         
  94194 35425    infeasible                         1190.7711 47802518         
  94407 35382     1261.2875   685                   1190.8447 47891161         
  94623 36088     1305.7952   605                   1190.8447 48820062         
  94820 35839    infeasible                         1190.8447 48541641         
  95016 36295     1365.4724   624                   1191.2914 49194683         
  95224 36132     1225.3419   585                   1191.2914 48899448         
  95412 36206     1232.9141   622                   1191.2914 49044299         
  95593 36474     1196.3660   737                   1191.7367 49498131         
Elapsed time = 10162.46 sec. (1571412.24 ticks, tree = 2947.03 MB, solutions = 0)
Nodefile size = 906.33 MB (639.03 MB after compression)
  95758 36261     1370.0937   715                   1191.8456 49123771         
  95923 36600     1199.2861   788                   1191.9418 49735437         
  96115 36710    infeasible                         1191.9905 49891369         
  96294 36286    infeasible                         1192.1522 49217832         
  96451 36843     1883.8602   491                   1192.1522 50136265         
  96630 36852     1214.8431   708                   1192.4325 50083394         
  96794 36877     1342.5178   705                   1192.7274 50224232         
  96967 36965     1745.1466   432                   1192.8504 50715469         
  97130 36885     1318.8907   697                   1192.9732 50455770         
  97278 36880     1358.1370   615                   1192.9921 50432633         
Elapsed time = 10410.00 sec. (1609784.62 ticks, tree = 2938.47 MB, solutions = 0)
Nodefile size = 906.33 MB (639.03 MB after compression)
  97435 36923    infeasible                         1193.1694 50791560         
  97598 36879     1276.5008   713                   1193.2783 50378188         
  97777 36960     1728.0553   456                   1193.3079 50659399         
  97944 36926     1968.1260   413                   1193.5417 51248461         
  98140 36917    infeasible                         1193.6957 51334908         
  98329 36933    infeasible                         1193.9294 51436235         
  98501 36958     1267.5027   519                   1194.1867 51526258         
  98698 37001     1253.8921   601                   1194.2427 51557810         
  98915 36939     1212.1834   644                   1194.3812 51954272         
  99174 36943     1315.5360   618                   1194.4066 51879947         
Elapsed time = 10661.82 sec. (1648107.45 ticks, tree = 2962.53 MB, solutions = 0)
Nodefile size = 915.68 MB (645.59 MB after compression)
  99413 36961     1250.2708   539                   1194.5801 52049695         
  99641 36979    infeasible                         1194.7749 51464960         
  99892 37071    infeasible                         1194.9843 52526646         
 100120 36975     1288.8581   611                   1195.2054 52064471         
 100372 37044    infeasible                         1195.3671 52496285         
 100617 37133     1236.9130   540                   1195.4613 52576630         
 100867 37284     1353.8897   569                   1195.5449 52935724         
 101063 37436     2143.5724   423                   1195.6945 53056091         
 101313 37428     1306.8395   619                   1195.7565 53134599         
 101503 37509     1222.7309   577                   1195.9661 53179626         
Elapsed time = 10916.22 sec. (1686438.83 ticks, tree = 3011.72 MB, solutions = 0)
Nodefile size = 958.65 MB (675.67 MB after compression)
 101703 37147     1313.6504   588                   1196.0721 52640601         
 101898 37389    infeasible                         1196.2835 53035682         
 102088 37683     1840.7658   498                   1196.5003 53477959         
 102229 38009     1245.2671   700                   1196.5874 54225794         
 102401 37792     1204.3960   675                   1196.7737 53774694         
 102554 37795    infeasible                         1196.7737 53604500         
 102683 37806    infeasible                         1196.8914 53739669         
 102846 38283     1620.7674   510                   1197.0235 54546529         
 103026 38301     1381.3210   647                   1197.1437 54764960         
 103217 38180     1663.7084   534                   1197.3678 54402942         
Elapsed time = 11156.26 sec. (1724760.67 ticks, tree = 3003.79 MB, solutions = 0)
Nodefile size = 959.09 MB (675.83 MB after compression)
 103391 37998     1366.2580   601                   1197.5399 54251551         
 103570 38283     2090.8456   401                   1197.7179 54591528         
 103727 38248    infeasible                         1197.8225 54697077         
 103899 38317     1236.7943   624                   1197.8974 54780626         
 104069 38333     1272.5975   665                   1198.1236 55240098         
 104249 38315    infeasible                         1198.3712 55217114         
 104455 38313     1393.6475   661                   1198.6121 55367415         
 104660 38472     1266.4904   695                   1198.6690 55672263         
 104904 38504     1636.6451   554                   1198.9480 55706442         
 105132 38523     1396.2727   563                   1199.0883 55625253         
Elapsed time = 11403.39 sec. (1763084.77 ticks, tree = 3022.78 MB, solutions = 0)
Nodefile size = 961.82 MB (677.79 MB after compression)
 105336 38370     2310.3317   421                   1199.2446 55404056         
 105608 38467     1581.1622   547                   1199.3672 55605829         
 105828 38509     1240.2699   673                   1199.4446 55914903         
 106067 38570     1257.1770   661                   1199.4746 55731547         
 106347 38757     1279.8517   654                   1199.4746 56580190         
 106645 38548     1308.0937   623                   1199.4746 56217182         
 106937 38545     1370.2522   585                   1199.4746 55871470         
 107225 38968    infeasible                         1199.4746 56764319         
 107500 39045     1859.1515   493                   1199.4746 56811637         
 107743 39450     1447.2021   562                   1199.4746 57319483         
Elapsed time = 11649.77 sec. (1801474.65 ticks, tree = 3138.41 MB, solutions = 0)
Nodefile size = 1084.60 MB (764.25 MB after compression)
 107953 39389     1634.5067   527                   1199.4746 57244586         
 108180 38735    infeasible                         1199.4746 56505710         
 108439 39432     1422.2352   464                   1200.5952 57297109         
 108713 39749     1221.1978   661                   1200.7484 57921761         
 108952 39651     1485.6905   488                   1200.8977 57799625         
 109188 39350     1807.1832   528                   1200.9676 57184779         
 109406 39783    infeasible                         1201.1763 57937395         
 109543 39724     1244.7269   721                   1201.3303 58018663         
 109717 39817    infeasible                         1201.4016 58153625         
 109854 40297    infeasible                         1201.4016 58843129         
Elapsed time = 11904.63 sec. (1839860.14 ticks, tree = 3207.29 MB, solutions = 0)
Nodefile size = 1159.79 MB (817.79 MB after compression)
 109996 39689     1661.1040   480                   1201.6062 57913619         
 110163 39777     1306.4934   666                   1201.7363 58074800         
 110320 40241    infeasible                         1201.7938 58676989         
 110482 40361     1313.2397   629                   1201.9482 58987806         
 110626 40361     1408.0825   652                   1202.0847 59089627         
 110772 40239    infeasible                         1202.3447 58686566         
 110902 40500     1431.3385   685                   1202.4906 59269699         
 111045 40424     1682.8610   519                   1202.7024 59230770         
 111236 40484     1220.7778   613                   1202.7024 59618387         
 111411 40478     1747.3634   363                   1202.8524 59726691         
Elapsed time = 12149.17 sec. (1878193.48 ticks, tree = 3195.74 MB, solutions = 0)
Nodefile size = 1159.79 MB (817.79 MB after compression)
 111569 40475     1236.0206   748                   1203.0144 59807290         
 111731 40416     1310.1454   711                   1203.1264 60190933         
 111867 40449    infeasible                         1203.3059 59985951         
 112012 40439     1289.3753   650                   1203.4067 60055860         
 112187 40427     1316.4476   645                   1203.6595 60368624         
 112347 40348     1328.8704   552                   1203.8103 60884954         
 112524 40384     1281.5695   696                   1203.9253 60555688         
 112674 40389    infeasible                         1203.9713 60346806         
 112845 40295    infeasible                         1204.0882 61154923         
 112990 40346     2305.3107   449                   1204.2066 60733691         
Elapsed time = 12395.44 sec. (1916532.05 ticks, tree = 3171.57 MB, solutions = 0)
Nodefile size = 1159.79 MB (817.79 MB after compression)
 113151 40290    infeasible                         1204.2674 61334677         
 113322 40400     1425.3918   565                   1204.2845 60571771         
 113515 40278     1546.2516   470                   1204.4439 61139713         
 113682 40317     1508.9079   491                   1204.4797 60820376         
 113848 40270     1246.9693   713                   1204.7738 61217759         
 114007 40274    infeasible                         1204.9296 61829453         
 114169 40265    infeasible                         1205.0424 61494664         
 114328 40265     1354.0303   447                   1205.1870 61400346         
 114469 40235    infeasible                         1205.2253 61436773         
 114621 40191     1236.8723   732                   1205.2253 62328747         
Elapsed time = 12638.80 sec. (1954897.07 ticks, tree = 3177.58 MB, solutions = 0)
Nodefile size = 1159.79 MB (817.79 MB after compression)
 114752 40282    infeasible                         1205.5153 61603851         
 114920 40218     2192.7515   379                   1205.7789 62134269         
 115064 39981     1209.7446   630                   1205.9043 62798602         
 115200 40016     1485.8352   506                   1205.9043 62704619         
 115363 39940     1246.9076   565                   1206.1156 63182453         
 115513 40220     1555.1993   441                   1206.2973 62217655         
 115647 39958     1501.0765   462                   1206.3371 62968816         
 115791 39926    infeasible                         1206.5367 63304610         
 115939 39930    infeasible                         1206.6844 63377924         
 116068 39958    infeasible                         1206.7261 63236469         
Elapsed time = 12884.42 sec. (1993244.61 ticks, tree = 3149.23 MB, solutions = 0)
Nodefile size = 1159.79 MB (817.79 MB after compression)
 116226 39980     1400.2479   615                   1206.9561 62899380         
 116387 39888     1731.1554   468                   1206.9561 63827318         
 116549 39950    infeasible                         1207.3863 63602211         
 116697 39950    infeasible                         1207.3863 63107498         
 116853 39918     1311.6131   693                   1207.5881 63333232         
 117009 39788     1214.7284   495                   1207.8249 64298230         
 117176 39800    infeasible                         1207.9716 64078058         
 117347 39680    infeasible                         1208.0686 64667061         
 117530 39908     1986.9702   493                   1208.1894 63740891         
 117718 39882    infeasible                         1208.4666 63855011         
Elapsed time = 13134.10 sec. (2031706.86 ticks, tree = 3133.33 MB, solutions = 0)
Nodefile size = 1159.79 MB (817.79 MB after compression)
 117899 39828     2145.5495   470                   1208.5990 64167108         
 118069 39669     1666.6517   513                   1208.9234 64762121         
 118218 39574     1402.1405   596                   1209.0071 64888987         
 118362 39576     1542.3350   522                   1209.0666 64892897         
 118527 39678     1336.7089   480                   1209.3237 64731101         
 118703 39620     1279.3028   535                   1209.4799 64856281         
 118902 39509    infeasible                         1209.7872 65936137         
 119088 39585     1372.7647   530                   1209.8761 65815968         
 119319 39495     1231.3228   644                   1210.0738 66097173         
 119582 39603     1733.9431   452                   1210.1443 65827196         
Elapsed time = 13388.06 sec. (2069968.71 ticks, tree = 3104.11 MB, solutions = 0)
Nodefile size = 1159.79 MB (817.79 MB after compression)
 119804 39571    infeasible                         1210.3723 65679634         
 120014 39425     1514.8024   611                   1210.6444 66409999         
 120232 39481     1486.0756   626                   1210.8316 66640872         
 120486 39498     1712.9928   447                   1210.9525 66268411         
 120732 39447     1466.2077   665                   1211.1018 66605758         
 120990 39506     1513.2964   544                   1211.1795 66741587         
 121281 39466     1365.9582   468                   1211.4195 66824508         
 121492 39678    infeasible                         1211.5938 67219621         
 121699 39681    infeasible                         1211.8502 67222945         
 121942 39486    infeasible                         1211.9485 66518865         
Elapsed time = 13627.83 sec. (2108220.30 ticks, tree = 3101.69 MB, solutions = 0)
Nodefile size = 1159.79 MB (817.79 MB after compression)
 122158 39468     1257.4504   566                   1212.3078 66636118         
 122349 39500    infeasible                         1212.3852 66564914         
 122513 39956     1218.7993   733                   1212.6885 67932840         
 122710 39462    infeasible                         1212.9900 66860878         
 122879 39578     1508.5107   567                   1212.9900 66960975         
 123085 39609     1266.4156   650                   1213.3103 67013442         
 123266 39718    infeasible                         1213.4199 67453903         
 123422 39761     1361.0861   536                   1213.5414 67504949         
 123578 40308    infeasible                         1214.0820 68996672         
 123713 39865     1266.6274   660                   1214.3120 67708937         
Elapsed time = 13879.77 sec. (2146605.90 ticks, tree = 3150.87 MB, solutions = 0)
Nodefile size = 1159.79 MB (817.79 MB after compression)
 123864 40263    infeasible                         1214.3832 68771151         
 124015 40266     1444.1257   597                   1214.6790 68681180         
 124166 40319     1331.4116   687                   1214.8020 68971998         
 124311 40153     1713.3324   476                   1215.2219 68486067         
 124485 40153     1756.3640   497                   1215.3709 69495505         
 124667 40312    infeasible                         1215.3709 68877046         
 124837 40101     1370.8143   622                   1215.7037 69789088         
 124990 40259     1359.8962   663                   1215.8961 69104859         
 125145 40335    infeasible                         1216.0338 68954440         
 125297 40012     1362.3255   715                   1216.3544 70260921         
Elapsed time = 14136.11 sec. (2184980.51 ticks, tree = 3170.52 MB, solutions = 0)
Nodefile size = 1160.75 MB (818.48 MB after compression)
 125453 40116     1372.7301   599                   1216.4407 69836309         
 125601 40099    infeasible                         1216.5905 69770426         
 125734 40018     1718.1885   488                   1216.8621 70479222         
 125885 39973    infeasible                         1217.1855 70683104         
 126036 39936     1223.0623   646                   1217.2901 70769858         
 126212 40008    infeasible                         1217.5528 70199453         
 126371 39887    infeasible                         1217.5528 71103583         
 126548 39957    infeasible                         1217.8448 70738408         
 126717 39983     1757.7136   567                   1217.9360 70701908         
 126903 40042     2158.4080   387                   1218.0725 70253901         
Elapsed time = 14381.79 sec. (2223421.46 ticks, tree = 3174.41 MB, solutions = 0)
Nodefile size = 1160.75 MB (818.48 MB after compression)
 127067 39937     1320.4783   676                   1218.3089 70795184         
 127219 39773     1261.7056   531                   1218.6691 71799952         
 127380 39915    infeasible                         1218.7302 71435301         
 127566 39780     1451.7048   485                   1218.9065 71763440         
 127753 39868     1344.9909   661                   1219.0851 71645500         
 127929 39963     1391.0537   563                   1219.3661 71319895         
 128093 39823     1452.8209   661                   1219.5863 71693125         
 128257 39740    infeasible                         1219.7011 71935460         
 128413 39697    infeasible                         1219.9115 72220939         
 128574 39858    infeasible                         1220.0646 71664355         
Elapsed time = 14629.04 sec. (2261714.75 ticks, tree = 3144.74 MB, solutions = 0)
Nodefile size = 1160.75 MB (818.48 MB after compression)
 128736 39689    infeasible                         1220.2787 72030079         
 128921 39698     1229.2998   607                   1220.3440 72307220         
 129092 39485     1553.4373   536                   1220.7321 72949979         
 129248 39703    infeasible                         1220.8130 72110470         
 129405 39491    infeasible                         1220.8130 73068311         
 129581 39695    infeasible                         1220.9355 72118472         
 129754 39687    infeasible                         1221.1564 72408637         
 129917 39676     1542.2142   556                   1221.1953 72474410         
 130094 39381     1499.9447   419                   1221.4006 73410480         
 130281 39297    infeasible                         1221.4713 73756506         
Elapsed time = 14880.53 sec. (2300261.54 ticks, tree = 3118.48 MB, solutions = 0)
Nodefile size = 1160.75 MB (818.48 MB after compression)
 130434 39238     1313.7230   552                   1221.5473 73878558         
 130606 39321    infeasible                         1221.7131 73556487         
 130751 39514     1771.0007   493                   1221.9042 72949940         
 130905 39290     1242.7191   627                   1222.0336 73771940         
 131061 39186    infeasible                         1222.2572 74101251         
 131228 39214     2253.0872   487                   1222.3771 74384280         
 131368 39322    infeasible                         1222.4809 73617384         
 131537 39370    infeasible                         1222.6740 73484086         
 131691 39130     1370.6801   623                   1222.6740 74638198         
 131861 39175    infeasible                         1223.1632 74123656         
Elapsed time = 15121.85 sec. (2338681.31 ticks, tree = 3111.06 MB, solutions = 0)
Nodefile size = 1160.75 MB (818.48 MB after compression)
 132035 39184     1285.3125   709                   1223.2886 74011835         
 132201 39054     1354.3025   671                   1223.4253 75090216         
 132358 39132    infeasible                         1223.4520 74652079         
 132503 39184    infeasible                         1223.4520 74259075         
 132688 38948     1473.9093   553                   1223.8895 75448091         
 132870 39217    infeasible                         1224.3310 74504036         
 133095 39015     1249.8930   605                   1224.4598 75196798         
 133302 39009     1423.5682   549                   1224.5128 75285501         
 133508 38754    infeasible                         1224.6757 76015343         
 133709 38835     1291.5972   709                   1224.8787 75841826         
Elapsed time = 15378.70 sec. (2377186.42 ticks, tree = 3064.57 MB, solutions = 0)
Nodefile size = 1160.75 MB (818.48 MB after compression)
 133866 38875    infeasible                         1225.2187 75670222         
 134079 39019     2284.6007   484                   1225.5162 75300713         
 134237 38682    infeasible                         1225.6677 76468553         
 134408 38818     1432.3406   621                   1225.8677 75814652         
 134621 39020     2171.5059   409                   1225.9606 75549568         
 134826 38894     1359.8636   637                   1226.3201 75776023         
 134986 38728     2172.6896   473                   1226.5245 77006672         
 135181 38637    infeasible                         1226.8376 76281635         
 135355 38632    infeasible                         1227.1201 76284689         
 135521 38685     1979.6118   467                   1227.3818 76791653         
Elapsed time = 15620.88 sec. (2415490.60 ticks, tree = 3027.03 MB, solutions = 0)
Nodefile size = 1160.75 MB (818.48 MB after compression)
 135700 38823     1327.6140   660                   1227.5201 77286178         
 135901 38671    infeasible                         1227.6379 76750905         
 136088 38604    infeasible                         1228.0677 77883507         
 136265 38788     2877.0452   433                   1228.3033 77394942         
 136463 38803     1405.5601   678                   1228.4084 77300848         
 136649 38734     1412.9691   614                   1228.7319 77493420         
 136820 38479    infeasible                         1228.8121 78251398         
 136989 38830    infeasible                         1229.0734 77095442         
 137147 38561    infeasible                         1229.4032 78083479         
 137312 38791     1449.1319   504                   1229.5960 77322339         
Elapsed time = 15871.34 sec. (2453912.30 ticks, tree = 3037.94 MB, solutions = 0)
Nodefile size = 1160.75 MB (818.48 MB after compression)
 137490 38362     1319.5454   625                   1229.8459 78565989         
 137631 38540     1245.1619   700                   1230.1488 78211995         
 137785 38415    infeasible                         1230.2902 78477837         
 137968 38185     1380.2572   652                   1230.5390 79079543         
 138134 38400     2875.1278   453                   1230.7126 78536182         
 138304 38089    infeasible                         1231.0371 79220647         
 138462 38444    infeasible                         1231.3247 78289894         
 138647 38272     1741.3923   425                   1231.4027 78853567         
 138832 38062    infeasible                         1231.5744 79536772         
 139023 38080    infeasible                         1231.7863 79451509         
Elapsed time = 16116.35 sec. (2492237.84 ticks, tree = 2997.88 MB, solutions = 0)
Nodefile size = 1160.75 MB (818.48 MB after compression)
 139182 38087     1491.7270   531                   1231.9436 79409824         
 139375 38134    infeasible                         1232.2323 79063716         
 139546 38133    infeasible                         1232.6910 79067321         
 139724 37841     1276.3682   616                   1232.8837 80143921         
 139891 38076     1279.8291   675                   1233.0443 79424504         
 140042 37841     1567.6138   586                   1233.2548 80369642         
 140210 37839     1409.2700   613                   1233.4382 80374454         
 140385 37627     2294.4506   440                   1233.7371 80734085         
 140578 38035    infeasible                         1234.1144 79738059         
 140763 37805    infeasible                         1234.2838 80337964         
Elapsed time = 16360.36 sec. (2530533.77 ticks, tree = 2983.91 MB, solutions = 0)
Nodefile size = 1160.75 MB (818.48 MB after compression)
 140926 37867    infeasible                         1234.3560 80394674         
 141110 37756     1272.2743   610                   1234.5633 80483746         
 141333 37841     1462.4705   430                   1234.7745 80088077         
 141511 37744    infeasible                         1235.0087 80538854         
 141696 37857     1486.9125   479                   1235.1381 80412732         
 141879 37574     1403.1756   543                   1235.6913 80855878         
 142093 37506     1748.4236   455                   1235.9299 81005399         
 142344 37631     1332.1700   636                   1236.0582 81097721         
 142580 37534     1272.5644   562                   1236.3877 81548296         
 142823 37285    infeasible                         1236.4893 82189357         
Elapsed time = 16597.99 sec. (2568972.07 ticks, tree = 2908.68 MB, solutions = 0)
Nodefile size = 1160.75 MB (818.48 MB after compression)
 143042 37382     1381.7456   522                   1236.8949 81770441         
 143256 37228     1542.0679   511                   1237.1710 82294915         
 143530 37390     1669.5376   384                   1237.1710 81941539         
 143751 37575    infeasible                         1237.4466 81528190         
 143970 37550     1571.2457   502                   1237.6110 81576853         
 144177 37354    infeasible                         1237.8348 81845630         
 144414 37348     1868.0375   504                   1238.0102 82008430         
 144621 37298     1305.2293   701                   1238.3817 82062772         
 144800 37412     1264.7054   733                   1238.7810 83428931         
 145010 37242    infeasible                         1239.2033 82279550         
Elapsed time = 16857.33 sec. (2607416.03 ticks, tree = 2904.42 MB, solutions = 0)
Nodefile size = 1160.75 MB (818.48 MB after compression)
 145206 37137    infeasible                         1239.5284 82529303         
 145375 37659    infeasible                         1239.8844 83942245         
 145606 37265     1356.8691   604                   1240.0225 83316791         
 145818 37269     1485.2967   521                   1240.1278 83320765         
 145990 37699    infeasible                         1240.2230 84054944         
 146159 37608    infeasible                         1240.2230 84291274         
 146328 37585     1499.3277   533                   1241.0886 84560811         
 146502 37678     1769.6804   450                   1241.3183 84107922         
 146634 37396     1625.1845   544                   1241.3183 83531218         
 146793 37523     2179.6724   439                   1241.6011 84689444         
Elapsed time = 17101.76 sec. (2645765.71 ticks, tree = 2882.51 MB, solutions = 0)
Nodefile size = 1160.75 MB (818.48 MB after compression)
 146977 37532     1269.5254   655                   1241.8398 84454054         
 147148 37504     2212.0654   443                   1242.1798 84736981         
 147319 37663     1732.6346   502                   1242.8675 83903935         
 147496 37622     1261.9141   766                   1243.1707 84574416         
 147679 37474    infeasible                         1243.3120 85153803         
 147859 37573     1809.4512   432                   1243.6969 84506636         
 148025 37482    infeasible                         1243.9668 85214878         
 148200 37519     1444.7569   577                   1244.1845 84434499         
 148387 37451     1344.5863   609                   1244.6635 84900603         
 148545 37238    infeasible                         1244.8394 86061220         
Elapsed time = 17351.79 sec. (2684110.16 ticks, tree = 2884.23 MB, solutions = 0)
Nodefile size = 1160.75 MB (818.48 MB after compression)
 148704 37246     1341.9729   668                   1244.9675 86105066         
 148910 37128    infeasible                         1245.3691 85953790         
 149092 37219    infeasible                         1245.7507 86336263         
 149256 37224     1381.8506   477                   1245.8805 86076939         
 149406 37221     2785.1363   413                   1246.4109 85824640         
 149578 37231     1403.8932   572                   1246.7599 85858114         
 149770 37214    infeasible                         1247.1462 86088663         
 149929 36999     1929.8735   412                   1247.3660 86704195         
 150112 36975     1312.7487   706                   1247.3660 86753515         
 150288 37245     1595.2202   375                   1247.9668 86048176         
Elapsed time = 17592.04 sec. (2722565.64 ticks, tree = 2879.52 MB, solutions = 0)
Nodefile size = 1160.75 MB (818.48 MB after compression)
 150469 37091    infeasible                         1248.0803 86523374         
 150640 36984     1461.1652   512                   1248.5085 86905181         
 150800 36787    infeasible                         1248.7830 87257938         
 150974 36981     1357.6187   683                   1249.3202 86769668         
 151172 36958     1350.6733   670                   1249.5501 86870606         
 151360 36733     1783.7436   368                   1249.5501 87372652         
 151545 36778    infeasible                         1249.6923 87463771         
 151734 36886     1347.5780   444                   1250.1449 87075008         
 151913 36787     1676.9250   519                   1250.6320 87470822         
 152124 36732     1300.4341   390                   1251.0054 87580306         
Elapsed time = 17843.60 sec. (2760842.18 ticks, tree = 2850.63 MB, solutions = 0)
Nodefile size = 1160.75 MB (818.48 MB after compression)
 152307 36758     1965.8029   346                   1251.5594 87334501         
 152506 36726    infeasible                         1251.9433 87539810         
 152738 36772    infeasible                         1251.9433 87253431         
 152961 36436     2366.0518   426                   1252.5871 88896934         
 153172 36450     1332.5918   732                   1252.6889 88853297         
 153391 36716    infeasible                         1253.1121 87842115         
 153636 36621    infeasible                         1253.4822 88044122         
 153842 36539    infeasible                         1254.0355 88756689         
 154111 36591     1293.6541   789                   1254.2366 88709596         
 154331 36560     1471.4186   655                   1254.5553 88424801         
Elapsed time = 18094.35 sec. (2799174.21 ticks, tree = 2811.66 MB, solutions = 0)
Nodefile size = 1160.75 MB (818.48 MB after compression)
 154554 36575    infeasible                         1254.8940 88176460         
 154814 36571     1376.5330   637                   1255.2332 88288318         
 155042 36500     1325.5643   724                   1255.5391 89533096         
 155303 36611    infeasible                         1256.2006 90354612         
 155527 36629     1591.8432   576                   1256.6054 88737749         
 155749 36482     1776.2801   516                   1256.9982 88956217         
 155990 36485     1343.3504   584                   1256.9982 89360098         
 156206 36552    infeasible                         1257.5177 90092144         
 156449 36500    infeasible                         1257.8285 89563003         
 156669 36830    infeasible                         1258.3161 91102798         
Elapsed time = 18322.98 sec. (2837624.53 ticks, tree = 2774.23 MB, solutions = 0)
Nodefile size = 1160.75 MB (818.48 MB after compression)
 156897 36507     1296.3531   693                   1258.6031 89571928         
 157091 36595     1414.1273   663                   1259.0081 89778686         
 157300 36709    infeasible                         1259.2826 90917121         
 157515 36791     1820.2729   354                   1259.3629 90842938         
 157720 36689     2831.3479   499                   1259.3629 90731139         
 157924 36527     1555.7740   639                   1259.7359 89926410         
 158092 36783    infeasible                         1260.0208 90853026         
 158292 36574     1824.3270   434                   1260.3204 90196037         
 158477 36960    infeasible                         1260.9683 92128756         
 158662 36784     1388.2464   645                   1261.4953 90863052         
Elapsed time = 18577.89 sec. (2875964.77 ticks, tree = 2763.70 MB, solutions = 0)
Nodefile size = 1160.75 MB (818.48 MB after compression)
 158819 36924     1761.4513   440                   1261.7744 91741793         
 158998 36809    infeasible                         1262.0532 92775580         
 159157 36847    infeasible                         1262.2694 92818470         
 159328 36944     1502.7386   622                   1262.3921 91683213         
 159497 36954     1309.1187   502                   1262.3921 92626339         
 159685 36967     1761.8577   478                   1262.3921 92536306         
 159871 36898     1352.9081   523                   1263.9614 92693024         
 160042 36862     1585.0382   451                   1264.4339 91838417         
 160243 36964     1297.6650   732                   1264.4859 92640380         
 160441 36817    infeasible                         1264.8033 92898491         
Elapsed time = 18822.67 sec. (2914279.23 ticks, tree = 2803.10 MB, solutions = 0)
Nodefile size = 1160.75 MB (818.48 MB after compression)
 160614 36920    infeasible                         1265.1048 92749796         
 160774 36975     1517.4092   505                   1265.5884 92555003         
 160943 36795    infeasible                         1265.8951 92962392         
 161108 36790    infeasible                         1266.9895 92965986         
 161262 36818     1533.6534   580                   1267.3382 92861699         
 161452 36714     1303.5217   499                   1267.5432 93548034         
 161634 36709     1331.9695   546                   1268.0161 93141593         
 161808 36501    infeasible                         1268.3907 94420096         
 161971 36641    infeasible                         1268.3907 93843197         
 162127 36355    infeasible                         1269.2462 94837014         
Elapsed time = 19064.64 sec. (2952678.70 ticks, tree = 2789.23 MB, solutions = 0)
Nodefile size = 1160.75 MB (818.48 MB after compression)
 162302 36329    infeasible                         1269.2462 94733568         
 162495 36441     1297.8741   502                   1270.0577 94397727         
 162677 36356    infeasible                         1270.3947 94793174         
 162854 36197     1369.5244   480                   1270.4957 95273209         
 163011 36194    infeasible                         1270.7816 95277323         
 163154 36580     1320.6322   503                   1271.2623 93926519         
 163346 36115     2826.7634   517                   1271.8004 95565608         
 163536 36078    infeasible                         1272.1414 95633766         
 163709 36009     1315.8790   673                   1272.9618 95930019         
 163893 36179    infeasible                         1273.0786 95240514         
Elapsed time = 19322.95 sec. (2991102.33 ticks, tree = 2769.14 MB, solutions = 0)
Nodefile size = 1160.75 MB (818.48 MB after compression)
 164094 36020     1360.2631   636                   1273.3759 95936129         
 164279 36154    infeasible                         1273.7977 95469852         
 164475 36000    infeasible                         1274.0028 95829714         
 164623 36342    infeasible                         1274.2506 94724471         
 164799 35965     1378.8103   635                   1274.6033 96288098         
 164964 35888     1701.2010   397                   1275.0921 96612217         
 165147 35980    infeasible                         1275.6507 96399486         
 165341 35975    infeasible                         1276.3234 96403551         
 165584 35847     1358.5482   487                   1276.4790 96733073         
 165793 35949     1323.8018   543                   1276.7865 96306565         
Elapsed time = 19566.28 sec. (3029463.69 ticks, tree = 2726.78 MB, solutions = 0)
Nodefile size = 1160.75 MB (818.48 MB after compression)
 165991 35809     1396.6039   504                   1277.1556 97070329         
 166213 35901     1824.1763   457                   1277.3495 96692395         
 166441 35967    infeasible                         1277.9970 95870005         
 166663 35760     1327.2866   600                   1278.1933 97490886         
 166907 35786     1485.5476   471                   1278.9967 97495555         
 167161 35783    infeasible                         1279.4481 97037371         
 167469 35735     1360.0059   466                   1279.4481 97676284         
 167766 35815     1474.7543   629                   1279.8997 97397859         
 168046 35799     1558.4641   402                   1280.0552 97458304         
 168309 35804     1333.9312   585                   1280.2068 97519573         
Elapsed time = 19813.96 sec. (3067875.06 ticks, tree = 2680.22 MB, solutions = 0)
Nodefile size = 1160.75 MB (818.48 MB after compression)
 168573 35565     1374.5175   544                   1281.0014 98347499         
 168825 35737     1446.9107   634                   1281.1626 97639974         
 169090 35675     1370.6578   624                   1281.7381 97763872         
 169378 35772     1708.3395   443                   1282.1075 97395270         
 169687 35714     1459.3305   599                   1282.1075 97876155         
 169991 35594     1310.9692   594                   1282.5749 98894910         
 170234 35713     1459.3397   576                   1282.7392 99115720         
 170453 35685     1388.6007   505                   1283.1830 97998894         
 170694 35613     1394.8503   597                   1283.3922 98908878         
 170980 35998    infeasible                         1284.1947 99631505         
Elapsed time = 20051.95 sec. (3106170.25 ticks, tree = 2710.00 MB, solutions = 0)
Nodefile size = 1160.75 MB (818.48 MB after compression)
 171259 35647     1381.7185   663                   1284.8919 98451354         
 171530 35631     1768.0160   514                   1284.8919 98851667         
 171747 35780    infeasible                         1284.8919 99286318         
 172017 35588     1360.9964   593                   1285.3838 98785309         
 172248 35643    infeasible                         1285.4723 98937250         
 172468 36025    infeasible                         1285.6824 99806621         
 172694 35666     2242.2371   448                   1286.2775 98878487         
 172925 36053    infeasible                         1286.8772 1.00e+08         
 173132 36083     1710.9353   443                   1287.2138 1.00e+08         
 173336 36453    infeasible                         1287.4011 1.01e+08         
Elapsed time = 20311.47 sec. (3144574.97 ticks, tree = 2787.74 MB, solutions = 0)
Nodefile size = 1160.75 MB (818.48 MB after compression)
 173508 35744    infeasible                         1287.4821 99254967         
 173669 36489     2056.2715   451                   1288.0018 1.01e+08         
 173853 36245     1817.8595   444                   1288.1539 1.00e+08         
 174019 36250    infeasible                         1288.7397 1.00e+08         
 174155 36116     1600.1959   411                   1288.7397 1.00e+08         
 174281 36325     1835.0493   454                   1288.7397 1.01e+08         
 174356 36019    infeasible                         1288.7397 1.00e+08         
 174399 36153    infeasible                         1288.7397 1.00e+08         
 174423 36313     1545.4056   569                   1288.7397 1.01e+08         
 174439 36315    infeasible                         1288.7397 1.01e+08         
Elapsed time = 20400.17 sec. (3183961.02 ticks, tree = 2768.62 MB, solutions = 0)
Nodefile size = 1160.75 MB (818.48 MB after compression)
 174447 36312    infeasible                         1288.7397 1.01e+08         
 174449 36314     1728.7709   503                   1288.7397 1.01e+08         

GUB cover cuts applied:  27
Clique cuts applied:  34
Cover cuts applied:  30
Implied bound cuts applied:  847
Flow cuts applied:  398
Mixed integer rounding cuts applied:  353
Flow path cuts applied:  1
Zero-half cuts applied:  39
Lift and project cuts applied:  104
Gomory fractional cuts applied:  14

Root node processing (before b&c):
  Real time             =   12.45 sec. (6110.48 ticks)
Parallel b&c, 32 threads:
  Real time             = 20387.74 sec. (3186114.98 ticks)
  Sync time (average)   = 4182.12 sec.
  Wait time (average)   =    0.42 sec.
                          ------------
Total (root+branch&cut) = 20400.19 sec. (3192225.46 ticks)
Number of arguments: 7

File path: ../Data/Demo/100/C101.txt
Capacity of FEV: 600
Capacity of SEV: 50
Execution time limit: 340
Case: r

PI array:[0, 0, 1, 0, 1, 1, 0, 0, 0, 0, 0, 1, 1, 1, 0, 1, 1, 1, 0, 1, 0, 1, 0, 1, 0]
Number of customers: 100
./Result/C101/C101-Q50-r
No feasible solution found.
