Version identifier: 22.1.1.0 | 2022-11-28 | 9160aff4d
CPXPARAM_TimeLimit                               20400
Tried aggregator 1 time.
MIP Presolve eliminated 18561 rows and 10816 columns.
MIP Presolve modified 12256 coefficients.
Reduced MIP has 10886 rows, 17890 columns, and 58970 nonzeros.
Reduced MIP has 9011 binaries, 8879 generals, 0 SOSs, and 0 indicators.
Presolve time = 0.10 sec. (59.22 ticks)
Probing fixed 133 vars, tightened 35 bounds.
Probing time = 0.31 sec. (64.38 ticks)
Tried aggregator 1 time.
Detecting symmetries...
MIP Presolve eliminated 414 rows and 447 columns.
MIP Presolve modified 4 coefficients.
Reduced MIP has 10472 rows, 17443 columns, and 56779 nonzeros.
Reduced MIP has 8877 binaries, 8566 generals, 0 SOSs, and 0 indicators.
Presolve time = 0.09 sec. (51.35 ticks)
Probing fixed 137 vars, tightened 0 bounds.
Probing time = 0.15 sec. (58.20 ticks)
Cover probing fixed 68 vars, tightened 0 bounds.
Clique table members: 7692.
MIP emphasis: balance optimality and feasibility.
MIP search method: dynamic search.
Parallel mode: deterministic, using up to 32 threads.
Root relaxation solution time = 4.38 sec. (476.09 ticks)

        Nodes                                         Cuts/
   Node  Left     Objective  IInf  Best Integer    Best Bound    ItCnt     Gap

      0     0      939.8029   199                    939.8029       24         
      0     0      980.8961   353                   Cuts: 293     1132         
      0     0      994.0824   317                   Cuts: 180     1819         
      0     0      997.6492   305                    Cuts: 99     2170         
      0     0      999.1729   311                    Cuts: 66     2451         
      0     0     1000.4375   390                    Cuts: 42     2734         
Detecting symmetries...
      0     0     1002.2263   307                    Cuts: 35     2847         
      0     0     1002.3208   322                    Cuts: 10     2881         
      0     0     1002.3453   323                     Cuts: 8     2899         
      0     0     1002.3538   326                     Cuts: 4     2903         
Detecting symmetries...
      0     2     1002.3538   326                   1031.1357     2903         
Elapsed time = 17.56 sec. (6646.35 ticks, tree = 0.02 MB, solutions = 0)
      4     6     1054.3503   335                   1031.1357     3864         
     18     8    infeasible                         1031.1357     7561         
     30    12    infeasible                         1031.1357    33530         
     49    13     1131.9878   279                   1031.1357    42803         
     99    44     1120.5558   213                   1031.1357   120076         
    163    47     1072.7931   283                   1031.1357   135811         
    185    76     1205.2927   260                   1031.1357   153477         
    252    82     1202.8967   225                   1031.1357   168710         
    400   100     1200.7571   256                   1031.1357   189550         
   1055   298    infeasible                         1031.1357   278581         
Elapsed time = 36.82 sec. (9808.98 ticks, tree = 2.33 MB, solutions = 0)
   1305   393     1160.8928   271                   1031.1357   319448         
   1854   514     1066.8804   304                   1031.1357   387588         
   2329   948     1546.6363   296                   1031.1357   506392         
   2718  1079     1619.5270   266                   1031.1357   534787         
   2861  1277     1352.5445   285                   1031.1357   627394         
   3101  1268     1372.2078   244                   1038.4706   671298         
   3589  1432     1854.8884   289                   1038.4706   816429         
   4117  1465     1430.7676   278                   1044.1599   835877         
   4366  1737     1540.8056   287                   1044.1599   969561         
   4637  1700     1634.5017   264                   1104.7589  1031624         
Elapsed time = 84.66 sec. (19374.07 ticks, tree = 53.78 MB, solutions = 0)
   5126  1710     1290.8500   261                   1112.8976  1116655         
   5755  1734     1194.7041   294                   1116.9872  1130151         
   6343  1859     1384.3563   296                   1117.7931  1296680         
   6834  1874     1209.2262   292                   1117.7931  1318635         
   7079  1927     1697.1851   305                   1140.6254  1379584         
   7389  1877     1885.7403   244                   1167.6340  1510864         
   8116  1846     1376.6046   305                   1180.1838  1537110         
   8845  1958     1325.0537   309                   1189.6981  1630597         
   9485  2436     2304.7507   242                   1191.7892  1741260         
   9977  2673     2361.3922   247                   1191.7892  1846418         
Elapsed time = 131.03 sec. (28946.42 ticks, tree = 71.75 MB, solutions = 0)
  10164  2661    infeasible                         1266.0095  1898015         
  10430  2647     1506.0482   293                   1266.0095  1935461         

Performing restart 1

Repeating presolve.
Tried aggregator 1 time.
MIP Presolve eliminated 81 rows and 247 columns.
MIP Presolve modified 550 coefficients.
Reduced MIP has 10391 rows, 17196 columns, and 56093 nonzeros.
Reduced MIP has 8671 binaries, 8525 generals, 0 SOSs, and 0 indicators.
Presolve time = 0.06 sec. (28.42 ticks)
Tried aggregator 1 time.
MIP Presolve eliminated 245 rows and 328 columns.
MIP Presolve modified 646 coefficients.
Reduced MIP has 10146 rows, 16868 columns, and 55155 nonzeros.
Reduced MIP has 8571 binaries, 8297 generals, 0 SOSs, and 0 indicators.
Presolve time = 0.06 sec. (31.42 ticks)
Tried aggregator 1 time.
MIP Presolve eliminated 150 rows and 199 columns.
MIP Presolve modified 377 coefficients.
Reduced MIP has 9996 rows, 16669 columns, and 54616 nonzeros.
Reduced MIP has 8516 binaries, 8153 generals, 0 SOSs, and 0 indicators.
Presolve time = 0.07 sec. (36.18 ticks)
Represolve time = 1.03 sec. (297.33 ticks)
  10438     0     1078.2432   446                   Cuts: 237  2032587         
  10438     0     1102.0693   518                   Cuts: 243  2034139         
  10438     0     1112.4054   566                   Cuts: 223  2035514         
  10438     0     1118.0062   529                   Cuts: 212  2036587         
  10438     0     1125.1151   607                   Cuts: 167  2037769         
  10438     0     1130.0512   624                   Cuts: 189  2038528         
  10438     0     1132.7848   637                   Cuts: 153  2039375         
  10438     2     1132.7848   637                   1310.8794  2039375         
  10439     3     1139.6583   502                   1310.8794  2039849         
  10440     4     1156.6513   465                   1310.8794  2040649         
  10442     4     1142.2887   503                   1310.8794  2040461         
  10444     4     1162.5920   500                   1310.8794  2041489         
  10448     5     1144.9274   581                   1310.8794  2041936         
  10449     7     1179.6744   453                   1310.8794  2044026         
  10452     5     1172.8749   590                   1310.8794  2042167         
Elapsed time = 191.40 sec. (65480.14 ticks, tree = 0.02 MB, solutions = 0)
  10459    10     1211.0349   402                   1310.8794  2052562         
  10465     7     1165.4002   564                   1310.8794  2044772         
  10470    14     1225.4043   430                   1310.8794  2060380         
  10482    11    infeasible                         1310.8794  2072968         
  10485    13     1166.4298   439                   1310.8794  2069118         
  10492    16     1196.3905   445                   1310.8794  2083185         
  10502    12    infeasible                         1310.8794  2075680         
  10514    16    infeasible                         1310.8794  2158820         
  10530    20     1159.1847   550                   1310.8794  2169991         
  10594    49     1224.5779   457                   1310.8794  2196780         
Elapsed time = 226.15 sec. (76648.32 ticks, tree = 0.37 MB, solutions = 0)
  10754    61     1240.4493   443                   1310.8794  2202581         
  10883   104     1232.5869   435                   1310.8794  2231251         
  11036   293     1196.0427   384                   1310.8794  2270831         
  11192   302     1212.4996   381                   1310.8794  2271971         
  11258   476    infeasible                         1310.8794  2340237         
  11303   478     1195.1192   559                   1310.8794  2341981         
  11355   500    infeasible                         1310.8794  2385283         
  11427   523     1544.6221   335                   1310.8794  2427119         
  11556   531     1255.0784   490                   1310.8794  2476666         
  11745   583     1201.4010   442                   1310.8794  2527999         
Elapsed time = 273.43 sec. (86294.61 ticks, tree = 19.78 MB, solutions = 0)
  11936   553     1249.5728   398                   1310.8794  2507830         
  12133   678     1255.0820   443                   1310.8794  2574928         
  12281   747     1224.0359   408                   1310.8794  2614140         
  12375   991     1545.4183   420                   1310.8794  2714088         
  12430   931     1411.9015   504                   1310.8794  2677501         
  12495  1043     1401.3505   464                   1310.8794  2736626         
  12551  1048    infeasible                         1310.8794  2823975         
  12630  1062     1400.0628   438                   1310.8794  2779239         
  12718  1040    infeasible                         1310.8794  2830229         
  12805  1072     1579.1125   398                   1310.8794  2941745         
Elapsed time = 325.76 sec. (95965.52 ticks, tree = 30.39 MB, solutions = 0)
  12941  1077     1224.6811   444                   1310.8794  2936183         
  13153  1075     1219.2436   405                   1310.8794  2941536         
  13394  1065     1240.4286   387                   1310.8794  2973450         
  13662  1202     1422.6513   361                   1310.8794  3124150         
  13910  1297     1250.7758   411                   1310.8794  3156428         
  14041  1207     1242.4002   396                   1310.8794  3126459         
  14186  1220     1247.8835   458                   1310.8794  3134526         
  14301  1555    infeasible                         1310.8794  3316203         
  14353  1400    infeasible                         1310.8794  3230511         
  14435  1502     1413.2540   555                   1310.8794  3398165         
Elapsed time = 375.30 sec. (105655.11 ticks, tree = 37.10 MB, solutions = 0)
  14508  1555    infeasible                         1310.8794  3326011         
  14596  1458     1543.6359   384                   1310.8794  3527920         
  14672  1480     1589.2212   416                   1310.8794  3514434         
  14754  1442     1493.3944   554                   1310.8794  3588984         
  14851  1474     1895.5409   358                   1310.8794  3526935         
  14955  1402    infeasible                         1310.8794  3639215         
  15077  1442    infeasible                         1310.8794  3613560         
  15311  1453     1931.8911   224                   1310.8794  3663076         
  15594  1429     1944.1538   232                   1310.8794  3784043         
  15807  1444     1947.4005   239                   1310.8794  3784370         
Elapsed time = 428.42 sec. (115265.51 ticks, tree = 33.80 MB, solutions = 0)
  16129  1404    infeasible                         1310.8794  3823215         
  16338  1469     1245.9471   365                   1310.8794  3867744         
  16527  1653     2272.2354   152                   1310.8794  3903134         
  16741  1765    infeasible                         1310.8794  4004632         
  16903  1662     1214.4418   538                   1310.8794  3905173         
  17053  2088    infeasible                         1310.8794  4115634         
  17190  1967    infeasible                         1310.8794  4095842         
  17287  1876    infeasible                         1310.8794  4038154         
  17383  2229    infeasible                         1310.8794  4224374         
  17768  2150     2237.2244   208                   1310.8794  4322614         
Elapsed time = 494.38 sec. (127738.68 ticks, tree = 75.44 MB, solutions = 0)
  18022  2119     2080.2671   170                   1310.8794  4460608         

Performing restart 2

Repeating presolve.
Tried aggregator 1 time.
MIP Presolve eliminated 267 rows and 345 columns.
MIP Presolve modified 974 coefficients.
Reduced MIP has 9729 rows, 16324 columns, and 60124 nonzeros.
Reduced MIP has 8438 binaries, 7886 generals, 0 SOSs, and 0 indicators.
Presolve time = 0.10 sec. (47.10 ticks)
Tried aggregator 1 time.
MIP Presolve eliminated 347 rows and 451 columns.
MIP Presolve modified 3535 coefficients.
Reduced MIP has 9382 rows, 15873 columns, and 58811 nonzeros.
Reduced MIP has 8333 binaries, 7540 generals, 0 SOSs, and 0 indicators.
Presolve time = 0.07 sec. (35.36 ticks)
Tried aggregator 1 time.
MIP Presolve eliminated 18 rows and 36 columns.
MIP Presolve modified 53 coefficients.
Reduced MIP has 9364 rows, 15837 columns, and 58681 nonzeros.
Reduced MIP has 8315 binaries, 7522 generals, 0 SOSs, and 0 indicators.
Presolve time = 0.08 sec. (39.48 ticks)
Represolve time = 1.69 sec. (505.71 ticks)
  18031     0     1141.7097   605                   Cuts: 156  4666783         
  18031     0     1143.8254   592                    Cuts: 74  4667167         
  18031     0     1148.0417   568                    Cuts: 80  4667459         
  18031     0     1150.2420   586                    Cuts: 68  4667906         
  18031     0     1150.9346   594                    Cuts: 92  4668279         
  18031     0     1151.2962   601                   Cuts: 101  4668470         
  18031     0     1154.0856   591                    Cuts: 50  4668948         
  18031     0     1154.4664   605                   Cuts: 128  4669231         
  18031     0     1155.1238   583                    Cuts: 38  4669466         
  18031     0     1155.8650   600                    Cuts: 72  4669893         
  18031     2     1155.8650   600                   1310.8794  4669893         
  18034     2     1223.5705   436                   1310.8794  4674148         
  18038     3     1165.4870   587                   1310.8794  4676044         
  18043     5    infeasible                         1310.8794  4687834         
  18059    10     1237.7899   427                   1310.8794  4710545         
  18154    41     1192.0462   446                   1310.8794  4748307         
  18358    61     1254.7797   435                   1310.8794  4802709         
  18614   192    infeasible                         1310.8794  5006057         
  19041   291     1482.3275   404                   1310.8794  5176482         
Elapsed time = 677.73 sec. (191417.65 ticks, tree = 7.04 MB, solutions = 0)
  19317   429     1233.4749   549                   1310.8794  5383213         
  19875   495     1511.6299   421                   1310.8794  5508372         
  20611  1013    infeasible                         1310.8794  5810765         
* 21170+ 1438                         2597.6313     1310.8794            49.54%
  21181  1488     2242.8160   295     2597.6313     1310.8794  6023734   49.54%
* 22092+ 1863                         2587.6638     1310.8794            49.34%
* 22094+ 1863                         2569.7149     1310.8794            48.99%
* 22095+ 1863                         2568.8536     1310.8794            48.97%
  22253  1614     2003.7967    46     2568.8536     1310.8794  6083930   48.97%
* 23550+ 2334                         2067.0639     1310.8794            36.58%
  23680  2426     1978.5593    76     2067.0639     1310.8794  6397507   36.58%
  24600  2767     2047.2252    44     2067.0639     1310.8794  6531809   36.58%
  25538  3275     2057.0171   136     2067.0639     1310.8794  6726001   36.58%
  26043  3663     1421.9782   440     2067.0639     1310.8794  6959001   36.58%
  26415  3798     1909.8049   225     2067.0639     1310.8794  7224046   36.58%
Elapsed time = 893.90 sec. (229626.33 ticks, tree = 188.81 MB, solutions = 5)
  27138  3813     2000.6867    99     2067.0639     1310.8794  7395353   36.58%
  27876  4306     2033.2003    91     2067.0639     1310.8794  7740646   36.58%
  28326  4277     1402.3989   653     2067.0639     1310.8794  7933137   36.58%
* 28675+ 4315                         2016.1532     1310.8794            34.98%
  29193  3074    infeasible           2016.1532     1310.8794  8090913   34.98%
* 29301+ 3089                         2003.5524     1310.8794            34.57%
  29928  3157    infeasible           2003.5524     1310.8794  8314071   34.57%
  30333  3108        cutoff           2003.5524     1440.2031  8509733   28.12%
  31500  3008     1917.6622   125     2003.5524     1556.2144  8826393   22.33%
* 32246+ 3073                         1988.0785     1565.5654            21.25%
* 33248+ 3035                         1965.7783     1565.5654            20.36%
* 33293+ 3035                         1965.6558     1565.5654            20.35%
* 35528+ 3410                         1948.3863     1565.5654            19.65%
  36532  2236     1955.5622   102     1948.3863     1565.5654  8921815   19.65%
* 36812+ 3572                         1948.2755     1565.5654            19.64%
* 37874+ 2817                         1946.3394     1565.5654            19.56%
* 41668+ 4184                         1944.5821     1816.8903             6.57%
* 42601+ 5578                         1943.8740     1816.8903             6.53%
  42708  3196     1944.1917    84     1943.8740     1816.8903  9058313    6.53%
* 45292+ 6917                         1941.4954     1890.7181             2.62%
  49685 10034     1924.9950   157     1941.4954     1891.1580  9364781    2.59%
Elapsed time = 1100.90 sec. (267811.25 ticks, tree = 782.20 MB, solutions = 31)
* 51506+12687                         1941.2327     1892.0924             2.53%
* 51772+11516                         1939.4842     1892.0924             2.44%
* 55878+15127                         1939.1924     1892.3191             2.42%
  57230 16566     1928.2361   146     1939.1924     1893.6089  9572182    2.35%
  64141 23747     1911.2368    82     1939.1924     1894.9333  9787829    2.28%
* 70927+29845                         1937.4637     1895.1674             2.18%
* 71726+28374                         1936.7490     1895.1674             2.15%
  71929 28658     1931.9062   111     1936.7490     1895.2092  9926341    2.14%
* 77696+35283                         1935.0203     1895.8651             2.02%
  79386 34885     1906.8069   132     1935.0203     1895.8651 10186612    2.02%
* 80876+34672                         1934.9735     1895.8651             2.02%
  87153 42167     1901.8773   106     1934.9735     1896.5264 10387005    1.99%
  94857 46775     1906.4490   132     1934.9735     1896.9465 10524948    1.97%
 102470 52224     1919.7114   184     1934.9735     1897.3248 10681539    1.95%
 110229 61941     1921.6744   139     1934.9735     1897.7019 10977618    1.93%
 118029 71274     1927.5351   231     1934.9735     1897.9755 11250465    1.91%
 125545 77207     1926.0050    75     1934.9735     1898.1286 11427921    1.90%
Elapsed time = 1413.24 sec. (305962.00 ticks, tree = 7329.34 MB, solutions = 50)
Nodefile size = 5270.67 MB (3453.04 MB after compression)
 133575 80264     1906.2991   123     1934.9735     1898.4377 11516919    1.89%
 141442 90062     1918.7545    81     1934.9735     1898.5807 11789828    1.88%
 149285 99223     1929.1594   124     1934.9735     1898.6736 12041600    1.88%
 157371 105518     1911.8622   114     1934.9735     1898.8653 12218630    1.87%
*158260+106713                         1934.5799     1898.8653             1.85%
 165399 111680     1920.0728    92     1934.5799     1898.9756 12396510    1.84%
 173117 119414     1927.3168    90     1934.5799     1899.1728 12607260    1.83%
 181123 128590     1916.9257   149     1934.5799     1899.3112 12847238    1.82%
 189372 132461     1905.6751   167     1934.5799     1899.4400 12958346    1.82%
*190561+133847                         1932.2778     1899.4577             1.70%
 197271 134529     1919.1721    85     1932.2778     1899.5715 13136760    1.69%
*201944+141488                         1931.8244     1899.6338             1.67%
*204884+140057                         1931.7694     1899.6893             1.66%
 205174 144516     1917.8742   118     1931.7694     1899.6952 13462916    1.66%
Elapsed time = 1763.73 sec. (344113.86 ticks, tree = 13933.11 MB, solutions = 54)
Nodefile size = 11871.10 MB (7773.47 MB after compression)
*209785+147657                         1931.4508     1899.7230             1.64%
 212955 148813     1916.6590   139     1931.4508     1899.8195 13597975    1.64%
 221199 157794     1922.4393   195     1931.4508     1899.9682 13887164    1.63%
 229461 161660     1917.3922   174     1931.4508     1900.0800 13990811    1.62%
 237388 170429     1906.9470    99     1931.4508     1900.1835 14239550    1.62%
 245147 178230     1924.3962   151     1931.4508     1900.2766 14459688    1.61%
 253118 183199     1909.2342   137     1931.4508     1900.3901 14598867    1.61%
 261011 192240     1905.1308   148     1931.4508     1900.5147 14842798    1.60%
 268767 200638     1916.8703   186     1931.4508     1900.5812 15080371    1.60%
 276356 204964     1921.3427   139     1931.4508     1900.6830 15205034    1.59%
 284548 213464     1916.1350   137     1931.4508     1900.7615 15451633    1.59%
Elapsed time = 2116.61 sec. (382264.20 ticks, tree = 20805.12 MB, solutions = 57)
Nodefile size = 18736.45 MB (12261.17 MB after compression)
 292498 223966     1922.6905   114     1931.4508     1900.8465 15743028    1.58%
 300008 228331     1930.1867    75     1931.4508     1900.9399 15867801    1.58%
 307198 234300     1911.3617    89     1931.4508     1901.0143 16067912    1.58%
 314738 239400     1903.9948   123     1931.4508     1901.0939 16224602    1.57%
 322446 247533     1905.1841    93     1931.4508     1901.1498 16462396    1.57%
 330249 256372     1921.8382   191     1931.4508     1901.2428 16739995    1.56%
 337716 264297     1924.3679   165     1931.4508     1901.2954 16970833    1.56%
 345256 271440     1929.3877    85     1931.4508     1901.3831 17194928    1.56%
 352978 278541     1907.4551   170     1931.4508     1901.4431 17405045    1.55%
 360761 281741     1914.4602   112     1931.4508     1901.5133 17505596    1.55%
Elapsed time = 2459.47 sec. (420414.25 ticks, tree = 27627.08 MB, solutions = 57)
Nodefile size = 25551.71 MB (16715.80 MB after compression)
 368100 292054     1909.6994   151     1931.4508     1901.5685 17817793    1.55%
 375222 298169     1925.7271   110     1931.4508     1901.6283 17996927    1.54%
 382991 304721     1912.3405   186     1931.4508     1901.6909 18190703    1.54%
 390865 309127     1914.2595   173     1931.4508     1901.7544 18324452    1.54%
 398315 318212     1914.0560   150     1931.4508     1901.8138 18589387    1.53%
 405616 323873     1922.0378   135     1931.4508     1901.8644 18765455    1.53%
 413714 329774     1929.4018   149     1931.4508     1901.9264 18939002    1.53%
 421793 337959     1918.2060   129     1931.4508     1901.9883 19184659    1.53%
 429575 345890     1912.1222   142     1931.4508     1902.0416 19410297    1.52%
 437126 350238     1924.2440   135     1931.4508     1902.1078 19541915    1.52%
Elapsed time = 2803.74 sec. (458565.75 ticks, tree = 34487.88 MB, solutions = 57)
Nodefile size = 32420.13 MB (21205.60 MB after compression)
 445110 357301     1927.6468   104     1931.4508     1902.1362 19753447    1.52%
 453010 368052     1928.0778   115     1931.4508     1902.1896 20053713    1.51%
 460708 372745     1912.7549   116     1931.4508     1902.2358 20182054    1.51%
 468249 378660     1924.0069   122     1931.4508     1902.2908 20346280    1.51%
 476030 387800     1906.8124   117     1931.4508     1902.3364 20616172    1.51%
 484176 394235     1926.1927   113     1931.4508     1902.3653 20806062    1.51%
 491851 401327     1927.7192   148     1931.4508     1902.4221 21013341    1.50%
 499228 410321     1914.0221   219     1931.4508     1902.4543 21283147    1.50%
 507166 417003     1910.1882   150     1931.4508     1902.5072 21481263    1.50%
 515298 423263     1913.1026   194     1931.4508     1902.5472 21670796    1.50%
Elapsed time = 3154.16 sec. (496716.13 ticks, tree = 41811.79 MB, solutions = 57)
Nodefile size = 39746.31 MB (25994.44 MB after compression)
 522934 431088     1919.9450    87     1931.4508     1902.6010 21908185    1.49%
 530617 435299     1913.4778   115     1931.4508     1902.6230 22034927    1.49%
 538418 445300     1916.4053    76     1931.4508     1902.6738 22336613    1.49%
 546327 448691     1923.9410   141     1931.4508     1902.7136 22435779    1.49%
 554062 455866     1904.0669   172     1931.4508     1902.7597 22641597    1.49%
 561575 462480     1906.2906   115     1931.4508     1902.7879 22840707    1.48%
 569282 469944     1925.0498   129     1931.4508     1902.8333 23073539    1.48%
 577340 479421     1917.6821   184     1931.4508     1902.8741 23361288    1.48%
 585323 483963     1912.9723   142     1931.4508     1902.9124 23494393    1.48%
 592771 491420     1904.9309   156     1931.4508     1902.9478 23717312    1.48%
Elapsed time = 3499.78 sec. (534867.26 ticks, tree = 48650.46 MB, solutions = 57)
Nodefile size = 46579.39 MB (30458.58 MB after compression)
 600384 497071     1916.5587   111     1931.4508     1902.9832 23900223    1.47%
 608294 504345     1930.2162   117     1931.4508     1903.0122 24123811    1.47%
