Version identifier: 22.1.1.0 | 2022-11-28 | 9160aff4d
CPXPARAM_TimeLimit                               20400
Tried aggregator 1 time.
MIP Presolve eliminated 20530 rows and 11630 columns.
MIP Presolve modified 14121 coefficients.
Reduced MIP has 12439 rows, 20520 columns, and 68209 nonzeros.
Reduced MIP has 10429 binaries, 10091 generals, 0 SOSs, and 0 indicators.
Presolve time = 0.12 sec. (68.50 ticks)
Probing fixed 176 vars, tightened 31 bounds.
Probing time = 0.39 sec. (76.88 ticks)
Tried aggregator 1 time.
Detecting symmetries...
MIP Presolve eliminated 480 rows and 510 columns.
MIP Presolve modified 4 coefficients.
Reduced MIP has 11959 rows, 20010 columns, and 65755 nonzeros.
Reduced MIP has 10252 binaries, 9758 generals, 0 SOSs, and 0 indicators.
Presolve time = 0.12 sec. (59.14 ticks)
Probing fixed 137 vars, tightened 0 bounds.
Probing time = 0.18 sec. (69.37 ticks)
Cover probing fixed 68 vars, tightened 0 bounds.
Clique table members: 11330.
MIP emphasis: balance optimality and feasibility.
MIP search method: dynamic search.
Parallel mode: deterministic, using up to 32 threads.
Root relaxation solution time = 3.04 sec. (426.05 ticks)

        Nodes                                         Cuts/
   Node  Left     Objective  IInf  Best Integer    Best Bound    ItCnt     Gap

      0     0      844.2467   218                    844.2467       25         
      0     0      893.3986   423                   Cuts: 256     1626         
      0     0      906.7063   389                   Cuts: 195     2440         
      0     0      909.6627   392                    Cuts: 83     2750         
      0     0      912.6657   327                    Cuts: 62     3142         
      0     0      914.2650   387                    Cuts: 44     3387         
Detecting symmetries...
      0     0      923.0575   350                    Cuts: 37     3921         
      0     0      925.0867   367                    Cuts: 38     4121         
      0     0      925.4870   359                    Cuts: 29     4238         
      0     0      925.9951   359                    Cuts: 23     4406         
      0     0      926.1670   379                    Cuts: 23     4549         
      0     0      926.4353   341                    Cuts: 31     4621         
      0     0      926.5907   346                     Cuts: 6     4683         
Detecting symmetries...
      0     2      926.5907   346                    926.5907     4683         
Elapsed time = 17.64 sec. (7698.01 ticks, tree = 0.02 MB, solutions = 0)
      9     4      932.9804   360                    927.5931     5255         
     66    45     1016.7098   352                    932.9660    13092         
    168   101      942.4521   361                    935.0158    22286         
    239   180      971.2497   352                    935.0158    44702         
    282   174     1091.1793   331                    935.0158    45991         
    305   211      974.0884   356                    935.0158    80757         
    324   231    infeasible                          935.0158   111910         
    383   240     1077.1042   337                    935.0158   123604         
    474   291      943.8699   384                    935.0158   168414         
    925   492     1048.4155   354                    935.0158   236076         
Elapsed time = 34.49 sec. (10904.50 ticks, tree = 4.33 MB, solutions = 0)
   1351   737     1105.9932   370                    935.0158   293923         
   2044  1133     1084.9409   301                    935.0158   371411         
   2737  1490     1058.3243   361                    935.0158   425653         
   3594  2093     1026.7354   394                    935.0158   496067         
   4560  2825     1115.3588   367                    935.0158   554070         
   5254  3503      993.1285   383                    935.0158   620204         
   5543  3916     1165.4384   322                    935.0158   680441         
   6218  3994     1028.7658   388                    935.0158   703564         
   6967  4551      983.2526   332                    938.4168   780884         
   7727  5346     1197.9666   286                    938.4168   856471         
Elapsed time = 77.00 sec. (20455.10 ticks, tree = 342.78 MB, solutions = 0)
   8321  5635     1145.3255   333                    938.4168   886483         

Performing restart 1

Repeating presolve.
Tried aggregator 1 time.
MIP Presolve eliminated 84 rows and 253 columns.
MIP Presolve modified 451 coefficients.
Reduced MIP has 11875 rows, 19757 columns, and 65051 nonzeros.
Reduced MIP has 10043 binaries, 9714 generals, 0 SOSs, and 0 indicators.
Presolve time = 0.06 sec. (32.64 ticks)
Tried aggregator 1 time.
MIP Presolve eliminated 24 rows and 31 columns.
Reduced MIP has 11851 rows, 19726 columns, and 64935 nonzeros.
Reduced MIP has 10028 binaries, 9698 generals, 0 SOSs, and 0 indicators.
Presolve time = 0.09 sec. (42.72 ticks)
Represolve time = 0.88 sec. (207.68 ticks)
   8330     0      972.1711   550                   Cuts: 234   951898         
   8330     0     1016.0312   572                   Cuts: 278   954209         
   8330     0     1031.0854   659                   Cuts: 304   955446         
   8330     0     1049.4852   659                   Cuts: 289   956731         
   8330     0     1056.9255   720                   Cuts: 254   958122         
   8330     0     1061.3554   718                   Cuts: 309   959223         
   8330     0     1066.1596   670                   Cuts: 215   959982         
   8330     0     1068.7088   748                   Cuts: 163   960388         
   8330     0     1073.4323   758                   Cuts: 174   960970         
   8330     0     1079.0807   757                   Cuts: 138   961544         
   8330     0     1082.2609   766                   Cuts: 166   961977         
   8330     0     1083.5988   795                   Cuts: 128   962365         
   8330     0     1084.4277   699                   Cuts: 137   962678         
   8330     0     1085.0844   696                    Cuts: 97   962924         
   8330     0     1085.3743   736                    Cuts: 63   963111         
   8330     0     1085.5589   732                    Cuts: 63   963231         
   8330     0     1085.7048   790                    Cuts: 47   963392         
   8330     0     1085.9467   786                    Cuts: 46   963556         
   8330     0     1086.0842   790                    Cuts: 75   963713         
   8330     0     1086.1423   777                   Cuts: 104   963813         
   8330     0     1086.1968   804                    Cuts: 44   963959         
   8330     0     1086.2345   802                    Cuts: 31   964048         
   8330     0     1086.2652   785                    Cuts: 44   964122         
   8330     2     1086.2652   785                   1086.2652   964122         
   8331     3     1088.3260   771                   1088.3276   965003         
   8332     3     1089.8641   765                   1088.3276   965220         
   8333     5     1092.5057   585                   1088.3276   966849         
   8336     4     1088.3538   773                   1088.3276   965167         
   8337     8     1100.6122   621                   1088.3276   970231         
   8339     6     1093.2899   734                   1088.3276   967335         
   8343    10     1107.7441   588                   1088.3684   970552         
   8346    14     1151.9661   741                   1088.5279   972968         
Elapsed time = 192.21 sec. (85658.42 ticks, tree = 0.02 MB, solutions = 0)
   8351    17     1114.2457   671                   1088.5279   973435         
   8354    23     1109.4040   606                   1088.5279   976220         
   8360    22     1169.3793   723                   1088.5279   977019         
   8371    24     1123.0698   641                   1089.5728   976361         
   8378    30     1128.2052   631                   1089.5728   982059         
   8388    28     1117.7062   611                   1089.9137   981071         
   8399    53     1120.6263   540                   1089.9216  1012066         
   8409    57     1119.0968   684                   1089.9216  1026025         
   8420    73     1128.6902   599                   1089.9216  1117828         
   8429    62     1104.7338   737                   1089.9216  1042207         
Elapsed time = 246.51 sec. (96870.61 ticks, tree = 0.44 MB, solutions = 0)
   8439    79     1154.1617   597                   1089.9216  1156625         
   8450    71     1138.3640   572                   1089.9216  1082228         
   8462    84     1142.4845   652                   1089.9216  1174083         
   8473    86     1106.4629   770                   1089.9216  1186058         
   8481    84     1143.7585   635                   1089.9216  1168981         
   8495   118     1118.7613   661                   1089.9216  1325259         
   8510   120     1182.2370   628                   1089.9216  1338036         
   8525   118     1164.8663   586                   1089.9216  1319528         
   8539   127     1096.5427   653                   1089.9216  1345727         
   8554   121     1182.2370   665                   1089.9216  1338159         
Elapsed time = 291.24 sec. (106998.50 ticks, tree = 2.23 MB, solutions = 0)
   8570   132     1148.8100   653                   1089.9216  1357150         
   8590   190     1135.1253   595                   1089.9216  1410145         
   8606   183     1118.8379   623                   1089.9216  1405426         
   8617   212     1163.8911   712                   1089.9216  1422200         
   8632   184     1152.3926   633                   1089.9216  1407835         
   8649   243     1185.4747   625                   1089.9216  1441052         
   8665   221     1096.7575   677                   1089.9216  1428122         
   8694   262     1143.7696   616                   1089.9216  1450080         
   8733   332     1182.1281   556                   1089.9216  1489254         
   8784   320     1132.6086   641                   1089.9216  1483084         
Elapsed time = 339.65 sec. (117102.02 ticks, tree = 3.01 MB, solutions = 0)
   8839   316     1194.1024   438                   1089.9216  1479493         
   8904   325     1167.7891   374                   1089.9216  1482355         
   8980   334     1202.0216   503                   1089.9216  1480521         
   9062   345     1145.6338   581                   1089.9216  1494528         
   9157   454     1195.0117   559                   1089.9216  1518792         
   9299   440     1212.7291   438                   1089.9216  1511451         
   9462   500     1125.9106   584                   1089.9216  1528793         
   9613   584     1239.3319   651                   1089.9216  1550218         
   9739   664     1171.5667   649                   1089.9216  1578239         
   9873   938     1202.0409   465                   1089.9216  1631282         
Elapsed time = 386.06 sec. (126721.85 ticks, tree = 42.10 MB, solutions = 0)
  10033  1096     1139.9163   672                   1089.9216  1664941         
  10181  1021     1211.4834   511                   1089.9216  1650768         
  10349  1228     1154.2461   629                   1089.9216  1700239         
  10497  1457     1125.0365   647                   1089.9216  1755823         
  10658  1311     1212.8530   464                   1089.9216  1716328         
  10830  1458     1181.5706   408                   1089.9216  1752619         
  10998  1994     1229.7182   463                   1089.9216  1877488         
  11184  1666     1117.6065   728                   1089.9216  1813842         
  11336  2068     1161.4423   490                   1089.9216  1896659         
  11475  2310     1119.6084   721                   1089.9216  1953691         
Elapsed time = 431.78 sec. (136327.78 ticks, tree = 162.63 MB, solutions = 0)
  11579  2077     1185.4269   430                   1089.9216  1899082         
  11710  2277     1131.3204   740                   1093.6774  1946429         
  11816  2271     1135.0814   509                   1093.6774  1938217         
  11907  2604    infeasible                         1093.6774  2024316         
  12001  2871    infeasible                         1093.6774  2090086         
  12076  2447     1135.5986   557                   1093.6774  1991068         
  12125  3123     1109.6666   541                   1093.6774  2149533         
  12169  2839     1171.0017   636                   1093.6774  2081370         
  12236  2779     1175.1887   522                   1093.6774  2064184         
  12293  2806     1111.9700   502                   1096.7839  2074860         
Elapsed time = 492.04 sec. (145920.52 ticks, tree = 179.25 MB, solutions = 0)
  12348  3211     1112.8040   594                   1099.9147  2232510         
  12411  3153     1161.6348   548                   1101.6877  2177200         
  12485  3217     1119.6617   641                   1101.6877  2233292         
  12571  3201     1227.4602   485                   1101.6877  2204724         
  12672  3418     1170.2584   660                   1101.6877  2334738         
  12783  3226     1124.3430   544                   1101.6877  2234435         
  12914  3274     1147.6410   606                   1101.6877  2272252         
  13069  3417     1238.5996   513                   1101.6877  2333368         
  13248  3379     1120.5548   442                   1101.6877  2320253         
  14047  4132     1147.3007   478                   1101.6877  2518221         
Elapsed time = 554.66 sec. (158376.97 ticks, tree = 301.81 MB, solutions = 0)
  15246  4552     1233.3862   340                   1101.6877  2592518         
  16205  5769     1130.2581   462                   1104.0534  2785628         
  17396  6734     1150.1524   541                   1104.0534  2910766         
  18407  6838     1158.6132   524                   1104.0534  2922167         
  19322  8324     1189.0462   559                   1104.0534  3121923         
  19650  8288     1127.3057   516                   1104.0534  3120446         

Performing restart 2

Repeating presolve.
Tried aggregator 1 time.
MIP Presolve eliminated 24 rows and 26 columns.
MIP Presolve modified 340 coefficients.
Reduced MIP has 11827 rows, 19700 columns, and 68323 nonzeros.
Reduced MIP has 10026 binaries, 9674 generals, 0 SOSs, and 0 indicators.
Presolve time = 0.07 sec. (34.03 ticks)
Tried aggregator 1 time.
MIP Presolve eliminated 5 rows and 10 columns.
Reduced MIP has 11822 rows, 19690 columns, and 68291 nonzeros.
Reduced MIP has 10021 binaries, 9669 generals, 0 SOSs, and 0 indicators.
Presolve time = 0.10 sec. (42.71 ticks)
Represolve time = 1.68 sec. (440.27 ticks)
  19661     0     1089.9950   867                   Cuts: 145  3361303         
  19661     0     1090.5542   849                    Cuts: 87  3361645         
  19661     0     1090.8256   882                   Cuts: 184  3361897         
  19661     0     1091.3726   889                    Cuts: 80  3362199         
  19661     0     1091.6488   791                    Cuts: 69  3362474         
  19661     0     1092.3591   861                    Cuts: 35  3362863         
  19661     0     1092.8691   891                   Cuts: 236  3363249         
  19661     0     1092.9968   888                    Cuts: 99  3363433         
  19661     2     1092.9968   888                   1104.0534  3363433         
  19663     4     1093.1902   860                   1104.0534  3363764         
  19669    10     1093.4870   855                   1104.0534  3371527         
  19676    12     1136.5487   704                   1104.0534  3376777         
Elapsed time = 766.06 sec. (237763.50 ticks, tree = 0.12 MB, solutions = 0)
  19688    14     1169.6566   774                   1104.0534  3382379         
  19719    17     1186.0401   608                   1104.0534  3383071         
  19820    49     1154.0276   746                   1104.0534  3594925         
  19979   107     1140.9774   723                   1104.0534  3701598         
  20159   244     1142.0156   644                   1104.0534  3818143         
  20311   362     1174.4269   537                   1104.0534  3945647         
  20532   403     1150.3405   639                   1104.0534  4024747         
  20774   483     1139.4335   662                   1104.0534  4099987         
  20954   620     1120.3454   739                   1104.0534  4213468         
  21139   833     1151.4907   657                   1104.0534  4447114         
Elapsed time = 946.21 sec. (276084.10 ticks, tree = 10.66 MB, solutions = 0)
  21317   896     1152.7725   646                   1104.0534  4510394         
  21593   975     1123.8922   593                   1104.0534  4589706         
  21911  1129    infeasible                         1104.0534  4690958         
  22287  1335     1144.2130   737                   1104.0534  4793417         
  22669  1784     1150.0333   493                   1104.0534  5030944         
  23084  2035     1139.2535   759                   1104.0534  5176053         
  23416  2290     1142.8362   543                   1104.0534  5305794         
  23689  2444     1213.7714   470                   1104.0534  5376171         
  23929  2486     1216.6503   484                   1110.5152  5400907         
  24191  2648     1245.9606   538                   1111.7646  5498955         
Elapsed time = 1153.53 sec. (314349.53 ticks, tree = 112.57 MB, solutions = 0)
  24512  2899    infeasible                         1114.1596  5716103         
  24863  3102     1220.5124   485                   1114.1596  5827052         
  25204  3460    infeasible                         1114.2107  6031948         
  25507  3454     1211.9515   540                   1114.4133  6030559         
  25857  3948     1121.8279   790                   1114.4133  6378079         
  26144  4068    infeasible                         1114.4133  6478814         
  26460  4166     1159.7571   543                   1118.9025  6539457         
  26680  4316     1153.4951   760                   1118.9025  6713255         
  26873  4345     1197.7330   640                   1120.6872  6751666         
  27103  4594     1129.3721   704                   1120.6872  7046965         
Elapsed time = 1351.91 sec. (352622.58 ticks, tree = 243.27 MB, solutions = 0)
  27423  4592     1149.2154   625                   1120.6872  7022809         
  27846  4833     1165.4039   643                   1120.6872  7248333         
  28314  4814     1140.5570   589                   1120.6872  7240354         
  28668  5091    infeasible                         1120.6872  7447493         
  28923  5295    infeasible                         1120.6872  7514770         
  29115  5737     1338.4963   381                   1120.6872  7812825         
  29396  5820     1160.5025   471                   1120.6872  7926092         
  29754  5943     2505.1140   160                   1120.6872  7918015         
  30123  5867     1211.4242   476                   1126.9677  8094130         
  30445  6175     1174.3592   513                   1126.9677  8263564         
Elapsed time = 1557.22 sec. (390903.81 ticks, tree = 407.72 MB, solutions = 0)
  30719  6300     1223.7330   609                   1129.0921  8355124         
  31032  6577     1147.5652   640                   1129.0921  8582926         
  31285  6733     1183.5532   640                   1131.2123  8816377         
  31477  6863     1171.9190   604                   1131.2123  8928595         
  31679  6862     1149.6027   647                   1131.2123  8932193         
  31951  6934    infeasible                         1131.2123  9062244         
  32251  7099     1495.3039   495                   1131.2123  9341086         
  32611  7306     1168.2867   598                   1132.5942  9486546         
  32939  7297     1304.5730   490                   1132.9121  9472030         
  33284  7349     1171.1132   691                   1133.8490  9513241         
Elapsed time = 1764.96 sec. (429320.64 ticks, tree = 505.18 MB, solutions = 0)
  33643  7640     1138.6969   532                   1134.4784  9741055         
  33904  8063     1158.7835   600                   1134.4784 10057390         
  34105  8176    infeasible                         1134.4784 10172864         
  34280  8079     1150.5282   584                   1135.8468 10076749         
  34449  8210    infeasible                         1136.4852 10340842         
  34651  8232     1482.5103   451                   1136.4852 10509447         
  34885  8227     1170.5159   625                   1136.6627 10468960         
  35189  8227     1179.4505   645                   1137.1472 10620787         
  35527  8320     1223.4709   504                   1137.2280 10761482         
  35860  8653     1172.5786   760                   1137.7129 11080216         
Elapsed time = 1974.01 sec. (467669.43 ticks, tree = 638.79 MB, solutions = 0)
  36199  8654     1176.7667   675                   1137.9346 11096710         
  36513  8841     1178.6560   563                   1139.5672 11281600         
  36818  8835     1400.5561   444                   1139.7668 11264727         
  37085  9212    infeasible                         1139.7668 11675095         
  37273  9210     1206.4205   624                   1140.2436 11679248         
  37451  9325     1225.8396   597                   1141.0563 11793713         
  37653  9412    infeasible                         1141.0563 12160431         
  37870  9407     1208.7209   566                   1141.7381 11987124         
  38073  9429     1368.4975   516                   1141.7381 12346915         
  38335  9469     1144.6337   755                   1141.7655 12395499         
Elapsed time = 2186.43 sec. (505919.38 ticks, tree = 713.08 MB, solutions = 0)
  38658  9512     1502.9662   365                   1141.7655 12609906         
  39030  9495     1172.2730   743                   1143.0959 12523934         
  39394  9624     1200.2474   524                   1143.0959 12783845         
  39705  9583     1166.9560   746                   1144.0804 12718082         
  40025  9831     1161.5521   663                   1144.0804 12968900         
  40270  9928     1348.5109   383                   1144.0804 13035522         
  40501 10295    infeasible                         1144.0804 13393333         
  40702 10392     1157.1533   724                   1144.2370 13471704         
  40907 10590     1185.6425   678                   1145.1470 13777947         
  41154 10608     1643.6780   291                   1145.7366 13810319         
Elapsed time = 2398.43 sec. (544158.02 ticks, tree = 796.16 MB, solutions = 0)
  41425 10639     1195.5325   609                   1145.7366 13924889         
  41718 10631     1172.3053   565                   1146.1548 13972831         
  42054 10912     1381.0360   403                   1146.3208 14281361         
  42396 10860     1234.7072   546                   1147.1856 14273263         
  42759 11233     1221.5565   506                   1147.3221 14658068         
  43090 11277     2138.5254   329                   1147.3221 14649451         
  43453 11359     2176.9680   338                   1147.3221 14651064         
  43751 11512    infeasible                         1147.3221 15041984         
  43988 11470     1165.3563   563                   1147.6238 14940349         
  44200 11827     1245.6726   577                   1147.6238 15201930         
Elapsed time = 2601.84 sec. (582433.57 ticks, tree = 931.35 MB, solutions = 0)
  44450 11768    infeasible                         1147.6238 15325146         
  44672 11796     1280.9557   575                   1147.6238 15264483         
  44918 11830     1198.5405   606                   1147.6238 15660224         
  45287 11855     1218.9395   520                   1147.6238 15624124         
  45669 11894     1198.4800   543                   1147.6238 15794028         
  46124 11896     1177.1651   677                   1147.6238 15831388         
  46529 12352     2325.8894   175                   1147.6238 16087768         
  46973 12322     1221.0894   583                   1147.6238 16110086         
  47311 12391     1404.9286   441                   1150.8232 16187257         
  47555 12591    infeasible                         1152.5416 16472042         
Elapsed time = 2814.88 sec. (620725.58 ticks, tree = 1006.69 MB, solutions = 0)
  47762 13047    infeasible                         1152.7588 16771127         
  47986 12953     1696.6800   346                   1153.1154 16576622         
  48196 13053    infeasible                         1153.3104 16940284         
  48412 13099     1599.9253   331                   1153.3104 17047251         
  48638 12974     1220.7524   517                   1153.3104 17288972         
  48955 13033    infeasible                         1154.4253 17208443         
  49410 13053     1293.9973   414                   1154.4253 17415081         
  49865 13043     1206.8394   666                   1154.4253 17635187         
  50358 13084     1178.1643   665                   1154.7458 17719319         
  50880 13545     2081.9783   147                   1154.7458 17777339         
Elapsed time = 3022.84 sec. (658997.38 ticks, tree = 1110.09 MB, solutions = 0)
  51413 13794     1281.8490   579                   1154.7458 18015095         
  51889 13759     1252.0730   561                   1154.7458 17959742         
  52307 13866     1229.0667   504                   1154.7458 18184806         
  52778 14680    infeasible                         1154.7458 18466791         
  53273 14764     2451.5024   145                   1154.7458 18334301         
  53645 15534     1180.8289   594                   1154.7458 18835454         
  54038 15611     2250.6482   271                   1154.7458 18822116         
  54414 15318    infeasible                         1154.7458 18817180         
  54950 15810     2385.2557   158                   1154.7458 19100784         
  55595 15817     2092.4818   257                   1154.7458 19101017         
Elapsed time = 3238.26 sec. (697230.07 ticks, tree = 1310.99 MB, solutions = 0)
  56202 16129     1268.2055   544                   1154.7458 19353192         
  56791 16143    infeasible                         1154.7458 19382865         
  57397 17118    infeasible                         1154.7458 19587960         
  57801 17123     1196.4822   564                   1154.7925 19560194         
  58133 17386     1172.3477   677                   1160.0954 19824719         
  58503 17453     1186.7508   340                   1160.0954 19928472         
  58863 18104     1240.0542   525                   1160.4271 20070007         
  59198 18156     1343.2040   456                   1161.4576 20187841         
  59566 18311     1196.3416   575                   1162.0346 20432584         
  59886 18433     1211.7191   470                   1162.2271 20654366         
Elapsed time = 3440.89 sec. (735505.21 ticks, tree = 1541.31 MB, solutions = 0)
  60167 18455    infeasible                         1162.6503 20714697         
  60422 18537    infeasible                         1163.1588 20838844         
  60641 18656     1332.6433   434                   1163.3087 20993772         
  60846 18766     1484.9311   409                   1163.3087 21121746         
  61071 18863    infeasible                         1163.3087 21242688         
  61287 18823     1361.8657   559                   1164.5393 21731375         
  61537 18851     1335.0176   465                   1164.6035 21634210         
  61854 18798     1341.2479   583                   1164.7778 21561539         
  62143 18794     1659.6007   399                   1165.1475 22036869         
  62522 18847     1454.5059   483                   1165.1808 21832696         
Elapsed time = 3660.47 sec. (773828.51 ticks, tree = 1550.57 MB, solutions = 0)
  62883 18897     1195.2411   555                   1165.1808 22285216         
  63201 18938    infeasible                         1165.1808 22307773         
  63570 18991     1370.8888   430                   1166.0241 22353276         
  63895 19149     1352.2162   534                   1166.0241 22577059         
  64167 19198     1254.7275   625                   1166.2157 22656158         
  64449 19393    infeasible                         1167.2944 23147985         
  64708 19379     1197.9138   495                   1167.8312 23217652         
  64957 19387    infeasible                         1168.1152 23137025         
  65229 19404     1207.2138   631                   1168.4376 23416706         
  65589 19517     2142.3690   324                   1168.6700 23303814         
Elapsed time = 3879.95 sec. (812118.49 ticks, tree = 1628.65 MB, solutions = 0)
  66167 19467     2159.6507   262                   1168.6700 23768538         
  66728 19421     1202.5073   570                   1168.6700 23878027         
  67194 19460     1422.2129   428                   1168.6700 23793125         
  67548 19303     1261.6256   619                   1169.3031 23766286         
  67928 19453     1361.2762   560                   1169.8250 23967809         
  68338 19448     1185.1147   486                   1169.8250 23987748         
  68777 20301     1245.2183   573                   1171.0317 24365362         
  69270 20295     1249.8920   599                   1171.3797 24427002         
  69751 20791     3007.3295   252                   1171.8440 24464388         
  70142 20780     1230.4670   606                   1172.3174 25067813         
Elapsed time = 4085.58 sec. (850347.70 ticks, tree = 1667.70 MB, solutions = 0)
  70470 20754    infeasible                         1172.3174 25010947         
  70818 21394     3088.0430   217                   1172.3174 25101098         
  71165 20755    infeasible                         1172.3174 24954758         
  71647 21679     2224.1645   227                   1172.3174 25601958         
  72313 21922     2282.2289   246                   1172.3174 25604678         
  72840 22073     2318.6304   172                   1172.3174 25607343         
  73280 22109     1200.6970   730                   1172.3174 25611924         
  73733 21814     1233.5834   624                   1172.3174 25875310         
  74223 21855     1195.3681   628                   1172.3174 25978827         
  74635 21872     1259.5021   580                   1175.4182 25983616         
Elapsed time = 4295.20 sec. (888645.16 ticks, tree = 1801.66 MB, solutions = 0)
  74976 22962     1353.0364   503                   1175.4182 26253028         
  75552 23125     1215.8271   519                   1175.4182 26466428         
  76067 23250     1416.4957   442                   1176.8041 26621883         
  76559 23881     1453.3310   341                   1176.8190 26911410         
  77041 23939     1353.6893   499                   1177.1490 26996914         
  77505 23785     1248.6654   538                   1177.7746 26864027         
  78045 23792     1203.4387   487                   1177.8505 26904966         
  78558 24687     1228.4487   606                   1177.8505 27501298         
  79089 25034     2510.7134   155                   1177.8505 27304990         
  79541 24685     1283.6695   456                   1177.8505 27445484         
Elapsed time = 4505.04 sec. (926886.59 ticks, tree = 2026.97 MB, solutions = 0)
  79900 24703    infeasible                         1177.8505 27475396         
  80250 25549     1381.4374   413                   1177.8505 28037958         
  80623 25608    infeasible                         1177.8505 28245549         
* 80959 25909      integral     0     3269.0641     1177.8505 27967316   63.97%
  81212 25617    infeasible           3269.0641     1180.3512 28330967   63.89%
  81538 25638    infeasible           3269.0641     1180.3512 28377283   63.89%
* 81804+25891                         3166.7793     1180.3512            62.73%
  82018 26073     1931.8846   318     3166.7793     1180.3512 28642221   62.73%
  82493 25979     1951.3952   215     3166.7793     1180.3512 28891933   62.73%
  83170 26184     2028.3528    86     3166.7793     1180.3512 28895198   62.73%
  83983 25980    infeasible           3166.7793     1180.3512 28936223   62.73%
Elapsed time = 4720.18 sec. (964250.85 ticks, tree = 2160.44 MB, solutions = 3)
Nodefile size = 111.32 MB (74.96 MB after compression)
  84758 26046     2276.9136   283     3166.7793     1180.3512 28944373   62.73%
* 85184+26118                         3059.2074     1180.3512            61.42%
  85507 25962     2344.4989   164     3059.2074     1180.3512 29397145   61.42%
  86373 27610     2407.5013    79     3059.2074     1180.3512 29539015   61.42%
  87245 27808     2512.9620    89     3059.2074     1180.3512 29541812   61.42%
* 87373+27842                         2926.1069     1180.3512            59.66%
  88002 26802     2735.1497   204     2926.1069     1180.3512 29442116   59.66%
  88517 27420     1205.6587   627     2926.1069     1181.5321 29840904   59.62%
  88981 27510     1230.2556   637     2926.1069     1181.5321 29985030   59.62%
  89443 28409     2714.8489    27     2926.1069     1181.5321 30149525   59.62%
  89797 27552     1290.9876   544     2926.1069     1181.5321 30020292   59.62%
  90055 28823     1260.5533   510     2926.1069     1183.2240 30355563   59.56%
Elapsed time = 4922.83 sec. (1002495.66 ticks, tree = 2306.93 MB, solutions = 5)
Nodefile size = 254.71 MB (164.45 MB after compression)
  90298 29023    infeasible           2926.1069     1183.2240 30585945   59.56%
  90564 29044    infeasible           2926.1069     1186.0057 30750082   59.47%
  90819 29035    infeasible           2926.1069     1186.5564 30790004   59.45%
  91096 28949     1315.1623   507     2926.1069     1186.8318 30525113   59.44%
  91383 29079     1248.6022   630     2926.1069     1187.3227 31085456   59.42%
* 91595+29086                         2894.3916     1187.3227            58.98%
  91685 29029     1558.9975   355     2894.3916     1187.3227 31425256   58.98%
  92084 29257     2024.3172   213     2894.3916     1187.3227 31332321   58.98%
* 92336+29354                         2752.6799     1187.3227            56.87%
* 92659+29053                         2654.5965     1187.3227            55.27%
* 92665+29053                         2640.6498     1187.3227            55.04%
* 92672+29053                         2638.8871     1187.3227            55.01%
* 92677+29053                         2636.0791     1187.3227            54.96%
  92706 28943     1208.2936   629     2636.0791     1187.3227 31639814   54.96%
  93310 29015    infeasible           2636.0791     1187.3227 31282236   54.96%
  94146 29665     2431.1129    81     2636.0791     1187.3227 31626578   54.96%
Elapsed time = 5146.75 sec. (1040760.18 ticks, tree = 2367.20 MB, solutions = 13)
Nodefile size = 303.12 MB (195.94 MB after compression)
  94869 28249    infeasible           2636.0791     1188.4627 32034999   54.92%
  95603 28252     1688.2212   417     2636.0791     1188.4627 31726787   54.92%
  96230 28073    infeasible           2636.0791     1189.9280 31884419   54.86%
  96697 28614     1376.9187   433     2636.0791     1189.9280 32188468   54.86%
* 96775+29534                         2526.0496     1189.9280            52.89%
* 96778+29534                         2523.0943     1189.9280            52.84%
  97083 28594     1244.8917   599     2523.0943     1189.9280 32143113   52.84%
  97462 28599     1221.1163   572     2523.0943     1191.3450 32101370   52.78%
  97853 29508     1236.0320   514     2523.0943     1191.6385 32429190   52.77%
  98211 30063     1295.1657   448     2523.0943     1192.0972 32988217   52.75%
* 98437+29548                         2504.1269     1192.4755            52.38%
* 98442+29548                         2501.7609     1192.4755            52.33%
* 98442+29548                         2500.9024     1192.4755            52.32%
  98657 29625     1374.7744   513     2500.9024     1192.4755 32826621   52.32%
  99103 29943     2207.0152   275     2500.9024     1193.6573 33492502   52.27%
Elapsed time = 5358.89 sec. (1078960.95 ticks, tree = 2207.51 MB, solutions = 20)
Nodefile size = 152.46 MB (95.71 MB after compression)
* 99165+29766                         2498.9785     1193.6573            52.23%
  99397 30058    infeasible           2498.9785     1194.1036 33045151   52.22%
  99704 30006     2227.9790   268     2498.9785     1194.5928 33493552   52.20%
 100003 30205     1429.3869   305     2498.9785     1195.0415 33250324   52.18%
 100329 30262     2368.3500   335     2498.9785     1195.6995 33670418   52.15%
 100662 29909     1226.6499   658     2498.9785     1196.1737 33541161   52.13%
*100893+30053                         2491.7738     1196.1737            52.00%
 100955 30292     1768.1443   393     2491.7738     1196.1737 33851239   52.00%
 101273 30257     2284.2267   174     2491.7738     1196.1737 34170382   52.00%
 101660 30306     2305.8222   213     2491.7738     1196.1737 34171385   52.00%
 102050 29993    infeasible           2491.7738     1196.1737 34330307   52.00%
 102503 30127     2397.2987   159     2491.7738     1196.1737 34795668   52.00%
Elapsed time = 5588.22 sec. (1117208.70 ticks, tree = 2230.38 MB, solutions = 22)
Nodefile size = 180.08 MB (113.18 MB after compression)
 103176 30027    infeasible           2491.7738     1196.7121 34297617   51.97%
 103710 29978     2218.9433   304     2491.7738     1196.7121 34460500   51.97%
 104358 30182    infeasible           2491.7738     1196.7121 35016397   51.97%
 104789 30224    infeasible           2491.7738     1196.7121 35001862   51.97%
 105149 30935    infeasible           2491.7738     1196.7121 35431319   51.97%
 105547 30974     1223.5854   522     2491.7738     1199.9982 35570617   51.84%
 105923 30985     1487.5176   480     2491.7738     1200.3948 35576014   51.83%
 106324 30305     1370.6163   444     2491.7738     1200.8679 35365652   51.81%
 106752 31144     1316.3497   493     2491.7738     1201.2882 35752840   51.79%
 107085 31165     1368.8496   498     2491.7738     1201.7301 35731132   51.77%
Elapsed time = 5791.83 sec. (1155577.63 ticks, tree = 2209.73 MB, solutions = 22)
Nodefile size = 180.08 MB (113.18 MB after compression)
 107427 31182     1259.2191   572     2491.7738     1201.9926 35901815   51.76%
 107773 31465    infeasible           2491.7738     1202.4196 36514601   51.74%
 108077 31471     1283.1522   404     2491.7738     1202.9014 36824199   51.73%
 108383 31508    infeasible           2491.7738     1203.2185 36717279   51.71%
 108677 31506     1251.7196   630     2491.7738     1203.6463 36687366   51.70%
 108981 31503    infeasible           2491.7738     1204.2060 36752401   51.67%
 109267 31498    infeasible           2491.7738     1204.3898 36756430   51.67%
 109571 31503     1499.4314   447     2491.7738     1205.1715 37129483   51.63%
*109714+31278                         2489.5402     1205.3484            51.58%
 109877 31516     2170.5877   349     2489.5402     1205.4082 37134796   51.58%
 110226 31173     1432.7466   378     2489.5402     1205.8931 37608431   51.56%
Elapsed time = 6023.15 sec. (1193863.52 ticks, tree = 2225.17 MB, solutions = 23)
Nodefile size = 193.57 MB (118.95 MB after compression)
 110740 31304     2219.8303   203     2489.5402     1206.8700 37768287   51.52%
 111494 31495     2095.6442   214     2489.5402     1207.1918 37379843   51.51%
 112204 31719     2452.7951   202     2489.5402     1207.7442 37776494   51.49%
 112899 31176     1246.9073   635     2489.5402     1207.7442 38163391   51.49%
*113112+31262                         2467.3278     1207.7442            51.05%
*113120+31262                         2462.3265     1207.7442            50.95%
 113568 31452     2206.8316   259     2462.3265     1207.7442 38226581   50.95%
*113909+31705                         2457.1248     1207.7442            50.85%
 114343 31156     2294.3441   108     2457.1248     1207.7442 38381569   50.85%
*114438+30942                         2455.4313     1207.7442            50.81%
 115012 32066     2370.4065   112     2455.4313     1207.7442 38508593   50.81%
 115593 32608     1303.0709   431     2455.4313     1210.4062 38780961   50.70%
 116056 31263     1587.2294   449     2455.4313     1210.4062 38120718   50.70%
 116485 32656     1286.8196   448     2455.4313     1210.4062 39027442   50.70%
Elapsed time = 6220.44 sec. (1232085.98 ticks, tree = 2173.14 MB, solutions = 30)
Nodefile size = 140.66 MB (86.04 MB after compression)
 116980 32653     1282.2729   536     2455.4313     1210.4062 39204627   50.70%
 117373 32610     1360.8955   506     2455.4313     1210.4062 39325520   50.70%
 117799 32621     1253.7735   491     2455.4313     1213.5611 39011441   50.58%
*117813+32569                         2441.6031     1213.5611            50.30%
 118217 32542    infeasible           2441.6031     1213.8907 38898401   50.28%
 118556 32630     1283.0492   594     2441.6031     1213.9713 39313850   50.28%
 118990 32614     1291.3559   413     2441.6031     1214.6638 39290917   50.25%
*119040+32675                         2434.7294     1214.7307            50.11%
 119344 32977     1373.3265   563     2434.7294     1215.1378 39499801   50.09%
 119888 32932     2420.2683   176     2434.7294     1215.2940 39729231   50.09%
 120290 33077     1282.8994   569     2434.7294     1216.2544 39656883   50.05%
 120600 32575     1252.8125   601     2434.7294     1216.9582 40548296   50.02%
Elapsed time = 6441.94 sec. (1270409.70 ticks, tree = 2210.32 MB, solutions = 34)
Nodefile size = 156.11 MB (95.59 MB after compression)
 120904 32585     1432.5686   496     2434.7294     1217.1935 40551868   50.01%
 121239 32404     1249.5664   556     2434.7294     1217.7209 40366331   49.99%
 121559 32568        cutoff           2434.7294     1218.2151 40907575   49.97%
 121952 32630     2079.4973   304     2434.7294     1218.9769 40881749   49.93%
 122344 32458     1875.4590   300     2434.7294     1220.1141 41163339   49.89%
 122723 32493     1885.1113   296     2434.7294     1220.9625 41164126   49.85%
 123115 32572     2007.3698   216     2434.7294     1221.2697 41298843   49.84%
 123568 32412     1392.6126   421     2434.7294     1221.6277 41432722   49.82%
 124112 32656     2104.0237   233     2434.7294     1221.6277 41301044   49.82%
 124844 32664     2010.5352   199     2434.7294     1221.6277 41167548   49.82%
Elapsed time = 6681.26 sec. (1308675.39 ticks, tree = 2224.75 MB, solutions = 34)
Nodefile size = 180.89 MB (111.82 MB after compression)
 125751 32394     1345.3093   399     2434.7294     1221.6277 41768601   49.82%
 126730 33392     1633.9706   444     2434.7294     1221.6277 42284360   49.82%
 127670 33046     2178.0457   279     2434.7294     1221.6277 42092849   49.82%
*128527+33064                         2386.0550     1223.5754            48.72%
 128554 33206     2246.0565   167     2386.0550     1223.5754 42097054   48.72%
*129523+32773                         2386.0475     1223.5754            48.72%
*129528+32773                         2384.3757     1223.5754            48.68%
*129539+32773                         2382.7232     1223.5754            48.65%
 129542 32775     1315.0118   452     2382.7232     1223.5754 42447903   48.65%
 130414 34086     2409.0004   148     2382.7232     1223.5754 42324220   48.65%
 130868 32859     1345.1830   575     2382.7232     1225.7439 42494146   48.56%
 131300 33383    infeasible           2382.7232     1225.7439 43045264   48.56%
 131796 34781    infeasible           2382.7232     1228.2821 43208068   48.45%
 132275 32986     2243.5528   274     2382.7232     1228.2821 42547253   48.45%
Elapsed time = 6895.54 sec. (1346900.71 ticks, tree = 2109.36 MB, solutions = 40)
Nodefile size = 70.54 MB (43.79 MB after compression)
*132548+33004                         2347.6257     1228.2821            47.68%
*132560+33004                         2336.2894     1228.2821            47.43%
 132788 33861     2270.6865   273     2336.2894     1231.4464 43589989   47.29%
 133619 34117     2323.3209   175     2336.2894     1232.3925 43593433   47.25%
*133734+34137                         2329.6253     1232.5146            47.09%
 134217 33919     1371.0048   421     2329.6253     1232.6294 43841592   47.09%
*134379+34464                         2329.3639     1233.1879            47.06%
*134380+34464                         2328.6167     1233.1879            47.04%
 134771 35064    infeasible           2328.6167     1233.7028 43446654   47.02%
 135288 34577     1895.3267   300     2328.6167     1234.9994 44312953   46.96%
 135867 34786     1971.7380   153     2328.6167     1235.3955 44316819   46.95%
 136447 34994     2050.9717    82     2328.6167     1235.8350 44320897   46.93%
*136712+35017                         2319.4598     1236.6277            46.68%
*136733+35017                         2257.2202     1236.6277            45.21%
*136746+35017                         2252.3758     1236.6277            45.10%
 137040 31415     2173.8923    68     2252.3758     1237.0214 44756801   45.08%
 137499 31644     2017.2826   309     2252.3758     1237.6665 44904184   45.05%
 137882 31705    infeasible           2252.3758     1237.6665 45157402   45.05%
Elapsed time = 7119.14 sec. (1385145.67 ticks, tree = 2081.17 MB, solutions = 50)
Nodefile size = 25.72 MB (15.35 MB after compression)
 138221 31736     2041.1400   205     2252.3758     1239.8758 44905417   44.95%
 138545 31820    infeasible           2252.3758     1240.1345 45419060   44.94%
 138927 31801     2118.3779   253     2252.3758     1240.1345 45234855   44.94%
 139313 31887     2078.7478   184     2252.3758     1240.1345 44907491   44.94%
 139710 31761     1801.9133   347     2252.3758     1243.6082 45581856   44.79%
 140146 31869     2023.9578   268     2252.3758     1243.6082 45548404   44.79%
 140658 32244     1989.6408   308     2252.3758     1243.6082 45953306   44.79%
*141075+32312                         2202.1017     1243.6082            43.53%
*141086+32312                         2194.0752     1243.6082            43.32%
*141087+32312                         2193.4595     1243.6082            43.30%
 141247 31826     1989.8759   243     2193.4595     1243.6082 45649369   43.30%
*141965+28891                         2188.8006     1243.6082            43.18%
 142323 29144     2192.2292   162     2188.8006     1243.6082 46375994   43.18%
*142827+29059                         2161.0781     1243.6082            42.45%
 143296 29055     2067.4043   284     2161.0781     1243.6082 46548328   42.45%
Elapsed time = 7348.10 sec. (1423348.72 ticks, tree = 1807.07 MB, solutions = 56)
 144337 27934     2028.9383   322     2161.0781     1245.5238 46671267   42.37%
*144799+27246                         2071.8145     1245.5238            39.88%
*144936+27246                         2068.4957     1245.5238            39.79%
 145287 28077     2079.2130   288     2068.4957     1245.5238 46674837   39.79%
 146360 23043     1964.9107   227     2068.4957     1245.5238 46796670   39.79%
 147555 22754     1356.1426   393     2068.4957     1245.5238 46875564   39.79%
*148012+22748                         2061.3619     1245.5238            39.58%
 148356 22948     1986.5560   214     2061.3619     1245.5238 46905570   39.58%
 149042 23114     2039.2870   166     2061.3619     1245.5238 46909829   39.58%
 149492 28332     1295.4563   563     2061.3619     1245.5238 46757761   39.58%
 149964 22734     1289.4691   503     2061.3619     1253.0102 47012774   39.21%
 150360 22837     1311.4087   495     2061.3619     1253.9800 46859191   39.17%
 150800 23386     1441.7708   604     2061.3619     1254.4966 47653856   39.14%
Elapsed time = 7553.17 sec. (1461560.01 ticks, tree = 1545.31 MB, solutions = 66)
 151288 24419     1394.3519   509     2061.3619     1255.8353 47915690   39.08%
 151769 24947    infeasible           2061.3619     1256.8158 48586857   39.03%
 152256 23437     1383.3948   330     2061.3619     1257.4119 47752849   39.00%
*152458+24958                         2050.9465     1257.4119            38.69%
 152724 24890     1990.1089   317     2050.9465     1258.0863 48242971   38.66%
*152896+24365                         2041.2875     1258.0863            38.37%
 153292 24439     1368.3865   645     2041.2875     1258.7729 48014087   38.33%
 153796 24338     1431.2026   373     2041.2875     1259.4772 48838789   38.30%
 154342 23895     1298.0730   564     2041.2875     1260.8219 49224258   38.23%
 154976 25018     2023.7531   336     2041.2875     1261.7712 48847898   38.19%
*155372+23897                         2033.4428     1263.2835            37.87%
 155431 24969     1304.5539   408     2033.4428     1263.4348 48667288   37.87%
 155827 23739     1363.9524   491     2033.4428     1263.8523 48894636   37.85%
Elapsed time = 7764.66 sec. (1499834.52 ticks, tree = 1672.11 MB, solutions = 69)
 156213 24055     1309.2111   571     2033.4428     1264.4059 49562582   37.82%
 156604 24063     1470.4695   467     2033.4428     1264.9094 49568651   37.79%
*156891+23929                         2030.0054     1265.5540            37.66%
 157016 23866    infeasible           2030.0054     1266.1413 50279344   37.63%
 157365 23901    infeasible           2030.0054     1266.4180 49420188   37.62%
 157684 23976     1898.3164   359     2030.0054     1267.4986 50446574   37.56%
 158005 23700     1469.4412   557     2030.0054     1268.7096 50820680   37.50%
 158324 23704     1446.2903   386     2030.0054     1269.4962 50905374   37.46%
 158671 23903     1987.4820   343     2030.0054     1269.6765 51126249   37.45%
 159036 23805    infeasible           2030.0054     1270.1460 51170173   37.43%
*159367+23774                         2021.0867     1272.0514            37.06%
 159367 23625    infeasible           2021.0867     1272.0514 51593625   37.06%
Elapsed time = 7999.07 sec. (1538186.08 ticks, tree = 1585.38 MB, solutions = 74)
 159724 23743     1340.0668   633     2021.0867     1272.3009 51280569   37.05%
 160038 22967    infeasible           2021.0867     1273.4247 51808617   36.99%
*160279+22955                         2017.5254     1274.2390            36.84%
 160337 23749     1510.6030   462     2017.5254     1274.4809 51384028   36.83%
 160699 22705     1472.5238   502     2017.5254     1275.8684 52069904   36.76%
 161049 23030    infeasible           2017.5254     1277.3141 51659763   36.69%
 161404 22942        cutoff           2017.5254     1277.7225 51886691   36.67%
 161839 23182     2008.4310   288     2017.5254     1278.6937 51938972   36.62%
 162231 22937     1414.8132   399     2017.5254     1279.3062 51833501   36.59%
 162588 22729     1552.0504   420     2017.5254     1279.5901 52300530   36.58%
*162709+22689                         2016.9620     1280.3754            36.52%
 163018 22730     1477.4873   475     2016.9620     1281.1334 52304996   36.48%
Elapsed time = 8232.78 sec. (1576488.52 ticks, tree = 1530.40 MB, solutions = 77)
*163245+22519                         2008.0433     1281.1334            36.20%
 163434 21798     1622.3243   487     2008.0433     1282.9411 53186090   36.11%
 163917 22589    infeasible           2008.0433     1284.0721 52734711   36.05%
 164405 22467        cutoff           2008.0433     1284.6639 52859817   36.02%
 164874 21787    infeasible           2008.0433     1284.9833 53237613   36.01%
 165485 22647     1924.8520   316     2008.0433     1286.7377 53010106   35.92%
 166110 21700    infeasible           2008.0433     1287.2895 53527139   35.89%
 166741 22945     2015.3154   157     2008.0433     1288.7752 53019312   35.82%
 167260 21673     1511.5476   503     2008.0433     1289.6960 53909290   35.77%
 167867 21691     1363.5608   499     2008.0433     1291.7873 53580337   35.67%
*168028+21683                         2001.7545     1291.7873            35.47%
 168304 22481    infeasible           2001.7545     1293.0844 54573140   35.40%
Elapsed time = 8438.89 sec. (1614738.39 ticks, tree = 1575.78 MB, solutions = 79)
 168742 21663     1476.5651   443     2001.7545     1293.5333 53722165   35.38%
 169188 21696     1426.1653   460     2001.7545     1293.9267 54191396   35.36%
 169619 22207     1435.0635   487     2001.7545     1296.0357 54407342   35.26%
 170038 21584    infeasible           2001.7545     1296.2528 54031980   35.24%
 170371 22068        cutoff           2001.7545     1297.8251 54889721   35.17%
 170732 22161     1453.1748   427     2001.7545     1298.3394 54757216   35.14%
 171023 22162     1389.9391   386     2001.7545     1300.8993 55272244   35.01%
 171348 22237     1592.4595   433     2001.7545     1302.7329 55996458   34.92%
 171674 22265     1590.6238   463     2001.7545     1303.1054 56109185   34.90%
 172009 22073    infeasible           2001.7545     1303.9605 56422386   34.86%
Elapsed time = 8674.79 sec. (1653037.71 ticks, tree = 1462.75 MB, solutions = 79)
 172347 22130     1372.1295   589     2001.7545     1305.3835 55433465   34.79%
 172704 22047     1550.1360   447     2001.7545     1306.0622 56535038   34.75%
 173062 21994    infeasible           2001.7545     1307.4586 56709533   34.68%
 173444 21999    infeasible           2001.7545     1308.0935 56788864   34.65%
*173577+22214                         2000.6238     1308.0935            34.62%
*173727+22232                         1999.4083     1310.2594            34.47%
 173788 21950     1388.6251   457     1999.4083     1310.5803 56926988   34.45%
 174175 22016     1449.6600   414     1999.4083     1312.4531 56586958   34.36%
 174562 22004    infeasible           1999.4083     1313.0982 56661311   34.33%
 175009 21789     1584.7357   477     1999.4083     1314.2422 57503912   34.27%
 175744 22100     1998.3981   209     1999.4083     1315.9193 57209645   34.18%
*175996+21873                         1995.2678     1316.3893            34.02%
 176355 21725     1460.6385   497     1995.2678     1316.7468 57653465   34.01%
Elapsed time = 8919.38 sec. (1691298.51 ticks, tree = 1455.05 MB, solutions = 82)
*176458+21651                         1994.7325     1317.1440            33.97%
 176845 21699     1649.8642   352     1994.7325     1318.7264 57442693   33.89%
 177374 21862    infeasible           1994.7325     1319.6740 57098119   33.84%
 177896 21713     1391.5170   336     1994.7325     1322.8070 57703809   33.68%
 178561 21816     1400.8311   362     1994.7325     1325.0686 57540696   33.57%
 179278 21693     1395.4317   420     1994.7325     1325.3614 58188214   33.56%
 179902 21971     1405.2502   509     1994.7325     1326.1198 58363836   33.52%
 180413 21939     1391.5868   332     1994.7325     1328.6387 58303301   33.39%
 181017 22094    infeasible           1994.7325     1329.9735 58581397   33.33%
 181575 22091     1439.7227   570     1994.7325     1331.5076 58587347   33.25%
 182224 21940     1509.6974   428     1994.7325     1333.1393 58457595   33.17%
Elapsed time = 9130.08 sec. (1729513.97 ticks, tree = 1521.66 MB, solutions = 84)
 182791 21964     1408.1689   432     1994.7325     1335.2212 58425274   33.06%
 183355 22118     1404.3845   610     1994.7325     1337.0224 59091703   32.97%
 183933 22114     1416.0120   390     1994.7325     1337.9763 59450223   32.92%
 184480 22396     1429.3560   385     1994.7325     1337.9763 59967831   32.92%
 185094 22426     1428.8594   329     1994.7325     1338.9294 60285373   32.88%
 185641 22453     1393.1197   332     1994.7325     1340.9446 60031451   32.78%
 186187 22103    infeasible           1994.7325     1341.2082 59528963   32.76%
*186736+22171                         1993.7171     1343.7123            32.60%
 186748 22703     1872.9351   308     1993.7171     1343.7123 61024633   32.60%
 187276 22530    infeasible           1993.7171     1344.5748 60611676   32.56%
 187762 22600    infeasible           1993.7171     1348.2711 61398555   32.37%
Elapsed time = 9366.75 sec. (1767746.10 ticks, tree = 1545.40 MB, solutions = 85)
 188172 22801     1925.0888   138     1993.7171     1349.9142 61027982   32.29%
 188595 22856     1921.6138   187     1993.7171     1349.9142 61081333   32.29%
*188679+22862                         1976.2609     1349.9142            31.69%
 189046 21451    infeasible           1976.2609     1350.2564 61998857   31.68%
 189515 22525     1440.6853   428     1976.2609     1352.3197 60739599   31.57%
 189899 21358     1474.4177   445     1976.2609     1352.7418 62281325   31.55%
 190265 21389     1422.1277   443     1976.2609     1354.3411 62211583   31.47%
 190685 22478    infeasible           1976.2609     1354.8200 61588251   31.45%
 191043 21450    infeasible           1976.2609     1354.8200 62138760   31.45%
 191426 21244        cutoff           1976.2609     1354.8200 62411084   31.45%
 191823 21319     1458.3324   511     1976.2609     1354.8200 62338464   31.45%
Elapsed time = 9602.75 sec. (1806086.23 ticks, tree = 1402.83 MB, solutions = 86)
 192205 21261     1457.8009   381     1976.2609     1362.0447 62380448   31.08%
 192621 20996    infeasible           1976.2609     1363.2113 63242482   31.02%
 193070 20933    infeasible           1976.2609     1364.7112 63038062   30.94%
 193561 21596     1963.5409   142     1976.2609     1365.8176 62698401   30.89%
 194040 21106    infeasible           1976.2609     1367.4663 62863874   30.81%
 194550 21180    infeasible           1976.2609     1367.7520 62799015   30.79%
 195145 20848     1470.0601   417     1976.2609     1370.4462 63576763   30.65%
 195736 20615     1455.5141   426     1976.2609     1372.5667 63795897   30.55%
*196238+20875                         1973.3167     1372.5667            30.44%
 196505 20387     1919.7419   172     1973.3167     1372.8630 64335097   30.43%
 197304 20821     1474.4206   385     1973.3167     1373.8203 63923325   30.38%
Elapsed time = 9830.23 sec. (1844311.16 ticks, tree = 1396.47 MB, solutions = 87)
 197942 20850     1494.5831   382     1973.3167     1375.3594 63600725   30.30%
 198637 20659     1493.1737   430     1973.3167     1375.6537 64214729   30.29%
 199326 20076     1438.1325   352     1973.3167     1377.2879 65008741   30.20%
 200040 20042        cutoff           1973.3167     1377.7442 64805003   30.18%
 200711 20084     1522.9369   402     1973.3167     1380.6867 65299272   30.03%
 201345 20203     1588.4560   487     1973.3167     1381.8060 64501718   29.98%
 201968 20125        cutoff           1973.3167     1383.1346 65847196   29.91%
 202600 20043     1487.5732   360     1973.3167     1383.7995 65620861   29.87%
 203219 20066     1504.7915   454     1973.3167     1384.8367 65377713   29.82%
 203756 20113     1607.9998   321     1973.3167     1386.8606 65330536   29.72%
Elapsed time = 10042.95 sec. (1882514.95 ticks, tree = 1374.13 MB, solutions = 88)
 204414 20227     1816.1264   353     1973.3167     1388.0274 65290800   29.66%
 204984 20167    infeasible           1973.3167     1389.6351 66270525   29.58%
*205241+20044                         1973.0378     1389.9305            29.55%
 205500 20121     1497.7403   428     1973.0378     1390.3413 65886516   29.53%
 205936 20080        cutoff           1973.0378     1392.8146 66729521   29.41%
 206339 20392     1478.7941   372     1973.0378     1393.8204 67268337   29.36%
 206740 20377     1487.0405   343     1973.0378     1394.1654 67219940   29.34%
 207097 20557     1912.7392   127     1973.0378     1395.4793 66920829   29.27%
 207493 20376     1520.9059   443     1973.0378     1397.9934 67385769   29.15%
 207899 20378    infeasible           1973.0378     1400.3262 67082800   29.03%
 208276 20078     1668.3685   504     1973.0378     1401.6931 68154675   28.96%
Elapsed time = 10279.97 sec. (1920774.47 ticks, tree = 1327.23 MB, solutions = 89)
 208659 20015    infeasible           1973.0378     1404.6334 68307243   28.81%
 209038 20505     1946.5109   312     1973.0378     1407.0215 67444844   28.69%
 209463 20340     1543.6796   444     1973.0378     1408.1715 67790854   28.63%
 209823 20018    infeasible           1973.0378     1409.8175 68283465   28.55%
 210201 20072     1557.3548   414     1973.0378     1410.9620 68617462   28.49%
 210551 20178     1502.3435   408     1973.0378     1414.0290 68035853   28.33%
 210916 20076    infeasible           1973.0378     1415.9455 68654360   28.24%
 211265 19759        cutoff           1973.0378     1418.5242 69278740   28.10%
 211672 19624    infeasible           1973.0378     1419.5414 69423532   28.05%
 212164 20049     1598.3322   401     1973.0378     1422.8900 68639686   27.88%
Elapsed time = 10521.19 sec. (1959047.93 ticks, tree = 1310.37 MB, solutions = 89)
 212690 19865     1485.6789   307     1973.0378     1425.1733 69181392   27.77%
 213207 19733     1506.4489   388     1973.0378     1426.7235 69375301   27.69%
*213294+19796                         1972.6089     1426.7235            27.67%
 213709 19943    infeasible           1972.6089     1427.2990 69091480   27.64%
*214093+19637                         1971.7744     1429.5308            27.50%
 214290 19754     1524.7354   443     1971.7744     1429.5308 69309130   27.50%
 214909 19840     1498.4237   438     1971.7744     1433.0821 69199414   27.32%
 215521 18857     1659.6740   341     1971.7744     1434.8732 70245406   27.23%
 216123 18709     1616.5840   357     1971.7744     1437.3817 70465013   27.10%
 216752 19344     1564.5934   453     1971.7744     1438.7543 69796529   27.03%
*216770+19285                         1961.7965     1439.4127            26.63%
 217310 18678     1534.7175   382     1961.7965     1443.2272 70629559   26.43%
*217821+17939                         1959.8523     1443.7897            26.33%
 217928 19190     1629.6176   320     1959.8523     1443.7897 69948064   26.33%
Elapsed time = 10749.74 sec. (1997268.70 ticks, tree = 1268.04 MB, solutions = 93)
 218508 17956     1546.7752   447     1959.8523     1445.3543 71145890   26.25%
 219064 18686    infeasible           1959.8523     1447.6974 70603007   26.13%
 219523 17760    infeasible           1959.8523     1449.9970 71375071   26.01%
 219961 17785     1794.9737   349     1959.8523     1451.7131 71868043   25.93%
 220378 18006     1536.3239   408     1959.8523     1453.6266 71071556   25.83%
 220775 17682    infeasible           1959.8523     1455.2372 72522966   25.75%
 221156 17745    infeasible           1959.8523     1458.6853 71337833   25.57%
 221513 17772    infeasible           1959.8523     1458.6853 71996203   25.57%
*221574+17650                         1959.4234     1459.4884            25.51%
 221869 17555     1516.3821   362     1959.4234     1459.4884 72873177   25.51%
 222253 17751    infeasible           1959.4234     1461.2558 71949517   25.42%
Elapsed time = 10991.74 sec. (2035499.70 ticks, tree = 1102.45 MB, solutions = 94)
 222658 17688     1556.7868   363     1959.4234     1463.6475 72386220   25.30%
 223026 17576    infeasible           1959.4234     1465.6279 72842767   25.20%
 223421 17072     1605.3676   415     1959.4234     1466.7513 73487374   25.14%
 223811 17319     1538.4687   424     1959.4234     1467.5018 73199221   25.11%
 224241 17148     1553.7909   469     1959.4234     1469.5049 73391982   25.00%
 224622 16918    infeasible           1959.4234     1470.3482 73650404   24.96%
 225003 16664    infeasible           1959.4234     1471.3678 74022197   24.91%
 225394 16589     1900.1780   334     1959.4234     1472.4927 74177619   24.85%
 225795 16402     1703.5153   457     1959.4234     1475.3446 74404867   24.71%
 226292 16600    infeasible           1959.4234     1478.0773 74065590   24.57%
Elapsed time = 11229.18 sec. (2073737.25 ticks, tree = 1016.51 MB, solutions = 94)
 226779 16535    infeasible           1959.4234     1478.4863 74251193   24.54%
 227443 15932     1569.3196   395     1959.4234     1480.8013 74873325   24.43%
 228018 16538    infeasible           1959.4234     1481.7953 74167612   24.38%
 228617 15627    infeasible           1959.4234     1483.6392 75197412   24.28%
 229276 16063        cutoff           1959.4234     1484.1226 74756457   24.26%
 229980 15525    infeasible           1959.4234     1484.9558 75557141   24.21%
 230707 15630     1589.1941   460     1959.4234     1491.2614 75217129   23.89%
 231407 15523     1551.7880   466     1959.4234     1493.0254 75947164   23.80%
 232259 15768    infeasible           1959.4234     1493.3443 75113305   23.79%
 233152 15517     1580.9664   406     1959.4234     1493.9301 75583267   23.76%
Elapsed time = 11455.09 sec. (2111956.29 ticks, tree = 971.25 MB, solutions = 94)
 233945 15734    infeasible           1959.4234     1493.9301 76190451   23.76%
 234663 15662     1570.6756   418     1959.4234     1496.3207 76052892   23.63%
 235455 15659     1581.2182   482     1959.4234     1498.8789 76020190   23.50%
 236129 15610    infeasible           1959.4234     1501.3818 76128042   23.38%
 236680 15934    infeasible           1959.4234     1505.7143 76842137   23.16%
 237187 16377     1592.2349   408     1959.4234     1505.7143 77487311   23.16%
 237660 15995    infeasible           1959.4234     1509.4171 76902459   22.97%
 238073 16348    infeasible           1959.4234     1509.9275 77462500   22.94%
 238482 16557    infeasible           1959.4234     1513.3601 77750648   22.77%
 238888 16441    infeasible           1959.4234     1513.9942 77911202   22.73%
Elapsed time = 11695.46 sec. (2150188.53 ticks, tree = 970.31 MB, solutions = 94)
 239305 16261     1600.0585   354     1959.4234     1517.5744 78109939   22.55%
 239722 16506     1788.8185   261     1959.4234     1523.7428 78159648   22.24%
 240160 15889    infeasible           1959.4234     1524.1160 78697072   22.22%
 240604 16316        cutoff           1959.4234     1524.1160 78281291   22.22%
*240878+16570                         1941.9210     1525.4520            21.45%
 241005 15665    infeasible           1941.9210     1525.4520 78881121   21.45%
 241422 16005     1736.2146   379     1941.9210     1528.3584 78620647   21.30%
 241843 14365     1823.6441   242     1941.9210     1534.0665 78893331   21.00%
 242289 14100     1631.4111   373     1941.9210     1534.0665 79227514   21.00%
*242464+14003                         1938.1570     1534.0665            20.85%
*242495+13970                         1924.9175     1534.0665            20.30%
*242498+13970                         1923.1967     1534.0665            20.23%
*242499+13970                         1922.8287     1534.0665            20.22%
*242502+13970                         1921.2068     1534.0665            20.15%
*242506+13970                         1920.9175     1534.0665            20.14%
*242761+14326                         1871.8648     1534.0665            18.05%
 242855 13491    infeasible           1871.8648     1534.8383 79376245   18.00%
 243578 11643    infeasible           1871.8648     1540.1120 79382756   17.72%
Elapsed time = 11936.01 sec. (2188485.58 ticks, tree = 584.76 MB, solutions = 102)
 244194 13907     1669.5380   414     1871.8648     1541.6799 79387724   17.64%
*244523+ 8895                         1863.8830     1541.6799            17.29%
 244877  8797     1627.7919   437     1863.8830     1543.7755 79709133   17.17%
 245479 11614     1687.4990   438     1863.8830     1545.1246 79425526   17.10%
 246091  8578     1652.4584   385     1863.8830     1545.1246 80161669   17.10%
 246775  8645     1698.1341   399     1863.8830     1552.1362 79877793   16.73%
 247418  8482     1629.3780   411     1863.8830     1557.5575 80499431   16.43%
 248089  8316     1645.9616   394     1863.8830     1565.9311 81031612   15.99%
 248848  8332     1636.0023   374     1863.8830     1566.3653 80920016   15.96%
 249429  8357    infeasible           1863.8830     1571.7155 80818483   15.68%
 249915  8224        cutoff           1863.8830     1576.5256 81381455   15.42%
Elapsed time = 12163.73 sec. (2226750.75 ticks, tree = 301.45 MB, solutions = 107)
 250378  8054     1663.9148   450     1863.8830     1576.5256 81724057   15.42%
 250803  7862    infeasible           1863.8830     1582.1055 81936704   15.12%
 251177  8162    infeasible           1863.8830     1582.1055 81563427   15.12%
 251558  7780    infeasible           1863.8830     1590.9465 81984569   14.64%
 251940  7337    infeasible           1863.8830     1591.4568 82371801   14.62%
 252295  7209    infeasible           1863.8830     1591.4568 82495554   14.62%
 252632  7306    infeasible           1863.8830     1595.4272 82390847   14.40%
 252995  7270     1792.6601   407     1863.8830     1605.3100 82458720   13.87%
 253413  6837    infeasible           1863.8830     1607.2614 82865239   13.77%
 253908  6640    infeasible           1863.8830     1609.6616 83031519   13.64%
Elapsed time = 12409.50 sec. (2265027.47 ticks, tree = 236.16 MB, solutions = 107)
 254511  6675     1826.2079   383     1863.8830     1611.3681 83008567   13.55%
 255117  6455     1747.6228   395     1863.8830     1620.3014 83262489   13.07%
 255700  6220    infeasible           1863.8830     1623.2562 83663697   12.91%
 256168  6230        cutoff           1863.8830     1628.7023 83641967   12.62%
*256397+ 6110                         1862.2249     1630.4603            12.45%
*256404+ 6109                         1858.5268     1630.4603            12.27%
 256572  6064     1686.6879   475     1858.5268     1632.9679 83984554   12.14%
 256960  6118        cutoff           1858.5268     1632.9679 83924154   12.14%
 257331  5798    infeasible           1858.5268     1639.1574 84138300   11.80%
 257725  5431     1686.6631   475     1858.5268     1640.5428 84453764   11.73%
 258260  5351     1757.9334   378     1858.5268     1646.3744 84527116   11.42%
 258763  5765     1794.9067   466     1858.5268     1648.3110 84217521   11.31%
Elapsed time = 12637.29 sec. (2303268.62 ticks, tree = 212.12 MB, solutions = 109)
 259397  5175     1722.7926   445     1858.5268     1654.6141 84835944   10.97%
 260043  5154    infeasible           1858.5268     1654.6141 85016639   10.97%
 260738  5052     1776.0581   404     1858.5268     1664.1583 85261595   10.46%
 261199  5023        cutoff           1858.5268     1667.3943 85338212   10.28%
 261581  4912    infeasible           1858.5268     1673.6190 85594365    9.95%
 261925  4885        cutoff           1858.5268     1677.2359 85631083    9.75%
 262288  4639        cutoff           1858.5268     1679.6388 85809214    9.63%
 262684  4283        cutoff           1858.5268     1685.2641 86089951    9.32%
*262773+ 4597                         1857.5382     1685.2641             9.27%
 263034  4433     1741.2071   383     1857.5382     1690.9689 85998229    8.97%
 263384  3911    infeasible           1857.5382     1698.7712 86382999    8.55%
Elapsed time = 12877.01 sec. (2341558.11 ticks, tree = 137.28 MB, solutions = 110)
 263773  3945     1740.7355   302     1857.5382     1700.9149 86369405    8.43%
 264315  3903     1841.0600   266     1857.5382     1704.9207 86421163    8.22%
*264570+ 3462                         1857.1324     1704.9207             8.20%
 265056  3634     1759.8722   267     1857.1324     1704.9207 86574366    8.20%
 266134  3406     1755.2944   271     1857.1324     1704.9207 86757202    8.20%
*267000+ 3880                         1839.7106     1704.9207             7.33%
*267025+ 3874                         1823.1380     1704.9207             6.48%
 267993  3495     1794.5557   348     1823.1380     1704.9207 86687328    6.48%
 270202  3726     1758.1057   297     1823.1380     1707.3891 86573809    6.35%
*270846+ 3555                         1822.0760     1707.3891             6.29%
*270966+ 3554                         1818.5155     1707.3891             6.11%
*271095+ 3524                         1818.2104     1707.3891             6.10%
*271762+ 5112                         1816.4118     1707.3891             6.00%
*272015+ 4142                         1814.2011     1707.3891             5.89%
 272889  5267     1775.5329   346     1814.2011     1707.3891 87093693    5.89%
*274624+ 5592                         1805.9921     1707.3891             5.46%
 275954  4331     1779.6979   420     1805.9921     1714.1882 86966887    5.08%
*277408+ 5346                         1805.8486     1714.1882             5.08%
 279341  4078     1788.9941   237     1805.8486     1714.1882 86597875    5.08%
*280752+ 7319                         1800.8653     1715.9466             4.72%
 282832  4573     1778.8348   235     1800.8653     1720.4533 86958885    4.47%
Elapsed time = 13122.45 sec. (2379739.77 ticks, tree = 298.24 MB, solutions = 149)
*285093+ 9841                         1798.5905     1720.4533             4.34%
 285911  9421     1760.4448   318     1798.5905     1731.2895 87538480    3.74%
*286010+ 8861                         1798.5905     1731.2895             3.74%
*286203+ 9847                         1797.4522     1731.2895             3.68%
 288964  8384     1759.6489   235     1797.4522     1731.2895 87491834    3.68%
*291222+10322                         1796.0182     1732.5661             3.53%
 292243 11163     1791.9501   222     1796.0182     1732.5661 87694287    3.53%
 295714 11064     1748.8869   273     1796.0182     1732.5661 87682891    3.53%
 299323 11198     1781.1979   197     1796.0182     1732.5661 87687915    3.53%
 302728 18062     1768.3749   228     1796.0182     1733.8905 88231184    3.46%
*302832+13544                         1796.0182     1733.8905             3.46%
 306345 16199     1795.5336   203     1796.0182     1735.2624 88094867    3.38%
 310128 17851     1780.9470   315     1796.0182     1735.3126 88219220    3.38%
 313488 21231     1770.2785   232     1796.0182     1735.5018 88432495    3.37%
*315182+17683                         1795.1370     1735.5018             3.32%
 317011 24571     1780.6950   263     1795.1370     1735.5018 88630411    3.32%
Elapsed time = 13396.38 sec. (2417903.32 ticks, tree = 2409.01 MB, solutions = 187)
Nodefile size = 326.99 MB (214.84 MB after compression)
 320187 30596     1772.2429   222     1795.1370     1736.1275 88974940    3.29%
 323597 36543     1794.2277   207     1795.1370     1736.7542 89281150    3.25%
 327125 34482     1772.9688   214     1795.1370     1736.8360 89180065    3.25%
 330429 33857     1777.5330   194     1795.1370     1737.3055 89146068    3.22%
 333746 37771     1758.3667   320     1795.1370     1737.4765 89351323    3.21%
 337026 33991     1766.2286   340     1795.1370     1737.5737 89158259    3.21%
 340492 28667     1791.3017   224     1795.1370     1737.6476 88863717    3.20%
 343787 51961     1774.7560   314     1795.1370     1738.4580 90106223    3.16%
 347190 54105     1772.5189   167     1795.1370     1739.1247 90227403    3.12%
 350418 45801     1762.4586   185     1795.1370     1739.3745 89776559    3.11%
Elapsed time = 13664.92 sec. (2456056.80 ticks, tree = 5285.90 MB, solutions = 191)
Nodefile size = 3150.26 MB (2086.73 MB after compression)
 353900 47438     1783.7630   136     1795.1370     1739.6308 89856214    3.09%
 357157 55024     1754.0962   299     1795.1370     1740.6033 90282622    3.04%
 360268 65148     1778.3402   189     1795.1370     1740.7726 90830325    3.03%
 363660 61577     1788.4109   269     1795.1370     1740.8922 90650653    3.02%
 366700 60320     1791.1087   169     1795.1370     1741.2946 90578094    3.00%
 369524 61215     1780.0230   250     1795.1370     1741.9220 90618939    2.96%
 371860 69503     1774.5236   171     1795.1370     1742.3818 91070282    2.94%
 374038 74430     1761.6848   274     1795.1370     1742.7355 91334457    2.92%
 376008 87769     1794.5321   135     1795.1370     1743.3540 92020244    2.88%
 378124 75827        cutoff           1795.1370     1743.4471 91415481    2.88%
Elapsed time = 13913.60 sec. (2494213.85 ticks, tree = 9370.49 MB, solutions = 191)
Nodefile size = 7265.29 MB (4823.99 MB after compression)
 380059 75074     1760.6933   244     1795.1370     1743.6333 91382838    2.87%
 382299 80248     1779.9565   218     1795.1370     1743.9164 91636422    2.85%
 385092 94572     1777.0350   311     1795.1370     1744.1719 92364347    2.84%
 388243 97808     1792.9016   207     1795.1370     1744.6647 92545478    2.81%
 391339 98675     1783.1669   236     1795.1370     1744.8251 92589200    2.80%
 394811 102877     1761.7545   193     1795.1370     1744.9781 92829721    2.79%
 398148 101609     1768.8770   228     1795.1370     1745.1222 92758801    2.79%
 401744 105905     1781.6292   248     1795.1370     1745.2882 93002463    2.78%
 405109 110494     1784.7130   192     1795.1370     1745.5544 93238253    2.76%
 408439 109931     1792.4393   217     1795.1370     1745.8487 93211732    2.75%
Elapsed time = 14167.04 sec. (2532371.33 ticks, tree = 14049.23 MB, solutions = 191)
Nodefile size = 11966.00 MB (7948.54 MB after compression)
 411848 110724     1789.4700   209     1795.1370     1745.9795 93249160    2.74%
 415144 109469     1762.0731   257     1795.1370     1746.3009 93189369    2.72%
 418371 109559     1771.3157   169     1795.1370     1746.3128 93194555    2.72%
 421764 118001     1770.9719   269     1795.1370     1746.3760 93642926    2.72%
 425259 123564     1751.7401   236     1795.1370     1746.5115 93947384    2.71%
 428703 133432     1788.2242   253     1795.1370     1746.7062 94476088    2.70%
 432285 126763        cutoff           1795.1370     1746.8104 94114954    2.69%
 435701 135370     1789.0051   232     1795.1370     1746.9406 94582193    2.68%
 439265 142608     1777.6067   258     1795.1370     1746.9704 94970532    2.68%
 442715 130208     1789.7976   157     1795.1370     1746.9912 94291365    2.68%
Elapsed time = 14399.23 sec. (2570529.81 ticks, tree = 16835.35 MB, solutions = 191)
Nodefile size = 14689.01 MB (9761.11 MB after compression)
 446109 139131     1766.6147   297     1795.1370     1747.1163 94787187    2.68%
 449368 147057     1761.7452   211     1795.1370     1747.2307 95196420    2.67%
 452829 147187     1777.5749   194     1795.1370     1747.3892 95200694    2.66%
 456340 160932     1767.8168   297     1795.1370     1747.4763 95903068    2.65%
 459870 157005     1780.5462   348     1795.1370     1747.5134 95699716    2.65%
 463489 150653     1766.4713   224     1795.1370     1747.5793 95366030    2.65%
 466920 165188     1759.6019   264     1795.1370     1747.6960 96124393    2.64%
 470137 156707     1777.3695   262     1795.1370     1747.8576 95682042    2.63%
 473469 173281     1781.6801   240     1795.1370     1748.0263 96561799    2.62%
 476981 163928     1776.8335   263     1795.1370     1748.1081 96050918    2.62%
Elapsed time = 14668.80 sec. (2608683.53 ticks, tree = 21474.63 MB, solutions = 191)
Nodefile size = 19332.52 MB (12854.69 MB after compression)
 480542 166666     1789.2594   219     1795.1370     1748.1382 96208671    2.62%
 483949 183615     1751.8556   274     1795.1370     1748.1719 97100928    2.62%
 487366 184891     1778.4470   264     1795.1370     1748.2667 97165371    2.61%
 490553 190950     1789.4590   218     1795.1370     1748.3717 97501571    2.61%
 494279 192609     1791.5226   215     1795.1370     1748.4684 97598877    2.60%
 497633 183069     1781.2660   309     1795.1370     1748.5408 97064580    2.60%
 500735 197584     1779.8530   283     1795.1370     1748.5784 97879796    2.59%
 504315 191836     1776.1448   313     1795.1370     1748.6499 97552146    2.59%
*505951+188061                         1794.9933     1748.6603             2.58%
 507748 202549     1783.9005   208     1794.9933     1748.7632 98143629    2.58%
 511434 199015     1783.7002   206     1794.9933     1748.8748 97955565    2.57%
Elapsed time = 14920.10 sec. (2646841.29 ticks, tree = 26309.41 MB, solutions = 192)
Nodefile size = 24184.30 MB (16084.93 MB after compression)
 514881 212181     1780.3431   221     1794.9933     1748.9659 98669653    2.56%
 518480 209555        cutoff           1794.9933     1749.0092 98529086    2.56%
 521998 217799     1783.0455   184     1794.9933     1749.0375 98960405    2.56%
 525427 218385     1782.0571   297     1794.9933     1749.1058 98994077    2.56%
 529042 214263     1754.2972   251     1794.9933     1749.2302 98775601    2.55%
 532295 215982     1776.6090   254     1794.9933     1749.3098 98865223    2.55%
 535663 226084     1775.6778   230     1794.9933     1749.3879 99407463    2.54%
 539221 225092     1768.6605   220     1794.9933     1749.4001 99353827    2.54%
 542744 228297     1770.6326   246     1794.9933     1749.4310 99531864    2.54%
 546185 226891     1772.9714   274     1794.9933     1749.5217 99449453    2.53%
Elapsed time = 15165.83 sec. (2685000.88 ticks, tree = 30156.12 MB, solutions = 192)
Nodefile size = 28013.24 MB (18634.35 MB after compression)
 549777 235083        cutoff           1794.9933     1749.6109 99903438    2.53%
 553135 239013     1769.9252   371     1794.9933     1749.6880 1.00e+08    2.52%
 556848 247755     1780.7126   177     1794.9933     1749.7162 1.01e+08    2.52%
 560291 252485     1779.7643   189     1794.9933     1749.7633 1.01e+08    2.52%
 563569 244371        cutoff           1794.9933     1749.8147 1.00e+08    2.52%
 567153 249608     1753.4650   210     1794.9933     1749.9265 1.01e+08    2.51%
 570640 265301     1791.3067   165     1794.9933     1749.9930 1.02e+08    2.51%
 574089 258384     1780.2854   225     1794.9933     1750.0382 1.01e+08    2.50%
 577512 256880     1754.2876   296     1794.9933     1750.0578 1.01e+08    2.50%
 580975 265590     1792.8037   226     1794.9933     1750.1277 1.02e+08    2.50%
Elapsed time = 15409.64 sec. (2723170.47 ticks, tree = 35499.05 MB, solutions = 192)
Nodefile size = 33386.15 MB (22209.78 MB after compression)
 584439 277444     1781.9257   271     1794.9933     1750.2177 1.02e+08    2.49%
 587998 272536     1768.5987   257     1794.9933     1750.2787 1.02e+08    2.49%
 591449 272616     1783.7820   191     1794.9933     1750.3315 1.02e+08    2.49%
 594767 278766     1780.6189   158     1794.9933     1750.3636 1.02e+08    2.49%
 598115 284378     1787.9359   201     1794.9933     1750.4128 1.03e+08    2.48%
 601210 283669     1763.8138   253     1794.9933     1750.5013 1.03e+08    2.48%
 603953 288954     1769.1550   265     1794.9933     1750.5738 1.03e+08    2.47%
 606428 292233        cutoff           1794.9933     1750.6146 1.03e+08    2.47%
 608647 292746     1778.8317   191     1794.9933     1750.6346 1.03e+08    2.47%
 610865 300431     1781.3324   275     1794.9933     1750.6872 1.03e+08    2.47%
Elapsed time = 15667.40 sec. (2761330.69 ticks, tree = 40312.69 MB, solutions = 192)
Nodefile size = 38232.07 MB (25437.40 MB after compression)
 613151 302174     1778.3879   309     1794.9933     1750.7842 1.04e+08    2.46%
 615826 305118     1776.1279   240     1794.9933     1750.8466 1.04e+08    2.46%
 618797 307374     1770.8933   227     1794.9933     1750.8899 1.04e+08    2.46%
 621911 306327     1762.6528   220     1794.9933     1750.9082 1.04e+08    2.46%
 625204 309622     1772.2823   262     1794.9933     1750.9606 1.04e+08    2.45%
 628175 315429     1792.9246   210     1794.9933     1751.0305 1.04e+08    2.45%
 631219 311566     1792.0981   225     1794.9933     1751.0839 1.04e+08    2.45%
 634420 320634     1764.3811   299     1794.9933     1751.1204 1.05e+08    2.44%
 637718 311991     1770.7486   221     1794.9933     1751.1346 1.04e+08    2.44%
 641019 326465     1792.4875   220     1794.9933     1751.2122 1.05e+08    2.44%
Elapsed time = 15921.79 sec. (2799489.48 ticks, tree = 43912.67 MB, solutions = 192)
Nodefile size = 41839.97 MB (27839.35 MB after compression)
 644427 322684     1774.5677   183     1794.9933     1751.2723 1.05e+08    2.44%
 647910 323616     1763.8629   314     1794.9933     1751.3109 1.05e+08    2.43%
 651397 329725     1783.1466   218     1794.9933     1751.3248 1.05e+08    2.43%
 654785 332283     1782.8716   234     1794.9933     1751.3399 1.05e+08    2.43%
 658084 339714        cutoff           1794.9933     1751.3742 1.06e+08    2.43%
