Version identifier: 22.1.1.0 | 2022-11-28 | 9160aff4d
CPXPARAM_TimeLimit                               20400
Tried aggregator 1 time.
MIP Presolve eliminated 20778 rows and 11744 columns.
MIP Presolve modified 14311 coefficients.
Reduced MIP has 12786 rows, 21008 columns, and 69975 nonzeros.
Reduced MIP has 10717 binaries, 10291 generals, 0 SOSs, and 0 indicators.
Presolve time = 0.12 sec. (69.46 ticks)
Probing fixed 212 vars, tightened 36 bounds.
Probing changed sense of 5 constraints.
Probing time = 0.34 sec. (80.95 ticks)
Cover probing fixed 0 vars, tightened 1 bounds.
Tried aggregator 1 time.
Detecting symmetries...
MIP Presolve eliminated 520 rows and 555 columns.
MIP Presolve modified 22 coefficients.
Reduced MIP has 12266 rows, 20453 columns, and 67287 nonzeros.
Reduced MIP has 10504 binaries, 9949 generals, 0 SOSs, and 0 indicators.
Presolve time = 0.11 sec. (60.54 ticks)
Probing fixed 137 vars, tightened 0 bounds.
Probing time = 0.19 sec. (73.55 ticks)
Cover probing fixed 68 vars, tightened 0 bounds.
Clique table members: 36450.
MIP emphasis: balance optimality and feasibility.
MIP search method: dynamic search.
Parallel mode: deterministic, using up to 32 threads.
Root relaxation solution time = 3.56 sec. (412.72 ticks)

        Nodes                                         Cuts/
   Node  Left     Objective  IInf  Best Integer    Best Bound    ItCnt     Gap

      0     0      897.6723   195                    897.6723       23         
      0     0      960.7002   338                   Cuts: 301     1203         
      0     0      970.4223   341                   Cuts: 180     1747         
      0     0      974.2672   405                    Cuts: 89     2116         
      0     0      976.4044   378                    Cuts: 69     2356         
      0     0      977.6529   402                    Cuts: 37     2579         
Detecting symmetries...
      0     0      987.8625   507                    Cuts: 38     2966         
      0     0      995.5208   454                    Cuts: 99     3236         
      0     0      997.3185   468                    Cuts: 36     3384         
      0     0      998.1078   477                    Cuts: 41     3551         
      0     0      998.6976   446                    Cuts: 30     3636         
      0     0      999.1958   457                    Cuts: 16     3701         
      0     0      999.3859   467                    Cuts: 34     3791         
      0     0      999.8240   470                    Cuts: 16     3885         
      0     0      999.8671   479                     Cuts: 9     3914         
      0     0      999.9697   471                    Cuts: 22     3969         
Detecting symmetries...
      0     2      999.9697   471                   1001.6882     3969         
Elapsed time = 19.22 sec. (8396.06 ticks, tree = 0.02 MB, solutions = 0)
      6     7     1003.5198   433                   1001.6882     4697         
     25    22     1008.6437   445                   1001.7909     6372         
    109    61     1009.7488   381                   1001.8618    13890         
    206    61     1082.0960   334                   1003.8760    14334         
    290   150     1087.1429   343                   1003.8760    25686         
    338   299     1010.7356   398                   1003.8760    50412         
    415   336     1008.7862   397                   1003.8760    55508         
    504   398     1016.1031   377                   1003.8760    68283         
    579   506     1014.2045   374                   1003.8760    94819         
    917   674     1026.0246   340                   1003.8760   132205         
Elapsed time = 36.92 sec. (11547.05 ticks, tree = 16.02 MB, solutions = 0)
   1357   947     1169.0250   335                   1003.8760   178262         
   2029  1489     1072.3984   376                   1003.8760   248740         
   2700  1913     1175.4717   198                   1003.8760   304994         
   3494  2404    infeasible                         1005.0759   376287         
   4067  2892     1158.8817   352                   1005.0759   452601         
   4743  3177     1138.1223   394                   1005.0759   496062         
   5427  3816     1083.0970   387                   1007.8414   578657         
   6028  4304     1010.2097   423                   1007.9190   632982         
   6636  4695     1168.8937   381                   1007.9190   671680         
   7276  5331     1355.2901   360                   1008.3875   726947         
Elapsed time = 79.41 sec. (21094.34 ticks, tree = 390.10 MB, solutions = 0)
   7994  5677     1502.1436   333                   1008.3875   758375         
   8846  6802     1383.7028   417                   1008.3875   849933         
   9546  7004     1560.3930   364                   1008.7834   869645         
  10273  7932     1415.2551   388                   1008.7834   946228         
  11062  8263     1511.9570   396                   1008.7834   970686         
  11671  8980     1067.4660   368                   1009.3736  1034661         
  12255  9502     1702.3706   329                   1009.4273  1086328         
  12867 10005     1771.7736   363                   1009.4273  1130607         
  13580 10629     1017.2290   400                   1009.7645  1190216         
  14379 11081     1562.9354   376                   1009.7645  1234048         
Elapsed time = 120.69 sec. (30642.01 ticks, tree = 947.70 MB, solutions = 0)
  15221 12080     1090.7738   397                   1009.7645  1328127         
  15947 12617     1401.4701   362                   1010.1020  1375239         
  16681 13030     1134.5111   301                   1010.5669  1411131         
  17476 13684     1909.5147   323                   1010.8606  1469812         
  18106 14566     1068.2240   413                   1010.8976  1550663         
  18693 15259     1089.4909   414                   1011.1816  1626827         
  19260 15607     1336.9711   425                   1011.1816  1675969         
  19852 16024     1264.7511   284                   1011.1816  1723361         
  20482 16657     1463.6449   342                   1011.1816  1793388         
  21266 17110     1371.9901   310                   1011.1816  1839170         
Elapsed time = 161.39 sec. (40192.61 ticks, tree = 1527.21 MB, solutions = 0)
  21856 17560     1230.3854   293                   1011.1816  1879412         
  22650 18240     1197.3662   335                   1011.3768  1954786         
  23290 18872     1779.3992   360                   1012.1613  2003943         
  23924 19246     1590.7940   364                   1012.4794  2041806         
  24587 19710     1114.3317   360                   1012.4794  2094379         
  25192 20021     1150.8321   425                   1012.6687  2133437         
  25497 20622     1048.5621   472                   1012.6687  2199994         
  25708 20937     1074.6990   452                   1012.8195  2231109         
  25827 21289     1018.7155   449                   1012.8195  2307307         
  26329 21375     1349.1783   384                   1012.8195  2321243         
Elapsed time = 208.34 sec. (49750.12 ticks, tree = 1980.61 MB, solutions = 0)
  27230 21415     1256.0240   409                   1012.8195  2332689         
  28213 22214    infeasible                         1012.8195  2393015         
  29184 23235     1617.6194   312                   1012.8195  2456922         
  30121 23584     1559.9711   361                   1012.8195  2484879         
  30928 25357     1598.3524   352                   1012.8195  2600737         
  31838 25308     1457.2738   398                   1012.8195  2592707         
  32678 26655     1362.0174   369                   1012.8195  2692589         
  33399 27432     1107.7466   412                   1012.8195  2750618         
  34046 27633     1093.5543   430                   1013.4597  2775392         
  34693 27882     1020.6674   475                   1013.4597  2799115         
Elapsed time = 258.37 sec. (59296.98 ticks, tree = 2556.66 MB, solutions = 0)
Nodefile size = 503.58 MB (330.67 MB after compression)
  35357 28776     1376.3742   390                   1013.5309  2886867         
  36048 29009     1043.3353   422                   1013.5309  2921443         
  36844 29559     1109.6158   451                   1013.5309  2968886         
  37657 30079     1803.8620   392                   1013.5309  3034316         
  38546 30812     2031.9644   349                   1013.5309  3098582         
  39541 31224     1615.8003   336                   1013.5309  3136573         
  40452 31856     1524.5577   350                   1013.5309  3181432         
  41359 33546     1531.3930   415                   1013.5309  3304500         
  42287 33928     1816.6063   348                   1013.5309  3327886         
  43214 34468     1156.8268   378                   1013.5309  3365600         
Elapsed time = 311.85 sec. (68845.61 ticks, tree = 3268.80 MB, solutions = 0)
Nodefile size = 1215.93 MB (804.28 MB after compression)
  44082 34790     1111.6660   466                   1013.5309  3392705         
  45048 35887    infeasible                         1013.5309  3460715         
  46019 36369     1054.1477   448                   1013.5309  3499711         
  46904 37343     1079.7856   421                   1013.5309  3558791         
  47771 39176     1275.7207   404                   1014.1003  3686121         
  48637 40040     1125.8974   436                   1015.1597  3751701         
  49474 40527     1049.1065   449                   1015.1597  3785618         
  50227 40824     1074.7592   431                   1015.1597  3810091         
  51083 41298    infeasible                         1015.1597  3855948         
  51880 41851     1060.8748   380                   1015.1597  3902159         
Elapsed time = 363.18 sec. (78387.84 ticks, tree = 3927.97 MB, solutions = 0)
Nodefile size = 1870.97 MB (1235.76 MB after compression)
  52657 42350     1318.0136   370                   1015.1597  3934957         
  53430 43458     1565.1374   346                   1015.1597  4037907         
  54297 44438     1137.9233   406                   1015.1597  4137044         
  55179 45120     1117.5654   392                   1015.1597  4181242         
  56061 45362     1750.5655   378                   1016.6272  4210641         
  56891 46257     1207.6310   444                   1016.6272  4270123         
  57772 46644     1088.5982   360                   1016.8829  4305183         
  58692 48134     1440.1208   326                   1016.9261  4404012         
  59700 48583     1703.3051   335                   1016.9261  4447970         
  60729 48926     1034.5287   421                   1016.9261  4471233         
Elapsed time = 417.32 sec. (87934.38 ticks, tree = 4702.23 MB, solutions = 0)
Nodefile size = 2647.33 MB (1751.31 MB after compression)
  61672 50461     1811.7336   336                   1016.9261  4568736         
  62569 51454     2153.3028   343                   1017.0985  4633594         
  63557 51916     1832.5390   331                   1017.2302  4658609         
  64416 52337    infeasible                         1017.2302  4692682         
  65101 53656     1174.5091   354                   1017.5317  4786007         
  65771 53772     1161.1607   399                   1017.5317  4799931         
  66493 54185     1784.0037   394                   1017.5487  4837746         
  67221 54849     1034.7520   474                   1017.5487  4913089         
  68061 56147     1173.7411   376                   1017.5487  5027282         
  72075 57955     1053.5834   390                   1017.5487  5171739         
Elapsed time = 485.47 sec. (100341.14 ticks, tree = 5535.04 MB, solutions = 0)
Nodefile size = 3476.61 MB (2299.36 MB after compression)
  76305 62551     1024.3966   439                   1017.5487  5446484         
  78973 65415     1223.4436   385                   1018.2325  5621145         
  81942 66922     1706.0789   356                   1018.2325  5764329         
  85714 70043     2698.8203   296                   1018.2325  5986157         
  89284 73814     1757.3225   369                   1020.7732  6286656         
  92876 76823     1080.0652   401                   1021.3245  6518729         
  96506 79295     2104.3056   297                   1021.3245  6709845         
 100427 82406     1753.3644   362                   1021.3245  6961790         
 104549 86201     1148.1350   391                   1022.2556  7178558         
 108758 89767     1169.4650   381                   1022.4223  7441110         
Elapsed time = 718.25 sec. (138500.70 ticks, tree = 8797.97 MB, solutions = 0)
Nodefile size = 6739.97 MB (4464.73 MB after compression)
 112950 93424     1137.5864   345                   1022.6307  7634809         
 116833 97047     1366.1358   336                   1023.3374  7873694         
 119383 98505     1066.5250   433                   1023.8123  7983379         
 121830 101228    infeasible                         1023.8154  8245854         
 125863 103027     1324.7415   242                   1024.4629  8396662         
 130004 107551     1085.4189   416                   1024.4629  8698388         
 133700 111404     1192.8418   378                   1024.4667  8979708         
 137437 113434     1087.2359   398                   1024.5404  9126751         
 140573 115382     1182.7850   356                   1024.5404  9287069         
 144412 119076     1452.3084   352                   1026.7543  9622857         
Elapsed time = 942.35 sec. (176656.65 ticks, tree = 11600.59 MB, solutions = 0)
Nodefile size = 9537.53 MB (6321.27 MB after compression)
 147616 122110     2181.3297   322                   1026.9281  9883683         
 151356 124004     1309.6729   254                   1026.9482 10073613         
 154971 127984     1103.3143   384                   1026.9853 10405021         
 158537 129579     1777.1612   340                   1027.7319 10524577         
 162058 133592     1190.9020   378                   1027.7319 10900886         
 164295 134383     1736.2048   348                   1027.7319 10962816         

Performing restart 1

Repeating presolve.
Tried aggregator 1 time.
MIP Presolve eliminated 243 rows and 420 columns.
MIP Presolve modified 1434 coefficients.
Reduced MIP has 12023 rows, 20033 columns, and 66228 nonzeros.
Reduced MIP has 10286 binaries, 9747 generals, 0 SOSs, and 0 indicators.
Presolve time = 0.08 sec. (35.55 ticks)
Tried aggregator 1 time.
MIP Presolve eliminated 141 rows and 223 columns.
MIP Presolve modified 128 coefficients.
Reduced MIP has 11882 rows, 19810 columns, and 65456 nonzeros.
Reduced MIP has 10176 binaries, 9634 generals, 0 SOSs, and 0 indicators.
Presolve time = 0.10 sec. (50.77 ticks)
Tried aggregator 1 time.
Reduced MIP has 11882 rows, 19810 columns, and 65456 nonzeros.
Reduced MIP has 10176 binaries, 9634 generals, 0 SOSs, and 0 indicators.
Presolve time = 0.09 sec. (40.97 ticks)
Represolve time = 2.74 sec. (373.35 ticks)
 164420     0     1035.5265   582                   Cuts: 192 11241860         
 164420     0     1060.3961   608                   Cuts: 272 11243387         
 164420     0     1075.7747   656                   Cuts: 251 11244886         
 164420     0     1083.8789   701                   Cuts: 256 11246146         
 164420     0     1089.1572   712                   Cuts: 233 11247532         
 164420     0     1093.8635   699                   Cuts: 185 11248627         
 164420     0     1099.0712   658                   Cuts: 196 11249592         
 164420     0     1103.5785   730                   Cuts: 177 11250881         
 164420     0     1109.0191   744                   Cuts: 196 11251972         
 164420     0     1111.7426   726                   Cuts: 179 11252386         
 164420     0     1114.1047   738                   Cuts: 158 11252859         
 164420     0     1115.1686   750                   Cuts: 125 11253135         
 164420     0     1117.3745   724                    Cuts: 82 11253709         
 164420     0     1118.4584   747                   Cuts: 226 11253998         
 164420     0     1119.1276   770                    Cuts: 86 11254224         
 164420     0     1119.4703   802                    Cuts: 72 11254398         
 164420     0     1119.7971   790                    Cuts: 70 11254570         
 164420     0     1119.9355   798                    Cuts: 56 11254699         
 164420     0     1120.2024   767                    Cuts: 45 11254848         
 164420     0     1120.9615   795                    Cuts: 73 11255085         
 164420     0     1130.1177   739                    Cuts: 86 11255823         
 164420     0     1135.3232   766                   Cuts: 181 11256452         
 164420     0     1136.3282   793                   Cuts: 161 11256801         
 164420     0     1136.8532   798                    Cuts: 85 11257101         
 164420     0     1137.4672   747                   Cuts: 103 11257335         
 164420     0     1137.6728   797                    Cuts: 74 11257513         
 164420     0     1137.8159   777                    Cuts: 44 11257634         
 164420     0     1138.0939   804                    Cuts: 60 11257863         
 164420     0     1138.2654   821                    Cuts: 54 11258002         
 164420     0     1138.4891   790                    Cuts: 65 11258253         
 164420     0     1138.7474   798                    Cuts: 35 11258427         
 164420     0     1138.9395   812                    Cuts: 69 11258593         
 164420     0     1139.2191   830                    Cuts: 86 11258837         
 164420     0     1139.4270   797                    Cuts: 82 11259028         
 164420     2     1139.4270   797                   1139.4270 11259028         
 164421     3     1139.4303   793                   1139.4303 11259046         
 164423     4     1139.4674   803                   1139.4688 11259252         
 164428     3    infeasible                         1139.4707 11264786         
Elapsed time = 1217.53 sec. (271072.74 ticks, tree = 0.02 MB, solutions = 0)
 164436     8     1172.2455   690                   1140.8827 11274066         
 164444     9     1175.8176   697                   1140.9944 11282146         
 164459    13     1236.9417   662                   1140.9944 11316616         
 164486    17    infeasible                         1141.3387 11426404         
 164516    16     1142.4252   758                   1142.4252 11490193         
 164562    24     1305.8025   613                   1142.5178 11545557         
 164635    61     1162.5421   782                   1143.9336 11569658         
 164722    71     1201.5520   746                   1143.9336 11605239         
 164842    92     1206.0487   718                   1143.9336 11677365         
 165005   106     1222.2311   667                   1143.9336 11694719         
Elapsed time = 1385.54 sec. (309988.80 ticks, tree = 2.42 MB, solutions = 0)
 165122   189     1232.0895   641                   1143.9336 11812286         
 165255   187     1286.6283   655                   1143.9336 11896014         
 165516   217     1396.5977   576                   1143.9336 11951420         
 165866   354     1455.0241   532                   1155.2573 12015891         
 166245   453     1292.7517   582                   1155.2573 12057039         
 166451   809     1335.9762   681                   1162.6316 12232200         
 166842  1057     1363.5211   627                   1163.4948 12365486         
 167509  1133     1691.3907   292                   1163.4948 12423570         
 168347  1298     1477.5401   553                   1163.4948 12506568         
 169248  2148     1563.0784   228                   1163.4948 12658563         
Elapsed time = 1631.33 sec. (348286.69 ticks, tree = 113.49 MB, solutions = 0)
 170285  3543     1574.4723   244                   1163.4948 12911020         
 171225  3869     1587.2884   193                   1163.4948 12933107         
 171780  4982    infeasible                         1163.4948 13152662         
 172008  5113     1489.9119   563                   1163.4948 13181230         
 172230  5234     1541.2942   440                   1163.4948 13332505         
 172633  5209     1372.2380   457                   1163.4948 13487213         
 173356  5264     1505.4276   327                   1163.4948 13571558         
 173607  5235     1356.9203   564                   1163.4948 13618058         

Performing restart 2

Repeating presolve.
Tried aggregator 1 time.
MIP Presolve eliminated 23 rows and 26 columns.
MIP Presolve modified 217 coefficients.
Reduced MIP has 11859 rows, 19784 columns, and 69557 nonzeros.
Reduced MIP has 10173 binaries, 9611 generals, 0 SOSs, and 0 indicators.
Presolve time = 0.08 sec. (36.35 ticks)
Tried aggregator 1 time.
MIP Presolve eliminated 16 rows and 26 columns.
MIP Presolve modified 111 coefficients.
Reduced MIP has 11843 rows, 19758 columns, and 69480 nonzeros.
Reduced MIP has 10163 binaries, 9595 generals, 0 SOSs, and 0 indicators.
Presolve time = 0.10 sec. (45.12 ticks)
Represolve time = 1.84 sec. (527.76 ticks)
 173620     0     1140.7746   849                   Cuts: 110 13856277         
 173620     0     1144.4357   841                   Cuts: 102 13856736         
 173620     0     1145.3320   836                    Cuts: 90 13857015         
 173620     0     1146.0242   787                   Cuts: 101 13857526         
 173620     0     1146.8179   815                   Cuts: 124 13857817         
 173620     0     1147.1029   809                    Cuts: 71 13858004         
 173620     0     1147.2802   807                    Cuts: 99 13858162         
 173620     0     1147.4267   825                    Cuts: 91 13858340         
 173620     0     1147.8698   826                    Cuts: 55 13858552         
 173620     0     1148.1269   825                    Cuts: 54 13858730         
 173620     2     1148.1276   823                   1195.8403 13858730         
 173622     3     1215.2460   699                   1195.8403 13863193         
Elapsed time = 1932.38 sec. (426691.94 ticks, tree = 0.02 MB, solutions = 0)
 173630     7     1205.3703   722                   1195.8403 13868441         
 173640    10    infeasible                         1195.8403 13895072         
 173657    11     1149.9417   764                   1195.8403 13924527         
 173714    37    infeasible                         1195.8403 14034162         
 173813    38     1249.7194   643                   1195.8403 14060132         
 173953   112    infeasible                         1195.8403 14250433         
 174098   162     1313.7484   604                   1195.8403 14321322         
 174241   227    infeasible                         1195.8403 14483437         
 174430   275     1220.4417   757                   1195.8403 14634929         
 174672   343     1193.6820   755                   1195.8403 14742603         
Elapsed time = 2160.46 sec. (466716.59 ticks, tree = 9.40 MB, solutions = 0)
 174900   494     1261.3448   662                   1195.8403 14885262         
 175059   534     1433.0495   500                   1195.8403 14940129         
 175201   654    infeasible                         1195.8403 15170679         
 175401   710     1436.6141   521                   1195.8403 15263418         
 175732   813     1439.6561   591                   1195.8403 15397103         
 175982   786     1268.3520   653                   1195.8403 15367523         
 176215  1063     1599.9601   446                   1195.8403 15560001         
 176381  1138     1286.4577   615                   1195.8403 15630095         
 176553  1384     1419.2695   423                   1195.8403 15983952         
 176806  1321     1416.0600   622                   1195.8403 15934731         
Elapsed time = 2434.53 sec. (505056.76 ticks, tree = 36.06 MB, solutions = 0)
 177271  1381     1266.3446   734                   1195.8403 16108205         
 177679  1876     1476.1203   404                   1202.5569 16433339         
 177955  1919     1499.8611   399                   1202.5569 16466482         
 178161  2268    infeasible                         1202.5569 16777279         
 178348  2355     1458.5827   578                   1202.5569 16898221         
 178549  2363     1321.4605   704                   1202.5569 17073268         
 178807  2384     1742.8846   464                   1209.5054 17092916         
 179244  2411     1253.2066   723                   1222.4745 17260828         
 179615  2508     1343.3353   628                   1224.2979 17340511         
 179962  2743     1537.3198   493                   1224.2979 17499569         
Elapsed time = 2704.63 sec. (543415.14 ticks, tree = 138.86 MB, solutions = 0)
 180233  2736     1299.7629   488                   1226.1467 17515461         
 180543  3090    infeasible                         1243.5173 17974457         
 180941  3056     1385.3889   581                   1243.5173 17868405         
 181253  3156     1351.9110   449                   1246.6560 18141548         
 181554  3229    infeasible                         1249.4972 18246748         
 181845  3457     1375.9870   412                   1261.5073 18494626         
 182294  3450     1358.6990   342                   1267.9893 18536586         
 182941  3435    infeasible                         1267.9893 18670073         
 183472  3544    infeasible                         1272.4583 18770108         
 184064  4028     1361.6852   476                   1283.7782 19007289         
Elapsed time = 2968.20 sec. (581663.33 ticks, tree = 245.60 MB, solutions = 0)
 184651  4549     1344.7382   442                   1294.2478 19337123         
 185212  4585     1341.7960   552                   1301.3236 19349472         
 185843  5220    infeasible                         1301.3236 19713743         
 186312  5387     1387.9193   419                   1307.6222 19790165         
 186671  5610    infeasible                         1310.3055 19918350         
 187227  5700     1381.6074   405                   1310.3055 19986339         
 187937  5813     1421.0269   365                   1317.4732 20116225         
 188549  5995    infeasible                         1322.1137 20220962         
 189173  6714     1402.5870   367                   1325.6169 20575265         
 189784  6732    infeasible                         1325.6169 20581891         
Elapsed time = 3225.00 sec. (619858.55 ticks, tree = 407.22 MB, solutions = 0)
 190471  7173     1397.6268   420                   1328.7581 20880234         
 191220  7370     1388.1460   367                   1332.1477 21012883         
 192011  7823    infeasible                         1332.3075 21308650         
 192799  8227     1425.4714   446                   1338.3036 21508553         
 193473  8343     1350.8432   361                   1338.6850 21580683         
 193975  8397     1539.4494   387                   1339.6428 21630993         
 194334  8490     1468.3451   425                   1342.2627 21703395         
 194741  8766    infeasible                         1342.2627 22078438         
 195454  8764     1459.3589   599                   1342.7454 22088940         
 196224  8794     1381.1200   375                   1347.2935 22241093         
Elapsed time = 3481.61 sec. (658065.51 ticks, tree = 583.44 MB, solutions = 0)
 196967  8808     1446.5497   372                   1347.7837 22309869         
 197625  9063     1394.6673   321                   1348.9062 22713633         
 198386  9217     1401.1997   397                   1350.7173 22860905         
 199029  9387    infeasible                         1351.0425 23037817         
 199716  9349     1436.6867   496                   1351.0425 23112979         
 200236  9409     1381.3920   388                   1352.1933 23214181         
 200621  9563    infeasible                         1355.2286 23627197         
 201058  9550    infeasible                         1356.2630 23646157         
 201620  9401    infeasible                         1356.2630 23815526         
 202360  9415     1400.8951   395                   1356.7400 23821662         
Elapsed time = 3743.83 sec. (696310.82 ticks, tree = 624.03 MB, solutions = 0)
 203022  9368    infeasible                         1358.2588 23849890         
 203656  9425     1456.7592   454                   1361.3982 24026309         
 204374  9529     1418.2120   489                   1362.9918 24449695         
 204997  9671     1377.8748   312                   1364.0091 24717828         
 205639  9571    infeasible                         1364.0186 24664879         
 206379  9703     1519.3756   451                   1364.0186 24848654         
 206882  9768     1388.2295   385                   1365.4530 25042218         
 207290 10033    infeasible                         1365.4530 25398472         
 207688  9999    infeasible                         1365.4530 25270919         
 208171  9833     1455.2010   482                   1365.4530 25566876         
Elapsed time = 4006.03 sec. (734540.36 ticks, tree = 651.55 MB, solutions = 0)
 208824  9794     1479.6091   276                   1370.7497 25604698         
 209608  9878    infeasible                         1370.7497 25877209         
 210289  9868     1392.5192   445                   1375.3625 26010990         
 210984  9955     1405.8311   344                   1375.7761 26282167         
 211714  9959     1483.5067   365                   1377.0600 26380033         
 212484  9960    infeasible                         1379.0694 26426093         
 213189 10082     1487.5151   294                   1380.1605 26669213         
 213768 10232    infeasible                         1382.2909 27024576         
 214167 10217    infeasible                         1382.9654 27140753         
 214573 10116    infeasible                         1384.8525 27230692         
Elapsed time = 4263.63 sec. (772787.35 ticks, tree = 659.30 MB, solutions = 0)
 215093 10114     1412.8359   270                   1385.3487 27296711         
 215694 10094     1433.6279   551                   1385.3487 27268852         
 216387  9988     1425.2852   441                   1387.5465 27651545         
 217094  9950     1407.8341   304                   1387.5465 27560183         
 217720 10015     1409.6674   504                   1391.3987 27744637         
 218438 10223     1420.1165   446                   1392.3657 28076104         
 219182 10395     1412.1884   439                   1392.4532 28409794         
 219820 10396    infeasible                         1392.4532 28389898         
 220530 10366     1488.9029   311                   1396.1412 28370456         
 221166 10506    infeasible                         1397.5847 28832332         
Elapsed time = 4519.16 sec. (811016.15 ticks, tree = 667.12 MB, solutions = 0)
 221690 10510     1764.5974   457                   1398.8234 28902918         
 222066 10507    infeasible                         1399.8143 28987676         
 222394 10507     1406.9024   430                   1400.9737 29439264         
 222823 10681     1630.7146   581                   1401.8840 29257554         
 223390 10417     1436.6290   290                   1403.1016 29647536         
 224044 10478     1418.0386   545                   1404.1778 29543509         
 224658 10454    infeasible                         1404.8995 29723195         
 225263 10543     1461.8878   369                   1406.0079 30010896         
 225946 10525     1425.5058   303                   1406.3089 30030976         
 226667 10688    infeasible                         1406.3089 30316953         
Elapsed time = 4780.24 sec. (849231.87 ticks, tree = 684.26 MB, solutions = 0)
 227290 10855     1433.5047   343                   1408.5562 30676358         
 227905 10781     1539.5186   376                   1409.3470 30504221         
 228504 10939    infeasible                         1410.1373 30988898         
 229092 11019    infeasible                         1411.2614 31232950         
 229541 11115     1421.6478   385                   1411.8345 31402521         
 229896 11034     1427.7695   380                   1412.8049 31325310         
 230212 11210    infeasible                         1413.3627 31606555         
 230639 11118     1424.9506   529                   1413.3627 31680269         
 231169 10987    infeasible                         1413.3627 31915871         
 231783 10981    infeasible                         1413.3627 32035019         
Elapsed time = 5040.54 sec. (887485.88 ticks, tree = 693.25 MB, solutions = 0)
 232484 10999    infeasible                         1413.5613 31953895         
 233166 11199     1465.1836   496                   1413.5613 32246689         
 233818 11380     1432.8355   469                   1413.5613 32490207         
 234525 11246     1484.6701   443                   1417.1057 32290187         
 235112 11663     2233.3758   168                   1417.1057 32491712         
 235722 12022     1479.0156   433                   1417.1057 33030203         
 236342 12103     1559.6942   412                   1417.1057 33160801         
 236931 12038     1462.3864   410                   1417.1057 33075934         
 237527 12157     1499.2138   345                   1417.1057 33223496         
 238067 12545     2343.7849   112                   1417.1057 33548484         
Elapsed time = 5303.97 sec. (925670.82 ticks, tree = 833.87 MB, solutions = 0)
 238523 12618     1429.8179   392                   1421.4103 33876099         
 238882 12495    infeasible                         1423.7144 33649335         
 239250 12825    infeasible                         1424.4902 34152801         
 239671 12877     1485.7958   555                   1425.1522 34255531         
 240165 12870     1590.5447   563                   1425.8159 34147056         
 240747 12855     1515.5884   304                   1426.6757 34314580         
 241360 12927     1500.4278   449                   1427.1548 34713262         
 241916 12873    infeasible                         1427.8479 34506775         
 242445 12951     1451.8392   451                   1428.0675 34639642         
 242995 13127     1489.2731   443                   1428.9814 35216462         
Elapsed time = 5561.47 sec. (963921.43 ticks, tree = 897.38 MB, solutions = 0)
 243575 13305     1514.2847   323                   1429.5504 35497757         
 244205 13183    infeasible                         1430.0405 35286526         
 244765 13422     1495.3309   369                   1431.0351 35845877         
 245349 13441     1454.6120   319                   1431.7787 35869861         
 245903 13439     1524.6615   403                   1432.1221 35876136         
 246499 13653    infeasible                         1432.9566 36409845         
 246989 13591    infeasible                         1433.5213 36092451         
 247448 13622    infeasible                         1434.0448 36231665         
 247855 13834     1450.7304   456                   1434.9593 36891024         
 248229 13820    infeasible                         1435.2964 37066542         
Elapsed time = 5827.12 sec. (1002193.93 ticks, tree = 894.64 MB, solutions = 0)
 248635 13776    infeasible                         1436.2563 36782486         
 249084 13725    infeasible                         1437.0197 37238575         
 249641 13636    infeasible                         1437.9429 37385365         
 250266 13617     1506.5336   433                   1438.4383 37448266         
 250878 13619     1509.4993   271                   1439.0997 37454188         
 251512 13680    infeasible                         1439.8651 37676170         
 252065 13676    infeasible                         1440.4129 37682450         
 252701 14100    infeasible                         1441.4633 38288759         
 253362 14124     1518.4112   486                   1442.1823 38336240         
 254038 13963     1612.1612   437                   1443.4353 38073929         
Elapsed time = 6085.63 sec. (1040461.17 ticks, tree = 871.43 MB, solutions = 0)
 254729 14154     1515.1382   464                   1444.1397 38449421         
 255415 14172     1574.6372   362                   1444.8928 38668478         
 256077 14413     1525.7736   419                   1445.5191 39037034         
 256749 14417     1480.6520   396                   1446.2662 39042762         
 257292 14580     1702.7503   594                   1446.9766 39409210         
 257741 14426    infeasible                         1447.6776 39256557         
 258151 14466     1539.6519   401                   1448.3595 39314026         
 258519 14569     1658.5290   302                   1449.1274 39441706         
 258871 14805    infeasible                         1449.1735 39874673         
 259268 14718     1509.7362   435                   1449.1735 40224717         
Elapsed time = 6345.90 sec. (1078712.83 ticks, tree = 949.06 MB, solutions = 0)
 259746 14782     1477.5288   574                   1449.1735 40131790         
 260300 14757    infeasible                         1451.6566 40197944         
 260878 14793     1467.2235   371                   1452.0842 40153613         
 261481 14583    infeasible                         1452.3440 40530576         
 262114 15011     1487.8235   442                   1452.3440 40831066         
 262650 15102     1482.7996   390                   1452.3440 41082542         
 263148 15122     2848.6821   143                   1452.3440 40661446         
 263630 15089    infeasible                         1452.3440 41028783         
 264051 15528     1530.3172   569                   1452.3440 41402303         
 264577 15572     1513.5553   453                   1452.3440 41555656         
Elapsed time = 6606.55 sec. (1116953.56 ticks, tree = 934.81 MB, solutions = 0)
 265027 15733     1630.4640   514                   1452.3440 41819898         
 265658 15576     1574.2892   382                   1452.3440 41567722         
 266355 15708     1607.3759   443                   1457.3175 41881916         
 267073 16177     1542.4589   464                   1457.3175 42218092         
 267633 16201     1796.6770   269                   1457.3175 42297992         
 268100 16251    infeasible                         1460.0806 42422226         
 268506 16630     2373.9823   275                   1460.5246 42693670         
 268834 16787    infeasible                         1461.1243 43063527         
 269273 16504     2495.7946   361                   1461.3630 42892657         
 269765 16802     1471.5598   309                   1461.3630 43092574         
Elapsed time = 6863.06 sec. (1155177.12 ticks, tree = 1012.06 MB, solutions = 0)
 270307 16881    infeasible                         1461.3630 43436173         
 270829 17327     2568.9621   136                   1461.3630 43309526         
 271475 16864    infeasible                         1461.3630 43495149         
 272079 16703     1487.5966   416                   1461.3630 43749015         
 272764 17289     1551.7158   488                   1461.3630 44128854         
 273424 17571     1522.7073   488                   1461.3630 44214940         
 274080 17611     1499.3109   388                   1461.3630 44269844         
 274724 18068     2939.2297    84                   1461.3630 44505010         
 275461 17817     2610.3095   149                   1461.3630 44191272         
 276214 17594     1496.3464   380                   1464.1023 44359647         
Elapsed time = 7122.13 sec. (1193431.73 ticks, tree = 1019.68 MB, solutions = 0)
 276933 18327    infeasible                         1464.1023 45045030         
 277584 18752     1541.2914   550                   1464.1023 45325581         
 278260 18749     1837.1918   498                   1464.1023 45330942         
 278868 18397     1594.3184   287                   1467.4559 45203717         
 279355 18820     1543.1411   379                   1467.4559 45627199         
 279748 19263     1479.7632   514                   1467.4559 46018049         
 280109 19261     1488.2589   486                   1467.4559 45998601         
 280436 19292     1703.8574   380                   1467.4559 46127013         
 280784 19360     1804.5011   381                   1469.3276 46432945         
 281150 19443     2877.8139   272                   1469.8684 46580357         
Elapsed time = 7380.50 sec. (1231654.51 ticks, tree = 1246.84 MB, solutions = 0)
 281640 19574     2917.1502   240                   1469.8684 46582203         
 282133 19421     1491.3945   356                   1469.8684 46641625         
 282710 19383     1505.5796   479                   1469.8684 46521294         
 283310 19964     3028.3898   208                   1469.8684 46587477         
 283963 19197    infeasible                         1469.8684 47063399         
 284669 19852     1551.7400   350                   1469.8684 47244556         
 285256 19202     1547.6823   481                   1469.8684 46994643         
 285903 19913    infeasible                         1469.8684 47549971         
 286558 19842     1487.9144   484                   1469.8684 47186645         
 287267 20593     1581.4051   362                   1469.8684 48100738         
Elapsed time = 7642.63 sec. (1269882.63 ticks, tree = 1293.90 MB, solutions = 0)
 287945 19968     1538.8224   384                   1469.8684 47595963         
 288618 19986     1500.0022   404                   1473.8807 47707126         
 289241 20673     1530.6911   415                   1473.8807 47978157         
 289864 20811     1637.4988   409                   1476.2113 48702208         
 290429 20838     1507.7891   446                   1476.6978 48836185         
 290980 20577     1532.9534   470                   1477.0710 48445768         
 291490 20834     1495.2539   488                   1477.4213 48819620         
 291885 20881     1532.6388   384                   1477.7091 48800392         
 292286 21091    infeasible                         1478.0011 49183946         
 292607 21112     1492.4185   444                   1478.4845 49325551         
Elapsed time = 7904.00 sec. (1308183.70 ticks, tree = 1391.05 MB, solutions = 0)
 292910 21271     1506.0400   385                   1478.8652 49856695         
 293216 21167     1631.8382   275                   1479.3775 49469735         
 293558 21020    infeasible                         1479.8921 50233382         
 293907 21199    infeasible                         1480.2558 49705409         
 294328 21042     1538.4982   585                   1480.7507 50203680         
 294766 21038     1565.0958   359                   1481.2869 50269773         
 295257 21015     1510.0535   377                   1481.6550 50256735         
 295816 20892     1520.3713   389                   1482.0781 50604769         
 296392 21015     1755.8286   477                   1482.3722 50408840         
 296941 20869     1523.5889   367                   1483.1478 50655200         
Elapsed time = 8166.68 sec. (1346447.61 ticks, tree = 1370.52 MB, solutions = 0)
 297526 20825     1522.5144   417                   1483.6085 51173204         
 298117 20832     1615.6526   353                   1483.9189 51235709         
 298751 20948     1532.7760   426                   1484.5526 51691468         
 299347 20850    infeasible                         1484.8410 51473691         
 299897 20884    infeasible                         1485.4940 51421239         
 300553 20989     1621.9983   441                   1485.9301 51940009         
 301148 20978     1607.0563   326                   1486.2165 51799854         
 301748 20974    infeasible                         1486.7091 51805568         
 302316 21256     1712.2611   515                   1486.9800 52564053         
 302879 21247     1572.1905   430                   1487.3910 52540179         
Elapsed time = 8428.08 sec. (1384665.46 ticks, tree = 1419.21 MB, solutions = 0)
 303324 21269     1500.0824   439                   1487.8346 52607024         
 303734 21268     1552.6659   417                   1488.2635 53343755         
 304085 21217     1585.2674   533                   1488.4519 52728472         
 304427 21253    infeasible                         1488.9654 53324269         
 304740 21372     1511.7004   581                   1489.3259 53566352         
 305051 21235     1526.5527   420                   1490.1270 53302663         
 305369 21196     1603.3655   337                   1490.6447 54013618         
 305783 21111     1502.6860   458                   1490.8548 54122935         
 306198 21065     1550.7050   474                   1491.3936 54206334         
 306603 21215     1774.1433   575                   1491.8837 54003526         
Elapsed time = 8693.14 sec. (1422900.72 ticks, tree = 1430.08 MB, solutions = 0)
 307120 21060     1764.1419   598                   1492.3191 54199370         
 307739 21181     1538.3221   327                   1493.2139 54040376         
 308395 21057     2675.8125   364                   1493.8944 54192298         
 309022 21098     2168.0078   257                   1493.9863 54341603         
 309661 20873     1562.3682   440                   1494.6740 55070078         
 310376 20730    infeasible                         1494.6740 54536808         
 310981 21284     2283.9758   167                   1494.6740 55139791         
 311581 20859    infeasible                         1494.6740 55087053         
 312211 21154     1592.1461   534                   1494.6740 55906699         
 312832 21059     1585.5853   485                   1494.6740 55473053         
Elapsed time = 8944.70 sec. (1461117.76 ticks, tree = 1432.83 MB, solutions = 0)
 313440 21041     1561.2283   359                   1494.6740 55448449         
 313977 21178    infeasible                         1497.3843 55796230         
 314498 21629    infeasible                         1497.3843 56353056         
 314902 21607    infeasible                         1497.3843 56269191         
 315283 21191     1534.8262   479                   1497.3843 56127925         
 315693 21644     1663.8183   506                   1497.3843 56215014         
 316018 21769    infeasible                         1501.2227 57139437         
 316352 21732    infeasible                         1501.5300 56946756         
 316641 21804     1531.6834   504                   1502.0537 57174183         
 316937 21762     1665.3841   456                   1502.7159 57152089         
Elapsed time = 9218.36 sec. (1499437.74 ticks, tree = 1556.49 MB, solutions = 0)
 317255 21921     1649.5568   624                   1503.2950 57246194         
 317623 21733     1628.7829   567                   1503.6951 57860150         
 318015 21764    infeasible                         1504.3414 57761819         
 318572 21744    infeasible                         1504.5721 57746357         
 319198 21709     1796.0522   523                   1505.3146 58028307         
 320085 21664     2373.6977   229                   1506.1620 58261163         
 320989 21535    infeasible                         1506.5830 58377150         
 321740 22355     2401.7790   140                   1506.9514 58042351         
 322454 21549     1531.4199   526                   1508.1611 58510368         
 323171 22777    infeasible                         1508.6498 58963186         
Elapsed time = 9472.02 sec. (1537689.53 ticks, tree = 1654.60 MB, solutions = 0)
 323907 21623     1537.7480   483                   1508.6498 58335207         
 324742 21634     1763.2287   492                   1508.6498 58759688         
 325512 23744    infeasible                         1508.6498 59361680         
 326171 23773     1565.1291   539                   1508.6498 59399468         
 326798 23252     2565.1566   149                   1508.6498 58863940         
 327349 23741     1931.2419   450                   1508.6498 59346937         
 327869 24626     2652.7937    43                   1508.6498 59919606         
 328379 23721    infeasible                         1510.0569 59454282         
 328864 23930     1598.3324   337                   1510.0569 59892366         
 329354 24837     1528.3960   520                   1510.0569 60696785         
Elapsed time = 9727.00 sec. (1575879.44 ticks, tree = 1948.44 MB, solutions = 0)
 329797 24686    infeasible                         1510.0569 59941001         
 330262 24902    infeasible                         1510.0569 60495624         
 330700 24826    infeasible                         1516.0454 60914316         
 331087 24851     1541.1902   341                   1516.6554 60956734         
 331461 24835     1609.4140   467                   1517.5985 60786523         
 331792 24838     1629.6556   517                   1518.0335 60825514         
 332088 24824    infeasible                         1518.3474 60861936         
 332397 25122    infeasible                         1518.8912 62043698         
 332719 25057    infeasible                         1519.1903 61542452         
 333041 25127     1576.3436   318                   1519.6250 61970523         
Elapsed time = 10000.49 sec. (1614091.64 ticks, tree = 1904.39 MB, solutions = 0)
 333354 24939    infeasible                         1519.6250 62316343         
 333716 25027    infeasible                         1519.6250 61696812         
 334078 25063     1633.6131   546                   1521.5143 62141686         
 334437 24564     1585.7582   271                   1522.0541 62724880         
 334842 24688     1567.6839   489                   1522.1268 62588671         
 335243 24408    infeasible                         1523.3481 62827981         
 335719 24534    infeasible                         1524.0192 62741723         
 336268 24710     2320.2190   343                   1525.1872 62642701         
 336977 24859     2380.8578   255                   1525.7183 62645676         
 337675 24394     2418.0583   260                   1526.5712 63435587         
Elapsed time = 10263.25 sec. (1652327.49 ticks, tree = 1850.48 MB, solutions = 0)
 338262 24453     1560.3851   639                   1526.9207 62872540         
 338894 24108     1583.9377   569                   1527.4300 63199383         
 339476 24177     1617.0019   361                   1528.2497 63862332         
 339993 24182    infeasible                         1529.0303 63868529         
 340490 24182     1553.5829   527                   1530.0788 64101457         
 341005 24225     1781.1660   552                   1530.6595 63615865         
 341524 24172     1590.4799   424                   1531.4263 64075857         
 342045 24202     1715.3322   499                   1531.8833 64227997         
 342503 24178    infeasible                         1532.7540 64045068         
 343036 24198    infeasible                         1533.4367 64351206         
Elapsed time = 10528.23 sec. (1690648.34 ticks, tree = 1861.44 MB, solutions = 0)
 343489 24213     1601.4552   524                   1534.2263 64471057         
 343926 24487     1579.7803   625                   1535.3211 65160779         
 344306 24493    infeasible                         1536.0300 65043704         
 344714 24401    infeasible                         1536.6138 65966718         
 345060 24405    infeasible                         1536.9823 65584967         
 345428 24407     1682.3464   427                   1537.9876 65624553         
 345772 24357    infeasible                         1538.2470 65863615         
 346073 24234     1606.8209   370                   1539.1182 66627355         
 346377 24413    infeasible                         1540.1022 66286166         
 346685 23870    infeasible                         1540.9082 66925103         
Elapsed time = 10812.21 sec. (1728888.05 ticks, tree = 1766.09 MB, solutions = 0)
 347004 24426     1569.2092   591                   1541.3578 66371710         
 347356 24150    infeasible                         1541.8296 66767381         
 347733 23698    infeasible                         1543.0885 67037017         
 348116 23427     1754.5995   470                   1544.1056 67385885         
 348482 23683     1642.4026   261                   1544.6525 67218299         
 349098 23255    infeasible                         1545.9360 67539768         
 349690 23685     1597.4346   420                   1546.6068 67229301         
 350280 23244    infeasible                         1547.2297 67599440         
 350951 23682     1602.2172   422                   1547.7901 67239365         
 351639 24182     2862.8082   251                   1549.2546 67404479         
Elapsed time = 11059.75 sec. (1767125.55 ticks, tree = 1833.93 MB, solutions = 0)
 352227 23833     3014.9012   194                   1550.2788 68238250         
 352870 23973     3066.2221   185                   1550.2788 68240641         
 353555 23717     1588.5428   639                   1550.2788 68586312         
 354135 22900     1880.7676   450                   1550.2788 67981428         
 354693 22848     1644.0360   418                   1550.2788 68094254         
 355227 23762     1637.6137   361                   1550.2788 68758413         
 355725 23710    infeasible                         1550.2788 68573004         
 356401 23985     2220.8443   264                   1557.2258 68840552         
 357021 24374     1660.5824   430                   1557.8023 69621888         
 357501 24372     1815.9565   434                   1558.8299 69860245         
Elapsed time = 11321.42 sec. (1805328.18 ticks, tree = 1817.33 MB, solutions = 0)
 357947 24387     2183.7273   464                   1558.8299 69675033         
 358363 23835    infeasible                         1560.7864 69043452         
 358782 24921    infeasible                         1561.5112 70268231         
 359178 24784    infeasible                         1562.7236 70069190         
 359618 24336     1630.0241   439                   1563.8907 69912839         
 359949 24366    infeasible                         1564.7381 69847706         
 360298 24896     1664.6469   443                   1565.8232 70321601         
 360602 24937     1651.3758   424                   1566.7037 70556729         
 360914 24879    infeasible                         1567.6123 70327190         
 361226 24782     1624.6663   373                   1568.4976 71201043         
Elapsed time = 11577.32 sec. (1843535.38 ticks, tree = 1788.63 MB, solutions = 0)
 361529 24854    infeasible                         1570.0066 71178668         
 361816 24439     1592.2332   460                   1571.4911 71676768         
 362165 24728     1689.2838   491                   1572.6412 71262666         
 362522 24309     1690.2823   393                   1574.0425 71759522         
 362999 24222     1916.7682   522                   1575.4178 71904821         
 363501 24159     1682.2474   363                   1576.1947 71970688         
 364054 24180    infeasible                         1577.9383 71938098         
 364682 23934     1598.1211   384                   1578.8917 72220911         
 365297 24085    infeasible                         1580.0741 72058572         
 365936 24405     2555.3249   131                   1580.6943 72249432         
Elapsed time = 11841.95 sec. (1881786.14 ticks, tree = 1777.96 MB, solutions = 0)
 366557 24536     2664.0001   120                   1581.5826 72253400         
 367147 23982     1619.3955   510                   1582.5153 72374689         
 367594 23863     1638.4119   413                   1583.3614 72804304         
 368006 23922     1599.0248   432                   1584.5734 73342224         
 368472 23853     1721.2501   360                   1585.8517 73002427         
 368914 24532     1715.9943   532                   1586.4311 73505028         
 369358 24543     1639.8093   583                   1587.7817 73863497         
 369815 23883    infeasible                         1589.2693 73289012         
 370296 24546    infeasible                         1590.1603 73719907         
 370728 24558     1633.3080   253                   1590.9298 74383173         
Elapsed time = 12093.23 sec. (1920070.55 ticks, tree = 1741.86 MB, solutions = 0)
 371156 24525     1653.7567   469                   1591.9484 73532134         
 371567 24575     2329.5060   438                   1592.9175 74079470         
 371971 24544    infeasible                         1593.6078 73898606         
 372343 24575     1743.2717   515                   1595.0199 74235080         
 372680 24529    infeasible                         1596.4689 74398542         
 373003 24536     1636.4801   401                   1597.3612 74758507         
 373334 24432    infeasible                         1598.1786 75428870         
 373610 24539     2672.6080   412                   1599.1407 75316157         
 373917 24378    infeasible                         1600.3416 75548731         
 374205 24038     1636.3197   508                   1601.6744 75886514         
Elapsed time = 12360.84 sec. (1958360.47 ticks, tree = 1698.79 MB, solutions = 0)
 374567 24089     1649.1736   491                   1602.6847 75844181         
 374927 24198    infeasible                         1604.0946 75735506         
 375388 24324    infeasible                         1604.8935 75624412         
 375906 23912    infeasible                         1606.2063 76117548         
 376420 23904     1648.0873   515                   1607.1966 76162911         
 376977 23781     1752.9385   543                   1607.5764 76300006         
 377678 23973     1731.6711   354                   1608.9545 76040307         
 378342 23590     1675.6318   411                   1610.4677 76602987         
 378983 23728     1717.0124   449                   1611.7384 76359772         
 379615 24360     2377.8130   176                   1612.5841 77090943         
Elapsed time = 12606.30 sec. (1996569.47 ticks, tree = 1781.06 MB, solutions = 0)
 380315 23718     2567.9300   278                   1613.7176 76919466         
 381175 23905     2605.0722   191                   1615.0725 76922193         
 381938 23604     2025.0536   379                   1615.2827 76496122         
 382753 24231     2663.9653   130                   1616.5953 76927493         
 383360 24957     2462.3904   113                   1617.8703 77104049         
 384004 25101     2538.9485    97                   1619.0113 77106602         
 384604 24231     1652.6986   435                   1619.4934 77776564         
 385214 24232     1712.3827   601                   1619.4934 77931334         
 385751 25101     2503.3422   127                   1619.4934 78235855         
 386254 25190     2545.7395   106                   1619.4934 78240282         
Elapsed time = 12871.66 sec. (2034813.27 ticks, tree = 1803.44 MB, solutions = 0)
 386751 25277     2575.2533   108                   1619.4934 78244512         
 387253 25368     2595.5783   112                   1619.4934 78249133         
 387672 25727     1885.3309   404                   1619.4934 78665158         
 388063 25630    infeasible                         1625.5181 79232479         
 388428 26316     2730.7267    73                   1625.5181 79495011         
 388812 26157     1682.2421   324                   1625.5181 79535069         
 389248 26548     2806.8033    58                   1625.5181 79501988         
 389641 25545     1992.6960   486                   1625.5181 79320355         
 389998 25980    infeasible                         1625.5181 80120012         
 390351 25861     2705.2500   250                   1625.5181 80307573         
Elapsed time = 13101.00 sec. (2073072.85 ticks, tree = 1762.25 MB, solutions = 0)
 390676 26153    infeasible                         1634.1071 79957935         
 391042 25930     2738.3356   242                   1634.6831 80310182         
 391461 25967     2742.5119   239                   1635.6527 80311982         
 391876 26001     2835.8318   215                   1636.1423 80314253         
 392376 25853     1725.2136   610                   1637.0349 80233406         
 392870 25718     2815.3181   170                   1638.0717 81059194         
 393424 25830     2847.5006   123                   1638.0717 81063650         
 394013 25513    infeasible                         1638.0717 80966467         
 394603 25577     2139.0990   410                   1638.0717 81142472         
 395194 26091     2919.3998   108                   1638.0717 81077680         
Elapsed time = 13337.29 sec. (2111317.36 ticks, tree = 1815.50 MB, solutions = 0)
 395696 25570     1703.4378   328                   1638.0717 80960452         
 396236 25430     1736.4022   406                   1638.0717 81232307         
 396880 25526     2916.5873   334                   1638.0717 81211792         
 397452 25215    infeasible                         1646.0000 82046331         
 397961 25283     1755.5363   441                   1646.0000 81592830         
 398448 25182     1703.7564   441                   1646.0000 81825845         
 398870 25224     1702.2646   403                   1646.0000 81986670         
 399246 25192    infeasible                         1646.0000 81876626         
 399661 25859     1693.7534   486                   1646.0000 82803340         
 400080 25187    infeasible                         1646.0000 82120766         
Elapsed time = 13571.71 sec. (2149602.06 ticks, tree = 1762.19 MB, solutions = 0)
 400441 25895     1854.0955   418                   1653.9787 83203795         
 400748 25804    infeasible                         1655.1391 83603939         
 401065 25861     2121.7106   403                   1656.8414 82818889         
 401393 25910     2145.4180   534                   1657.7945 83212070         
 401670 25810    infeasible                         1658.3741 83613904         
 401952 25887     1733.0285   549                   1659.5674 83258114         
 402238 25937     2315.7273   412                   1661.0554 83774415         
 402529 25973    infeasible                         1662.9234 83976349         
 402821 25908    infeasible                         1664.0099 83905688         
 403110 25549     2008.0215   465                   1665.4327 84697362         
Elapsed time = 13809.05 sec. (2187867.35 ticks, tree = 1718.60 MB, solutions = 0)
 403505 25589    infeasible                         1666.4608 84552138         
 403883 25601     1789.1341   473                   1668.0400 84656605         
 404312 25411     2027.9368   545                   1668.7954 84876284         
 404789 25315     1963.8527   521                   1670.3296 85019425         
 405394 25344     2042.0847   527                   1673.3003 85094218         
 406085 25453     1845.4632   538                   1674.8651 84847007         
 406759 25334    infeasible                         1676.5965 84944081         
 407424 25925     3164.1890   159                   1678.3451 85146681         
 408016 25231     2042.3322   526                   1680.1993 85474491         
 408569 25563     1788.1934   528                   1681.6257 85880896         
Elapsed time = 14050.83 sec. (2226139.11 ticks, tree = 1766.21 MB, solutions = 0)
 409002 25284     1788.3084   426                   1683.5848 85239651         
 409460 25305     2213.4323   453                   1684.6458 85226363         
 409933 25592     1834.7017   490                   1688.5825 85896498         
 410460 25642    infeasible                         1690.0358 86041617         
 410877 26540     1762.1055   571                   1691.8377 86499108         
 411292 26551     2088.5995   514                   1693.4132 86424689         
 411725 25674    infeasible                         1694.2673 86167759         
 412133 25686     1870.9822   423                   1695.5736 86207739         
 412596 26662     1795.9341   453                   1696.7513 86832096         
 413050 26530    infeasible                         1697.9164 86486165         
Elapsed time = 14288.40 sec. (2264406.85 ticks, tree = 1877.63 MB, solutions = 0)
 413520 26813     1816.6550   427                   1699.8292 87184999         
 413906 26807     1821.7950   445                   1701.4320 87767965         
 414264 26801     1787.6040   443                   1701.7383 87805775         
 414640 26813    infeasible                         1702.9704 87200567         
 414986 26761    infeasible                         1703.9410 88453128         
 415263 26797    infeasible                         1704.7085 87856274         
 415525 26821    infeasible                         1708.0120 87706786         
 415825 26729    infeasible                         1709.3710 88358038         
 416116 26735    infeasible                         1710.4272 88467602         
 416412 26732    infeasible                         1711.4936 88576247         
Elapsed time = 14520.04 sec. (2302692.79 ticks, tree = 1858.09 MB, solutions = 0)
 416729 26681    infeasible                         1713.0587 88403281         
 417064 26075     1765.8145   443                   1713.9498 89247448         
 417362 26442    infeasible                         1714.9787 88966346         
 417683 26389    infeasible                         1715.7289 89014889         
 417988 25814    infeasible                         1717.4404 89448877         
 418325 25669     2346.5644   203                   1717.5904 89704854         
 418801 25635     2299.2618   388                   1717.5904 89734845         
 419405 25758    infeasible                         1717.5904 89508190         
 419982 25354    infeasible                         1717.5904 89957122         
 420613 26055     2538.2069    89                   1717.5904 89724472         
Elapsed time = 14753.58 sec. (2340940.97 ticks, tree = 1814.31 MB, solutions = 0)
 421214 26176     2652.8355    60                   1717.5904 89727768         
 421766 24921    infeasible                         1717.9857 90265228         
 422305 25605    infeasible                         1728.9998 89878673         
 422864 24935     1865.5923   488                   1728.9998 90356047         
 423310 25102     1815.8286   567                   1729.1876 90149623         
 423761 26370     2182.5317   506                   1729.1876 90621299         
 424227 26105    infeasible                         1729.1876 90787861         
 424692 25028     1879.3278   518                   1729.1876 90209433         
 425176 26094     1946.4403   543                   1729.1876 91337259         
 425671 26358     1823.8042   480                   1729.1876 90645066         
Elapsed time = 14986.37 sec. (2379177.51 ticks, tree = 1758.13 MB, solutions = 0)
 426093 26068     1903.0101   529                   1740.6608 91424314         
 426527 26140     1903.1619   400                   1741.9277 91009498         
 426969 26114     1917.4542   359                   1742.8617 91242650         
 427411 25976    infeasible                         1745.8933 92190402         
 427890 26026     2618.8526   345                   1748.5763 91725116         
 428448 25983    infeasible                         1749.4622 91768981         
 429049 26103     2195.1768   373                   1753.1320 91997902         
 429493 25725     1822.4729   537                   1754.0357 92854067         
 429854 25733     1883.2421   540                   1757.8108 92855863         
 430226 26016    infeasible                         1759.2911 93031827         
Elapsed time = 15229.47 sec. (2417464.51 ticks, tree = 1737.36 MB, solutions = 0)
 430604 26264     2239.8071   305                   1761.1916 93168167         
 430978 25757     2617.8844   297                   1762.4037 92711567         
 431398 26222     2246.6328   379                   1763.8095 93095748         
 431835 25934     1994.5334   374                   1766.9656 93408383         
 432425 25780     2682.9603   227                   1768.2583 93602980         
 433134 25874    infeasible                         1769.1466 93458236         
 434153 26374     2345.3818   209                   1769.1466 93866912         
 435463 26686     2383.6349   120                   1769.1466 93898659         
 436881 26824     3103.1044    57                   1769.1466 93837463         
 438448 27063     2520.1623    96                   1769.1466 93905036         
Elapsed time = 15459.59 sec. (2455673.08 ticks, tree = 1919.20 MB, solutions = 0)
 439856 26931     2263.8431   207                   1769.1466 93979126         
 441290 27247     2623.1025    91                   1769.7456 93884086         
 442622 26361     1993.3658   429                   1769.7456 94093489         
 443877 29023     2977.1476    53                   1774.1412 94644097         
 445133 26587     2331.6104    72                   1774.1412 94246300         
 446018 33700     2929.4398    46                   1781.3929 95165884         
*446273 33734      integral     0     3008.4403     1781.3929 95166995   40.79%
 446958 29716     2275.2018   492     3008.4403     1781.3929 94698746   40.79%
 447943 27746     2461.7101   271     3008.4403     1781.3929 94640614   40.79%
 449144 27796     2317.1268   190     3008.4403     1786.2751 94573528   40.62%
 450222 27970     2556.5510   218     3008.4403     1787.7479 94647451   40.58%
Elapsed time = 15687.87 sec. (2493866.90 ticks, tree = 2053.60 MB, solutions = 1)
 451201 33133     2479.4483   126     3008.4403     1790.0600 95772417   40.50%
 452099 33410     2642.1576   156     3008.4403     1791.6609 95896568   40.45%
 453120 33529     2530.3682   189     3008.4403     1797.1311 95778852   40.26%
*453863+33698                         2998.6259     1797.1311            40.07%
 454122 33541    infeasible           2998.6259     1797.1311 95903872   40.07%
 455039 33813     2727.6966   103     2998.6259     1819.2339 95787207   39.33%
 455719 34384     2117.7840   485     2998.6259     1825.8619 96768668   39.11%
 456445 36883    infeasible           2998.6259     1838.5820 97130223   38.69%
 457195 36825    infeasible           2998.6259     1864.7934 97271369   37.81%
 457958 35243     2473.0704    82     2998.6259     1864.7934 96723582   37.81%
 458638 37145     2068.4563   487     2998.6259     1864.7934 97309019   37.81%
Elapsed time = 15917.56 sec. (2532052.52 ticks, tree = 2464.96 MB, solutions = 2)
Nodefile size = 406.54 MB (253.78 MB after compression)
 459248 35502     2147.0828   372     2998.6259     1869.9484 96993605   37.64%
*459466+36979                         2993.0744     1884.2654            37.05%
 459793 36886    infeasible           2993.0744     1884.2654 97590855   37.05%
 460294 36907     2133.8656   460     2993.0744     1894.2730 97221718   36.71%
 460742 37600    infeasible           2993.0744     1906.7060 97757100   36.30%
 461106 37556     2107.9908   357     2993.0744     1950.2608 97794258   34.84%
 461436 37581    infeasible           2993.0744     1955.9921 97946066   34.65%
 461802 36963    infeasible           2993.0744     1955.9921 98554790   34.65%
 462182 37027     2130.5776   341     2993.0744     1955.9921 98524497   34.65%
*462396+37789                         2745.7087     1955.9921            28.76%
 462618 37083     2152.9680   331     2745.7087     1960.9413 98493562   28.58%
 463172 36993     2165.4509   295     2745.7087     1988.4683 98558106   27.58%
Elapsed time = 16148.36 sec. (2570290.67 ticks, tree = 2511.56 MB, solutions = 5)
Nodefile size = 505.23 MB (316.61 MB after compression)
*463353+37254                         2526.9095     1988.4683            21.31%
*463387+37254                         2522.1240     1988.4683            21.16%
*463392+37254                         2516.0072     1988.4683            20.97%
*463429+37254                         2511.7228     1988.4683            20.83%
*463437+37254                         2505.9847     1988.4683            20.65%
*463439+37254                         2503.4366     1988.4683            20.57%
*463854+37052                         2361.1939     1994.8504            15.52%
 463936 36853     2156.9139   337     2361.1939     1994.8504 98647582   15.52%
*464225+12589                         2355.4068     1995.9802            15.26%
 465143 37080     2169.2985   232     2355.4068     1998.9207 98526108   15.13%
*465932+36945                         2332.5605     1998.9207            14.30%
 466556 19654     2184.6822   205     2332.5605     1998.9207 98862172   14.30%
*466798+12744                         2249.9362     1998.9207            11.16%
*466813+12744                         2249.7645     1998.9207            11.15%
*467155+ 8288                         2248.5129     1998.9207            11.10%
 468633 30185     2401.7902   109     2248.5129     1998.9207 98841935   11.10%
*468744+ 8458                         2242.3691     1998.9207            10.86%
*468957+ 8417                         2241.7531     1998.9207            10.83%
 470421  8430     2140.8129   284     2241.7531     1998.9207 99082587   10.83%
*471151+ 9485                         2238.8543     1998.9207            10.72%
*471320+ 9034                         2238.0372     1998.9207            10.68%
*471352+ 9034                         2237.4798     1998.9207            10.66%
*471361+ 9034                         2237.0511     1998.9207            10.64%
*471370+ 9034                         2235.9549     1998.9207            10.60%
 472691  8425     2176.2718   174     2235.9549     1998.9207 99070361   10.60%
*474461+10086                         2233.6230     2014.3690             9.82%
 475108  9300     2149.9017   253     2233.6230     2014.3690 99255247    9.82%
*476923+10199                         2231.3611     2014.3690             9.72%
 477835  9639     2163.0177   359     2231.3611     2014.3690 99294621    9.72%
 480767  9383     2206.1875   180     2231.3611     2019.4597 99165651    9.50%
*483462+11911                         2230.6977     2019.4597             9.47%
 483826 11476     2137.3078   322     2230.6977     2019.4597 99519171    9.47%
Elapsed time = 16365.29 sec. (2608447.55 ticks, tree = 538.27 MB, solutions = 57)
 486990 12099     2206.4106   163     2230.6977     2030.0345 99589454    9.00%
*487757+12131                         2230.6150     2030.0345             8.99%
*490238+12751                         2221.6126     2041.9492             8.09%
 490328 17041     2121.6025   315     2221.6126     2041.9492 99869703    8.09%
 493680 17143     2189.0101   294     2221.6126     2051.8264 99873523    7.64%
*494925+16881                         2220.1755     2051.8264             7.58%
*496494+20378                         2216.1670     2051.8264             7.42%
 496584 13055     2222.7018   252     2216.1670     2051.8264 99643723    7.42%
*498156+13702                         2213.2951     2051.8264             7.30%
 499640 19734     2204.6511   279     2213.2951     2067.9099 1.00e+08    6.57%
 502562 16561     2164.5065   280     2213.2951     2071.1219 99842986    6.42%
 505751 23971     2156.4629   212     2213.2951     2076.8152 1.00e+08    6.17%
*506181+22931                         2212.9528     2076.8152             6.15%
 508952 16794     2198.2616   264     2212.9528     2085.8336 99850670    5.74%
 512152 30600     2127.8198   390     2212.9528     2098.5672 1.01e+08    5.17%
 515501 29549     2198.5006   216     2212.9528     2098.5672 1.01e+08    5.17%
Elapsed time = 16608.58 sec. (2646601.25 ticks, tree = 2982.46 MB, solutions = 107)
Nodefile size = 886.94 MB (604.31 MB after compression)
 518718 27641     2169.0264   266     2212.9528     2108.9182 1.01e+08    4.70%
*521424+37936                         2212.5962     2110.1990             4.63%
 521952 28650     2190.2269   230     2212.5962     2110.1990 1.01e+08    4.63%
*523296+26759                         2212.5883     2110.5995             4.61%
 525176 36368     2207.7619   271     2212.5883     2110.6053 1.01e+08    4.61%
*525402+36852                         2210.6526     2110.6834             4.52%
 528472 39656     2203.2077   194     2210.6526     2110.6834 1.01e+08    4.52%
*530272+45683                         2210.2463     2111.3012             4.48%
 531676 39733     2208.9451   289     2210.2463     2111.9233 1.01e+08    4.45%
 534665 39800     2137.9690   368     2210.2463     2112.8571 1.01e+08    4.41%
 537580 39159     2182.6787   284     2210.2463     2113.4227 1.01e+08    4.38%
 540778 49905     2134.1065   328     2210.2463     2113.4227 1.02e+08    4.38%
 544059 47944     2177.5069   217     2210.2463     2114.1515 1.02e+08    4.35%
 547380 48060     2155.9066   302     2210.2463     2114.1515 1.02e+08    4.35%
Elapsed time = 16811.58 sec. (2684759.90 ticks, tree = 5559.90 MB, solutions = 124)
Nodefile size = 3427.31 MB (2352.88 MB after compression)
 550669 50206     2200.4792   112     2210.2463     2114.1515 1.02e+08    4.35%
 553941 65194     2191.1070   236     2210.2463     2114.1515 1.02e+08    4.35%
 556788 57001     2132.8405   310     2210.2463     2115.0101 1.02e+08    4.31%
*559334+73870                         2205.1954     2115.0101             4.09%
 559992 68513     2181.2370   344     2205.1954     2115.9395 1.03e+08    4.05%
*560549+70732                         2204.6587     2116.1419             4.01%
 563028 72163     2200.3040   168     2204.6587     2116.2250 1.03e+08    4.01%
*563784+72164                         2201.2928     2116.2390             3.86%
 566058 69341     2199.9860   260     2201.2928     2116.2390 1.03e+08    3.86%
 568973 68728     2196.0811   217     2201.2928     2116.3706 1.03e+08    3.86%
*569211+68740                         2197.2728     2116.3706             3.68%
*569910+67247                         2197.1011     2116.4687             3.67%
 571843 70157     2156.2599   259     2197.1011     2116.6070 1.03e+08    3.66%
 574830 72290     2174.0311   262     2197.1011     2116.9890 1.03e+08    3.65%
 577885 73661     2131.4469   324     2197.1011     2117.3014 1.04e+08    3.63%
Elapsed time = 17039.30 sec. (2722911.87 ticks, tree = 9246.66 MB, solutions = 137)
Nodefile size = 7176.24 MB (4956.12 MB after compression)
*579046+69102                         2195.8142     2117.3225             3.57%
 580796 69178     2157.3969   279     2195.8142     2117.4842 1.03e+08    3.57%
*582414+68445                         2195.7383     2117.6108             3.56%
 583850 73037     2194.8160   253     2195.7383     2117.6108 1.04e+08    3.56%
 586925 75892     2164.1635   205     2195.7383     2117.6893 1.04e+08    3.55%
*588204+75711                         2195.3994     2117.9354             3.53%
*588253+74757                         2191.4685     2117.9354             3.36%
 590065 74830     2185.7120   150     2191.4685     2118.1801 1.04e+08    3.34%
 593076 73609     2189.0924   256     2191.4685     2118.2202 1.04e+08    3.34%
*593509+74092                         2191.0537     2118.2202             3.32%
*595477+79674                         2188.4569     2118.5046             3.20%
 596054 78875     2178.8555   330     2188.4569     2118.5961 1.04e+08    3.19%
 599075 76289     2179.1610   212     2188.4569     2118.8397 1.04e+08    3.18%
*599802+75087                         2183.5895     2118.8397             2.97%
 601893 76951     2140.8696   309     2183.5895     2118.8745 1.04e+08    2.96%
*604206+67957                         2181.6888     2119.0967             2.87%
 604720 68530     2146.3895   317     2181.6888     2119.1113 1.05e+08    2.87%
 607675 68652     2178.1321   269     2181.6888     2119.3358 1.05e+08    2.86%
Elapsed time = 17254.83 sec. (2761069.99 ticks, tree = 8663.54 MB, solutions = 170)
Nodefile size = 6572.16 MB (4541.51 MB after compression)
 610589 70399     2182.2248   295     2181.6888     2119.5774 1.05e+08    2.85%
 613477 71243     2170.6097   283     2181.6888     2119.7868 1.05e+08    2.84%
 616697 69029     2171.8838   246     2181.6888     2119.8936 1.05e+08    2.83%
 619555 70547     2173.3104   254     2181.6888     2119.9713 1.05e+08    2.83%
 622452 72527     2170.5617   305     2181.6888     2120.2485 1.05e+08    2.82%
 625066 83108     2175.6910   294     2181.6888     2120.5973 1.06e+08    2.80%
 627891 84693     2144.9953   254     2181.6888     2120.8888 1.06e+08    2.79%
 630806 82883     2167.3882   282     2181.6888     2120.8888 1.06e+08    2.79%
 633714 76664     2180.2628   271     2181.6888     2120.9085 1.06e+08    2.79%
 636682 85691     2139.4517   359     2181.6888     2121.0650 1.06e+08    2.78%
Elapsed time = 17446.65 sec. (2799221.43 ticks, tree = 11088.13 MB, solutions = 171)
Nodefile size = 8975.63 MB (6213.68 MB after compression)
*636817+79148                         2181.3504     2121.0650             2.76%
 639668 87530     2166.4050   293     2181.3504     2121.3482 1.06e+08    2.75%
 642525 93512     2145.1836   305     2181.3504     2121.4528 1.06e+08    2.75%
 645349 90571     2130.7978   350     2181.3504     2121.6424 1.06e+08    2.74%
 648272 103243     2143.7541   376     2181.3504     2121.6684 1.07e+08    2.74%
*650749+98916                         2180.6270     2121.6684             2.70%
 651384 103304     2126.6528   337     2180.6270     2121.6684 1.07e+08    2.70%
 654291 99744     2154.8263   208     2180.6270     2121.9133 1.07e+08    2.69%
 657098 106721     2166.1718   244     2180.6270     2122.2293 1.07e+08    2.68%
 660115 113701     2148.5175   336     2180.6270     2122.3274 1.08e+08    2.67%
 662993 104480     2169.1051   288     2180.6270     2122.4274 1.07e+08    2.67%
 665937 112102     2154.5743   257     2180.6270     2122.4621 1.08e+08    2.67%
Elapsed time = 17666.95 sec. (2837385.01 ticks, tree = 14843.26 MB, solutions = 179)
Nodefile size = 12739.45 MB (8831.54 MB after compression)
 668771 115616     2138.8541   347     2180.6270     2122.5579 1.08e+08    2.66%
 671630 114059     2158.7218   264     2180.6270     2122.9144 1.08e+08    2.65%
 674708 119229     2137.6720   296     2180.6270     2123.0444 1.08e+08    2.64%
 677729 129432     2169.3644   287     2180.6270     2123.1923 1.09e+08    2.63%
 680783 117670     2172.0729   324     2180.6270     2123.2153 1.08e+08    2.63%
 683866 123358     2178.0510   317     2180.6270     2123.2332 1.08e+08    2.63%
 686619 124691     2177.5621   323     2180.6270     2123.5195 1.08e+08    2.62%
 689381 140263     2139.5520   310     2180.6270     2123.8295 1.09e+08    2.60%
 692358 143631     2131.0186   305     2180.6270     2123.9790 1.09e+08    2.60%
 695084 141238     2129.4176   327     2180.6270     2123.9790 1.09e+08    2.60%
Elapsed time = 17902.27 sec. (2875552.39 ticks, tree = 18981.22 MB, solutions = 179)
Nodefile size = 16893.08 MB (11711.93 MB after compression)
 698140 135055     2168.3688   325     2180.6270     2123.9995 1.09e+08    2.60%
 701181 147132     2175.1116   255     2180.6270     2124.1754 1.10e+08    2.59%
 703819 151409     2165.1178   314     2180.6270     2124.4889 1.10e+08    2.57%
 706686 146897     2165.9319   287     2180.6270     2124.5749 1.10e+08    2.57%
 709504 151574     2164.5585   307     2180.6270     2124.6326 1.10e+08    2.57%
 712224 156009     2171.9629   347     2180.6270     2124.6474 1.10e+08    2.57%
 715065 155252     2142.6189   298     2180.6270     2124.7209 1.10e+08    2.56%
 717841 158395     2174.3540   324     2180.6270     2124.9822 1.10e+08    2.55%
 720760 159684     2146.1521   319     2180.6270     2125.0717 1.10e+08    2.55%
 723814 159283     2178.5349   248     2180.6270     2125.1491 1.10e+08    2.54%
Elapsed time = 18130.55 sec. (2913707.26 ticks, tree = 21541.65 MB, solutions = 179)
Nodefile size = 19437.84 MB (13475.21 MB after compression)
 726649 167106     2172.1715   359     2180.6270     2125.1767 1.11e+08    2.54%
 729675 164990     2153.1843   259     2180.6270     2125.1951 1.11e+08    2.54%
 732370 176023     2145.6541   323     2180.6270     2125.4616 1.11e+08    2.53%
 735273 169237     2177.1752   290     2180.6270     2125.5859 1.11e+08    2.52%
 738317 179871     2145.2282   357     2180.6270     2125.6818 1.11e+08    2.52%
 741380 174989     2139.3000   315     2180.6270     2125.7032 1.11e+08    2.52%
 744445 182104     2167.3911   270     2180.6270     2125.7032 1.12e+08    2.52%
 747184 181755     2175.6251   268     2180.6270     2125.8910 1.12e+08    2.51%
 750084 184672     2145.5741   392     2180.6270     2126.0554 1.12e+08    2.50%
 753344 195401     2172.7684   272     2180.6270     2126.1285 1.12e+08    2.50%
Elapsed time = 18357.12 sec. (2951863.72 ticks, tree = 26676.20 MB, solutions = 179)
Nodefile size = 24600.69 MB (17051.73 MB after compression)
Starting limited solution polishing.
 756315 192406     2130.2373   390     2180.6270     2126.1430 1.12e+08    2.50%
 759404 189717     2178.0336   194     2180.6270     2126.1430 1.12e+08    2.50%
 762310 201308     2152.6402   326     2180.6270     2126.2696 1.13e+08    2.49%
 764674 205226     2160.1217   289     2180.6270     2126.4327 1.13e+08    2.49%
 766828 203563     2163.4100   295     2180.6270     2126.5387 1.13e+08    2.48%
 769187 203161     2157.6111   308     2180.6270     2126.5517 1.13e+08    2.48%
 771496 200812     2179.3926   188     2180.6270     2126.5517 1.13e+08    2.48%
 773511 205486     2168.3045   229     2180.6270     2126.6620 1.13e+08    2.47%
 774972 211982     2179.2286   188     2180.6270     2126.8516 1.13e+08    2.47%
 776627 214948     2174.2987   281     2180.6270     2126.9236 1.13e+08    2.46%
Elapsed time = 18593.21 sec. (2990019.79 ticks, tree = 29458.42 MB, solutions = 179)
Nodefile size = 27380.56 MB (18976.50 MB after compression)
 778138 220770     2158.0280   300     2180.6270     2126.9363 1.14e+08    2.46%
 779813 221017     2161.2043   349     2180.6270     2126.9363 1.14e+08    2.46%
 781642 220188     2156.0842   293     2180.6270     2127.1043 1.14e+08    2.45%
 783817 221476     2161.1215   229     2180.6270     2127.2531 1.14e+08    2.45%
*785105+224464                         2180.3358     2127.2994             2.43%
 785915 224318     2180.2740    80     2180.3358     2127.2994 1.14e+08    2.43%
 788020 222370     2149.7653   279     2180.3358     2127.2994 1.14e+08    2.43%
 790050 223483     2155.8967   260     2180.3358     2127.3282 1.14e+08    2.43%
 791915 226637     2160.2605   316     2180.3358     2127.3409 1.14e+08    2.43%
 793734 233968        cutoff           2180.3358     2127.3409 1.14e+08    2.43%
 795467 230240     2142.1600   328     2180.3358     2127.4789 1.14e+08    2.42%
Elapsed time = 18801.16 sec. (3028181.87 ticks, tree = 31635.66 MB, solutions = 180)
Nodefile size = 29551.02 MB (20477.39 MB after compression)
 797321 227865     2171.9735   316     2180.3358     2127.4789 1.14e+08    2.42%
 799014 236555     2177.1507   286     2180.3358     2127.5882 1.15e+08    2.42%
 800596 231704     2158.9284   217     2180.3358     2127.6026 1.14e+08    2.42%
 802154 236164     2164.4793   330     2180.3358     2127.6384 1.15e+08    2.42%
 804050 242609     2168.9651   287     2180.3358     2127.7586 1.15e+08    2.41%
 805553 236997     2169.6474   293     2180.3358     2127.8199 1.15e+08    2.41%
 806902 241840     2140.2693   347     2180.3358     2127.8199 1.15e+08    2.41%
 808505 243905        cutoff           2180.3358     2127.8924 1.15e+08    2.41%
 810153 244456     2141.7631   388     2180.3358     2127.8924 1.15e+08    2.41%
 811754 247137     2172.9800   295     2180.3358     2128.0621 1.15e+08    2.40%
Elapsed time = 18995.55 sec. (3066367.04 ticks, tree = 34041.71 MB, solutions = 180)
Nodefile size = 31962.55 MB (22146.76 MB after compression)
 813071 246537     2172.0434   179     2180.3358     2128.0621 1.15e+08    2.40%
 814294 250341        cutoff           2180.3358     2128.1056 1.15e+08    2.40%
 815951 248072     2156.5919   360     2180.3358     2128.1362 1.15e+08    2.39%
 817029 249349     2178.9290   249     2180.3358     2128.1386 1.15e+08    2.39%
 817894 254095     2153.1029   373     2180.3358     2128.1581 1.16e+08    2.39%
 818994 253121     2178.4405   226     2180.3358     2128.2262 1.16e+08    2.39%
 820338 256651     2170.2014   290     2180.3358     2128.3299 1.16e+08    2.39%
 821964 256769     2158.1161   354     2180.3358     2128.3980 1.16e+08    2.38%
 823301 256723     2144.6840   326     2180.3358     2128.4027 1.16e+08    2.38%
 824377 257936     2141.3691   335     2180.3358     2128.4027 1.16e+08    2.38%
Elapsed time = 19171.13 sec. (3104547.06 ticks, tree = 35583.51 MB, solutions = 180)
Nodefile size = 33503.92 MB (23214.25 MB after compression)
 825636 258004     2165.0450   378     2180.3358     2128.4891 1.16e+08    2.38%
 826802 261305     2168.5962   300     2180.3358     2128.4891 1.16e+08    2.38%
 828413 262778     2151.1914   394     2180.3358     2128.5154 1.16e+08    2.38%
 829691 263679     2167.7120   297     2180.3358     2128.5307 1.16e+08    2.38%
 830735 262401        cutoff           2180.3358     2128.5307 1.16e+08    2.38%
 832081 266119     2158.8173   254     2180.3358     2128.5307 1.16e+08    2.38%
 833323 267158     2155.9600   261     2180.3358     2128.6781 1.16e+08    2.37%
 834443 265338     2152.2456   340     2180.3358     2128.6863 1.16e+08    2.37%
 835739 266826     2171.9430   258     2180.3358     2128.6863 1.16e+08    2.37%
 837188 270651     2159.9095   340     2180.3358     2128.7265 1.17e+08    2.37%
Elapsed time = 19355.11 sec. (3142721.75 ticks, tree = 37395.10 MB, solutions = 180)
Nodefile size = 35319.59 MB (24470.26 MB after compression)
 838391 272399     2146.8513   285     2180.3358     2128.8216 1.17e+08    2.36%
 839532 272138     2167.6344   303     2180.3358     2128.8232 1.17e+08    2.36%
 841004 271397        cutoff           2180.3358     2128.8406 1.17e+08    2.36%
 842022 271430     2175.2785   259     2180.3358     2128.8406 1.17e+08    2.36%
 843238 275412     2159.4321   316     2180.3358     2128.9012 1.17e+08    2.36%
 844633 277335     2162.6386   350     2180.3358     2128.9068 1.17e+08    2.36%
 845576 277646     2155.5756   293     2180.3358     2128.9581 1.17e+08    2.36%
 846465 275206        cutoff           2180.3358     2128.9581 1.17e+08    2.36%
 847669 278219        cutoff           2180.3358     2128.9740 1.17e+08    2.36%
 848771 280893     2166.3175   223     2180.3358     2128.9740 1.17e+08    2.36%
Elapsed time = 19536.57 sec. (3180893.00 ticks, tree = 38855.80 MB, solutions = 180)
Nodefile size = 36778.72 MB (25479.79 MB after compression)
 850276 279747     2156.7375   292     2180.3358     2128.9740 1.17e+08    2.36%
 851606 280707     2178.5649   295     2180.3358     2129.0756 1.17e+08    2.35%
 852852 283232     2139.7175   361     2180.3358     2129.0756 1.17e+08    2.35%
 853907 283081     2160.2757   346     2180.3358     2129.0895 1.17e+08    2.35%
 855220 283311     2148.9202   376     2180.3358     2129.1345 1.17e+08    2.35%
 856792 285607     2166.9975   291     2180.3358     2129.1408 1.18e+08    2.35%
 858124 283935     2148.8742   254     2180.3358     2129.2483 1.18e+08    2.34%
 859329 288999     2175.2240   261     2180.3358     2129.2584 1.18e+08    2.34%
 860241 288073     2178.3556   190     2180.3358     2129.2584 1.18e+08    2.34%
 861599 289287     2159.7448   349     2180.3358     2129.2737 1.18e+08    2.34%
Elapsed time = 19713.76 sec. (3219056.35 ticks, tree = 40052.23 MB, solutions = 180)
Nodefile size = 37964.54 MB (26301.20 MB after compression)
 862703 289403     2165.9917   347     2180.3358     2129.2737 1.18e+08    2.34%
 863915 292743     2131.5575   358     2180.3358     2129.3173 1.18e+08    2.34%
 865264 293414     2144.8846   337     2180.3358     2129.3798 1.18e+08    2.34%
 866454 292254     2158.7732   246     2180.3358     2129.3798 1.18e+08    2.34%
 867586 295507     2167.5136   280     2180.3358     2129.3968 1.18e+08    2.34%
 869186 294347     2140.7523   325     2180.3358     2129.4160 1.18e+08    2.34%
 870205 298718     2154.2988   239     2180.3358     2129.4160 1.18e+08    2.34%
 871009 295997     2178.7104   177     2180.3358     2129.4160 1.18e+08    2.34%
 872236 298023     2166.4180   348     2180.3358     2129.4160 1.18e+08    2.34%
 873486 302125     2162.0716   322     2180.3358     2129.4160 1.19e+08    2.34%
Elapsed time = 19901.26 sec. (3257228.97 ticks, tree = 41883.03 MB, solutions = 180)
Nodefile size = 39812.95 MB (27578.88 MB after compression)
 874592 298706     2178.0955   133     2180.3358     2129.5403 1.18e+08    2.33%
 875566 302897        cutoff           2180.3358     2129.5577 1.19e+08    2.33%
 876764 304167     2162.3204   286     2180.3358     2129.5801 1.19e+08    2.33%
 878003 305236     2180.0588   270     2180.3358     2129.6302 1.19e+08    2.33%
 879329 305273     2150.6849   352     2180.3358     2129.6385 1.19e+08    2.33%
