Version identifier: 22.1.1.0 | 2022-11-28 | 9160aff4d
CPXPARAM_TimeLimit                               20400
Tried aggregator 1 time.
MIP Presolve eliminated 17950 rows and 10580 columns.
MIP Presolve modified 11624 coefficients.
Reduced MIP has 10387 rows, 17042 columns, and 55872 nonzeros.
Reduced MIP has 8567 binaries, 8475 generals, 0 SOSs, and 0 indicators.
Presolve time = 0.10 sec. (56.60 ticks)
Probing fixed 111 vars, tightened 26 bounds.
Probing time = 0.27 sec. (60.60 ticks)
Tried aggregator 2 times.
Detecting symmetries...
MIP Presolve eliminated 384 rows and 408 columns.
MIP Presolve modified 4 coefficients.
Aggregator did 1 substitutions.
Reduced MIP has 10002 rows, 16633 columns, and 54116 nonzeros.
Reduced MIP has 8454 binaries, 8179 generals, 0 SOSs, and 0 indicators.
Presolve time = 0.12 sec. (65.62 ticks)
Probing fixed 137 vars, tightened 0 bounds.
Probing time = 0.18 sec. (54.72 ticks)
Cover probing fixed 68 vars, tightened 95 bounds.
Clique table members: 6742.
MIP emphasis: balance optimality and feasibility.
MIP search method: dynamic search.
Parallel mode: deterministic, using up to 32 threads.
Root relaxation solution time = 4.45 sec. (392.44 ticks)

        Nodes                                         Cuts/
   Node  Left     Objective  IInf  Best Integer    Best Bound    ItCnt     Gap

      0     0      908.6360   202                    908.6360       24         
      0     0      976.3405   327                   Cuts: 285     1377         
      0     0      987.6987   372                   Cuts: 171     2199         
      0     0      992.5073   364                    Cuts: 88     2758         
      0     0      993.9536   386                    Cuts: 77     3219         
      0     0      995.9277   318                    Cuts: 76     3525         
Detecting symmetries...
      0     0      996.4842   281                    Cuts: 34     3662         
      0     0      998.0125   305                    Cuts: 19     3838         
      0     0      998.5243   340                    Cuts: 25     3904         
      0     0      998.6858   351                    Cuts: 12     3981         
      0     0      998.9853   331                    Cuts: 12     4034         
      0     0      999.1645   337                    Cuts: 22     4153         
      0     0      999.2468   372                    Cuts: 19     4215         
      0     0      999.5303   274                    Cuts: 10     4264         
      0     0     1000.6911   424                    Cuts: 22     4530         
      0     0     1001.3220   395                    Cuts: 42     4659         
      0     0     1001.6368   410                    Cuts: 26     4790         
      0     0     1001.7647   385                    Cuts: 23     4835         
      0     0     1001.7886   394                    Cuts: 10     4881         
Detecting symmetries...
      0     2     1001.7886   394                   1001.7886     4881         
Elapsed time = 18.79 sec. (7603.47 ticks, tree = 0.02 MB, solutions = 0)
      2     3     1042.8130   341                   1001.7886     5627         
      9    11     1055.3759   317                   1001.9483     6507         
     42    19     1098.9951   302                   1002.7393    10389         
    162    63     1101.2010   289                   1002.7393    18550         
    253   134     1146.3949   321                   1003.5472    34100         
    301   163     1141.6260   358                   1003.5517    42702         
    346   178    infeasible                         1003.5517    94553         
    379   181    infeasible                         1003.5517    91734         
    440   158     1111.7015   332                   1003.5517   103806         
    799   244     1225.7702   303                   1003.5517   277908         
Elapsed time = 35.26 sec. (10941.06 ticks, tree = 2.22 MB, solutions = 0)
   1022   313    infeasible                         1003.5517   317139         
   1365   302     1160.4352   286                   1014.2848   367495         
   1800   433     1495.4730   336                   1014.2848   459137         
   2275   584     1099.5038   314                   1014.2848   531853         
   2585   701     1783.7806   289                   1014.2848   589744         
   3058   682     1728.3665   335                   1014.2848   656493         
   3769   807     1786.2865   330                   1014.2848   716265         
   4544  1066     1762.9447   285                   1017.5106   800885         
   5068  1158    infeasible                         1017.6469   898005         
   5335  1201    infeasible                         1017.6469   987456         
Elapsed time = 85.13 sec. (20511.64 ticks, tree = 43.12 MB, solutions = 0)
   5571  1158     1664.7735   282                   1020.6812  1003739         
   6113  1158     1356.9752   387                   1045.7487  1095878         
   6772  1204     1127.7605   441                   1046.0541  1143846         
   7370  1375     1426.5335   278                   1108.8498  1259337         
   7830  1524    infeasible                         1110.3364  1336668         
   8017  1525     1607.4936   275                   1110.3364  1429096         
   8416  1480    infeasible                         1110.3364  1473959         
   9036  1477     1716.3820   314                   1110.3364  1504715         
   9552  1741     1766.2567   366                   1110.3364  1650157         
   9970  1781     1332.7387   384                   1119.1745  1695183         
Elapsed time = 134.34 sec. (30078.00 ticks, tree = 67.38 MB, solutions = 0)
  10288  1865    infeasible                         1119.1745  1784092         
  10388  1858    infeasible                         1119.1745  1785801         

Performing restart 1

Repeating presolve.
Tried aggregator 1 time.
MIP Presolve eliminated 151 rows and 322 columns.
MIP Presolve modified 788 coefficients.
Reduced MIP has 9851 rows, 16311 columns, and 53265 nonzeros.
Reduced MIP has 8242 binaries, 8069 generals, 0 SOSs, and 0 indicators.
Presolve time = 0.06 sec. (27.91 ticks)
Tried aggregator 1 time.
MIP Presolve eliminated 267 rows and 347 columns.
MIP Presolve modified 1006 coefficients.
Reduced MIP has 9584 rows, 15964 columns, and 52264 nonzeros.
Reduced MIP has 8139 binaries, 7825 generals, 0 SOSs, and 0 indicators.
Presolve time = 0.08 sec. (41.24 ticks)
Tried aggregator 1 time.
MIP Presolve eliminated 342 rows and 445 columns.
MIP Presolve modified 1372 coefficients.
Reduced MIP has 9242 rows, 15519 columns, and 51029 nonzeros.
Reduced MIP has 8020 binaries, 7499 generals, 0 SOSs, and 0 indicators.
Presolve time = 0.08 sec. (40.53 ticks)
Tried aggregator 1 time.
MIP Presolve eliminated 386 rows and 453 columns.
MIP Presolve modified 2702 coefficients.
Reduced MIP has 8856 rows, 15066 columns, and 49772 nonzeros.
Reduced MIP has 7917 binaries, 7149 generals, 0 SOSs, and 0 indicators.
Presolve time = 0.09 sec. (46.96 ticks)
Represolve time = 1.38 sec. (436.90 ticks)
  10391     0     1081.1886   462                   Cuts: 298  1887179         
  10391     0     1108.0507   533                   Cuts: 249  1888215         
  10391     0     1116.8645   501                   Cuts: 167  1888883         
  10391     0     1121.5560   550                   Cuts: 117  1889673         
  10391     0     1127.0734   576                   Cuts: 145  1890276         
  10391     0     1130.9688   486                   Cuts: 119  1890584         
  10391     0     1133.2713   552                    Cuts: 95  1891175         
  10391     0     1136.0373   625                   Cuts: 102  1891981         
  10391     0     1136.5793   597                    Cuts: 86  1892329         
  10391     0     1140.7059   594                    Cuts: 77  1892677         
  10391     0     1144.7231   592                    Cuts: 81  1893300         
  10391     0     1145.8756   556                    Cuts: 85  1893671         
  10391     0     1146.4467   635                    Cuts: 74  1893914         
  10391     0     1146.5658   639                    Cuts: 47  1894050         
  10391     0     1147.1928   562                    Cuts: 41  1894265         
  10391     0     1151.3940   598                    Cuts: 87  1894588         
  10391     0     1152.7019   638                    Cuts: 89  1894856         
  10391     0     1153.6610   618                    Cuts: 87  1895100         
  10391     0     1153.7774   620                    Cuts: 69  1895184         
  10391     0     1153.8875   631                    Cuts: 34  1895296         
  10391     0     1154.0090   607                    Cuts: 38  1895384         
  10391     0     1154.2674   644                    Cuts: 58  1895533         
  10391     0     1154.3520   618                    Cuts: 38  1895602         
  10391     0     1154.4050   652                    Cuts: 22  1895678         
  10391     0     1154.4142   644                    Cuts: 12  1895705         
  10391     0     1154.4481   638                     Cuts: 3  1895725         
  10391     2     1154.4481   638                   1154.4481  1895725         
  10392     3     1161.6103   624                   1154.4650  1896571         
  10393     3     1156.9516   604                   1156.9535  1896444         
  10394     4     1165.2172   581                   1156.9535  1897361         
  10395     5     1170.0056   592                   1156.9535  1898548         
  10396     6     1169.1167   581                   1156.9535  1898593         
  10398     8     1184.1945   513                   1156.9535  1900688         
  10401     6     1176.2192   434                   1158.3959  1899091         
Elapsed time = 216.16 sec. (77766.01 ticks, tree = 0.02 MB, solutions = 0)
  10405     9     1177.6445   467                   1158.3959  1900779         
  10409    13     1182.2304   543                   1158.3959  1909789         
  10414    14     1202.0652   387                   1158.3959  1907287         
  10429    20    infeasible                         1158.3959  1972070         
  10434    22     1172.3821   508                   1158.3959  1963051         
  10446    20     1192.4964   498                   1158.3959  1994203         
  10465    17     1176.2587   610                   1158.3959  1925225         
  10486    23     1230.4283   376                   1158.5803  2069453         
  10528    29     1159.0535   600                   1158.6410  2114113         
  10594    47     1181.9657   388                   1158.6410  2125454         
Elapsed time = 255.80 sec. (90024.10 ticks, tree = 0.13 MB, solutions = 0)
  10676    49     1172.7609   567                   1159.0554  2136385         
  10790   126     1212.3347   358                   1159.0591  2174377         
  10864   140     1248.7710   529                   1159.0591  2190529         
  10926   205     1200.8164   508                   1159.0591  2213770         
  10984   286    infeasible                         1159.0591  2277843         
  11128   321     1348.9675   442                   1159.0591  2326899         
  11324   326     1224.2956   441                   1159.0591  2344179         
  11571   537     1224.4019   461                   1159.0591  2410917         
  11819   630     1319.2832   431                   1159.0591  2442661         
  12107   908    infeasible                         1159.0591  2493236         
Elapsed time = 302.56 sec. (99621.03 ticks, tree = 32.97 MB, solutions = 0)
  12317   846     1210.4046   511                   1159.0591  2483701         
  12439  1201    infeasible                         1159.0591  2558438         
  12504  1144     1426.1557   424                   1159.0591  2549258         
  12574  1329     1237.6822   458                   1159.0591  2659868         
  12644  1303    infeasible                         1159.0591  2620052         
  12715  1335    infeasible                         1159.0591  2702627         
  12857  1352     1230.3210   418                   1159.0591  2756796         
  13068  1361     1238.9881   460                   1180.9156  2772921         
  13280  1359     1228.3460   447                   1180.9156  2770287         
  13535  1483     1247.1397   438                   1180.9156  2893011         
Elapsed time = 353.38 sec. (109268.52 ticks, tree = 55.89 MB, solutions = 0)
  13836  1693     1225.2713   496                   1182.5225  2960288         
  14069  1738     1215.5878   484                   1182.5225  2975524         
  14300  1897     1301.4203   570                   1182.5225  3012668         
  14492  1903     1263.2316   501                   1182.9721  3008704         
  14636  1909    infeasible                         1183.2805  3010343         
  14709  2025     1282.2812   515                   1184.3848  3053869         
  14765  2100     1363.4322   413                   1184.3848  3072716         
  14838  2458     1279.0193   385                   1185.6058  3211381         
  14909  2462     1228.0603   477                   1185.6058  3299998         
  14971  2457     1418.8819   329                   1185.6058  3261324         
Elapsed time = 406.75 sec. (118883.69 ticks, tree = 103.61 MB, solutions = 0)
  15045  2458     1219.4342   538                   1185.6058  3407863         
  15105  2456    infeasible                         1185.6058  3394230         
  15202  2483     1304.1911   360                   1185.6058  3542236         
  15350  2496     1229.3874   396                   1185.6058  3544017         
  15598  2497     1208.6140   474                   1185.6058  3559314         
  15904  2502     1247.4508   462                   1185.6058  3555974         
  16215  2522     1244.5922   530                   1192.1310  3637910         
  16508  2574     1228.5356   477                   1192.6685  3678974         
  16844  2713     1214.1919   468                   1192.6685  3735642         
  17133  3262    infeasible                         1193.1392  3886119         
Elapsed time = 455.25 sec. (128477.67 ticks, tree = 144.24 MB, solutions = 0)
  17347  2910     1468.8738   428                   1193.1392  3787209         
  17471  3126     1226.2858   518                   1193.1392  3852805         
  17559  3461    infeasible                         1193.4444  3950054         
  17628  3501    infeasible                         1194.8744  3968480         
  17688  3737     1230.9598   573                   1194.8744  4083415         
  17765  3741    infeasible                         1194.8744  4070703         
  17838  3758    infeasible                         1194.8744  4042846         
  17914  3728     2489.6843   173                   1194.8744  4149618         
  17984  3672    infeasible                         1194.8744  4227214         
  18226  3626     2509.6314   148                   1194.8744  4496017         
Elapsed time = 528.36 sec. (140966.93 ticks, tree = 174.74 MB, solutions = 0)
  18460  3596    infeasible                         1194.8744  4594511         

Performing restart 2

Repeating presolve.
Tried aggregator 1 time.
MIP Presolve eliminated 24 rows and 48 columns.
Reduced MIP has 8832 rows, 15018 columns, and 60300 nonzeros.
Reduced MIP has 7893 binaries, 7125 generals, 0 SOSs, and 0 indicators.
Presolve time = 0.06 sec. (27.85 ticks)
Tried aggregator 1 time.
Reduced MIP has 8832 rows, 15018 columns, and 60300 nonzeros.
Reduced MIP has 7893 binaries, 7125 generals, 0 SOSs, and 0 indicators.
Presolve time = 0.09 sec. (36.88 ticks)
Represolve time = 1.09 sec. (313.87 ticks)
  18482     0     1155.6288   634                    Cuts: 77  4820949         
  18482     0     1155.7031   618                    Cuts: 18  4821124         
  18482     0     1155.7146   628                   Cuts: 118  4821219         
  18482     0     1155.8489   626                    Cuts: 23  4821270         
  18482     0     1155.8531   626                    Cuts: 16  4821307         
  18482     0     1155.8532   624                    Cuts: 10  4821311         
  18482     0     1155.8654   625                     Cuts: 5  4821389         
  18482     2     1155.8654   625                   1194.8744  4821389         
  18484     3     1182.7513   541                   1194.8744  4823402         
  18493     5     1184.3076   452                   1194.8744  4824055         
  18511     5     1311.7035   402                   1194.8744  4846444         
  18567    20     1199.8442   493                   1194.8744  4902518         
  18645    31     1193.4913   565                   1194.8744  4983830         
  18906   131     1254.0677   434                   1194.8744  5139188         
  19291   298     1508.5900   453                   1194.8744  5306993         
  19582   355     1420.8600   395                   1195.2333  5470604         
Elapsed time = 696.25 sec. (203290.83 ticks, tree = 1.25 MB, solutions = 0)
  19847   361     1384.4582   458                   1195.2333  5620192         
  20224   310    infeasible                         1195.2333  5989605         
  20567   296     1305.6911   522                   1195.2333  6182682         
  20867   210     1391.0535   448                   1217.1656  6426214         
  21300   226    infeasible                         1231.5680  6551545         
  21674   235     1779.3922   394                   1270.8129  6752522         
  21989   140    infeasible                         1270.8129  7128773         
  22583    69     1457.4599   536                   1282.4552  7287530         
  23618   170     2206.3272   265                   1282.4552  7313000         
  24758  1605     2231.2006    53                   1288.0728  7656082         
Elapsed time = 888.74 sec. (241505.73 ticks, tree = 23.57 MB, solutions = 0)
  26501  2351     2237.0208   106                   1359.9546  7734847         
  29095  4425     2252.4241   177                   1359.9546  7869821         
  32274  6086     2285.2209   182                   1359.9546  7968792         
  36020 11510     2416.0954   163                   1359.9546  8178942         
* 36951+12229                         2396.0426     1359.9546            43.24%
* 37145+12108                         2338.0525     1359.9546            41.83%
* 38045+11792                         2334.8311     1359.9546            41.75%
* 38455+11359                         2320.9156     1359.9546            41.40%
* 38956+11337                         2303.1269     1359.9546            40.95%
  39593 11454     2224.4714   213     2303.1269     1382.9314  8262736   39.95%
* 39688+11613                         2298.8946     1382.9314            39.84%
* 40024+10700                         2297.8009     1382.9314            39.82%
* 41033+10678                         2297.3937     1382.9314            39.80%
* 41066+10975                         2289.3915     1382.9314            39.59%
* 43242+11280                         2288.2145     1440.7991            37.03%
  43825 11841     2257.7505   186     2288.2145     1440.7991  8477901   37.03%
* 44875+12658                         2287.5069     1449.0841            36.65%
* 44983+13945                         2282.3152     1449.0841            36.51%
* 48064+13814                         2281.6077     1459.5039            36.03%
* 48256+14621                         2278.8185     1477.3329            35.17%
  48620 15711     2246.4385   215     2278.8185     1477.3329  8703160   35.17%
* 48839+14068                         2278.3774     1477.3329            35.16%
* 49241+15365                         2277.3138     1477.3329            35.13%
* 49459+16011                         2277.1532     1477.3329            35.12%
* 50500+17858                         2273.2154     1477.3329            35.01%
* 51212+17494                         2268.2643     1480.0635            34.75%
* 52645+16909                         2266.1982     1480.0635            34.69%
* 53468+17671                         2265.2111     1480.0635            34.66%
  54371 16855     2234.0778    70     2265.2111     1518.8998  8862007   32.95%
* 56594+18975                         2261.8494     1518.8998            32.85%
  59932 20255        cutoff           2261.8494     1537.6362  9051618   32.02%
  65867 25875     2227.2558   224     2261.8494     1537.7853  9266732   32.01%
Elapsed time = 1096.71 sec. (279663.95 ticks, tree = 1945.18 MB, solutions = 35)
* 67186+27347                         2260.8642     1564.9512            30.78%
* 69626+30202                         2260.4264     1571.7684            30.47%
  71974 33865     2236.3826   261     2260.4264     1585.1336  9554524   29.87%
* 73875+33509                         2259.4955     1585.1336            29.85%
  78101 39739     2226.0603    86     2259.4955     2174.4473  9736300    3.76%
* 80424+40966                         2258.7182     2174.4473             3.73%
* 82335+40752                         2254.8918     2176.2090             3.49%
  84133 43701     2229.8815   256     2254.8918     2177.0042  9935490    3.45%
* 88449+46422                         2254.6087     2177.0538             3.44%
  90408 48123     2232.9599   172     2254.6087     2177.3029 10082358    3.43%
* 91753+46827                         2254.6087     2177.4599             3.42%
* 94133+50652                         2251.1396     2177.5533             3.27%
  96479 53051     2243.8463   169     2251.1396     2177.5533 10242339    3.27%
 102396 56865     2226.9457   214     2251.1396     2179.0338 10463430    3.20%
 108405 60701     2205.0590   204     2251.1396     2179.5283 10606469    3.18%
 114481 68139     2229.0391   157     2251.1396     2179.6631 10857573    3.18%
*120635+72966                         2243.8025     2180.1857             2.84%
 120774 75319     2227.6867   151     2243.8025     2180.1857 11092671    2.84%
*123453+70781                         2242.9564     2180.2779             2.79%
*124513+70480                         2241.0065     2180.2955             2.71%
*125370+70730                         2238.1355     2180.4386             2.58%
*125437+69167                         2233.4629     2180.4386             2.37%
*126228+70193                         2232.6169     2180.4683             2.34%
 126964 57731     2214.5743   168     2232.6169     2180.5377 11273622    2.33%
Elapsed time = 1344.76 sec. (317816.42 ticks, tree = 4651.83 MB, solutions = 53)
Nodefile size = 2596.30 MB (1740.78 MB after compression)
 133398 62258        cutoff           2232.6169     2180.9129 11511467    2.32%
*133456+60877                         2230.6669     2180.9129             2.23%
 139474 61657     2187.1722   178     2230.6669     2181.1327 11595214    2.22%
 145170 68005     2224.1225   147     2230.6669     2181.7590 11818689    2.19%
*150910+73669                         2230.1567     2181.8909             2.16%
 151504 71927     2206.0269   226     2230.1567     2181.9785 11989817    2.16%
*155878+75262                         2229.0673     2182.4848             2.09%
 157474 78514     2196.3082   232     2229.0673     2182.4848 12262181    2.09%
 163950 80272     2208.4325   269     2229.0673     2182.7793 12393971    2.08%
 170017 88719     2223.2736   142     2229.0673     2183.2529 12698883    2.06%
 176402 92446     2189.1857   215     2229.0673     2183.5436 12840727    2.04%
 182788 99164     2200.2086   208     2229.0673     2183.6606 13066435    2.04%
 189186 107501     2197.6036   179     2229.0673     2183.8442 13340904    2.03%
Elapsed time = 1595.27 sec. (355973.01 ticks, tree = 8940.12 MB, solutions = 60)
Nodefile size = 6882.45 MB (4622.12 MB after compression)
 195972 111096     2201.6793   191     2229.0673     2184.1150 13459035    2.02%
 202486 119549     2198.6134   230     2229.0673     2184.2503 13758854    2.01%
 208976 122480     2216.4292   202     2229.0673     2184.2993 13861456    2.01%
*210621+124554                         2228.6890     2184.4046             1.99%
 215323 129054     2202.1020   165     2228.6890     2184.4784 14090923    1.98%
 221887 137747     2222.4054   272     2228.6890     2184.6159 14377963    1.98%
 228477 140003     2200.4086   208     2228.6890     2184.7304 14452232    1.97%
 234936 145536     2197.2807   202     2228.6890     2184.9692 14638542    1.96%
 241430 154554     2194.2559   175     2228.6890     2185.1092 14947264    1.96%
 247888 161525     2214.9452   139     2228.6890     2185.1427 15166019    1.95%
 254614 164139     2203.5469   150     2228.6890     2185.3258 15241332    1.95%
Elapsed time = 1848.00 sec. (394127.25 ticks, tree = 13260.68 MB, solutions = 61)
Nodefile size = 11184.74 MB (7490.12 MB after compression)
 261353 171160     2206.4957   138     2228.6890     2185.3820 15475064    1.94%
 267954 176931     2216.6021   144     2228.6890     2185.4727 15664488    1.94%
 274675 182445     2215.5529   254     2228.6890     2185.6262 15833219    1.93%
 281091 188928     2195.1935   204     2228.6890     2185.6541 16034768    1.93%
 288197 198244     2221.7752   246     2228.6890     2185.7653 16308312    1.93%
 295142 205780     2207.7617   221     2228.6890     2185.9102 16552602    1.92%
 301570 210387     2205.0216   206     2228.6890     2185.9764 16695032    1.92%
 307972 214242     2188.1554   222     2228.6890     2186.0153 16811376    1.91%
 314572 223708     2222.4208   152     2228.6890     2186.1259 17093872    1.91%
 321484 229272     2215.8482   198     2228.6890     2186.1987 17255569    1.91%
Elapsed time = 2117.59 sec. (432278.41 ticks, tree = 19041.62 MB, solutions = 61)
Nodefile size = 16982.03 MB (11390.65 MB after compression)
 328331 235679     2226.5207    79     2228.6890     2186.2608 17466273    1.90%
 335304 243307     2210.6455   242     2228.6890     2186.3431 17713852    1.90%
 341834 246322     2223.0161    98     2228.6890     2186.4139 17797231    1.90%
*344434+247205                         2228.6550     2186.4208             1.90%
*346905+252368                         2228.2767     2186.4221             1.88%
 348679 253583     2210.0948   134     2228.2767     2186.4221 18013334    1.88%
*348683+254412                         2228.2581     2186.4221             1.88%
*349757+254292                         2228.1992     2186.4311             1.87%
*352142+254857                         2227.9559     2186.4445             1.86%
*353796+258996                         2227.8784     2186.4897             1.86%
*354677+260212                         2227.5001     2186.4897             1.84%
 355686 260227     2196.2806   178     2227.5001     2186.4897 18251156    1.84%
 362371 263010        cutoff           2227.5001     2186.5409 18364324    1.84%
*362637+264980                         2226.5649     2186.5409             1.80%
 369171 267110     2219.2846   140     2226.5649     2186.6335 18605382    1.79%
 375977 272447     2219.6481   185     2226.5649     2186.6901 18771412    1.79%
 382719 278990     2212.4013   119     2226.5649     2186.7706 18966487    1.79%
 389653 287524     2193.7104   191     2226.5649     2186.8397 19217136    1.78%
Elapsed time = 2389.90 sec. (470431.48 ticks, tree = 23783.02 MB, solutions = 82)
Nodefile size = 21719.08 MB (14553.81 MB after compression)
 396541 294454     2209.2406   257     2226.5649     2186.8731 19426878    1.78%
 403462 298777     2191.5618   180     2226.5649     2186.9410 19566304    1.78%
 410310 304311     2190.4505   137     2226.5649     2187.0312 19726663    1.78%
 417279 313273     2206.1139   193     2226.5649     2187.0637 19993161    1.77%
 424423 318729     2222.2878   244     2226.5649     2187.1280 20156812    1.77%
 431287 324198     2217.2799    83     2226.5649     2187.1695 20328784    1.77%
 438160 328449     2214.0762   223     2226.5649     2187.2297 20456265    1.77%
 445005 338922     2216.9636   197     2226.5649     2187.2402 20769633    1.77%
 451826 341797     2191.6680   128     2226.5649     2187.2970 20864401    1.76%
 458971 350425     2213.8565   200     2226.5649     2187.3745 21136573    1.76%
Elapsed time = 2660.67 sec. (508583.87 ticks, tree = 28754.64 MB, solutions = 82)
Nodefile size = 26690.12 MB (17866.02 MB after compression)
 465682 357104     2208.7976   265     2226.5649     2187.4118 21339964    1.76%
 472096 360735     2193.1138   117     2226.5649     2187.4914 21459292    1.75%
 478774 367648     2192.5332   167     2226.5649     2187.5033 21694224    1.75%
 485598 375754     2207.9828   171     2226.5649     2187.5613 21958178    1.75%
 492366 378931     2222.8355   183     2226.5649     2187.6194 22059549    1.75%
 499148 388971     2211.4773   197     2226.5649     2187.6646 22390606    1.75%
 505955 393973     2191.3422   200     2226.5649     2187.7165 22546034    1.74%
 512923 401952     2205.8761   239     2226.5649     2187.7438 22800834    1.74%
 519844 404167     2219.0290   232     2226.5649     2187.7798 22878662    1.74%
 526676 414154        cutoff           2226.5649     2187.8302 23198284    1.74%
Elapsed time = 2929.59 sec. (546736.19 ticks, tree = 33912.00 MB, solutions = 82)
Nodefile size = 31850.69 MB (21311.11 MB after compression)
 533199 417855     2222.9174   124     2226.5649     2187.8754 23319946    1.74%
 539890 426984     2216.1607   171     2226.5649     2187.8915 23618074    1.74%
 546581 429804     2219.0182   161     2226.5649     2187.9327 23701027    1.74%
 553292 439711     2204.7927   232     2226.5649     2187.9848 24013914    1.73%
 559995 445630     2215.3763   152     2226.5649     2187.9964 24223553    1.73%
 566452 450972     2214.6027   188     2226.5649     2188.0364 24406333    1.73%
 573265 452776     2199.1535   197     2226.5649     2188.0753 24470596    1.73%
 579943 463032     2214.7019   251     2226.5649     2188.1016 24807452    1.73%
 586580 467969     2219.3442   152     2226.5649     2188.1449 24971842    1.73%
 593280 471742     2193.2869   188     2226.5649     2188.1847 25103351    1.72%
Elapsed time = 3191.50 sec. (584888.47 ticks, tree = 38741.96 MB, solutions = 82)
Nodefile size = 36680.25 MB (24538.91 MB after compression)
 600172 481273     2194.6314   205     2226.5649     2188.2157 25433784    1.72%
 606986 487005     2213.8103   125     2226.5649     2188.2353 25600581    1.72%
 613709 490557     2203.7508   156     2226.5649     2188.2728 25707397    1.72%
 620297 498327     2195.8461   179     2226.5649     2188.3053 25969001    1.72%
 627281 505880     2201.2073   209     2226.5649     2188.3401 26221172    1.72%
 633740 508916     2220.8431   274     2226.5649     2188.3684 26327579    1.72%
 640630 516658     2202.4435   207     2226.5649     2188.3961 26591799    1.71%
 647372 523942     2208.3363   215     2226.5649     2188.4251 26820384    1.71%
 653925 528115     2221.1780   162     2226.5649     2188.4702 26969666    1.71%
 660659 533489     2196.1224   228     2226.5649     2188.4999 27147461    1.71%
Elapsed time = 3469.59 sec. (623041.89 ticks, tree = 43849.92 MB, solutions = 82)
Nodefile size = 41778.80 MB (27941.89 MB after compression)
 667229 542690     2206.7496   182     2226.5649     2188.5371 27461780    1.71%
 674273 548520     2210.8664   207     2226.5649     2188.5683 27660994    1.71%
 680778 554828     2223.5316   206     2226.5649     2188.5858 27869232    1.71%
 687319 560409     2212.2407   208     2226.5649     2188.6257 28054018    1.70%
 693915 565567     2189.6148   153     2226.5649     2188.6524 28234220    1.70%
 700555 571796     2203.1504   208     2226.5649     2188.6867 28438706    1.70%
 707358 576961     2206.7155   268     2226.5649     2188.7097 28627208    1.70%
 713878 582231     2223.7975   181     2226.5649     2188.7276 28804456    1.70%
 720747 588765     2209.3068   190     2226.5649     2188.7635 29046267    1.70%
 726828 595931     2211.5876   138     2226.5649     2188.7903 29287357    1.70%
Elapsed time = 3728.84 sec. (661196.43 ticks, tree = 48895.31 MB, solutions = 82)
Nodefile size = 46833.70 MB (31306.49 MB after compression)
 733344 602787     2216.1149   159     2226.5649     2188.8251 29545246    1.69%
 740119 608570     2225.9165   132     2226.5649     2188.8320 29738434    1.69%
 746707 612397     2214.9125   254     2226.5649     2188.8801 29877704    1.69%
