Version identifier: 22.1.1.0 | 2022-11-28 | 9160aff4d
CPXPARAM_TimeLimit                               20400
Tried aggregator 1 time.
MIP Presolve eliminated 18458 rows and 10744 columns.
MIP Presolve modified 12255 coefficients.
Reduced MIP has 10975 rows, 17962 columns, and 59412 nonzeros.
Reduced MIP has 9082 binaries, 8880 generals, 0 SOSs, and 0 indicators.
Presolve time = 0.11 sec. (60.73 ticks)
Probing fixed 161 vars, tightened 38 bounds.
Probing changed sense of 12 constraints.
Probing time = 0.29 sec. (65.51 ticks)
Cover probing fixed 30 vars, tightened 474 bounds.
Tried aggregator 2 times.
Detecting symmetries...
MIP Presolve eliminated 542 rows and 601 columns.
MIP Presolve modified 347 coefficients.
Aggregator did 1 substitutions.
Reduced MIP has 10432 rows, 17360 columns, and 56715 nonzeros.
Reduced MIP has 8889 binaries, 8471 generals, 0 SOSs, and 0 indicators.
Presolve time = 0.13 sec. (69.68 ticks)
Probing fixed 163 vars, tightened 26 bounds.
Probing time = 0.19 sec. (58.45 ticks)
Cover probing fixed 60 vars, tightened 0 bounds.
Clique table members: 13689.
MIP emphasis: balance optimality and feasibility.
MIP search method: dynamic search.
Parallel mode: deterministic, using up to 32 threads.
Root relaxation solution time = 3.60 sec. (400.03 ticks)

        Nodes                                         Cuts/
   Node  Left     Objective  IInf  Best Integer    Best Bound    ItCnt     Gap

      0     0      972.7237   202                    972.7237       23         
      0     0     1056.9554   390                   Cuts: 288     1186         
      0     0     1069.9244   433                   Cuts: 167     1801         
      0     0     1076.9974   468                   Cuts: 107     2340         
      0     0     1079.4858   417                    Cuts: 80     2650         
      0     0     1084.4787   474                    Cuts: 60     2980         
Detecting symmetries...
      0     0     1086.4857   427                    Cuts: 65     3208         
      0     0     1092.4204   470                    Cuts: 50     3641         
      0     0     1093.7633   473                    Cuts: 66     3792         
      0     0     1096.5090   461                    Cuts: 55     4196         
      0     0     1097.5283   469                    Cuts: 41     4299         
      0     0     1098.0744   484                    Cuts: 26     4413         
      0     0     1098.5286   459                    Cuts: 25     4534         
      0     0     1098.7856   488                    Cuts: 16     4596         
      0     0     1099.0172   467                    Cuts: 13     4645         
      0     0     1099.0978   454                    Cuts: 10     4661         
      0     0     1099.2050   451                     Cuts: 9     4684         
Detecting symmetries...
      0     2     1099.2050   451                   1099.2050     4684         
Elapsed time = 18.36 sec. (8385.22 ticks, tree = 0.02 MB, solutions = 0)
      4     6     1106.5288   417                   1099.2955     5248         
     42    37     1104.7021   465                   1100.2287     8226         
    130    65     1114.0620   387                   1101.6839    12835         
    224   123     1109.5183   417                   1101.9282    21334         
    299   243     1179.0681   388                   1101.9282    40809         
    326   302     1127.7952   363                   1101.9282    54041         
    370   330     1155.4519   408                   1101.9282    59307         
    449   355     1221.4122   403                   1101.9282    67103         
    531   436     1151.7440   359                   1101.9282    80948         
    705   610     1140.5948   422                   1101.9282   141055         
Elapsed time = 34.67 sec. (11593.39 ticks, tree = 6.88 MB, solutions = 0)
    896   679     1235.1462   412                   1101.9282   268420         
   1246   832     1405.9887   295                   1103.9009   372416         
   1710   976     1168.5247   392                   1103.9535   418391         
   2120  1278     1233.4149   405                   1104.2631   483734         
   2535  1548     1244.3141   390                   1104.2631   553888         
   2971  1867     1508.6347   350                   1106.4652   620959         
   3399  2034     1117.6642   421                   1106.4652   660019         
   3549  2391     1111.7542   456                   1106.6233   712084         
   3756  2442     1220.9615   397                   1107.9913   730091         
   4367  2622     1384.6239   399                   1108.0490   792776         
Elapsed time = 77.42 sec. (21175.80 ticks, tree = 112.68 MB, solutions = 0)
   5111  3140     1655.5332   330                   1109.9173   853558         
   5870  3484     1358.0789   368                   1109.9238   894508         
   6650  4556     1158.4374   374                   1110.0160   991398         
   7553  4746     1259.2143   449                   1110.0160  1024043         
   8175  5584     1375.3583   295                   1110.0160  1086483         

Performing restart 1

Repeating presolve.
Tried aggregator 1 time.
MIP Presolve eliminated 132 rows and 314 columns.
MIP Presolve modified 521 coefficients.
Reduced MIP has 10300 rows, 17046 columns, and 55806 nonzeros.
Reduced MIP has 8662 binaries, 8384 generals, 0 SOSs, and 0 indicators.
Presolve time = 0.06 sec. (31.11 ticks)
Tried aggregator 1 time.
MIP Presolve eliminated 51 rows and 70 columns.
MIP Presolve modified 194 coefficients.
Reduced MIP has 10249 rows, 16976 columns, and 55588 nonzeros.
Reduced MIP has 8635 binaries, 8341 generals, 0 SOSs, and 0 indicators.
Presolve time = 0.08 sec. (36.63 ticks)
Represolve time = 0.84 sec. (183.31 ticks)
   8361     0     1142.5396   594                   Cuts: 261  1185066         
   8361     0     1165.8239   617                   Cuts: 273  1186409         
   8361     0     1179.2496   683                   Cuts: 310  1187333         
   8361     0     1191.2035   640                   Cuts: 272  1188078         
   8361     0     1201.8477   688                   Cuts: 249  1188939         
   8361     0     1207.0439   701                   Cuts: 295  1189572         
   8361     0     1210.2182   742                   Cuts: 233  1190164         
   8361     0     1213.2106   714                   Cuts: 215  1190714         
   8361     0     1217.3596   766                   Cuts: 221  1191338         
   8361     0     1220.5546   776                   Cuts: 210  1191830         
   8361     0     1221.2588   777                   Cuts: 140  1192133         
   8361     0     1221.9242   767                   Cuts: 101  1192398         
   8361     0     1222.2867   782                    Cuts: 96  1192602         
   8361     0     1222.6587   757                    Cuts: 78  1192826         
   8361     0     1222.8527   772                    Cuts: 65  1193005         
   8361     0     1223.0127   771                    Cuts: 56  1193130         
   8361     0     1223.2950   773                    Cuts: 55  1193300         
   8361     0     1223.6573   774                    Cuts: 70  1193473         
   8361     0     1223.9514   757                    Cuts: 78  1193610         
   8361     0     1224.0968   766                    Cuts: 53  1193736         
   8361     0     1224.1672   771                    Cuts: 46  1193800         
   8361     0     1224.2839   778                    Cuts: 56  1193908         
   8361     0     1224.3638   671                    Cuts: 39  1194022         
   8361     0     1224.3793   779                    Cuts: 31  1194062         
   8361     0     1224.4118   793                    Cuts: 24  1194140         
   8361     2     1224.4118   793                   1224.4118  1194140         
   8362     3     1226.2910   653                   1226.2921  1194790         
   8363     3     1240.2153   740                   1226.2921  1195174         
   8364     4     1227.4060   778                   1227.4081  1195262         
   8366     5     1250.4017   739                   1227.4081  1196853         
Elapsed time = 192.05 sec. (80364.96 ticks, tree = 0.02 MB, solutions = 0)
   8367     6     1256.5572   537                   1227.4081  1197600         
   8370     9     1292.8086   565                   1228.9628  1200437         
   8375    11     1230.6867   760                   1230.6871  1201552         
   8379    10     1257.2881   735                   1230.6871  1200867         
   8382    12     1292.9648   619                   1230.6871  1210455         
   8389    16     1255.5203   582                   1230.6871  1206779         
   8400    16     1252.7367   744                   1230.6871  1209678         
   8411    15     1230.7242   759                   1230.6931  1208309         
   8426    22     1303.6256   554                   1230.6931  1249022         
   8436    20     1304.1424   540                   1230.6931  1237749         
Elapsed time = 232.61 sec. (94480.97 ticks, tree = 0.02 MB, solutions = 0)
   8452    23    infeasible                         1230.7245  1319642         
   8473    32     1251.4540   615                   1230.7245  1376948         
   8504    37     1257.0237   747                   1232.0535  1390601         
   8527    33     1393.2942   540                   1232.0756  1382751         
   8572    46     1262.1211   563                   1232.0756  1419362         
   8609    55     1450.9341   548                   1232.0756  1459154         
   8640    80     1266.0121   584                   1232.0756  1500517         
   8706    90     1403.1058   596                   1232.0756  1506623         
   8784   134     1349.4504   397                   1232.0756  1542760         
   8855   188     1453.7893   557                   1232.0756  1571795         
Elapsed time = 282.05 sec. (104442.36 ticks, tree = 2.98 MB, solutions = 0)
   8950   194     1267.8446   714                   1232.0756  1576717         
   9087   233     1456.7880   500                   1232.0756  1589740         
   9258   225     1418.1653   500                   1232.0756  1587351         
   9403   316     1325.2922   459                   1232.0756  1612063         
   9524   448     1561.1523   503                   1232.0756  1657894         
   9617   541    infeasible                         1232.0756  1684610         
   9676   762     1274.5220   567                   1232.0756  1747298         
   9737   733     1378.7204   506                   1245.4597  1732471         
   9809   801     1352.7962   353                   1245.4597  1816488         
   9890   849     1374.1275   473                   1245.4597  1860860         
Elapsed time = 339.53 sec. (114154.51 ticks, tree = 25.88 MB, solutions = 0)
  10022   851     1404.1808   482                   1245.4597  1866342         
  10181   855     1426.2676   617                   1245.4597  1879166         
  10386   875     1346.6268   511                   1245.4597  1910277         
  10620  1030     1355.0834   578                   1245.4597  1964236         
  10889   899     1522.5326   367                   1258.4632  1927224         
  11132  1406     1483.5919   474                   1258.4632  2047903         
  11372  1492     1346.1214   548                   1258.4632  2068230         
  11584  1447     1370.7367   539                   1258.4632  2062292         
  11836  1899    infeasible                         1264.2110  2165865         
  12000  2072    infeasible                         1268.0409  2203570         
Elapsed time = 388.70 sec. (123747.78 ticks, tree = 116.95 MB, solutions = 0)
  12117  2180    infeasible                         1268.0409  2233110         
  12181  1684    infeasible                         1268.1392  2128059         
  12262  2303     1510.9747   523                   1268.1392  2262123         
  12338  2124     1321.1571   551                   1268.1392  2221342         
  12419  2300    infeasible                         1268.1392  2336773         
  12515  2336     1536.4073   377                   1268.1392  2303718         
  12596  2331    infeasible                         1284.8954  2422164         
  12681  2325     1319.7153   581                   1284.8954  2425788         
  12766  2283     1338.3589   526                   1284.8954  2465170         
  12856  2323     1306.4981   610                   1284.8954  2484137         
Elapsed time = 446.00 sec. (133410.66 ticks, tree = 136.44 MB, solutions = 0)
  13019  2319     1366.4648   534                   1290.4640  2443405         
  13240  2354     1335.2230   430                   1290.4640  2516389         
  13497  2386     1319.0907   508                   1290.4769  2510888         
  13760  2541     2120.2548   356                   1290.4769  2640139         
  14072  2806     1363.8298   460                   1290.4769  2693196         
  14388  2419     1373.8495   437                   1290.4769  2605821         
  14712  2908     1370.0792   414                   1293.9788  2723903         
  14964  3246     1529.9221   441                   1293.9788  2785918         
  15226  3518     2235.5223   185                   1293.9788  2825827         
  15484  3257     1349.4005   552                   1297.7126  2788407         
Elapsed time = 496.55 sec. (142991.39 ticks, tree = 181.68 MB, solutions = 0)
  15792  3877    infeasible                         1297.7126  2916827         
  15969  3939    infeasible                         1300.0805  2939883         
  16112  3639     1349.5260   592                   1300.0805  2854602         
  16196  4016    infeasible                         1302.5893  2974890         
  16266  3919     1349.5496   487                   1302.5893  2937075         
  16350  4147     2313.2128   122                   1302.5893  2984799         
  16443  4233     2297.3233   128                   1302.5893  3146884         
  16537  4220    infeasible                         1302.5893  3072040         
  16617  4237     1428.3790   383                   1302.5893  3023946         
  16970  4177     2370.2201   108                   1302.5893  3280779         
Elapsed time = 572.34 sec. (155466.64 ticks, tree = 266.66 MB, solutions = 0)
  17195  4124     1459.6130   392                   1302.5893  3330822         

Performing restart 2

Repeating presolve.
Tried aggregator 1 time.
MIP Presolve eliminated 102 rows and 127 columns.
MIP Presolve modified 628 coefficients.
Reduced MIP has 10147 rows, 16849 columns, and 59170 nonzeros.
Reduced MIP has 8610 binaries, 8239 generals, 0 SOSs, and 0 indicators.
Presolve time = 0.06 sec. (30.77 ticks)
Tried aggregator 1 time.
MIP Presolve eliminated 216 rows and 302 columns.
MIP Presolve modified 567 coefficients.
Reduced MIP has 9931 rows, 16547 columns, and 58309 nonzeros.
Reduced MIP has 8523 binaries, 8024 generals, 0 SOSs, and 0 indicators.
Presolve time = 0.06 sec. (33.14 ticks)
Tried aggregator 1 time.
MIP Presolve eliminated 222 rows and 287 columns.
MIP Presolve modified 1318 coefficients.
Reduced MIP has 9709 rows, 16260 columns, and 57518 nonzeros.
Reduced MIP has 8456 binaries, 7804 generals, 0 SOSs, and 0 indicators.
Presolve time = 0.09 sec. (41.49 ticks)
Represolve time = 2.14 sec. (692.54 ticks)
  17209     0     1229.1433   830                   Cuts: 159  3515713         
  17209     0     1230.3411   694                    Cuts: 95  3516200         
  17209     0     1234.9864   659                    Cuts: 84  3516714         
  17209     0     1236.8332   753                   Cuts: 162  3517202         
  17209     0     1237.6087   658                   Cuts: 139  3517576         
  17209     0     1240.5926   773                   Cuts: 100  3518188         
  17209     0     1242.6406   682                   Cuts: 129  3518567         
  17209     0     1243.2793   782                   Cuts: 162  3518835         
  17209     0     1243.8637   780                   Cuts: 112  3519086         
  17209     0     1245.9449   778                    Cuts: 93  3519664         

Repeating presolve.
Tried aggregator 1 time.
MIP Presolve eliminated 280 rows and 371 columns.
MIP Presolve modified 2494 coefficients.
Reduced MIP has 9429 rows, 15889 columns, and 64528 nonzeros.
Reduced MIP has 8365 binaries, 7524 generals, 0 SOSs, and 0 indicators.
Presolve time = 0.13 sec. (67.39 ticks)
Tried aggregator 1 time.
MIP Presolve eliminated 11 rows and 22 columns.
Reduced MIP has 9418 rows, 15867 columns, and 64443 nonzeros.
Reduced MIP has 8354 binaries, 7513 generals, 0 SOSs, and 0 indicators.
Presolve time = 0.09 sec. (40.09 ticks)
Represolve time = 1.38 sec. (512.53 ticks)
  17209     0     1249.2874   748                   Cuts: 158  3538025         
  17209     0     1250.3890   761                   Cuts: 246  3538498         
  17209     0     1251.7579   672                   Cuts: 117  3538992         
  17209     0     1252.6067   766                   Cuts: 104  3539357         
  17209     0     1253.1622   693                    Cuts: 95  3539661         
  17209     0     1253.6014   768                   Cuts: 105  3539940         
  17209     0     1253.9814   758                    Cuts: 50  3540118         
  17209     0     1254.2400   759                   Cuts: 104  3540270         
  17209     0     1254.4235   790                    Cuts: 56  3540478         
  17209     0     1254.7756   779                    Cuts: 64  3540701         
  17209     0     1254.9566   646                    Cuts: 69  3540828         
  17209     0     1255.1126   780                    Cuts: 60  3541011         
  17209     2     1255.1126   780                   1302.5893  3541011         
  17212     5     1257.0446   773                   1302.5893  3541974         
  17216     5     1270.8929   728                   1302.5893  3542429         
  17222     7     1272.8256   730                   1302.5893  3552553         
  17231     9     1493.4800   447                   1302.5893  3565692         
  17287    19     1282.6855   606                   1302.5893  3623299         
  17413    12     1506.8045   443                   1302.5893  3623526         
  17671   141     1379.3075   489                   1302.5893  3861698         
  17923   258     1475.3792   510                   1302.5893  3955272         
Elapsed time = 828.37 sec. (264852.20 ticks, tree = 3.07 MB, solutions = 0)
  18237   454     1535.1128   484                   1302.5893  4148609         
  18534   561     1351.6047   625                   1302.5893  4301173         
  18901   673     1610.8017   475                   1302.5893  4446094         
  19155   820     1448.0366   538                   1302.5893  4703511         
  19555   879     1734.5400   324                   1302.5893  4772753         
  20041  1125     1330.7135   635                   1302.5893  5030430         
  20504  1384     2381.8680   173                   1302.5893  5212610         
  20956  1400    infeasible                         1302.5893  5286454         
  21320  1807     1617.4760   439                   1302.5893  5574423         
  21960  1900     1960.1378   374                   1302.5893  5661091         
Elapsed time = 1067.19 sec. (303133.94 ticks, tree = 62.10 MB, solutions = 0)
  22745  2267     1621.2766   428                   1302.5893  5898321         
  23490  2744     1976.4800   153                   1302.5893  6070765         
  24193  3383     2539.2121   105                   1302.5893  6308376         
  24648  3950     1521.8736   597                   1302.5893  6583654         
  25272  4058     2192.2286    65                   1302.5893  6664300         
* 25972+ 4266                         2282.6897     1302.5893            42.94%
  26288  3448     2196.6973    36     2282.6897     1302.5893  6869586   42.94%
* 26955+ 3485                         2280.3194     1302.5893            42.88%
  27344  3785     2246.3728   149     2280.3194     1302.5893  6995402   42.88%
  28324  4624     1931.8361   150     2280.3194     1318.5705  7310302   42.18%
  29528  4885     2033.1109   129     2280.3194     1318.5705  7394875   42.18%
* 29702+ 5220                         2272.6057     1318.5705            41.98%
  30348  6019    infeasible           2272.6057     1318.5705  7656865   41.98%
Elapsed time = 1290.90 sec. (341328.47 ticks, tree = 342.58 MB, solutions = 3)
* 31610+ 6792                         2171.9639     1343.6238            38.14%
  31642  6389     2104.5470   120     2171.9639     1343.6238  7741537   38.14%
* 31982+ 6978                         2043.3645     1343.6238            34.24%
* 32535+ 4292                         2034.6619     1343.6238            33.96%
  33211  4776     1979.5998   256     2034.6619     1402.6398  8044535   31.06%
* 33789+ 4422                         2026.2720     1402.6398            30.78%
  34661  5260     1934.6823   108     2026.2720     1447.9360  8146926   28.54%
* 35731+ 6300                         2024.3555     1464.4785            27.66%
  35793  6590     1875.3893   267     2024.3555     1464.4785  8483329   27.66%
* 35815+ 6333                         2009.7778     1464.4785            27.13%
  37049  6243     1959.3479   289     2009.7778     1472.4561  8543404   26.74%
* 37098+ 6719                         1973.7346     1472.4561            25.40%
* 37589+ 7091                         1940.0457     1477.5492            23.84%
  37742  4407     1612.0426   342     1940.0457     1480.7453  8827187   23.67%
* 38700+ 4583                         1894.8771     1480.7453            21.86%
  38928  3585    infeasible           1894.8771     1480.7453  8989030   21.86%
  39685  3727     1587.1688   421     1894.8771     1535.4134  9035664   18.97%
  40322  3958     1729.2662   349     1894.8771     1553.3115  9300150   18.03%
  40749  4143    infeasible           1894.8771     1562.8844  9507527   17.52%
Elapsed time = 1498.97 sec. (379514.39 ticks, tree = 190.30 MB, solutions = 18)
  41066  4221        cutoff           1894.8771     1573.4799  9700182   16.96%
  41441  4175     1623.7609   434     1894.8771     1578.6266  9911618   16.69%
  41929  4128     1802.4210   417     1894.8771     1583.3458 10152121   16.44%
  42386  4121     1745.7127   456     1894.8771     1591.7006 10181779   16.00%
  42736  4054        cutoff           1894.8771     1600.5643 10550951   15.53%
  43077  4028     1825.0169   373     1894.8771     1600.6512 10612821   15.53%
  43517  3907     1836.0432   260     1894.8771     1608.8827 10796206   15.09%
* 43839+ 3853                         1887.9094     1608.8827            14.78%
* 43842+ 3853                         1887.5686     1608.8827            14.76%
* 43842+ 3853                         1887.5264     1608.8827            14.76%
  44054  3851     1883.7654   248     1887.5264     1608.8827 11041115   14.76%
  44769  3447    infeasible           1887.5264     1639.9562 11229142   13.12%
* 44972+ 3500                         1884.7990     1645.6082            12.69%
  45314  3567     1874.1648   333     1884.7990     1651.9371 11425116   12.35%
Elapsed time = 1708.11 sec. (417780.96 ticks, tree = 156.42 MB, solutions = 22)
  45769  3623     1864.6259   290     1884.7990     1670.3803 11521906   11.38%
  46272  3523        cutoff           1884.7990     1676.0854 11831022   11.07%
  46724  3481     1763.3532   458     1884.7990     1697.0551 11977346    9.96%
  47134  3368     1813.4418   300     1884.7990     1717.9809 12133688    8.85%
* 47685+ 3127                         1849.6710     1732.6974             6.32%
* 47694+ 3125                         1845.3268     1732.6974             6.10%
* 47715+ 3125                         1845.2846     1732.6974             6.10%
* 47715+ 3125                         1844.9284     1732.6974             6.08%
  47758  3261     1868.6523   187     1844.9284     1734.0660 12280248    6.01%
* 48074+ 1580                         1842.4583     1749.1834             5.06%
  49796  1485     1839.6761   305     1842.4583     1764.8006 12429698    4.21%
* 51888+ 1529                         1841.5446     1778.2062             3.44%
* 51948+ 1528                         1841.1615     1778.2062             3.42%
* 51970+ 1527                         1839.7095     1778.2062             3.34%
* 52578+ 1625                         1838.3904     1778.2062             3.27%
* 52942+ 2345                         1835.6416     1783.2478             2.85%
  53814  1866     1828.8829   215     1835.6416     1788.1838 12562062    2.59%
  57748  5082     1821.5803   243     1835.6416     1790.2476 12770062    2.47%
  62285  8605     1827.6654   304     1835.6416     1793.5189 12989226    2.29%
  67092 11050     1820.7084   257     1835.6416     1795.7854 13107375    2.17%
Elapsed time = 1918.18 sec. (456008.94 ticks, tree = 760.95 MB, solutions = 36)
  72245 13856     1815.7551   294     1835.6416     1797.3129 13237613    2.09%
* 76853+18407                         1835.6199     1798.1097             2.04%
  77322 19083     1833.6343   195     1835.6199     1798.1097 13482551    2.04%
  82174 23917     1816.6875   246     1835.6199     1798.8599 13705179    2.00%
  87150 30476     1821.1061   250     1835.6199     1799.6272 14009901    1.96%
* 87984+31608                         1833.9222     1799.7027             1.87%
  92275 31976     1824.4336   239     1833.9222     1800.1948 14078590    1.84%
  97169 36247     1827.2927   204     1833.9222     1800.4846 14315169    1.82%
 102164 41636     1832.4488   172     1833.9222     1800.9211 14563891    1.80%
 107181 43855     1821.8064   277     1833.9222     1801.3213 14672641    1.78%
 112176 48633     1827.4729   327     1833.9222     1801.6319 14899923    1.76%
 117180 52516     1820.8387   309     1833.9222     1801.8830 15085487    1.75%
Elapsed time = 2151.74 sec. (494165.71 ticks, tree = 4863.77 MB, solutions = 38)
Nodefile size = 2790.74 MB (1859.91 MB after compression)
 122178 57208     1810.4023   339     1833.9222     1802.1299 15315505    1.73%
 126984 66212     1821.6074   271     1833.9222     1802.3501 15778443    1.72%
*128860+64896                         1833.8258     1802.4119             1.71%
 132034 69433     1822.9200   292     1833.8258     1802.4995 15956792    1.71%
 137177 74401     1829.4974   206     1833.8258     1802.7543 16209930    1.69%
 142176 79135     1831.0973   216     1833.8258     1802.9305 16459347    1.68%
*145501+80592                         1833.4609     1803.0151             1.66%
 147153 82188     1830.3497   202     1833.4609     1803.0501 16613303    1.66%
 152227 82568     1818.3084   298     1833.4609     1803.2367 16629935    1.65%
 157270 89265     1816.6612   293     1833.4609     1803.3602 16987010    1.64%
 162218 90299     1818.0414   326     1833.4609     1803.4774 17036406    1.64%
 167277 95269     1830.4966   215     1833.4609     1803.6491 17289624    1.63%
Elapsed time = 2380.36 sec. (532319.97 ticks, tree = 9137.57 MB, solutions = 42)
Nodefile size = 7059.00 MB (4701.05 MB after compression)
 172249 102713     1806.9216   288     1833.4609     1803.7576 17680881    1.62%
 177158 103955     1821.0550   327     1833.4609     1803.8864 17739788    1.61%
 182063 108961     1824.1883   240     1833.4609     1804.0071 17998097    1.61%
 186899 115097     1822.2900   348     1833.4609     1804.1473 18316645    1.60%
 191803 118021        cutoff           1833.4609     1804.3001 18474027    1.59%
 196906 122729     1826.4141   207     1833.4609     1804.4292 18725348    1.58%
 201716 128262        cutoff           1833.4609     1804.5509 19001018    1.58%
 206780 128987     1827.6351   181     1833.4609     1804.6771 19040882    1.57%
 211572 133123     1816.2188   314     1833.4609     1804.8070 19259938    1.56%
 216242 137597        cutoff           1833.4609     1804.8770 19501988    1.56%
Elapsed time = 2611.47 sec. (570472.31 ticks, tree = 13423.50 MB, solutions = 42)
Nodefile size = 11345.55 MB (7555.14 MB after compression)
 221194 140971     1828.2519   270     1833.4609     1805.0250 19684827    1.55%
 226040 146843     1812.2157   303     1833.4609     1805.1749 20005630    1.54%
 231126 151524        cutoff           1833.4609     1805.2752 20263479    1.54%
 236214 154981     1828.4647   237     1833.4609     1805.3751 20448790    1.53%
 240965 161002     1828.1917   332     1833.4609     1805.4890 20782089    1.53%
 245851 166176     1829.7847   257     1833.4609     1805.5777 21067958    1.52%
 250571 167709        cutoff           1833.4609     1805.7027 21152373    1.51%
 255531 172189     1831.9712   303     1833.4609     1805.8388 21409277    1.51%
 260368 174457     1825.2929   313     1833.4609     1805.9223 21531375    1.50%
 265288 177218     1819.9682   302     1833.4609     1806.0422 21682260    1.50%
Elapsed time = 2837.67 sec. (608624.07 ticks, tree = 17477.67 MB, solutions = 42)
Nodefile size = 15403.06 MB (10254.84 MB after compression)
 270064 184777     1815.8117   269     1833.4609     1806.1386 22090718    1.49%
 274796 186728     1811.8122   305     1833.4609     1806.1898 22205758    1.49%
 279608 192841        cutoff           1833.4609     1806.3061 22547481    1.48%
 284578 198926     1828.4346   302     1833.4609     1806.4209 22890411    1.47%
 289498 200519     1827.0499   244     1833.4609     1806.4961 22973061    1.47%
 294747 205049     1829.2241   317     1833.4609     1806.5756 23226056    1.47%
 299848 210809     1819.2001   298     1833.4609     1806.6854 23537533    1.46%
 304764 213687     1824.1368   273     1833.4609     1806.7805 23697924    1.46%
 309607 214004     1819.9049   335     1833.4609     1806.8715 23714174    1.45%
 314592 221794     1819.5809   250     1833.4609     1806.9636 24151047    1.45%
Elapsed time = 3063.11 sec. (646776.95 ticks, tree = 22048.41 MB, solutions = 42)
Nodefile size = 19982.05 MB (13302.89 MB after compression)
 319468 224574     1828.3695   301     1833.4609     1807.0564 24308223    1.44%
 324327 226160     1813.6143   274     1833.4609     1807.1511 24404271    1.43%
 329417 231137     1833.3659   210     1833.4609     1807.2304 24687407    1.43%
 334412 237231     1819.8771   295     1833.4609     1807.3372 25029005    1.42%
 339173 242679    infeasible           1833.4609     1807.4279 25349709    1.42%
 344024 244996     1824.9356   272     1833.4609     1807.4990 25494099    1.42%
 349027 244968     1823.8446   289     1833.4609     1807.5843 25492366    1.41%
 353708 249796     1825.5997   259     1833.4609     1807.6674 25786441    1.41%
 358620 255675     1827.5506   317     1833.4609     1807.7519 26134481    1.40%
 363616 256978     1823.6719   312     1833.4609     1807.8258 26209881    1.40%
Elapsed time = 3284.32 sec. (684933.24 ticks, tree = 25665.75 MB, solutions = 42)
Nodefile size = 23588.82 MB (15703.76 MB after compression)
 368404 263527     1823.6622   255     1833.4609     1807.9071 26596767    1.39%
 373208 266592     1826.4898   214     1833.4609     1808.0022 26786791    1.39%
 378151 272382     1812.2813   256     1833.4609     1808.0793 27127833    1.38%
 383047 274055     1809.1317   259     1833.4609     1808.1424 27219550    1.38%
 387879 277116     1827.3874   245     1833.4609     1808.2098 27408746    1.38%
 392676 282419     1823.1843   262     1833.4609     1808.2979 27719417    1.37%
 397739 286322     1829.7993   221     1833.4609     1808.3861 27959971    1.37%
 402442 287815     1825.0651   326     1833.4609     1808.4438 28051204    1.36%
 407270 291054     1816.6921   292     1833.4609     1808.5023 28238323    1.36%
 412120 294806        cutoff           1833.4609     1808.5921 28471007    1.36%
Elapsed time = 3509.07 sec. (723091.77 ticks, tree = 29559.91 MB, solutions = 42)
Nodefile size = 27484.30 MB (18296.11 MB after compression)
 416584 300985     1819.4691   377     1833.4609     1808.6775 28839813    1.35%
 421448 305211     1818.8260   338     1833.4609     1808.7335 29096883    1.35%
 426396 305735     1814.5197   307     1833.4609     1808.7975 29125226    1.35%
 431266 309975     1832.7213   340     1833.4609     1808.8669 29389882    1.34%
 436119 314715     1812.0029   353     1833.4609     1808.9292 29683334    1.34%
 441155 319838     1827.0813   337     1833.4609     1808.9882 30002500    1.33%
 446106 321283     1824.5843   311     1833.4609     1809.0464 30088613    1.33%
 451033 327599     1819.0818   279     1833.4609     1809.1249 30474238    1.33%
 455832 330128     1815.8458   323     1833.4609     1809.1872 30629131    1.32%
 460574 334839     1830.2172   200     1833.4609     1809.2542 30911186    1.32%
Elapsed time = 3729.25 sec. (761246.61 ticks, tree = 33687.26 MB, solutions = 42)
Nodefile size = 31622.81 MB (21050.98 MB after compression)
 465307 337729     1813.0470   364     1833.4609     1809.3161 31099023    1.32%
 470241 342986     1812.2363   274     1833.4609     1809.3800 31428698    1.31%
 475226 345402     1825.2531   258     1833.4609     1809.4439 31579355    1.31%
 480187 350227     1832.9039   281     1833.4609     1809.5130 31868700    1.31%
 485166 351010        cutoff           1833.4609     1809.5756 31921821    1.30%
 490078 356817     1828.1976   327     1833.4609     1809.6321 32284746    1.30%
 494853 360392     1832.5844   308     1833.4609     1809.7064 32517377    1.30%
 499407 361774     1832.9814   263     1833.4609     1809.7697 32610232    1.29%
 503853 368180     1826.9075   188     1833.4609     1809.8269 33023369    1.29%
 508733 371462     1833.1102   330     1833.4609     1809.8894 33224394    1.29%
Elapsed time = 3947.47 sec. (799400.08 ticks, tree = 37465.91 MB, solutions = 42)
Nodefile size = 35403.63 MB (23566.54 MB after compression)
 513621 371420     1826.4038   326     1833.4609     1809.9494 33223084    1.28%
 518477 379139     1827.0802   309     1833.4609     1810.0109 33707387    1.28%
 523343 380026     1823.4218   267     1833.4609     1810.0664 33769248    1.28%
 528087 382206     1829.9257   261     1833.4609     1810.1253 33908977    1.27%
 532874 389303     1825.4762   275     1833.4609     1810.1739 34380705    1.27%
 537621 391944        cutoff           1833.4609     1810.2296 34554403    1.27%
 542507 393153        cutoff           1833.4609     1810.2965 34635002    1.26%
 547277 397138     1831.1341   306     1833.4609     1810.3482 34896513    1.26%
 552206 402348     1825.2911   380     1833.4609     1810.4176 35247231    1.26%
 557164 406313     1826.7979   241     1833.4609     1810.4710 35502928    1.25%
Elapsed time = 4161.82 sec. (837552.41 ticks, tree = 41065.68 MB, solutions = 42)
Nodefile size = 39001.74 MB (25960.58 MB after compression)
 562058 409704     1823.3273   350     1833.4609     1810.5322 35722907    1.25%
 567180 411805     1821.8890   294     1833.4609     1810.5952 35846701    1.25%
 571978 415622        cutoff           1833.4609     1810.6438 36079818    1.24%
 576847 419779        cutoff           1833.4609     1810.6986 36345665    1.24%
 581768 424192     1823.0087   315     1833.4609     1810.7477 36627299    1.24%
 586629 427542     1831.0144   321     1833.4609     1810.8019 36843239    1.24%
 591410 429552     1828.4761   255     1833.4609     1810.8570 36974093    1.23%
 595984 431781     1823.6325   330     1833.4609     1810.9078 37120258    1.23%
 600897 436829     1815.5440   319     1833.4609     1810.9663 37447745    1.23%
 605942 438713        cutoff           1833.4609     1811.0040 37578088    1.22%
Elapsed time = 4375.36 sec. (875705.56 ticks, tree = 44067.62 MB, solutions = 42)
Nodefile size = 41991.60 MB (27937.78 MB after compression)
 610686 444524     1814.9268   330     1833.4609     1811.0655 37952283    1.22%
 615653 446619     1830.7945   222     1833.4609     1811.1211 38086351    1.22%
 620570 450539     1826.1395   268     1833.4609     1811.1701 38336265    1.22%
 625515 454038     1827.8641   315     1833.4609     1811.2185 38562858    1.21%
 630487 457343     1827.7280   304     1833.4609     1811.2594 38769167    1.21%
 635387 462154     1832.6204   206     1833.4609     1811.3065 39077679    1.21%
 640285 466711     1827.1752   165     1833.4609     1811.3530 39377317    1.21%
 644574 470355     1832.9804   324     1833.4609     1811.4037 39621393    1.20%
 649237 470106     1831.1487   220     1833.4609     1811.4583 39605093    1.20%
 654032 474361        cutoff           1833.4609     1811.5033 39895097    1.20%
Elapsed time = 4592.72 sec. (913863.50 ticks, tree = 47713.98 MB, solutions = 42)
Nodefile size = 45645.61 MB (30362.95 MB after compression)
 658684 479953     1822.9145   207     1833.4609     1811.5596 40242716    1.19%
 663335 482658        cutoff           1833.4609     1811.6090 40438620    1.19%
